<?xml version="1.0" encoding="UTF-8"?>
<!-- Generated by org.testng.reporters.JUnitReportReporter -->
<testsuite hostname="OB-Sum" failures="0" tests="1" name="VATPhase3_Banking_allocateToExp.ScriptVATReturn3stVATReturnReport_FlatToNoVAT_DefaultProfile_3" time="47.918" errors="0" timestamp="2021-12-19T01:41:01 IST" skipped="0">
  <testcase classname="VATPhase3_Banking_allocateToExp.ScriptVATReturn3stVATReturnReport_FlatToNoVAT_DefaultProfile_3" name="GoToUrlAssertUrlPositiveEnterUserNamePositiveEnterPasswordClickLoginButtonGoToUrlAssertUrlCl" time="47.918"/>
  <system-out/>
</testsuite> <!-- VATPhase3_Banking_allocateToExp.ScriptVATReturn3stVATReturnReport_FlatToNoVAT_DefaultProfile_3 -->
