<?xml version="1.0" encoding="UTF-8"?>
<!-- Generated by org.testng.reporters.JUnitReportReporter -->
<testsuite hostname="OB-Sum" failures="0" tests="1" name="SaleDashboardTest.TC06TransactionBookStatus" time="54.818" errors="0" timestamp="2021-10-22T00:15:51 IST" skipped="0">
  <testcase classname="SaleDashboardTest.TC06TransactionBookStatus" name="saleinvoice1GoToUrlAssertUrlPositiveEnternLOGINPositiveEnternPASSClickLoginGoToUrlAssertUrl1" time="54.818"/>
  <system-out/>
</testsuite> <!-- SaleDashboardTest.TC06TransactionBookStatus -->
