<?xml version="1.0" encoding="UTF-8"?>
<!-- Generated by org.testng.reporters.JUnitReportReporter -->
<testsuite hostname="OB-Sum" failures="0" tests="1" name="ExpenceRemSToFlat.ScriptPostVATReturn3stVATReturnReport_DefaultProfile" time="45.989" errors="0" timestamp="2021-12-19T01:41:00 IST" skipped="0">
  <testcase classname="ExpenceRemSToFlat.ScriptPostVATReturn3stVATReturnReport_DefaultProfile" name="GoToUrlAssertUrlPositiveEnterUserNamePositiveEnterPasswordClickLoginButtonGoToUrlAssertUrlCl" time="45.989"/>
  <system-out/>
</testsuite> <!-- ExpenceRemSToFlat.ScriptPostVATReturn3stVATReturnReport_DefaultProfile -->
