<?xml version="1.0" encoding="UTF-8"?>
<!-- Generated by org.testng.reporters.JUnitReportReporter -->
<testsuite hostname="OB-Yogesh" failures="0" tests="1" name="Supplier_test.ScriptEditSettingToVATType_DefaultProfile" time="74.451" errors="0" timestamp="2021-04-14T22:18:12 IST" skipped="0">
  <testcase classname="Supplier_test.ScriptEditSettingToVATType_DefaultProfile" name="GoToUrlAssertUrlPositiveEnterUserNamePositiveEnterPasswordClickLoginButtonGoToUrlAssertUrlCl2" time="74.451"/>
  <system-out/>
</testsuite> <!-- Supplier_test.ScriptEditSettingToVATType_DefaultProfile -->
