<?xml version="1.0" encoding="UTF-8"?>
<!-- Generated by org.testng.reporters.JUnitReportReporter -->
<testsuite hostname="OB-Yogesh" failures="0" tests="1" name="tests.ScriptPostVATReturn3stVATReturnReport_SToNOVAT_DefaultProfile" time="36.583" errors="0" timestamp="2021-02-17T01:44:44 IST" skipped="0">
  <testcase classname="tests.ScriptPostVATReturn3stVATReturnReport_SToNOVAT_DefaultProfile" name="GoToUrlAssertUrlPositiveEnterUserNamePositiveEnterPasswordClickLoginButtonGoToUrlAssertUrlCl" time="36.583"/>
  <system-out/>
</testsuite> <!-- tests.ScriptPostVATReturn3stVATReturnReport_SToNOVAT_DefaultProfile -->
