<?xml version="1.0" encoding="UTF-8"?>
<!-- Generated by org.testng.reporters.JUnitReportReporter -->
<testsuite hostname="OB-Sum" failures="0" tests="6" name="Supplier_FRSToFRSP.ScriptDebitNoteFRSToFRSP_DefaultProfile" time="351.503" errors="0" timestamp="2021-12-09T11:24:15 IST" skipped="0">
  <testcase classname="Supplier_FRSToFRSP.ScriptDebitNoteFRSToFRSP_DefaultProfile" name="GoToUrlAssertUrlPositiveEnterUserNamePositiveEnterPasswordClickLoginButtonGoToUrlAssertUrlCl5" time="58.384"/>
  <system-out/>
  <testcase classname="Supplier_FRSToFRSP.ScriptDebitNoteFRSToFRSP_DefaultProfile" name="GoToUrlAssertUrlPositiveEnterUserNamePositiveEnterPasswordClickLoginButtonGoToUrlAssertUrlCl1" time="58.850"/>
  <system-out/>
  <testcase classname="Supplier_FRSToFRSP.ScriptDebitNoteFRSToFRSP_DefaultProfile" name="GoToUrlAssertUrlPositiveEnterUserNamePositiveEnterPasswordClickLoginButtonGoToUrlAssertUrlCl6" time="59.152"/>
  <system-out/>
  <testcase classname="Supplier_FRSToFRSP.ScriptDebitNoteFRSToFRSP_DefaultProfile" name="GoToUrlAssertUrlPositiveEnterUserNamePositiveEnterPasswordClickLoginButtonGoToUrlAssertUrlCl2" time="57.163"/>
  <system-out/>
  <testcase classname="Supplier_FRSToFRSP.ScriptDebitNoteFRSToFRSP_DefaultProfile" name="GoToUrlAssertUrlPositiveEnterUserNamePositiveEnterPasswordClickLoginButtonGoToUrlAssertUrlCl4" time="56.801"/>
  <system-out/>
  <testcase classname="Supplier_FRSToFRSP.ScriptDebitNoteFRSToFRSP_DefaultProfile" name="GoToUrlAssertUrlPositiveEnterUserNamePositiveEnterPasswordClickLoginButtonGoToUrlAssertUrlCl3" time="61.153"/>
  <system-out/>
</testsuite> <!-- Supplier_FRSToFRSP.ScriptDebitNoteFRSToFRSP_DefaultProfile -->
