<?xml version="1.0" encoding="UTF-8"?>
<!-- Generated by org.testng.reporters.JUnitReportReporter -->
<testsuite hostname="OB-Sum" failures="0" tests="2" name="Test_Balance_RE_Jour_Bank_Supp_3.TC_20_2_BS_DEBTOR_1401_1402_With_Journal_Bank" time="134.979" errors="0" timestamp="2022-02-19T09:42:02 IST" skipped="0">
  <testcase classname="Test_Balance_RE_Jour_Bank_Supp_3.TC_20_2_BS_DEBTOR_1401_1402_With_Journal_Bank" name="GoToUrlAssertUrlPositiveEnternLOGINPositiveEnternPASSClickLoginGoToUrlAssertUrlClickAgentsP1" time="61.724"/>
  <system-out>
    <![CDATA[ledger 1 entered :1401 - Unprocessed Transactions
ledger 2 entered :1402 - Unbanked Cheques
Ledger code verified: Unprocessed Transactions
Amount enter verified: 1,000.00
Ledger code verified: Unbanked Cheques
Amount enter verified: (1,000.00)
Enteries are Verified on Balance Sheet Report page :]]>
  </system-out>
  <testcase classname="Test_Balance_RE_Jour_Bank_Supp_3.TC_20_2_BS_DEBTOR_1401_1402_With_Journal_Bank" name="GoToUrlAssertUrlPositiveEnternLOGINPositiveEnternPASSClickLoginGoToUrlAssertUrlClickAgentsP3" time="73.255"/>
  <system-out/>
</testsuite> <!-- Test_Balance_RE_Jour_Bank_Supp_3.TC_20_2_BS_DEBTOR_1401_1402_With_Journal_Bank -->
