<?xml version="1.0" encoding="UTF-8"?>
<!-- Generated by org.testng.reporters.JUnitReportReporter -->
<testsuite hostname="OB-Sum" failures="0" tests="1" name="VAT3.FullREC_F2_Standard.Supplier_ScriptPostVATReturn1stVATReturnReport_1" time="42.631" errors="0" timestamp="2021-11-25T12:11:10 IST" skipped="0">
  <testcase classname="VAT3.FullREC_F2_Standard.Supplier_ScriptPostVATReturn1stVATReturnReport_1" name="GoToUrlAssertUrlPositiveEnterUserNamePositiveEnterPasswordClickLoginButtonGoToUrlAssertUrlCl" time="42.631"/>
  <system-out/>
</testsuite> <!-- VAT3.FullREC_F2_Standard.Supplier_ScriptPostVATReturn1stVATReturnReport_1 -->
