<?xml version="1.0" encoding="UTF-8"?>
<!-- Generated by org.testng.reporters.JUnitReportReporter -->
<testsuite hostname="OB-Sum" failures="0" tests="1" name="test.PartialReconciledCases.ScriptStandardToFlat_DefaultProfile" time="54.671" errors="0" timestamp="2021-12-19T01:41:02 IST" skipped="0">
  <testcase classname="test.PartialReconciledCases.ScriptStandardToFlat_DefaultProfile" name="GoToUrlAssertUrlPositiveEnterUserNamePositiveEnterPasswordClickLoginButtonGoToUrlAssertUrlCl1" time="54.671"/>
  <system-out/>
</testsuite> <!-- test.PartialReconciledCases.ScriptStandardToFlat_DefaultProfile -->
