<?xml version="1.0" encoding="UTF-8"?>
<!-- Generated by org.testng.reporters.JUnitReportReporter -->
<testsuite hostname="OB-Sum" failures="0" tests="1" name="ExpenceRemFlatToFlatPer.ScriptVATReturn2stVATReturnReport_SToFRS_DefaultProfile" time="67.641" errors="0" timestamp="2021-12-19T01:41:00 IST" skipped="0">
  <testcase classname="ExpenceRemFlatToFlatPer.ScriptVATReturn2stVATReturnReport_SToFRS_DefaultProfile" name="GoToUrlAssertUrlPositiveEnterUserNamePositiveEnterPasswordClickLoginButtonGoToUrlAssertUrlCl" time="67.641"/>
  <system-out/>
</testsuite> <!-- ExpenceRemFlatToFlatPer.ScriptVATReturn2stVATReturnReport_SToFRS_DefaultProfile -->
