<?xml version="1.0" encoding="UTF-8"?>
<!-- Generated by org.testng.reporters.JUnitReportReporter -->
<testsuite hostname="OB-Sum" failures="0" tests="2" name="test.AdvanceReconcilationSTOFLAT.SaleInToReconcile_DefaultProfile" time="154.256" errors="0" timestamp="2021-12-09T13:10:41 IST" skipped="0">
  <testcase classname="test.AdvanceReconcilationSTOFLAT.SaleInToReconcile_DefaultProfile" name="GoToUrlAssertUrlPositiveEnternLOGINPositiveEnternPASSClickLoginGoToUrlAssertUrlClickAgentsP2" time="77.587"/>
  <system-out/>
  <testcase classname="test.AdvanceReconcilationSTOFLAT.SaleInToReconcile_DefaultProfile" name="GoToUrlAssertUrlPositiveEnternLOGINPositiveEnternPASSClickLoginGoToUrlAssertUrlClickAgentsP5" time="76.669"/>
  <system-out/>
</testsuite> <!-- test.AdvanceReconcilationSTOFLAT.SaleInToReconcile_DefaultProfile -->
