<?xml version="1.0" encoding="UTF-8"?>
<!-- Generated by org.testng.reporters.JUnitReportReporter -->
<testsuite hostname="OB-Sum" failures="0" tests="6" name="VAT3.FullREC_F2_NOVAT.Supplier_SupplierBill_Default2" time="606.877" errors="0" timestamp="2021-12-19T01:41:01 IST" skipped="0">
  <testcase classname="VAT3.FullREC_F2_NOVAT.Supplier_SupplierBill_Default2" name="GoToUrlAssertUrlPositiveEnternLOGINPositiveEnternPASSClickLoginGoToUrlAssertUrlClickAgentsP5" time="102.412"/>
  <system-out/>
  <testcase classname="VAT3.FullREC_F2_NOVAT.Supplier_SupplierBill_Default2" name="GoToUrlAssertUrlPositiveEnternLOGINPositiveEnternPASSClickLoginGoToUrlAssertUrlClickAgentsP6" time="100.299"/>
  <system-out/>
  <testcase classname="VAT3.FullREC_F2_NOVAT.Supplier_SupplierBill_Default2" name="GoToUrlAssertUrlPositiveEnternLOGINPositiveEnternPASSClickLoginGoToUrlAssertUrlClickAgentsP3" time="101.187"/>
  <system-out/>
  <testcase classname="VAT3.FullREC_F2_NOVAT.Supplier_SupplierBill_Default2" name="GoToUrlAssertUrlPositiveEnternLOGINPositiveEnternPASSClickLoginGoToUrlAssertUrlClickAgentsP1" time="100.568"/>
  <system-out/>
  <testcase classname="VAT3.FullREC_F2_NOVAT.Supplier_SupplierBill_Default2" name="GoToUrlAssertUrlPositiveEnternLOGINPositiveEnternPASSClickLoginGoToUrlAssertUrlClickAgentsP4" time="103.609"/>
  <system-out/>
  <testcase classname="VAT3.FullREC_F2_NOVAT.Supplier_SupplierBill_Default2" name="GoToUrlAssertUrlPositiveEnternLOGINPositiveEnternPASSClickLoginGoToUrlAssertUrlClickAgentsP2" time="98.802"/>
  <system-out/>
</testsuite> <!-- VAT3.FullREC_F2_NOVAT.Supplier_SupplierBill_Default2 -->
