<?xml version="1.0" encoding="UTF-8"?>
<!-- Generated by org.testng.reporters.JUnitReportReporter -->
<testsuite hostname="OB-Sum" failures="0" tests="1" name="PartialReconcileForSupplierBillSTOFlat.ScriptVATReturn2stVATReturnReport_SToFRS_DefaultProfile" time="68.489" errors="0" timestamp="2021-12-19T01:41:01 IST" skipped="0">
  <testcase classname="PartialReconcileForSupplierBillSTOFlat.ScriptVATReturn2stVATReturnReport_SToFRS_DefaultProfile" name="GoToUrlAssertUrlPositiveEnterUserNamePositiveEnterPasswordClickLoginButtonGoToUrlAssertUrlCl" time="68.489"/>
  <system-out/>
</testsuite> <!-- PartialReconcileForSupplierBillSTOFlat.ScriptVATReturn2stVATReturnReport_SToFRS_DefaultProfile -->
