<?xml version="1.0" encoding="UTF-8"?>
<!-- Generated by org.testng.reporters.JUnitReportReporter -->
<testsuite hostname="OB-Sum" failures="0" tests="6" name="VAT3_UnReconciled_FtoS.Un_F2S_SupplierBill" time="283.214" errors="0" timestamp="2021-11-26T16:06:34 IST" skipped="0">
  <testcase classname="VAT3_UnReconciled_FtoS.Un_F2S_SupplierBill" name="GoToUrlAssertUrlPositiveEnternLOGINPositiveEnternPASSClickLoginGoToUrlAssertUrlClickAgentsP2" time="47.214"/>
  <system-out/>
  <testcase classname="VAT3_UnReconciled_FtoS.Un_F2S_SupplierBill" name="GoToUrlAssertUrlPositiveEnternLOGINPositiveEnternPASSClickLoginGoToUrlAssertUrlClickAgentsP5" time="46.898"/>
  <system-out/>
  <testcase classname="VAT3_UnReconciled_FtoS.Un_F2S_SupplierBill" name="GoToUrlAssertUrlPositiveEnternLOGINPositiveEnternPASSClickLoginGoToUrlAssertUrlClickAgentsP1" time="48.710"/>
  <system-out/>
  <testcase classname="VAT3_UnReconciled_FtoS.Un_F2S_SupplierBill" name="GoToUrlAssertUrlPositiveEnternLOGINPositiveEnternPASSClickLoginGoToUrlAssertUrlClickAgentsP7" time="48.532"/>
  <system-out/>
  <testcase classname="VAT3_UnReconciled_FtoS.Un_F2S_SupplierBill" name="GoToUrlAssertUrlPositiveEnternLOGINPositiveEnternPASSClickLoginGoToUrlAssertUrlClickAgentsP6" time="45.788"/>
  <system-out/>
  <testcase classname="VAT3_UnReconciled_FtoS.Un_F2S_SupplierBill" name="GoToUrlAssertUrlPositiveEnternLOGINPositiveEnternPASSClickLoginGoToUrlAssertUrlClickAgentsP9" time="46.072"/>
  <system-out/>
</testsuite> <!-- VAT3_UnReconciled_FtoS.Un_F2S_SupplierBill -->
