<?xml version="1.0" encoding="UTF-8"?>
<!-- Generated by org.testng.reporters.JUnitReportReporter -->
<testsuite hostname="OB-Sum" failures="0" tests="2" name="test.partialReconcileJonralEntrySToFlat.VATOnlyToReconcileForJonral_DefaultProfile" time="186.369" errors="0" timestamp="2021-12-19T01:41:01 IST" skipped="0">
  <testcase classname="test.partialReconcileJonralEntrySToFlat.VATOnlyToReconcileForJonral_DefaultProfile" name="GoToUrlAssertUrlPositiveEnternLOGINPositiveEnternPASSClickLoginGoToUrlAssertUrlClickAgentsP1" time="90.501"/>
  <system-out/>
  <testcase classname="test.partialReconcileJonralEntrySToFlat.VATOnlyToReconcileForJonral_DefaultProfile" name="GoToUrlAssertUrlPositiveEnternLOGINPositiveEnternPASSClickLoginGoToUrlAssertUrlClickAgentsP2" time="95.868"/>
  <system-out/>
</testsuite> <!-- test.partialReconcileJonralEntrySToFlat.VATOnlyToReconcileForJonral_DefaultProfile -->
