<?xml version="1.0" encoding="UTF-8"?>
<!-- Generated by org.testng.reporters.JUnitReportReporter -->
<testsuite hostname="OB-Sum" failures="0" tests="1" name="test.PartialReconcileOnFlatRate.ScriptVATReturn2stVATReturnReport__OnlyFlat_DefaultProfile" time="73.408" errors="0" timestamp="2022-02-06T06:55:32 IST" skipped="0">
  <testcase classname="test.PartialReconcileOnFlatRate.ScriptVATReturn2stVATReturnReport__OnlyFlat_DefaultProfile" name="GoToUrlAssertUrlPositiveEnterUserNamePositiveEnterPasswordClickLoginButtonGoToUrlAssertUrlCl" time="73.408"/>
  <system-out/>
</testsuite> <!-- test.PartialReconcileOnFlatRate.ScriptVATReturn2stVATReturnReport__OnlyFlat_DefaultProfile -->
