<?xml version="1.0" encoding="UTF-8"?>
<!-- Generated by org.testng.reporters.JUnitReportReporter -->
<testsuite hostname="OB-Sum" failures="0" tests="6" name="Supplier_FRSToNoVAT.ScriptSupplierBill_FRSToNoVAT_DefaultProfile" time="306.189" errors="0" timestamp="2021-12-09T11:24:15 IST" skipped="0">
  <testcase classname="Supplier_FRSToNoVAT.ScriptSupplierBill_FRSToNoVAT_DefaultProfile" name="GoToUrlAssertUrlPositiveEnterUserNamePositiveEnterPasswordClickLoginButtonGoToUrlAssertUrlCl3" time="51.843"/>
  <system-out/>
  <testcase classname="Supplier_FRSToNoVAT.ScriptSupplierBill_FRSToNoVAT_DefaultProfile" name="GoToUrlAssertUrlPositiveEnterUserNamePositiveEnterPasswordClickLoginButtonGoToUrlAssertUrlCl6" time="51.211"/>
  <system-out/>
  <testcase classname="Supplier_FRSToNoVAT.ScriptSupplierBill_FRSToNoVAT_DefaultProfile" name="GoToUrlAssertUrlPositiveEnterUserNamePositiveEnterPasswordClickLoginButtonGoToUrlAssertUrlCl1" time="50.065"/>
  <system-out/>
  <testcase classname="Supplier_FRSToNoVAT.ScriptSupplierBill_FRSToNoVAT_DefaultProfile" name="GoToUrlAssertUrlPositiveEnterUserNamePositiveEnterPasswordClickLoginButtonGoToUrlAssertUrlCl5" time="51.367"/>
  <system-out/>
  <testcase classname="Supplier_FRSToNoVAT.ScriptSupplierBill_FRSToNoVAT_DefaultProfile" name="GoToUrlAssertUrlPositiveEnterUserNamePositiveEnterPasswordClickLoginButtonGoToUrlAssertUrlCl2" time="49.952"/>
  <system-out/>
  <testcase classname="Supplier_FRSToNoVAT.ScriptSupplierBill_FRSToNoVAT_DefaultProfile" name="GoToUrlAssertUrlPositiveEnterUserNamePositiveEnterPasswordClickLoginButtonGoToUrlAssertUrlCl4" time="51.751"/>
  <system-out/>
</testsuite> <!-- Supplier_FRSToNoVAT.ScriptSupplierBill_FRSToNoVAT_DefaultProfile -->
