<?xml version="1.0" encoding="UTF-8"?>
<!-- Generated by org.testng.reporters.JUnitReportReporter -->
<testsuite hostname="OB-Yogesh" failures="0" tests="1" name="Supplier_SToNoVAT.ScriptVATReturn2stVATReturnReport_SToNOVAT_DefaultProfile" time="73.462" errors="0" timestamp="2021-02-26T22:38:33 IST" skipped="0">
  <testcase classname="Supplier_SToNoVAT.ScriptVATReturn2stVATReturnReport_SToNOVAT_DefaultProfile" name="GoToUrlAssertUrlPositiveEnterUserNamePositiveEnterPasswordClickLoginButtonGoToUrlAssertUrlCl" time="73.462"/>
  <system-out/>
</testsuite> <!-- Supplier_SToNoVAT.ScriptVATReturn2stVATReturnReport_SToNOVAT_DefaultProfile -->
