<?xml version="1.0" encoding="UTF-8"?>
<!-- Generated by org.testng.reporters.JUnitReportReporter -->
<testsuite hostname="OB-Sum" failures="0" tests="1" name="VAT3_SupplierPartialReconcile.ScriptVATReturn1stVATReturnReport_SToFRS_DefaultProfile_3" time="59.795" errors="0" timestamp="2022-02-06T06:55:31 IST" skipped="0">
  <testcase classname="VAT3_SupplierPartialReconcile.ScriptVATReturn1stVATReturnReport_SToFRS_DefaultProfile_3" name="GoToUrlAssertUrlPositiveEnterUserNamePositiveEnterPasswordClickLoginButtonGoToUrlAssertUrlCl" time="59.795"/>
  <system-out/>
</testsuite> <!-- VAT3_SupplierPartialReconcile.ScriptVATReturn1stVATReturnReport_SToFRS_DefaultProfile_3 -->
