<?xml version="1.0" encoding="UTF-8"?>
<!-- Generated by org.testng.reporters.JUnitReportReporter -->
<testsuite hostname="OB-Sum" failures="0" tests="1" name="tests.Bank_new_Trans.bank_Bulk" time="32.761" errors="0" timestamp="2021-12-03T01:46:20 IST" skipped="0">
  <testcase classname="tests.Bank_new_Trans.bank_Bulk" name="nidbanktrnGoToUrlAssertUrlPositiveEnternLOGINPositiveEnternPASSClickLoginGoToUrlAssertUrlCl1" time="32.761"/>
  <system-out/>
</testsuite> <!-- tests.Bank_new_Trans.bank_Bulk -->
