<?xml version="1.0" encoding="UTF-8"?>
<!-- Generated by org.testng.reporters.JUnitReportReporter -->
<testsuite hostname="OB-Sum" failures="0" tests="6" name="VAT3.FullREC_F2_Standard.Supplier_ReconcileForDebitNote_2" time="622.734" errors="0" timestamp="2021-12-20T15:02:00 IST" skipped="0">
  <testcase classname="VAT3.FullREC_F2_Standard.Supplier_ReconcileForDebitNote_2" name="GoToUrlAssertUrlPositiveEnternLOGINPositiveEnternPASSClickLoginGoToUrlAssertUrlClickAgentsP7" time="104.948"/>
  <system-out/>
  <testcase classname="VAT3.FullREC_F2_Standard.Supplier_ReconcileForDebitNote_2" name="GoToUrlAssertUrlPositiveEnternLOGINPositiveEnternPASSClickLoginGoToUrlAssertUrlClickAgentsP71" time="103.468"/>
  <system-out/>
  <testcase classname="VAT3.FullREC_F2_Standard.Supplier_ReconcileForDebitNote_2" name="GoToUrlAssertUrlPositiveEnternLOGINPositiveEnternPASSClickLoginGoToUrlAssertUrlClickAgentsP2" time="102.740"/>
  <system-out/>
  <testcase classname="VAT3.FullREC_F2_Standard.Supplier_ReconcileForDebitNote_2" name="GoToUrlAssertUrlPositiveEnternLOGINPositiveEnternPASSClickLoginGoToUrlAssertUrlClickAgentsP3" time="102.618"/>
  <system-out/>
  <testcase classname="VAT3.FullREC_F2_Standard.Supplier_ReconcileForDebitNote_2" name="GoToUrlAssertUrlPositiveEnternLOGINPositiveEnternPASSClickLoginGoToUrlAssertUrlClickAgentsP6" time="106.433"/>
  <system-out/>
  <testcase classname="VAT3.FullREC_F2_Standard.Supplier_ReconcileForDebitNote_2" name="GoToUrlAssertUrlPositiveEnternLOGINPositiveEnternPASSClickLoginGoToUrlAssertUrlClickAgentsP1" time="102.527"/>
  <system-out/>
</testsuite> <!-- VAT3.FullREC_F2_Standard.Supplier_ReconcileForDebitNote_2 -->
