<?xml version="1.0" encoding="UTF-8"?>
<!-- Generated by org.testng.reporters.JUnitReportReporter -->
<testsuite hostname="OB-Sum" failures="0" tests="1" name="AdvanceReconcileByBankForSupplierBillSToFlat.ScriptPostVATReturn1stVATReturnReport_DefaultProfile" time="54.672" errors="0" timestamp="2021-12-01T20:48:15 IST" skipped="0">
  <testcase classname="AdvanceReconcileByBankForSupplierBillSToFlat.ScriptPostVATReturn1stVATReturnReport_DefaultProfile" name="GoToUrlAssertUrlPositiveEnterUserNamePositiveEnterPasswordClickLoginButtonGoToUrlAssertUrlCl" time="54.672"/>
  <system-out/>
</testsuite> <!-- AdvanceReconcileByBankForSupplierBillSToFlat.ScriptPostVATReturn1stVATReturnReport_DefaultProfile -->
