<?xml version="1.0" encoding="UTF-8"?>
<!-- Generated by org.testng.reporters.JUnitReportReporter -->
<testsuite hostname="OB-Sum" failures="0" tests="1" name="test.PartialReconciledCases.ScriptPostVATReturn1stVATReturnReport_NoVATOnly" time="55.071" errors="0" timestamp="2022-02-06T06:55:31 IST" skipped="0">
  <testcase classname="test.PartialReconciledCases.ScriptPostVATReturn1stVATReturnReport_NoVATOnly" name="GoToUrlAssertUrlPositiveEnterUserNamePositiveEnterPasswordClickLoginButtonGoToUrlAssertUrlCl" time="55.071"/>
  <system-out/>
</testsuite> <!-- test.PartialReconciledCases.ScriptPostVATReturn1stVATReturnReport_NoVATOnly -->
