<?xml version="1.0" encoding="UTF-8"?>
<!-- Generated by org.testng.reporters.JUnitReportReporter -->
<testsuite hostname="OB-Sum" failures="0" tests="6" name="Supplier_FRSToFRSP.ScriptSupplierBill_FRSToFRSP_DefaultProfile" time="340.758" errors="0" timestamp="2022-02-06T06:55:29 IST" skipped="0">
  <testcase classname="Supplier_FRSToFRSP.ScriptSupplierBill_FRSToFRSP_DefaultProfile" name="GoToUrlAssertUrlPositiveEnterUserNamePositiveEnterPasswordClickLoginButtonGoToUrlAssertUrlCl5" time="56.224"/>
  <system-out/>
  <testcase classname="Supplier_FRSToFRSP.ScriptSupplierBill_FRSToFRSP_DefaultProfile" name="GoToUrlAssertUrlPositiveEnterUserNamePositiveEnterPasswordClickLoginButtonGoToUrlAssertUrlCl1" time="59.478"/>
  <system-out/>
  <testcase classname="Supplier_FRSToFRSP.ScriptSupplierBill_FRSToFRSP_DefaultProfile" name="GoToUrlAssertUrlPositiveEnterUserNamePositiveEnterPasswordClickLoginButtonGoToUrlAssertUrlCl4" time="56.218"/>
  <system-out/>
  <testcase classname="Supplier_FRSToFRSP.ScriptSupplierBill_FRSToFRSP_DefaultProfile" name="GoToUrlAssertUrlPositiveEnterUserNamePositiveEnterPasswordClickLoginButtonGoToUrlAssertUrlCl6" time="54.911"/>
  <system-out/>
  <testcase classname="Supplier_FRSToFRSP.ScriptSupplierBill_FRSToFRSP_DefaultProfile" name="GoToUrlAssertUrlPositiveEnterUserNamePositiveEnterPasswordClickLoginButtonGoToUrlAssertUrlCl3" time="56.770"/>
  <system-out/>
  <testcase classname="Supplier_FRSToFRSP.ScriptSupplierBill_FRSToFRSP_DefaultProfile" name="GoToUrlAssertUrlPositiveEnterUserNamePositiveEnterPasswordClickLoginButtonGoToUrlAssertUrlCl2" time="57.157"/>
  <system-out/>
</testsuite> <!-- Supplier_FRSToFRSP.ScriptSupplierBill_FRSToFRSP_DefaultProfile -->
