<?xml version="1.0" encoding="UTF-8"?>
<!-- Generated by org.testng.reporters.JUnitReportReporter -->
<testsuite hostname="OB-Sum" failures="0" tests="1" name="Test_Trial_Balance_RE_Jour_Bank_Supp_3.TC_17_3_BS_CurrentAsset_1070_1070_With_Journal_Bank_Invoice" time="64.889" errors="0" timestamp="2022-01-13T14:12:08 IST" skipped="0">
  <testcase classname="Test_Trial_Balance_RE_Jour_Bank_Supp_3.TC_17_3_BS_CurrentAsset_1070_1070_With_Journal_Bank_Invoice" name="GoToUrlAssertUrlPositiveEnternLOGINPositiveEnternPASSClickLoginGoToUrlAssertUrlClickAgentsP3" time="64.889"/>
  <system-out/>
</testsuite> <!-- Test_Trial_Balance_RE_Jour_Bank_Supp_3.TC_17_3_BS_CurrentAsset_1070_1070_With_Journal_Bank_Invoice -->
