<?xml version="1.0" encoding="UTF-8"?>
<!-- Generated by org.testng.reporters.JUnitReportReporter -->
<testsuite hostname="OB-Sum" failures="0" tests="3" name="Test_Balance_RE_Jour_Bank_Supp_3.TC_12_2_3_BS_FixedAsset_270_To_274_With_Journal_Bank_Supplier" time="299.269" errors="0" timestamp="2022-02-19T09:42:02 IST" skipped="0">
  <testcase classname="Test_Balance_RE_Jour_Bank_Supp_3.TC_12_2_3_BS_FixedAsset_270_To_274_With_Journal_Bank_Supplier" name="GoToUrlAssertUrlPositiveEnternLOGINPositiveEnternPASSClickLoginGoToUrlAssertUrlClickAgentsP2" time="122.317"/>
  <system-out/>
  <testcase classname="Test_Balance_RE_Jour_Bank_Supp_3.TC_12_2_3_BS_FixedAsset_270_To_274_With_Journal_Bank_Supplier" name="GoToUrlAssertUrlPositiveEnternLOGINPositiveEnternPASSClickLoginGoToUrlAssertUrlClickAgentsP1" time="60.060"/>
  <system-out>
    <![CDATA[ledger 1 entered :270 - Equipment Cost B/Fwd
ledger 2 entered :271 - Equipment Additions
ledger 3 entered :272 - Equipment Disposals
ledger 4 entered :273 - Equipment Revaluations
ledger 5 entered :274 - Equipment Transfers
Ledger code verified: Equipment Cost B/Fwd
Amount enter verified: 1,000.00
Ledger code verified: Equipment Additions
Amount enter verified: 1,000.00
Ledger code verified: Equipment Disposals
Amount enter verified: 1,000.00
Ledger code verified: Equipment Revaluations
Amount enter verified: 1,000.00
Ledger code verified: Equipment Transfers
Amount enter verified: (4,000.00)
Enteries are Verified on Balance Sheet Report page :]]>
  </system-out>
  <testcase classname="Test_Balance_RE_Jour_Bank_Supp_3.TC_12_2_3_BS_FixedAsset_270_To_274_With_Journal_Bank_Supplier" name="GoToUrlAssertUrlPositiveEnternLOGINPositiveEnternPASSClickLoginGoToUrlAssertUrlClickAgentsP3" time="116.892"/>
  <system-out/>
</testsuite> <!-- Test_Balance_RE_Jour_Bank_Supp_3.TC_12_2_3_BS_FixedAsset_270_To_274_With_Journal_Bank_Supplier -->
