<?xml version="1.0" encoding="UTF-8"?>
<!-- Generated by org.testng.reporters.JUnitReportReporter -->
<testsuite hostname="OB-Sum" failures="0" tests="1" name="test.FlatToStandard.ScriptEditSettingToFlatRate_DefaultProfile" time="57.521" errors="0" timestamp="2021-12-19T01:41:02 IST" skipped="0">
  <testcase classname="test.FlatToStandard.ScriptEditSettingToFlatRate_DefaultProfile" name="GoToUrlAssertUrlPositiveEnterUserNamePositiveEnterPasswordClickLoginButtonGoToUrlAssertUrlCl2" time="57.521"/>
  <system-out/>
</testsuite> <!-- test.FlatToStandard.ScriptEditSettingToFlatRate_DefaultProfile -->
