<?xml version="1.0" encoding="UTF-8"?>
<!-- Generated by org.testng.reporters.JUnitReportReporter -->
<testsuite hostname="OB-Yogesh" failures="0" tests="1" name="ExpenceRem.ScriptStandardToFlat_DefaultProfile" time="64.306" errors="0" timestamp="2021-04-18T23:07:18 IST" skipped="0">
  <testcase classname="ExpenceRem.ScriptStandardToFlat_DefaultProfile" name="GoToUrlAssertUrlPositiveEnterUserNamePositiveEnterPasswordClickLoginButtonGoToUrlAssertUrlCl1" time="64.306"/>
  <system-out/>
</testsuite> <!-- ExpenceRem.ScriptStandardToFlat_DefaultProfile -->
