<?xml version="1.0" encoding="UTF-8"?>
<!-- Generated by org.testng.reporters.JUnitReportReporter -->
<testsuite hostname="OB-Sum" failures="0" tests="6" name="VAT3_SupplierPartialReconcile.SaleInToPartialReconcile_DebitNote_DefaultProfile_2" time="554.673" errors="0" timestamp="2022-02-06T06:55:37 IST" skipped="0">
  <testcase classname="VAT3_SupplierPartialReconcile.SaleInToPartialReconcile_DebitNote_DefaultProfile_2" name="GoToUrlAssertUrlPositiveEnternLOGINPositiveEnternPASSClickLoginGoToUrlAssertUrlClickAgentsP3" time="93.799"/>
  <system-out/>
  <testcase classname="VAT3_SupplierPartialReconcile.SaleInToPartialReconcile_DebitNote_DefaultProfile_2" name="GoToUrlAssertUrlPositiveEnternLOGINPositiveEnternPASSClickLoginGoToUrlAssertUrlClickAgentsP6" time="92.736"/>
  <system-out/>
  <testcase classname="VAT3_SupplierPartialReconcile.SaleInToPartialReconcile_DebitNote_DefaultProfile_2" name="GoToUrlAssertUrlPositiveEnternLOGINPositiveEnternPASSClickLoginGoToUrlAssertUrlClickAgentsP1" time="95.932"/>
  <system-out/>
  <testcase classname="VAT3_SupplierPartialReconcile.SaleInToPartialReconcile_DebitNote_DefaultProfile_2" name="GoToUrlAssertUrlPositiveEnternLOGINPositiveEnternPASSClickLoginGoToUrlAssertUrlClickAgentsP5" time="91.323"/>
  <system-out/>
  <testcase classname="VAT3_SupplierPartialReconcile.SaleInToPartialReconcile_DebitNote_DefaultProfile_2" name="GoToUrlAssertUrlPositiveEnternLOGINPositiveEnternPASSClickLoginGoToUrlAssertUrlClickAgentsP2" time="90.180"/>
  <system-out/>
  <testcase classname="VAT3_SupplierPartialReconcile.SaleInToPartialReconcile_DebitNote_DefaultProfile_2" name="GoToUrlAssertUrlPositiveEnternLOGINPositiveEnternPASSClickLoginGoToUrlAssertUrlClickAgentsP4" time="90.703"/>
  <system-out/>
</testsuite> <!-- VAT3_SupplierPartialReconcile.SaleInToPartialReconcile_DebitNote_DefaultProfile_2 -->
