<?xml version="1.0" encoding="UTF-8"?>
<!-- Generated by org.testng.reporters.JUnitReportReporter -->
<testsuite hostname="OB-Sum" failures="0" tests="2" name="Test_Balance_RE_Jour_Bank_Supp_3.TC_44_2_BS_ProfitAandLoss_3007_3010_With_Journal_Bank" time="140.483" errors="0" timestamp="2022-02-19T09:42:02 IST" skipped="0">
  <testcase classname="Test_Balance_RE_Jour_Bank_Supp_3.TC_44_2_BS_ProfitAandLoss_3007_3010_With_Journal_Bank" name="GoToUrlAssertUrlPositiveEnternLOGINPositiveEnternPASSClickLoginGoToUrlAssertUrlClickAgentsP3" time="79.731"/>
  <system-out/>
  <testcase classname="Test_Balance_RE_Jour_Bank_Supp_3.TC_44_2_BS_ProfitAandLoss_3007_3010_With_Journal_Bank" name="GoToUrlAssertUrlPositiveEnternLOGINPositiveEnternPASSClickLoginGoToUrlAssertUrlClickAgentsP1" time="60.752"/>
  <system-out>
    <![CDATA[ledger 1 entered :3007 - Capital Distribution
ledger 2 entered :3010 - Other Reserves
Ledger code verified: Capital Distribution
Amount enter verified: 1,000.00
Ledger code verified: Other Reserves
Amount enter verified: (1,000.00)
Enteries are Verified on Balance Sheet Report page :]]>
  </system-out>
</testsuite> <!-- Test_Balance_RE_Jour_Bank_Supp_3.TC_44_2_BS_ProfitAandLoss_3007_3010_With_Journal_Bank -->
