<?xml version="1.0" encoding="UTF-8"?>
<!-- Generated by org.testng.reporters.JUnitReportReporter -->
<testsuite hostname="OB-Sum" failures="0" tests="1" name="test.partialReconcileJonralEntrySToFlat.ScriptVATReturn2stVATReturnReport_SToFRS_DefaultProfile" time="94.709" errors="0" timestamp="2021-12-09T18:16:51 IST" skipped="0">
  <testcase classname="test.partialReconcileJonralEntrySToFlat.ScriptVATReturn2stVATReturnReport_SToFRS_DefaultProfile" name="GoToUrlAssertUrlPositiveEnterUserNamePositiveEnterPasswordClickLoginButtonGoToUrlAssertUrlCl" time="94.709"/>
  <system-out/>
</testsuite> <!-- test.partialReconcileJonralEntrySToFlat.ScriptVATReturn2stVATReturnReport_SToFRS_DefaultProfile -->
