<?xml version="1.0" encoding="UTF-8"?>
<!-- Generated by org.testng.reporters.JUnitReportReporter -->
<testsuite hostname="OB-Sum" failures="0" tests="2" name="VAT3_InvoiceAdvanceReconcile.SaleInToPartioalReconcileForVATOnly_DefaultProfile_1" time="149.283" errors="0" timestamp="2021-11-25T18:57:30 IST" skipped="0">
  <testcase classname="VAT3_InvoiceAdvanceReconcile.SaleInToPartioalReconcileForVATOnly_DefaultProfile_1" name="GoToUrlAssertUrlPositiveEnternLOGINPositiveEnternPASSClickLoginGoToUrlAssertUrlClickAgentsP1" time="73.642"/>
  <system-out/>
  <testcase classname="VAT3_InvoiceAdvanceReconcile.SaleInToPartioalReconcileForVATOnly_DefaultProfile_1" name="GoToUrlAssertUrlPositiveEnternLOGINPositiveEnternPASSClickLoginGoToUrlAssertUrlClickAgentsP2" time="75.641"/>
  <system-out/>
</testsuite> <!-- VAT3_InvoiceAdvanceReconcile.SaleInToPartioalReconcileForVATOnly_DefaultProfile_1 -->
