<?xml version="1.0" encoding="UTF-8"?>
<!-- Generated by org.testng.reporters.JUnitReportReporter -->
<testsuite hostname="OB-Yogesh" failures="0" tests="1" name="PartialReconcileForSupplierBill.ScriptPostVATReturn1stVATReturnReport_DefaultProfile" time="90.816" errors="0" timestamp="2021-04-15T07:15:52 IST" skipped="0">
  <testcase classname="PartialReconcileForSupplierBill.ScriptPostVATReturn1stVATReturnReport_DefaultProfile" name="GoToUrlAssertUrlPositiveEnterUserNamePositiveEnterPasswordClickLoginButtonGoToUrlAssertUrlCl" time="90.816"/>
  <system-out/>
</testsuite> <!-- PartialReconcileForSupplierBill.ScriptPostVATReturn1stVATReturnReport_DefaultProfile -->
