<?xml version="1.0" encoding="UTF-8"?>
<!-- Generated by org.testng.reporters.JUnitReportReporter -->
<testsuite hostname="OB-Sum" failures="0" tests="1" name="test.partialReconcileJonralEntrySToFlat.ScriptEditSettingToVATType_DefaultProfile" time="85.741" errors="0" timestamp="2021-12-09T18:16:51 IST" skipped="0">
  <testcase classname="test.partialReconcileJonralEntrySToFlat.ScriptEditSettingToVATType_DefaultProfile" name="GoToUrlAssertUrlPositiveEnterUserNamePositiveEnterPasswordClickLoginButtonGoToUrlAssertUrlCl2" time="85.741"/>
  <system-out/>
</testsuite> <!-- test.partialReconcileJonralEntrySToFlat.ScriptEditSettingToVATType_DefaultProfile -->
