<?xml version="1.0" encoding="UTF-8"?>
<!-- Generated by org.testng.reporters.JUnitReportReporter -->
<testsuite hostname="OB-Sum" failures="0" tests="1" name="Supplier_SToNoVAT.ScriptVATReturn1stVATReturnReport_SToNOVAT_DefaultProfile" time="49.908" errors="0" timestamp="2021-12-19T01:41:01 IST" skipped="0">
  <testcase classname="Supplier_SToNoVAT.ScriptVATReturn1stVATReturnReport_SToNOVAT_DefaultProfile" name="GoToUrlAssertUrlPositiveEnterUserNamePositiveEnterPasswordClickLoginButtonGoToUrlAssertUrlCl" time="49.908"/>
  <system-out/>
</testsuite> <!-- Supplier_SToNoVAT.ScriptVATReturn1stVATReturnReport_SToNOVAT_DefaultProfile -->
