<?xml version="1.0" encoding="UTF-8"?>
<!-- Generated by org.testng.reporters.JUnitReportReporter -->
<testsuite hostname="OB-Yogesh" failures="0" tests="2" name="PartialReconcileByBankForSupplierBillFlatToFlatPer.SaleInToPartialReconcile_VATOnlyBill_DefaultProfile" time="146.467" errors="0" timestamp="2021-04-25T20:30:40 IST" skipped="0">
  <testcase classname="PartialReconcileByBankForSupplierBillFlatToFlatPer.SaleInToPartialReconcile_VATOnlyBill_DefaultProfile" name="GoToUrlAssertUrlPositiveEnternLOGINPositiveEnternPASSClickLoginGoToUrlAssertUrlClickAgentsP1" time="74.407"/>
  <system-out/>
  <testcase classname="PartialReconcileByBankForSupplierBillFlatToFlatPer.SaleInToPartialReconcile_VATOnlyBill_DefaultProfile" name="GoToUrlAssertUrlPositiveEnternLOGINPositiveEnternPASSClickLoginGoToUrlAssertUrlClickAgentsP2" time="72.060"/>
  <system-out/>
</testsuite> <!-- PartialReconcileByBankForSupplierBillFlatToFlatPer.SaleInToPartialReconcile_VATOnlyBill_DefaultProfile -->
