<?xml version="1.0" encoding="UTF-8"?>
<!-- Generated by org.testng.reporters.JUnitReportReporter -->
<testsuite hostname="OB-Sum" failures="0" tests="6" name="VAT3_UnReconciled_FtoS.Un_F2S_SupplierBill" time="251.631" errors="0" timestamp="2021-12-19T01:41:01 IST" skipped="0">
  <testcase classname="VAT3_UnReconciled_FtoS.Un_F2S_SupplierBill" name="GoToUrlAssertUrlPositiveEnternLOGINPositiveEnternPASSClickLoginGoToUrlAssertUrlClickAgentsP7" time="42.053"/>
  <system-out/>
  <testcase classname="VAT3_UnReconciled_FtoS.Un_F2S_SupplierBill" name="GoToUrlAssertUrlPositiveEnternLOGINPositiveEnternPASSClickLoginGoToUrlAssertUrlClickAgentsP6" time="40.060"/>
  <system-out/>
  <testcase classname="VAT3_UnReconciled_FtoS.Un_F2S_SupplierBill" name="GoToUrlAssertUrlPositiveEnternLOGINPositiveEnternPASSClickLoginGoToUrlAssertUrlClickAgentsP5" time="42.869"/>
  <system-out/>
  <testcase classname="VAT3_UnReconciled_FtoS.Un_F2S_SupplierBill" name="GoToUrlAssertUrlPositiveEnternLOGINPositiveEnternPASSClickLoginGoToUrlAssertUrlClickAgentsP9" time="43.618"/>
  <system-out/>
  <testcase classname="VAT3_UnReconciled_FtoS.Un_F2S_SupplierBill" name="GoToUrlAssertUrlPositiveEnternLOGINPositiveEnternPASSClickLoginGoToUrlAssertUrlClickAgentsP2" time="41.804"/>
  <system-out/>
  <testcase classname="VAT3_UnReconciled_FtoS.Un_F2S_SupplierBill" name="GoToUrlAssertUrlPositiveEnternLOGINPositiveEnternPASSClickLoginGoToUrlAssertUrlClickAgentsP1" time="41.227"/>
  <system-out/>
</testsuite> <!-- VAT3_UnReconciled_FtoS.Un_F2S_SupplierBill -->
