<?xml version="1.0" encoding="UTF-8"?>
<!-- Generated by org.testng.reporters.JUnitReportReporter -->
<testsuite hostname="OB-Sum" failures="0" tests="6" name="test.partialReconcileJonralEntryFlatToStand.CreditNoteToReconcileForJonral_DefaultProfile" time="593.259" errors="0" timestamp="2021-12-09T11:24:15 IST" skipped="0">
  <testcase classname="test.partialReconcileJonralEntryFlatToStand.CreditNoteToReconcileForJonral_DefaultProfile" name="GoToUrlAssertUrlPositiveEnternLOGINPositiveEnternPASSClickLoginGoToUrlAssertUrlClickAgentsP5" time="96.755"/>
  <system-out/>
  <testcase classname="test.partialReconcileJonralEntryFlatToStand.CreditNoteToReconcileForJonral_DefaultProfile" name="GoToUrlAssertUrlPositiveEnternLOGINPositiveEnternPASSClickLoginGoToUrlAssertUrlClickAgentsP6" time="98.180"/>
  <system-out/>
  <testcase classname="test.partialReconcileJonralEntryFlatToStand.CreditNoteToReconcileForJonral_DefaultProfile" name="GoToUrlAssertUrlPositiveEnternLOGINPositiveEnternPASSClickLoginGoToUrlAssertUrlClickAgentsP1" time="99.686"/>
  <system-out/>
  <testcase classname="test.partialReconcileJonralEntryFlatToStand.CreditNoteToReconcileForJonral_DefaultProfile" name="GoToUrlAssertUrlPositiveEnternLOGINPositiveEnternPASSClickLoginGoToUrlAssertUrlClickAgentsP2" time="99.586"/>
  <system-out/>
  <testcase classname="test.partialReconcileJonralEntryFlatToStand.CreditNoteToReconcileForJonral_DefaultProfile" name="GoToUrlAssertUrlPositiveEnternLOGINPositiveEnternPASSClickLoginGoToUrlAssertUrlClickAgentsP3" time="100.140"/>
  <system-out/>
  <testcase classname="test.partialReconcileJonralEntryFlatToStand.CreditNoteToReconcileForJonral_DefaultProfile" name="GoToUrlAssertUrlPositiveEnternLOGINPositiveEnternPASSClickLoginGoToUrlAssertUrlClickAgentsP4" time="98.912"/>
  <system-out/>
</testsuite> <!-- test.partialReconcileJonralEntryFlatToStand.CreditNoteToReconcileForJonral_DefaultProfile -->
