<?xml version="1.0" encoding="UTF-8"?>
<!-- Generated by org.testng.reporters.JUnitReportReporter -->
<testsuite hostname="OB-Sum" failures="0" tests="1" name="VATPhase3_Banking_allocateToExp.ScriptPostVATReturn3stVATReturnReport_StandToNoVAT_DefaultProfile_4" time="61.437" errors="0" timestamp="2022-02-06T06:55:37 IST" skipped="0">
  <testcase classname="VATPhase3_Banking_allocateToExp.ScriptPostVATReturn3stVATReturnReport_StandToNoVAT_DefaultProfile_4" name="GoToUrlAssertUrlPositiveEnterUserNamePositiveEnterPasswordClickLoginButtonGoToUrlAssertUrlCl" time="61.437"/>
  <system-out/>
</testsuite> <!-- VATPhase3_Banking_allocateToExp.ScriptPostVATReturn3stVATReturnReport_StandToNoVAT_DefaultProfile_4 -->
