<?xml version="1.0" encoding="UTF-8"?>
<!-- Generated by org.testng.reporters.JUnitReportReporter -->
<testsuite hostname="OB-Sum" failures="0" tests="1" name="ExpenceRemFlatToFlatPer.ScriptPostVATReturn2stVATReturnReport_DefaultProfile" time="67.456" errors="0" timestamp="2021-12-19T01:41:00 IST" skipped="0">
  <testcase classname="ExpenceRemFlatToFlatPer.ScriptPostVATReturn2stVATReturnReport_DefaultProfile" name="GoToUrlAssertUrlPositiveEnterUserNamePositiveEnterPasswordClickLoginButtonGoToUrlAssertUrlCl" time="67.456"/>
  <system-out/>
</testsuite> <!-- ExpenceRemFlatToFlatPer.ScriptPostVATReturn2stVATReturnReport_DefaultProfile -->
