<?xml version="1.0" encoding="UTF-8"?>
<!-- Generated by org.testng.reporters.JUnitReportReporter -->
<testsuite hostname="OB-Yogesh" failures="0" tests="1" name="ExpenceRemSToFlat.ScriptPostVATReturn3stVATReturnReport_DefaultProfile" time="49.981" errors="0" timestamp="2021-04-19T19:08:24 IST" skipped="0">
  <testcase classname="ExpenceRemSToFlat.ScriptPostVATReturn3stVATReturnReport_DefaultProfile" name="GoToUrlAssertUrlPositiveEnterUserNamePositiveEnterPasswordClickLoginButtonGoToUrlAssertUrlCl" time="49.981"/>
  <system-out/>
</testsuite> <!-- ExpenceRemSToFlat.ScriptPostVATReturn3stVATReturnReport_DefaultProfile -->
