<?xml version="1.0" encoding="UTF-8"?>
<!-- Generated by org.testng.reporters.JUnitReportReporter -->
<testsuite hostname="OB-Sum" failures="0" tests="1" name="test.FlatToFlatPer.ScriptFlatToFlatP_DefaultProfile" time="65.569" errors="0" timestamp="2022-02-06T06:55:31 IST" skipped="0">
  <testcase classname="test.FlatToFlatPer.ScriptFlatToFlatP_DefaultProfile" name="GoToUrlAssertUrlPositiveEnterUserNamePositiveEnterPasswordClickLoginButtonGoToUrlAssertUrlCl1" time="65.569"/>
  <system-out/>
</testsuite> <!-- test.FlatToFlatPer.ScriptFlatToFlatP_DefaultProfile -->
