<?xml version="1.0" encoding="UTF-8"?>
<!-- Generated by org.testng.reporters.JUnitReportReporter -->
<testsuite hostname="OB-Sum" failures="0" tests="2" name="tests.BalanceSheet_Bf.TC_57_BSBFProvisionForLiability24042406_DefaultProfile" time="250.382" errors="0" timestamp="2022-02-25T15:38:47 IST" skipped="0">
  <testcase classname="tests.BalanceSheet_Bf.TC_57_BSBFProvisionForLiability24042406_DefaultProfile" name="GoToUrlAssertUrlPositiveEnternLOGINPositiveEnternPASSClickLoginGoToUrlAssertUrlClickAgentsP3" time="108.542"/>
  <system-out>
    <![CDATA[Accounting Period Status : Account UnClosed 
Accounting Period Status : Account UnLocked
Accounting Period Status :- Account period closed]]>
  </system-out>
  <testcase classname="tests.BalanceSheet_Bf.TC_57_BSBFProvisionForLiability24042406_DefaultProfile" name="GoToUrlAssertUrlPositiveEnternLOGINPositiveEnternPASSClickLoginGoToUrlAssertUrlClickAgentsP1" time="141.840"/>
  <system-out>
    <![CDATA[Accounting Period Status : Account UnClosed 
Accounting Period Status : Account UnLocked
ledger 1 entered :2404 - Environmental Costs
ledger 2 entered :2405 - Other Provisions
ledger 3 entered :2406 - Provision for Depreciation
ledger 4 entered :1400 - Default Bank
Accounting Period Status :- Account period closed
Ledger code verified: Environmental Costs
Amount enter verified: 1,000.00
Ledger code verified: Other Provisions
Amount enter verified: 1,100.00
Ledger code verified: Provision for Depreciation
Amount enter verified: 1,200.00
Enteries are Verified on Balance Sheet Report page :]]>
  </system-out>
</testsuite> <!-- tests.BalanceSheet_Bf.TC_57_BSBFProvisionForLiability24042406_DefaultProfile -->
