<?xml version="1.0" encoding="UTF-8"?>
<!-- Generated by org.testng.reporters.JUnitReportReporter -->
<testsuite hostname="OB-Sum" failures="0" tests="1" name="test.PartialReconcileOnStandard.ScriptVATReturn1stVATReturnReport_SToFlat_DefaultProfile" time="50.476" errors="0" timestamp="2021-12-09T11:24:15 IST" skipped="0">
  <testcase classname="test.PartialReconcileOnStandard.ScriptVATReturn1stVATReturnReport_SToFlat_DefaultProfile" name="GoToUrlAssertUrlPositiveEnterUserNamePositiveEnterPasswordClickLoginButtonGoToUrlAssertUrlCl" time="50.476"/>
  <system-out/>
</testsuite> <!-- test.PartialReconcileOnStandard.ScriptVATReturn1stVATReturnReport_SToFlat_DefaultProfile -->
