<?xml version="1.0" encoding="UTF-8"?>
<!-- Generated by org.testng.reporters.JUnitReportReporter -->
<testsuite hostname="OB-Sum" failures="0" tests="1" name="Test_Income.TestRepeatInvoice_TC03" time="43.427" errors="0" timestamp="2022-03-14T19:11:48 IST" skipped="0">
  <testcase classname="Test_Income.TestRepeatInvoice_TC03" name="GoToUrlClickView1ClickRepeatInvoice2ClickAddRepeatInvoice3PositiveSelectSelectCustomer4PosititClickThreeDot1ClickDelete_TC03" time="43.427"/>
  <system-out/>
</testsuite> <!-- Test_Income.TestRepeatInvoice_TC03 -->
