<?xml version="1.0" encoding="UTF-8"?>
<!-- Generated by org.testng.reporters.JUnitReportReporter -->
<testsuite hostname="OB-Sum" failures="0" tests="1" name="tests.ScriptPostVATReturn1stVATReturnReport_DefaultProfile" time="55.973" errors="0" timestamp="2021-08-24T10:33:59 IST" skipped="0">
  <testcase classname="tests.ScriptPostVATReturn1stVATReturnReport_DefaultProfile" name="GoToUrlAssertUrlPositiveEnterUserNamePositiveEnterPasswordClickLoginButtonGoToUrlAssertUrlCl" time="55.973"/>
  <system-out/>
</testsuite> <!-- tests.ScriptPostVATReturn1stVATReturnReport_DefaultProfile -->
