<?xml version="1.0" encoding="UTF-8"?>
<!-- Generated by org.testng.reporters.JUnitReportReporter -->
<testsuite hostname="OB-Sum" failures="0" tests="6" name="VAT2.S2F.SaleInToReconcile_DefaultProfile_StoF_Cus" time="554.717" errors="0" timestamp="2021-12-19T01:41:01 IST" skipped="0">
  <testcase classname="VAT2.S2F.SaleInToReconcile_DefaultProfile_StoF_Cus" name="GoToUrlAssertUrlPositiveEnternLOGINPositiveEnternPASSClickLoginGoToUrlAssertUrlClickAgentsP6" time="93.840"/>
  <system-out/>
  <testcase classname="VAT2.S2F.SaleInToReconcile_DefaultProfile_StoF_Cus" name="GoToUrlAssertUrlPositiveEnternLOGINPositiveEnternPASSClickLoginGoToUrlAssertUrlClickAgentsP1" time="92.238"/>
  <system-out/>
  <testcase classname="VAT2.S2F.SaleInToReconcile_DefaultProfile_StoF_Cus" name="GoToUrlAssertUrlPositiveEnternLOGINPositiveEnternPASSClickLoginGoToUrlAssertUrlClickAgentsP4" time="93.160"/>
  <system-out/>
  <testcase classname="VAT2.S2F.SaleInToReconcile_DefaultProfile_StoF_Cus" name="GoToUrlAssertUrlPositiveEnternLOGINPositiveEnternPASSClickLoginGoToUrlAssertUrlClickAgentsP3" time="90.299"/>
  <system-out/>
  <testcase classname="VAT2.S2F.SaleInToReconcile_DefaultProfile_StoF_Cus" name="GoToUrlAssertUrlPositiveEnternLOGINPositiveEnternPASSClickLoginGoToUrlAssertUrlClickAgentsP2" time="95.921"/>
  <system-out/>
  <testcase classname="VAT2.S2F.SaleInToReconcile_DefaultProfile_StoF_Cus" name="GoToUrlAssertUrlPositiveEnternLOGINPositiveEnternPASSClickLoginGoToUrlAssertUrlClickAgentsP5" time="89.259"/>
  <system-out/>
</testsuite> <!-- VAT2.S2F.SaleInToReconcile_DefaultProfile_StoF_Cus -->
