<?xml version="1.0" encoding="UTF-8"?>
<!-- Generated by org.testng.reporters.JUnitReportReporter -->
<testsuite hostname="OB-Sum" failures="0" tests="1" name="Supplier_FRSToStandard.ScriptPostVATReturn3stVATReturnReport_FRSTOStandard_DefaultProfile" time="47.470" errors="0" timestamp="2021-12-09T11:24:15 IST" skipped="0">
  <testcase classname="Supplier_FRSToStandard.ScriptPostVATReturn3stVATReturnReport_FRSTOStandard_DefaultProfile" name="GoToUrlAssertUrlPositiveEnterUserNamePositiveEnterPasswordClickLoginButtonGoToUrlAssertUrlCl" time="47.470"/>
  <system-out/>
</testsuite> <!-- Supplier_FRSToStandard.ScriptPostVATReturn3stVATReturnReport_FRSTOStandard_DefaultProfile -->
