<?xml version="1.0" encoding="UTF-8"?>
<!-- Generated by org.testng.reporters.JUnitReportReporter -->
<testsuite hostname="OB-Sum" failures="0" tests="1" name="ExpenceRemSToFlat.ScriptStandardToFlat_DefaultProfile" time="54.061" errors="0" timestamp="2021-12-19T01:41:01 IST" skipped="0">
  <testcase classname="ExpenceRemSToFlat.ScriptStandardToFlat_DefaultProfile" name="GoToUrlAssertUrlPositiveEnterUserNamePositiveEnterPasswordClickLoginButtonGoToUrlAssertUrlCl1" time="54.061"/>
  <system-out/>
</testsuite> <!-- ExpenceRemSToFlat.ScriptStandardToFlat_DefaultProfile -->
