<?xml version="1.0" encoding="UTF-8"?>
<!-- Generated by org.testng.reporters.JUnitReportReporter -->
<testsuite hostname="OB-Sum" failures="0" tests="1" name="VAT3_InvoiceFullyReconcile.ScriptPostVATReturn1stVATReturnReport_DefaultProfileFullyReconcile_3" time="49.653" errors="0" timestamp="2021-11-15T16:37:38 IST" skipped="0">
  <testcase classname="VAT3_InvoiceFullyReconcile.ScriptPostVATReturn1stVATReturnReport_DefaultProfileFullyReconcile_3" name="GoToUrlAssertUrlPositiveEnterUserNamePositiveEnterPasswordClickLoginButtonGoToUrlAssertUrlCl" time="49.653"/>
  <system-out/>
</testsuite> <!-- VAT3_InvoiceFullyReconcile.ScriptPostVATReturn1stVATReturnReport_DefaultProfileFullyReconcile_3 -->
