<?xml version="1.0" encoding="UTF-8"?>
<!-- Generated by org.testng.reporters.JUnitReportReporter -->
<testsuite hostname="OB-Sum" failures="0" tests="6" name="Supplier_FRSToNoVAT.ScriptSupplierBill_FRSToNoVAT_DefaultProfile" time="347.553" errors="0" timestamp="2022-02-06T06:55:34 IST" skipped="0">
  <testcase classname="Supplier_FRSToNoVAT.ScriptSupplierBill_FRSToNoVAT_DefaultProfile" name="GoToUrlAssertUrlPositiveEnterUserNamePositiveEnterPasswordClickLoginButtonGoToUrlAssertUrlCl5" time="57.382"/>
  <system-out/>
  <testcase classname="Supplier_FRSToNoVAT.ScriptSupplierBill_FRSToNoVAT_DefaultProfile" name="GoToUrlAssertUrlPositiveEnterUserNamePositiveEnterPasswordClickLoginButtonGoToUrlAssertUrlCl3" time="58.071"/>
  <system-out/>
  <testcase classname="Supplier_FRSToNoVAT.ScriptSupplierBill_FRSToNoVAT_DefaultProfile" name="GoToUrlAssertUrlPositiveEnterUserNamePositiveEnterPasswordClickLoginButtonGoToUrlAssertUrlCl2" time="58.818"/>
  <system-out/>
  <testcase classname="Supplier_FRSToNoVAT.ScriptSupplierBill_FRSToNoVAT_DefaultProfile" name="GoToUrlAssertUrlPositiveEnterUserNamePositiveEnterPasswordClickLoginButtonGoToUrlAssertUrlCl1" time="57.928"/>
  <system-out/>
  <testcase classname="Supplier_FRSToNoVAT.ScriptSupplierBill_FRSToNoVAT_DefaultProfile" name="GoToUrlAssertUrlPositiveEnterUserNamePositiveEnterPasswordClickLoginButtonGoToUrlAssertUrlCl4" time="56.473"/>
  <system-out/>
  <testcase classname="Supplier_FRSToNoVAT.ScriptSupplierBill_FRSToNoVAT_DefaultProfile" name="GoToUrlAssertUrlPositiveEnterUserNamePositiveEnterPasswordClickLoginButtonGoToUrlAssertUrlCl6" time="58.881"/>
  <system-out/>
</testsuite> <!-- Supplier_FRSToNoVAT.ScriptSupplierBill_FRSToNoVAT_DefaultProfile -->
