<?xml version="1.0" encoding="UTF-8"?>
<!-- Generated by org.testng.reporters.JUnitReportReporter -->
<testsuite hostname="OB-Sum" failures="0" tests="1" name="Supplier_FRSToStandard.ScriptVATReturn2stVATReturnReport_FRSToStandard_DefaultProfile" time="68.065" errors="0" timestamp="2021-12-19T01:41:02 IST" skipped="0">
  <testcase classname="Supplier_FRSToStandard.ScriptVATReturn2stVATReturnReport_FRSToStandard_DefaultProfile" name="GoToUrlAssertUrlPositiveEnterUserNamePositiveEnterPasswordClickLoginButtonGoToUrlAssertUrlCl" time="68.065"/>
  <system-out/>
</testsuite> <!-- Supplier_FRSToStandard.ScriptVATReturn2stVATReturnReport_FRSToStandard_DefaultProfile -->
