<?xml version="1.0" encoding="UTF-8"?>
<!-- Generated by org.testng.reporters.JUnitReportReporter -->
<testsuite hostname="OB-Sum" failures="0" tests="6" name="VAT3.FullREC_S2_FLAT.Supplier_ReconcileForDebitNote_1" time="620.259" errors="0" timestamp="2021-12-20T15:02:00 IST" skipped="0">
  <testcase classname="VAT3.FullREC_S2_FLAT.Supplier_ReconcileForDebitNote_1" name="GoToUrlAssertUrlPositiveEnternLOGINPositiveEnternPASSClickLoginGoToUrlAssertUrlClickAgentsP2" time="102.017"/>
  <system-out/>
  <testcase classname="VAT3.FullREC_S2_FLAT.Supplier_ReconcileForDebitNote_1" name="GoToUrlAssertUrlPositiveEnternLOGINPositiveEnternPASSClickLoginGoToUrlAssertUrlClickAgentsP6" time="103.429"/>
  <system-out/>
  <testcase classname="VAT3.FullREC_S2_FLAT.Supplier_ReconcileForDebitNote_1" name="GoToUrlAssertUrlPositiveEnternLOGINPositiveEnternPASSClickLoginGoToUrlAssertUrlClickAgentsP3" time="104.055"/>
  <system-out/>
  <testcase classname="VAT3.FullREC_S2_FLAT.Supplier_ReconcileForDebitNote_1" name="GoToUrlAssertUrlPositiveEnternLOGINPositiveEnternPASSClickLoginGoToUrlAssertUrlClickAgentsP5" time="105.195"/>
  <system-out/>
  <testcase classname="VAT3.FullREC_S2_FLAT.Supplier_ReconcileForDebitNote_1" name="GoToUrlAssertUrlPositiveEnternLOGINPositiveEnternPASSClickLoginGoToUrlAssertUrlClickAgentsP4" time="102.215"/>
  <system-out/>
  <testcase classname="VAT3.FullREC_S2_FLAT.Supplier_ReconcileForDebitNote_1" name="GoToUrlAssertUrlPositiveEnternLOGINPositiveEnternPASSClickLoginGoToUrlAssertUrlClickAgentsP1" time="103.348"/>
  <system-out/>
</testsuite> <!-- VAT3.FullREC_S2_FLAT.Supplier_ReconcileForDebitNote_1 -->
