<?xml version="1.0" encoding="UTF-8"?>
<!-- Generated by org.testng.reporters.JUnitReportReporter -->
<testsuite hostname="OB-Sum" failures="0" tests="1" name="VAT3.FullREC_S2_FLAT.Supplier_PostVATReturn1stVATReturnReport_DefaultProfileFullyReconcile_1" time="43.386" errors="0" timestamp="2021-12-20T15:56:47 IST" skipped="0">
  <testcase classname="VAT3.FullREC_S2_FLAT.Supplier_PostVATReturn1stVATReturnReport_DefaultProfileFullyReconcile_1" name="GoToUrlAssertUrlPositiveEnterUserNamePositiveEnterPasswordClickLoginButtonGoToUrlAssertUrlCl" time="43.386"/>
  <system-out/>
</testsuite> <!-- VAT3.FullREC_S2_FLAT.Supplier_PostVATReturn1stVATReturnReport_DefaultProfileFullyReconcile_1 -->
