<?xml version="1.0" encoding="UTF-8"?>
<!-- Generated by org.testng.reporters.JUnitReportReporter -->
<testsuite hostname="OB-Sum" failures="0" tests="6" name="VAT3_InvoiceUnreconcileCases.Script_Invoice_StandToFlat_DefaultProfile_4" time="396.984" errors="0" timestamp="2022-02-06T06:55:32 IST" skipped="0">
  <testcase classname="VAT3_InvoiceUnreconcileCases.Script_Invoice_StandToFlat_DefaultProfile_4" name="GoToUrlAssertUrlPositiveEnterUserNamePositiveEnterPasswordClickLoginButtonGoToUrlAssertUrlCl4" time="67.699"/>
  <system-out/>
  <testcase classname="VAT3_InvoiceUnreconcileCases.Script_Invoice_StandToFlat_DefaultProfile_4" name="GoToUrlAssertUrlPositiveEnterUserNamePositiveEnterPasswordClickLoginButtonGoToUrlAssertUrlCl6" time="64.493"/>
  <system-out/>
  <testcase classname="VAT3_InvoiceUnreconcileCases.Script_Invoice_StandToFlat_DefaultProfile_4" name="GoToUrlAssertUrlPositiveEnterUserNamePositiveEnterPasswordClickLoginButtonGoToUrlAssertUrlCl5" time="64.642"/>
  <system-out/>
  <testcase classname="VAT3_InvoiceUnreconcileCases.Script_Invoice_StandToFlat_DefaultProfile_4" name="GoToUrlAssertUrlPositiveEnterUserNamePositiveEnterPasswordClickLoginButtonGoToUrlAssertUrlCl2" time="64.733"/>
  <system-out/>
  <testcase classname="VAT3_InvoiceUnreconcileCases.Script_Invoice_StandToFlat_DefaultProfile_4" name="GoToUrlAssertUrlPositiveEnterUserNamePositiveEnterPasswordClickLoginButtonGoToUrlAssertUrlCl3" time="67.037"/>
  <system-out/>
  <testcase classname="VAT3_InvoiceUnreconcileCases.Script_Invoice_StandToFlat_DefaultProfile_4" name="GoToUrlAssertUrlPositiveEnterUserNamePositiveEnterPasswordClickLoginButtonGoToUrlAssertUrlCl1" time="68.380"/>
  <system-out/>
</testsuite> <!-- VAT3_InvoiceUnreconcileCases.Script_Invoice_StandToFlat_DefaultProfile_4 -->
