<?xml version="1.0" encoding="UTF-8"?>
<!-- Generated by org.testng.reporters.JUnitReportReporter -->
<testsuite hostname="OB-Sum" failures="0" tests="3" name="Test_Trial_Balance_RE_Jour_Bank_Supp_3.TC_11_3_2_BS_FixedAsset_260_To_264_With_Journal_Bank_Supplier" time="331.427" errors="0" timestamp="2022-01-18T16:59:19 IST" skipped="0">
  <testcase classname="Test_Trial_Balance_RE_Jour_Bank_Supp_3.TC_11_3_2_BS_FixedAsset_260_To_264_With_Journal_Bank_Supplier" name="GoToUrlAssertUrlPositiveEnternLOGINPositiveEnternPASSClickLoginGoToUrlAssertUrlClickAgentsP3" time="128.168"/>
  <system-out/>
  <testcase classname="Test_Trial_Balance_RE_Jour_Bank_Supp_3.TC_11_3_2_BS_FixedAsset_260_To_264_With_Journal_Bank_Supplier" name="GoToUrlAssertUrlPositiveEnternLOGINPositiveEnternPASSClickLoginGoToUrlAssertUrlClickAgentsP1" time="65.125"/>
  <system-out>
    <![CDATA[ledger 1 entered :260 - Fixtures and Fittings Cost B/Fwd
ledger 2 entered :261 - Fixtures and Fittings Additions
ledger 3 entered :262 - Fixtures and Fittings Disposals
ledger 4 entered :263 - Fixtures and Fittings Revaluations
ledger 5 entered :264 - Fixtures and Fittings Transfers
Ledger code verified: Fixtures and Fittings Cost B/Fwd
Amount enter verified: 1,000.00
Ledger code verified: Fixtures and Fittings Additions
Amount enter verified: 1,000.00
Ledger code verified: Fixtures and Fittings Disposals
Amount enter verified: 1,000.00
Ledger code verified: Fixtures and Fittings Revaluations
Amount enter verified: 1,000.00
Ledger code verified: Fixtures and Fittings Transfers
Amount enter verified: (4,000.00)
Enteries are Verified on Balance Sheet Report page :]]>
  </system-out>
  <testcase classname="Test_Trial_Balance_RE_Jour_Bank_Supp_3.TC_11_3_2_BS_FixedAsset_260_To_264_With_Journal_Bank_Supplier" name="GoToUrlAssertUrlPositiveEnternLOGINPositiveEnternPASSClickLoginGoToUrlAssertUrlClickAgentsP2" time="138.134"/>
  <system-out/>
</testsuite> <!-- Test_Trial_Balance_RE_Jour_Bank_Supp_3.TC_11_3_2_BS_FixedAsset_260_To_264_With_Journal_Bank_Supplier -->
