<?xml version="1.0" encoding="UTF-8"?>
<!-- Generated by org.testng.reporters.JUnitReportReporter -->
<testsuite hostname="OB-Sum" failures="0" tests="6" name="VAT3_ExpensesReinbr.ExpenseRemOnlyStandToFlat_DefaultProfile_1" time="230.053" errors="0" timestamp="2021-12-19T01:41:02 IST" skipped="0">
  <testcase classname="VAT3_ExpensesReinbr.ExpenseRemOnlyStandToFlat_DefaultProfile_1" name="GoToUrlAssertUrlPositiveEnternLOGINPositiveEnternPASSClickLoginGoToUrlAssertUrlClickAgentsP1" time="39.724"/>
  <system-out/>
  <testcase classname="VAT3_ExpensesReinbr.ExpenseRemOnlyStandToFlat_DefaultProfile_1" name="GoToUrlAssertUrlPositiveEnternLOGINPositiveEnternPASSClickLoginGoToUrlAssertUrlClickAgentsP3" time="39.924"/>
  <system-out/>
  <testcase classname="VAT3_ExpensesReinbr.ExpenseRemOnlyStandToFlat_DefaultProfile_1" name="GoToUrlAssertUrlPositiveEnternLOGINPositiveEnternPASSClickLoginGoToUrlAssertUrlClickAgentsP6" time="38.462"/>
  <system-out/>
  <testcase classname="VAT3_ExpensesReinbr.ExpenseRemOnlyStandToFlat_DefaultProfile_1" name="GoToUrlAssertUrlPositiveEnternLOGINPositiveEnternPASSClickLoginGoToUrlAssertUrlClickAgentsP5" time="37.180"/>
  <system-out/>
  <testcase classname="VAT3_ExpensesReinbr.ExpenseRemOnlyStandToFlat_DefaultProfile_1" name="GoToUrlAssertUrlPositiveEnternLOGINPositiveEnternPASSClickLoginGoToUrlAssertUrlClickAgentsP2" time="37.353"/>
  <system-out/>
  <testcase classname="VAT3_ExpensesReinbr.ExpenseRemOnlyStandToFlat_DefaultProfile_1" name="GoToUrlAssertUrlPositiveEnternLOGINPositiveEnternPASSClickLoginGoToUrlAssertUrlClickAgentsP4" time="37.410"/>
  <system-out/>
</testsuite> <!-- VAT3_ExpensesReinbr.ExpenseRemOnlyStandToFlat_DefaultProfile_1 -->
