<?xml version="1.0" encoding="UTF-8"?>
<!-- Generated by org.testng.reporters.JUnitReportReporter -->
<testsuite hostname="OB-Sum" failures="0" tests="12" name="tests.banking_add_ltd_company.LtdAdd_AddLTD" time="402.885" errors="0" timestamp="2022-02-19T09:42:02 IST" skipped="0">
  <testcase classname="tests.banking_add_ltd_company.LtdAdd_AddLTD" name="date_formatcheck" time="36.372"/>
  <system-out/>
  <testcase classname="tests.banking_add_ltd_company.LtdAdd_AddLTD" name="TC_Case2" time="36.748"/>
  <system-out/>
  <testcase classname="tests.banking_add_ltd_company.LtdAdd_AddLTD" name="Director_name" time="34.771"/>
  <system-out/>
  <testcase classname="tests.banking_add_ltd_company.LtdAdd_AddLTD" name="TC_CASE3" time="30.356"/>
  <system-out/>
  <testcase classname="tests.banking_add_ltd_company.LtdAdd_AddLTD" name="BackbuttonTC11" time="29.840"/>
  <system-out/>
  <testcase classname="tests.banking_add_ltd_company.LtdAdd_AddLTD" name="GoToUrlClickClickPlusSign1ClickClickNewClient2ClickClickonLimited3ClickLimitedCompanyPositiveE1" time="32.372"/>
  <system-out/>
  <testcase classname="tests.banking_add_ltd_company.LtdAdd_AddLTD" name="GoToUrlClickClickPlusSign1ClickClickNewClient2ClickClickonLimited3ClickLimitedCompanyPositiveE2" time="37.680"/>
  <system-out/>
  <testcase classname="tests.banking_add_ltd_company.LtdAdd_AddLTD" name="case_10" time="34.582"/>
  <system-out/>
  <testcase classname="tests.banking_add_ltd_company.LtdAdd_AddLTD" name="TCcase1" time="28.914"/>
  <system-out/>
  <testcase classname="tests.banking_add_ltd_company.LtdAdd_AddLTD" name="Reg_no_invalid" time="34.930"/>
  <system-out/>
  <testcase classname="tests.banking_add_ltd_company.LtdAdd_AddLTD" name="payrol_company" time="39.074"/>
  <system-out/>
  <testcase classname="tests.banking_add_ltd_company.LtdAdd_AddLTD" name="TCcase6" time="27.246"/>
  <system-out/>
</testsuite> <!-- tests.banking_add_ltd_company.LtdAdd_AddLTD -->
