<?xml version="1.0" encoding="UTF-8"?>
<!-- Generated by org.testng.reporters.JUnitReportReporter -->
<testsuite hostname="OB-Sum" failures="0" tests="2" name="test.partialReconcileJonralEntryFlatToStand.SaleInToReconcileForJonral_DefaultProfile" time="206.890" errors="0" timestamp="2021-12-20T15:02:00 IST" skipped="0">
  <testcase classname="test.partialReconcileJonralEntryFlatToStand.SaleInToReconcileForJonral_DefaultProfile" name="GoToUrlAssertUrlPositiveEnternLOGINPositiveEnternPASSClickLoginGoToUrlAssertUrlClickAgentsP6" time="101.519"/>
  <system-out/>
  <testcase classname="test.partialReconcileJonralEntryFlatToStand.SaleInToReconcileForJonral_DefaultProfile" name="GoToUrlAssertUrlPositiveEnternLOGINPositiveEnternPASSClickLoginGoToUrlAssertUrlClickAgentsP5" time="105.371"/>
  <system-out/>
</testsuite> <!-- test.partialReconcileJonralEntryFlatToStand.SaleInToReconcileForJonral_DefaultProfile -->
