<?xml version="1.0" encoding="UTF-8"?>
<!-- Generated by org.testng.reporters.JUnitReportReporter -->
<testsuite hostname="OB-Sum" failures="0" tests="1" name="VAT3_UnReconciled_S2_NOVAT.Un_addvatrate_Addvat_S2NOVAT" time="48.906" errors="0" timestamp="2022-02-06T06:55:29 IST" skipped="0">
  <testcase classname="VAT3_UnReconciled_S2_NOVAT.Un_addvatrate_Addvat_S2NOVAT" name="GoToUrlAssertUrlPositiveSelectVATStatus1PositiveEnterEffectiveDatePositiveSelectFlatrateBusines" time="48.906"/>
  <system-out/>
</testsuite> <!-- VAT3_UnReconciled_S2_NOVAT.Un_addvatrate_Addvat_S2NOVAT -->
