<?xml version="1.0" encoding="UTF-8"?>
<!-- Generated by org.testng.reporters.JUnitReportReporter -->
<testsuite hostname="OB-Sum" failures="0" tests="2" name="Test_AS_Advance_Reconcilation.Test_Debit_Note_Partial_Advance_JustCreateDebitNote" time="99.819" errors="0" timestamp="2021-11-12T00:17:36 IST" skipped="0">
  <testcase classname="Test_AS_Advance_Reconcilation.Test_Debit_Note_Partial_Advance_JustCreateDebitNote" name="GoToUrlAssertUrlPositiveEnternLOGINPositiveEnternPASSClickLoginGoToUrlAssertUrlClickAgentsTC01" time="49.949"/>
  <system-out/>
  <testcase classname="Test_AS_Advance_Reconcilation.Test_Debit_Note_Partial_Advance_JustCreateDebitNote" name="GoToUrlAssertUrlPositiveEnternLOGINPositiveEnternPASSClickLoginGoToUrlAssertUrlClickAgentsTC02" time="49.870"/>
  <system-out/>
</testsuite> <!-- Test_AS_Advance_Reconcilation.Test_Debit_Note_Partial_Advance_JustCreateDebitNote -->
