<?xml version="1.0" encoding="UTF-8"?>
<!-- Generated by org.testng.reporters.JUnitReportReporter -->
<testsuite hostname="OB-Sum" failures="0" tests="6" name="AdvanceReconcileByBankForSupplierBillFlatToNoVAT.SaleInToPartialReconcile_DebitNote_DefaultProfile" time="468.058" errors="0" timestamp="2021-12-01T19:11:23 IST" skipped="0">
  <testcase classname="AdvanceReconcileByBankForSupplierBillFlatToNoVAT.SaleInToPartialReconcile_DebitNote_DefaultProfile" name="GoToUrlAssertUrlPositiveEnternLOGINPositiveEnternPASSClickLoginGoToUrlAssertUrlClickAgentsP1" time="83.116"/>
  <system-out/>
  <testcase classname="AdvanceReconcileByBankForSupplierBillFlatToNoVAT.SaleInToPartialReconcile_DebitNote_DefaultProfile" name="GoToUrlAssertUrlPositiveEnternLOGINPositiveEnternPASSClickLoginGoToUrlAssertUrlClickAgentsP4" time="77.198"/>
  <system-out/>
  <testcase classname="AdvanceReconcileByBankForSupplierBillFlatToNoVAT.SaleInToPartialReconcile_DebitNote_DefaultProfile" name="GoToUrlAssertUrlPositiveEnternLOGINPositiveEnternPASSClickLoginGoToUrlAssertUrlClickAgentsP2" time="79.515"/>
  <system-out/>
  <testcase classname="AdvanceReconcileByBankForSupplierBillFlatToNoVAT.SaleInToPartialReconcile_DebitNote_DefaultProfile" name="GoToUrlAssertUrlPositiveEnternLOGINPositiveEnternPASSClickLoginGoToUrlAssertUrlClickAgentsP3" time="79.027"/>
  <system-out/>
  <testcase classname="AdvanceReconcileByBankForSupplierBillFlatToNoVAT.SaleInToPartialReconcile_DebitNote_DefaultProfile" name="GoToUrlAssertUrlPositiveEnternLOGINPositiveEnternPASSClickLoginGoToUrlAssertUrlClickAgentsP6" time="73.866"/>
  <system-out/>
  <testcase classname="AdvanceReconcileByBankForSupplierBillFlatToNoVAT.SaleInToPartialReconcile_DebitNote_DefaultProfile" name="GoToUrlAssertUrlPositiveEnternLOGINPositiveEnternPASSClickLoginGoToUrlAssertUrlClickAgentsP5" time="75.336"/>
  <system-out/>
</testsuite> <!-- AdvanceReconcileByBankForSupplierBillFlatToNoVAT.SaleInToPartialReconcile_DebitNote_DefaultProfile -->
