<?xml version="1.0" encoding="UTF-8"?>
<!-- Generated by org.testng.reporters.JUnitReportReporter -->
<testsuite hostname="OB-Yogesh" failures="0" tests="1" name="tests.ScriptVesrifyByTrialBalancePDFDefaultProfile_SToNOVAT" time="33.344" errors="0" timestamp="2021-02-17T01:44:44 IST" skipped="0">
  <testcase classname="tests.ScriptVesrifyByTrialBalancePDFDefaultProfile_SToNOVAT" name="GoToUrlAssertUrlPositiveEnterUserNamePositiveEnterPasswordClickLoginButtonGoToUrlAssertUrlCl" time="33.344"/>
  <system-out/>
</testsuite> <!-- tests.ScriptVesrifyByTrialBalancePDFDefaultProfile_SToNOVAT -->
