<?xml version="1.0" encoding="UTF-8"?>
<!-- Generated by org.testng.reporters.JUnitReportReporter -->
<testsuite hostname="OB-Sum" failures="0" tests="2" name="Test_Trial_Balance_RE_Jour_Bank_Supp_3.TC_21_2_BS_DEBTOR_1420_1092_With_Journal_Bank" time="125.499" errors="0" timestamp="2022-01-11T22:01:21 IST" skipped="0">
  <testcase classname="Test_Trial_Balance_RE_Jour_Bank_Supp_3.TC_21_2_BS_DEBTOR_1420_1092_With_Journal_Bank" name="GoToUrlAssertUrlPositiveEnternLOGINPositiveEnternPASSClickLoginGoToUrlAssertUrlClickAgentsP1" time="57.485"/>
  <system-out>
    <![CDATA[ledger 1 entered :1420 - Petty Cash
ledger 2 entered :1092 - CIS Receivable
Ledger code verified: Petty Cash
Amount enter verified: 1,000.00
Ledger code verified: CIS Receivable
Amount enter verified: (1,000.00)
Enteries are Verified on Balance Sheet Report page :]]>
  </system-out>
  <testcase classname="Test_Trial_Balance_RE_Jour_Bank_Supp_3.TC_21_2_BS_DEBTOR_1420_1092_With_Journal_Bank" name="GoToUrlAssertUrlPositiveEnternLOGINPositiveEnternPASSClickLoginGoToUrlAssertUrlClickAgentsP3" time="68.014"/>
  <system-out/>
</testsuite> <!-- Test_Trial_Balance_RE_Jour_Bank_Supp_3.TC_21_2_BS_DEBTOR_1420_1092_With_Journal_Bank -->
