<?xml version="1.0" encoding="UTF-8"?>
<!-- Generated by org.testng.reporters.JUnitReportReporter -->
<testsuite hostname="OB-Sum" failures="0" tests="1" name="test.PartialReconciledCases.ScriptVATReturn3stVATReturnReport_NoVATOnly_SToFlat_DefaultProfile" time="47.090" errors="0" timestamp="2021-12-19T01:41:02 IST" skipped="0">
  <testcase classname="test.PartialReconciledCases.ScriptVATReturn3stVATReturnReport_NoVATOnly_SToFlat_DefaultProfile" name="GoToUrlAssertUrlPositiveEnterUserNamePositiveEnterPasswordClickLoginButtonGoToUrlAssertUrlCl" time="47.090"/>
  <system-out/>
</testsuite> <!-- test.PartialReconciledCases.ScriptVATReturn3stVATReturnReport_NoVATOnly_SToFlat_DefaultProfile -->
