<?xml version="1.0" encoding="UTF-8"?>
<!-- Generated by org.testng.reporters.JUnitReportReporter -->
<testsuite hostname="OB-Sum" failures="0" tests="6" name="VAT3_UnReconciled_STOF.UN_SupplierBill_StoF__Default1" time="259.723" errors="0" timestamp="2021-12-19T01:41:01 IST" skipped="0">
  <testcase classname="VAT3_UnReconciled_STOF.UN_SupplierBill_StoF__Default1" name="GoToUrlAssertUrlPositiveEnternLOGINPositiveEnternPASSClickLoginGoToUrlAssertUrlClickAgentsP5" time="42.925"/>
  <system-out/>
  <testcase classname="VAT3_UnReconciled_STOF.UN_SupplierBill_StoF__Default1" name="GoToUrlAssertUrlPositiveEnternLOGINPositiveEnternPASSClickLoginGoToUrlAssertUrlClickAgentsP9" time="43.140"/>
  <system-out/>
  <testcase classname="VAT3_UnReconciled_STOF.UN_SupplierBill_StoF__Default1" name="GoToUrlAssertUrlPositiveEnternLOGINPositiveEnternPASSClickLoginGoToUrlAssertUrlClickAgentsP6" time="43.464"/>
  <system-out/>
  <testcase classname="VAT3_UnReconciled_STOF.UN_SupplierBill_StoF__Default1" name="GoToUrlAssertUrlPositiveEnternLOGINPositiveEnternPASSClickLoginGoToUrlAssertUrlClickAgentsP1" time="44.692"/>
  <system-out/>
  <testcase classname="VAT3_UnReconciled_STOF.UN_SupplierBill_StoF__Default1" name="GoToUrlAssertUrlPositiveEnternLOGINPositiveEnternPASSClickLoginGoToUrlAssertUrlClickAgentsP2" time="43.363"/>
  <system-out/>
  <testcase classname="VAT3_UnReconciled_STOF.UN_SupplierBill_StoF__Default1" name="GoToUrlAssertUrlPositiveEnternLOGINPositiveEnternPASSClickLoginGoToUrlAssertUrlClickAgentsP7" time="42.139"/>
  <system-out/>
</testsuite> <!-- VAT3_UnReconciled_STOF.UN_SupplierBill_StoF__Default1 -->
