<?xml version="1.0" encoding="UTF-8"?>
<!-- Generated by org.testng.reporters.JUnitReportReporter -->
<testsuite hostname="OB-Sum" failures="0" tests="1" name="tests.BalanceSheet.BSCustomer1070_DefaultProfile" time="54.459" errors="0" timestamp="2021-12-16T17:42:02 IST" skipped="0">
  <testcase classname="tests.BalanceSheet.BSCustomer1070_DefaultProfile" name="GoToUrlAssertUrlPositiveEnterUserNamePositiveEnterPasswordClickLoginBtnsuccessfulloginGoToUrl" time="54.459"/>
  <system-out>
    <![CDATA[Ledger 1 Entered :1070 - Default Customer
Ledger 2 Entered :1400 - Default Bank
Ledger code verified: Default Customer
Amount enter verified: (1,000.00)
Ledger code verified: Default Bank
Amount enter verified: 1,000.00
Enteries are Verified on Balance Sheet Report page :]]>
  </system-out>
</testsuite> <!-- tests.BalanceSheet.BSCustomer1070_DefaultProfile -->
