<?xml version="1.0" encoding="UTF-8"?>
<!-- Generated by org.testng.reporters.JUnitReportReporter -->
<testsuite hostname="OB-Yogesh" failures="0" tests="6" name="Supplier_test.ScriptDebitNoteSToFRS_DefaultProfile" time="296.159" errors="0" timestamp="2021-02-25T19:30:42 IST" skipped="0">
  <testcase classname="Supplier_test.ScriptDebitNoteSToFRS_DefaultProfile" name="GoToUrlAssertUrlPositiveEnterUserNamePositiveEnterPasswordClickLoginButtonGoToUrlAssertUrlCl4" time="53.100"/>
  <system-out/>
  <testcase classname="Supplier_test.ScriptDebitNoteSToFRS_DefaultProfile" name="GoToUrlAssertUrlPositiveEnterUserNamePositiveEnterPasswordClickLoginButtonGoToUrlAssertUrlCl3" time="49.801"/>
  <system-out/>
  <testcase classname="Supplier_test.ScriptDebitNoteSToFRS_DefaultProfile" name="GoToUrlAssertUrlPositiveEnterUserNamePositiveEnterPasswordClickLoginButtonGoToUrlAssertUrlCl5" time="50.253"/>
  <system-out/>
  <testcase classname="Supplier_test.ScriptDebitNoteSToFRS_DefaultProfile" name="GoToUrlAssertUrlPositiveEnterUserNamePositiveEnterPasswordClickLoginButtonGoToUrlAssertUrlCl6" time="44.400"/>
  <system-out/>
  <testcase classname="Supplier_test.ScriptDebitNoteSToFRS_DefaultProfile" name="GoToUrlAssertUrlPositiveEnterUserNamePositiveEnterPasswordClickLoginButtonGoToUrlAssertUrlCl1" time="48.893"/>
  <system-out/>
  <testcase classname="Supplier_test.ScriptDebitNoteSToFRS_DefaultProfile" name="GoToUrlAssertUrlPositiveEnterUserNamePositiveEnterPasswordClickLoginButtonGoToUrlAssertUrlCl2" time="49.712"/>
  <system-out/>
</testsuite> <!-- Supplier_test.ScriptDebitNoteSToFRS_DefaultProfile -->
