<?xml version="1.0" encoding="UTF-8"?>
<!-- Generated by org.testng.reporters.JUnitReportReporter -->
<testsuite hostname="OB-Yogesh" failures="0" tests="6" name="PartialReconcileForSupplierBillFlatToStand.SaleInToPartialReconcile_SupplierBill_DefaultProfile" time="523.108" errors="0" timestamp="2021-04-15T18:33:44 IST" skipped="0">
  <testcase classname="PartialReconcileForSupplierBillFlatToStand.SaleInToPartialReconcile_SupplierBill_DefaultProfile" name="GoToUrlAssertUrlPositiveEnternLOGINPositiveEnternPASSClickLoginGoToUrlAssertUrlClickAgentsP2" time="82.448"/>
  <system-out/>
  <testcase classname="PartialReconcileForSupplierBillFlatToStand.SaleInToPartialReconcile_SupplierBill_DefaultProfile" name="GoToUrlAssertUrlPositiveEnternLOGINPositiveEnternPASSClickLoginGoToUrlAssertUrlClickAgentsP6" time="85.590"/>
  <system-out/>
  <testcase classname="PartialReconcileForSupplierBillFlatToStand.SaleInToPartialReconcile_SupplierBill_DefaultProfile" name="GoToUrlAssertUrlPositiveEnternLOGINPositiveEnternPASSClickLoginGoToUrlAssertUrlClickAgentsP5" time="86.902"/>
  <system-out/>
  <testcase classname="PartialReconcileForSupplierBillFlatToStand.SaleInToPartialReconcile_SupplierBill_DefaultProfile" name="GoToUrlAssertUrlPositiveEnternLOGINPositiveEnternPASSClickLoginGoToUrlAssertUrlClickAgentsP1" time="85.676"/>
  <system-out/>
  <testcase classname="PartialReconcileForSupplierBillFlatToStand.SaleInToPartialReconcile_SupplierBill_DefaultProfile" name="GoToUrlAssertUrlPositiveEnternLOGINPositiveEnternPASSClickLoginGoToUrlAssertUrlClickAgentsP4" time="87.240"/>
  <system-out/>
  <testcase classname="PartialReconcileForSupplierBillFlatToStand.SaleInToPartialReconcile_SupplierBill_DefaultProfile" name="GoToUrlAssertUrlPositiveEnternLOGINPositiveEnternPASSClickLoginGoToUrlAssertUrlClickAgentsP3" time="95.252"/>
  <system-out/>
</testsuite> <!-- PartialReconcileForSupplierBillFlatToStand.SaleInToPartialReconcile_SupplierBill_DefaultProfile -->
