<?xml version="1.0" encoding="UTF-8"?>
<!-- Generated by org.testng.reporters.JUnitReportReporter -->
<testsuite hostname="OB-Sum" failures="0" tests="1" name="test.ashiv.TestNewSupplierBillBatch_UserStories" time="62.965" errors="0" timestamp="2022-02-19T09:42:03 IST" skipped="0">
  <testcase classname="test.ashiv.TestNewSupplierBillBatch_UserStories" name="GoToUrlAssertUrlClickExpenditure1ClickViewNew2ClickNewSupplierBillBatch3ClickSave4PositiveSel" time="62.965"/>
  <system-out/>
</testsuite> <!-- test.ashiv.TestNewSupplierBillBatch_UserStories -->
