<?xml version="1.0" encoding="UTF-8"?>
<!-- Generated by org.testng.reporters.JUnitReportReporter -->
<testsuite hostname="OB-Sum" failures="0" tests="1" name="VAT3.FullREC_F2_NOVAT.Suplier_addvatrate_Addvat1" time="44.040" errors="0" timestamp="2021-12-19T01:41:02 IST" skipped="0">
  <testcase classname="VAT3.FullREC_F2_NOVAT.Suplier_addvatrate_Addvat1" name="GoToUrlAssertUrlPositiveSelectVATStatus1PositiveEnterEffectiveDatePositiveSelectFlatrateBusines" time="44.040"/>
  <system-out/>
</testsuite> <!-- VAT3.FullREC_F2_NOVAT.Suplier_addvatrate_Addvat1 -->
