<?xml version="1.0" encoding="UTF-8"?>
<!-- Generated by org.testng.reporters.JUnitReportReporter -->
<testsuite hostname="OB-Sum" failures="0" tests="1" name="VAT3_InvoiceUnreconcileCases.ScriptEditVATFlatP_DefaultProfile_5" time="85.094" errors="0" timestamp="2022-02-07T19:49:30 IST" skipped="0">
  <testcase classname="VAT3_InvoiceUnreconcileCases.ScriptEditVATFlatP_DefaultProfile_5" name="GoToUrlAssertUrlPositiveEnterUserNamePositiveEnterPasswordClickLoginButtonGoToUrlAssertUrlCl3" time="85.094"/>
  <system-out/>
</testsuite> <!-- VAT3_InvoiceUnreconcileCases.ScriptEditVATFlatP_DefaultProfile_5 -->
