<?xml version="1.0" encoding="UTF-8"?>
<!-- Generated by org.testng.reporters.JUnitReportReporter -->
<testsuite hostname="OB-Sum" failures="0" tests="6" name="Supplier_FRSToNoVAT.ScriptSupplierBill_FRSToNoVAT_DefaultProfile" time="312.961" errors="0" timestamp="2021-12-19T01:41:00 IST" skipped="0">
  <testcase classname="Supplier_FRSToNoVAT.ScriptSupplierBill_FRSToNoVAT_DefaultProfile" name="GoToUrlAssertUrlPositiveEnterUserNamePositiveEnterPasswordClickLoginButtonGoToUrlAssertUrlCl2" time="53.493"/>
  <system-out/>
  <testcase classname="Supplier_FRSToNoVAT.ScriptSupplierBill_FRSToNoVAT_DefaultProfile" name="GoToUrlAssertUrlPositiveEnterUserNamePositiveEnterPasswordClickLoginButtonGoToUrlAssertUrlCl5" time="52.216"/>
  <system-out/>
  <testcase classname="Supplier_FRSToNoVAT.ScriptSupplierBill_FRSToNoVAT_DefaultProfile" name="GoToUrlAssertUrlPositiveEnterUserNamePositiveEnterPasswordClickLoginButtonGoToUrlAssertUrlCl4" time="51.242"/>
  <system-out/>
  <testcase classname="Supplier_FRSToNoVAT.ScriptSupplierBill_FRSToNoVAT_DefaultProfile" name="GoToUrlAssertUrlPositiveEnterUserNamePositiveEnterPasswordClickLoginButtonGoToUrlAssertUrlCl1" time="50.751"/>
  <system-out/>
  <testcase classname="Supplier_FRSToNoVAT.ScriptSupplierBill_FRSToNoVAT_DefaultProfile" name="GoToUrlAssertUrlPositiveEnterUserNamePositiveEnterPasswordClickLoginButtonGoToUrlAssertUrlCl6" time="53.544"/>
  <system-out/>
  <testcase classname="Supplier_FRSToNoVAT.ScriptSupplierBill_FRSToNoVAT_DefaultProfile" name="GoToUrlAssertUrlPositiveEnterUserNamePositiveEnterPasswordClickLoginButtonGoToUrlAssertUrlCl3" time="51.715"/>
  <system-out/>
</testsuite> <!-- Supplier_FRSToNoVAT.ScriptSupplierBill_FRSToNoVAT_DefaultProfile -->
