<?xml version="1.0" encoding="UTF-8"?>
<!-- Generated by org.testng.reporters.JUnitReportReporter -->
<testsuite hostname="OB-Sum" failures="0" tests="1" name="test.ashiv.TestEnpenseReimbursement_DefaultProfile" time="162.468" errors="0" timestamp="2021-11-11T17:36:10 IST" skipped="0">
  <testcase classname="test.ashiv.TestEnpenseReimbursement_DefaultProfile" name="GoToUrlAssertUrlClickExpenditure1ClickView2ClickExpenseReimbursement3PositiveSelectSelectMonth" time="162.468"/>
  <system-out/>
</testsuite> <!-- test.ashiv.TestEnpenseReimbursement_DefaultProfile -->
