<?xml version="1.0" encoding="UTF-8"?>
<!-- Generated by org.testng.reporters.JUnitReportReporter -->
<testsuite hostname="OB-Yogesh" failures="0" tests="1" name="test.PartialReconciledCases.ScriptVATReturn3stVATReturnReport_SToFlat_DefaultProfile" time="41.228" errors="0" timestamp="2021-03-24T18:27:15 IST" skipped="0">
  <testcase classname="test.PartialReconciledCases.ScriptVATReturn3stVATReturnReport_SToFlat_DefaultProfile" name="GoToUrlAssertUrlPositiveEnterUserNamePositiveEnterPasswordClickLoginButtonGoToUrlAssertUrlCl" time="41.228"/>
  <system-out/>
</testsuite> <!-- test.PartialReconciledCases.ScriptVATReturn3stVATReturnReport_SToFlat_DefaultProfile -->
