<?xml version="1.0" encoding="UTF-8"?>
<!-- Generated by org.testng.reporters.JUnitReportReporter -->
<testsuite hostname="OB-Sum" failures="0" tests="6" name="VAT3.FullREC_S2_NOVAT.Supplier_debitNote_3" time="723.146" errors="0" timestamp="2022-02-07T19:49:31 IST" skipped="0">
  <testcase classname="VAT3.FullREC_S2_NOVAT.Supplier_debitNote_3" name="GoToUrlAssertUrlPositiveEnternLOGINPositiveEnternPASSClickLoginGoToUrlAssertUrlClickAgentsP7" time="122.244"/>
  <system-out/>
  <testcase classname="VAT3.FullREC_S2_NOVAT.Supplier_debitNote_3" name="GoToUrlAssertUrlPositiveEnternLOGINPositiveEnternPASSClickLoginGoToUrlAssertUrlClickAgentsP1" time="123.480"/>
  <system-out/>
  <testcase classname="VAT3.FullREC_S2_NOVAT.Supplier_debitNote_3" name="GoToUrlAssertUrlPositiveEnternLOGINPositiveEnternPASSClickLoginGoToUrlAssertUrlClickAgentsP3" time="119.154"/>
  <system-out/>
  <testcase classname="VAT3.FullREC_S2_NOVAT.Supplier_debitNote_3" name="GoToUrlAssertUrlPositiveEnternLOGINPositiveEnternPASSClickLoginGoToUrlAssertUrlClickAgentsP6" time="118.157"/>
  <system-out/>
  <testcase classname="VAT3.FullREC_S2_NOVAT.Supplier_debitNote_3" name="GoToUrlAssertUrlPositiveEnternLOGINPositiveEnternPASSClickLoginGoToUrlAssertUrlClickAgentsP2" time="119.028"/>
  <system-out/>
  <testcase classname="VAT3.FullREC_S2_NOVAT.Supplier_debitNote_3" name="GoToUrlAssertUrlPositiveEnternLOGINPositiveEnternPASSClickLoginGoToUrlAssertUrlClickAgentsP71" time="121.083"/>
  <system-out/>
</testsuite> <!-- VAT3.FullREC_S2_NOVAT.Supplier_debitNote_3 -->
