<?xml version="1.0" encoding="UTF-8"?>
<!-- Generated by org.testng.reporters.JUnitReportReporter -->
<testsuite hostname="OB-Sum" failures="0" tests="3" name="test.FlatToStandard.Script_Invoice_FlatToStandard_DefaultProfile" time="165.972" errors="0" timestamp="2021-12-09T13:10:41 IST" skipped="0">
  <testcase classname="test.FlatToStandard.Script_Invoice_FlatToStandard_DefaultProfile" name="GoToUrlAssertUrlPositiveEnterUserNamePositiveEnterPasswordClickLoginButtonGoToUrlAssertUrlCl2" time="56.252"/>
  <system-out/>
  <testcase classname="test.FlatToStandard.Script_Invoice_FlatToStandard_DefaultProfile" name="GoToUrlAssertUrlPositiveEnterUserNamePositiveEnterPasswordClickLoginButtonGoToUrlAssertUrlCl3" time="56.147"/>
  <system-out/>
  <testcase classname="test.FlatToStandard.Script_Invoice_FlatToStandard_DefaultProfile" name="GoToUrlAssertUrlPositiveEnterUserNamePositiveEnterPasswordClickLoginButtonGoToUrlAssertUrlCl1" time="53.573"/>
  <system-out/>
</testsuite> <!-- test.FlatToStandard.Script_Invoice_FlatToStandard_DefaultProfile -->
