<?xml version="1.0" encoding="UTF-8"?>
<!-- Generated by org.testng.reporters.JUnitReportReporter -->
<testsuite hostname="OB-Sum" failures="0" tests="1" name="Test_Income.TestNewBatchEntry_TC06" time="42.687" errors="0" timestamp="2021-11-11T20:51:38 IST" skipped="0">
  <testcase classname="Test_Income.TestNewBatchEntry_TC06" name="ClickNew1ClickNewBatchEntry2PositiveEnterInvoiceDate3PositiveSelectSelectCustomer4PositiveFillEntrySaveSussMsg_TC06" time="42.687"/>
  <system-out/>
</testsuite> <!-- Test_Income.TestNewBatchEntry_TC06 -->
