<?xml version="1.0" encoding="UTF-8"?>
<!-- Generated by org.testng.reporters.JUnitReportReporter -->
<testsuite hostname="OB-Sum" failures="0" tests="3" name="Test_Balance_RE_Jour_Bank_Supp_3.TC_03_3_2_BS_FixedAsset_30_To_34_With_Journal_Bank_Supplier" time="269.237" errors="0" timestamp="2022-02-19T09:42:03 IST" skipped="0">
  <testcase classname="Test_Balance_RE_Jour_Bank_Supp_3.TC_03_3_2_BS_FixedAsset_30_To_34_With_Journal_Bank_Supplier" name="GoToUrlAssertUrlPositiveEnternLOGINPositiveEnternPASSClickLoginGoToUrlAssertUrlClickAgentsP2" time="106.812"/>
  <system-out/>
  <testcase classname="Test_Balance_RE_Jour_Bank_Supp_3.TC_03_3_2_BS_FixedAsset_30_To_34_With_Journal_Bank_Supplier" name="GoToUrlAssertUrlPositiveEnternLOGINPositiveEnternPASSClickLoginGoToUrlAssertUrlClickAgentsP3" time="111.846"/>
  <system-out/>
  <testcase classname="Test_Balance_RE_Jour_Bank_Supp_3.TC_03_3_2_BS_FixedAsset_30_To_34_With_Journal_Bank_Supplier" name="GoToUrlAssertUrlPositiveEnternLOGINPositiveEnternPASSClickLoginGoToUrlAssertUrlClickAgentsP1" time="50.579"/>
  <system-out>
    <![CDATA[ledger 1 entered :30 - Goodwill Cost B/Fwd
ledger 2 entered :31 - Goodwill Additions
ledger 3 entered :32 - Goodwill Disposals
ledger 4 entered :33 - Goodwill Revaluations
ledger 5 entered :34 - Goodwill Transfers
Ledger code verified: Goodwill Cost B/Fwd
Amount enter verified: 1,000.00
Ledger code verified: Goodwill Additions
Amount enter verified: 1,000.00
Ledger code verified: Goodwill Disposals
Amount enter verified: 1,000.00
Ledger code verified: Goodwill Revaluations
Amount enter verified: 1,000.00
Ledger code verified: Goodwill Transfers
Amount enter verified: (4,000.00)
Enteries are Verified on Balance Sheet Report page :]]>
  </system-out>
</testsuite> <!-- Test_Balance_RE_Jour_Bank_Supp_3.TC_03_3_2_BS_FixedAsset_30_To_34_With_Journal_Bank_Supplier -->
