<?xml version="1.0" encoding="UTF-8"?>
<!-- Generated by org.testng.reporters.JUnitReportReporter -->
<testsuite hostname="OB-Sum" failures="0" tests="1" name="tests.ScriptPostVATReturn2stVATReturnReport_SToNOVAT_DefaultProfile" time="68.514" errors="0" timestamp="2021-12-19T01:40:59 IST" skipped="0">
  <testcase classname="tests.ScriptPostVATReturn2stVATReturnReport_SToNOVAT_DefaultProfile" name="GoToUrlAssertUrlPositiveEnterUserNamePositiveEnterPasswordClickLoginButtonGoToUrlAssertUrlCl" time="68.514"/>
  <system-out/>
</testsuite> <!-- tests.ScriptPostVATReturn2stVATReturnReport_SToNOVAT_DefaultProfile -->
