<?xml version="1.0" encoding="UTF-8"?>
<!-- Generated by org.testng.reporters.JUnitReportReporter -->
<testsuite hostname="OB-Yogesh" failures="0" tests="1" name="Supplier_FRSToFRSP.ScriptEditVATFlatP_DefaultProfile" time="58.265" errors="0" timestamp="2021-03-06T17:43:23 IST" skipped="0">
  <testcase classname="Supplier_FRSToFRSP.ScriptEditVATFlatP_DefaultProfile" name="GoToUrlAssertUrlPositiveEnterUserNamePositiveEnterPasswordClickLoginButtonGoToUrlAssertUrlCl3" time="58.265"/>
  <system-out/>
</testsuite> <!-- Supplier_FRSToFRSP.ScriptEditVATFlatP_DefaultProfile -->
