<?xml version="1.0" encoding="UTF-8"?>
<!-- Generated by org.testng.reporters.JUnitReportReporter -->
<testsuite hostname="OB-Sum" failures="0" tests="1" name="Supplier_STNDToFRS.ScriptPostVATReturn1stVATReturnReport_DefaultProfile" time="52.140" errors="0" timestamp="2021-12-09T11:24:15 IST" skipped="0">
  <testcase classname="Supplier_STNDToFRS.ScriptPostVATReturn1stVATReturnReport_DefaultProfile" name="GoToUrlAssertUrlPositiveEnterUserNamePositiveEnterPasswordClickLoginButtonGoToUrlAssertUrlCl" time="52.140"/>
  <system-out/>
</testsuite> <!-- Supplier_STNDToFRS.ScriptPostVATReturn1stVATReturnReport_DefaultProfile -->
