<?xml version="1.0" encoding="UTF-8"?>
<!-- Generated by org.testng.reporters.JUnitReportReporter -->
<testsuite hostname="OB-Yogesh" failures="0" tests="1" name="Supplier_FRSToNoVAT.ScriptVerifyByTrialBalanceScreenshotDefaultProfile_DefaultProfile" time="32.538" errors="0" timestamp="2021-03-02T00:14:26 IST" skipped="0">
  <testcase classname="Supplier_FRSToNoVAT.ScriptVerifyByTrialBalanceScreenshotDefaultProfile_DefaultProfile" name="GoToUrlAssertUrlPositiveEnterUserNamePositiveEnterPasswordClickLoginButtonGoToUrlAssertUrlCl" time="32.538"/>
  <system-out/>
</testsuite> <!-- Supplier_FRSToNoVAT.ScriptVerifyByTrialBalanceScreenshotDefaultProfile_DefaultProfile -->
