<?xml version="1.0" encoding="UTF-8"?>
<!-- Generated by org.testng.reporters.JUnitReportReporter -->
<testsuite hostname="OB-Sum" failures="0" tests="1" name="tests.ScriptVesrifyByTrialBalancePDFDefaultProfile_SToNOVAT" time="52.517" errors="0" timestamp="2022-02-06T06:55:29 IST" skipped="0">
  <testcase classname="tests.ScriptVesrifyByTrialBalancePDFDefaultProfile_SToNOVAT" name="GoToUrlAssertUrlPositiveEnterUserNamePositiveEnterPasswordClickLoginButtonGoToUrlAssertUrlCl" time="52.517"/>
  <system-out/>
</testsuite> <!-- tests.ScriptVesrifyByTrialBalancePDFDefaultProfile_SToNOVAT -->
