<?xml version="1.0" encoding="UTF-8"?>
<!-- Generated by org.testng.reporters.JUnitReportReporter -->
<testsuite hostname="OB-Sum" failures="0" tests="3" name="Test_Trial_Balance_Report.TC_42_3_LedgerCode_7902_7926_ValuesUnderExpenseHead_JournalEntry_Bank_Supplier" time="223.756" errors="0" timestamp="2021-12-21T17:20:21 IST" skipped="0">
  <testcase classname="Test_Trial_Balance_Report.TC_42_3_LedgerCode_7902_7926_ValuesUnderExpenseHead_JournalEntry_Bank_Supplier" name="GoToUrlAssertUrlPositiveEnternLOGINPositiveEnternPASSClickLoginGoToUrlAssertUrlClickAgentsP2" time="67.409"/>
  <system-out/>
  <testcase classname="Test_Trial_Balance_Report.TC_42_3_LedgerCode_7902_7926_ValuesUnderExpenseHead_JournalEntry_Bank_Supplier" name="GoToUrlAssertUrlPositiveEnternLOGINPositiveEnternPASSClickLoginGoToUrlAssertUrlClickAgentsP1" time="77.011"/>
  <system-out/>
  <testcase classname="Test_Trial_Balance_Report.TC_42_3_LedgerCode_7902_7926_ValuesUnderExpenseHead_JournalEntry_Bank_Supplier" name="GoToUrlAssertUrlPositiveEnternLOGINPositiveEnternPASSClickLoginGoToUrlAssertUrlClickAgentsP3" time="79.336"/>
  <system-out/>
</testsuite> <!-- Test_Trial_Balance_Report.TC_42_3_LedgerCode_7902_7926_ValuesUnderExpenseHead_JournalEntry_Bank_Supplier -->
