<?xml version="1.0" encoding="UTF-8"?>
<!-- Generated by org.testng.reporters.JUnitReportReporter -->
<testsuite hostname="OB-Sum" failures="0" tests="2" name="Test_Trial_Balance_RE_Jour_Bank_Supp_3.TC_32_2_BS_CreditDueWithinOneYear__2090_91_92_93_95_With_Journal_Bank" time="207.229" errors="0" timestamp="2022-01-18T16:59:19 IST" skipped="0">
  <testcase classname="Test_Trial_Balance_RE_Jour_Bank_Supp_3.TC_32_2_BS_CreditDueWithinOneYear__2090_91_92_93_95_With_Journal_Bank" name="GoToUrlAssertUrlPositiveEnternLOGINPositiveEnternPASSClickLoginGoToUrlAssertUrlClickAgentsP1" time="70.060"/>
  <system-out>
    <![CDATA[ledger 1 entered :2090 - Pension Schemes
ledger 2 entered :2091 - Accruals
ledger 3 entered :2092 - Deferred Income
ledger 4 entered :2093 - Grants
ledger 5 entered :2095 - Amounts Owed to Group Companies
Ledger code verified: Pension Schemes
Amount enter verified: 1,000.00
Ledger code verified: Accruals
Amount enter verified: 1,000.00
Ledger code verified: Deferred Income
Amount enter verified: 1,000.00
Ledger code verified: Grants
Amount enter verified: 1,000.00
Ledger code verified: Amounts Owed to Group Companies
Amount enter verified: (4,000.00)
Enteries are Verified on Balance Sheet Report page :]]>
  </system-out>
  <testcase classname="Test_Trial_Balance_RE_Jour_Bank_Supp_3.TC_32_2_BS_CreditDueWithinOneYear__2090_91_92_93_95_With_Journal_Bank" name="GoToUrlAssertUrlPositiveEnternLOGINPositiveEnternPASSClickLoginGoToUrlAssertUrlClickAgentsP3" time="137.169"/>
  <system-out/>
</testsuite> <!-- Test_Trial_Balance_RE_Jour_Bank_Supp_3.TC_32_2_BS_CreditDueWithinOneYear__2090_91_92_93_95_With_Journal_Bank -->
