<?xml version="1.0" encoding="UTF-8"?>
<!-- Generated by org.testng.reporters.JUnitReportReporter -->
<testsuite hostname="OB-Yogesh" failures="0" tests="2" name="test.FlatToStandard.ScriptVATReturn3stVATReturnReport_FlatToStandard_DefaultProfile" time="72.083" errors="0" timestamp="2021-02-17T13:05:06 IST" skipped="0">
  <testcase classname="test.FlatToStandard.ScriptVATReturn3stVATReturnReport_FlatToStandard_DefaultProfile" name="GoToUrlAssertUrlPositiveEnterUserNamePositiveEnterPasswordClickLoginButtonGoToUrlAssertUrlCl" time="37.110"/>
  <system-out/>
  <testcase classname="test.FlatToStandard.ScriptVATReturn3stVATReturnReport_FlatToStandard_DefaultProfile" name="GoToUrlAssertUrlPositiveEnterUserNamePositiveEnterPasswordClickLoginButtonGoToUrlAssertUrlCl" time="34.973"/>
  <system-out/>
</testsuite> <!-- test.FlatToStandard.ScriptVATReturn3stVATReturnReport_FlatToStandard_DefaultProfile -->
