<?xml version="1.0" encoding="UTF-8"?>
<!-- Generated by org.testng.reporters.JUnitReportReporter -->
<testsuite hostname="OB-Yogesh" failures="0" tests="1" name="VATPhase3_Banking_allocateToExp.ScriptFlatToFlatP_StandToNoVAT_DefaultProfile_4" time="47.557" errors="0" timestamp="2021-05-13T14:06:07 IST" skipped="0">
  <testcase classname="VATPhase3_Banking_allocateToExp.ScriptFlatToFlatP_StandToNoVAT_DefaultProfile_4" name="GoToUrlAssertUrlPositiveEnterUserNamePositiveEnterPasswordClickLoginButtonGoToUrlAssertUrlCl1" time="47.557"/>
  <system-out/>
</testsuite> <!-- VATPhase3_Banking_allocateToExp.ScriptFlatToFlatP_StandToNoVAT_DefaultProfile_4 -->
