<?xml version="1.0" encoding="UTF-8"?>
<!-- Generated by org.testng.reporters.JUnitReportReporter -->
<testsuite hostname="OB-Sum" failures="0" tests="1" name="VATPhase3_Banking_allocateToExp.ScriptVATReturn2stVATReturnReport_FlatToFlatPer_DefaultProfile_5" time="75.912" errors="0" timestamp="2022-02-06T06:55:30 IST" skipped="0">
  <testcase classname="VATPhase3_Banking_allocateToExp.ScriptVATReturn2stVATReturnReport_FlatToFlatPer_DefaultProfile_5" name="GoToUrlAssertUrlPositiveEnterUserNamePositiveEnterPasswordClickLoginButtonGoToUrlAssertUrlCl" time="75.912"/>
  <system-out/>
</testsuite> <!-- VATPhase3_Banking_allocateToExp.ScriptVATReturn2stVATReturnReport_FlatToFlatPer_DefaultProfile_5 -->
