<?xml version="1.0" encoding="UTF-8"?>
<!-- Generated by org.testng.reporters.JUnitReportReporter -->
<testsuite hostname="OB-Sum" failures="0" tests="1" name="PartialReconcileForSupplierBillFlatToStand.ScriptPostVATReturn3stVATReturnReport_DefaultProfile" time="46.318" errors="0" timestamp="2021-12-19T01:40:58 IST" skipped="0">
  <testcase classname="PartialReconcileForSupplierBillFlatToStand.ScriptPostVATReturn3stVATReturnReport_DefaultProfile" name="GoToUrlAssertUrlPositiveEnterUserNamePositiveEnterPasswordClickLoginButtonGoToUrlAssertUrlCl" time="46.318"/>
  <system-out/>
</testsuite> <!-- PartialReconcileForSupplierBillFlatToStand.ScriptPostVATReturn3stVATReturnReport_DefaultProfile -->
