<?xml version="1.0" encoding="UTF-8"?>
<!-- Generated by org.testng.reporters.JUnitReportReporter -->
<testsuite hostname="OB-Sum" failures="0" tests="6" name="VAT3_InvoiceUnreconcileCases.Script_Invoice_StandToFlat_DefaultProfile_4" time="361.320" errors="0" timestamp="2021-11-25T12:11:10 IST" skipped="0">
  <testcase classname="VAT3_InvoiceUnreconcileCases.Script_Invoice_StandToFlat_DefaultProfile_4" name="GoToUrlAssertUrlPositiveEnterUserNamePositiveEnterPasswordClickLoginButtonGoToUrlAssertUrlCl2" time="56.835"/>
  <system-out/>
  <testcase classname="VAT3_InvoiceUnreconcileCases.Script_Invoice_StandToFlat_DefaultProfile_4" name="GoToUrlAssertUrlPositiveEnterUserNamePositiveEnterPasswordClickLoginButtonGoToUrlAssertUrlCl6" time="60.899"/>
  <system-out/>
  <testcase classname="VAT3_InvoiceUnreconcileCases.Script_Invoice_StandToFlat_DefaultProfile_4" name="GoToUrlAssertUrlPositiveEnterUserNamePositiveEnterPasswordClickLoginButtonGoToUrlAssertUrlCl5" time="62.365"/>
  <system-out/>
  <testcase classname="VAT3_InvoiceUnreconcileCases.Script_Invoice_StandToFlat_DefaultProfile_4" name="GoToUrlAssertUrlPositiveEnterUserNamePositiveEnterPasswordClickLoginButtonGoToUrlAssertUrlCl1" time="60.569"/>
  <system-out/>
  <testcase classname="VAT3_InvoiceUnreconcileCases.Script_Invoice_StandToFlat_DefaultProfile_4" name="GoToUrlAssertUrlPositiveEnterUserNamePositiveEnterPasswordClickLoginButtonGoToUrlAssertUrlCl4" time="60.717"/>
  <system-out/>
  <testcase classname="VAT3_InvoiceUnreconcileCases.Script_Invoice_StandToFlat_DefaultProfile_4" name="GoToUrlAssertUrlPositiveEnterUserNamePositiveEnterPasswordClickLoginButtonGoToUrlAssertUrlCl3" time="59.935"/>
  <system-out/>
</testsuite> <!-- VAT3_InvoiceUnreconcileCases.Script_Invoice_StandToFlat_DefaultProfile_4 -->
