<?xml version="1.0" encoding="UTF-8"?>
<!-- Generated by org.testng.reporters.JUnitReportReporter -->
<testsuite hostname="OB-Sum" failures="0" tests="1" name="test.PartialReconciledCases.ScriptEditSettingToVATType_DefaultProfile" time="52.121" errors="0" timestamp="2021-12-19T01:40:59 IST" skipped="0">
  <testcase classname="test.PartialReconciledCases.ScriptEditSettingToVATType_DefaultProfile" name="GoToUrlAssertUrlPositiveEnterUserNamePositiveEnterPasswordClickLoginButtonGoToUrlAssertUrlCl2" time="52.121"/>
  <system-out/>
</testsuite> <!-- test.PartialReconciledCases.ScriptEditSettingToVATType_DefaultProfile -->
