<?xml version="1.0" encoding="UTF-8"?>
<!-- Generated by org.testng.reporters.JUnitReportReporter -->
<testsuite hostname="OB-Sum" failures="0" tests="1" name="VATPhase3_Banking_ToSale.ScriptVATReturn1stVATReturnReport_FlatToFlatPer_DefaultProfile_5" time="55.887" errors="0" timestamp="2022-02-06T06:55:31 IST" skipped="0">
  <testcase classname="VATPhase3_Banking_ToSale.ScriptVATReturn1stVATReturnReport_FlatToFlatPer_DefaultProfile_5" name="GoToUrlAssertUrlPositiveEnterUserNamePositiveEnterPasswordClickLoginButtonGoToUrlAssertUrlCl" time="55.887"/>
  <system-out/>
</testsuite> <!-- VATPhase3_Banking_ToSale.ScriptVATReturn1stVATReturnReport_FlatToFlatPer_DefaultProfile_5 -->
