<?xml version="1.0" encoding="UTF-8"?>
<!-- Generated by org.testng.reporters.JUnitReportReporter -->
<testsuite hostname="OB-Sum" failures="0" tests="1" name="Supplier_FRSToNoVAT.ScriptVATReturn1stVATReturnReport_FRSToNOVAT_DefaultProfile" time="71.233" errors="0" timestamp="2021-12-19T01:41:02 IST" skipped="0">
  <testcase classname="Supplier_FRSToNoVAT.ScriptVATReturn1stVATReturnReport_FRSToNOVAT_DefaultProfile" name="GoToUrlAssertUrlPositiveEnterUserNamePositiveEnterPasswordClickLoginButtonGoToUrlAssertUrlCl" time="71.233"/>
  <system-out/>
</testsuite> <!-- Supplier_FRSToNoVAT.ScriptVATReturn1stVATReturnReport_FRSToNOVAT_DefaultProfile -->
