<?xml version="1.0" encoding="UTF-8"?>
<!-- Generated by org.testng.reporters.JUnitReportReporter -->
<testsuite hostname="OB-Sum" failures="0" tests="1" name="Test_Income.TestRepeatInvoice_TC06" time="39.991" errors="0" timestamp="2021-11-11T20:51:38 IST" skipped="0">
  <testcase classname="Test_Income.TestRepeatInvoice_TC06" name="GoToUrlClickView1ClickRepeatInvoice2ClickAddRepeatInvoice3PositiveSelectSelectCustomer4PosititDownloadCSVFile_TC06" time="39.991"/>
  <system-out/>
</testsuite> <!-- Test_Income.TestRepeatInvoice_TC06 -->
