<?xml version="1.0" encoding="UTF-8"?>
<!-- Generated by org.testng.reporters.JUnitReportReporter -->
<testsuite hostname="OB-Sum" failures="0" tests="1" name="Test_Income.Test_NewQuotes_TC05_TC14" time="39.022" errors="0" timestamp="2021-10-27T15:27:44 IST" skipped="0">
  <testcase classname="Test_Income.Test_NewQuotes_TC05_TC14" name="ClickNew1ClickNewQuote2PositiveSelectSelectCustomer3EnterEnterInvoiceNo4PositiveLineItems_TC013" time="39.022"/>
  <system-out/>
</testsuite> <!-- Test_Income.Test_NewQuotes_TC05_TC14 -->
