<?xml version="1.0" encoding="UTF-8"?>
<!-- Generated by org.testng.reporters.JUnitReportReporter -->
<testsuite hostname="OB-Sum" failures="0" tests="1" name="test.FlatToFlatPer.ScriptPostVATReturn1stVATReturnReport_FlatToFlatP_DefaultProfile" time="55.303" errors="0" timestamp="2022-02-06T06:55:36 IST" skipped="0">
  <testcase classname="test.FlatToFlatPer.ScriptPostVATReturn1stVATReturnReport_FlatToFlatP_DefaultProfile" name="GoToUrlAssertUrlPositiveEnterUserNamePositiveEnterPasswordClickLoginButtonGoToUrlAssertUrlCl" time="55.303"/>
  <system-out/>
</testsuite> <!-- test.FlatToFlatPer.ScriptPostVATReturn1stVATReturnReport_FlatToFlatP_DefaultProfile -->
