<?xml version="1.0" encoding="UTF-8"?>
<!-- Generated by org.testng.reporters.JUnitReportReporter -->
<testsuite hostname="OB-Sum" failures="0" tests="3" name="Test_Balance_RE_Jour_Bank_Supp_3.TC_04_3_2_BS_FixedAsset_40_To_44_With_Journal_Bank_Supplier" time="264.840" errors="0" timestamp="2022-02-19T09:42:02 IST" skipped="0">
  <testcase classname="Test_Balance_RE_Jour_Bank_Supp_3.TC_04_3_2_BS_FixedAsset_40_To_44_With_Journal_Bank_Supplier" name="GoToUrlAssertUrlPositiveEnternLOGINPositiveEnternPASSClickLoginGoToUrlAssertUrlClickAgentsP3" time="104.166"/>
  <system-out/>
  <testcase classname="Test_Balance_RE_Jour_Bank_Supp_3.TC_04_3_2_BS_FixedAsset_40_To_44_With_Journal_Bank_Supplier" name="GoToUrlAssertUrlPositiveEnternLOGINPositiveEnternPASSClickLoginGoToUrlAssertUrlClickAgentsP1" time="50.922"/>
  <system-out>
    <![CDATA[ledger 1 entered :40 - Payment on Account Cost B/Fwd
ledger 2 entered :41 - Payment on Account Additions
ledger 3 entered :42 - Payment on Account Disposals
ledger 4 entered :43 - Payment on Account Revaluations
ledger 5 entered :44 - Payment on Account Transfers
Ledger code verified: Payment on Account Cost B/Fwd
Amount enter verified: 1,000.00
Ledger code verified: Payment on Account Additions
Amount enter verified: 1,000.00
Ledger code verified: Payment on Account Disposals
Amount enter verified: 1,000.00
Ledger code verified: Payment on Account Revaluations
Amount enter verified: 1,000.00
Ledger code verified: Payment on Account Transfers
Amount enter verified: (4,000.00)
Enteries are Verified on Balance Sheet Report page :]]>
  </system-out>
  <testcase classname="Test_Balance_RE_Jour_Bank_Supp_3.TC_04_3_2_BS_FixedAsset_40_To_44_With_Journal_Bank_Supplier" name="GoToUrlAssertUrlPositiveEnternLOGINPositiveEnternPASSClickLoginGoToUrlAssertUrlClickAgentsP2" time="109.752"/>
  <system-out/>
</testsuite> <!-- Test_Balance_RE_Jour_Bank_Supp_3.TC_04_3_2_BS_FixedAsset_40_To_44_With_Journal_Bank_Supplier -->
