<?xml version="1.0" encoding="UTF-8"?>
<!-- Generated by org.testng.reporters.JUnitReportReporter -->
<testsuite hostname="OB-Sum" failures="0" tests="1" name="Supplier_FRSToFRSP.ScriptVATReturn1stVATReturnReport_FRSToStandard_DefaultProfile" time="55.673" errors="0" timestamp="2022-02-06T06:55:37 IST" skipped="0">
  <testcase classname="Supplier_FRSToFRSP.ScriptVATReturn1stVATReturnReport_FRSToStandard_DefaultProfile" name="GoToUrlAssertUrlPositiveEnterUserNamePositiveEnterPasswordClickLoginButtonGoToUrlAssertUrlCl" time="55.673"/>
  <system-out/>
</testsuite> <!-- Supplier_FRSToFRSP.ScriptVATReturn1stVATReturnReport_FRSToStandard_DefaultProfile -->
