<?xml version="1.0" encoding="UTF-8"?>
<!-- Generated by org.testng.reporters.JUnitReportReporter -->
<testsuite hostname="OB-Sum" failures="0" tests="11" name="Test_Income.Test_NewQuotes_TC05_TC15" time="450.926" errors="0" timestamp="2021-11-11T20:51:38 IST" skipped="0">
  <testcase classname="Test_Income.Test_NewQuotes_TC05_TC15" name="ClickNew1ClickNewQuote2PositiveSelectSelectCustomer3EnterEnterInvoiceNo4PositiveLineItems_TC012" time="40.296"/>
  <system-out/>
  <testcase classname="Test_Income.Test_NewQuotes_TC05_TC15" name="ClickNew1ClickNewQuote2PositiveSelectSelectCustomer3EnterEnterInvoiceNo4PositiveLineItems_TC06" time="36.599"/>
  <system-out/>
  <testcase classname="Test_Income.Test_NewQuotes_TC05_TC15" name="ClickNew1ClickNewQuote2PositiveSelectSelectCustomer3EnterEnterInvoiceNo4PositiveLineItems_TC011" time="38.436"/>
  <system-out/>
  <testcase classname="Test_Income.Test_NewQuotes_TC05_TC15" name="ClickNew1ClickNewQuote2PositiveSelectSelectCustomer3EnterEnterInvoiceNo4PositiveLineItems_TC014" time="39.864"/>
  <system-out/>
  <testcase classname="Test_Income.Test_NewQuotes_TC05_TC15" name="ClickNew1ClickNewQuote2PositiveSelectSelectCustomer3EnterEnterInvoiceNo4PositiveLineItems_TC015" time="46.203"/>
  <system-out/>
  <testcase classname="Test_Income.Test_NewQuotes_TC05_TC15" name="ClickNew1ClickNewQuote2PositiveSelectSelectCustomer3EnterEnterInvoiceNo4PositiveLineItems_TC05" time="38.062"/>
  <system-out/>
  <testcase classname="Test_Income.Test_NewQuotes_TC05_TC15" name="ClickNew1ClickNewQuote2PositiveSelectSelectCustomer3EnterEnterInvoiceNo4PositiveLineItems_TC09" time="46.536"/>
  <system-out/>
  <testcase classname="Test_Income.Test_NewQuotes_TC05_TC15" name="ClickNew1ClickNewQuote2PositiveSelectSelectCustomer3EnterEnterInvoiceNo4PositiveLineItems_TC013" time="37.891"/>
  <system-out/>
  <testcase classname="Test_Income.Test_NewQuotes_TC05_TC15" name="ClickNew1ClickNewQuote2PositiveSelectSelectCustomer3EnterEnterInvoiceNo4PositiveLineItems_TC08" time="40.922"/>
  <system-out/>
  <testcase classname="Test_Income.Test_NewQuotes_TC05_TC15" name="ClickNew1ClickNewQuote2PositiveSelectSelectCustomer3EnterEnterInvoiceNo4PositiveLineItems_TC07" time="38.898"/>
  <system-out/>
  <testcase classname="Test_Income.Test_NewQuotes_TC05_TC15" name="ClickNew1ClickNewQuote2PositiveSelectSelectCustomer3EnterEnterInvoiceNo4PositiveLineItems_TC010" time="47.219"/>
  <system-out/>
</testsuite> <!-- Test_Income.Test_NewQuotes_TC05_TC15 -->
