<?xml version="1.0" encoding="UTF-8"?>
<!-- Generated by org.testng.reporters.JUnitReportReporter -->
<testsuite hostname="OB-Yogesh" failures="0" tests="6" name="test.FlatToFlatPer.Script_Invoice_FlatToFlatP_DefaultProfile" time="358.255" errors="0" timestamp="2021-02-19T00:35:21 IST" skipped="0">
  <testcase classname="test.FlatToFlatPer.Script_Invoice_FlatToFlatP_DefaultProfile" name="GoToUrlAssertUrlPositiveEnterUserNamePositiveEnterPasswordClickLoginButtonGoToUrlAssertUrlCl5" time="56.240"/>
  <system-out/>
  <testcase classname="test.FlatToFlatPer.Script_Invoice_FlatToFlatP_DefaultProfile" name="GoToUrlAssertUrlPositiveEnterUserNamePositiveEnterPasswordClickLoginButtonGoToUrlAssertUrlCl6" time="52.897"/>
  <system-out/>
  <testcase classname="test.FlatToFlatPer.Script_Invoice_FlatToFlatP_DefaultProfile" name="GoToUrlAssertUrlPositiveEnterUserNamePositiveEnterPasswordClickLoginButtonGoToUrlAssertUrlCl1" time="53.609"/>
  <system-out/>
  <testcase classname="test.FlatToFlatPer.Script_Invoice_FlatToFlatP_DefaultProfile" name="GoToUrlAssertUrlPositiveEnterUserNamePositiveEnterPasswordClickLoginButtonGoToUrlAssertUrlCl2" time="56.021"/>
  <system-out/>
  <testcase classname="test.FlatToFlatPer.Script_Invoice_FlatToFlatP_DefaultProfile" name="GoToUrlAssertUrlPositiveEnterUserNamePositiveEnterPasswordClickLoginButtonGoToUrlAssertUrlCl4" time="76.978"/>
  <system-out/>
  <testcase classname="test.FlatToFlatPer.Script_Invoice_FlatToFlatP_DefaultProfile" name="GoToUrlAssertUrlPositiveEnterUserNamePositiveEnterPasswordClickLoginButtonGoToUrlAssertUrlCl3" time="62.510"/>
  <system-out/>
</testsuite> <!-- test.FlatToFlatPer.Script_Invoice_FlatToFlatP_DefaultProfile -->
