<?xml version="1.0" encoding="UTF-8"?>
<!-- Generated by org.testng.reporters.JUnitReportReporter -->
<testsuite hostname="OB-Sum" failures="0" tests="6" name="Supplier_STNDToFRS.ScriptDebitNoteSToFRS_DefaultProfile" time="341.622" errors="0" timestamp="2021-12-19T01:41:00 IST" skipped="0">
  <testcase classname="Supplier_STNDToFRS.ScriptDebitNoteSToFRS_DefaultProfile" name="GoToUrlAssertUrlPositiveEnterUserNamePositiveEnterPasswordClickLoginButtonGoToUrlAssertUrlCl5" time="57.099"/>
  <system-out/>
  <testcase classname="Supplier_STNDToFRS.ScriptDebitNoteSToFRS_DefaultProfile" name="GoToUrlAssertUrlPositiveEnterUserNamePositiveEnterPasswordClickLoginButtonGoToUrlAssertUrlCl3" time="56.057"/>
  <system-out/>
  <testcase classname="Supplier_STNDToFRS.ScriptDebitNoteSToFRS_DefaultProfile" name="GoToUrlAssertUrlPositiveEnterUserNamePositiveEnterPasswordClickLoginButtonGoToUrlAssertUrlCl6" time="58.291"/>
  <system-out/>
  <testcase classname="Supplier_STNDToFRS.ScriptDebitNoteSToFRS_DefaultProfile" name="GoToUrlAssertUrlPositiveEnterUserNamePositiveEnterPasswordClickLoginButtonGoToUrlAssertUrlCl4" time="57.352"/>
  <system-out/>
  <testcase classname="Supplier_STNDToFRS.ScriptDebitNoteSToFRS_DefaultProfile" name="GoToUrlAssertUrlPositiveEnterUserNamePositiveEnterPasswordClickLoginButtonGoToUrlAssertUrlCl2" time="55.617"/>
  <system-out/>
  <testcase classname="Supplier_STNDToFRS.ScriptDebitNoteSToFRS_DefaultProfile" name="GoToUrlAssertUrlPositiveEnterUserNamePositiveEnterPasswordClickLoginButtonGoToUrlAssertUrlCl1" time="57.206"/>
  <system-out/>
</testsuite> <!-- Supplier_STNDToFRS.ScriptDebitNoteSToFRS_DefaultProfile -->
