<?xml version="1.0" encoding="UTF-8"?>
<!-- Generated by org.testng.reporters.JUnitReportReporter -->
<testsuite hostname="OB-Sum" failures="0" tests="6" name="Supplier_FRSToStandard.ScriptSupplierBill_FRSToStandard_DefaultProfile" time="313.701" errors="0" timestamp="2021-12-09T11:24:15 IST" skipped="0">
  <testcase classname="Supplier_FRSToStandard.ScriptSupplierBill_FRSToStandard_DefaultProfile" name="GoToUrlAssertUrlPositiveEnterUserNamePositiveEnterPasswordClickLoginButtonGoToUrlAssertUrlCl4" time="56.367"/>
  <system-out/>
  <testcase classname="Supplier_FRSToStandard.ScriptSupplierBill_FRSToStandard_DefaultProfile" name="GoToUrlAssertUrlPositiveEnterUserNamePositiveEnterPasswordClickLoginButtonGoToUrlAssertUrlCl6" time="50.523"/>
  <system-out/>
  <testcase classname="Supplier_FRSToStandard.ScriptSupplierBill_FRSToStandard_DefaultProfile" name="GoToUrlAssertUrlPositiveEnterUserNamePositiveEnterPasswordClickLoginButtonGoToUrlAssertUrlCl5" time="51.359"/>
  <system-out/>
  <testcase classname="Supplier_FRSToStandard.ScriptSupplierBill_FRSToStandard_DefaultProfile" name="GoToUrlAssertUrlPositiveEnterUserNamePositiveEnterPasswordClickLoginButtonGoToUrlAssertUrlCl2" time="51.732"/>
  <system-out/>
  <testcase classname="Supplier_FRSToStandard.ScriptSupplierBill_FRSToStandard_DefaultProfile" name="GoToUrlAssertUrlPositiveEnterUserNamePositiveEnterPasswordClickLoginButtonGoToUrlAssertUrlCl1" time="51.580"/>
  <system-out/>
  <testcase classname="Supplier_FRSToStandard.ScriptSupplierBill_FRSToStandard_DefaultProfile" name="GoToUrlAssertUrlPositiveEnterUserNamePositiveEnterPasswordClickLoginButtonGoToUrlAssertUrlCl3" time="52.140"/>
  <system-out/>
</testsuite> <!-- Supplier_FRSToStandard.ScriptSupplierBill_FRSToStandard_DefaultProfile -->
