<?xml version="1.0" encoding="UTF-8"?>
<!-- Generated by org.testng.reporters.JUnitReportReporter -->
<testsuite hostname="OB-Sum" failures="0" tests="8" name="tests.Bank_Multicurrency.tr_Flat10Schem_Receive" time="434.604" errors="0" timestamp="2021-12-02T22:08:54 IST" skipped="0">
  <testcase classname="tests.Bank_Multicurrency.tr_Flat10Schem_Receive" name="nidbanktrnGoToUrlAssertUrlPositiveEnternLOGINPositiveEnternPASSClickLoginGoToUrlAssertUrlCl9" time="53.006"/>
  <system-out/>
  <testcase classname="tests.Bank_Multicurrency.tr_Flat10Schem_Receive" name="nidbanktrnGoToUrlAssertUrlPositiveEnternLOGINPositiveEnternPASSClickLoginGoToUrlAssertUrlCl1" time="52.867"/>
  <system-out/>
  <testcase classname="tests.Bank_Multicurrency.tr_Flat10Schem_Receive" name="nidbanktrnGoToUrlAssertUrlPositiveEnternLOGINPositiveEnternPASSClickLoginGoToUrlAssertUrlCl5" time="55.269"/>
  <system-out/>
  <testcase classname="tests.Bank_Multicurrency.tr_Flat10Schem_Receive" name="nidbanktrnGoToUrlAssertUrlPositiveEnternLOGINPositiveEnternPASSClickLoginGoToUrlAssertUrlCl7" time="52.701"/>
  <system-out/>
  <testcase classname="tests.Bank_Multicurrency.tr_Flat10Schem_Receive" name="nidbanktrnGoToUrlAssertUrlPositiveEnternLOGINPositiveEnternPASSClickLoginGoToUrlAssertUrlCl2" time="56.163"/>
  <system-out/>
  <testcase classname="tests.Bank_Multicurrency.tr_Flat10Schem_Receive" name="nidbanktrnGoToUrlAssertUrlPositiveEnternLOGINPositiveEnternPASSClickLoginGoToUrlAssertUrlCl6" time="53.222"/>
  <system-out/>
  <testcase classname="tests.Bank_Multicurrency.tr_Flat10Schem_Receive" name="nidbanktrnGoToUrlAssertUrlPositiveEnternLOGINPositiveEnternPASSClickLoginGoToUrlAssertUrlCl3" time="55.738"/>
  <system-out/>
  <testcase classname="tests.Bank_Multicurrency.tr_Flat10Schem_Receive" name="nidbanktrnGoToUrlAssertUrlPositiveEnternLOGINPositiveEnternPASSClickLoginGoToUrlAssertUrlCl8" time="55.638"/>
  <system-out/>
</testsuite> <!-- tests.Bank_Multicurrency.tr_Flat10Schem_Receive -->
