<?xml version="1.0" encoding="UTF-8"?>
<!-- Generated by org.testng.reporters.JUnitReportReporter -->
<testsuite hostname="OB-Yogesh" failures="0" tests="2" name="Supplier_FRSToNoVAT.ScriptVATOnlyBill_FRSToNOVAT_DefaultProfile" time="84.369" errors="0" timestamp="2021-03-02T00:14:26 IST" skipped="0">
  <testcase classname="Supplier_FRSToNoVAT.ScriptVATOnlyBill_FRSToNOVAT_DefaultProfile" name="GoToUrlAssertUrlPositiveEnterUserNamePositiveEnterPasswordClickLoginButtonGoToUrlAssertUrlCl2" time="42.152"/>
  <system-out/>
  <testcase classname="Supplier_FRSToNoVAT.ScriptVATOnlyBill_FRSToNOVAT_DefaultProfile" name="GoToUrlAssertUrlPositiveEnterUserNamePositiveEnterPasswordClickLoginButtonGoToUrlAssertUrlCl1" time="42.217"/>
  <system-out/>
</testsuite> <!-- Supplier_FRSToNoVAT.ScriptVATOnlyBill_FRSToNOVAT_DefaultProfile -->
