<?xml version="1.0" encoding="UTF-8"?>
<!-- Generated by org.testng.reporters.JUnitReportReporter -->
<testsuite hostname="OB-Sum" failures="0" tests="2" name="tests.BalanceSheet_Bf.TC_37_BSBFDebtor1092_DefaultProfile_JB" time="225.799" errors="0" timestamp="2022-03-03T17:00:06 IST" skipped="0">
  <testcase classname="tests.BalanceSheet_Bf.TC_37_BSBFDebtor1092_DefaultProfile_JB" name="GoToUrlAssertUrlPositiveEnternLOGINPositiveEnternPASSClickLoginGoToUrlAssertUrlClickAgentsP1" time="140.634"/>
  <system-out>
    <![CDATA[Accounting Period Status : Account UnClosed 
Accounting Period Status : Account UnLocked
ledger 1 entered :1092 - CIS Receivable
ledger 2 entered :1400 - Default Bank
Accounting Period Status :- Account period closed
Ledger code verified: CIS Receivable
Amount enter verified: 1,000.00
Enteries are Verified on Balance Sheet Report page :]]>
  </system-out>
  <testcase classname="tests.BalanceSheet_Bf.TC_37_BSBFDebtor1092_DefaultProfile_JB" name="GoToUrlAssertUrlPositiveEnternLOGINPositiveEnternPASSClickLoginGoToUrlAssertUrlClickAgentsP3" time="85.165"/>
  <system-out>
    <![CDATA[Accounting Period Status : Account UnClosed 
Accounting Period Status : Account UnLocked
Accounting Period Status :- Account period closed]]>
  </system-out>
</testsuite> <!-- tests.BalanceSheet_Bf.TC_37_BSBFDebtor1092_DefaultProfile_JB -->
