<?xml version="1.0" encoding="UTF-8"?>
<!-- Generated by org.testng.reporters.JUnitReportReporter -->
<testsuite hostname="OB-Yogesh" failures="0" tests="1" name="test.PartialReconciledCases.ScriptVATReturn1stVATReturnReport_NoVATOnly_SToFlat_DefaultProfile" time="43.434" errors="0" timestamp="2021-03-25T17:36:46 IST" skipped="0">
  <testcase classname="test.PartialReconciledCases.ScriptVATReturn1stVATReturnReport_NoVATOnly_SToFlat_DefaultProfile" name="GoToUrlAssertUrlPositiveEnterUserNamePositiveEnterPasswordClickLoginButtonGoToUrlAssertUrlCl" time="43.434"/>
  <system-out/>
</testsuite> <!-- test.PartialReconciledCases.ScriptVATReturn1stVATReturnReport_NoVATOnly_SToFlat_DefaultProfile -->
