<?xml version="1.0" encoding="UTF-8"?>
<!-- Generated by org.testng.reporters.JUnitReportReporter -->
<testsuite hostname="OB-Sum" failures="0" tests="2" name="Test_Trial_Balance_RE_Jour_Bank_Supp_3.TC_46_2_BS_ProfitAandLoss_3103_With_Journal_Bank" time="144.627" errors="0" timestamp="2022-01-18T16:59:19 IST" skipped="0">
  <testcase classname="Test_Trial_Balance_RE_Jour_Bank_Supp_3.TC_46_2_BS_ProfitAandLoss_3103_With_Journal_Bank" name="GoToUrlAssertUrlPositiveEnternLOGINPositiveEnternPASSClickLoginGoToUrlAssertUrlClickAgentsP3" time="73.844"/>
  <system-out/>
  <testcase classname="Test_Trial_Balance_RE_Jour_Bank_Supp_3.TC_46_2_BS_ProfitAandLoss_3103_With_Journal_Bank" name="GoToUrlAssertUrlPositiveEnternLOGINPositiveEnternPASSClickLoginGoToUrlAssertUrlClickAgentsP1" time="70.783"/>
  <system-out>
    <![CDATA[ledger 1 entered :3103 - Profit and Loss for the Year
ledger 2 entered :10 - Intangible Assets Cost B/Fwd
Ledger code verified: Profit and Loss for the Year
Ledger code verified: Intangible Assets Cost B/Fwd
Enteries are Verified on Balance Sheet Report page :]]>
  </system-out>
</testsuite> <!-- Test_Trial_Balance_RE_Jour_Bank_Supp_3.TC_46_2_BS_ProfitAandLoss_3103_With_Journal_Bank -->
