<?xml version="1.0" encoding="UTF-8"?>
<!-- Generated by org.testng.reporters.JUnitReportReporter -->
<testsuite hostname="OB-Yogesh" failures="0" tests="1" name="VATPhase3_Banking_allocateToExp.ScriptEditVATFlatP_StandToFlat_DefaultProfile_1" time="62.396" errors="0" timestamp="2021-05-13T14:06:07 IST" skipped="0">
  <testcase classname="VATPhase3_Banking_allocateToExp.ScriptEditVATFlatP_StandToFlat_DefaultProfile_1" name="GoToUrlAssertUrlPositiveEnterUserNamePositiveEnterPasswordClickLoginButtonGoToUrlAssertUrlCl3" time="62.396"/>
  <system-out/>
</testsuite> <!-- VATPhase3_Banking_allocateToExp.ScriptEditVATFlatP_StandToFlat_DefaultProfile_1 -->
