<?xml version="1.0" encoding="UTF-8"?>
<!-- Generated by org.testng.reporters.JUnitReportReporter -->
<testsuite hostname="OB-Sum" failures="0" tests="1" name="Supplier_STNDToFRS.ScriptVerifyByTrialBalanceDefaultProfile_DefaultProfile" time="45.768" errors="0" timestamp="2021-12-19T01:41:00 IST" skipped="0">
  <testcase classname="Supplier_STNDToFRS.ScriptVerifyByTrialBalanceDefaultProfile_DefaultProfile" name="GoToUrlAssertUrlPositiveEnterUserNamePositiveEnterPasswordClickLoginButtonGoToUrlAssertUrlCl" time="45.768"/>
  <system-out/>
</testsuite> <!-- Supplier_STNDToFRS.ScriptVerifyByTrialBalanceDefaultProfile_DefaultProfile -->
