<?xml version="1.0" encoding="UTF-8"?>
<!-- Generated by org.testng.reporters.JUnitReportReporter -->
<testsuite hostname="OB-Yogesh" failures="0" tests="1" name="test.PartialReconciledCases.ScriptPostVATReturn2stVATReturnReport_NoVATOnly" time="65.103" errors="0" timestamp="2021-03-25T09:39:31 IST" skipped="0">
  <testcase classname="test.PartialReconciledCases.ScriptPostVATReturn2stVATReturnReport_NoVATOnly" name="GoToUrlAssertUrlPositiveEnterUserNamePositiveEnterPasswordClickLoginButtonGoToUrlAssertUrlCl" time="65.103"/>
  <system-out/>
</testsuite> <!-- test.PartialReconciledCases.ScriptPostVATReturn2stVATReturnReport_NoVATOnly -->
