<?xml version="1.0" encoding="UTF-8"?>
<!-- Generated by org.testng.reporters.JUnitReportReporter -->
<testsuite hostname="OB-Sum" failures="0" tests="6" name="test.FlatToStandard.ScriptSaleCreditNote_FlatToStandard_DefaultProfile" time="382.750" errors="0" timestamp="2021-12-09T11:24:14 IST" skipped="0">
  <testcase classname="test.FlatToStandard.ScriptSaleCreditNote_FlatToStandard_DefaultProfile" name="GoToUrlAssertUrlPositiveEnterUserNamePositiveEnterPasswordClickLoginButtonGoToUrlAssertUrlCl5" time="63.534"/>
  <system-out/>
  <testcase classname="test.FlatToStandard.ScriptSaleCreditNote_FlatToStandard_DefaultProfile" name="GoToUrlAssertUrlPositiveEnterUserNamePositiveEnterPasswordClickLoginButtonGoToUrlAssertUrlCl3" time="64.919"/>
  <system-out/>
  <testcase classname="test.FlatToStandard.ScriptSaleCreditNote_FlatToStandard_DefaultProfile" name="GoToUrlAssertUrlPositiveEnterUserNamePositiveEnterPasswordClickLoginButtonGoToUrlAssertUrlCl2" time="64.751"/>
  <system-out/>
  <testcase classname="test.FlatToStandard.ScriptSaleCreditNote_FlatToStandard_DefaultProfile" name="GoToUrlAssertUrlPositiveEnterUserNamePositiveEnterPasswordClickLoginButtonGoToUrlAssertUrlCl4" time="63.872"/>
  <system-out/>
  <testcase classname="test.FlatToStandard.ScriptSaleCreditNote_FlatToStandard_DefaultProfile" name="GoToUrlAssertUrlPositiveEnterUserNamePositiveEnterPasswordClickLoginButtonGoToUrlAssertUrlCl1" time="62.417"/>
  <system-out/>
  <testcase classname="test.FlatToStandard.ScriptSaleCreditNote_FlatToStandard_DefaultProfile" name="GoToUrlAssertUrlPositiveEnterUserNamePositiveEnterPasswordClickLoginButtonGoToUrlAssertUrlCl6" time="63.257"/>
  <system-out/>
</testsuite> <!-- test.FlatToStandard.ScriptSaleCreditNote_FlatToStandard_DefaultProfile -->
