<?xml version="1.0" encoding="UTF-8"?>
<!-- Generated by org.testng.reporters.JUnitReportReporter -->
<testsuite hostname="OB-Sum" failures="0" tests="1" name="VAT2.F2S.ScriptPostVATReturn1stVATReturnReport_SToNOVAT_DefaultProfile1" time="50.477" errors="0" timestamp="2022-02-06T06:55:30 IST" skipped="0">
  <testcase classname="VAT2.F2S.ScriptPostVATReturn1stVATReturnReport_SToNOVAT_DefaultProfile1" name="GoToUrlAssertUrlPositiveEnterUserNamePositiveEnterPasswordClickLoginButtonGoToUrlAssertUrlCl" time="50.477"/>
  <system-out/>
</testsuite> <!-- VAT2.F2S.ScriptPostVATReturn1stVATReturnReport_SToNOVAT_DefaultProfile1 -->
