<?xml version="1.0" encoding="UTF-8"?>
<!-- Generated by org.testng.reporters.JUnitReportReporter -->
<testsuite hostname="OB-Sum" failures="0" tests="1" name="Test_Income.TestNewBatchEntry_TC04_TC05" time="37.974" errors="0" timestamp="2021-11-11T20:51:38 IST" skipped="0">
  <testcase classname="Test_Income.TestNewBatchEntry_TC04_TC05" name="ClickNew1ClickNewBatchEntry2PositiveEnterInvoiceDate3PositiveSelectSelectCustomer4PositiveSelecWithoutFillEntryClickSaveBtnMsgPopup_TC04_TC05" time="37.974"/>
  <system-out/>
</testsuite> <!-- Test_Income.TestNewBatchEntry_TC04_TC05 -->
