<?xml version="1.0" encoding="UTF-8"?>
<!-- Generated by org.testng.reporters.JUnitReportReporter -->
<testsuite hostname="OB-Sum" failures="0" tests="1" name="VAT3_InvoiceFullyReconcile.ScriptVATReturn2stVATReturnReport_SToFRS_DefaultProfileFullyReconcile_2" time="74.740" errors="0" timestamp="2021-11-25T12:11:12 IST" skipped="0">
  <testcase classname="VAT3_InvoiceFullyReconcile.ScriptVATReturn2stVATReturnReport_SToFRS_DefaultProfileFullyReconcile_2" name="GoToUrlAssertUrlPositiveEnterUserNamePositiveEnterPasswordClickLoginButtonGoToUrlAssertUrlCl" time="74.740"/>
  <system-out/>
</testsuite> <!-- VAT3_InvoiceFullyReconcile.ScriptVATReturn2stVATReturnReport_SToFRS_DefaultProfileFullyReconcile_2 -->
