<?xml version="1.0" encoding="UTF-8"?>
<!-- Generated by org.testng.reporters.JUnitReportReporter -->
<testsuite hostname="OB-Sum" failures="0" tests="3" name="Test_Trial_Balance_RE_Jour_Bank_Supp_3.TC_13_3_BS_FixedAsset_280_To_289_With_Journal_Bank_Supplier" time="456.579" errors="0" timestamp="2022-01-13T00:26:10 IST" skipped="0">
  <testcase classname="Test_Trial_Balance_RE_Jour_Bank_Supp_3.TC_13_3_BS_FixedAsset_280_To_289_With_Journal_Bank_Supplier" name="GoToUrlAssertUrlPositiveEnternLOGINPositiveEnternPASSClickLoginGoToUrlAssertUrlClickAgentsP3" time="174.805"/>
  <system-out/>
  <testcase classname="Test_Trial_Balance_RE_Jour_Bank_Supp_3.TC_13_3_BS_FixedAsset_280_To_289_With_Journal_Bank_Supplier" name="GoToUrlAssertUrlPositiveEnternLOGINPositiveEnternPASSClickLoginGoToUrlAssertUrlClickAgentsP1" time="68.569"/>
  <system-out>
    <![CDATA[ledger 1 entered :280 - Motor Vehicle Cost B/Fwd
ledger 2 entered :281 - Motor Vehicle Additions
ledger 3 entered :282 - Motor Vehicle Disposals
ledger 4 entered :283 - Motor Vehicle Revaluations
ledger 5 entered :284 - Motor Vehicle Transfers
ledger 5 entered :285 - Motor Vehicle Depreciation B/Fwd
ledger 7 entered :286 - Motor Vehicle Depreciation Disposal
ledger 8 entered :287 - Motor Vehicle Depreciation Revaluations
ledger 9 entered :288 - Motor Vehicle Depreciation Transfers
ledger 10 entered :289 - Motor Vehicle Depreciation Charge
Ledger code verified: Motor Vehicle Cost B/Fwd
Amount enter verified: 1,000.00
Ledger code verified: Motor Vehicle Additions
Amount enter verified: 1,000.00
Ledger code verified: Motor Vehicle Disposals
Amount enter verified: 1,000.00
Ledger code verified: Motor Vehicle Revaluations
Amount enter verified: 1,000.00
Ledger code verified: Motor Vehicle Transfers
Amount enter verified: 1,000.00
Ledger code verified: Motor Vehicle Depreciation B/Fwd
Amount enter verified: 1,000.00
Ledger code verified: Motor Vehicle Depreciation Disposal
Amount enter verified: 1,000.00
Ledger code verified: Motor Vehicle Depreciation Revaluations
Amount enter verified: 1,000.00
Ledger code verified: Motor Vehicle Depreciation Transfers
Amount enter verified: 1,000.00
Ledger code verified: Motor Vehicle Depreciation Charge
Amount enter verified: (9,000.00)
Enteries are Verified on Balance Sheet Report page :]]>
  </system-out>
  <testcase classname="Test_Trial_Balance_RE_Jour_Bank_Supp_3.TC_13_3_BS_FixedAsset_280_To_289_With_Journal_Bank_Supplier" name="GoToUrlAssertUrlPositiveEnternLOGINPositiveEnternPASSClickLoginGoToUrlAssertUrlClickAgentsP2" time="213.205"/>
  <system-out/>
</testsuite> <!-- Test_Trial_Balance_RE_Jour_Bank_Supp_3.TC_13_3_BS_FixedAsset_280_To_289_With_Journal_Bank_Supplier -->
