<?xml version="1.0" encoding="UTF-8"?>
<!-- Generated by org.testng.reporters.JUnitReportReporter -->
<testsuite hostname="OB-Sum" failures="0" tests="6" name="VAT3.FullREC_F2_Standard.Supplier_SupplierBill_StoF__1_1" time="681.936" errors="0" timestamp="2022-02-07T19:49:32 IST" skipped="0">
  <testcase classname="VAT3.FullREC_F2_Standard.Supplier_SupplierBill_StoF__1_1" name="GoToUrlAssertUrlPositiveEnternLOGINPositiveEnternPASSClickLoginGoToUrlAssertUrlClickAgentsP1" time="114.593"/>
  <system-out/>
  <testcase classname="VAT3.FullREC_F2_Standard.Supplier_SupplierBill_StoF__1_1" name="GoToUrlAssertUrlPositiveEnternLOGINPositiveEnternPASSClickLoginGoToUrlAssertUrlClickAgentsP6" time="115.144"/>
  <system-out/>
  <testcase classname="VAT3.FullREC_F2_Standard.Supplier_SupplierBill_StoF__1_1" name="GoToUrlAssertUrlPositiveEnternLOGINPositiveEnternPASSClickLoginGoToUrlAssertUrlClickAgentsP5" time="120.306"/>
  <system-out/>
  <testcase classname="VAT3.FullREC_F2_Standard.Supplier_SupplierBill_StoF__1_1" name="GoToUrlAssertUrlPositiveEnternLOGINPositiveEnternPASSClickLoginGoToUrlAssertUrlClickAgentsP2" time="108.602"/>
  <system-out/>
  <testcase classname="VAT3.FullREC_F2_Standard.Supplier_SupplierBill_StoF__1_1" name="GoToUrlAssertUrlPositiveEnternLOGINPositiveEnternPASSClickLoginGoToUrlAssertUrlClickAgentsP7" time="113.395"/>
  <system-out/>
  <testcase classname="VAT3.FullREC_F2_Standard.Supplier_SupplierBill_StoF__1_1" name="GoToUrlAssertUrlPositiveEnternLOGINPositiveEnternPASSClickLoginGoToUrlAssertUrlClickAgentsP9" time="109.896"/>
  <system-out/>
</testsuite> <!-- VAT3.FullREC_F2_Standard.Supplier_SupplierBill_StoF__1_1 -->
