<?xml version="1.0" encoding="UTF-8"?>
<!-- Generated by org.testng.reporters.JUnitReportReporter -->
<testsuite hostname="OB-Yogesh" failures="0" tests="9" name="sm457.saleinvoice_search" time="527.432" errors="0" timestamp="2021-05-15T19:14:28 IST" skipped="0">
  <testcase classname="sm457.saleinvoice_search" name="saleinvoice1GoToUrlAssertUrlPositiveEnternLOGINPositiveEnternPASSClickLoginGoToUrlAssertUrl9" time="58.420"/>
  <system-out/>
  <testcase classname="sm457.saleinvoice_search" name="saleinvoice1GoToUrlAssertUrlPositiveEnternLOGINPositiveEnternPASSClickLoginGoToUrlAssertUrl3" time="60.825"/>
  <system-out/>
  <testcase classname="sm457.saleinvoice_search" name="saleinvoice1GoToUrlAssertUrlPositiveEnternLOGINPositiveEnternPASSClickLoginGoToUrlAssertUrl8" time="57.910"/>
  <system-out/>
  <testcase classname="sm457.saleinvoice_search" name="saleinvoice1GoToUrlAssertUrlPositiveEnternLOGINPositiveEnternPASSClickLoginGoToUrlAssertUrl1" time="62.162"/>
  <system-out/>
  <testcase classname="sm457.saleinvoice_search" name="saleinvoice1GoToUrlAssertUrlPositiveEnternLOGINPositiveEnternPASSClickLoginGoToUrlAssertUrl4" time="61.062"/>
  <system-out/>
  <testcase classname="sm457.saleinvoice_search" name="saleinvoice1GoToUrlAssertUrlPositiveEnternLOGINPositiveEnternPASSClickLoginGoToUrlAssertUrl5" time="54.542"/>
  <system-out/>
  <testcase classname="sm457.saleinvoice_search" name="saleinvoice1GoToUrlAssertUrlPositiveEnternLOGINPositiveEnternPASSClickLoginGoToUrlAssertUrl6" time="56.067"/>
  <system-out/>
  <testcase classname="sm457.saleinvoice_search" name="saleinvoice1GoToUrlAssertUrlPositiveEnternLOGINPositiveEnternPASSClickLoginGoToUrlAssertUrl2" time="59.104"/>
  <system-out/>
  <testcase classname="sm457.saleinvoice_search" name="saleinvoice1GoToUrlAssertUrlPositiveEnternLOGINPositiveEnternPASSClickLoginGoToUrlAssertUrl7" time="57.340"/>
  <system-out/>
</testsuite> <!-- sm457.saleinvoice_search -->
