<?xml version="1.0" encoding="UTF-8"?>
<!-- Generated by org.testng.reporters.JUnitReportReporter -->
<testsuite hostname="OB-Sum" failures="0" tests="1" name="VAT2.S2NoVAT.S2noVAT_scriptaddvatrate_addvatrate_StoF_44" time="43.225" errors="0" timestamp="2021-12-09T11:24:15 IST" skipped="0">
  <testcase classname="VAT2.S2NoVAT.S2noVAT_scriptaddvatrate_addvatrate_StoF_44" name="addvatrateGoToUrlAssertUrlPositiveEnternLOGINPositiveEnternPASSClickLoginGoToUrlAssertUrlCl7" time="43.225"/>
  <system-out/>
</testsuite> <!-- VAT2.S2NoVAT.S2noVAT_scriptaddvatrate_addvatrate_StoF_44 -->
