<?xml version="1.0" encoding="UTF-8"?>
<!-- Generated by org.testng.reporters.JUnitReportReporter -->
<testsuite hostname="OB-Sum" failures="0" tests="6" name="test.PartialReconcilationforOnlySTandardthroughJournalEntry.SaleInToReconcileForJonral_DefaultProfile" time="771.717" errors="0" timestamp="2021-12-09T15:39:38 IST" skipped="0">
  <testcase classname="test.PartialReconcilationforOnlySTandardthroughJournalEntry.SaleInToReconcileForJonral_DefaultProfile" name="GoToUrlAssertUrlPositiveEnternLOGINPositiveEnternPASSClickLoginGoToUrlAssertUrlClickAgentsP2" time="130.525"/>
  <system-out/>
  <testcase classname="test.PartialReconcilationforOnlySTandardthroughJournalEntry.SaleInToReconcileForJonral_DefaultProfile" name="GoToUrlAssertUrlPositiveEnternLOGINPositiveEnternPASSClickLoginGoToUrlAssertUrlClickAgentsP6" time="135.033"/>
  <system-out/>
  <testcase classname="test.PartialReconcilationforOnlySTandardthroughJournalEntry.SaleInToReconcileForJonral_DefaultProfile" name="GoToUrlAssertUrlPositiveEnternLOGINPositiveEnternPASSClickLoginGoToUrlAssertUrlClickAgentsP1" time="152.549"/>
  <system-out/>
  <testcase classname="test.PartialReconcilationforOnlySTandardthroughJournalEntry.SaleInToReconcileForJonral_DefaultProfile" name="GoToUrlAssertUrlPositiveEnternLOGINPositiveEnternPASSClickLoginGoToUrlAssertUrlClickAgentsP4" time="120.675"/>
  <system-out/>
  <testcase classname="test.PartialReconcilationforOnlySTandardthroughJournalEntry.SaleInToReconcileForJonral_DefaultProfile" name="GoToUrlAssertUrlPositiveEnternLOGINPositiveEnternPASSClickLoginGoToUrlAssertUrlClickAgentsP5" time="103.921"/>
  <system-out/>
  <testcase classname="test.PartialReconcilationforOnlySTandardthroughJournalEntry.SaleInToReconcileForJonral_DefaultProfile" name="GoToUrlAssertUrlPositiveEnternLOGINPositiveEnternPASSClickLoginGoToUrlAssertUrlClickAgentsP3" time="129.014"/>
  <system-out/>
</testsuite> <!-- test.PartialReconcilationforOnlySTandardthroughJournalEntry.SaleInToReconcileForJonral_DefaultProfile -->
