<?xml version="1.0" encoding="UTF-8"?>
<!-- Generated by org.testng.reporters.JUnitReportReporter -->
<testsuite hostname="OB-Yogesh" failures="0" tests="6" name="VATPhase3_Banking_ToSale.BankingTr_VATPH3_StandToFlatDefaultProfile_1" time="234.131" errors="0" timestamp="2021-05-20T10:53:31 IST" skipped="0">
  <testcase classname="VATPhase3_Banking_ToSale.BankingTr_VATPH3_StandToFlatDefaultProfile_1" name="GoToUrlAssertUrlPositiveEnternLOGINPositiveEnternPASSClickLoginGoToUrlAssertUrlClickAgentsP3" time="44.097"/>
  <system-out/>
  <testcase classname="VATPhase3_Banking_ToSale.BankingTr_VATPH3_StandToFlatDefaultProfile_1" name="GoToUrlAssertUrlPositiveEnternLOGINPositiveEnternPASSClickLoginGoToUrlAssertUrlClickAgentsP6" time="36.365"/>
  <system-out/>
  <testcase classname="VATPhase3_Banking_ToSale.BankingTr_VATPH3_StandToFlatDefaultProfile_1" name="GoToUrlAssertUrlPositiveEnternLOGINPositiveEnternPASSClickLoginGoToUrlAssertUrlClickAgentsP1" time="39.945"/>
  <system-out/>
  <testcase classname="VATPhase3_Banking_ToSale.BankingTr_VATPH3_StandToFlatDefaultProfile_1" name="GoToUrlAssertUrlPositiveEnternLOGINPositiveEnternPASSClickLoginGoToUrlAssertUrlClickAgentsP5" time="38.204"/>
  <system-out/>
  <testcase classname="VATPhase3_Banking_ToSale.BankingTr_VATPH3_StandToFlatDefaultProfile_1" name="GoToUrlAssertUrlPositiveEnternLOGINPositiveEnternPASSClickLoginGoToUrlAssertUrlClickAgentsP2" time="38.710"/>
  <system-out/>
  <testcase classname="VATPhase3_Banking_ToSale.BankingTr_VATPH3_StandToFlatDefaultProfile_1" name="GoToUrlAssertUrlPositiveEnternLOGINPositiveEnternPASSClickLoginGoToUrlAssertUrlClickAgentsP4" time="36.810"/>
  <system-out/>
</testsuite> <!-- VATPhase3_Banking_ToSale.BankingTr_VATPH3_StandToFlatDefaultProfile_1 -->
