<?xml version="1.0" encoding="UTF-8"?>
<!-- Generated by org.testng.reporters.JUnitReportReporter -->
<testsuite hostname="OB-Sum" failures="0" tests="1" name="Supplier_FRSToFRSP.ScriptVerifyByTrialBalanceDefaultProfile_DefaultProfile" time="50.578" errors="0" timestamp="2021-12-19T01:41:00 IST" skipped="0">
  <testcase classname="Supplier_FRSToFRSP.ScriptVerifyByTrialBalanceDefaultProfile_DefaultProfile" name="GoToUrlAssertUrlPositiveEnterUserNamePositiveEnterPasswordClickLoginButtonGoToUrlAssertUrlCl" time="50.578"/>
  <system-out/>
</testsuite> <!-- Supplier_FRSToFRSP.ScriptVerifyByTrialBalanceDefaultProfile_DefaultProfile -->
