<?xml version="1.0" encoding="UTF-8"?>
<!-- Generated by org.testng.reporters.JUnitReportReporter -->
<testsuite hostname="OB-Sum" failures="0" tests="1" name="Test_Income.IncomeCreditNote_TC03" time="47.578" errors="0" timestamp="2021-11-11T20:51:38 IST" skipped="0">
  <testcase classname="Test_Income.IncomeCreditNote_TC03" name="GoToUrlAssertUrlClickSalesTabClickNewButtonClickNewCreditNotePositiveSelectCustomerNamePositi1CurrentDayDateSetDefaultCreditNoteIncome_TC03" time="47.578"/>
  <system-out/>
</testsuite> <!-- Test_Income.IncomeCreditNote_TC03 -->
