<?xml version="1.0" encoding="UTF-8"?>
<!-- Generated by org.testng.reporters.JUnitReportReporter -->
<testsuite hostname="OB-Sum" failures="0" tests="1" name="test.PartialReconcileOnFlatRate.ScriptPostVATReturn3stVATReturnReport_SToFlat_DefaultProfile" time="51.981" errors="0" timestamp="2022-02-06T06:55:28 IST" skipped="0">
  <testcase classname="test.PartialReconcileOnFlatRate.ScriptPostVATReturn3stVATReturnReport_SToFlat_DefaultProfile" name="GoToUrlAssertUrlPositiveEnterUserNamePositiveEnterPasswordClickLoginButtonGoToUrlAssertUrlCl" time="51.981"/>
  <system-out/>
</testsuite> <!-- test.PartialReconcileOnFlatRate.ScriptPostVATReturn3stVATReturnReport_SToFlat_DefaultProfile -->
