<?xml version="1.0" encoding="UTF-8"?>
<!-- Generated by org.testng.reporters.JUnitReportReporter -->
<testsuite hostname="OB-Sum" failures="0" tests="3" name="Test_Balance_RE_Jour_Bank_Supp_3.TC_04_3_BS_FixedAsset_45_To_49_With_Journal_Bank_Supplier" time="182.094" errors="0" timestamp="2022-02-19T09:42:03 IST" skipped="0">
  <testcase classname="Test_Balance_RE_Jour_Bank_Supp_3.TC_04_3_BS_FixedAsset_45_To_49_With_Journal_Bank_Supplier" name="GoToUrlAssertUrlPositiveEnternLOGINPositiveEnternPASSClickLoginGoToUrlAssertUrlClickAgentsP3" time="65.593"/>
  <system-out/>
  <testcase classname="Test_Balance_RE_Jour_Bank_Supp_3.TC_04_3_BS_FixedAsset_45_To_49_With_Journal_Bank_Supplier" name="GoToUrlAssertUrlPositiveEnternLOGINPositiveEnternPASSClickLoginGoToUrlAssertUrlClickAgentsP1" time="48.430"/>
  <system-out>
    <![CDATA[ledger 1 entered :45 - Payment on Account B/Fwd
ledger 2 entered :49 - Payment on Account Charge
Ledger code verified: Payment on Account B/Fwd
Amount enter verified: 1,000.00
Ledger code verified: Payment on Account Charge
Amount enter verified: (1,000.00)
Enteries are Verified on Balance Sheet Report page :]]>
  </system-out>
  <testcase classname="Test_Balance_RE_Jour_Bank_Supp_3.TC_04_3_BS_FixedAsset_45_To_49_With_Journal_Bank_Supplier" name="GoToUrlAssertUrlPositiveEnternLOGINPositiveEnternPASSClickLoginGoToUrlAssertUrlClickAgentsP2" time="68.071"/>
  <system-out/>
</testsuite> <!-- Test_Balance_RE_Jour_Bank_Supp_3.TC_04_3_BS_FixedAsset_45_To_49_With_Journal_Bank_Supplier -->
