<?xml version="1.0" encoding="UTF-8"?>
<!-- Generated by org.testng.reporters.JUnitReportReporter -->
<testsuite hostname="OB-Sum" failures="0" tests="2" name="tests.BalanceSheet_Bf.TC_46_BSBFDirector1321_DefaultProfile_JB" time="296.049" errors="0" timestamp="2022-03-03T17:00:05 IST" skipped="0">
  <testcase classname="tests.BalanceSheet_Bf.TC_46_BSBFDirector1321_DefaultProfile_JB" name="GoToUrlAssertUrlPositiveEnternLOGINPositiveEnternPASSClickLoginGoToUrlAssertUrlClickAgentsP1" time="156.254"/>
  <system-out>
    <![CDATA[Accounting Period Status : Account UnClosed 
Accounting Period Status : Account UnLocked
ledger 1 entered :1321 - Default Director
ledger 2 entered :1321 - Default Director - Director Capital Distribution
ledger 3 entered :1321 - Default Director - Director Dividend
ledger 4 entered :1321 - Default Director - Director Expenses Payable
ledger 5 entered :1321 - Default Director - Director Wages Payable
ledger 5 entered :1400 - Default Bank
Accounting Period Status :- Account period closed
ledger code verified: Default Director
Amount enter verified: 1,000.00
ledger code verified: Director Capital Distribution
Amount enter verified: 1,100.00
ledger code verified: Director Dividend
Amount enter verified: 1,200.00
ledger code verified: Director Expenses Payable
Amount enter verified: 1,300.00
ledger code verified: Director Wages Payable
Amount enter verified: 1,400.00
Enteries are Verified on TrialBalance Report page :]]>
  </system-out>
  <testcase classname="tests.BalanceSheet_Bf.TC_46_BSBFDirector1321_DefaultProfile_JB" name="GoToUrlAssertUrlPositiveEnternLOGINPositiveEnternPASSClickLoginGoToUrlAssertUrlClickAgentsP3" time="139.795"/>
  <system-out>
    <![CDATA[Accounting Period Status : Account UnClosed 
Accounting Period Status : Account UnLocked
Accounting Period Status :- Account period closed]]>
  </system-out>
</testsuite> <!-- tests.BalanceSheet_Bf.TC_46_BSBFDirector1321_DefaultProfile_JB -->
