<?xml version="1.0" encoding="UTF-8"?>
<!-- Generated by org.testng.reporters.JUnitReportReporter -->
<testsuite hostname="OB-Sum" failures="0" tests="6" name="Supplier_STNDToFRS.ScriptDebitNoteSToFRS_DefaultProfile" time="385.856" errors="0" timestamp="2022-02-06T06:55:32 IST" skipped="0">
  <testcase classname="Supplier_STNDToFRS.ScriptDebitNoteSToFRS_DefaultProfile" name="GoToUrlAssertUrlPositiveEnterUserNamePositiveEnterPasswordClickLoginButtonGoToUrlAssertUrlCl1" time="65.069"/>
  <system-out/>
  <testcase classname="Supplier_STNDToFRS.ScriptDebitNoteSToFRS_DefaultProfile" name="GoToUrlAssertUrlPositiveEnterUserNamePositiveEnterPasswordClickLoginButtonGoToUrlAssertUrlCl6" time="63.032"/>
  <system-out/>
  <testcase classname="Supplier_STNDToFRS.ScriptDebitNoteSToFRS_DefaultProfile" name="GoToUrlAssertUrlPositiveEnterUserNamePositiveEnterPasswordClickLoginButtonGoToUrlAssertUrlCl5" time="65.646"/>
  <system-out/>
  <testcase classname="Supplier_STNDToFRS.ScriptDebitNoteSToFRS_DefaultProfile" name="GoToUrlAssertUrlPositiveEnterUserNamePositiveEnterPasswordClickLoginButtonGoToUrlAssertUrlCl2" time="63.747"/>
  <system-out/>
  <testcase classname="Supplier_STNDToFRS.ScriptDebitNoteSToFRS_DefaultProfile" name="GoToUrlAssertUrlPositiveEnterUserNamePositiveEnterPasswordClickLoginButtonGoToUrlAssertUrlCl3" time="64.220"/>
  <system-out/>
  <testcase classname="Supplier_STNDToFRS.ScriptDebitNoteSToFRS_DefaultProfile" name="GoToUrlAssertUrlPositiveEnterUserNamePositiveEnterPasswordClickLoginButtonGoToUrlAssertUrlCl4" time="64.142"/>
  <system-out/>
</testsuite> <!-- Supplier_STNDToFRS.ScriptDebitNoteSToFRS_DefaultProfile -->
