<?xml version="1.0" encoding="UTF-8"?>
<!-- Generated by org.testng.reporters.JUnitReportReporter -->
<testsuite hostname="OB-Sum" failures="0" tests="1" name="VAT3_InvoiceUnreconcileCases.ScriptSubmitVAT_DefaultProfile_5" time="96.908" errors="0" timestamp="2022-02-06T06:55:36 IST" skipped="0">
  <testcase classname="VAT3_InvoiceUnreconcileCases.ScriptSubmitVAT_DefaultProfile_5" name="GoToUrlAssertUrlPositiveEnterUserNamePositiveEnterPasswordClickLoginButtonGoToUrlAssertUrlCl" time="96.908"/>
  <system-out/>
</testsuite> <!-- VAT3_InvoiceUnreconcileCases.ScriptSubmitVAT_DefaultProfile_5 -->
