<?xml version="1.0" encoding="UTF-8"?>
<!-- Generated by org.testng.reporters.JUnitReportReporter -->
<testsuite hostname="OB-Sum" failures="0" tests="6" name="VAT3_UnReconciled_FtoS.Un_F2S_ReconcileForDebitNote" time="322.374" errors="0" timestamp="2021-12-01T04:35:03 IST" skipped="0">
  <testcase classname="VAT3_UnReconciled_FtoS.Un_F2S_ReconcileForDebitNote" name="GoToUrlAssertUrlPositiveEnternLOGINPositiveEnternPASSClickLoginGoToUrlAssertUrlClickAgentsP2" time="54.644"/>
  <system-out/>
  <testcase classname="VAT3_UnReconciled_FtoS.Un_F2S_ReconcileForDebitNote" name="GoToUrlAssertUrlPositiveEnternLOGINPositiveEnternPASSClickLoginGoToUrlAssertUrlClickAgentsP1" time="53.426"/>
  <system-out/>
  <testcase classname="VAT3_UnReconciled_FtoS.Un_F2S_ReconcileForDebitNote" name="GoToUrlAssertUrlPositiveEnternLOGINPositiveEnternPASSClickLoginGoToUrlAssertUrlClickAgentsP7" time="53.453"/>
  <system-out/>
  <testcase classname="VAT3_UnReconciled_FtoS.Un_F2S_ReconcileForDebitNote" name="GoToUrlAssertUrlPositiveEnternLOGINPositiveEnternPASSClickLoginGoToUrlAssertUrlClickAgentsP6" time="53.295"/>
  <system-out/>
  <testcase classname="VAT3_UnReconciled_FtoS.Un_F2S_ReconcileForDebitNote" name="GoToUrlAssertUrlPositiveEnternLOGINPositiveEnternPASSClickLoginGoToUrlAssertUrlClickAgentsP3" time="53.939"/>
  <system-out/>
  <testcase classname="VAT3_UnReconciled_FtoS.Un_F2S_ReconcileForDebitNote" name="GoToUrlAssertUrlPositiveEnternLOGINPositiveEnternPASSClickLoginGoToUrlAssertUrlClickAgentsP71" time="53.617"/>
  <system-out/>
</testsuite> <!-- VAT3_UnReconciled_FtoS.Un_F2S_ReconcileForDebitNote -->
