<?xml version="1.0" encoding="UTF-8"?>
<!-- Generated by org.testng.reporters.JUnitReportReporter -->
<testsuite hostname="OB-Sum" failures="0" tests="1" name="SaleDashboardTest.TC07SalesDsbDateRange" time="37.288" errors="0" timestamp="2021-09-01T18:49:36 IST" skipped="0">
  <testcase classname="SaleDashboardTest.TC07SalesDsbDateRange" name="GoToUrlAssertUrlClickClickOnPreviewClickSaveButtonClickPDFDumpClickCancelButtonClickClickOnMa" time="37.288"/>
  <system-out/>
</testsuite> <!-- SaleDashboardTest.TC07SalesDsbDateRange -->
