<?xml version="1.0" encoding="UTF-8"?>
<!-- Generated by org.testng.reporters.JUnitReportReporter -->
<testsuite hostname="OB-Sum" failures="0" tests="2" name="Test_AS_Advance_Reconcilation.Test_Partial_Advance_JustCreateCreditNote" time="101.208" errors="0" timestamp="2021-11-08T14:43:51 IST" skipped="0">
  <testcase classname="Test_AS_Advance_Reconcilation.Test_Partial_Advance_JustCreateCreditNote" name="GoToUrlAssertUrlPositiveEnternLOGINPositiveEnternPASSClickLoginGoToUrlAssertUrlClickAgentsTC01" time="56.540"/>
  <system-out/>
  <testcase classname="Test_AS_Advance_Reconcilation.Test_Partial_Advance_JustCreateCreditNote" name="GoToUrlAssertUrlPositiveEnternLOGINPositiveEnternPASSClickLoginGoToUrlAssertUrlClickAgentsTC02" time="44.668"/>
  <system-out/>
</testsuite> <!-- Test_AS_Advance_Reconcilation.Test_Partial_Advance_JustCreateCreditNote -->
