<?xml version="1.0" encoding="UTF-8"?>
<!-- Generated by org.testng.reporters.JUnitReportReporter -->
<testsuite hostname="OB-Sum" failures="0" tests="1" name="test.FlatToStandard.ScriptVerifyByTrialBalanceScreenshotDefaultProfile_DefaultProfile" time="52.492" errors="0" timestamp="2022-02-06T06:55:37 IST" skipped="0">
  <testcase classname="test.FlatToStandard.ScriptVerifyByTrialBalanceScreenshotDefaultProfile_DefaultProfile" name="GoToUrlAssertUrlPositiveEnterUserNamePositiveEnterPasswordClickLoginButtonGoToUrlAssertUrlCl" time="52.492"/>
  <system-out/>
</testsuite> <!-- test.FlatToStandard.ScriptVerifyByTrialBalanceScreenshotDefaultProfile_DefaultProfile -->
