<?xml version="1.0" encoding="UTF-8"?>
<!-- Generated by org.testng.reporters.JUnitReportReporter -->
<testsuite hostname="OB-Sum" failures="0" tests="1" name="PartialReconcileForSupplierBillFlatToStand.ScriptVATReturn1stVATReturnReport_SToFRS_DefaultProfile" time="58.395" errors="0" timestamp="2022-02-06T06:55:31 IST" skipped="0">
  <testcase classname="PartialReconcileForSupplierBillFlatToStand.ScriptVATReturn1stVATReturnReport_SToFRS_DefaultProfile" name="GoToUrlAssertUrlPositiveEnterUserNamePositiveEnterPasswordClickLoginButtonGoToUrlAssertUrlCl" time="58.395"/>
  <system-out/>
</testsuite> <!-- PartialReconcileForSupplierBillFlatToStand.ScriptVATReturn1stVATReturnReport_SToFRS_DefaultProfile -->
