<?xml version="1.0" encoding="UTF-8"?>
<!-- Generated by org.testng.reporters.JUnitReportReporter -->
<testsuite hostname="OB-Yogesh" failures="0" tests="6" name="test.partialReconcileJonralEntrySToFlat.SaleInToReconcileForJonral_DefaultProfile" time="582.319" errors="0" timestamp="2021-05-10T01:42:24 IST" skipped="0">
  <testcase classname="test.partialReconcileJonralEntrySToFlat.SaleInToReconcileForJonral_DefaultProfile" name="GoToUrlAssertUrlPositiveEnternLOGINPositiveEnternPASSClickLoginGoToUrlAssertUrlClickAgentsP5" time="95.754"/>
  <system-out/>
  <testcase classname="test.partialReconcileJonralEntrySToFlat.SaleInToReconcileForJonral_DefaultProfile" name="GoToUrlAssertUrlPositiveEnternLOGINPositiveEnternPASSClickLoginGoToUrlAssertUrlClickAgentsP1" time="96.608"/>
  <system-out/>
  <testcase classname="test.partialReconcileJonralEntrySToFlat.SaleInToReconcileForJonral_DefaultProfile" name="GoToUrlAssertUrlPositiveEnternLOGINPositiveEnternPASSClickLoginGoToUrlAssertUrlClickAgentsP2" time="100.318"/>
  <system-out/>
  <testcase classname="test.partialReconcileJonralEntrySToFlat.SaleInToReconcileForJonral_DefaultProfile" name="GoToUrlAssertUrlPositiveEnternLOGINPositiveEnternPASSClickLoginGoToUrlAssertUrlClickAgentsP3" time="95.913"/>
  <system-out/>
  <testcase classname="test.partialReconcileJonralEntrySToFlat.SaleInToReconcileForJonral_DefaultProfile" name="GoToUrlAssertUrlPositiveEnternLOGINPositiveEnternPASSClickLoginGoToUrlAssertUrlClickAgentsP4" time="97.527"/>
  <system-out/>
  <testcase classname="test.partialReconcileJonralEntrySToFlat.SaleInToReconcileForJonral_DefaultProfile" name="GoToUrlAssertUrlPositiveEnternLOGINPositiveEnternPASSClickLoginGoToUrlAssertUrlClickAgentsP6" time="96.199"/>
  <system-out/>
</testsuite> <!-- test.partialReconcileJonralEntrySToFlat.SaleInToReconcileForJonral_DefaultProfile -->
