<?xml version="1.0" encoding="UTF-8"?>
<!-- Generated by org.testng.reporters.JUnitReportReporter -->
<testsuite hostname="OB-Sum" failures="0" tests="1" name="AdvanceReconcileByBankForSupplierBillFlatToNoVAT.ScriptEditVATFlatP_DefaultProfile" time="52.862" errors="0" timestamp="2021-12-09T11:24:14 IST" skipped="0">
  <testcase classname="AdvanceReconcileByBankForSupplierBillFlatToNoVAT.ScriptEditVATFlatP_DefaultProfile" name="GoToUrlAssertUrlPositiveEnterUserNamePositiveEnterPasswordClickLoginButtonGoToUrlAssertUrlCl3" time="52.862"/>
  <system-out/>
</testsuite> <!-- AdvanceReconcileByBankForSupplierBillFlatToNoVAT.ScriptEditVATFlatP_DefaultProfile -->
