<?xml version="1.0" encoding="UTF-8"?>
<!-- Generated by org.testng.reporters.JUnitReportReporter -->
<testsuite hostname="OB-Yogesh" failures="0" tests="1" name="VAT3_ExpensesReinbr.ScriptPostVATReturn2stVATReturnReport_DefaultProfile_3" time="69.909" errors="0" timestamp="2021-05-16T23:58:36 IST" skipped="0">
  <testcase classname="VAT3_ExpensesReinbr.ScriptPostVATReturn2stVATReturnReport_DefaultProfile_3" name="GoToUrlAssertUrlPositiveEnterUserNamePositiveEnterPasswordClickLoginButtonGoToUrlAssertUrlCl" time="69.909"/>
  <system-out/>
</testsuite> <!-- VAT3_ExpensesReinbr.ScriptPostVATReturn2stVATReturnReport_DefaultProfile_3 -->
