<?xml version="1.0" encoding="UTF-8"?>
<!-- Generated by org.testng.reporters.JUnitReportReporter -->
<testsuite hostname="OB-Yogesh" failures="0" tests="1" name="tests.Script5FlatToFlatPercentage_DefaultProfile" time="54.821" errors="0" timestamp="2021-04-01T15:35:54 IST" skipped="0">
  <testcase classname="tests.Script5FlatToFlatPercentage_DefaultProfile" name="GoToUrlAssertUrlPositiveEnterUserNamePositiveEnterPasswordClickLoginButtonGoToUrlAssertUrlCl1" time="54.821"/>
  <system-out/>
</testsuite> <!-- tests.Script5FlatToFlatPercentage_DefaultProfile -->
