<?xml version="1.0" encoding="UTF-8"?>
<!-- Generated by org.testng.reporters.JUnitReportReporter -->
<testsuite hostname="OB-Sum" failures="0" tests="1" name="VAT3.FullREC_F2_NOVAT.Suppler_EditVATType_Standard1" time="49.362" errors="0" timestamp="2021-12-01T10:32:11 IST" skipped="0">
  <testcase classname="VAT3.FullREC_F2_NOVAT.Suppler_EditVATType_Standard1" name="GoToUrlAssertUrlPositiveEnterUserNamePositiveEnterPasswordClickLoginButtonGoToUrlAssertUrlCl2" time="49.362"/>
  <system-out/>
</testsuite> <!-- VAT3.FullREC_F2_NOVAT.Suppler_EditVATType_Standard1 -->
