<?xml version="1.0" encoding="UTF-8"?>
<!-- Generated by org.testng.reporters.JUnitReportReporter -->
<testsuite hostname="OB-Yogesh" failures="0" tests="1" name="test.partialReconcileJonralEntrySToFlat.ScriptStandardToFlat_DefaultProfile" time="76.718" errors="0" timestamp="2021-05-10T01:42:23 IST" skipped="0">
  <testcase classname="test.partialReconcileJonralEntrySToFlat.ScriptStandardToFlat_DefaultProfile" name="GoToUrlAssertUrlPositiveEnterUserNamePositiveEnterPasswordClickLoginButtonGoToUrlAssertUrlCl1" time="76.718"/>
  <system-out/>
</testsuite> <!-- test.partialReconcileJonralEntrySToFlat.ScriptStandardToFlat_DefaultProfile -->
