<?xml version="1.0" encoding="UTF-8"?>
<!-- Generated by org.testng.reporters.JUnitReportReporter -->
<testsuite hostname="OB-Sum" failures="0" tests="6" name="test.partialReconcileJonralEntrySToFlat.SaleInToReconcileForJonral_DefaultProfile" time="600.154" errors="0" timestamp="2021-12-19T01:41:00 IST" skipped="0">
  <testcase classname="test.partialReconcileJonralEntrySToFlat.SaleInToReconcileForJonral_DefaultProfile" name="GoToUrlAssertUrlPositiveEnternLOGINPositiveEnternPASSClickLoginGoToUrlAssertUrlClickAgentsP1" time="98.600"/>
  <system-out/>
  <testcase classname="test.partialReconcileJonralEntrySToFlat.SaleInToReconcileForJonral_DefaultProfile" name="GoToUrlAssertUrlPositiveEnternLOGINPositiveEnternPASSClickLoginGoToUrlAssertUrlClickAgentsP5" time="99.408"/>
  <system-out/>
  <testcase classname="test.partialReconcileJonralEntrySToFlat.SaleInToReconcileForJonral_DefaultProfile" name="GoToUrlAssertUrlPositiveEnternLOGINPositiveEnternPASSClickLoginGoToUrlAssertUrlClickAgentsP6" time="98.126"/>
  <system-out/>
  <testcase classname="test.partialReconcileJonralEntrySToFlat.SaleInToReconcileForJonral_DefaultProfile" name="GoToUrlAssertUrlPositiveEnternLOGINPositiveEnternPASSClickLoginGoToUrlAssertUrlClickAgentsP4" time="100.783"/>
  <system-out/>
  <testcase classname="test.partialReconcileJonralEntrySToFlat.SaleInToReconcileForJonral_DefaultProfile" name="GoToUrlAssertUrlPositiveEnternLOGINPositiveEnternPASSClickLoginGoToUrlAssertUrlClickAgentsP3" time="99.184"/>
  <system-out/>
  <testcase classname="test.partialReconcileJonralEntrySToFlat.SaleInToReconcileForJonral_DefaultProfile" name="GoToUrlAssertUrlPositiveEnternLOGINPositiveEnternPASSClickLoginGoToUrlAssertUrlClickAgentsP2" time="104.053"/>
  <system-out/>
</testsuite> <!-- test.partialReconcileJonralEntrySToFlat.SaleInToReconcileForJonral_DefaultProfile -->
