<?xml version="1.0" encoding="UTF-8"?>
<!-- Generated by org.testng.reporters.JUnitReportReporter -->
<testsuite hostname="OB-Sum" failures="0" tests="6" name="tests.ScriptSaleCreditNote_SToNOVAT_DefaultProfile" time="378.158" errors="0" timestamp="2021-12-09T11:24:15 IST" skipped="0">
  <testcase classname="tests.ScriptSaleCreditNote_SToNOVAT_DefaultProfile" name="GoToUrlAssertUrlPositiveEnterUserNamePositiveEnterPasswordClickLoginButtonGoToUrlAssertUrlCl3" time="63.851"/>
  <system-out/>
  <testcase classname="tests.ScriptSaleCreditNote_SToNOVAT_DefaultProfile" name="GoToUrlAssertUrlPositiveEnterUserNamePositiveEnterPasswordClickLoginButtonGoToUrlAssertUrlCl5" time="61.413"/>
  <system-out/>
  <testcase classname="tests.ScriptSaleCreditNote_SToNOVAT_DefaultProfile" name="GoToUrlAssertUrlPositiveEnterUserNamePositiveEnterPasswordClickLoginButtonGoToUrlAssertUrlCl2" time="62.017"/>
  <system-out/>
  <testcase classname="tests.ScriptSaleCreditNote_SToNOVAT_DefaultProfile" name="GoToUrlAssertUrlPositiveEnterUserNamePositiveEnterPasswordClickLoginButtonGoToUrlAssertUrlCl6" time="62.280"/>
  <system-out/>
  <testcase classname="tests.ScriptSaleCreditNote_SToNOVAT_DefaultProfile" name="GoToUrlAssertUrlPositiveEnterUserNamePositiveEnterPasswordClickLoginButtonGoToUrlAssertUrlCl1" time="63.167"/>
  <system-out/>
  <testcase classname="tests.ScriptSaleCreditNote_SToNOVAT_DefaultProfile" name="GoToUrlAssertUrlPositiveEnterUserNamePositiveEnterPasswordClickLoginButtonGoToUrlAssertUrlCl4" time="65.430"/>
  <system-out/>
</testsuite> <!-- tests.ScriptSaleCreditNote_SToNOVAT_DefaultProfile -->
