<?xml version="1.0" encoding="UTF-8"?>
<!-- Generated by org.testng.reporters.JUnitReportReporter -->
<testsuite hostname="OB-Sum" failures="0" tests="3" name="tests.BalanceSheet_Bf.TC_33_BSBFTradeCreditor1070_DefaultProfile_JBI" time="293.755" errors="0" timestamp="2022-03-03T17:00:05 IST" skipped="0">
  <testcase classname="tests.BalanceSheet_Bf.TC_33_BSBFTradeCreditor1070_DefaultProfile_JBI" name="GoToUrlAssertUrlPositiveEnternLOGINPositiveEnternPASSClickLoginGoToUrlAssertUrlClickAgentsP1" time="126.659"/>
  <system-out>
    <![CDATA[Accounting Period Status : Account UnClosed 
Accounting Period Status : Account UnLocked
ledger 1 entered :1070 - Default Customer
ledger 2 entered :1400 - Default Bank
Accounting Period Status :- Account period closed
Ledger code verified: Default Customer
Amount enter verified: 1,000.00
Enteries are Verified on Balance Sheet Report page :]]>
  </system-out>
  <testcase classname="tests.BalanceSheet_Bf.TC_33_BSBFTradeCreditor1070_DefaultProfile_JBI" name="GoToUrlAssertUrlPositiveEnternLOGINPositiveEnternPASSClickLoginGoToUrlAssertUrlClickAgentsP3" time="82.774"/>
  <system-out>
    <![CDATA[Accounting Period Status : Account UnClosed 
Accounting Period Status : Account UnLocked
Accounting Period Status :- Account period closed]]>
  </system-out>
  <testcase classname="tests.BalanceSheet_Bf.TC_33_BSBFTradeCreditor1070_DefaultProfile_JBI" name="GoToUrlAssertUrlPositiveEnternLOGINPositiveEnternPASSClickLoginGoToUrlAssertUrlClickAgentsP2" time="84.322"/>
  <system-out>
    <![CDATA[Accounting Period Status : Account UnClosed 
Accounting Period Status : Account UnLocked
Accounting Period Status :- Account period closed]]>
  </system-out>
</testsuite> <!-- tests.BalanceSheet_Bf.TC_33_BSBFTradeCreditor1070_DefaultProfile_JBI -->
