<?xml version="1.0" encoding="UTF-8"?>
<!-- Generated by org.testng.reporters.JUnitReportReporter -->
<testsuite hostname="OB-Sum" failures="0" tests="3" name="test.ashiv.ScriptVATOnlyBillSToFRS_DefaultProfile" time="140.131" errors="0" timestamp="2022-02-19T09:42:03 IST" skipped="0">
  <testcase classname="test.ashiv.ScriptVATOnlyBillSToFRS_DefaultProfile" name="GoToUrlAssertUrlPositiveEnterUserNamePositiveEnterPasswordClickLoginButtonAgentClientBusinessExpenditure_NewVatOnly_SaveBtnSuccessMessageScreenWithBillNumRecallLastTrnschangeBillNum" time="54.573"/>
  <system-out/>
  <testcase classname="test.ashiv.ScriptVATOnlyBillSToFRS_DefaultProfile" name="GoToUrlAssertUrlPositiveEnterUserNamePositiveEnterPasswordClickLoginButtonAgentClientBusinessExpenditure_NewVatOnly_SaveBtnSuccessMessageScreenWithBillNumRecallLastTrnschangeBillNum_2" time="41.344"/>
  <system-out/>
  <testcase classname="test.ashiv.ScriptVATOnlyBillSToFRS_DefaultProfile" name="GoToUrlAssertUrlPositiveEnterUserNamePositiveEnterPasswordClickLoginButtonAgentClientBusinessExpenditure_NewVatOnly_SaveBtnSuccessMessageScreenWithBillNumRecallLastTrnschangeBillNum_1" time="44.214"/>
  <system-out/>
</testsuite> <!-- test.ashiv.ScriptVATOnlyBillSToFRS_DefaultProfile -->
