<?xml version="1.0" encoding="UTF-8"?>
<!-- Generated by org.testng.reporters.JUnitReportReporter -->
<testsuite hostname="OB-Sum" failures="0" tests="1" name="Supplier_FRSToFRSP.ScriptVerifySupplierAddRecord_FRSTOStandard_DefaultProfile" time="102.451" errors="0" timestamp="2021-12-19T01:41:02 IST" skipped="0">
  <testcase classname="Supplier_FRSToFRSP.ScriptVerifySupplierAddRecord_FRSTOStandard_DefaultProfile" name="GoToUrlAssertUrlPositiveEnterUserNamePositiveEnterPasswordClickLoginButtonGoToUrlAssertUrlCl" time="102.451"/>
  <system-out/>
</testsuite> <!-- Supplier_FRSToFRSP.ScriptVerifySupplierAddRecord_FRSTOStandard_DefaultProfile -->
