<?xml version="1.0" encoding="UTF-8"?>
<!-- Generated by org.testng.reporters.JUnitReportReporter -->
<testsuite hostname="OB-Sum" failures="0" tests="1" name="VATPhase3_Banking_allocateToExp.ScriptPostVATReturn2stVATReturnReport_FlatToNoVAT_DefaultProfile_3" time="86.018" errors="0" timestamp="2022-02-06T06:55:33 IST" skipped="0">
  <testcase classname="VATPhase3_Banking_allocateToExp.ScriptPostVATReturn2stVATReturnReport_FlatToNoVAT_DefaultProfile_3" name="GoToUrlAssertUrlPositiveEnterUserNamePositiveEnterPasswordClickLoginButtonGoToUrlAssertUrlCl" time="86.018"/>
  <system-out/>
</testsuite> <!-- VATPhase3_Banking_allocateToExp.ScriptPostVATReturn2stVATReturnReport_FlatToNoVAT_DefaultProfile_3 -->
