<?xml version="1.0" encoding="UTF-8"?>
<!-- Generated by org.testng.reporters.JUnitReportReporter -->
<testsuite hostname="OB-Sum" failures="0" tests="3" name="Test_Trial_Balance_RE_Jour_Bank_Supp_3.TC_06_3_2_BS_FixedAsset_210_To_2014_With_Journal_Bank_Supplier" time="315.590" errors="0" timestamp="2022-01-18T16:59:19 IST" skipped="0">
  <testcase classname="Test_Trial_Balance_RE_Jour_Bank_Supp_3.TC_06_3_2_BS_FixedAsset_210_To_2014_With_Journal_Bank_Supplier" name="GoToUrlAssertUrlPositiveEnternLOGINPositiveEnternPASSClickLoginGoToUrlAssertUrlClickAgentsP2" time="128.849"/>
  <system-out/>
  <testcase classname="Test_Trial_Balance_RE_Jour_Bank_Supp_3.TC_06_3_2_BS_FixedAsset_210_To_2014_With_Journal_Bank_Supplier" name="GoToUrlAssertUrlPositiveEnternLOGINPositiveEnternPASSClickLoginGoToUrlAssertUrlClickAgentsP1" time="61.182"/>
  <system-out>
    <![CDATA[ledger 1 entered :210 - Land and Buildings Cost B/Fwd
ledger 2 entered :211 - Land and Buildings Additions
ledger 3 entered :212 - Land and Buildings Disposals
ledger 4 entered :213 - Land and Buildings Revaluations
ledger 5 entered :214 - Land and Buildings Transfers
Ledger code verified: Land and Buildings Cost B/Fwd
Amount enter verified: 1,000.00
Ledger code verified: Land and Buildings Additions
Amount enter verified: 1,000.00
Ledger code verified: Land and Buildings Disposals
Amount enter verified: 1,000.00
Ledger code verified: Land and Buildings Revaluations
Amount enter verified: 1,000.00
Ledger code verified: Land and Buildings Transfers
Amount enter verified: (4,000.00)
Enteries are Verified on Balance Sheet Report page :]]>
  </system-out>
  <testcase classname="Test_Trial_Balance_RE_Jour_Bank_Supp_3.TC_06_3_2_BS_FixedAsset_210_To_2014_With_Journal_Bank_Supplier" name="GoToUrlAssertUrlPositiveEnternLOGINPositiveEnternPASSClickLoginGoToUrlAssertUrlClickAgentsP3" time="125.559"/>
  <system-out/>
</testsuite> <!-- Test_Trial_Balance_RE_Jour_Bank_Supp_3.TC_06_3_2_BS_FixedAsset_210_To_2014_With_Journal_Bank_Supplier -->
