<?xml version="1.0" encoding="UTF-8"?>
<!-- Generated by org.testng.reporters.JUnitReportReporter -->
<testsuite hostname="OB-Sum" failures="0" tests="1" name="test.FlatToStandard.ScriptEditSettingToFlatRate_DefaultProfile" time="79.871" errors="0" timestamp="2021-12-09T11:24:15 IST" skipped="0">
  <testcase classname="test.FlatToStandard.ScriptEditSettingToFlatRate_DefaultProfile" name="GoToUrlAssertUrlPositiveEnterUserNamePositiveEnterPasswordClickLoginButtonGoToUrlAssertUrlCl2" time="79.871"/>
  <system-out/>
</testsuite> <!-- test.FlatToStandard.ScriptEditSettingToFlatRate_DefaultProfile -->
