<?xml version="1.0" encoding="UTF-8"?>
<!-- Generated by org.testng.reporters.JUnitReportReporter -->
<testsuite hostname="OB-Yogesh" failures="0" tests="1" name="Supplier_FRSToNoVAT.ScriptVATReturn3stVATReturnReport_FRSToNOVAT_DefaultProfile" time="35.338" errors="0" timestamp="2021-03-02T00:14:26 IST" skipped="0">
  <testcase classname="Supplier_FRSToNoVAT.ScriptVATReturn3stVATReturnReport_FRSToNOVAT_DefaultProfile" name="GoToUrlAssertUrlPositiveEnterUserNamePositiveEnterPasswordClickLoginButtonGoToUrlAssertUrlCl" time="35.338"/>
  <system-out/>
</testsuite> <!-- Supplier_FRSToNoVAT.ScriptVATReturn3stVATReturnReport_FRSToNOVAT_DefaultProfile -->
