<?xml version="1.0" encoding="UTF-8"?>
<!-- Generated by org.testng.reporters.JUnitReportReporter -->
<testsuite hostname="OB-Sum" failures="0" tests="1" name="test.FlatToFlatPer.ScriptVerifyByTrialBalanceDefaultProfile_FlatToFlatP" time="52.572" errors="0" timestamp="2022-02-06T06:55:33 IST" skipped="0">
  <testcase classname="test.FlatToFlatPer.ScriptVerifyByTrialBalanceDefaultProfile_FlatToFlatP" name="GoToUrlAssertUrlPositiveEnterUserNamePositiveEnterPasswordClickLoginButtonGoToUrlAssertUrlCl" time="52.572"/>
  <system-out/>
</testsuite> <!-- test.FlatToFlatPer.ScriptVerifyByTrialBalanceDefaultProfile_FlatToFlatP -->
