<?xml version="1.0" encoding="UTF-8"?>
<!-- Generated by org.testng.reporters.JUnitReportReporter -->
<testsuite hostname="OB-Sum" failures="0" tests="11" name="Test_Income.New_Repeat_Invoice" time="572.188" errors="0" timestamp="2021-11-11T20:51:38 IST" skipped="0">
  <testcase classname="Test_Income.New_Repeat_Invoice" name="GoToUrlClickView1ClickRepeatInvoice2ClickAddRepeatInvoice3PositiveSelectSelectCustomer4Positi_TC01" time="57.666"/>
  <system-out/>
  <testcase classname="Test_Income.New_Repeat_Invoice" name="GoToUrlClickView1ClickRepeatInvoice2ClickAddRepeatInvoice3PositiveSelectSelectCustomer4Positi_TC02" time="48.949"/>
  <system-out/>
  <testcase classname="Test_Income.New_Repeat_Invoice" name="GoToUrlClickView1ClickRepeatInvoice2ClickAddRepeatInvoice3PositiveSelectSelectCustomer4Positi_TC04" time="54.684"/>
  <system-out/>
  <testcase classname="Test_Income.New_Repeat_Invoice" name="GoToUrlClickView1ClickRepeatInvoice2ClickAddRepeatInvoice3PositiveSelectSelectCustomer4Positi_TC09" time="52.725"/>
  <system-out/>
  <testcase classname="Test_Income.New_Repeat_Invoice" name="GoToUrlClickView1ClickRepeatInvoice2ClickAddRepeatInvoice3PositiveSelectSelectCustomer4Positi_TC07" time="51.307"/>
  <system-out/>
  <testcase classname="Test_Income.New_Repeat_Invoice" name="GoToUrlClickView1ClickRepeatInvoice2ClickAddRepeatInvoice3PositiveSelectSelectCustomer4Positi_TC08" time="49.098"/>
  <system-out/>
  <testcase classname="Test_Income.New_Repeat_Invoice" name="GoToUrlClickView1ClickRepeatInvoice2ClickAddRepeatInvoice3PositiveSelectSelectCustomer4Positi_TC03" time="45.586"/>
  <system-out/>
  <testcase classname="Test_Income.New_Repeat_Invoice" name="GoToUrlClickView1ClickRepeatInvoice2ClickAddRepeatInvoice3PositiveSelectSelectCustomer4Positi_TC05" time="48.278"/>
  <system-out/>
  <testcase classname="Test_Income.New_Repeat_Invoice" name="GoToUrlClickView1ClickRepeatInvoice2ClickAddRepeatInvoice3PositiveSelectSelectCustomer4Positi_TC011" time="52.756"/>
  <system-out/>
  <testcase classname="Test_Income.New_Repeat_Invoice" name="GoToUrlClickView1ClickRepeatInvoice2ClickAddRepeatInvoice3PositiveSelectSelectCustomer4Positi_TC06" time="54.890"/>
  <system-out/>
  <testcase classname="Test_Income.New_Repeat_Invoice" name="GoToUrlClickView1ClickRepeatInvoice2ClickAddRepeatInvoice3PositiveSelectSelectCustomer4Positi_TC010" time="56.249"/>
  <system-out/>
</testsuite> <!-- Test_Income.New_Repeat_Invoice -->
