<?xml version="1.0" encoding="UTF-8"?>
<!-- Generated by org.testng.reporters.JUnitReportReporter -->
<testsuite hostname="OB-Yogesh" failures="0" tests="6" name="PartialReconcileForSupplierBill.SaleInToPartialReconcile_SupplierBill_DefaultProfile" time="523.936" errors="0" timestamp="2021-04-15T07:15:52 IST" skipped="0">
  <testcase classname="PartialReconcileForSupplierBill.SaleInToPartialReconcile_SupplierBill_DefaultProfile" name="GoToUrlAssertUrlPositiveEnternLOGINPositiveEnternPASSClickLoginGoToUrlAssertUrlClickAgentsP5" time="87.026"/>
  <system-out/>
  <testcase classname="PartialReconcileForSupplierBill.SaleInToPartialReconcile_SupplierBill_DefaultProfile" name="GoToUrlAssertUrlPositiveEnternLOGINPositiveEnternPASSClickLoginGoToUrlAssertUrlClickAgentsP3" time="84.449"/>
  <system-out/>
  <testcase classname="PartialReconcileForSupplierBill.SaleInToPartialReconcile_SupplierBill_DefaultProfile" name="GoToUrlAssertUrlPositiveEnternLOGINPositiveEnternPASSClickLoginGoToUrlAssertUrlClickAgentsP2" time="88.617"/>
  <system-out/>
  <testcase classname="PartialReconcileForSupplierBill.SaleInToPartialReconcile_SupplierBill_DefaultProfile" name="GoToUrlAssertUrlPositiveEnternLOGINPositiveEnternPASSClickLoginGoToUrlAssertUrlClickAgentsP1" time="95.070"/>
  <system-out/>
  <testcase classname="PartialReconcileForSupplierBill.SaleInToPartialReconcile_SupplierBill_DefaultProfile" name="GoToUrlAssertUrlPositiveEnternLOGINPositiveEnternPASSClickLoginGoToUrlAssertUrlClickAgentsP4" time="82.913"/>
  <system-out/>
  <testcase classname="PartialReconcileForSupplierBill.SaleInToPartialReconcile_SupplierBill_DefaultProfile" name="GoToUrlAssertUrlPositiveEnternLOGINPositiveEnternPASSClickLoginGoToUrlAssertUrlClickAgentsP6" time="85.861"/>
  <system-out/>
</testsuite> <!-- PartialReconcileForSupplierBill.SaleInToPartialReconcile_SupplierBill_DefaultProfile -->
