<?xml version="1.0" encoding="UTF-8"?>
<!-- Generated by org.testng.reporters.JUnitReportReporter -->
<testsuite hostname="OB-Sum" failures="0" tests="6" name="VAT3_UnReconciled_FLAT2_NOVAT.UN_ReconcileForDebitNote_Flat2NOVAT" time="328.328" errors="0" timestamp="2021-11-26T13:57:33 IST" skipped="0">
  <testcase classname="VAT3_UnReconciled_FLAT2_NOVAT.UN_ReconcileForDebitNote_Flat2NOVAT" name="GoToUrlAssertUrlPositiveEnternLOGINPositiveEnternPASSClickLoginGoToUrlAssertUrlClickAgentsP1" time="54.613"/>
  <system-out/>
  <testcase classname="VAT3_UnReconciled_FLAT2_NOVAT.UN_ReconcileForDebitNote_Flat2NOVAT" name="GoToUrlAssertUrlPositiveEnternLOGINPositiveEnternPASSClickLoginGoToUrlAssertUrlClickAgentsP3" time="55.321"/>
  <system-out/>
  <testcase classname="VAT3_UnReconciled_FLAT2_NOVAT.UN_ReconcileForDebitNote_Flat2NOVAT" name="GoToUrlAssertUrlPositiveEnternLOGINPositiveEnternPASSClickLoginGoToUrlAssertUrlClickAgentsP71" time="55.693"/>
  <system-out/>
  <testcase classname="VAT3_UnReconciled_FLAT2_NOVAT.UN_ReconcileForDebitNote_Flat2NOVAT" name="GoToUrlAssertUrlPositiveEnternLOGINPositiveEnternPASSClickLoginGoToUrlAssertUrlClickAgentsP7" time="56.009"/>
  <system-out/>
  <testcase classname="VAT3_UnReconciled_FLAT2_NOVAT.UN_ReconcileForDebitNote_Flat2NOVAT" name="GoToUrlAssertUrlPositiveEnternLOGINPositiveEnternPASSClickLoginGoToUrlAssertUrlClickAgentsP2" time="53.461"/>
  <system-out/>
  <testcase classname="VAT3_UnReconciled_FLAT2_NOVAT.UN_ReconcileForDebitNote_Flat2NOVAT" name="GoToUrlAssertUrlPositiveEnternLOGINPositiveEnternPASSClickLoginGoToUrlAssertUrlClickAgentsP6" time="53.231"/>
  <system-out/>
</testsuite> <!-- VAT3_UnReconciled_FLAT2_NOVAT.UN_ReconcileForDebitNote_Flat2NOVAT -->
