<?xml version="1.0" encoding="UTF-8"?>
<!-- Generated by org.testng.reporters.JUnitReportReporter -->
<testsuite hostname="OB-Sum" failures="0" tests="1" name="VAT3_UnReconciled_FLAT2_NOVAT.UN_ScriptVATReturn1stVATReturnReport_Flat2NOVAT" time="48.314" errors="0" timestamp="2022-02-06T06:55:31 IST" skipped="0">
  <testcase classname="VAT3_UnReconciled_FLAT2_NOVAT.UN_ScriptVATReturn1stVATReturnReport_Flat2NOVAT" name="GoToUrlAssertUrlPositiveEnterUserNamePositiveEnterPasswordClickLoginButtonGoToUrlAssertUrlCl" time="48.314"/>
  <system-out/>
</testsuite> <!-- VAT3_UnReconciled_FLAT2_NOVAT.UN_ScriptVATReturn1stVATReturnReport_Flat2NOVAT -->
