<?xml version="1.0" encoding="UTF-8"?>
<!-- Generated by org.testng.reporters.JUnitReportReporter -->
<testsuite hostname="OB-Sum" failures="0" tests="6" name="VAT3.FullREC_S2_FLAT.Supplier__SupplierBill_1" time="633.127" errors="0" timestamp="2021-11-26T20:55:19 IST" skipped="0">
  <testcase classname="VAT3.FullREC_S2_FLAT.Supplier__SupplierBill_1" name="GoToUrlAssertUrlPositiveEnternLOGINPositiveEnternPASSClickLoginGoToUrlAssertUrlClickAgentsP2" time="105.747"/>
  <system-out/>
  <testcase classname="VAT3.FullREC_S2_FLAT.Supplier__SupplierBill_1" name="GoToUrlAssertUrlPositiveEnternLOGINPositiveEnternPASSClickLoginGoToUrlAssertUrlClickAgentsP3" time="103.417"/>
  <system-out/>
  <testcase classname="VAT3.FullREC_S2_FLAT.Supplier__SupplierBill_1" name="GoToUrlAssertUrlPositiveEnternLOGINPositiveEnternPASSClickLoginGoToUrlAssertUrlClickAgentsP6" time="109.288"/>
  <system-out/>
  <testcase classname="VAT3.FullREC_S2_FLAT.Supplier__SupplierBill_1" name="GoToUrlAssertUrlPositiveEnternLOGINPositiveEnternPASSClickLoginGoToUrlAssertUrlClickAgentsP4" time="102.258"/>
  <system-out/>
  <testcase classname="VAT3.FullREC_S2_FLAT.Supplier__SupplierBill_1" name="GoToUrlAssertUrlPositiveEnternLOGINPositiveEnternPASSClickLoginGoToUrlAssertUrlClickAgentsP5" time="105.539"/>
  <system-out/>
  <testcase classname="VAT3.FullREC_S2_FLAT.Supplier__SupplierBill_1" name="GoToUrlAssertUrlPositiveEnternLOGINPositiveEnternPASSClickLoginGoToUrlAssertUrlClickAgentsP1" time="106.878"/>
  <system-out/>
</testsuite> <!-- VAT3.FullREC_S2_FLAT.Supplier__SupplierBill_1 -->
