<?xml version="1.0" encoding="UTF-8"?>
<!-- Generated by org.testng.reporters.JUnitReportReporter -->
<testsuite hostname="OB-Yogesh" failures="0" tests="1" name="Supplier_FRSToFRSP.ScriptPostVATReturn2stVATReturnReport_FRSTOStandard_DefaultProfile" time="61.222" errors="0" timestamp="2021-03-06T17:43:23 IST" skipped="0">
  <testcase classname="Supplier_FRSToFRSP.ScriptPostVATReturn2stVATReturnReport_FRSTOStandard_DefaultProfile" name="GoToUrlAssertUrlPositiveEnterUserNamePositiveEnterPasswordClickLoginButtonGoToUrlAssertUrlCl" time="61.222"/>
  <system-out/>
</testsuite> <!-- Supplier_FRSToFRSP.ScriptPostVATReturn2stVATReturnReport_FRSTOStandard_DefaultProfile -->
