<?xml version="1.0" encoding="UTF-8"?>
<!-- Generated by org.testng.reporters.JUnitReportReporter -->
<testsuite hostname="OB-Sum" failures="0" tests="6" name="test.PartialReconcilationforOnlySTandardthroughJournalEntry.SaleInToReconcileForJonral_DefaultProfile" time="611.214" errors="0" timestamp="2021-12-19T01:41:02 IST" skipped="0">
  <testcase classname="test.PartialReconcilationforOnlySTandardthroughJournalEntry.SaleInToReconcileForJonral_DefaultProfile" name="GoToUrlAssertUrlPositiveEnternLOGINPositiveEnternPASSClickLoginGoToUrlAssertUrlClickAgentsP2" time="97.777"/>
  <system-out/>
  <testcase classname="test.PartialReconcilationforOnlySTandardthroughJournalEntry.SaleInToReconcileForJonral_DefaultProfile" name="GoToUrlAssertUrlPositiveEnternLOGINPositiveEnternPASSClickLoginGoToUrlAssertUrlClickAgentsP6" time="100.556"/>
  <system-out/>
  <testcase classname="test.PartialReconcilationforOnlySTandardthroughJournalEntry.SaleInToReconcileForJonral_DefaultProfile" name="GoToUrlAssertUrlPositiveEnternLOGINPositiveEnternPASSClickLoginGoToUrlAssertUrlClickAgentsP1" time="101.747"/>
  <system-out/>
  <testcase classname="test.PartialReconcilationforOnlySTandardthroughJournalEntry.SaleInToReconcileForJonral_DefaultProfile" name="GoToUrlAssertUrlPositiveEnternLOGINPositiveEnternPASSClickLoginGoToUrlAssertUrlClickAgentsP3" time="101.808"/>
  <system-out/>
  <testcase classname="test.PartialReconcilationforOnlySTandardthroughJournalEntry.SaleInToReconcileForJonral_DefaultProfile" name="GoToUrlAssertUrlPositiveEnternLOGINPositiveEnternPASSClickLoginGoToUrlAssertUrlClickAgentsP4" time="104.388"/>
  <system-out/>
  <testcase classname="test.PartialReconcilationforOnlySTandardthroughJournalEntry.SaleInToReconcileForJonral_DefaultProfile" name="GoToUrlAssertUrlPositiveEnternLOGINPositiveEnternPASSClickLoginGoToUrlAssertUrlClickAgentsP5" time="104.938"/>
  <system-out/>
</testsuite> <!-- test.PartialReconcilationforOnlySTandardthroughJournalEntry.SaleInToReconcileForJonral_DefaultProfile -->
