<?xml version="1.0" encoding="UTF-8"?>
<!-- Generated by org.testng.reporters.JUnitReportReporter -->
<testsuite hostname="OB-Sum" failures="0" tests="2" name="tests.BalanceSheet_Bf.TC_52_BSBFCreditorDueAfterYear23002310_DefaultProfile" time="285.577" errors="0" timestamp="2022-02-25T15:38:46 IST" skipped="0">
  <testcase classname="tests.BalanceSheet_Bf.TC_52_BSBFCreditorDueAfterYear23002310_DefaultProfile" name="GoToUrlAssertUrlPositiveEnternLOGINPositiveEnternPASSClickLoginGoToUrlAssertUrlClickAgentsP1" time="161.426"/>
  <system-out>
    <![CDATA[Accounting Period Status : Account UnClosed 
Accounting Period Status : Account UnLocked
ledger 1 entered :2300 - Bank Loans (Unsecured) Greater Than 1 Year
ledger 2 entered :2301 - Bank Loans (Secured) Greater Than 1 Year
ledger 3 entered :2302 - Loans Outstanding Greater Than 1 Year
ledger 4 entered :2310 - Finance Leases Greater Than 1 Year
ledger 5 entered :1400 - Default Bank
Accounting Period Status :- Account period closed
Ledger code verified: Bank Loans (Unsecured) Greater Than 1 Year
Amount enter verified: 1,000.00
Ledger code verified: Bank Loans (Secured) Greater Than 1 Year
Amount enter verified: 1,100.00
Ledger code verified: Loans Outstanding Greater Than 1 Year
Amount enter verified: 1,200.00
Ledger code verified: Finance Leases Greater Than 1 Year
Amount enter verified: 1,300.00
Ledger code verified: Default Bank
Amount enter verified: (4,600.00)
Enteries are Verified on Balance Sheet Report page :]]>
  </system-out>
  <testcase classname="tests.BalanceSheet_Bf.TC_52_BSBFCreditorDueAfterYear23002310_DefaultProfile" name="GoToUrlAssertUrlPositiveEnternLOGINPositiveEnternPASSClickLoginGoToUrlAssertUrlClickAgentsP3" time="124.151"/>
  <system-out>
    <![CDATA[Accounting Period Status : Account UnClosed 
Accounting Period Status : Account UnLocked
Accounting Period Status :- Account period closed]]>
  </system-out>
</testsuite> <!-- tests.BalanceSheet_Bf.TC_52_BSBFCreditorDueAfterYear23002310_DefaultProfile -->
