<?xml version="1.0" encoding="UTF-8"?>
<!-- Generated by org.testng.reporters.JUnitReportReporter -->
<testsuite hostname="OB-Sum" failures="0" tests="6" name="VAT3_UnReconciled_FtoS.Un_F2S_ReconcileForDebitNote" time="300.688" errors="0" timestamp="2021-12-20T15:02:00 IST" skipped="0">
  <testcase classname="VAT3_UnReconciled_FtoS.Un_F2S_ReconcileForDebitNote" name="GoToUrlAssertUrlPositiveEnternLOGINPositiveEnternPASSClickLoginGoToUrlAssertUrlClickAgentsP6" time="47.781"/>
  <system-out/>
  <testcase classname="VAT3_UnReconciled_FtoS.Un_F2S_ReconcileForDebitNote" name="GoToUrlAssertUrlPositiveEnternLOGINPositiveEnternPASSClickLoginGoToUrlAssertUrlClickAgentsP7" time="50.525"/>
  <system-out/>
  <testcase classname="VAT3_UnReconciled_FtoS.Un_F2S_ReconcileForDebitNote" name="GoToUrlAssertUrlPositiveEnternLOGINPositiveEnternPASSClickLoginGoToUrlAssertUrlClickAgentsP2" time="50.294"/>
  <system-out/>
  <testcase classname="VAT3_UnReconciled_FtoS.Un_F2S_ReconcileForDebitNote" name="GoToUrlAssertUrlPositiveEnternLOGINPositiveEnternPASSClickLoginGoToUrlAssertUrlClickAgentsP3" time="49.496"/>
  <system-out/>
  <testcase classname="VAT3_UnReconciled_FtoS.Un_F2S_ReconcileForDebitNote" name="GoToUrlAssertUrlPositiveEnternLOGINPositiveEnternPASSClickLoginGoToUrlAssertUrlClickAgentsP71" time="50.695"/>
  <system-out/>
  <testcase classname="VAT3_UnReconciled_FtoS.Un_F2S_ReconcileForDebitNote" name="GoToUrlAssertUrlPositiveEnternLOGINPositiveEnternPASSClickLoginGoToUrlAssertUrlClickAgentsP1" time="51.897"/>
  <system-out/>
</testsuite> <!-- VAT3_UnReconciled_FtoS.Un_F2S_ReconcileForDebitNote -->
