<?xml version="1.0" encoding="UTF-8"?>
<!-- Generated by org.testng.reporters.JUnitReportReporter -->
<testsuite hostname="OB-Yogesh" failures="0" tests="2" name="test.AdvanceReconcilation.ScriptVATReturn1stVATReturnReport_SToFlat_DefaultProfile" time="121.025" errors="0" timestamp="2021-04-01T18:28:23 IST" skipped="0">
  <testcase classname="test.AdvanceReconcilation.ScriptVATReturn1stVATReturnReport_SToFlat_DefaultProfile" name="GoToUrlAssertUrlPositiveEnterUserNamePositiveEnterPasswordClickLoginButtonGoToUrlAssertUrlCl" time="59.343"/>
  <system-out/>
  <testcase classname="test.AdvanceReconcilation.ScriptVATReturn1stVATReturnReport_SToFlat_DefaultProfile" name="GoToUrlAssertUrlPositiveEnterUserNamePositiveEnterPasswordClickLoginButtonGoToUrlAssertUrlCl" time="61.682"/>
  <system-out/>
</testsuite> <!-- test.AdvanceReconcilation.ScriptVATReturn1stVATReturnReport_SToFlat_DefaultProfile -->
