<?xml version="1.0" encoding="UTF-8"?>
<!-- Generated by org.testng.reporters.JUnitReportReporter -->
<testsuite hostname="OB-Sum" failures="0" tests="1" name="ExpenceRemSToFlat.ScriptVATReturn2stVATReturnReport_SToFRS_DefaultProfile" time="67.508" errors="0" timestamp="2021-12-19T01:41:02 IST" skipped="0">
  <testcase classname="ExpenceRemSToFlat.ScriptVATReturn2stVATReturnReport_SToFRS_DefaultProfile" name="GoToUrlAssertUrlPositiveEnterUserNamePositiveEnterPasswordClickLoginButtonGoToUrlAssertUrlCl" time="67.508"/>
  <system-out/>
</testsuite> <!-- ExpenceRemSToFlat.ScriptVATReturn2stVATReturnReport_SToFRS_DefaultProfile -->
