<?xml version="1.0" encoding="UTF-8"?>
<!-- Generated by org.testng.reporters.JUnitReportReporter -->
<testsuite hostname="OB-Sum" failures="0" tests="2" name="Test_Trial_Balance_RE_Jour_Bank_Supp_3.TC_18_3_BS_DEBTOR_1300_To_1320_With_Journal_Bank_Supplier" time="152.989" errors="0" timestamp="2022-01-07T21:31:42 IST" skipped="0">
  <testcase classname="Test_Trial_Balance_RE_Jour_Bank_Supp_3.TC_18_3_BS_DEBTOR_1300_To_1320_With_Journal_Bank_Supplier" name="GoToUrlAssertUrlPositiveEnternLOGINPositiveEnternPASSClickLoginGoToUrlAssertUrlClickAgentsP3" time="99.632"/>
  <system-out/>
  <testcase classname="Test_Trial_Balance_RE_Jour_Bank_Supp_3.TC_18_3_BS_DEBTOR_1300_To_1320_With_Journal_Bank_Supplier" name="GoToUrlAssertUrlPositiveEnternLOGINPositiveEnternPASSClickLoginGoToUrlAssertUrlClickAgentsP1" time="53.357"/>
  <system-out>
    <![CDATA[ledger 1 entered :1300 - Other Debtors
ledger 2 entered :1301 - Suspense Adjustment A/C
ledger 3 entered :1305 - Amounts Due From Group Companies
ledger 4 entered :1310 - Prepayments
ledger 5 entered :1320 - Accrued Income
Ledger code verified: Other Debtors
Amount enter verified: 1,000.00
Ledger code verified: Suspense Adjustment A/C
Amount enter verified: 1,000.00
Ledger code verified: Amounts Due From Group Companies
Amount enter verified: 1,000.00
Ledger code verified: Prepayments
Amount enter verified: 1,000.00
Ledger code verified: Accrued Income
Amount enter verified: (4,000.00)
Enteries are Verified on Balance Sheet Report page :]]>
  </system-out>
</testsuite> <!-- Test_Trial_Balance_RE_Jour_Bank_Supp_3.TC_18_3_BS_DEBTOR_1300_To_1320_With_Journal_Bank_Supplier -->
