<?xml version="1.0" encoding="UTF-8"?>
<!-- Generated by org.testng.reporters.JUnitReportReporter -->
<testsuite hostname="OB-Yogesh" failures="0" tests="2" name="test.AdvanceReconcilationSTOFLAT.ScriptVATReturn1stVATReturnReport_SToFlat_DefaultProfile" time="111.255" errors="0" timestamp="2021-04-08T10:36:55 IST" skipped="0">
  <testcase classname="test.AdvanceReconcilationSTOFLAT.ScriptVATReturn1stVATReturnReport_SToFlat_DefaultProfile" name="GoToUrlAssertUrlPositiveEnterUserNamePositiveEnterPasswordClickLoginButtonGoToUrlAssertUrlCl" time="53.875"/>
  <system-out/>
  <testcase classname="test.AdvanceReconcilationSTOFLAT.ScriptVATReturn1stVATReturnReport_SToFlat_DefaultProfile" name="GoToUrlAssertUrlPositiveEnterUserNamePositiveEnterPasswordClickLoginButtonGoToUrlAssertUrlCl" time="57.380"/>
  <system-out/>
</testsuite> <!-- test.AdvanceReconcilationSTOFLAT.ScriptVATReturn1stVATReturnReport_SToFlat_DefaultProfile -->
