<?xml version="1.0" encoding="UTF-8"?>
<!-- Generated by org.testng.reporters.JUnitReportReporter -->
<testsuite hostname="OB-Sum" failures="0" tests="1" name="test.PartialReconcilationforOnlyFlatthroughJournalEntry.ScriptVATReturn2stVATReturnReport_SToFRS_DefaultProfile" time="73.908" errors="0" timestamp="2022-02-06T06:55:32 IST" skipped="0">
  <testcase classname="test.PartialReconcilationforOnlyFlatthroughJournalEntry.ScriptVATReturn2stVATReturnReport_SToFRS_DefaultProfile" name="GoToUrlAssertUrlPositiveEnterUserNamePositiveEnterPasswordClickLoginButtonGoToUrlAssertUrlCl" time="73.908"/>
  <system-out/>
</testsuite> <!-- test.PartialReconcilationforOnlyFlatthroughJournalEntry.ScriptVATReturn2stVATReturnReport_SToFRS_DefaultProfile -->
