<?xml version="1.0" encoding="UTF-8"?>
<!-- Generated by org.testng.reporters.JUnitReportReporter -->
<testsuite hostname="OB-Sum" failures="0" tests="1" name="test.PartialReconciledCases.ScriptVATReturn2stVATReturnReport_NoVATOnly_SToFlat_DefaultProfile" time="66.415" errors="0" timestamp="2021-12-09T11:24:15 IST" skipped="0">
  <testcase classname="test.PartialReconciledCases.ScriptVATReturn2stVATReturnReport_NoVATOnly_SToFlat_DefaultProfile" name="GoToUrlAssertUrlPositiveEnterUserNamePositiveEnterPasswordClickLoginButtonGoToUrlAssertUrlCl" time="66.415"/>
  <system-out/>
</testsuite> <!-- test.PartialReconciledCases.ScriptVATReturn2stVATReturnReport_NoVATOnly_SToFlat_DefaultProfile -->
