<?xml version="1.0" encoding="UTF-8"?>
<!-- Generated by org.testng.reporters.JUnitReportReporter -->
<testsuite hostname="OB-Yogesh" failures="0" tests="2" name="Supplier_FRSToStandard.ScriptVATOnlyBill_FRSToStandard_DefaultProfile" time="84.888" errors="0" timestamp="2021-03-04T07:52:51 IST" skipped="0">
  <testcase classname="Supplier_FRSToStandard.ScriptVATOnlyBill_FRSToStandard_DefaultProfile" name="GoToUrlAssertUrlPositiveEnterUserNamePositiveEnterPasswordClickLoginButtonGoToUrlAssertUrlCl1" time="42.571"/>
  <system-out/>
  <testcase classname="Supplier_FRSToStandard.ScriptVATOnlyBill_FRSToStandard_DefaultProfile" name="GoToUrlAssertUrlPositiveEnterUserNamePositiveEnterPasswordClickLoginButtonGoToUrlAssertUrlCl2" time="42.317"/>
  <system-out/>
</testsuite> <!-- Supplier_FRSToStandard.ScriptVATOnlyBill_FRSToStandard_DefaultProfile -->
