<?xml version="1.0" encoding="UTF-8"?>
<!-- Generated by org.testng.reporters.JUnitReportReporter -->
<testsuite hostname="OB-Yogesh" failures="0" tests="1" name="PartialReconcileByBankForSupplierBillFlatToFlatPer.ScriptVATReturn2stVATReturnReport_SToFRS_DefaultProfile" time="81.146" errors="0" timestamp="2021-04-25T20:30:40 IST" skipped="0">
  <testcase classname="PartialReconcileByBankForSupplierBillFlatToFlatPer.ScriptVATReturn2stVATReturnReport_SToFRS_DefaultProfile" name="GoToUrlAssertUrlPositiveEnterUserNamePositiveEnterPasswordClickLoginButtonGoToUrlAssertUrlCl" time="81.146"/>
  <system-out/>
</testsuite> <!-- PartialReconcileByBankForSupplierBillFlatToFlatPer.ScriptVATReturn2stVATReturnReport_SToFRS_DefaultProfile -->
