<?xml version="1.0" encoding="UTF-8"?>
<!-- Generated by org.testng.reporters.JUnitReportReporter -->
<testsuite hostname="OB-Sum" failures="0" tests="2" name="VAT3_UnReconciled_FLAT2_NOVAT.UN_ReconcileForVATOnly_Flat2NOVAT" time="99.362" errors="0" timestamp="2022-02-06T06:55:35 IST" skipped="0">
  <testcase classname="VAT3_UnReconciled_FLAT2_NOVAT.UN_ReconcileForVATOnly_Flat2NOVAT" name="GoToUrlAssertUrlPositiveEnternLOGINPositiveEnternPASSClickLoginGoToUrlAssertUrlClickAgentsP1" time="48.163"/>
  <system-out/>
  <testcase classname="VAT3_UnReconciled_FLAT2_NOVAT.UN_ReconcileForVATOnly_Flat2NOVAT" name="GoToUrlAssertUrlPositiveEnternLOGINPositiveEnternPASSClickLoginGoToUrlAssertUrlClickAgentsP3" time="51.199"/>
  <system-out/>
</testsuite> <!-- VAT3_UnReconciled_FLAT2_NOVAT.UN_ReconcileForVATOnly_Flat2NOVAT -->
