<?xml version="1.0" encoding="UTF-8"?>
<!-- Generated by org.testng.reporters.JUnitReportReporter -->
<testsuite hostname="OB-Sum" failures="0" tests="2" name="tests.BalanceSheet_Bf.TC_16_BSBFFixedAsset235239_DefaultProfile" time="356.400" errors="0" timestamp="2022-03-03T17:24:48 IST" skipped="0">
  <testcase classname="tests.BalanceSheet_Bf.TC_16_BSBFFixedAsset235239_DefaultProfile" name="GoToUrlAssertUrlPositiveEnternLOGINPositiveEnternPASSClickLoginGoToUrlAssertUrlClickAgentsP3" time="136.129"/>
  <system-out>
    <![CDATA[Accounting Period Status : Account UnClosed 
Accounting Period Status : Account UnLocked
Accounting Period Status :- Account period closed]]>
  </system-out>
  <testcase classname="tests.BalanceSheet_Bf.TC_16_BSBFFixedAsset235239_DefaultProfile" name="GoToUrlAssertUrlPositiveEnternLOGINPositiveEnternPASSClickLoginGoToUrlAssertUrlClickAgentsP1" time="220.271"/>
  <system-out>
    <![CDATA[Accounting Period Status : Account UnClosed 
Accounting Period Status : Account UnLocked
ledger 1 entered :236 - Short Leasehold Properties Depreciation Disposal
ledger 2 entered :237 - Short Leasehold Properties Depreciation Revaluations
ledger 3 entered :238 - Short Leasehold Properties Depreciation Transfers
ledger 4 entered :239 - Short Leasehold Properties Depreciation Charge
ledger 5 entered :1400 - Default Bank
Accounting Period Status :- Account period closed
Ledger code verified: Short Leasehold Properties Depreciation B/Fwd
Ledger code verified: Default Bank
Amount enter verified: 4,600.00
Amount enter verified: (4,600.00)
Enteries are Verified on Balance Sheet Report page :]]>
  </system-out>
</testsuite> <!-- tests.BalanceSheet_Bf.TC_16_BSBFFixedAsset235239_DefaultProfile -->
