<?xml version="1.0" encoding="UTF-8"?>
<!-- Generated by org.testng.reporters.JUnitReportReporter -->
<testsuite hostname="OB-Yogesh" failures="0" tests="1" name="VAT3_InvoiceUnreconcileCases.ScriptEditSettingToVATType_DefaultProfile_5" time="56.193" errors="0" timestamp="2021-05-30T00:12:31 IST" skipped="0">
  <testcase classname="VAT3_InvoiceUnreconcileCases.ScriptEditSettingToVATType_DefaultProfile_5" name="GoToUrlAssertUrlPositiveEnterUserNamePositiveEnterPasswordClickLoginButtonGoToUrlAssertUrlCl2" time="56.193"/>
  <system-out/>
</testsuite> <!-- VAT3_InvoiceUnreconcileCases.ScriptEditSettingToVATType_DefaultProfile_5 -->
