<?xml version="1.0" encoding="UTF-8"?>
<!-- Generated by org.testng.reporters.JUnitReportReporter -->
<testsuite hostname="OB-Yogesh" failures="0" tests="6" name="AdvanceReconcileByBankForSupplierBillFlatToNoVAT.SaleInToPartialReconcile_DebitNote_DefaultProfile" time="483.502" errors="0" timestamp="2021-04-28T20:52:53 IST" skipped="0">
  <testcase classname="AdvanceReconcileByBankForSupplierBillFlatToNoVAT.SaleInToPartialReconcile_DebitNote_DefaultProfile" name="GoToUrlAssertUrlPositiveEnternLOGINPositiveEnternPASSClickLoginGoToUrlAssertUrlClickAgentsP3" time="79.528"/>
  <system-out/>
  <testcase classname="AdvanceReconcileByBankForSupplierBillFlatToNoVAT.SaleInToPartialReconcile_DebitNote_DefaultProfile" name="GoToUrlAssertUrlPositiveEnternLOGINPositiveEnternPASSClickLoginGoToUrlAssertUrlClickAgentsP4" time="82.900"/>
  <system-out/>
  <testcase classname="AdvanceReconcileByBankForSupplierBillFlatToNoVAT.SaleInToPartialReconcile_DebitNote_DefaultProfile" name="GoToUrlAssertUrlPositiveEnternLOGINPositiveEnternPASSClickLoginGoToUrlAssertUrlClickAgentsP6" time="79.103"/>
  <system-out/>
  <testcase classname="AdvanceReconcileByBankForSupplierBillFlatToNoVAT.SaleInToPartialReconcile_DebitNote_DefaultProfile" name="GoToUrlAssertUrlPositiveEnternLOGINPositiveEnternPASSClickLoginGoToUrlAssertUrlClickAgentsP5" time="79.167"/>
  <system-out/>
  <testcase classname="AdvanceReconcileByBankForSupplierBillFlatToNoVAT.SaleInToPartialReconcile_DebitNote_DefaultProfile" name="GoToUrlAssertUrlPositiveEnternLOGINPositiveEnternPASSClickLoginGoToUrlAssertUrlClickAgentsP1" time="84.595"/>
  <system-out/>
  <testcase classname="AdvanceReconcileByBankForSupplierBillFlatToNoVAT.SaleInToPartialReconcile_DebitNote_DefaultProfile" name="GoToUrlAssertUrlPositiveEnternLOGINPositiveEnternPASSClickLoginGoToUrlAssertUrlClickAgentsP2" time="78.209"/>
  <system-out/>
</testsuite> <!-- AdvanceReconcileByBankForSupplierBillFlatToNoVAT.SaleInToPartialReconcile_DebitNote_DefaultProfile -->
