<?xml version="1.0" encoding="UTF-8"?>
<!-- Generated by org.testng.reporters.JUnitReportReporter -->
<testsuite hostname="OB-Sum" failures="0" tests="2" name="test.AdvanceReconcilationFLATTOSTAND.SaleInToReconcileForCreditNote_DefaultProfile" time="142.676" errors="0" timestamp="2021-12-09T13:10:41 IST" skipped="0">
  <testcase classname="test.AdvanceReconcilationFLATTOSTAND.SaleInToReconcileForCreditNote_DefaultProfile" name="GoToUrlAssertUrlPositiveEnternLOGINPositiveEnternPASSClickLoginGoToUrlAssertUrlClickAgentsP1" time="71.848"/>
  <system-out/>
  <testcase classname="test.AdvanceReconcilationFLATTOSTAND.SaleInToReconcileForCreditNote_DefaultProfile" name="GoToUrlAssertUrlPositiveEnternLOGINPositiveEnternPASSClickLoginGoToUrlAssertUrlClickAgentsP5" time="70.828"/>
  <system-out/>
</testsuite> <!-- test.AdvanceReconcilationFLATTOSTAND.SaleInToReconcileForCreditNote_DefaultProfile -->
