<?xml version="1.0" encoding="UTF-8"?>
<!-- Generated by org.testng.reporters.JUnitReportReporter -->
<testsuite hostname="OB-Sum" failures="0" tests="1" name="VATPhase3_Banking_ToSale.ScriptFlatToFlatP__StandToFlat_DefaultProfile_1" time="61.198" errors="0" timestamp="2021-12-19T01:41:01 IST" skipped="0">
  <testcase classname="VATPhase3_Banking_ToSale.ScriptFlatToFlatP__StandToFlat_DefaultProfile_1" name="GoToUrlAssertUrlPositiveEnterUserNamePositiveEnterPasswordClickLoginButtonGoToUrlAssertUrlCl1" time="61.198"/>
  <system-out/>
</testsuite> <!-- VATPhase3_Banking_ToSale.ScriptFlatToFlatP__StandToFlat_DefaultProfile_1 -->
