<?xml version="1.0" encoding="UTF-8"?>
<!-- Generated by org.testng.reporters.JUnitReportReporter -->
<testsuite hostname="OB-Sum" failures="0" tests="6" name="VAT3.FullREC_S2_NOVAT.Supplier_SupplierBill_2" time="624.021" errors="0" timestamp="2021-11-26T21:39:51 IST" skipped="0">
  <testcase classname="VAT3.FullREC_S2_NOVAT.Supplier_SupplierBill_2" name="GoToUrlAssertUrlPositiveEnternLOGINPositiveEnternPASSClickLoginGoToUrlAssertUrlClickAgentsP5" time="105.264"/>
  <system-out/>
  <testcase classname="VAT3.FullREC_S2_NOVAT.Supplier_SupplierBill_2" name="GoToUrlAssertUrlPositiveEnternLOGINPositiveEnternPASSClickLoginGoToUrlAssertUrlClickAgentsP4" time="102.442"/>
  <system-out/>
  <testcase classname="VAT3.FullREC_S2_NOVAT.Supplier_SupplierBill_2" name="GoToUrlAssertUrlPositiveEnternLOGINPositiveEnternPASSClickLoginGoToUrlAssertUrlClickAgentsP3" time="103.743"/>
  <system-out/>
  <testcase classname="VAT3.FullREC_S2_NOVAT.Supplier_SupplierBill_2" name="GoToUrlAssertUrlPositiveEnternLOGINPositiveEnternPASSClickLoginGoToUrlAssertUrlClickAgentsP6" time="102.526"/>
  <system-out/>
  <testcase classname="VAT3.FullREC_S2_NOVAT.Supplier_SupplierBill_2" name="GoToUrlAssertUrlPositiveEnternLOGINPositiveEnternPASSClickLoginGoToUrlAssertUrlClickAgentsP1" time="106.389"/>
  <system-out/>
  <testcase classname="VAT3.FullREC_S2_NOVAT.Supplier_SupplierBill_2" name="GoToUrlAssertUrlPositiveEnternLOGINPositiveEnternPASSClickLoginGoToUrlAssertUrlClickAgentsP2" time="103.657"/>
  <system-out/>
</testsuite> <!-- VAT3.FullREC_S2_NOVAT.Supplier_SupplierBill_2 -->
