<?xml version="1.0" encoding="UTF-8"?>
<!-- Generated by org.testng.reporters.JUnitReportReporter -->
<testsuite hostname="OB-Sum" failures="0" tests="5" name="Test_Income.TC05ThreeDotIcon" time="194.522" errors="0" timestamp="2022-03-14T19:11:48 IST" skipped="0">
  <testcase classname="Test_Income.TC05ThreeDotIcon" name="GoToUrlAssertUrlClickClickOnPreviewClickSaveButtonClickPDFDumpClickCancelButtonClickClickOnMa" time="37.910"/>
  <system-out/>
  <testcase classname="Test_Income.TC05ThreeDotIcon" name="GoToUrlAssertUrlClickClickOnPreviewClickSaveButtonClickPDFDumpClickCancelButtonClickClickOn1Ma" time="46.434"/>
  <system-out/>
  <testcase classname="Test_Income.TC05ThreeDotIcon" name="GoToUrlAssertUrlClickClickOnPreviewClickSaveButtonClickPDFDumpClickCancelButtonClickClickOn1Ma2" time="40.318"/>
  <system-out/>
  <testcase classname="Test_Income.TC05ThreeDotIcon" name="GoToUrlAssertUrlClickClickOnPreviewClickSaveButtonClickPDFDumpClickCancelButtonClickClickOn1Ma3" time="35.439"/>
  <system-out/>
  <testcase classname="Test_Income.TC05ThreeDotIcon" name="GoToUrlAssertUrlClickClickOnPreviewClickSaveButtonClickPDFDumpClickCancelButtonClickClickOn1Ma4" time="34.421"/>
  <system-out/>
</testsuite> <!-- Test_Income.TC05ThreeDotIcon -->
