<?xml version="1.0" encoding="UTF-8"?>
<!-- Generated by org.testng.reporters.JUnitReportReporter -->
<testsuite hostname="OB-Sum" failures="0" tests="3" name="Test_Trial_Balance_RE_Jour_Bank_Supp_3.TC_11_3_BS_FixedAsset_265_To_269_With_Journal_Bank_Supplier" time="341.021" errors="0" timestamp="2022-01-18T16:59:19 IST" skipped="0">
  <testcase classname="Test_Trial_Balance_RE_Jour_Bank_Supp_3.TC_11_3_BS_FixedAsset_265_To_269_With_Journal_Bank_Supplier" name="GoToUrlAssertUrlPositiveEnternLOGINPositiveEnternPASSClickLoginGoToUrlAssertUrlClickAgentsP1" time="70.616"/>
  <system-out>
    <![CDATA[ledger 1 entered :265 - Fixtures and Fittings Depreciation B/Fwd
ledger 2 entered :266 - Fixtures and Fittings Depreciation Disposal
ledger 3 entered :267 - Fixtures and Fittings Depreciation Revaluations
ledger 4 entered :268 - Fixtures and Fittings Depreciation Transfers
ledger 5 entered :269 - Fixtures and Fittings Depreciation Charge
Ledger code verified: Fixtures and Fittings Depreciation B/Fwd
Amount enter verified: 1,000.00
Ledger code verified: Fixtures and Fittings Depreciation Disposal
Amount enter verified: 1,000.00
Ledger code verified: Fixtures and Fittings Depreciation Revaluations
Amount enter verified: 1,000.00
Ledger code verified: Fixtures and Fittings Depreciation Transfers
Amount enter verified: 1,000.00
Ledger code verified: Fixtures and Fittings Depreciation Charge
Amount enter verified: (4,000.00)
Enteries are Verified on Balance Sheet Report page :]]>
  </system-out>
  <testcase classname="Test_Trial_Balance_RE_Jour_Bank_Supp_3.TC_11_3_BS_FixedAsset_265_To_269_With_Journal_Bank_Supplier" name="GoToUrlAssertUrlPositiveEnternLOGINPositiveEnternPASSClickLoginGoToUrlAssertUrlClickAgentsP2" time="141.099"/>
  <system-out/>
  <testcase classname="Test_Trial_Balance_RE_Jour_Bank_Supp_3.TC_11_3_BS_FixedAsset_265_To_269_With_Journal_Bank_Supplier" name="GoToUrlAssertUrlPositiveEnternLOGINPositiveEnternPASSClickLoginGoToUrlAssertUrlClickAgentsP3" time="129.306"/>
  <system-out/>
</testsuite> <!-- Test_Trial_Balance_RE_Jour_Bank_Supp_3.TC_11_3_BS_FixedAsset_265_To_269_With_Journal_Bank_Supplier -->
