<?xml version="1.0" encoding="UTF-8"?>
<!-- Generated by org.testng.reporters.JUnitReportReporter -->
<testsuite hostname="OB-Sum" failures="0" tests="6" name="VAT3_UnReconciled_FLAT2_NOVAT.UN_ReconcileForDebitNote_Flat2NOVAT" time="323.568" errors="0" timestamp="2021-12-01T04:35:04 IST" skipped="0">
  <testcase classname="VAT3_UnReconciled_FLAT2_NOVAT.UN_ReconcileForDebitNote_Flat2NOVAT" name="GoToUrlAssertUrlPositiveEnternLOGINPositiveEnternPASSClickLoginGoToUrlAssertUrlClickAgentsP71" time="52.538"/>
  <system-out/>
  <testcase classname="VAT3_UnReconciled_FLAT2_NOVAT.UN_ReconcileForDebitNote_Flat2NOVAT" name="GoToUrlAssertUrlPositiveEnternLOGINPositiveEnternPASSClickLoginGoToUrlAssertUrlClickAgentsP7" time="54.303"/>
  <system-out/>
  <testcase classname="VAT3_UnReconciled_FLAT2_NOVAT.UN_ReconcileForDebitNote_Flat2NOVAT" name="GoToUrlAssertUrlPositiveEnternLOGINPositiveEnternPASSClickLoginGoToUrlAssertUrlClickAgentsP3" time="53.427"/>
  <system-out/>
  <testcase classname="VAT3_UnReconciled_FLAT2_NOVAT.UN_ReconcileForDebitNote_Flat2NOVAT" name="GoToUrlAssertUrlPositiveEnternLOGINPositiveEnternPASSClickLoginGoToUrlAssertUrlClickAgentsP2" time="54.828"/>
  <system-out/>
  <testcase classname="VAT3_UnReconciled_FLAT2_NOVAT.UN_ReconcileForDebitNote_Flat2NOVAT" name="GoToUrlAssertUrlPositiveEnternLOGINPositiveEnternPASSClickLoginGoToUrlAssertUrlClickAgentsP1" time="55.759"/>
  <system-out/>
  <testcase classname="VAT3_UnReconciled_FLAT2_NOVAT.UN_ReconcileForDebitNote_Flat2NOVAT" name="GoToUrlAssertUrlPositiveEnternLOGINPositiveEnternPASSClickLoginGoToUrlAssertUrlClickAgentsP6" time="52.713"/>
  <system-out/>
</testsuite> <!-- VAT3_UnReconciled_FLAT2_NOVAT.UN_ReconcileForDebitNote_Flat2NOVAT -->
