<?xml version="1.0" encoding="UTF-8"?>
<!-- Generated by org.testng.reporters.JUnitReportReporter -->
<testsuite hostname="OB-Sum" failures="0" tests="1" name="PartialReconcileForSupplierBillSTOFlat.ScriptStandardToFlat_DefaultProfile" time="60.753" errors="0" timestamp="2022-02-06T06:55:29 IST" skipped="0">
  <testcase classname="PartialReconcileForSupplierBillSTOFlat.ScriptStandardToFlat_DefaultProfile" name="GoToUrlAssertUrlPositiveEnterUserNamePositiveEnterPasswordClickLoginButtonGoToUrlAssertUrlCl1" time="60.753"/>
  <system-out/>
</testsuite> <!-- PartialReconcileForSupplierBillSTOFlat.ScriptStandardToFlat_DefaultProfile -->
