<?xml version="1.0" encoding="UTF-8"?>
<!-- Generated by org.testng.reporters.JUnitReportReporter -->
<testsuite hostname="OB-Yogesh" failures="0" tests="1" name="test.AdvanceReconcilationFLATTOSTAND.ScriptFRSTOStandard_DefaultProfile" time="76.036" errors="0" timestamp="2021-04-07T07:31:07 IST" skipped="0">
  <testcase classname="test.AdvanceReconcilationFLATTOSTAND.ScriptFRSTOStandard_DefaultProfile" name="GoToUrlAssertUrlPositiveEnterUserNamePositiveEnterPasswordClickLoginButtonGoToUrlAssertUrlCl" time="76.036"/>
  <system-out/>
</testsuite> <!-- test.AdvanceReconcilationFLATTOSTAND.ScriptFRSTOStandard_DefaultProfile -->
