<?xml version="1.0" encoding="UTF-8"?>
<!-- Generated by org.testng.reporters.JUnitReportReporter -->
<testsuite hostname="OB-Sum" failures="0" tests="6" name="test.PartialReconcileOnStandard.SaleInToReconcile_DefaultProfile" time="535.909" errors="0" timestamp="2022-02-06T06:55:32 IST" skipped="0">
  <testcase classname="test.PartialReconcileOnStandard.SaleInToReconcile_DefaultProfile" name="GoToUrlAssertUrlPositiveEnternLOGINPositiveEnternPASSClickLoginGoToUrlAssertUrlClickAgentsP4" time="90.776"/>
  <system-out/>
  <testcase classname="test.PartialReconcileOnStandard.SaleInToReconcile_DefaultProfile" name="GoToUrlAssertUrlPositiveEnternLOGINPositiveEnternPASSClickLoginGoToUrlAssertUrlClickAgentsP5" time="86.468"/>
  <system-out/>
  <testcase classname="test.PartialReconcileOnStandard.SaleInToReconcile_DefaultProfile" name="GoToUrlAssertUrlPositiveEnternLOGINPositiveEnternPASSClickLoginGoToUrlAssertUrlClickAgentsP3" time="88.988"/>
  <system-out/>
  <testcase classname="test.PartialReconcileOnStandard.SaleInToReconcile_DefaultProfile" name="GoToUrlAssertUrlPositiveEnternLOGINPositiveEnternPASSClickLoginGoToUrlAssertUrlClickAgentsP6" time="91.885"/>
  <system-out/>
  <testcase classname="test.PartialReconcileOnStandard.SaleInToReconcile_DefaultProfile" name="GoToUrlAssertUrlPositiveEnternLOGINPositiveEnternPASSClickLoginGoToUrlAssertUrlClickAgentsP1" time="89.338"/>
  <system-out/>
  <testcase classname="test.PartialReconcileOnStandard.SaleInToReconcile_DefaultProfile" name="GoToUrlAssertUrlPositiveEnternLOGINPositiveEnternPASSClickLoginGoToUrlAssertUrlClickAgentsP2" time="88.454"/>
  <system-out/>
</testsuite> <!-- test.PartialReconcileOnStandard.SaleInToReconcile_DefaultProfile -->
