<?xml version="1.0" encoding="UTF-8"?>
<!-- Generated by org.testng.reporters.JUnitReportReporter -->
<testsuite hostname="OB-Sum" failures="0" tests="6" name="Supplier_FRSToStandard.ScriptSupplierBill_FRSToStandard_DefaultProfile" time="419.174" errors="0" timestamp="2022-02-06T06:55:30 IST" skipped="0">
  <testcase classname="Supplier_FRSToStandard.ScriptSupplierBill_FRSToStandard_DefaultProfile" name="GoToUrlAssertUrlPositiveEnterUserNamePositiveEnterPasswordClickLoginButtonGoToUrlAssertUrlCl1" time="138.448"/>
  <system-out/>
  <testcase classname="Supplier_FRSToStandard.ScriptSupplierBill_FRSToStandard_DefaultProfile" name="GoToUrlAssertUrlPositiveEnterUserNamePositiveEnterPasswordClickLoginButtonGoToUrlAssertUrlCl5" time="56.396"/>
  <system-out/>
  <testcase classname="Supplier_FRSToStandard.ScriptSupplierBill_FRSToStandard_DefaultProfile" name="GoToUrlAssertUrlPositiveEnterUserNamePositiveEnterPasswordClickLoginButtonGoToUrlAssertUrlCl2" time="56.083"/>
  <system-out/>
  <testcase classname="Supplier_FRSToStandard.ScriptSupplierBill_FRSToStandard_DefaultProfile" name="GoToUrlAssertUrlPositiveEnterUserNamePositiveEnterPasswordClickLoginButtonGoToUrlAssertUrlCl4" time="55.946"/>
  <system-out/>
  <testcase classname="Supplier_FRSToStandard.ScriptSupplierBill_FRSToStandard_DefaultProfile" name="GoToUrlAssertUrlPositiveEnterUserNamePositiveEnterPasswordClickLoginButtonGoToUrlAssertUrlCl6" time="56.928"/>
  <system-out/>
  <testcase classname="Supplier_FRSToStandard.ScriptSupplierBill_FRSToStandard_DefaultProfile" name="GoToUrlAssertUrlPositiveEnterUserNamePositiveEnterPasswordClickLoginButtonGoToUrlAssertUrlCl3" time="55.373"/>
  <system-out/>
</testsuite> <!-- Supplier_FRSToStandard.ScriptSupplierBill_FRSToStandard_DefaultProfile -->
