<?xml version="1.0" encoding="UTF-8"?>
<!-- Generated by org.testng.reporters.JUnitReportReporter -->
<testsuite hostname="OB-Sum" failures="0" tests="1" name="test.AdvanceReconcilationSTOFLAT.ScriptFlatToFlatPercentage_DefaultProfile" time="57.376" errors="0" timestamp="2021-12-19T01:41:02 IST" skipped="0">
  <testcase classname="test.AdvanceReconcilationSTOFLAT.ScriptFlatToFlatPercentage_DefaultProfile" name="GoToUrlAssertUrlPositiveEnterUserNamePositiveEnterPasswordClickLoginButtonGoToUrlAssertUrlCl1" time="57.376"/>
  <system-out/>
</testsuite> <!-- test.AdvanceReconcilationSTOFLAT.ScriptFlatToFlatPercentage_DefaultProfile -->
