<?xml version="1.0" encoding="UTF-8"?>
<!-- Generated by org.testng.reporters.JUnitReportReporter -->
<testsuite hostname="OB-Sum" failures="0" tests="6" name="tests.Script_Invoice_SToNOVAT_DefaultProfile" time="344.236" errors="0" timestamp="2021-12-19T01:40:59 IST" skipped="0">
  <testcase classname="tests.Script_Invoice_SToNOVAT_DefaultProfile" name="GoToUrlAssertUrlPositiveEnterUserNamePositiveEnterPasswordClickLoginButtonGoToUrlAssertUrlCl5" time="60.595"/>
  <system-out/>
  <testcase classname="tests.Script_Invoice_SToNOVAT_DefaultProfile" name="GoToUrlAssertUrlPositiveEnterUserNamePositiveEnterPasswordClickLoginButtonGoToUrlAssertUrlCl6" time="56.887"/>
  <system-out/>
  <testcase classname="tests.Script_Invoice_SToNOVAT_DefaultProfile" name="GoToUrlAssertUrlPositiveEnterUserNamePositiveEnterPasswordClickLoginButtonGoToUrlAssertUrlCl1" time="56.163"/>
  <system-out/>
  <testcase classname="tests.Script_Invoice_SToNOVAT_DefaultProfile" name="GoToUrlAssertUrlPositiveEnterUserNamePositiveEnterPasswordClickLoginButtonGoToUrlAssertUrlCl2" time="54.607"/>
  <system-out/>
  <testcase classname="tests.Script_Invoice_SToNOVAT_DefaultProfile" name="GoToUrlAssertUrlPositiveEnterUserNamePositiveEnterPasswordClickLoginButtonGoToUrlAssertUrlCl3" time="58.445"/>
  <system-out/>
  <testcase classname="tests.Script_Invoice_SToNOVAT_DefaultProfile" name="GoToUrlAssertUrlPositiveEnterUserNamePositiveEnterPasswordClickLoginButtonGoToUrlAssertUrlCl4" time="57.539"/>
  <system-out/>
</testsuite> <!-- tests.Script_Invoice_SToNOVAT_DefaultProfile -->
