<?xml version="1.0" encoding="UTF-8"?>
<!-- Generated by org.testng.reporters.JUnitReportReporter -->
<testsuite hostname="OB-Sum" failures="0" tests="6" name="Supplier_SToNoVAT.ScriptDebitNoteSToNOVAT_DefaultProfile" time="384.622" errors="0" timestamp="2022-02-06T06:55:36 IST" skipped="0">
  <testcase classname="Supplier_SToNoVAT.ScriptDebitNoteSToNOVAT_DefaultProfile" name="GoToUrlAssertUrlPositiveEnterUserNamePositiveEnterPasswordClickLoginButtonGoToUrlAssertUrlCl2" time="62.715"/>
  <system-out/>
  <testcase classname="Supplier_SToNoVAT.ScriptDebitNoteSToNOVAT_DefaultProfile" name="GoToUrlAssertUrlPositiveEnterUserNamePositiveEnterPasswordClickLoginButtonGoToUrlAssertUrlCl4" time="64.440"/>
  <system-out/>
  <testcase classname="Supplier_SToNoVAT.ScriptDebitNoteSToNOVAT_DefaultProfile" name="GoToUrlAssertUrlPositiveEnterUserNamePositiveEnterPasswordClickLoginButtonGoToUrlAssertUrlCl5" time="62.336"/>
  <system-out/>
  <testcase classname="Supplier_SToNoVAT.ScriptDebitNoteSToNOVAT_DefaultProfile" name="GoToUrlAssertUrlPositiveEnterUserNamePositiveEnterPasswordClickLoginButtonGoToUrlAssertUrlCl3" time="65.694"/>
  <system-out/>
  <testcase classname="Supplier_SToNoVAT.ScriptDebitNoteSToNOVAT_DefaultProfile" name="GoToUrlAssertUrlPositiveEnterUserNamePositiveEnterPasswordClickLoginButtonGoToUrlAssertUrlCl6" time="64.759"/>
  <system-out/>
  <testcase classname="Supplier_SToNoVAT.ScriptDebitNoteSToNOVAT_DefaultProfile" name="GoToUrlAssertUrlPositiveEnterUserNamePositiveEnterPasswordClickLoginButtonGoToUrlAssertUrlCl1" time="64.678"/>
  <system-out/>
</testsuite> <!-- Supplier_SToNoVAT.ScriptDebitNoteSToNOVAT_DefaultProfile -->
