<?xml version="1.0" encoding="UTF-8"?>
<!-- Generated by org.testng.reporters.JUnitReportReporter -->
<testsuite hostname="OB-Sum" failures="0" tests="4" name="test.ashiv.ScriptSupplierBillSToFRS_DefaultProfile" time="221.945" errors="0" timestamp="2022-02-19T09:42:03 IST" skipped="0">
  <testcase classname="test.ashiv.ScriptSupplierBillSToFRS_DefaultProfile" name="GoToUrlAssertUrlPositiveEnterSupplierBill_3" time="64.690"/>
  <system-out/>
  <testcase classname="test.ashiv.ScriptSupplierBillSToFRS_DefaultProfile" name="GoToUrlAssertUrlPositiveEnterSupplierBill_1" time="46.912"/>
  <system-out/>
  <testcase classname="test.ashiv.ScriptSupplierBillSToFRS_DefaultProfile" name="GoToUrlAssertUrlPositiveEnterSupplierBill_2" time="43.854"/>
  <system-out/>
  <testcase classname="test.ashiv.ScriptSupplierBillSToFRS_DefaultProfile" name="GoToUrlAssertUrlPositiveEnterSupplierBill" time="66.489"/>
  <system-out/>
</testsuite> <!-- test.ashiv.ScriptSupplierBillSToFRS_DefaultProfile -->
