<?xml version="1.0" encoding="UTF-8"?>
<!-- Generated by org.testng.reporters.JUnitReportReporter -->
<testsuite hostname="OB-Sum" failures="0" tests="2" name="test.PartialReconciledCases.SaleInToReconcileForVATOnly_DefaultProfile" time="171.786" errors="0" timestamp="2022-02-06T06:55:30 IST" skipped="0">
  <testcase classname="test.PartialReconciledCases.SaleInToReconcileForVATOnly_DefaultProfile" name="GoToUrlAssertUrlPositiveEnternLOGINPositiveEnternPASSClickLoginGoToUrlAssertUrlClickAgentsP2" time="86.116"/>
  <system-out/>
  <testcase classname="test.PartialReconciledCases.SaleInToReconcileForVATOnly_DefaultProfile" name="GoToUrlAssertUrlPositiveEnternLOGINPositiveEnternPASSClickLoginGoToUrlAssertUrlClickAgentsP1" time="85.670"/>
  <system-out/>
</testsuite> <!-- test.PartialReconciledCases.SaleInToReconcileForVATOnly_DefaultProfile -->
