<?xml version="1.0" encoding="UTF-8"?>
<!-- Generated by org.testng.reporters.JUnitReportReporter -->
<testsuite hostname="OB-Sum" failures="0" tests="2" name="VAT3_InvoiceUnreconcileCases.ScriptVATOnlyInvoiceStandToFlat_DefaultProfile_5" time="106.059" errors="0" timestamp="2021-12-19T01:41:01 IST" skipped="0">
  <testcase classname="VAT3_InvoiceUnreconcileCases.ScriptVATOnlyInvoiceStandToFlat_DefaultProfile_5" name="GoToUrlAssertUrlPositiveEnterUserNamePositiveEnterPasswordClickLoginButtonGoToUrlAssertUrlCl1" time="53.698"/>
  <system-out/>
  <testcase classname="VAT3_InvoiceUnreconcileCases.ScriptVATOnlyInvoiceStandToFlat_DefaultProfile_5" name="GoToUrlAssertUrlPositiveEnterUserNamePositiveEnterPasswordClickLoginButtonGoToUrlAssertUrlCl2" time="52.361"/>
  <system-out/>
</testsuite> <!-- VAT3_InvoiceUnreconcileCases.ScriptVATOnlyInvoiceStandToFlat_DefaultProfile_5 -->
