<?xml version="1.0" encoding="UTF-8"?>
<!-- Generated by org.testng.reporters.JUnitReportReporter -->
<testsuite hostname="OB-Yogesh" failures="0" tests="1" name="Supplier_test.ScriptVesrifyByTrialBalancePDFDefaultProfile_DefaultProfile" time="33.590" errors="0" timestamp="2021-02-25T19:30:42 IST" skipped="0">
  <testcase classname="Supplier_test.ScriptVesrifyByTrialBalancePDFDefaultProfile_DefaultProfile" name="GoToUrlAssertUrlPositiveEnterUserNamePositiveEnterPasswordClickLoginButtonGoToUrlAssertUrlCl" time="33.590"/>
  <system-out/>
</testsuite> <!-- Supplier_test.ScriptVesrifyByTrialBalancePDFDefaultProfile_DefaultProfile -->
