<?xml version="1.0" encoding="UTF-8"?>
<!-- Generated by org.testng.reporters.JUnitReportReporter -->
<testsuite hostname="OB-Sum" failures="0" tests="1" name="tests.ScriptVerifyNewAddedRecord_SToNOVAT_DefaultProfile" time="78.792" errors="0" timestamp="2022-02-06T06:55:30 IST" skipped="0">
  <testcase classname="tests.ScriptVerifyNewAddedRecord_SToNOVAT_DefaultProfile" name="GoToUrlAssertUrlPositiveEnterUserNamePositiveEnterPasswordClickLoginButtonGoToUrlAssertUrlCl" time="78.792"/>
  <system-out/>
</testsuite> <!-- tests.ScriptVerifyNewAddedRecord_SToNOVAT_DefaultProfile -->
