<?xml version="1.0" encoding="UTF-8"?>
<!-- Generated by org.testng.reporters.JUnitReportReporter -->
<testsuite hostname="OB-Sum" failures="0" tests="4" name="Test_Income.Test_VATOnlyInvoice" time="187.515" errors="0" timestamp="2021-11-11T20:51:38 IST" skipped="0">
  <testcase classname="Test_Income.Test_VATOnlyInvoice" name="GoToUrlAssertUrlPositiveEnterUserNamePositiveEnterPasswordClickLoginButtonGoToUrlAssertUrlCl1_TC01" time="42.312"/>
  <system-out/>
  <testcase classname="Test_Income.Test_VATOnlyInvoice" name="GoToUrlAssertUrlPositiveEnterUserNamePositiveEnterPasswordClickLoginButtonGoToUrlAssertUrl_TC04" time="48.881"/>
  <system-out/>
  <testcase classname="Test_Income.Test_VATOnlyInvoice" name="GoToUrlAssertUrlPositiveEnterUserNamePositiveEnterPasswordClickLoginButtonGoToUrlAssertUrl_TC03" time="42.964"/>
  <system-out/>
  <testcase classname="Test_Income.Test_VATOnlyInvoice" name="GoToUrlAssertUrlPositiveEnterUserNamePositiveEnterPasswordClickLoginButtonGoToUrlAssertUrl_TC02" time="53.358"/>
  <system-out/>
</testsuite> <!-- Test_Income.Test_VATOnlyInvoice -->
