<?xml version="1.0" encoding="UTF-8"?>
<!-- Generated by org.testng.reporters.JUnitReportReporter -->
<testsuite hostname="OB-Sum" failures="0" tests="2" name="Supplier_FRStoSTND.ScriptVATOnlyBillSToFRS_DefaultProfile" time="106.810" errors="0" timestamp="2021-12-03T18:49:48 IST" skipped="0">
  <testcase classname="Supplier_FRStoSTND.ScriptVATOnlyBillSToFRS_DefaultProfile" name="GoToUrlAssertUrlPositiveEnterUserNamePositiveEnterPasswordClickLoginButtonGoToUrlAssertUrlCl1" time="53.622"/>
  <system-out/>
  <testcase classname="Supplier_FRStoSTND.ScriptVATOnlyBillSToFRS_DefaultProfile" name="GoToUrlAssertUrlPositiveEnterUserNamePositiveEnterPasswordClickLoginButtonGoToUrlAssertUrlCl2" time="53.188"/>
  <system-out/>
</testsuite> <!-- Supplier_FRStoSTND.ScriptVATOnlyBillSToFRS_DefaultProfile -->
