<?xml version="1.0" encoding="UTF-8"?>
<!-- Generated by org.testng.reporters.JUnitReportReporter -->
<testsuite hostname="OB-Sum" failures="0" tests="2" name="tests.Bank_Multicurrency.tr_NoVatSchem_Receive" time="89.709" errors="0" timestamp="2021-12-02T22:08:54 IST" skipped="0">
  <testcase classname="tests.Bank_Multicurrency.tr_NoVatSchem_Receive" name="nidbanktrnGoToUrlAssertUrlPositiveEnternLOGINPositiveEnternPASSClickLoginGoToUrlAssertUrlC_setting5" time="35.136"/>
  <system-out/>
  <testcase classname="tests.Bank_Multicurrency.tr_NoVatSchem_Receive" name="nidbanktrnGoToUrlAssertUrlPositiveEnternLOGINPositiveEnternPASSClickLoginGoToUrlAssertUrlCl1" time="54.573"/>
  <system-out/>
</testsuite> <!-- tests.Bank_Multicurrency.tr_NoVatSchem_Receive -->
