<?xml version="1.0" encoding="UTF-8"?>
<!-- Generated by org.testng.reporters.JUnitReportReporter -->
<testsuite hostname="OB-Sum" failures="0" tests="6" name="VAT3_UnReconciled_STOF.UN_ReconcileForDebitNote_1" time="332.965" errors="0" timestamp="2021-11-26T18:47:54 IST" skipped="0">
  <testcase classname="VAT3_UnReconciled_STOF.UN_ReconcileForDebitNote_1" name="GoToUrlAssertUrlPositiveEnternLOGINPositiveEnternPASSClickLoginGoToUrlAssertUrlClickAgentsP71" time="55.567"/>
  <system-out/>
  <testcase classname="VAT3_UnReconciled_STOF.UN_ReconcileForDebitNote_1" name="GoToUrlAssertUrlPositiveEnternLOGINPositiveEnternPASSClickLoginGoToUrlAssertUrlClickAgentsP7" time="56.524"/>
  <system-out/>
  <testcase classname="VAT3_UnReconciled_STOF.UN_ReconcileForDebitNote_1" name="GoToUrlAssertUrlPositiveEnternLOGINPositiveEnternPASSClickLoginGoToUrlAssertUrlClickAgentsP6" time="55.711"/>
  <system-out/>
  <testcase classname="VAT3_UnReconciled_STOF.UN_ReconcileForDebitNote_1" name="GoToUrlAssertUrlPositiveEnternLOGINPositiveEnternPASSClickLoginGoToUrlAssertUrlClickAgentsP1" time="54.675"/>
  <system-out/>
  <testcase classname="VAT3_UnReconciled_STOF.UN_ReconcileForDebitNote_1" name="GoToUrlAssertUrlPositiveEnternLOGINPositiveEnternPASSClickLoginGoToUrlAssertUrlClickAgentsP3" time="56.496"/>
  <system-out/>
  <testcase classname="VAT3_UnReconciled_STOF.UN_ReconcileForDebitNote_1" name="GoToUrlAssertUrlPositiveEnternLOGINPositiveEnternPASSClickLoginGoToUrlAssertUrlClickAgentsP2" time="53.992"/>
  <system-out/>
</testsuite> <!-- VAT3_UnReconciled_STOF.UN_ReconcileForDebitNote_1 -->
