<?xml version="1.0" encoding="UTF-8"?>
<!-- Generated by org.testng.reporters.JUnitReportReporter -->
<testsuite hostname="OB-Sum" failures="0" tests="1" name="test.PartialReconciledCases.ScriptVATReturn1stVATReturnReport_SToFlat_DefaultProfile" time="48.311" errors="0" timestamp="2021-12-19T01:40:59 IST" skipped="0">
  <testcase classname="test.PartialReconciledCases.ScriptVATReturn1stVATReturnReport_SToFlat_DefaultProfile" name="GoToUrlAssertUrlPositiveEnterUserNamePositiveEnterPasswordClickLoginButtonGoToUrlAssertUrlCl" time="48.311"/>
  <system-out/>
</testsuite> <!-- test.PartialReconciledCases.ScriptVATReturn1stVATReturnReport_SToFlat_DefaultProfile -->
