<?xml version="1.0" encoding="UTF-8"?>
<!-- Generated by org.testng.reporters.JUnitReportReporter -->
<testsuite hostname="OB-Sum" failures="0" tests="6" name="test.PartialReconciledCases.SaleInToReconcileForCreditNote_DefaultProfile" time="450.297" errors="0" timestamp="2021-12-19T01:41:00 IST" skipped="0">
  <testcase classname="test.PartialReconciledCases.SaleInToReconcileForCreditNote_DefaultProfile" name="GoToUrlAssertUrlPositiveEnternLOGINPositiveEnternPASSClickLoginGoToUrlAssertUrlClickAgentsP2" time="74.193"/>
  <system-out/>
  <testcase classname="test.PartialReconciledCases.SaleInToReconcileForCreditNote_DefaultProfile" name="GoToUrlAssertUrlPositiveEnternLOGINPositiveEnternPASSClickLoginGoToUrlAssertUrlClickAgentsP4" time="76.963"/>
  <system-out/>
  <testcase classname="test.PartialReconciledCases.SaleInToReconcileForCreditNote_DefaultProfile" name="GoToUrlAssertUrlPositiveEnternLOGINPositiveEnternPASSClickLoginGoToUrlAssertUrlClickAgentsP6" time="74.416"/>
  <system-out/>
  <testcase classname="test.PartialReconciledCases.SaleInToReconcileForCreditNote_DefaultProfile" name="GoToUrlAssertUrlPositiveEnternLOGINPositiveEnternPASSClickLoginGoToUrlAssertUrlClickAgentsP1" time="76.383"/>
  <system-out/>
  <testcase classname="test.PartialReconciledCases.SaleInToReconcileForCreditNote_DefaultProfile" name="GoToUrlAssertUrlPositiveEnternLOGINPositiveEnternPASSClickLoginGoToUrlAssertUrlClickAgentsP5" time="74.222"/>
  <system-out/>
  <testcase classname="test.PartialReconciledCases.SaleInToReconcileForCreditNote_DefaultProfile" name="GoToUrlAssertUrlPositiveEnternLOGINPositiveEnternPASSClickLoginGoToUrlAssertUrlClickAgentsP3" time="74.120"/>
  <system-out/>
</testsuite> <!-- test.PartialReconciledCases.SaleInToReconcileForCreditNote_DefaultProfile -->
