<?xml version="1.0" encoding="UTF-8"?>
<!-- Generated by org.testng.reporters.JUnitReportReporter -->
<testsuite hostname="OB-Sum" failures="0" tests="1" name="Test_AS_Advance_Reconcilation.Test_Advance_Reconcilation_TC" time="74.758" errors="0" timestamp="2021-11-02T20:22:25 IST" skipped="0">
  <testcase classname="Test_AS_Advance_Reconcilation.Test_Advance_Reconcilation_TC" name="GoToUrlAssertUrlPositiveEnternLOGINPositiveEnternPASSClickLoginGoToUrlAssertUrlClickAgentsTC05" time="74.758"/>
  <system-out/>
</testsuite> <!-- Test_AS_Advance_Reconcilation.Test_Advance_Reconcilation_TC -->
