<?xml version="1.0" encoding="UTF-8"?>
<!-- Generated by org.testng.reporters.JUnitReportReporter -->
<testsuite hostname="OB-Sum" failures="0" tests="1" name="Customer_List_income.TestCustomerList_Income_TC01" time="38.756" errors="0" timestamp="2021-10-22T12:46:42 IST" skipped="0">
  <testcase classname="Customer_List_income.TestCustomerList_Income_TC01" name="GoToUrlClickView1ClickCustomerList2PositiveSelectSelectCategorySearch3PositiveEnterEnterName4PSearchBoxWorkingProper_TC01" time="38.756"/>
  <system-out/>
</testsuite> <!-- Customer_List_income.TestCustomerList_Income_TC01 -->
