<?xml version="1.0" encoding="UTF-8"?>
<!-- Generated by org.testng.reporters.JUnitReportReporter -->
<testsuite hostname="OB-Sum" failures="0" tests="1" name="Customer_List_income.TestCustomer_List_Income_TC03" time="45.840" errors="0" timestamp="2021-10-22T12:56:12 IST" skipped="0">
  <testcase classname="Customer_List_income.TestCustomer_List_Income_TC03" name="GoToUrlClickView1ClickCustomerList2PositiveSelectSelectCategorySearch3PositiveEnterEnterName4PAddNewCustomer_TC02" time="45.840"/>
  <system-out/>
</testsuite> <!-- Customer_List_income.TestCustomer_List_Income_TC03 -->
