<?xml version="1.0" encoding="UTF-8"?>
<!-- Generated by org.testng.reporters.JUnitReportReporter -->
<testsuite hostname="OB-Sum" failures="0" tests="1" name="VAT2.S2NoVAT.S2noVAT_ScriptEditSettingToVATType_StoF_55" time="49.704" errors="0" timestamp="2022-02-06T06:55:29 IST" skipped="0">
  <testcase classname="VAT2.S2NoVAT.S2noVAT_ScriptEditSettingToVATType_StoF_55" name="GoToUrlAssertUrlPositiveEnterUserNamePositiveEnterPasswordClickLoginButtonGoToUrlAssertUrlCl2" time="49.704"/>
  <system-out/>
</testsuite> <!-- VAT2.S2NoVAT.S2noVAT_ScriptEditSettingToVATType_StoF_55 -->
