<?xml version="1.0" encoding="UTF-8"?>
<!-- Generated by org.testng.reporters.JUnitReportReporter -->
<testsuite hostname="OB-Sum" failures="0" tests="1" name="VAT3_UnReconciled_S2_NOVAT.UN_EditVATType_Standard_S2NOVAT" time="46.444" errors="0" timestamp="2021-11-26T18:13:06 IST" skipped="0">
  <testcase classname="VAT3_UnReconciled_S2_NOVAT.UN_EditVATType_Standard_S2NOVAT" name="GoToUrlAssertUrlPositiveEnterUserNamePositiveEnterPasswordClickLoginButtonGoToUrlAssertUrlCl2" time="46.444"/>
  <system-out/>
</testsuite> <!-- VAT3_UnReconciled_S2_NOVAT.UN_EditVATType_Standard_S2NOVAT -->
