<?xml version="1.0" encoding="UTF-8"?>
<!-- Generated by org.testng.reporters.JUnitReportReporter -->
<testsuite hostname="OB-Sum" failures="0" tests="1" name="Test_Trial_Balance_Report.TC_22_LadgerCode_7510_7300_7016_Report" time="110.513" errors="0" timestamp="2021-12-30T15:36:05 IST" skipped="0">
  <testcase classname="Test_Trial_Balance_Report.TC_22_LadgerCode_7510_7300_7016_Report" name="GoToUrlAssertUrlPositiveEnternLOGINPositiveEnternPASSClickLoginGoToUrlAssertUrlClickAgentsP1" time="110.513"/>
  <system-out/>
</testsuite> <!-- Test_Trial_Balance_Report.TC_22_LadgerCode_7510_7300_7016_Report -->
