<?xml version="1.0" encoding="UTF-8"?>
<!-- Generated by org.testng.reporters.JUnitReportReporter -->
<testsuite hostname="OB-Sum" failures="0" tests="6" name="test.partialReconcileJonralEntrySToFlat.SaleInToReconcileForJonral_DefaultProfile" time="841.673" errors="0" timestamp="2021-12-09T18:16:51 IST" skipped="0">
  <testcase classname="test.partialReconcileJonralEntrySToFlat.SaleInToReconcileForJonral_DefaultProfile" name="GoToUrlAssertUrlPositiveEnternLOGINPositiveEnternPASSClickLoginGoToUrlAssertUrlClickAgentsP1" time="137.657"/>
  <system-out/>
  <testcase classname="test.partialReconcileJonralEntrySToFlat.SaleInToReconcileForJonral_DefaultProfile" name="GoToUrlAssertUrlPositiveEnternLOGINPositiveEnternPASSClickLoginGoToUrlAssertUrlClickAgentsP5" time="163.779"/>
  <system-out/>
  <testcase classname="test.partialReconcileJonralEntrySToFlat.SaleInToReconcileForJonral_DefaultProfile" name="GoToUrlAssertUrlPositiveEnternLOGINPositiveEnternPASSClickLoginGoToUrlAssertUrlClickAgentsP6" time="135.136"/>
  <system-out/>
  <testcase classname="test.partialReconcileJonralEntrySToFlat.SaleInToReconcileForJonral_DefaultProfile" name="GoToUrlAssertUrlPositiveEnternLOGINPositiveEnternPASSClickLoginGoToUrlAssertUrlClickAgentsP4" time="128.278"/>
  <system-out/>
  <testcase classname="test.partialReconcileJonralEntrySToFlat.SaleInToReconcileForJonral_DefaultProfile" name="GoToUrlAssertUrlPositiveEnternLOGINPositiveEnternPASSClickLoginGoToUrlAssertUrlClickAgentsP3" time="130.738"/>
  <system-out/>
  <testcase classname="test.partialReconcileJonralEntrySToFlat.SaleInToReconcileForJonral_DefaultProfile" name="GoToUrlAssertUrlPositiveEnternLOGINPositiveEnternPASSClickLoginGoToUrlAssertUrlClickAgentsP2" time="146.085"/>
  <system-out/>
</testsuite> <!-- test.partialReconcileJonralEntrySToFlat.SaleInToReconcileForJonral_DefaultProfile -->
