<?xml version="1.0" encoding="UTF-8"?>
<!-- Generated by org.testng.reporters.JUnitReportReporter -->
<testsuite hostname="OB-Sum" failures="0" tests="18" name="Test_Add_LLP.Test_LLP_ADD_ALLTC" time="643.153" errors="0" timestamp="2021-11-25T21:25:23 IST" skipped="0">
  <testcase classname="Test_Add_LLP.Test_LLP_ADD_ALLTC" name="Click_Client_ClickAddClient_BusinessShouldBeSavedAndDisplayUnderTheBusineessList_TC09" time="31.871"/>
  <system-out/>
  <testcase classname="Test_Add_LLP.Test_LLP_ADD_ALLTC" name="Limited_liability_partnership_Company_ShouldbeVisibleOnScreen_TC01" time="33.845"/>
  <system-out/>
  <testcase classname="Test_Add_LLP.Test_LLP_ADD_ALLTC" name="Entering_wrong_date_formatTC015" time="37.383"/>
  <system-out/>
  <testcase classname="Test_Add_LLP.Test_LLP_ADD_ALLTC" name="Click_Client_ClickAddClient_Click_BackBtn__TC013" time="48.446"/>
  <system-out/>
  <testcase classname="Test_Add_LLP.Test_LLP_ADD_ALLTC" name="Click_Client_ClickAddClient_HomeSearchlistWillDisplayAsPerTheSearchCriteriaOnASamePage_TC010" time="26.079"/>
  <system-out/>
  <testcase classname="Test_Add_LLP.Test_LLP_ADD_ALLTC" name="Direction_Name_is_Not_Provided_TC017" time="36.924"/>
  <system-out/>
  <testcase classname="Test_Add_LLP.Test_LLP_ADD_ALLTC" name="Payrol_check_box_ticked_TC017" time="43.642"/>
  <system-out/>
  <testcase classname="Test_Add_LLP.Test_LLP_ADD_ALLTC" name="Add_Limited_Liability_Screen_TC02" time="36.515"/>
  <system-out/>
  <testcase classname="Test_Add_LLP.Test_LLP_ADD_ALLTC" name="Click_Client_ClickAddClient_Limited_liability_partnership_Company_ShouldbeVisibleOnScreen_TC07" time="24.549"/>
  <system-out/>
  <testcase classname="Test_Add_LLP.Test_LLP_ADD_ALLTC" name="LLP_Upload_Csv_TC05" time="41.937"/>
  <system-out/>
  <testcase classname="Test_Add_LLP.Test_LLP_ADD_ALLTC" name="Click_Client_ClickAddClient_HomeSearchlistWillDisplayAsPerTheSearchCriteriaOnASamePageAndAddCompanyPopupWillBeShownRegardingTheBusinessInformation_TC012" time="26.619"/>
  <system-out/>
  <testcase classname="Test_Add_LLP.Test_LLP_ADD_ALLTC" name="HomeSearchlistWillDisplayAsPerTheSearchCriteriaOnASamePageAndAddCompanyPopupWillBeShownRegardingTheBusinessInformation_TC06" time="42.709"/>
  <system-out/>
  <testcase classname="Test_Add_LLP.Test_LLP_ADD_ALLTC" name="Registration_Number_Exceed_than_8_charTC016" time="37.913"/>
  <system-out/>
  <testcase classname="Test_Add_LLP.Test_LLP_ADD_ALLTC" name="BusinessShouldBeSavedAndDisplayUnderTheBusineessList_Create_Payroll_Profile_TC014" time="39.894"/>
  <system-out/>
  <testcase classname="Test_Add_LLP.Test_LLP_ADD_ALLTC" name="BusinessShouldBeSavedAndDisplayUnderTheBusineessList_TC03" time="39.654"/>
  <system-out/>
  <testcase classname="Test_Add_LLP.Test_LLP_ADD_ALLTC" name="HomeSearchlistWillDisplayAsPerTheSearchCriteriaOnASamePage_TC04" time="36.773"/>
  <system-out/>
  <testcase classname="Test_Add_LLP.Test_LLP_ADD_ALLTC" name="Click_Client_ClickAddClient_Add_Limited_Liability_Screen_TC08" time="29.129"/>
  <system-out/>
  <testcase classname="Test_Add_LLP.Test_LLP_ADD_ALLTC" name="Click_Client_ClickAddClient_Upload_Csv_TC011" time="29.271"/>
  <system-out/>
</testsuite> <!-- Test_Add_LLP.Test_LLP_ADD_ALLTC -->
