<?xml version="1.0" encoding="UTF-8"?>
<!-- Generated by org.testng.reporters.JUnitReportReporter -->
<testsuite hostname="OB-Sum" failures="0" tests="1" name="VAT3.FullREC_S2_FLAT.Supplier_SubmitVAT_DefaultProfileFullyReconcile_2" time="79.472" errors="0" timestamp="2021-12-20T15:56:47 IST" skipped="0">
  <testcase classname="VAT3.FullREC_S2_FLAT.Supplier_SubmitVAT_DefaultProfileFullyReconcile_2" name="GoToUrlAssertUrlPositiveEnterUserNamePositiveEnterPasswordClickLoginButtonGoToUrlAssertUrlCl" time="79.472"/>
  <system-out/>
</testsuite> <!-- VAT3.FullREC_S2_FLAT.Supplier_SubmitVAT_DefaultProfileFullyReconcile_2 -->
