<?xml version="1.0" encoding="UTF-8"?>
<!-- Generated by org.testng.reporters.JUnitReportReporter -->
<testsuite hostname="OB-Yogesh" failures="0" tests="1" name="tests.ScriptVerifyNewAddedRecord_SToNOVAT_DefaultProfile" time="60.444" errors="0" timestamp="2021-02-17T01:44:44 IST" skipped="0">
  <testcase classname="tests.ScriptVerifyNewAddedRecord_SToNOVAT_DefaultProfile" name="GoToUrlAssertUrlPositiveEnterUserNamePositiveEnterPasswordClickLoginButtonGoToUrlAssertUrlCl" time="60.444"/>
  <system-out/>
</testsuite> <!-- tests.ScriptVerifyNewAddedRecord_SToNOVAT_DefaultProfile -->
