<?xml version="1.0" encoding="UTF-8"?>
<!-- Generated by org.testng.reporters.JUnitReportReporter -->
<testsuite hostname="OB-Sum" failures="0" tests="1" name="AdvanceReconcileByBankForSupplierBillSToFlat.ScriptPostVATReturn2stVATReturnReport_DefaultProfile" time="73.286" errors="0" timestamp="2021-12-01T20:48:15 IST" skipped="0">
  <testcase classname="AdvanceReconcileByBankForSupplierBillSToFlat.ScriptPostVATReturn2stVATReturnReport_DefaultProfile" name="GoToUrlAssertUrlPositiveEnterUserNamePositiveEnterPasswordClickLoginButtonGoToUrlAssertUrlCl" time="73.286"/>
  <system-out/>
</testsuite> <!-- AdvanceReconcileByBankForSupplierBillSToFlat.ScriptPostVATReturn2stVATReturnReport_DefaultProfile -->
