<?xml version="1.0" encoding="UTF-8"?>
<!-- Generated by org.testng.reporters.JUnitReportReporter -->
<testsuite hostname="OB-Sum" failures="0" tests="2" name="tests.Bank_Multicurrency.tr_NoVatSchem_Receive" time="104.890" errors="0" timestamp="2022-02-22T13:22:00 IST" skipped="0">
  <testcase classname="tests.Bank_Multicurrency.tr_NoVatSchem_Receive" name="nidbanktrnGoToUrlAssertUrlPositiveEnternLOGINPositiveEnternPASSClickLoginGoToUrlAssertUrlCl1" time="62.739"/>
  <system-out/>
  <testcase classname="tests.Bank_Multicurrency.tr_NoVatSchem_Receive" name="nidbanktrnGoToUrlAssertUrlPositiveEnternLOGINPositiveEnternPASSClickLoginGoToUrlAssertUrlC_setting5" time="42.151"/>
  <system-out/>
</testsuite> <!-- tests.Bank_Multicurrency.tr_NoVatSchem_Receive -->
