<?xml version="1.0" encoding="UTF-8"?>
<!-- Generated by org.testng.reporters.JUnitReportReporter -->
<testsuite hostname="OB-Sum" failures="0" tests="1" name="test.FlatToFlatPer.ScriptVesrifyByTrialBalancePDF_FlatToFlatP_DefaultProfile" time="50.188" errors="0" timestamp="2022-02-06T06:55:35 IST" skipped="0">
  <testcase classname="test.FlatToFlatPer.ScriptVesrifyByTrialBalancePDF_FlatToFlatP_DefaultProfile" name="GoToUrlAssertUrlPositiveEnterUserNamePositiveEnterPasswordClickLoginButtonGoToUrlAssertUrlCl" time="50.188"/>
  <system-out/>
</testsuite> <!-- test.FlatToFlatPer.ScriptVesrifyByTrialBalancePDF_FlatToFlatP_DefaultProfile -->
