<?xml version="1.0" encoding="UTF-8"?>
<!-- Generated by org.testng.reporters.JUnitReportReporter -->
<testsuite hostname="OB-Yogesh" failures="0" tests="1" name="test.PartialReconciledCases.ScriptVATReturn1stVATReturnReport_SToNOVAT_DefaultProfile" time="66.471" errors="0" timestamp="2021-03-18T21:23:54 IST" skipped="0">
  <testcase classname="test.PartialReconciledCases.ScriptVATReturn1stVATReturnReport_SToNOVAT_DefaultProfile" name="GoToUrlAssertUrlPositiveEnterUserNamePositiveEnterPasswordClickLoginButtonGoToUrlAssertUrlCl" time="66.471"/>
  <system-out/>
</testsuite> <!-- test.PartialReconciledCases.ScriptVATReturn1stVATReturnReport_SToNOVAT_DefaultProfile -->
