<?xml version="1.0" encoding="UTF-8"?>
<!-- Generated by org.testng.reporters.JUnitReportReporter -->
<testsuite hostname="OB-Sum" failures="0" tests="3" name="Test_Trial_Balance_RE_Jour_Bank_Supp_3.TC_10_3_BS_FixedAsset_250_To_259_With_Journal_Bank_Supplier" time="431.019" errors="0" timestamp="2022-01-13T00:26:10 IST" skipped="0">
  <testcase classname="Test_Trial_Balance_RE_Jour_Bank_Supp_3.TC_10_3_BS_FixedAsset_250_To_259_With_Journal_Bank_Supplier" name="GoToUrlAssertUrlPositiveEnternLOGINPositiveEnternPASSClickLoginGoToUrlAssertUrlClickAgentsP1" time="61.222"/>
  <system-out>
    <![CDATA[ledger 1 entered :250 - Commercial Vehicles Cost B/Fwd
ledger 2 entered :251 - Commercial Vehicles Additions
ledger 3 entered :252 - Commercial Vehicles Disposals
ledger 4 entered :253 - Commercial Vehicles Revaluations
ledger 5 entered :254 - Commercial Vehicles Transfers
ledger 5 entered :255 - Commercial Vehicles Depreciation B/Fwd
ledger 7 entered :256 - Commercial Vehicles Depreciation Disposal
ledger 8 entered :257 - Commercial Vehicles Depreciation Revaluations
ledger 9 entered :258 - Commercial Vehicles Depreciation Transfers
ledger 10 entered :259 - Commercial Vehicles Depreciation Charge
Ledger code verified: Commercial Vehicles Cost B/Fwd
Amount enter verified: 1,000.00
Ledger code verified: Commercial Vehicles Additions
Amount enter verified: 1,000.00
Ledger code verified: Commercial Vehicles Disposals
Amount enter verified: 1,000.00
Ledger code verified: Commercial Vehicles Revaluations
Amount enter verified: 1,000.00
Ledger code verified: Commercial Vehicles Transfers
Amount enter verified: 1,000.00
Ledger code verified: Commercial Vehicles Depreciation B/Fwd
Amount enter verified: 1,000.00
Ledger code verified: Commercial Vehicles Depreciation Disposal
Amount enter verified: 1,000.00
Ledger code verified: Commercial Vehicles Depreciation Revaluations
Amount enter verified: 1,000.00
Ledger code verified: Commercial Vehicles Depreciation Transfers
Amount enter verified: 1,000.00
Ledger code verified: Commercial Vehicles Depreciation Charge
Amount enter verified: (9,000.00)
Enteries are Verified on Balance Sheet Report page :]]>
  </system-out>
  <testcase classname="Test_Trial_Balance_RE_Jour_Bank_Supp_3.TC_10_3_BS_FixedAsset_250_To_259_With_Journal_Bank_Supplier" name="GoToUrlAssertUrlPositiveEnternLOGINPositiveEnternPASSClickLoginGoToUrlAssertUrlClickAgentsP3" time="180.861"/>
  <system-out/>
  <testcase classname="Test_Trial_Balance_RE_Jour_Bank_Supp_3.TC_10_3_BS_FixedAsset_250_To_259_With_Journal_Bank_Supplier" name="GoToUrlAssertUrlPositiveEnternLOGINPositiveEnternPASSClickLoginGoToUrlAssertUrlClickAgentsP2" time="188.936"/>
  <system-out/>
</testsuite> <!-- Test_Trial_Balance_RE_Jour_Bank_Supp_3.TC_10_3_BS_FixedAsset_250_To_259_With_Journal_Bank_Supplier -->
