<?xml version="1.0" encoding="UTF-8"?>
<!-- Generated by org.testng.reporters.JUnitReportReporter -->
<testsuite hostname="OB-Sum" failures="0" tests="2" name="VAT3_InvoiceAdvanceReconcile.SaleInToPartioalReconcileForVATOnly_DefaultProfile_3" time="143.044" errors="0" timestamp="2021-11-15T19:35:45 IST" skipped="0">
  <testcase classname="VAT3_InvoiceAdvanceReconcile.SaleInToPartioalReconcileForVATOnly_DefaultProfile_3" name="GoToUrlAssertUrlPositiveEnternLOGINPositiveEnternPASSClickLoginGoToUrlAssertUrlClickAgentsP2" time="68.144"/>
  <system-out/>
  <testcase classname="VAT3_InvoiceAdvanceReconcile.SaleInToPartioalReconcileForVATOnly_DefaultProfile_3" name="GoToUrlAssertUrlPositiveEnternLOGINPositiveEnternPASSClickLoginGoToUrlAssertUrlClickAgentsP1" time="74.900"/>
  <system-out/>
</testsuite> <!-- VAT3_InvoiceAdvanceReconcile.SaleInToPartioalReconcileForVATOnly_DefaultProfile_3 -->
