<?xml version="1.0" encoding="UTF-8"?>
<!-- Generated by org.testng.reporters.JUnitReportReporter -->
<testsuite hostname="OB-Sum" failures="0" tests="1" name="VAT3_SupplierPartialReconcile.ScriptEditSettingToVATType_DefaultProfile_3" time="64.837" errors="0" timestamp="2021-06-25T08:31:58 IST" skipped="0">
  <testcase classname="VAT3_SupplierPartialReconcile.ScriptEditSettingToVATType_DefaultProfile_3" name="GoToUrlAssertUrlPositiveEnterUserNamePositiveEnterPasswordClickLoginButtonGoToUrlAssertUrlCl2" time="64.837"/>
  <system-out/>
</testsuite> <!-- VAT3_SupplierPartialReconcile.ScriptEditSettingToVATType_DefaultProfile_3 -->
