<?xml version="1.0" encoding="UTF-8"?>
<!-- Generated by org.testng.reporters.JUnitReportReporter -->
<testsuite hostname="OB-Sum" failures="0" tests="6" name="VAT3_InvoiceFullyReconcile.SaleInToFullyReconcileForCreditNote_DefaultProfile_3" time="418.674" errors="0" timestamp="2021-11-15T17:34:13 IST" skipped="0">
  <testcase classname="VAT3_InvoiceFullyReconcile.SaleInToFullyReconcileForCreditNote_DefaultProfile_3" name="GoToUrlAssertUrlPositiveEnternLOGINPositiveEnternPASSClickLoginGoToUrlAssertUrlClickAgentsP3" time="67.450"/>
  <system-out/>
  <testcase classname="VAT3_InvoiceFullyReconcile.SaleInToFullyReconcileForCreditNote_DefaultProfile_3" name="GoToUrlAssertUrlPositiveEnternLOGINPositiveEnternPASSClickLoginGoToUrlAssertUrlClickAgentsP2" time="71.458"/>
  <system-out/>
  <testcase classname="VAT3_InvoiceFullyReconcile.SaleInToFullyReconcileForCreditNote_DefaultProfile_3" name="GoToUrlAssertUrlPositiveEnternLOGINPositiveEnternPASSClickLoginGoToUrlAssertUrlClickAgentsP6" time="69.785"/>
  <system-out/>
  <testcase classname="VAT3_InvoiceFullyReconcile.SaleInToFullyReconcileForCreditNote_DefaultProfile_3" name="GoToUrlAssertUrlPositiveEnternLOGINPositiveEnternPASSClickLoginGoToUrlAssertUrlClickAgentsP1" time="67.399"/>
  <system-out/>
  <testcase classname="VAT3_InvoiceFullyReconcile.SaleInToFullyReconcileForCreditNote_DefaultProfile_3" name="GoToUrlAssertUrlPositiveEnternLOGINPositiveEnternPASSClickLoginGoToUrlAssertUrlClickAgentsP5" time="69.457"/>
  <system-out/>
  <testcase classname="VAT3_InvoiceFullyReconcile.SaleInToFullyReconcileForCreditNote_DefaultProfile_3" name="GoToUrlAssertUrlPositiveEnternLOGINPositiveEnternPASSClickLoginGoToUrlAssertUrlClickAgentsP4" time="73.125"/>
  <system-out/>
</testsuite> <!-- VAT3_InvoiceFullyReconcile.SaleInToFullyReconcileForCreditNote_DefaultProfile_3 -->
