<?xml version="1.0" encoding="UTF-8"?>
<!-- Generated by org.testng.reporters.JUnitReportReporter -->
<testsuite hostname="OB-Yogesh" failures="0" tests="1" name="ExpenceRemFlatToStand.ScriptVATReturn1stVATReturnReport_SToFRS_DefaultProfile" time="62.069" errors="0" timestamp="2021-04-19T23:39:59 IST" skipped="0">
  <testcase classname="ExpenceRemFlatToStand.ScriptVATReturn1stVATReturnReport_SToFRS_DefaultProfile" name="GoToUrlAssertUrlPositiveEnterUserNamePositiveEnterPasswordClickLoginButtonGoToUrlAssertUrlCl" time="62.069"/>
  <system-out/>
</testsuite> <!-- ExpenceRemFlatToStand.ScriptVATReturn1stVATReturnReport_SToFRS_DefaultProfile -->
