<?xml version="1.0" encoding="UTF-8"?>
<!-- Generated by org.testng.reporters.JUnitReportReporter -->
<testsuite hostname="OB-Sum" failures="0" tests="1" name="VAT3_InvoiceAdvanceReconcile.ScriptEditSettingToVATType_DefaultProfilePartioalReconcile_1" time="54.113" errors="0" timestamp="2021-11-15T18:18:01 IST" skipped="0">
  <testcase classname="VAT3_InvoiceAdvanceReconcile.ScriptEditSettingToVATType_DefaultProfilePartioalReconcile_1" name="GoToUrlAssertUrlPositiveEnterUserNamePositiveEnterPasswordClickLoginButtonGoToUrlAssertUrlCl2" time="54.113"/>
  <system-out/>
</testsuite> <!-- VAT3_InvoiceAdvanceReconcile.ScriptEditSettingToVATType_DefaultProfilePartioalReconcile_1 -->
