<?xml version="1.0" encoding="UTF-8"?>
<!-- Generated by org.testng.reporters.JUnitReportReporter -->
<testsuite hostname="OB-Sum" failures="0" tests="1" name="test.ashiv.Rule2_rule2" time="889.691" errors="0" timestamp="2022-02-21T11:07:27 IST" skipped="0">
  <testcase classname="test.ashiv.Rule2_rule2" name="GoToUrlClickMenuBankRulesPositiveSelectConditionFormulaEnterRuleDescClickAccountSelectcodePositiveSelectGetdataOpenBankTrnsfillRRDRBankTrns" time="889.691"/>
  <system-out/>
</testsuite> <!-- test.ashiv.Rule2_rule2 -->
