<?xml version="1.0" encoding="UTF-8"?>
<!-- Generated by org.testng.reporters.JUnitReportReporter -->
<testsuite hostname="OB-Yogesh" failures="0" tests="6" name="test.partialReconcileJonralEntryFlatToStand.CreditNoteToReconcileForJonral_DefaultProfile" time="589.211" errors="0" timestamp="2021-05-09T23:14:47 IST" skipped="0">
  <testcase classname="test.partialReconcileJonralEntryFlatToStand.CreditNoteToReconcileForJonral_DefaultProfile" name="GoToUrlAssertUrlPositiveEnternLOGINPositiveEnternPASSClickLoginGoToUrlAssertUrlClickAgentsP4" time="101.062"/>
  <system-out/>
  <testcase classname="test.partialReconcileJonralEntryFlatToStand.CreditNoteToReconcileForJonral_DefaultProfile" name="GoToUrlAssertUrlPositiveEnternLOGINPositiveEnternPASSClickLoginGoToUrlAssertUrlClickAgentsP6" time="99.288"/>
  <system-out/>
  <testcase classname="test.partialReconcileJonralEntryFlatToStand.CreditNoteToReconcileForJonral_DefaultProfile" name="GoToUrlAssertUrlPositiveEnternLOGINPositiveEnternPASSClickLoginGoToUrlAssertUrlClickAgentsP5" time="96.356"/>
  <system-out/>
  <testcase classname="test.partialReconcileJonralEntryFlatToStand.CreditNoteToReconcileForJonral_DefaultProfile" name="GoToUrlAssertUrlPositiveEnternLOGINPositiveEnternPASSClickLoginGoToUrlAssertUrlClickAgentsP2" time="97.998"/>
  <system-out/>
  <testcase classname="test.partialReconcileJonralEntryFlatToStand.CreditNoteToReconcileForJonral_DefaultProfile" name="GoToUrlAssertUrlPositiveEnternLOGINPositiveEnternPASSClickLoginGoToUrlAssertUrlClickAgentsP1" time="97.702"/>
  <system-out/>
  <testcase classname="test.partialReconcileJonralEntryFlatToStand.CreditNoteToReconcileForJonral_DefaultProfile" name="GoToUrlAssertUrlPositiveEnternLOGINPositiveEnternPASSClickLoginGoToUrlAssertUrlClickAgentsP3" time="96.805"/>
  <system-out/>
</testsuite> <!-- test.partialReconcileJonralEntryFlatToStand.CreditNoteToReconcileForJonral_DefaultProfile -->
