<?xml version="1.0" encoding="UTF-8"?>
<!-- Generated by org.testng.reporters.JUnitReportReporter -->
<testsuite hostname="OB-Sum" failures="0" tests="1" name="VAT3_UnReconciled_FtoS.Un_F2S_ScriptPostVATReturn1stVATReturnReport" time="48.631" errors="0" timestamp="2022-02-06T06:55:31 IST" skipped="0">
  <testcase classname="VAT3_UnReconciled_FtoS.Un_F2S_ScriptPostVATReturn1stVATReturnReport" name="GoToUrlAssertUrlPositiveEnterUserNamePositiveEnterPasswordClickLoginButtonGoToUrlAssertUrlCl" time="48.631"/>
  <system-out/>
</testsuite> <!-- VAT3_UnReconciled_FtoS.Un_F2S_ScriptPostVATReturn1stVATReturnReport -->
