<?xml version="1.0" encoding="UTF-8"?>
<!-- Generated by org.testng.reporters.JUnitReportReporter -->
<testsuite hostname="OB-Yogesh" failures="0" tests="1" name="Supplier_FRSToNoVAT.ScriptEditVATFlatP_DefaultProfile" time="2261.170" errors="0" timestamp="2021-03-03T22:29:35 IST" skipped="0">
  <testcase classname="Supplier_FRSToNoVAT.ScriptEditVATFlatP_DefaultProfile" name="GoToUrlAssertUrlPositiveEnterUserNamePositiveEnterPasswordClickLoginButtonGoToUrlAssertUrlCl3" time="2261.170"/>
  <system-out/>
</testsuite> <!-- Supplier_FRSToNoVAT.ScriptEditVATFlatP_DefaultProfile -->
