<?xml version="1.0" encoding="UTF-8"?>
<!-- Generated by org.testng.reporters.JUnitReportReporter -->
<testsuite hostname="OB-Sum" failures="0" tests="1" name="VAT2.F2S.ScriptEditSettingToVATType_DefaultProfile1" time="42.523" errors="0" timestamp="2021-12-09T11:24:15 IST" skipped="0">
  <testcase classname="VAT2.F2S.ScriptEditSettingToVATType_DefaultProfile1" name="GoToUrlAssertUrlPositiveEnterUserNamePositiveEnterPasswordClickLoginButtonGoToUrlAssertUrlCl2" time="42.523"/>
  <system-out/>
</testsuite> <!-- VAT2.F2S.ScriptEditSettingToVATType_DefaultProfile1 -->
