<?xml version="1.0" encoding="UTF-8"?>
<!-- Generated by org.testng.reporters.JUnitReportReporter -->
<testsuite hostname="OB-Sum" failures="0" tests="6" name="test.PartialReconcilationforOnlyFlatthroughJournalEntry.CreditNoteToReconcileForJonral_DefaultProfile" time="606.907" errors="0" timestamp="2021-12-09T11:24:15 IST" skipped="0">
  <testcase classname="test.PartialReconcilationforOnlyFlatthroughJournalEntry.CreditNoteToReconcileForJonral_DefaultProfile" name="GoToUrlAssertUrlPositiveEnternLOGINPositiveEnternPASSClickLoginGoToUrlAssertUrlClickAgentsP4" time="100.337"/>
  <system-out/>
  <testcase classname="test.PartialReconcilationforOnlyFlatthroughJournalEntry.CreditNoteToReconcileForJonral_DefaultProfile" name="GoToUrlAssertUrlPositiveEnternLOGINPositiveEnternPASSClickLoginGoToUrlAssertUrlClickAgentsP5" time="101.035"/>
  <system-out/>
  <testcase classname="test.PartialReconcilationforOnlyFlatthroughJournalEntry.CreditNoteToReconcileForJonral_DefaultProfile" name="GoToUrlAssertUrlPositiveEnternLOGINPositiveEnternPASSClickLoginGoToUrlAssertUrlClickAgentsP2" time="99.206"/>
  <system-out/>
  <testcase classname="test.PartialReconcilationforOnlyFlatthroughJournalEntry.CreditNoteToReconcileForJonral_DefaultProfile" name="GoToUrlAssertUrlPositiveEnternLOGINPositiveEnternPASSClickLoginGoToUrlAssertUrlClickAgentsP6" time="101.869"/>
  <system-out/>
  <testcase classname="test.PartialReconcilationforOnlyFlatthroughJournalEntry.CreditNoteToReconcileForJonral_DefaultProfile" name="GoToUrlAssertUrlPositiveEnternLOGINPositiveEnternPASSClickLoginGoToUrlAssertUrlClickAgentsP1" time="103.044"/>
  <system-out/>
  <testcase classname="test.PartialReconcilationforOnlyFlatthroughJournalEntry.CreditNoteToReconcileForJonral_DefaultProfile" name="GoToUrlAssertUrlPositiveEnternLOGINPositiveEnternPASSClickLoginGoToUrlAssertUrlClickAgentsP3" time="101.416"/>
  <system-out/>
</testsuite> <!-- test.PartialReconcilationforOnlyFlatthroughJournalEntry.CreditNoteToReconcileForJonral_DefaultProfile -->
