<?xml version="1.0" encoding="UTF-8"?>
<!-- Generated by org.testng.reporters.JUnitReportReporter -->
<testsuite hostname="OB-Sum" failures="0" tests="2" name="Test_Balance_RE_Jour_Bank_Supp_3.TC_16_2_BS_CurrentAsset_1000_1060_With_Journal_Bank" time="127.949" errors="0" timestamp="2022-02-19T09:42:02 IST" skipped="0">
  <testcase classname="Test_Balance_RE_Jour_Bank_Supp_3.TC_16_2_BS_CurrentAsset_1000_1060_With_Journal_Bank" name="GoToUrlAssertUrlPositiveEnternLOGINPositiveEnternPASSClickLoginGoToUrlAssertUrlClickAgentsP3" time="71.309"/>
  <system-out/>
  <testcase classname="Test_Balance_RE_Jour_Bank_Supp_3.TC_16_2_BS_CurrentAsset_1000_1060_With_Journal_Bank" name="GoToUrlAssertUrlPositiveEnternLOGINPositiveEnternPASSClickLoginGoToUrlAssertUrlClickAgentsP1" time="56.640"/>
  <system-out>
    <![CDATA[ledger 1 entered :1000 - Retention
ledger 2 entered :1060 - Stock of Finished Goods
Ledger code verified: Retention
Amount enter verified: 1,000.00
Ledger code verified: Stock of Finished Goods
Amount enter verified: (1,000.00)
Enteries are Verified on Balance Sheet Report page :]]>
  </system-out>
</testsuite> <!-- Test_Balance_RE_Jour_Bank_Supp_3.TC_16_2_BS_CurrentAsset_1000_1060_With_Journal_Bank -->
