<?xml version="1.0" encoding="UTF-8"?>
<!-- Generated by org.testng.reporters.JUnitReportReporter -->
<testsuite hostname="OB-Sum" failures="0" tests="1" name="VAT3_InvoiceFullyReconcile.ScriptEditSettingToVATType_DefaultProfileFullyReconcile_2" time="61.879" errors="0" timestamp="2022-02-06T06:55:30 IST" skipped="0">
  <testcase classname="VAT3_InvoiceFullyReconcile.ScriptEditSettingToVATType_DefaultProfileFullyReconcile_2" name="GoToUrlAssertUrlPositiveEnterUserNamePositiveEnterPasswordClickLoginButtonGoToUrlAssertUrlCl2" time="61.879"/>
  <system-out/>
</testsuite> <!-- VAT3_InvoiceFullyReconcile.ScriptEditSettingToVATType_DefaultProfileFullyReconcile_2 -->
