<?xml version="1.0" encoding="UTF-8"?>
<!-- Generated by org.testng.reporters.JUnitReportReporter -->
<testsuite hostname="OB-Sum" failures="0" tests="18" name="tests.Bank_Upload_CSV.uploadcsv" time="850.136" errors="0" timestamp="2021-12-02T22:08:54 IST" skipped="0">
  <testcase classname="tests.Bank_Upload_CSV.uploadcsv" name="GoToUrlClickbankmenu1ClickUploadCSV2PositiveSelectSelectBank4EnterChooseUploadCSV4ClickUpload48" time="42.471"/>
  <system-out/>
  <testcase classname="tests.Bank_Upload_CSV.uploadcsv" name="GoToUrlClickbankmenu1ClickUploadCSV2PositiveSelectSelectBank4EnterChooseUploadCSV4ClickUploadb4" time="61.719"/>
  <system-out/>
  <testcase classname="tests.Bank_Upload_CSV.uploadcsv" name="GoToUrlClickbankmenu1ClickUploadCSV2PositiveSelectSelectBank4EnterChooseUploadCSV4ClickUpload52" time="44.085"/>
  <system-out/>
  <testcase classname="tests.Bank_Upload_CSV.uploadcsv" name="GoToUrlClickbankmenu1ClickUploadCSV2PositiveSelectSelectBank4EnterChooseUploadCSV4ClickUpload" time="44.709"/>
  <system-out/>
  <testcase classname="tests.Bank_Upload_CSV.uploadcsv" name="GoToUrlClickbankmenu1ClickUploadCSV2PositiveSelectSelectBank4EnterChooseUploadCSV4ClickUploadb3" time="58.969"/>
  <system-out/>
  <testcase classname="tests.Bank_Upload_CSV.uploadcsv" name="GoToUrlClickbankmenu1ClickUploadCSV2PositiveSelectSelectBank4EnterChooseUploadCSV4ClickUploadb5" time="43.664"/>
  <system-out/>
  <testcase classname="tests.Bank_Upload_CSV.uploadcsv" name="GoToUrlClickbankmenu1ClickUploadCSV2PositiveSelectSelectBank4EnterChooseUploadCSV4ClickUpload46" time="45.130"/>
  <system-out/>
  <testcase classname="tests.Bank_Upload_CSV.uploadcsv" name="GoToUrlClickbankmenu1ClickUploadCSV2PositiveSelectSelectBank4EnterChooseUploadCSV4ClickUploadb8" time="43.050"/>
  <system-out/>
  <testcase classname="tests.Bank_Upload_CSV.uploadcsv" name="GoToUrlClickbankmenu1ClickUploadCSV2PositiveSelectSelectBank4EnterChooseUploadCSV4ClickUpload53" time="46.274"/>
  <system-out/>
  <testcase classname="tests.Bank_Upload_CSV.uploadcsv" name="GoToUrlClickbankmenu1ClickUploadCSV2PositiveSelectSelectBank4EnterChooseUploadCSV4ClickUploadb6" time="44.593"/>
  <system-out/>
  <testcase classname="tests.Bank_Upload_CSV.uploadcsv" name="GoToUrlClickbankmenu1ClickUploadCSV2PositiveSelectSelectBank4EnterChooseUploadCSV4ClickUpload50" time="45.335"/>
  <system-out/>
  <testcase classname="tests.Bank_Upload_CSV.uploadcsv" name="GoToUrlClickbankmenu1ClickUploadCSV2PositiveSelectSelectBank4EnterChooseUploadCSV4ClickUpload47" time="43.721"/>
  <system-out/>
  <testcase classname="tests.Bank_Upload_CSV.uploadcsv" name="GoToUrlClickbankmenu1ClickUploadCSV2PositiveSelectSelectBank4EnterChooseUploadCSV4ClickUploadb1" time="43.553"/>
  <system-out/>
  <testcase classname="tests.Bank_Upload_CSV.uploadcsv" name="GoToUrlClickbankmenu1ClickUploadCSV2PositiveSelectSelectBank4EnterChooseUploadCSV4ClickUploadb7" time="44.556"/>
  <system-out/>
  <testcase classname="tests.Bank_Upload_CSV.uploadcsv" name="GoToUrlClickbankmenu1ClickUploadCSV2PositiveSelectSelectBank4EnterChooseUploadCSV4ClickUploadb" time="46.159"/>
  <system-out/>
  <testcase classname="tests.Bank_Upload_CSV.uploadcsv" name="GoToUrlClickbankmenu1ClickUploadCSV2PositiveSelectSelectBank4EnterChooseUploadCSV4ClickUpload51" time="46.271"/>
  <system-out/>
  <testcase classname="tests.Bank_Upload_CSV.uploadcsv" name="GoToUrlClickbankmenu1ClickUploadCSV2PositiveSelectSelectBank4EnterChooseUploadCSV4ClickUploadb2" time="60.090"/>
  <system-out/>
  <testcase classname="tests.Bank_Upload_CSV.uploadcsv" name="GoToUrlClickbankmenu1ClickUploadCSV2PositiveSelectSelectBank4EnterChooseUploadCSV4ClickUpload49" time="45.787"/>
  <system-out/>
</testsuite> <!-- tests.Bank_Upload_CSV.uploadcsv -->
