<?xml version="1.0" encoding="UTF-8"?>
<!-- Generated by org.testng.reporters.JUnitReportReporter -->
<testsuite hostname="OB-Sum" failures="0" tests="1" name="VAT2.F2S.ScriptEditSettingToVATType_DefaultProfile1" time="53.882" errors="0" timestamp="2022-02-06T06:55:32 IST" skipped="0">
  <testcase classname="VAT2.F2S.ScriptEditSettingToVATType_DefaultProfile1" name="GoToUrlAssertUrlPositiveEnterUserNamePositiveEnterPasswordClickLoginButtonGoToUrlAssertUrlCl2" time="53.882"/>
  <system-out/>
</testsuite> <!-- VAT2.F2S.ScriptEditSettingToVATType_DefaultProfile1 -->
