<?xml version="1.0" encoding="UTF-8"?>
<!-- Generated by org.testng.reporters.JUnitReportReporter -->
<testsuite hostname="OB-Yogesh" failures="0" tests="6" name="Supplier_FRSToStandard.ScriptDebitNoteFRSToStandard_DefaultProfile" time="249.341" errors="0" timestamp="2021-03-04T07:52:51 IST" skipped="0">
  <testcase classname="Supplier_FRSToStandard.ScriptDebitNoteFRSToStandard_DefaultProfile" name="GoToUrlAssertUrlPositiveEnterUserNamePositiveEnterPasswordClickLoginButtonGoToUrlAssertUrlCl4" time="39.605"/>
  <system-out/>
  <testcase classname="Supplier_FRSToStandard.ScriptDebitNoteFRSToStandard_DefaultProfile" name="GoToUrlAssertUrlPositiveEnterUserNamePositiveEnterPasswordClickLoginButtonGoToUrlAssertUrlCl6" time="42.676"/>
  <system-out/>
  <testcase classname="Supplier_FRSToStandard.ScriptDebitNoteFRSToStandard_DefaultProfile" name="GoToUrlAssertUrlPositiveEnterUserNamePositiveEnterPasswordClickLoginButtonGoToUrlAssertUrlCl5" time="42.412"/>
  <system-out/>
  <testcase classname="Supplier_FRSToStandard.ScriptDebitNoteFRSToStandard_DefaultProfile" name="GoToUrlAssertUrlPositiveEnterUserNamePositiveEnterPasswordClickLoginButtonGoToUrlAssertUrlCl1" time="41.685"/>
  <system-out/>
  <testcase classname="Supplier_FRSToStandard.ScriptDebitNoteFRSToStandard_DefaultProfile" name="GoToUrlAssertUrlPositiveEnterUserNamePositiveEnterPasswordClickLoginButtonGoToUrlAssertUrlCl2" time="39.241"/>
  <system-out/>
  <testcase classname="Supplier_FRSToStandard.ScriptDebitNoteFRSToStandard_DefaultProfile" name="GoToUrlAssertUrlPositiveEnterUserNamePositiveEnterPasswordClickLoginButtonGoToUrlAssertUrlCl3" time="43.722"/>
  <system-out/>
</testsuite> <!-- Supplier_FRSToStandard.ScriptDebitNoteFRSToStandard_DefaultProfile -->
