<?xml version="1.0" encoding="UTF-8"?>
<!-- Generated by org.testng.reporters.JUnitReportReporter -->
<testsuite hostname="OB-Sum" failures="0" tests="1" name="Test_Income.Test_Newjob_AddNew_TC01" time="106.181" errors="0" timestamp="2022-02-14T21:53:45 IST" skipped="0">
  <testcase classname="Test_Income.Test_Newjob_AddNew_TC01" name="ClickNew1ClickNewJob2ClickAddJob3PositiveEnterJobName4EnterJobNo5PositiveSelectJobStatus6ClicAddNewJob_TC01" time="106.181"/>
  <system-out/>
</testsuite> <!-- Test_Income.Test_Newjob_AddNew_TC01 -->
