<?xml version="1.0" encoding="UTF-8"?>
<!-- Generated by org.testng.reporters.JUnitReportReporter -->
<testsuite hostname="OB-Yogesh" failures="0" tests="1" name="tests.ScriptFRSTOStandard_DefaultProfile" time="69.765" errors="0" timestamp="2021-02-04T16:27:24 IST" skipped="0">
  <testcase classname="tests.ScriptFRSTOStandard_DefaultProfile" name="GoToUrlAssertUrlPositiveEnterUserNamePositiveEnterPasswordClickLoginButtonGoToUrlAssertUrlCl" time="69.765"/>
  <system-out/>
</testsuite> <!-- tests.ScriptFRSTOStandard_DefaultProfile -->
