<?xml version="1.0" encoding="UTF-8"?>
<!-- Generated by org.testng.reporters.JUnitReportReporter -->
<testsuite hostname="OB-Yogesh" failures="0" tests="1" name="test.partialReconcileJonralEntrySToFlat.ScriptEditSettingToVATType_DefaultProfile" time="77.933" errors="0" timestamp="2021-05-10T01:42:24 IST" skipped="0">
  <testcase classname="test.partialReconcileJonralEntrySToFlat.ScriptEditSettingToVATType_DefaultProfile" name="GoToUrlAssertUrlPositiveEnterUserNamePositiveEnterPasswordClickLoginButtonGoToUrlAssertUrlCl2" time="77.933"/>
  <system-out/>
</testsuite> <!-- test.partialReconcileJonralEntrySToFlat.ScriptEditSettingToVATType_DefaultProfile -->
