<?xml version="1.0" encoding="UTF-8"?>
<!-- Generated by org.testng.reporters.JUnitReportReporter -->
<testsuite hostname="OB-Sum" failures="0" tests="6" name="Supplier_FRSToNoVAT.ScriptDebitNoteFRSToNOVAT_DefaultProfile" time="339.364" errors="0" timestamp="2021-12-09T11:24:15 IST" skipped="0">
  <testcase classname="Supplier_FRSToNoVAT.ScriptDebitNoteFRSToNOVAT_DefaultProfile" name="GoToUrlAssertUrlPositiveEnterUserNamePositiveEnterPasswordClickLoginButtonGoToUrlAssertUrlCl1" time="58.037"/>
  <system-out/>
  <testcase classname="Supplier_FRSToNoVAT.ScriptDebitNoteFRSToNOVAT_DefaultProfile" name="GoToUrlAssertUrlPositiveEnterUserNamePositiveEnterPasswordClickLoginButtonGoToUrlAssertUrlCl5" time="57.145"/>
  <system-out/>
  <testcase classname="Supplier_FRSToNoVAT.ScriptDebitNoteFRSToNOVAT_DefaultProfile" name="GoToUrlAssertUrlPositiveEnterUserNamePositiveEnterPasswordClickLoginButtonGoToUrlAssertUrlCl6" time="55.919"/>
  <system-out/>
  <testcase classname="Supplier_FRSToNoVAT.ScriptDebitNoteFRSToNOVAT_DefaultProfile" name="GoToUrlAssertUrlPositiveEnterUserNamePositiveEnterPasswordClickLoginButtonGoToUrlAssertUrlCl3" time="55.376"/>
  <system-out/>
  <testcase classname="Supplier_FRSToNoVAT.ScriptDebitNoteFRSToNOVAT_DefaultProfile" name="GoToUrlAssertUrlPositiveEnterUserNamePositiveEnterPasswordClickLoginButtonGoToUrlAssertUrlCl4" time="57.265"/>
  <system-out/>
  <testcase classname="Supplier_FRSToNoVAT.ScriptDebitNoteFRSToNOVAT_DefaultProfile" name="GoToUrlAssertUrlPositiveEnterUserNamePositiveEnterPasswordClickLoginButtonGoToUrlAssertUrlCl2" time="55.622"/>
  <system-out/>
</testsuite> <!-- Supplier_FRSToNoVAT.ScriptDebitNoteFRSToNOVAT_DefaultProfile -->
