<?xml version="1.0" encoding="UTF-8"?>
<!-- Generated by org.testng.reporters.JUnitReportReporter -->
<testsuite hostname="OB-Sum" failures="0" tests="1" name="tests.ScriptVesrifyByTrialBalancePDFDefaultProfile_SToNOVAT" time="44.017" errors="0" timestamp="2021-12-19T01:41:02 IST" skipped="0">
  <testcase classname="tests.ScriptVesrifyByTrialBalancePDFDefaultProfile_SToNOVAT" name="GoToUrlAssertUrlPositiveEnterUserNamePositiveEnterPasswordClickLoginButtonGoToUrlAssertUrlCl" time="44.017"/>
  <system-out/>
</testsuite> <!-- tests.ScriptVesrifyByTrialBalancePDFDefaultProfile_SToNOVAT -->
