<?xml version="1.0" encoding="UTF-8"?>
<!-- Generated by org.testng.reporters.JUnitReportReporter -->
<testsuite hostname="OB-Sum" failures="0" tests="1" name="VAT3_UnReconciled_STOF.UN_ScriptPostVATReturn2stVATReturnReport_DefaultProfileFullyReconcile_1" time="56.499" errors="0" timestamp="2021-12-19T01:41:02 IST" skipped="0">
  <testcase classname="VAT3_UnReconciled_STOF.UN_ScriptPostVATReturn2stVATReturnReport_DefaultProfileFullyReconcile_1" name="GoToUrlAssertUrlPositiveEnterUserNamePositiveEnterPasswordClickLoginButtonGoToUrlAssertUrlCl" time="56.499"/>
  <system-out/>
</testsuite> <!-- VAT3_UnReconciled_STOF.UN_ScriptPostVATReturn2stVATReturnReport_DefaultProfileFullyReconcile_1 -->
