<?xml version="1.0" encoding="UTF-8"?>
<!-- Generated by org.testng.reporters.JUnitReportReporter -->
<testsuite hostname="OB-Sum" failures="0" tests="6" name="VAT3.FullREC_S2_NOVAT.Supplier_SupplierBill_2" time="680.744" errors="0" timestamp="2022-02-07T19:49:31 IST" skipped="0">
  <testcase classname="VAT3.FullREC_S2_NOVAT.Supplier_SupplierBill_2" name="GoToUrlAssertUrlPositiveEnternLOGINPositiveEnternPASSClickLoginGoToUrlAssertUrlClickAgentsP4" time="114.849"/>
  <system-out/>
  <testcase classname="VAT3.FullREC_S2_NOVAT.Supplier_SupplierBill_2" name="GoToUrlAssertUrlPositiveEnternLOGINPositiveEnternPASSClickLoginGoToUrlAssertUrlClickAgentsP3" time="117.032"/>
  <system-out/>
  <testcase classname="VAT3.FullREC_S2_NOVAT.Supplier_SupplierBill_2" name="GoToUrlAssertUrlPositiveEnternLOGINPositiveEnternPASSClickLoginGoToUrlAssertUrlClickAgentsP6" time="111.211"/>
  <system-out/>
  <testcase classname="VAT3.FullREC_S2_NOVAT.Supplier_SupplierBill_2" name="GoToUrlAssertUrlPositiveEnternLOGINPositiveEnternPASSClickLoginGoToUrlAssertUrlClickAgentsP2" time="112.546"/>
  <system-out/>
  <testcase classname="VAT3.FullREC_S2_NOVAT.Supplier_SupplierBill_2" name="GoToUrlAssertUrlPositiveEnternLOGINPositiveEnternPASSClickLoginGoToUrlAssertUrlClickAgentsP1" time="113.871"/>
  <system-out/>
  <testcase classname="VAT3.FullREC_S2_NOVAT.Supplier_SupplierBill_2" name="GoToUrlAssertUrlPositiveEnternLOGINPositiveEnternPASSClickLoginGoToUrlAssertUrlClickAgentsP5" time="111.235"/>
  <system-out/>
</testsuite> <!-- VAT3.FullREC_S2_NOVAT.Supplier_SupplierBill_2 -->
