<?xml version="1.0" encoding="UTF-8"?>
<!-- Generated by org.testng.reporters.JUnitReportReporter -->
<testsuite hostname="OB-Sum" failures="0" tests="1" name="VAT3.FullREC_F2_NOVAT.ScriptVATReturn3stVATReturnReport_SToFRS_PRE3" time="41.796" errors="0" timestamp="2022-02-06T06:55:29 IST" skipped="0">
  <testcase classname="VAT3.FullREC_F2_NOVAT.ScriptVATReturn3stVATReturnReport_SToFRS_PRE3" name="GoToUrlAssertUrlPositiveEnterUserNamePositiveEnterPasswordClickLoginButtonGoToUrlAssertUrlCl" time="41.796"/>
  <system-out/>
</testsuite> <!-- VAT3.FullREC_F2_NOVAT.ScriptVATReturn3stVATReturnReport_SToFRS_PRE3 -->
