<?xml version="1.0" encoding="UTF-8"?>
<!-- Generated by org.testng.reporters.JUnitReportReporter -->
<testsuite hostname="OB-Sum" failures="0" tests="6" name="test.PartialReconcileOnStandard.SaleInToReconcileForCreditNote_DefaultProfile" time="450.429" errors="0" timestamp="2021-12-09T11:24:14 IST" skipped="0">
  <testcase classname="test.PartialReconcileOnStandard.SaleInToReconcileForCreditNote_DefaultProfile" name="GoToUrlAssertUrlPositiveEnternLOGINPositiveEnternPASSClickLoginGoToUrlAssertUrlClickAgentsP5" time="78.884"/>
  <system-out/>
  <testcase classname="test.PartialReconcileOnStandard.SaleInToReconcileForCreditNote_DefaultProfile" name="GoToUrlAssertUrlPositiveEnternLOGINPositiveEnternPASSClickLoginGoToUrlAssertUrlClickAgentsP6" time="72.140"/>
  <system-out/>
  <testcase classname="test.PartialReconcileOnStandard.SaleInToReconcileForCreditNote_DefaultProfile" name="GoToUrlAssertUrlPositiveEnternLOGINPositiveEnternPASSClickLoginGoToUrlAssertUrlClickAgentsP3" time="74.696"/>
  <system-out/>
  <testcase classname="test.PartialReconcileOnStandard.SaleInToReconcileForCreditNote_DefaultProfile" name="GoToUrlAssertUrlPositiveEnternLOGINPositiveEnternPASSClickLoginGoToUrlAssertUrlClickAgentsP1" time="73.042"/>
  <system-out/>
  <testcase classname="test.PartialReconcileOnStandard.SaleInToReconcileForCreditNote_DefaultProfile" name="GoToUrlAssertUrlPositiveEnternLOGINPositiveEnternPASSClickLoginGoToUrlAssertUrlClickAgentsP4" time="74.860"/>
  <system-out/>
  <testcase classname="test.PartialReconcileOnStandard.SaleInToReconcileForCreditNote_DefaultProfile" name="GoToUrlAssertUrlPositiveEnternLOGINPositiveEnternPASSClickLoginGoToUrlAssertUrlClickAgentsP2" time="76.807"/>
  <system-out/>
</testsuite> <!-- test.PartialReconcileOnStandard.SaleInToReconcileForCreditNote_DefaultProfile -->
