<?xml version="1.0" encoding="UTF-8"?>
<!-- Generated by org.testng.reporters.JUnitReportReporter -->
<testsuite hostname="OB-Sum" failures="0" tests="6" name="test.AdvanceReconcilationFLATTOSTAND.SaleInToReconcile_DefaultProfile" time="545.920" errors="0" timestamp="2022-02-06T06:55:32 IST" skipped="0">
  <testcase classname="test.AdvanceReconcilationFLATTOSTAND.SaleInToReconcile_DefaultProfile" name="GoToUrlAssertUrlPositiveEnternLOGINPositiveEnternPASSClickLoginGoToUrlAssertUrlClickAgentsP4" time="91.565"/>
  <system-out/>
  <testcase classname="test.AdvanceReconcilationFLATTOSTAND.SaleInToReconcile_DefaultProfile" name="GoToUrlAssertUrlPositiveEnternLOGINPositiveEnternPASSClickLoginGoToUrlAssertUrlClickAgentsP5" time="87.888"/>
  <system-out/>
  <testcase classname="test.AdvanceReconcilationFLATTOSTAND.SaleInToReconcile_DefaultProfile" name="GoToUrlAssertUrlPositiveEnternLOGINPositiveEnternPASSClickLoginGoToUrlAssertUrlClickAgentsP6" time="88.548"/>
  <system-out/>
  <testcase classname="test.AdvanceReconcilationFLATTOSTAND.SaleInToReconcile_DefaultProfile" name="GoToUrlAssertUrlPositiveEnternLOGINPositiveEnternPASSClickLoginGoToUrlAssertUrlClickAgentsP2" time="92.721"/>
  <system-out/>
  <testcase classname="test.AdvanceReconcilationFLATTOSTAND.SaleInToReconcile_DefaultProfile" name="GoToUrlAssertUrlPositiveEnternLOGINPositiveEnternPASSClickLoginGoToUrlAssertUrlClickAgentsP3" time="100.421"/>
  <system-out/>
  <testcase classname="test.AdvanceReconcilationFLATTOSTAND.SaleInToReconcile_DefaultProfile" name="GoToUrlAssertUrlPositiveEnternLOGINPositiveEnternPASSClickLoginGoToUrlAssertUrlClickAgentsP1" time="84.777"/>
  <system-out/>
</testsuite> <!-- test.AdvanceReconcilationFLATTOSTAND.SaleInToReconcile_DefaultProfile -->
