<?xml version="1.0" encoding="UTF-8"?>
<!-- Generated by org.testng.reporters.JUnitReportReporter -->
<testsuite hostname="OB-Sum" failures="0" tests="6" name="test.PartialReconcileOnFlatRate.SaleInToReconcile_OnlyFlat_DefaultProfile" time="460.921" errors="0" timestamp="2021-12-09T11:24:15 IST" skipped="0">
  <testcase classname="test.PartialReconcileOnFlatRate.SaleInToReconcile_OnlyFlat_DefaultProfile" name="GoToUrlAssertUrlPositiveEnternLOGINPositiveEnternPASSClickLoginGoToUrlAssertUrlClickAgentsP3" time="75.058"/>
  <system-out/>
  <testcase classname="test.PartialReconcileOnFlatRate.SaleInToReconcile_OnlyFlat_DefaultProfile" name="GoToUrlAssertUrlPositiveEnternLOGINPositiveEnternPASSClickLoginGoToUrlAssertUrlClickAgentsP2" time="75.302"/>
  <system-out/>
  <testcase classname="test.PartialReconcileOnFlatRate.SaleInToReconcile_OnlyFlat_DefaultProfile" name="GoToUrlAssertUrlPositiveEnternLOGINPositiveEnternPASSClickLoginGoToUrlAssertUrlClickAgentsP1" time="76.966"/>
  <system-out/>
  <testcase classname="test.PartialReconcileOnFlatRate.SaleInToReconcile_OnlyFlat_DefaultProfile" name="GoToUrlAssertUrlPositiveEnternLOGINPositiveEnternPASSClickLoginGoToUrlAssertUrlClickAgentsP6" time="75.515"/>
  <system-out/>
  <testcase classname="test.PartialReconcileOnFlatRate.SaleInToReconcile_OnlyFlat_DefaultProfile" name="GoToUrlAssertUrlPositiveEnternLOGINPositiveEnternPASSClickLoginGoToUrlAssertUrlClickAgentsP5" time="76.988"/>
  <system-out/>
  <testcase classname="test.PartialReconcileOnFlatRate.SaleInToReconcile_OnlyFlat_DefaultProfile" name="GoToUrlAssertUrlPositiveEnternLOGINPositiveEnternPASSClickLoginGoToUrlAssertUrlClickAgentsP4" time="81.092"/>
  <system-out/>
</testsuite> <!-- test.PartialReconcileOnFlatRate.SaleInToReconcile_OnlyFlat_DefaultProfile -->
