<?xml version="1.0" encoding="UTF-8"?>
<!-- Generated by org.testng.reporters.JUnitReportReporter -->
<testsuite hostname="OB-Sum" failures="0" tests="1" name="test.PartialReconciledCases.ScriptStandardToFlat_CNAndVATOnly_DefaultProfile" time="62.343" errors="0" timestamp="2022-02-06T06:55:29 IST" skipped="0">
  <testcase classname="test.PartialReconciledCases.ScriptStandardToFlat_CNAndVATOnly_DefaultProfile" name="GoToUrlAssertUrlPositiveEnterUserNamePositiveEnterPasswordClickLoginButtonGoToUrlAssertUrlCl1" time="62.343"/>
  <system-out/>
</testsuite> <!-- test.PartialReconciledCases.ScriptStandardToFlat_CNAndVATOnly_DefaultProfile -->
