<?xml version="1.0" encoding="UTF-8"?>
<!-- Generated by org.testng.reporters.JUnitReportReporter -->
<testsuite hostname="OB-Sum" failures="0" tests="1" name="Test_Income.TC01NewPreviewPage_DefaultProfile" time="64.567" errors="0" timestamp="2022-02-25T18:24:32 IST" skipped="0">
  <testcase classname="Test_Income.TC01NewPreviewPage_DefaultProfile" name="GoToUrlAssertUrlClickClickOnPreviewClickSaveButtonClickPDFDumpClickCancelButtonClickClickOnMa" time="64.567"/>
  <system-out/>
</testsuite> <!-- Test_Income.TC01NewPreviewPage_DefaultProfile -->
