<?xml version="1.0" encoding="UTF-8"?>
<!-- Generated by org.testng.reporters.JUnitReportReporter -->
<testsuite hostname="OB-Sum" failures="0" tests="2" name="test.AdvanceReconcilationFLATTOSTAND.SaleInToReconcile_DefaultProfile" time="153.482" errors="0" timestamp="2021-12-09T13:10:41 IST" skipped="0">
  <testcase classname="test.AdvanceReconcilationFLATTOSTAND.SaleInToReconcile_DefaultProfile" name="GoToUrlAssertUrlPositiveEnternLOGINPositiveEnternPASSClickLoginGoToUrlAssertUrlClickAgentsP2" time="76.474"/>
  <system-out/>
  <testcase classname="test.AdvanceReconcilationFLATTOSTAND.SaleInToReconcile_DefaultProfile" name="GoToUrlAssertUrlPositiveEnternLOGINPositiveEnternPASSClickLoginGoToUrlAssertUrlClickAgentsP5" time="77.008"/>
  <system-out/>
</testsuite> <!-- test.AdvanceReconcilationFLATTOSTAND.SaleInToReconcile_DefaultProfile -->
