<?xml version="1.0" encoding="UTF-8"?>
<!-- Generated by org.testng.reporters.JUnitReportReporter -->
<testsuite hostname="OB-Yogesh" failures="0" tests="1" name="AdvanceReconcileByBankForSupplierBillSToFlat.ScriptVATReturn1stVATReturnReport_SToFRS_DefaultProfile" time="47.725" errors="0" timestamp="2021-04-28T10:10:51 IST" skipped="0">
  <testcase classname="AdvanceReconcileByBankForSupplierBillSToFlat.ScriptVATReturn1stVATReturnReport_SToFRS_DefaultProfile" name="GoToUrlAssertUrlPositiveEnterUserNamePositiveEnterPasswordClickLoginButtonGoToUrlAssertUrlCl" time="47.725"/>
  <system-out/>
</testsuite> <!-- AdvanceReconcileByBankForSupplierBillSToFlat.ScriptVATReturn1stVATReturnReport_SToFRS_DefaultProfile -->
