<?xml version="1.0" encoding="UTF-8"?>
<!-- Generated by org.testng.reporters.JUnitReportReporter -->
<testsuite hostname="OB-Yogesh" failures="0" tests="1" name="Supplier_SToNoVAT.ScriptVATReturn1stVATReturnReport_SToNOVAT_DefaultProfile" time="43.249" errors="0" timestamp="2021-03-18T20:47:55 IST" skipped="0">
  <testcase classname="Supplier_SToNoVAT.ScriptVATReturn1stVATReturnReport_SToNOVAT_DefaultProfile" name="GoToUrlAssertUrlPositiveEnterUserNamePositiveEnterPasswordClickLoginButtonGoToUrlAssertUrlCl" time="43.249"/>
  <system-out/>
</testsuite> <!-- Supplier_SToNoVAT.ScriptVATReturn1stVATReturnReport_SToNOVAT_DefaultProfile -->
