<?xml version="1.0" encoding="UTF-8"?>
<!-- Generated by org.testng.reporters.JUnitReportReporter -->
<testsuite hostname="OB-Sum" failures="0" tests="2" name="Test_Balance_RE_Jour_Bank_Supp_3.Clear_Data" time="126.918" errors="0" timestamp="2022-02-18T18:00:42 IST" skipped="0">
  <testcase classname="Test_Balance_RE_Jour_Bank_Supp_3.Clear_Data" name="GoToUrlAssertUrlPositiveEnternLOGINPositiveEnternPASSClickLoginGoToUrlAssertUrlClickAgentsP1_TC_01_LadgerCode_7016_7400_2091_Report" time="62.715"/>
  <system-out/>
  <testcase classname="Test_Balance_RE_Jour_Bank_Supp_3.Clear_Data" name="GoToUrlAssertUrlPositiveEnternLOGINPositiveEnternPASSClickLoginGoToUrlAssertUrlClickAgentsP2_TC_01_LadgerCode_7016_7400_2091_Report" time="64.203"/>
  <system-out/>
</testsuite> <!-- Test_Balance_RE_Jour_Bank_Supp_3.Clear_Data -->
