<?xml version="1.0" encoding="UTF-8"?>
<!-- Generated by org.testng.reporters.JUnitReportReporter -->
<testsuite hostname="OB-Sum" failures="0" tests="1" name="Supplier_FRStoSTND.ScriptVATReturn2stVATReturnReport_SToFRS_DefaultProfile" time="68.292" errors="0" timestamp="2021-12-03T18:49:48 IST" skipped="0">
  <testcase classname="Supplier_FRStoSTND.ScriptVATReturn2stVATReturnReport_SToFRS_DefaultProfile" name="GoToUrlAssertUrlPositiveEnterUserNamePositiveEnterPasswordClickLoginButtonGoToUrlAssertUrlCl" time="68.292"/>
  <system-out/>
</testsuite> <!-- Supplier_FRStoSTND.ScriptVATReturn2stVATReturnReport_SToFRS_DefaultProfile -->
