<?xml version="1.0" encoding="UTF-8"?>
<!-- Generated by org.testng.reporters.JUnitReportReporter -->
<testsuite hostname="OB-Sum" failures="0" tests="2" name="test.AdvanceReconcilationFLATTOFLATP.SaleInToReconcile_DefaultProfile" time="151.119" errors="0" timestamp="2021-12-09T13:10:41 IST" skipped="0">
  <testcase classname="test.AdvanceReconcilationFLATTOFLATP.SaleInToReconcile_DefaultProfile" name="GoToUrlAssertUrlPositiveEnternLOGINPositiveEnternPASSClickLoginGoToUrlAssertUrlClickAgentsP5" time="75.933"/>
  <system-out/>
  <testcase classname="test.AdvanceReconcilationFLATTOFLATP.SaleInToReconcile_DefaultProfile" name="GoToUrlAssertUrlPositiveEnternLOGINPositiveEnternPASSClickLoginGoToUrlAssertUrlClickAgentsP2" time="75.186"/>
  <system-out/>
</testsuite> <!-- test.AdvanceReconcilationFLATTOFLATP.SaleInToReconcile_DefaultProfile -->
