<?xml version="1.0" encoding="UTF-8"?>
<!-- Generated by org.testng.reporters.JUnitReportReporter -->
<testsuite hostname="OB-Sum" failures="0" tests="1" name="VAT2.F2NOVAT.F2novat_EditVATType" time="57.283" errors="0" timestamp="2022-02-06T06:55:29 IST" skipped="0">
  <testcase classname="VAT2.F2NOVAT.F2novat_EditVATType" name="GoToUrlAssertUrlPositiveEnterUserNamePositiveEnterPasswordClickLoginButtonGoToUrlAssertUrlCl2" time="57.283"/>
  <system-out/>
</testsuite> <!-- VAT2.F2NOVAT.F2novat_EditVATType -->
