<?xml version="1.0" encoding="UTF-8"?>
<!-- Generated by org.testng.reporters.JUnitReportReporter -->
<testsuite hostname="OB-Sum" failures="0" tests="2" name="tests.BalanceSheet_Bf.TC_31_BSBFProfitLoss31003103_DefaultProfile" time="323.517" errors="0" timestamp="2022-02-25T15:38:47 IST" skipped="0">
  <testcase classname="tests.BalanceSheet_Bf.TC_31_BSBFProfitLoss31003103_DefaultProfile" name="GoToUrlAssertUrlPositiveEnternLOGINPositiveEnternPASSClickLoginGoToUrlAssertUrlClickAgentsP1" time="187.033"/>
  <system-out>
    <![CDATA[Accounting Period Status : Account UnClosed 
Accounting Period Status : Account UnLocked
ledger 1 entered :3103 - Profit and Loss for the Year
ledger 2 entered :7954 - Dividends
ledger 3 entered :1400 - Default Bank
Accounting Period Status :- Account period closed
Ledger code verified: Profit and Loss B/Fwd
Ledger code verified: Default Bank
Amount enter verified: 1,100.00
Amount enter verified: (2,100.00)
Enteries are Verified on Balance Sheet Report page :]]>
  </system-out>
  <testcase classname="tests.BalanceSheet_Bf.TC_31_BSBFProfitLoss31003103_DefaultProfile" name="GoToUrlAssertUrlPositiveEnternLOGINPositiveEnternPASSClickLoginGoToUrlAssertUrlClickAgentsP3" time="136.484"/>
  <system-out>
    <![CDATA[Accounting Period Status : Account UnClosed 
Accounting Period Status : Account UnLocked
Accounting Period Status :- Account period closed]]>
  </system-out>
</testsuite> <!-- tests.BalanceSheet_Bf.TC_31_BSBFProfitLoss31003103_DefaultProfile -->
