<?xml version="1.0" encoding="UTF-8"?>
<!-- Generated by org.testng.reporters.JUnitReportReporter -->
<testsuite hostname="OB-Sum" failures="0" tests="6" name="VAT3_SupplierPartialReconcile.SaleInToPartialReconcile_SupplierBill_DefaultProfile_3" time="560.787" errors="0" timestamp="2022-02-06T06:55:35 IST" skipped="0">
  <testcase classname="VAT3_SupplierPartialReconcile.SaleInToPartialReconcile_SupplierBill_DefaultProfile_3" name="GoToUrlAssertUrlPositiveEnternLOGINPositiveEnternPASSClickLoginGoToUrlAssertUrlClickAgentsP4" time="93.070"/>
  <system-out/>
  <testcase classname="VAT3_SupplierPartialReconcile.SaleInToPartialReconcile_SupplierBill_DefaultProfile_3" name="GoToUrlAssertUrlPositiveEnternLOGINPositiveEnternPASSClickLoginGoToUrlAssertUrlClickAgentsP5" time="93.467"/>
  <system-out/>
  <testcase classname="VAT3_SupplierPartialReconcile.SaleInToPartialReconcile_SupplierBill_DefaultProfile_3" name="GoToUrlAssertUrlPositiveEnternLOGINPositiveEnternPASSClickLoginGoToUrlAssertUrlClickAgentsP2" time="90.458"/>
  <system-out/>
  <testcase classname="VAT3_SupplierPartialReconcile.SaleInToPartialReconcile_SupplierBill_DefaultProfile_3" name="GoToUrlAssertUrlPositiveEnternLOGINPositiveEnternPASSClickLoginGoToUrlAssertUrlClickAgentsP1" time="91.738"/>
  <system-out/>
  <testcase classname="VAT3_SupplierPartialReconcile.SaleInToPartialReconcile_SupplierBill_DefaultProfile_3" name="GoToUrlAssertUrlPositiveEnternLOGINPositiveEnternPASSClickLoginGoToUrlAssertUrlClickAgentsP6" time="96.875"/>
  <system-out/>
  <testcase classname="VAT3_SupplierPartialReconcile.SaleInToPartialReconcile_SupplierBill_DefaultProfile_3" name="GoToUrlAssertUrlPositiveEnternLOGINPositiveEnternPASSClickLoginGoToUrlAssertUrlClickAgentsP3" time="95.179"/>
  <system-out/>
</testsuite> <!-- VAT3_SupplierPartialReconcile.SaleInToPartialReconcile_SupplierBill_DefaultProfile_3 -->
