<?xml version="1.0" encoding="UTF-8"?>
<!-- Generated by org.testng.reporters.JUnitReportReporter -->
<testsuite hostname="OB-Sum" failures="0" tests="1" name="Supplier_FRSToNoVAT.ScriptPostVATReturn2stVATReturnReport_FRSTONOVAT_DefaultProfile" time="72.331" errors="0" timestamp="2022-02-06T06:55:37 IST" skipped="0">
  <testcase classname="Supplier_FRSToNoVAT.ScriptPostVATReturn2stVATReturnReport_FRSTONOVAT_DefaultProfile" name="GoToUrlAssertUrlPositiveEnterUserNamePositiveEnterPasswordClickLoginButtonGoToUrlAssertUrlCl" time="72.331"/>
  <system-out/>
</testsuite> <!-- Supplier_FRSToNoVAT.ScriptPostVATReturn2stVATReturnReport_FRSTONOVAT_DefaultProfile -->
