<?xml version="1.0" encoding="UTF-8"?>
<!-- Generated by org.testng.reporters.JUnitReportReporter -->
<testsuite hostname="OB-Yogesh" failures="0" tests="1" name="test.PartialReconciledCases.ScriptEditSettingToVATType_Nidhi_DefaultProfile" time="66.221" errors="0" timestamp="2021-03-20T00:02:11 IST" skipped="0">
  <testcase classname="test.PartialReconciledCases.ScriptEditSettingToVATType_Nidhi_DefaultProfile" name="GoToUrlAssertUrlPositiveEnterUserNamePositiveEnterPasswordClickLoginButtonGoToUrlAssertUrlCl2" time="66.221"/>
  <system-out/>
</testsuite> <!-- test.PartialReconciledCases.ScriptEditSettingToVATType_Nidhi_DefaultProfile -->
