<?xml version="1.0" encoding="UTF-8"?>
<!-- Generated by org.testng.reporters.JUnitReportReporter -->
<testsuite hostname="OB-Sum" failures="0" tests="1" name="tests.ScriptVerifyByTrialBalanceScreenshotDefaultProfile_SToNOVAT" time="45.687" errors="0" timestamp="2021-12-19T01:41:01 IST" skipped="0">
  <testcase classname="tests.ScriptVerifyByTrialBalanceScreenshotDefaultProfile_SToNOVAT" name="GoToUrlAssertUrlPositiveEnterUserNamePositiveEnterPasswordClickLoginButtonGoToUrlAssertUrlCl" time="45.687"/>
  <system-out/>
</testsuite> <!-- tests.ScriptVerifyByTrialBalanceScreenshotDefaultProfile_SToNOVAT -->
