<?xml version="1.0" encoding="UTF-8"?>
<!-- Generated by org.testng.reporters.JUnitReportReporter -->
<testsuite hostname="OB-Sum" failures="0" tests="2" name="Test_Trial_Balance_RE_Jour_Bank_Supp_3.TC_41_2_BS_EMPLOYEE_1322_All_With_Journal_Bank" time="210.302" errors="0" timestamp="2022-01-18T16:59:19 IST" skipped="0">
  <testcase classname="Test_Trial_Balance_RE_Jour_Bank_Supp_3.TC_41_2_BS_EMPLOYEE_1322_All_With_Journal_Bank" name="GoToUrlAssertUrlPositiveEnternLOGINPositiveEnternPASSClickLoginGoToUrlAssertUrlClickAgentsP3" time="137.251"/>
  <system-out/>
  <testcase classname="Test_Trial_Balance_RE_Jour_Bank_Supp_3.TC_41_2_BS_EMPLOYEE_1322_All_With_Journal_Bank" name="GoToUrlAssertUrlPositiveEnternLOGINPositiveEnternPASSClickLoginGoToUrlAssertUrlClickAgentsP1" time="73.051"/>
  <system-out>
    <![CDATA[ledger 1 entered :1322 - Default Employee
ledger 2 entered :1322 - Default Employee - Capital Distribution
ledger 3 entered :1322 - Default Employee - Dividend
ledger 4 entered :1322 - Default Employee - Employee Expenses Payable
ledger 5 entered :1322 - Default Employee - Employee Wages Payable
ledger code verified: Default Employee
Amount enter verified: 1,000.00
ledger code verified: Capital Distribution
Amount enter verified: 1,000.00
ledger code verified: Dividend
Amount enter verified: 1,000.00
ledger code verified: Employee Expenses Payable
Amount enter verified: 1,000.00
ledger code verified: Employee Wages Payable
Amount enter verified: (4,000.00)
Enteries are Verified on TrialBalance Report page :]]>
  </system-out>
</testsuite> <!-- Test_Trial_Balance_RE_Jour_Bank_Supp_3.TC_41_2_BS_EMPLOYEE_1322_All_With_Journal_Bank -->
