<?xml version="1.0" encoding="UTF-8"?>
<!-- Generated by org.testng.reporters.JUnitReportReporter -->
<testsuite hostname="OB-Sum" failures="0" tests="1" name="Supplier_FRSToFRSP.Script5FlatToFlatPercentage_DefaultProfile" time="52.925" errors="0" timestamp="2021-12-09T11:24:15 IST" skipped="0">
  <testcase classname="Supplier_FRSToFRSP.Script5FlatToFlatPercentage_DefaultProfile" name="GoToUrlAssertUrlPositiveEnterUserNamePositiveEnterPasswordClickLoginButtonGoToUrlAssertUrlCl1" time="52.925"/>
  <system-out/>
</testsuite> <!-- Supplier_FRSToFRSP.Script5FlatToFlatPercentage_DefaultProfile -->
