<?xml version="1.0" encoding="UTF-8"?>
<!-- Generated by org.testng.reporters.JUnitReportReporter -->
<testsuite hostname="OB-Sum" failures="0" tests="3" name="tests.BalanceSheet_Bf.TC_15_BSBFFixedAsset230234_DefaultProfile" time="421.182" errors="0" timestamp="2022-03-03T17:00:05 IST" skipped="0">
  <testcase classname="tests.BalanceSheet_Bf.TC_15_BSBFFixedAsset230234_DefaultProfile" name="GoToUrlAssertUrlPositiveEnternLOGINPositiveEnternPASSClickLoginGoToUrlAssertUrlClickAgentsP3" time="127.229"/>
  <system-out>
    <![CDATA[Accounting Period Status : Account UnClosed 
Accounting Period Status : Account UnLocked
Accounting Period Status :- Account period closed]]>
  </system-out>
  <testcase classname="tests.BalanceSheet_Bf.TC_15_BSBFFixedAsset230234_DefaultProfile" name="GoToUrlAssertUrlPositiveEnternLOGINPositiveEnternPASSClickLoginGoToUrlAssertUrlClickAgentsP1" time="166.413"/>
  <system-out>
    <![CDATA[Accounting Period Status : Account UnClosed 
Accounting Period Status : Account UnLocked
ledger 1 entered :231 - Short Leasehold Properties Additions
ledger 2 entered :232 - Short Leasehold Properties Disposals
ledger 3 entered :233 - Short Leasehold Properties Revaluations
ledger 4 entered :234 - Short Leasehold Properties Transfers
ledger 5 entered :1400 - Default Bank
Accounting Period Status :- Account period closed
Ledger code verified: Short Leasehold Properties Cost B/Fwd
Ledger code verified: Default Bank
Amount enter verified: 4,600.00
Amount enter verified: (4,600.00)
Enteries are Verified on Balance Sheet Report page :]]>
  </system-out>
  <testcase classname="tests.BalanceSheet_Bf.TC_15_BSBFFixedAsset230234_DefaultProfile" name="GoToUrlAssertUrlPositiveEnternLOGINPositiveEnternPASSClickLoginGoToUrlAssertUrlClickAgentsP2" time="127.540"/>
  <system-out>
    <![CDATA[Accounting Period Status : Account UnClosed 
Accounting Period Status : Account UnLocked
Accounting Period Status :- Account period closed]]>
  </system-out>
</testsuite> <!-- tests.BalanceSheet_Bf.TC_15_BSBFFixedAsset230234_DefaultProfile -->
