<?xml version="1.0" encoding="UTF-8"?>
<!-- Generated by org.testng.reporters.JUnitReportReporter -->
<testsuite hostname="OB-Yogesh" failures="0" tests="6" name="VAT3_ExpensesReinbr.ExpenseRemOnly_DefaultProfile" time="191.306" errors="0" timestamp="2021-05-16T00:47:59 IST" skipped="0">
  <testcase classname="VAT3_ExpensesReinbr.ExpenseRemOnly_DefaultProfile" name="GoToUrlAssertUrlPositiveEnternLOGINPositiveEnternPASSClickLoginGoToUrlAssertUrlClickAgentsP5" time="32.028"/>
  <system-out/>
  <testcase classname="VAT3_ExpensesReinbr.ExpenseRemOnly_DefaultProfile" name="GoToUrlAssertUrlPositiveEnternLOGINPositiveEnternPASSClickLoginGoToUrlAssertUrlClickAgentsP3" time="32.735"/>
  <system-out/>
  <testcase classname="VAT3_ExpensesReinbr.ExpenseRemOnly_DefaultProfile" name="GoToUrlAssertUrlPositiveEnternLOGINPositiveEnternPASSClickLoginGoToUrlAssertUrlClickAgentsP6" time="32.086"/>
  <system-out/>
  <testcase classname="VAT3_ExpensesReinbr.ExpenseRemOnly_DefaultProfile" name="GoToUrlAssertUrlPositiveEnternLOGINPositiveEnternPASSClickLoginGoToUrlAssertUrlClickAgentsP4" time="32.381"/>
  <system-out/>
  <testcase classname="VAT3_ExpensesReinbr.ExpenseRemOnly_DefaultProfile" name="GoToUrlAssertUrlPositiveEnternLOGINPositiveEnternPASSClickLoginGoToUrlAssertUrlClickAgentsP2" time="31.442"/>
  <system-out/>
  <testcase classname="VAT3_ExpensesReinbr.ExpenseRemOnly_DefaultProfile" name="GoToUrlAssertUrlPositiveEnternLOGINPositiveEnternPASSClickLoginGoToUrlAssertUrlClickAgentsP1" time="30.634"/>
  <system-out/>
</testsuite> <!-- VAT3_ExpensesReinbr.ExpenseRemOnly_DefaultProfile -->
