<?xml version="1.0" encoding="UTF-8"?>
<!-- Generated by org.testng.reporters.JUnitReportReporter -->
<testsuite hostname="OB-Sum" failures="0" tests="2" name="test.AdvanceReconcilationFLATTOFLATP.SaleInToReconcileForVATOnly_DefaultProfile" time="163.303" errors="0" timestamp="2022-02-06T06:55:29 IST" skipped="0">
  <testcase classname="test.AdvanceReconcilationFLATTOFLATP.SaleInToReconcileForVATOnly_DefaultProfile" name="GoToUrlAssertUrlPositiveEnternLOGINPositiveEnternPASSClickLoginGoToUrlAssertUrlClickAgentsP2" time="80.650"/>
  <system-out/>
  <testcase classname="test.AdvanceReconcilationFLATTOFLATP.SaleInToReconcileForVATOnly_DefaultProfile" name="GoToUrlAssertUrlPositiveEnternLOGINPositiveEnternPASSClickLoginGoToUrlAssertUrlClickAgentsP1" time="82.653"/>
  <system-out/>
</testsuite> <!-- test.AdvanceReconcilationFLATTOFLATP.SaleInToReconcileForVATOnly_DefaultProfile -->
