<?xml version="1.0" encoding="UTF-8"?>
<!-- Generated by org.testng.reporters.JUnitReportReporter -->
<testsuite hostname="OB-Sum" failures="0" tests="1" name="VAT3_ExpenseReimbAdvanceReconcile.ScriptVATReturn1stVATReturnReport_SToFRS_DefaultProfile_3" time="56.246" errors="0" timestamp="2021-11-25T12:11:10 IST" skipped="0">
  <testcase classname="VAT3_ExpenseReimbAdvanceReconcile.ScriptVATReturn1stVATReturnReport_SToFRS_DefaultProfile_3" name="GoToUrlAssertUrlPositiveEnterUserNamePositiveEnterPasswordClickLoginButtonGoToUrlAssertUrlCl" time="56.246"/>
  <system-out/>
</testsuite> <!-- VAT3_ExpenseReimbAdvanceReconcile.ScriptVATReturn1stVATReturnReport_SToFRS_DefaultProfile_3 -->
