<?xml version="1.0" encoding="UTF-8"?>
<!-- Generated by org.testng.reporters.JUnitReportReporter -->
<testsuite hostname="OB-Sum" failures="0" tests="6" name="VAT3.FullREC_F2_Standard.Supplier_ReconcileForDebitNote_2" time="696.054" errors="0" timestamp="2022-02-07T19:49:31 IST" skipped="0">
  <testcase classname="VAT3.FullREC_F2_Standard.Supplier_ReconcileForDebitNote_2" name="GoToUrlAssertUrlPositiveEnternLOGINPositiveEnternPASSClickLoginGoToUrlAssertUrlClickAgentsP2" time="113.834"/>
  <system-out/>
  <testcase classname="VAT3.FullREC_F2_Standard.Supplier_ReconcileForDebitNote_2" name="GoToUrlAssertUrlPositiveEnternLOGINPositiveEnternPASSClickLoginGoToUrlAssertUrlClickAgentsP1" time="120.165"/>
  <system-out/>
  <testcase classname="VAT3.FullREC_F2_Standard.Supplier_ReconcileForDebitNote_2" name="GoToUrlAssertUrlPositiveEnternLOGINPositiveEnternPASSClickLoginGoToUrlAssertUrlClickAgentsP71" time="119.142"/>
  <system-out/>
  <testcase classname="VAT3.FullREC_F2_Standard.Supplier_ReconcileForDebitNote_2" name="GoToUrlAssertUrlPositiveEnternLOGINPositiveEnternPASSClickLoginGoToUrlAssertUrlClickAgentsP6" time="114.553"/>
  <system-out/>
  <testcase classname="VAT3.FullREC_F2_Standard.Supplier_ReconcileForDebitNote_2" name="GoToUrlAssertUrlPositiveEnternLOGINPositiveEnternPASSClickLoginGoToUrlAssertUrlClickAgentsP7" time="116.408"/>
  <system-out/>
  <testcase classname="VAT3.FullREC_F2_Standard.Supplier_ReconcileForDebitNote_2" name="GoToUrlAssertUrlPositiveEnternLOGINPositiveEnternPASSClickLoginGoToUrlAssertUrlClickAgentsP3" time="111.952"/>
  <system-out/>
</testsuite> <!-- VAT3.FullREC_F2_Standard.Supplier_ReconcileForDebitNote_2 -->
