<?xml version="1.0" encoding="UTF-8"?>
<!-- Generated by org.testng.reporters.JUnitReportReporter -->
<testsuite hostname="OB-Sum" failures="0" tests="6" name="VAT3_UnReconciled_FLAT2_NOVAT.UN_ReconcileForDebitNote_Flat2NOVAT" time="308.883" errors="0" timestamp="2021-12-20T15:02:00 IST" skipped="0">
  <testcase classname="VAT3_UnReconciled_FLAT2_NOVAT.UN_ReconcileForDebitNote_Flat2NOVAT" name="GoToUrlAssertUrlPositiveEnternLOGINPositiveEnternPASSClickLoginGoToUrlAssertUrlClickAgentsP2" time="50.121"/>
  <system-out/>
  <testcase classname="VAT3_UnReconciled_FLAT2_NOVAT.UN_ReconcileForDebitNote_Flat2NOVAT" name="GoToUrlAssertUrlPositiveEnternLOGINPositiveEnternPASSClickLoginGoToUrlAssertUrlClickAgentsP3" time="54.441"/>
  <system-out/>
  <testcase classname="VAT3_UnReconciled_FLAT2_NOVAT.UN_ReconcileForDebitNote_Flat2NOVAT" name="GoToUrlAssertUrlPositiveEnternLOGINPositiveEnternPASSClickLoginGoToUrlAssertUrlClickAgentsP71" time="53.629"/>
  <system-out/>
  <testcase classname="VAT3_UnReconciled_FLAT2_NOVAT.UN_ReconcileForDebitNote_Flat2NOVAT" name="GoToUrlAssertUrlPositiveEnternLOGINPositiveEnternPASSClickLoginGoToUrlAssertUrlClickAgentsP6" time="49.470"/>
  <system-out/>
  <testcase classname="VAT3_UnReconciled_FLAT2_NOVAT.UN_ReconcileForDebitNote_Flat2NOVAT" name="GoToUrlAssertUrlPositiveEnternLOGINPositiveEnternPASSClickLoginGoToUrlAssertUrlClickAgentsP7" time="50.453"/>
  <system-out/>
  <testcase classname="VAT3_UnReconciled_FLAT2_NOVAT.UN_ReconcileForDebitNote_Flat2NOVAT" name="GoToUrlAssertUrlPositiveEnternLOGINPositiveEnternPASSClickLoginGoToUrlAssertUrlClickAgentsP1" time="50.769"/>
  <system-out/>
</testsuite> <!-- VAT3_UnReconciled_FLAT2_NOVAT.UN_ReconcileForDebitNote_Flat2NOVAT -->
