<?xml version="1.0" encoding="UTF-8"?>
<!-- Generated by org.testng.reporters.JUnitReportReporter -->
<testsuite hostname="OB-Sum" failures="0" tests="6" name="test.FlatToStandard.ScriptSaleCreditNote_FlatToStandard_DefaultProfile" time="376.836" errors="0" timestamp="2021-12-19T01:41:01 IST" skipped="0">
  <testcase classname="test.FlatToStandard.ScriptSaleCreditNote_FlatToStandard_DefaultProfile" name="GoToUrlAssertUrlPositiveEnterUserNamePositiveEnterPasswordClickLoginButtonGoToUrlAssertUrlCl4" time="62.642"/>
  <system-out/>
  <testcase classname="test.FlatToStandard.ScriptSaleCreditNote_FlatToStandard_DefaultProfile" name="GoToUrlAssertUrlPositiveEnterUserNamePositiveEnterPasswordClickLoginButtonGoToUrlAssertUrlCl5" time="63.475"/>
  <system-out/>
  <testcase classname="test.FlatToStandard.ScriptSaleCreditNote_FlatToStandard_DefaultProfile" name="GoToUrlAssertUrlPositiveEnterUserNamePositiveEnterPasswordClickLoginButtonGoToUrlAssertUrlCl3" time="61.542"/>
  <system-out/>
  <testcase classname="test.FlatToStandard.ScriptSaleCreditNote_FlatToStandard_DefaultProfile" name="GoToUrlAssertUrlPositiveEnterUserNamePositiveEnterPasswordClickLoginButtonGoToUrlAssertUrlCl2" time="62.858"/>
  <system-out/>
  <testcase classname="test.FlatToStandard.ScriptSaleCreditNote_FlatToStandard_DefaultProfile" name="GoToUrlAssertUrlPositiveEnterUserNamePositiveEnterPasswordClickLoginButtonGoToUrlAssertUrlCl1" time="64.074"/>
  <system-out/>
  <testcase classname="test.FlatToStandard.ScriptSaleCreditNote_FlatToStandard_DefaultProfile" name="GoToUrlAssertUrlPositiveEnterUserNamePositiveEnterPasswordClickLoginButtonGoToUrlAssertUrlCl6" time="62.245"/>
  <system-out/>
</testsuite> <!-- test.FlatToStandard.ScriptSaleCreditNote_FlatToStandard_DefaultProfile -->
