<?xml version="1.0" encoding="UTF-8"?>
<!-- Generated by org.testng.reporters.JUnitReportReporter -->
<testsuite hostname="OB-Sum" failures="0" tests="2" name="Test_Trial_Balance_RE_Jour_Bank_Supp_3.TC_16_2_BS_CurrentAsset_1000_1060_With_Journal_Bank" time="147.812" errors="0" timestamp="2022-01-13T00:26:10 IST" skipped="0">
  <testcase classname="Test_Trial_Balance_RE_Jour_Bank_Supp_3.TC_16_2_BS_CurrentAsset_1000_1060_With_Journal_Bank" name="GoToUrlAssertUrlPositiveEnternLOGINPositiveEnternPASSClickLoginGoToUrlAssertUrlClickAgentsP1" time="63.750"/>
  <system-out>
    <![CDATA[ledger 1 entered :1000 - Retention
ledger 2 entered :1060 - Stock of Finished Goods
Ledger code verified: Retention
Amount enter verified: 1,000.00
Ledger code verified: Stock of Finished Goods
Amount enter verified: (1,000.00)
Enteries are Verified on Balance Sheet Report page :]]>
  </system-out>
  <testcase classname="Test_Trial_Balance_RE_Jour_Bank_Supp_3.TC_16_2_BS_CurrentAsset_1000_1060_With_Journal_Bank" name="GoToUrlAssertUrlPositiveEnternLOGINPositiveEnternPASSClickLoginGoToUrlAssertUrlClickAgentsP3" time="84.062"/>
  <system-out/>
</testsuite> <!-- Test_Trial_Balance_RE_Jour_Bank_Supp_3.TC_16_2_BS_CurrentAsset_1000_1060_With_Journal_Bank -->
