<?xml version="1.0" encoding="UTF-8"?>
<!-- Generated by org.testng.reporters.JUnitReportReporter -->
<testsuite hostname="OB-Sum" failures="0" tests="1" name="Test_Income.Test_OtherInvoiceTemplate_SuccessEmail_TC03" time="44.564" errors="0" timestamp="2021-11-11T20:51:38 IST" skipped="0">
  <testcase classname="Test_Income.Test_OtherInvoiceTemplate_SuccessEmail_TC03" name="GoToUrlAssertUrlPositiveSelectSelectInvoicePositiveSelectEmailTemplateEnterEntermailidSendEmailSuccessEmailMsgOtherInvoiceTemp_TC03" time="44.564"/>
  <system-out/>
</testsuite> <!-- Test_Income.Test_OtherInvoiceTemplate_SuccessEmail_TC03 -->
