<?xml version="1.0" encoding="UTF-8"?>
<!-- Generated by org.testng.reporters.JUnitReportReporter -->
<testsuite hostname="OB-Sum" failures="0" tests="12" name="VAT3_UnReconciled_S2_NOVAT.UN_ReconcileForDebitNote_S2NOVAT" time="696.783" errors="0" timestamp="2021-12-01T04:35:04 IST" skipped="0">
  <testcase classname="VAT3_UnReconciled_S2_NOVAT.UN_ReconcileForDebitNote_S2NOVAT" name="GoToUrlAssertUrlPositiveEnternLOGINPositiveEnternPASSClickLoginGoToUrlAssertUrlClickAgentsP7" time="56.742"/>
  <system-out/>
  <testcase classname="VAT3_UnReconciled_S2_NOVAT.UN_ReconcileForDebitNote_S2NOVAT" name="GoToUrlAssertUrlPositiveEnternLOGINPositiveEnternPASSClickLoginGoToUrlAssertUrlClickAgentsP3" time="63.154"/>
  <system-out/>
  <testcase classname="VAT3_UnReconciled_S2_NOVAT.UN_ReconcileForDebitNote_S2NOVAT" name="GoToUrlAssertUrlPositiveEnternLOGINPositiveEnternPASSClickLoginGoToUrlAssertUrlClickAgentsP71" time="52.966"/>
  <system-out/>
  <testcase classname="VAT3_UnReconciled_S2_NOVAT.UN_ReconcileForDebitNote_S2NOVAT" name="GoToUrlAssertUrlPositiveEnternLOGINPositiveEnternPASSClickLoginGoToUrlAssertUrlClickAgentsP1" time="64.449"/>
  <system-out/>
  <testcase classname="VAT3_UnReconciled_S2_NOVAT.UN_ReconcileForDebitNote_S2NOVAT" name="GoToUrlAssertUrlPositiveEnternLOGINPositiveEnternPASSClickLoginGoToUrlAssertUrlClickAgentsP71" time="60.248"/>
  <system-out/>
  <testcase classname="VAT3_UnReconciled_S2_NOVAT.UN_ReconcileForDebitNote_S2NOVAT" name="GoToUrlAssertUrlPositiveEnternLOGINPositiveEnternPASSClickLoginGoToUrlAssertUrlClickAgentsP3" time="55.509"/>
  <system-out/>
  <testcase classname="VAT3_UnReconciled_S2_NOVAT.UN_ReconcileForDebitNote_S2NOVAT" name="GoToUrlAssertUrlPositiveEnternLOGINPositiveEnternPASSClickLoginGoToUrlAssertUrlClickAgentsP2" time="62.962"/>
  <system-out/>
  <testcase classname="VAT3_UnReconciled_S2_NOVAT.UN_ReconcileForDebitNote_S2NOVAT" name="GoToUrlAssertUrlPositiveEnternLOGINPositiveEnternPASSClickLoginGoToUrlAssertUrlClickAgentsP6" time="60.013"/>
  <system-out/>
  <testcase classname="VAT3_UnReconciled_S2_NOVAT.UN_ReconcileForDebitNote_S2NOVAT" name="GoToUrlAssertUrlPositiveEnternLOGINPositiveEnternPASSClickLoginGoToUrlAssertUrlClickAgentsP7" time="59.714"/>
  <system-out/>
  <testcase classname="VAT3_UnReconciled_S2_NOVAT.UN_ReconcileForDebitNote_S2NOVAT" name="GoToUrlAssertUrlPositiveEnternLOGINPositiveEnternPASSClickLoginGoToUrlAssertUrlClickAgentsP2" time="53.449"/>
  <system-out/>
  <testcase classname="VAT3_UnReconciled_S2_NOVAT.UN_ReconcileForDebitNote_S2NOVAT" name="GoToUrlAssertUrlPositiveEnternLOGINPositiveEnternPASSClickLoginGoToUrlAssertUrlClickAgentsP1" time="53.929"/>
  <system-out/>
  <testcase classname="VAT3_UnReconciled_S2_NOVAT.UN_ReconcileForDebitNote_S2NOVAT" name="GoToUrlAssertUrlPositiveEnternLOGINPositiveEnternPASSClickLoginGoToUrlAssertUrlClickAgentsP6" time="53.648"/>
  <system-out/>
</testsuite> <!-- VAT3_UnReconciled_S2_NOVAT.UN_ReconcileForDebitNote_S2NOVAT -->
