<?xml version="1.0" encoding="UTF-8"?>
<!-- Generated by org.testng.reporters.JUnitReportReporter -->
<testsuite hostname="OB-Yogesh" failures="0" tests="1" name="tests.ScriptEditSettingToVATType_DefaultProfile" time="42.516" errors="0" timestamp="2021-02-16T20:01:55 IST" skipped="0">
  <testcase classname="tests.ScriptEditSettingToVATType_DefaultProfile" name="GoToUrlAssertUrlPositiveEnterUserNamePositiveEnterPasswordClickLoginButtonGoToUrlAssertUrlCl2" time="42.516"/>
  <system-out/>
</testsuite> <!-- tests.ScriptEditSettingToVATType_DefaultProfile -->
