<?xml version="1.0" encoding="UTF-8"?>
<!-- Generated by org.testng.reporters.JUnitReportReporter -->
<testsuite hostname="OB-Sum" failures="0" tests="1" name="test.partialReconcileJonralEntrySToFlat.ScriptPostVATReturn2stVATReturnReport_DefaultProfile" time="67.809" errors="0" timestamp="2021-12-19T01:41:02 IST" skipped="0">
  <testcase classname="test.partialReconcileJonralEntrySToFlat.ScriptPostVATReturn2stVATReturnReport_DefaultProfile" name="GoToUrlAssertUrlPositiveEnterUserNamePositiveEnterPasswordClickLoginButtonGoToUrlAssertUrlCl" time="67.809"/>
  <system-out/>
</testsuite> <!-- test.partialReconcileJonralEntrySToFlat.ScriptPostVATReturn2stVATReturnReport_DefaultProfile -->
