<?xml version="1.0" encoding="UTF-8"?>
<!-- Generated by org.testng.reporters.JUnitReportReporter -->
<testsuite hostname="OB-Sum" failures="0" tests="1" name="SaleDashboardTest.saleinvoice_searchtest" time="54.142" errors="0" timestamp="2021-09-02T00:34:29 IST" skipped="0">
  <testcase classname="SaleDashboardTest.saleinvoice_searchtest" name="saleinvoice1GoToUrlAssertUrlPositiveEnternLOGINPositiveEnternPASSClickLoginGoToUrlAssertUrl1" time="54.142"/>
  <system-out/>
</testsuite> <!-- SaleDashboardTest.saleinvoice_searchtest -->
