<?xml version="1.0" encoding="UTF-8"?>
<!-- Generated by org.testng.reporters.JUnitReportReporter -->
<testsuite hostname="OB-Sum" failures="0" tests="3" name="test.ashiv.SaleInvoice_DefaultProfile" time="823.865" errors="0" timestamp="2021-11-17T01:56:37 IST" skipped="0">
  <testcase classname="test.ashiv.SaleInvoice_DefaultProfile" name="GoToUrlAssertUrlClickSalesTabClickNewButtonClickNewInvoicePositiveSelectCustomerNamePositiveunreconciledtTransactionNewTransactionLedgerCode1070FindAndSearchIconInvoiceReconciledClickReconcileButtonPartialReconcilation" time="330.478"/>
  <system-out/>
  <testcase classname="test.ashiv.SaleInvoice_DefaultProfile" name="GoToUrlAssertUrlClickSalesTabClickNewButtonClickNewInvoicePositiveSelectCustomerNamePositiveGoToUrlAssertUrlClickSalesTabClickNewButtonClickNewInvoicePositiveSelectCustomerNamePositiveunreconciledtTransactionNewTransactionLedgerCode1070FindAndSearchIconInvoiceReconciledClickReconcileButton" time="247.084"/>
  <system-out/>
  <testcase classname="test.ashiv.SaleInvoice_DefaultProfile" name="GoToUrlAssertUrlClickSalesTabClickNewButtonClickNewInvoicePositiveSelectCustomerNamePositiveunreconciledtTransactionNewTransactionLedgerCode1070FindAndSearchIconInvoiceReconciledClickReconcileButtonJournalReconcilation" time="246.303"/>
  <system-out/>
</testsuite> <!-- test.ashiv.SaleInvoice_DefaultProfile -->
