<?xml version="1.0" encoding="UTF-8"?>
<!-- Generated by org.testng.reporters.JUnitReportReporter -->
<testsuite hostname="OB-Yogesh" failures="0" tests="1" name="VATPhase3.Script_FlatToStand_VATReturn1stVATReturnReport_DefaultProfile_2" time="56.504" errors="0" timestamp="2021-05-06T00:22:11 IST" skipped="0">
  <testcase classname="VATPhase3.Script_FlatToStand_VATReturn1stVATReturnReport_DefaultProfile_2" name="GoToUrlAssertUrlPositiveEnterUserNamePositiveEnterPasswordClickLoginButtonGoToUrlAssertUrlCl" time="56.504"/>
  <system-out/>
</testsuite> <!-- VATPhase3.Script_FlatToStand_VATReturn1stVATReturnReport_DefaultProfile_2 -->
