<?xml version="1.0" encoding="UTF-8"?>
<!-- Generated by org.testng.reporters.JUnitReportReporter -->
<testsuite hostname="OB-Sum" failures="0" tests="6" name="VAT3.FullREC_S2_NOVAT.Supplier_debitNote_3" time="617.376" errors="0" timestamp="2021-12-20T15:02:00 IST" skipped="0">
  <testcase classname="VAT3.FullREC_S2_NOVAT.Supplier_debitNote_3" name="GoToUrlAssertUrlPositiveEnternLOGINPositiveEnternPASSClickLoginGoToUrlAssertUrlClickAgentsP71" time="105.344"/>
  <system-out/>
  <testcase classname="VAT3.FullREC_S2_NOVAT.Supplier_debitNote_3" name="GoToUrlAssertUrlPositiveEnternLOGINPositiveEnternPASSClickLoginGoToUrlAssertUrlClickAgentsP6" time="102.430"/>
  <system-out/>
  <testcase classname="VAT3.FullREC_S2_NOVAT.Supplier_debitNote_3" name="GoToUrlAssertUrlPositiveEnternLOGINPositiveEnternPASSClickLoginGoToUrlAssertUrlClickAgentsP7" time="105.811"/>
  <system-out/>
  <testcase classname="VAT3.FullREC_S2_NOVAT.Supplier_debitNote_3" name="GoToUrlAssertUrlPositiveEnternLOGINPositiveEnternPASSClickLoginGoToUrlAssertUrlClickAgentsP1" time="99.550"/>
  <system-out/>
  <testcase classname="VAT3.FullREC_S2_NOVAT.Supplier_debitNote_3" name="GoToUrlAssertUrlPositiveEnternLOGINPositiveEnternPASSClickLoginGoToUrlAssertUrlClickAgentsP2" time="103.214"/>
  <system-out/>
  <testcase classname="VAT3.FullREC_S2_NOVAT.Supplier_debitNote_3" name="GoToUrlAssertUrlPositiveEnternLOGINPositiveEnternPASSClickLoginGoToUrlAssertUrlClickAgentsP3" time="101.027"/>
  <system-out/>
</testsuite> <!-- VAT3.FullREC_S2_NOVAT.Supplier_debitNote_3 -->
