<?xml version="1.0" encoding="UTF-8"?>
<!-- Generated by org.testng.reporters.JUnitReportReporter -->
<testsuite hostname="OB-Sum" failures="0" tests="1" name="test.FlatToFlatPer.ScriptVerifyByTrialBalanceScreenshotDefaultProfile_FlatToFlatP" time="50.868" errors="0" timestamp="2022-02-06T06:55:32 IST" skipped="0">
  <testcase classname="test.FlatToFlatPer.ScriptVerifyByTrialBalanceScreenshotDefaultProfile_FlatToFlatP" name="GoToUrlAssertUrlPositiveEnterUserNamePositiveEnterPasswordClickLoginButtonGoToUrlAssertUrlCl" time="50.868"/>
  <system-out/>
</testsuite> <!-- test.FlatToFlatPer.ScriptVerifyByTrialBalanceScreenshotDefaultProfile_FlatToFlatP -->
