<?xml version="1.0" encoding="UTF-8"?>
<!-- Generated by org.testng.reporters.JUnitReportReporter -->
<testsuite hostname="OB-Sum" failures="0" tests="1" name="Test_Income.TestNewBatchEntry_TC02" time="52.681" errors="0" timestamp="2021-10-26T20:44:25 IST" skipped="0">
  <testcase classname="Test_Income.TestNewBatchEntry_TC02" name="ClickNew1ClickNewBatchEntry2PositiveEnterInvoiceDate3PositiveSelectSelectCustomer4PositiveSelecClickSaveAndAddMoreOpennewEntryTab_TC02" time="52.681"/>
  <system-out/>
</testsuite> <!-- Test_Income.TestNewBatchEntry_TC02 -->
