<?xml version="1.0" encoding="UTF-8"?>
<!-- Generated by org.testng.reporters.JUnitReportReporter -->
<testsuite hostname="OB-Sum" failures="0" tests="6" name="test.AdvanceReconcilationSTOFLAT.SaleInToReconcile_DefaultProfile" time="530.866" errors="0" timestamp="2022-02-06T06:55:29 IST" skipped="0">
  <testcase classname="test.AdvanceReconcilationSTOFLAT.SaleInToReconcile_DefaultProfile" name="GoToUrlAssertUrlPositiveEnternLOGINPositiveEnternPASSClickLoginGoToUrlAssertUrlClickAgentsP3" time="89.058"/>
  <system-out/>
  <testcase classname="test.AdvanceReconcilationSTOFLAT.SaleInToReconcile_DefaultProfile" name="GoToUrlAssertUrlPositiveEnternLOGINPositiveEnternPASSClickLoginGoToUrlAssertUrlClickAgentsP4" time="87.031"/>
  <system-out/>
  <testcase classname="test.AdvanceReconcilationSTOFLAT.SaleInToReconcile_DefaultProfile" name="GoToUrlAssertUrlPositiveEnternLOGINPositiveEnternPASSClickLoginGoToUrlAssertUrlClickAgentsP5" time="85.560"/>
  <system-out/>
  <testcase classname="test.AdvanceReconcilationSTOFLAT.SaleInToReconcile_DefaultProfile" name="GoToUrlAssertUrlPositiveEnternLOGINPositiveEnternPASSClickLoginGoToUrlAssertUrlClickAgentsP2" time="91.122"/>
  <system-out/>
  <testcase classname="test.AdvanceReconcilationSTOFLAT.SaleInToReconcile_DefaultProfile" name="GoToUrlAssertUrlPositiveEnternLOGINPositiveEnternPASSClickLoginGoToUrlAssertUrlClickAgentsP1" time="86.609"/>
  <system-out/>
  <testcase classname="test.AdvanceReconcilationSTOFLAT.SaleInToReconcile_DefaultProfile" name="GoToUrlAssertUrlPositiveEnternLOGINPositiveEnternPASSClickLoginGoToUrlAssertUrlClickAgentsP6" time="91.486"/>
  <system-out/>
</testsuite> <!-- test.AdvanceReconcilationSTOFLAT.SaleInToReconcile_DefaultProfile -->
