<?xml version="1.0" encoding="UTF-8"?>
<!-- Generated by org.testng.reporters.JUnitReportReporter -->
<testsuite hostname="OB-Sum" failures="0" tests="1" name="VATPhase3_Banking_ToSale.Script_FlatToStand_VATReturn2stVATReturnReport_DefaultProfile_2" time="74.946" errors="0" timestamp="2022-02-06T06:55:31 IST" skipped="0">
  <testcase classname="VATPhase3_Banking_ToSale.Script_FlatToStand_VATReturn2stVATReturnReport_DefaultProfile_2" name="GoToUrlAssertUrlPositiveEnterUserNamePositiveEnterPasswordClickLoginButtonGoToUrlAssertUrlCl" time="74.946"/>
  <system-out/>
</testsuite> <!-- VATPhase3_Banking_ToSale.Script_FlatToStand_VATReturn2stVATReturnReport_DefaultProfile_2 -->
