<?xml version="1.0" encoding="UTF-8"?>
<!-- Generated by org.testng.reporters.JUnitReportReporter -->
<testsuite hostname="OB-Sum" failures="0" tests="2" name="tests.BalanceSheet_Bf.TC_50_BSBFCreditorDueWithinYear20402080_DefaultProfile" time="327.286" errors="0" timestamp="2022-03-03T17:00:06 IST" skipped="0">
  <testcase classname="tests.BalanceSheet_Bf.TC_50_BSBFCreditorDueWithinYear20402080_DefaultProfile" name="GoToUrlAssertUrlPositiveEnternLOGINPositiveEnternPASSClickLoginGoToUrlAssertUrlClickAgentsP1" time="192.450"/>
  <system-out>
    <![CDATA[Accounting Period Status : Account UnClosed 
Accounting Period Status : Account UnLocked
ledger 1 entered :2040 - Hire Purchases
ledger 2 entered :2050 - Payments Received on Account
ledger 3 entered :2070 - Bills of Exchange Payable
ledger 4 entered :2080 - Adjustment Account
ledger 5 entered :1400 - Default Bank
Accounting Period Status :- Account period closed
Ledger code verified: Hire Purchases
Amount enter verified: 1,000.00
Ledger code verified: Payments Received on Account
Amount enter verified: 1,100.00
Ledger code verified: Bills of Exchange Payable
Amount enter verified: 1,200.00
Ledger code verified: Adjustment Account
Amount enter verified: 1,300.00
Enteries are Verified on Balance Sheet Report page :]]>
  </system-out>
  <testcase classname="tests.BalanceSheet_Bf.TC_50_BSBFCreditorDueWithinYear20402080_DefaultProfile" name="GoToUrlAssertUrlPositiveEnternLOGINPositiveEnternPASSClickLoginGoToUrlAssertUrlClickAgentsP3" time="134.836"/>
  <system-out>
    <![CDATA[Accounting Period Status : Account UnClosed 
Accounting Period Status : Account UnLocked
Accounting Period Status :- Account period closed]]>
  </system-out>
</testsuite> <!-- tests.BalanceSheet_Bf.TC_50_BSBFCreditorDueWithinYear20402080_DefaultProfile -->
