<?xml version="1.0" encoding="UTF-8"?>
<!-- Generated by org.testng.reporters.JUnitReportReporter -->
<testsuite hostname="OB-Sum" failures="0" tests="3" name="Test_Trial_Balance_RE_Jour_Bank_Supp_3.TC_7_3_BS_FixedAsset_220_To_229_With_Journal_Bank_Supplier" time="442.997" errors="0" timestamp="2022-01-05T18:45:58 IST" skipped="0">
  <testcase classname="Test_Trial_Balance_RE_Jour_Bank_Supp_3.TC_7_3_BS_FixedAsset_220_To_229_With_Journal_Bank_Supplier" name="GoToUrlAssertUrlPositiveEnternLOGINPositiveEnternPASSClickLoginGoToUrlAssertUrlClickAgentsP3" time="184.830"/>
  <system-out/>
  <testcase classname="Test_Trial_Balance_RE_Jour_Bank_Supp_3.TC_7_3_BS_FixedAsset_220_To_229_With_Journal_Bank_Supplier" name="GoToUrlAssertUrlPositiveEnternLOGINPositiveEnternPASSClickLoginGoToUrlAssertUrlClickAgentsP2" time="196.136"/>
  <system-out/>
  <testcase classname="Test_Trial_Balance_RE_Jour_Bank_Supp_3.TC_7_3_BS_FixedAsset_220_To_229_With_Journal_Bank_Supplier" name="GoToUrlAssertUrlPositiveEnternLOGINPositiveEnternPASSClickLoginGoToUrlAssertUrlClickAgentsP1" time="62.031"/>
  <system-out>
    <![CDATA[ledger 1 entered :220 - Long Leasehold Properties Cost B/Fwd
ledger 2 entered :221 - Long Leasehold Properties Additions
ledger 3 entered :222 - Long Leasehold Properties Disposals
ledger 4 entered :223 - Long Leasehold Properties Revaluations
ledger 5 entered :224 - Long Leasehold Properties Transfers
ledger 5 entered :225 - Long Leasehold Properties Depreciation B/Fwd
ledger 7 entered :226 - Long Leasehold Properties Depreciation Disposal
ledger 8 entered :227 - Long Leasehold Properties Depreciation Revaluations
ledger 9 entered :228 - Long Leasehold Properties Depreciation Transfers
ledger 10 entered :229 - Long Leasehold Properties Depreciation Charge
Ledger code verified: Long Leasehold Properties Cost B/Fwd
Amount enter verified: 1,000.00
Ledger code verified: Long Leasehold Properties Additions
Amount enter verified: 1,000.00
Ledger code verified: Long Leasehold Properties Disposals
Amount enter verified: 1,000.00
Ledger code verified: Long Leasehold Properties Revaluations
Amount enter verified: 1,000.00
Ledger code verified: Long Leasehold Properties Transfers
Amount enter verified: 1,000.00
Ledger code verified: Long Leasehold Properties Depreciation B/Fwd
Amount enter verified: 1,000.00
Ledger code verified: Long Leasehold Properties Depreciation Disposal
Amount enter verified: 1,000.00
Ledger code verified: Long Leasehold Properties Depreciation Revaluations
Amount enter verified: 1,000.00
Ledger code verified: Long Leasehold Properties Depreciation Transfers
Amount enter verified: 1,000.00
Ledger code verified: Long Leasehold Properties Depreciation Charge
Amount enter verified: (9,000.00)
Enteries are Verified on Balance Sheet Report page :]]>
  </system-out>
</testsuite> <!-- Test_Trial_Balance_RE_Jour_Bank_Supp_3.TC_7_3_BS_FixedAsset_220_To_229_With_Journal_Bank_Supplier -->
