<?xml version="1.0" encoding="UTF-8"?>
<!-- Generated by org.testng.reporters.JUnitReportReporter -->
<testsuite hostname="OB-Sum" failures="0" tests="3" name="Test_Trial_Balance_Report.Test_MultiLedgerCode_ValuesUnderExpensHhead_" time="231.313" errors="0" timestamp="2021-12-20T17:05:47 IST" skipped="0">
  <testcase classname="Test_Trial_Balance_Report.Test_MultiLedgerCode_ValuesUnderExpensHhead_" name="GoToUrlAssertUrlPositiveEnternLOGINPositiveEnternPASSClickLoginGoToUrlAssertUrlClickAgentsP2" time="74.056"/>
  <system-out/>
  <testcase classname="Test_Trial_Balance_Report.Test_MultiLedgerCode_ValuesUnderExpensHhead_" name="GoToUrlAssertUrlPositiveEnternLOGINPositiveEnternPASSClickLoginGoToUrlAssertUrlClickAgentsP1" time="81.220"/>
  <system-out/>
  <testcase classname="Test_Trial_Balance_Report.Test_MultiLedgerCode_ValuesUnderExpensHhead_" name="GoToUrlAssertUrlPositiveEnternLOGINPositiveEnternPASSClickLoginGoToUrlAssertUrlClickAgentsP3" time="76.037"/>
  <system-out/>
</testsuite> <!-- Test_Trial_Balance_Report.Test_MultiLedgerCode_ValuesUnderExpensHhead_ -->
