<?xml version="1.0" encoding="UTF-8"?>
<!-- Generated by org.testng.reporters.JUnitReportReporter -->
<testsuite hostname="OB-Sum" failures="0" tests="3" name="Test_Trial_Balance_RE_Jour_Bank_Supp_3.TC_43_3_BS_TradeCreditors_2060_1103_With_Journal_Bank_Supplier" time="220.492" errors="0" timestamp="2022-01-18T16:59:19 IST" skipped="0">
  <testcase classname="Test_Trial_Balance_RE_Jour_Bank_Supp_3.TC_43_3_BS_TradeCreditors_2060_1103_With_Journal_Bank_Supplier" name="GoToUrlAssertUrlPositiveEnternLOGINPositiveEnternPASSClickLoginGoToUrlAssertUrlClickAgentsP3" time="75.976"/>
  <system-out/>
  <testcase classname="Test_Trial_Balance_RE_Jour_Bank_Supp_3.TC_43_3_BS_TradeCreditors_2060_1103_With_Journal_Bank_Supplier" name="GoToUrlAssertUrlPositiveEnternLOGINPositiveEnternPASSClickLoginGoToUrlAssertUrlClickAgentsP2" time="74.622"/>
  <system-out/>
  <testcase classname="Test_Trial_Balance_RE_Jour_Bank_Supp_3.TC_43_3_BS_TradeCreditors_2060_1103_With_Journal_Bank_Supplier" name="GoToUrlAssertUrlPositiveEnternLOGINPositiveEnternPASSClickLoginGoToUrlAssertUrlClickAgentsP1" time="69.894"/>
  <system-out>
    <![CDATA[ledger 1 entered :10 - Intangible Assets Cost B/Fwd
ledger 2 entered :2060 - Default Supplier
Ledger code verified: Intangible Assets Cost B/Fwd
Ledger code verified: Default Supplier
Enteries are Verified on Balance Sheet Report page :]]>
  </system-out>
</testsuite> <!-- Test_Trial_Balance_RE_Jour_Bank_Supp_3.TC_43_3_BS_TradeCreditors_2060_1103_With_Journal_Bank_Supplier -->
