<?xml version="1.0" encoding="UTF-8"?>
<!-- Generated by org.testng.reporters.JUnitReportReporter -->
<testsuite hostname="OB-Sum" failures="0" tests="1" name="test.PartialReconcilationforOnlyFlatthroughJournalEntry.ScriptEditSettingToVATType_DefaultProfile" time="60.847" errors="0" timestamp="2022-02-06T06:55:37 IST" skipped="0">
  <testcase classname="test.PartialReconcilationforOnlyFlatthroughJournalEntry.ScriptEditSettingToVATType_DefaultProfile" name="GoToUrlAssertUrlPositiveEnterUserNamePositiveEnterPasswordClickLoginButtonGoToUrlAssertUrlCl2" time="60.847"/>
  <system-out/>
</testsuite> <!-- test.PartialReconcilationforOnlyFlatthroughJournalEntry.ScriptEditSettingToVATType_DefaultProfile -->
