<?xml version="1.0" encoding="UTF-8"?>
<!-- Generated by org.testng.reporters.JUnitReportReporter -->
<testsuite hostname="OB-Yogesh" failures="0" tests="2" name="test.AdvanceReconcilationFLATTOSTAND.ScriptVATReturn3stVATReturnReport_SToFlat_DefaultProfile" time="116.224" errors="0" timestamp="2021-04-07T07:31:07 IST" skipped="0">
  <testcase classname="test.AdvanceReconcilationFLATTOSTAND.ScriptVATReturn3stVATReturnReport_SToFlat_DefaultProfile" name="GoToUrlAssertUrlPositiveEnterUserNamePositiveEnterPasswordClickLoginButtonGoToUrlAssertUrlCl" time="53.757"/>
  <system-out/>
  <testcase classname="test.AdvanceReconcilationFLATTOSTAND.ScriptVATReturn3stVATReturnReport_SToFlat_DefaultProfile" name="GoToUrlAssertUrlPositiveEnterUserNamePositiveEnterPasswordClickLoginButtonGoToUrlAssertUrlCl" time="62.467"/>
  <system-out/>
</testsuite> <!-- test.AdvanceReconcilationFLATTOSTAND.ScriptVATReturn3stVATReturnReport_SToFlat_DefaultProfile -->
