<?xml version="1.0" encoding="UTF-8"?>
<!-- Generated by org.testng.reporters.JUnitReportReporter -->
<testsuite hostname="OB-Yogesh" failures="0" tests="1" name="tests.NewScripWithVATType_DefaultProfile" time="84.567" errors="0" timestamp="2021-01-19T20:36:44 IST" skipped="0">
  <testcase classname="tests.NewScripWithVATType_DefaultProfile" name="GoToUrlAssertUrlPositiveEnterUserNamePositiveEnterPasswordClickLoginButtonGoToUrlAssertUrlCl1" time="84.567"/>
  <system-out/>
</testsuite> <!-- tests.NewScripWithVATType_DefaultProfile -->
