<?xml version="1.0" encoding="UTF-8"?>
<!-- Generated by org.testng.reporters.JUnitReportReporter -->
<testsuite hostname="OB-Sum" failures="0" tests="9" name="tests.Bank_Multicurrency.tr_Standard_Schem_Spent" time="488.779" errors="0" timestamp="2021-12-02T22:08:54 IST" skipped="0">
  <testcase classname="tests.Bank_Multicurrency.tr_Standard_Schem_Spent" name="nidbanktrnGoToUrlAssertUrlPositiveEnternLOGINPositiveEnternPASSClickLoginGoToUrlAssertUrlCl5" time="57.050"/>
  <system-out/>
  <testcase classname="tests.Bank_Multicurrency.tr_Standard_Schem_Spent" name="nidbanktrnGoToUrlAssertUrlPositiveEnternLOGINPositiveEnternPASSClickLoginGoToUrlAssertUrlCl9" time="54.407"/>
  <system-out/>
  <testcase classname="tests.Bank_Multicurrency.tr_Standard_Schem_Spent" name="nidbanktrnGoToUrlAssertUrlPositiveEnternLOGINPositiveEnternPASSClickLoginGoToUrlAssertUrlC_setting" time="37.871"/>
  <system-out/>
  <testcase classname="tests.Bank_Multicurrency.tr_Standard_Schem_Spent" name="nidbanktrnGoToUrlAssertUrlPositiveEnternLOGINPositiveEnternPASSClickLoginGoToUrlAssertUrlCl2" time="56.879"/>
  <system-out/>
  <testcase classname="tests.Bank_Multicurrency.tr_Standard_Schem_Spent" name="nidbanktrnGoToUrlAssertUrlPositiveEnternLOGINPositiveEnternPASSClickLoginGoToUrlAssertUrlCl7" time="56.115"/>
  <system-out/>
  <testcase classname="tests.Bank_Multicurrency.tr_Standard_Schem_Spent" name="nidbanktrnGoToUrlAssertUrlPositiveEnternLOGINPositiveEnternPASSClickLoginGoToUrlAssertUrlCl1" time="56.875"/>
  <system-out/>
  <testcase classname="tests.Bank_Multicurrency.tr_Standard_Schem_Spent" name="nidbanktrnGoToUrlAssertUrlPositiveEnternLOGINPositiveEnternPASSClickLoginGoToUrlAssertUrlCl8" time="53.404"/>
  <system-out/>
  <testcase classname="tests.Bank_Multicurrency.tr_Standard_Schem_Spent" name="nidbanktrnGoToUrlAssertUrlPositiveEnternLOGINPositiveEnternPASSClickLoginGoToUrlAssertUrlCl6" time="57.300"/>
  <system-out/>
  <testcase classname="tests.Bank_Multicurrency.tr_Standard_Schem_Spent" name="nidbanktrnGoToUrlAssertUrlPositiveEnternLOGINPositiveEnternPASSClickLoginGoToUrlAssertUrlCl3" time="58.878"/>
  <system-out/>
</testsuite> <!-- tests.Bank_Multicurrency.tr_Standard_Schem_Spent -->
