<?xml version="1.0" encoding="UTF-8"?>
<!-- Generated by org.testng.reporters.JUnitReportReporter -->
<testsuite hostname="OB-Sum" failures="0" tests="1" name="test.ashiv.SubcontractorBill_DefaultProfile" time="75.454" errors="0" timestamp="2021-11-11T17:36:10 IST" skipped="0">
  <testcase classname="test.ashiv.SubcontractorBill_DefaultProfile" name="GoToUrlAssertUrlPositiveEnterUserNamePositiveEnterPasswordClickLoginButtonGoToUrlAssertAgentClientBusinessExpenditure_NewSubcontrator_SaveBtnSuccessMessageScreenWithInvoiceNumRecallLastTrnschangeBillNum" time="75.454"/>
  <system-out/>
</testsuite> <!-- test.ashiv.SubcontractorBill_DefaultProfile -->
