<?xml version="1.0" encoding="UTF-8"?>
<!-- Generated by org.testng.reporters.JUnitReportReporter -->
<testsuite hostname="OB-Sum" failures="0" tests="6" name="tests.Script_Invoice_SToNOVAT_DefaultProfile" time="369.331" errors="0" timestamp="2022-02-06T06:55:30 IST" skipped="0">
  <testcase classname="tests.Script_Invoice_SToNOVAT_DefaultProfile" name="GoToUrlAssertUrlPositiveEnterUserNamePositiveEnterPasswordClickLoginButtonGoToUrlAssertUrlCl2" time="60.825"/>
  <system-out/>
  <testcase classname="tests.Script_Invoice_SToNOVAT_DefaultProfile" name="GoToUrlAssertUrlPositiveEnterUserNamePositiveEnterPasswordClickLoginButtonGoToUrlAssertUrlCl5" time="61.973"/>
  <system-out/>
  <testcase classname="tests.Script_Invoice_SToNOVAT_DefaultProfile" name="GoToUrlAssertUrlPositiveEnterUserNamePositiveEnterPasswordClickLoginButtonGoToUrlAssertUrlCl6" time="63.241"/>
  <system-out/>
  <testcase classname="tests.Script_Invoice_SToNOVAT_DefaultProfile" name="GoToUrlAssertUrlPositiveEnterUserNamePositiveEnterPasswordClickLoginButtonGoToUrlAssertUrlCl3" time="60.991"/>
  <system-out/>
  <testcase classname="tests.Script_Invoice_SToNOVAT_DefaultProfile" name="GoToUrlAssertUrlPositiveEnterUserNamePositiveEnterPasswordClickLoginButtonGoToUrlAssertUrlCl4" time="60.023"/>
  <system-out/>
  <testcase classname="tests.Script_Invoice_SToNOVAT_DefaultProfile" name="GoToUrlAssertUrlPositiveEnterUserNamePositiveEnterPasswordClickLoginButtonGoToUrlAssertUrlCl1" time="62.278"/>
  <system-out/>
</testsuite> <!-- tests.Script_Invoice_SToNOVAT_DefaultProfile -->
