<?xml version="1.0" encoding="UTF-8"?>
<!-- Generated by org.testng.reporters.JUnitReportReporter -->
<testsuite hostname="OB-Sum" failures="0" tests="6" name="test.FlatToFlatPer.Script_Invoice_FlatToFlatP_DefaultProfile" time="350.165" errors="0" timestamp="2021-12-09T11:24:14 IST" skipped="0">
  <testcase classname="test.FlatToFlatPer.Script_Invoice_FlatToFlatP_DefaultProfile" name="GoToUrlAssertUrlPositiveEnterUserNamePositiveEnterPasswordClickLoginButtonGoToUrlAssertUrlCl6" time="57.236"/>
  <system-out/>
  <testcase classname="test.FlatToFlatPer.Script_Invoice_FlatToFlatP_DefaultProfile" name="GoToUrlAssertUrlPositiveEnterUserNamePositiveEnterPasswordClickLoginButtonGoToUrlAssertUrlCl1" time="57.294"/>
  <system-out/>
  <testcase classname="test.FlatToFlatPer.Script_Invoice_FlatToFlatP_DefaultProfile" name="GoToUrlAssertUrlPositiveEnterUserNamePositiveEnterPasswordClickLoginButtonGoToUrlAssertUrlCl3" time="58.694"/>
  <system-out/>
  <testcase classname="test.FlatToFlatPer.Script_Invoice_FlatToFlatP_DefaultProfile" name="GoToUrlAssertUrlPositiveEnterUserNamePositiveEnterPasswordClickLoginButtonGoToUrlAssertUrlCl2" time="57.941"/>
  <system-out/>
  <testcase classname="test.FlatToFlatPer.Script_Invoice_FlatToFlatP_DefaultProfile" name="GoToUrlAssertUrlPositiveEnterUserNamePositiveEnterPasswordClickLoginButtonGoToUrlAssertUrlCl5" time="61.806"/>
  <system-out/>
  <testcase classname="test.FlatToFlatPer.Script_Invoice_FlatToFlatP_DefaultProfile" name="GoToUrlAssertUrlPositiveEnterUserNamePositiveEnterPasswordClickLoginButtonGoToUrlAssertUrlCl4" time="57.194"/>
  <system-out/>
</testsuite> <!-- test.FlatToFlatPer.Script_Invoice_FlatToFlatP_DefaultProfile -->
