<?xml version="1.0" encoding="UTF-8"?>
<!-- Generated by org.testng.reporters.JUnitReportReporter -->
<testsuite hostname="OB-Yogesh" failures="0" tests="1" name="VAT3_ExpenseReimbFullyReconcile.ScriptVATReturn2stVATReturnReport_SToFRS_DefaultProfile_3" time="75.671" errors="0" timestamp="2021-05-26T19:46:40 IST" skipped="0">
  <testcase classname="VAT3_ExpenseReimbFullyReconcile.ScriptVATReturn2stVATReturnReport_SToFRS_DefaultProfile_3" name="GoToUrlAssertUrlPositiveEnterUserNamePositiveEnterPasswordClickLoginButtonGoToUrlAssertUrlCl" time="75.671"/>
  <system-out/>
</testsuite> <!-- VAT3_ExpenseReimbFullyReconcile.ScriptVATReturn2stVATReturnReport_SToFRS_DefaultProfile_3 -->
