<?xml version="1.0" encoding="UTF-8"?>
<!-- Generated by org.testng.reporters.JUnitReportReporter -->
<testsuite hostname="OB-Sum" failures="0" tests="2" name="tests.BalanceSheet_Bf.TC_36_BSBFDebtor14011420_DefaultProfile_JB" time="250.281" errors="0" timestamp="2022-03-03T17:00:05 IST" skipped="0">
  <testcase classname="tests.BalanceSheet_Bf.TC_36_BSBFDebtor14011420_DefaultProfile_JB" name="GoToUrlAssertUrlPositiveEnternLOGINPositiveEnternPASSClickLoginGoToUrlAssertUrlClickAgentsP1" time="143.717"/>
  <system-out>
    <![CDATA[Accounting Period Status : Account UnClosed 
Accounting Period Status : Account UnLocked
ledger 1 entered :1401 - Unprocessed Transactions
ledger 2 entered :1402 - Unbanked Cheques
ledger 3 entered :1420 - Petty Cash
ledger 4 entered :1400 - Default Bank
Accounting Period Status :- Account period closed
Ledger code verified: Unprocessed Transactions
Amount enter verified: 1,000.00
Ledger code verified: Unbanked Cheques
Amount enter verified: 1,100.00
Ledger code verified: Petty Cash
Amount enter verified: 1,200.00
Enteries are Verified on Balance Sheet Report page :
Ledger code verified: Unprocessed Transactions
Amount enter verified: 1,000.00
Ledger code verified: Unbanked Cheques
Amount enter verified: 1,100.00
Ledger code verified: Petty Cash
Amount enter verified: 1,200.00
Enteries are Verified on Balance Sheet Report page :]]>
  </system-out>
  <testcase classname="tests.BalanceSheet_Bf.TC_36_BSBFDebtor14011420_DefaultProfile_JB" name="GoToUrlAssertUrlPositiveEnternLOGINPositiveEnternPASSClickLoginGoToUrlAssertUrlClickAgentsP3" time="106.564"/>
  <system-out>
    <![CDATA[Accounting Period Status : Account UnClosed 
Accounting Period Status : Account UnLocked
Accounting Period Status :- Account period closed]]>
  </system-out>
</testsuite> <!-- tests.BalanceSheet_Bf.TC_36_BSBFDebtor14011420_DefaultProfile_JB -->
