<?xml version="1.0" encoding="UTF-8"?>
<!-- Generated by org.testng.reporters.JUnitReportReporter -->
<testsuite hostname="OB-Sum" failures="0" tests="1" name="ExpenceRemSToFlat.ScriptStandardToFlat_DefaultProfile" time="63.392" errors="0" timestamp="2022-02-06T06:55:36 IST" skipped="0">
  <testcase classname="ExpenceRemSToFlat.ScriptStandardToFlat_DefaultProfile" name="GoToUrlAssertUrlPositiveEnterUserNamePositiveEnterPasswordClickLoginButtonGoToUrlAssertUrlCl1" time="63.392"/>
  <system-out/>
</testsuite> <!-- ExpenceRemSToFlat.ScriptStandardToFlat_DefaultProfile -->
