<?xml version="1.0" encoding="UTF-8"?>
<!-- Generated by org.testng.reporters.JUnitReportReporter -->
<testsuite hostname="OB-Sum" failures="0" tests="3" name="Test_Trial_Balance_RE_Jour_Bank_Supp.TC_84_3_ExpenseHead_7525_7011__JournalEntry_Bank_Supplier" time="229.935" errors="0" timestamp="2021-12-30T15:36:05 IST" skipped="0">
  <testcase classname="Test_Trial_Balance_RE_Jour_Bank_Supp.TC_84_3_ExpenseHead_7525_7011__JournalEntry_Bank_Supplier" name="GoToUrlAssertUrlPositiveEnternLOGINPositiveEnternPASSClickLoginGoToUrlAssertUrlClickAgentsP1" time="75.266"/>
  <system-out/>
  <testcase classname="Test_Trial_Balance_RE_Jour_Bank_Supp.TC_84_3_ExpenseHead_7525_7011__JournalEntry_Bank_Supplier" name="GoToUrlAssertUrlPositiveEnternLOGINPositiveEnternPASSClickLoginGoToUrlAssertUrlClickAgentsP2" time="72.911"/>
  <system-out/>
  <testcase classname="Test_Trial_Balance_RE_Jour_Bank_Supp.TC_84_3_ExpenseHead_7525_7011__JournalEntry_Bank_Supplier" name="GoToUrlAssertUrlPositiveEnternLOGINPositiveEnternPASSClickLoginGoToUrlAssertUrlClickAgentsP3" time="81.758"/>
  <system-out/>
</testsuite> <!-- Test_Trial_Balance_RE_Jour_Bank_Supp.TC_84_3_ExpenseHead_7525_7011__JournalEntry_Bank_Supplier -->
