<?xml version="1.0" encoding="UTF-8"?>
<!-- Generated by org.testng.reporters.JUnitReportReporter -->
<testsuite hostname="OB-Yogesh" failures="0" tests="1" name="VATPhase3.ScriptFlatToFlatP_FlatToNoVAT_DefaultProfile_3" time="49.279" errors="0" timestamp="2021-05-06T00:22:12 IST" skipped="0">
  <testcase classname="VATPhase3.ScriptFlatToFlatP_FlatToNoVAT_DefaultProfile_3" name="GoToUrlAssertUrlPositiveEnterUserNamePositiveEnterPasswordClickLoginButtonGoToUrlAssertUrlCl1" time="49.279"/>
  <system-out/>
</testsuite> <!-- VATPhase3.ScriptFlatToFlatP_FlatToNoVAT_DefaultProfile_3 -->
