<?xml version="1.0" encoding="UTF-8"?>
<!-- Generated by org.testng.reporters.JUnitReportReporter -->
<testsuite hostname="OB-Yogesh" failures="0" tests="1" name="VAT3_ExpenseReimbReconcilesubmitVAT.ScriptPostVATReturn3stVATReturnReport_DefaultProfile_1" time="53.710" errors="0" timestamp="2021-05-20T17:48:09 IST" skipped="0">
  <testcase classname="VAT3_ExpenseReimbReconcilesubmitVAT.ScriptPostVATReturn3stVATReturnReport_DefaultProfile_1" name="GoToUrlAssertUrlPositiveEnterUserNamePositiveEnterPasswordClickLoginButtonGoToUrlAssertUrlCl" time="53.710"/>
  <system-out/>
</testsuite> <!-- VAT3_ExpenseReimbReconcilesubmitVAT.ScriptPostVATReturn3stVATReturnReport_DefaultProfile_1 -->
