<?xml version="1.0" encoding="UTF-8"?>
<!-- Generated by org.testng.reporters.JUnitReportReporter -->
<testsuite hostname="OB-Sum" failures="0" tests="1" name="test.FlatToStandard.ScriptVerifyNewAddedRecord_FlatToStandard_DefaultProfile" time="73.661" errors="0" timestamp="2022-02-06T06:55:33 IST" skipped="0">
  <testcase classname="test.FlatToStandard.ScriptVerifyNewAddedRecord_FlatToStandard_DefaultProfile" name="GoToUrlAssertUrlPositiveEnterUserNamePositiveEnterPasswordClickLoginButtonGoToUrlAssertUrlCl" time="73.661"/>
  <system-out/>
</testsuite> <!-- test.FlatToStandard.ScriptVerifyNewAddedRecord_FlatToStandard_DefaultProfile -->
