<?xml version="1.0" encoding="UTF-8"?>
<!-- Generated by org.testng.reporters.JUnitReportReporter -->
<testsuite hostname="OB-Sum" failures="0" tests="2" name="Test_Trial_Balance_RE_Jour_Bank_Supp.TC_58_3_FixedAsset_230_239__JournalEntry_Bank_Supplier" time="156.288" errors="0" timestamp="2021-12-30T16:41:49 IST" skipped="0">
  <testcase classname="Test_Trial_Balance_RE_Jour_Bank_Supp.TC_58_3_FixedAsset_230_239__JournalEntry_Bank_Supplier" name="GoToUrlAssertUrlPositiveEnternLOGINPositiveEnternPASSClickLoginGoToUrlAssertUrlClickAgentsP3" time="88.595"/>
  <system-out/>
  <testcase classname="Test_Trial_Balance_RE_Jour_Bank_Supp.TC_58_3_FixedAsset_230_239__JournalEntry_Bank_Supplier" name="GoToUrlAssertUrlPositiveEnternLOGINPositiveEnternPASSClickLoginGoToUrlAssertUrlClickAgentsP2" time="67.693"/>
  <system-out/>
</testsuite> <!-- Test_Trial_Balance_RE_Jour_Bank_Supp.TC_58_3_FixedAsset_230_239__JournalEntry_Bank_Supplier -->
