<?xml version="1.0" encoding="UTF-8"?>
<!-- Generated by org.testng.reporters.JUnitReportReporter -->
<testsuite hostname="OB-Sum" failures="0" tests="6" name="VAT3_InvoiceFullyReconcile.SaleInToFullyReconcile_DefaultProfile_2" time="446.722" errors="0" timestamp="2021-11-15T15:05:45 IST" skipped="0">
  <testcase classname="VAT3_InvoiceFullyReconcile.SaleInToFullyReconcile_DefaultProfile_2" name="GoToUrlAssertUrlPositiveEnternLOGINPositiveEnternPASSClickLoginGoToUrlAssertUrlClickAgentsP1" time="79.445"/>
  <system-out/>
  <testcase classname="VAT3_InvoiceFullyReconcile.SaleInToFullyReconcile_DefaultProfile_2" name="GoToUrlAssertUrlPositiveEnternLOGINPositiveEnternPASSClickLoginGoToUrlAssertUrlClickAgentsP3" time="74.619"/>
  <system-out/>
  <testcase classname="VAT3_InvoiceFullyReconcile.SaleInToFullyReconcile_DefaultProfile_2" name="GoToUrlAssertUrlPositiveEnternLOGINPositiveEnternPASSClickLoginGoToUrlAssertUrlClickAgentsP4" time="74.842"/>
  <system-out/>
  <testcase classname="VAT3_InvoiceFullyReconcile.SaleInToFullyReconcile_DefaultProfile_2" name="GoToUrlAssertUrlPositiveEnternLOGINPositiveEnternPASSClickLoginGoToUrlAssertUrlClickAgentsP2" time="75.237"/>
  <system-out/>
  <testcase classname="VAT3_InvoiceFullyReconcile.SaleInToFullyReconcile_DefaultProfile_2" name="GoToUrlAssertUrlPositiveEnternLOGINPositiveEnternPASSClickLoginGoToUrlAssertUrlClickAgentsP5" time="70.799"/>
  <system-out/>
  <testcase classname="VAT3_InvoiceFullyReconcile.SaleInToFullyReconcile_DefaultProfile_2" name="GoToUrlAssertUrlPositiveEnternLOGINPositiveEnternPASSClickLoginGoToUrlAssertUrlClickAgentsP6" time="71.780"/>
  <system-out/>
</testsuite> <!-- VAT3_InvoiceFullyReconcile.SaleInToFullyReconcile_DefaultProfile_2 -->
