<?xml version="1.0" encoding="UTF-8"?>
<!-- Generated by org.testng.reporters.JUnitReportReporter -->
<testsuite hostname="OB-Sum" failures="0" tests="1" name="Test_AS_Advance_Reconcilation.Test_Full_Supplier_Reconciled_With_DebitNote" time="46.833" errors="0" timestamp="2021-11-08T22:47:13 IST" skipped="0">
  <testcase classname="Test_AS_Advance_Reconcilation.Test_Full_Supplier_Reconciled_With_DebitNote" name="GoToUrlAssertUrlPositiveEnternLOGINPositiveEnternPASSClickLoginGoToUrlAssertUrlClickAgentsCreateSupplierBankTrnsAndAdvanceReconcilationTC01" time="46.833"/>
  <system-out/>
</testsuite> <!-- Test_AS_Advance_Reconcilation.Test_Full_Supplier_Reconciled_With_DebitNote -->
