<?xml version="1.0" encoding="UTF-8"?>
<!-- Generated by org.testng.reporters.JUnitReportReporter -->
<testsuite hostname="OB-Sum" failures="0" tests="2" name="Supplier_FRSToFRSP.ScriptVATOnlyBill_FRSToStandard_DefaultProfile" time="110.598" errors="0" timestamp="2021-12-19T01:41:02 IST" skipped="0">
  <testcase classname="Supplier_FRSToFRSP.ScriptVATOnlyBill_FRSToStandard_DefaultProfile" name="GoToUrlAssertUrlPositiveEnterUserNamePositiveEnterPasswordClickLoginButtonGoToUrlAssertUrlCl2" time="55.270"/>
  <system-out/>
  <testcase classname="Supplier_FRSToFRSP.ScriptVATOnlyBill_FRSToStandard_DefaultProfile" name="GoToUrlAssertUrlPositiveEnterUserNamePositiveEnterPasswordClickLoginButtonGoToUrlAssertUrlCl1" time="55.328"/>
  <system-out/>
</testsuite> <!-- Supplier_FRSToFRSP.ScriptVATOnlyBill_FRSToStandard_DefaultProfile -->
