<?xml version="1.0" encoding="UTF-8"?>
<!-- Generated by org.testng.reporters.JUnitReportReporter -->
<testsuite hostname="OB-Sum" failures="0" tests="6" name="VAT3.FullREC_F2_NOVAT.Supplier_ReconcileForDebitNote3" time="613.994" errors="0" timestamp="2021-12-20T15:02:00 IST" skipped="0">
  <testcase classname="VAT3.FullREC_F2_NOVAT.Supplier_ReconcileForDebitNote3" name="GoToUrlAssertUrlPositiveEnternLOGINPositiveEnternPASSClickLoginGoToUrlAssertUrlClickAgentsP2" time="105.981"/>
  <system-out/>
  <testcase classname="VAT3.FullREC_F2_NOVAT.Supplier_ReconcileForDebitNote3" name="GoToUrlAssertUrlPositiveEnternLOGINPositiveEnternPASSClickLoginGoToUrlAssertUrlClickAgentsP3" time="101.816"/>
  <system-out/>
  <testcase classname="VAT3.FullREC_F2_NOVAT.Supplier_ReconcileForDebitNote3" name="GoToUrlAssertUrlPositiveEnternLOGINPositiveEnternPASSClickLoginGoToUrlAssertUrlClickAgentsP4" time="99.566"/>
  <system-out/>
  <testcase classname="VAT3.FullREC_F2_NOVAT.Supplier_ReconcileForDebitNote3" name="GoToUrlAssertUrlPositiveEnternLOGINPositiveEnternPASSClickLoginGoToUrlAssertUrlClickAgentsP5" time="103.735"/>
  <system-out/>
  <testcase classname="VAT3.FullREC_F2_NOVAT.Supplier_ReconcileForDebitNote3" name="GoToUrlAssertUrlPositiveEnternLOGINPositiveEnternPASSClickLoginGoToUrlAssertUrlClickAgentsP6" time="102.054"/>
  <system-out/>
  <testcase classname="VAT3.FullREC_F2_NOVAT.Supplier_ReconcileForDebitNote3" name="GoToUrlAssertUrlPositiveEnternLOGINPositiveEnternPASSClickLoginGoToUrlAssertUrlClickAgentsP1" time="100.842"/>
  <system-out/>
</testsuite> <!-- VAT3.FullREC_F2_NOVAT.Supplier_ReconcileForDebitNote3 -->
