<?xml version="1.0" encoding="UTF-8"?>
<!-- Generated by org.testng.reporters.JUnitReportReporter -->
<testsuite hostname="OB-Yogesh" failures="0" tests="1" name="test.AdvanceReconcilationSTOFLAT.ScriptFlatToFlatPercentage_DefaultProfile" time="67.569" errors="0" timestamp="2021-04-08T10:36:55 IST" skipped="0">
  <testcase classname="test.AdvanceReconcilationSTOFLAT.ScriptFlatToFlatPercentage_DefaultProfile" name="GoToUrlAssertUrlPositiveEnterUserNamePositiveEnterPasswordClickLoginButtonGoToUrlAssertUrlCl1" time="67.569"/>
  <system-out/>
</testsuite> <!-- test.AdvanceReconcilationSTOFLAT.ScriptFlatToFlatPercentage_DefaultProfile -->
