<?xml version="1.0" encoding="UTF-8"?>
<!-- Generated by org.testng.reporters.JUnitReportReporter -->
<testsuite hostname="OB-Sum" failures="0" tests="1" name="VAT3_InvoiceUnreconcileCases.ScriptPostVATReturn2stVATReturnReport_DefaultProfile_1" time="66.239" errors="0" timestamp="2021-12-19T01:41:02 IST" skipped="0">
  <testcase classname="VAT3_InvoiceUnreconcileCases.ScriptPostVATReturn2stVATReturnReport_DefaultProfile_1" name="GoToUrlAssertUrlPositiveEnterUserNamePositiveEnterPasswordClickLoginButtonGoToUrlAssertUrlCl" time="66.239"/>
  <system-out/>
</testsuite> <!-- VAT3_InvoiceUnreconcileCases.ScriptPostVATReturn2stVATReturnReport_DefaultProfile_1 -->
