<?xml version="1.0" encoding="UTF-8"?>
<!-- Generated by org.testng.reporters.JUnitReportReporter -->
<testsuite hostname="OB-Yogesh" failures="0" tests="1" name="Supplier_FRSToFRSP.ScriptVATReturn2stVATReturnReport_FRSToStandard_DefaultProfile" time="60.882" errors="0" timestamp="2021-03-06T17:43:23 IST" skipped="0">
  <testcase classname="Supplier_FRSToFRSP.ScriptVATReturn2stVATReturnReport_FRSToStandard_DefaultProfile" name="GoToUrlAssertUrlPositiveEnterUserNamePositiveEnterPasswordClickLoginButtonGoToUrlAssertUrlCl" time="60.882"/>
  <system-out/>
</testsuite> <!-- Supplier_FRSToFRSP.ScriptVATReturn2stVATReturnReport_FRSToStandard_DefaultProfile -->
