<?xml version="1.0" encoding="UTF-8"?>
<!-- Generated by org.testng.reporters.JUnitReportReporter -->
<testsuite hostname="OB-Sum" failures="0" tests="1" name="VAT3_UnReconciled_S2_NOVAT.Un_addvatrate_Addvat_S2NOVAT" time="44.078" errors="0" timestamp="2021-12-19T01:41:00 IST" skipped="0">
  <testcase classname="VAT3_UnReconciled_S2_NOVAT.Un_addvatrate_Addvat_S2NOVAT" name="GoToUrlAssertUrlPositiveSelectVATStatus1PositiveEnterEffectiveDatePositiveSelectFlatrateBusines" time="44.078"/>
  <system-out/>
</testsuite> <!-- VAT3_UnReconciled_S2_NOVAT.Un_addvatrate_Addvat_S2NOVAT -->
