<?xml version="1.0" encoding="UTF-8"?>
<!-- Generated by org.testng.reporters.JUnitReportReporter -->
<testsuite hostname="OB-Yogesh" failures="0" tests="6" name="Supplier_FRSToStandard.ScriptSupplierBill_FRSToStandard_DefaultProfile" time="248.494" errors="0" timestamp="2021-03-04T07:52:51 IST" skipped="0">
  <testcase classname="Supplier_FRSToStandard.ScriptSupplierBill_FRSToStandard_DefaultProfile" name="GoToUrlAssertUrlPositiveEnterUserNamePositiveEnterPasswordClickLoginButtonGoToUrlAssertUrlCl2" time="40.424"/>
  <system-out/>
  <testcase classname="Supplier_FRSToStandard.ScriptSupplierBill_FRSToStandard_DefaultProfile" name="GoToUrlAssertUrlPositiveEnterUserNamePositiveEnterPasswordClickLoginButtonGoToUrlAssertUrlCl3" time="41.103"/>
  <system-out/>
  <testcase classname="Supplier_FRSToStandard.ScriptSupplierBill_FRSToStandard_DefaultProfile" name="GoToUrlAssertUrlPositiveEnterUserNamePositiveEnterPasswordClickLoginButtonGoToUrlAssertUrlCl6" time="41.635"/>
  <system-out/>
  <testcase classname="Supplier_FRSToStandard.ScriptSupplierBill_FRSToStandard_DefaultProfile" name="GoToUrlAssertUrlPositiveEnterUserNamePositiveEnterPasswordClickLoginButtonGoToUrlAssertUrlCl4" time="41.589"/>
  <system-out/>
  <testcase classname="Supplier_FRSToStandard.ScriptSupplierBill_FRSToStandard_DefaultProfile" name="GoToUrlAssertUrlPositiveEnterUserNamePositiveEnterPasswordClickLoginButtonGoToUrlAssertUrlCl5" time="42.273"/>
  <system-out/>
  <testcase classname="Supplier_FRSToStandard.ScriptSupplierBill_FRSToStandard_DefaultProfile" name="GoToUrlAssertUrlPositiveEnterUserNamePositiveEnterPasswordClickLoginButtonGoToUrlAssertUrlCl1" time="41.470"/>
  <system-out/>
</testsuite> <!-- Supplier_FRSToStandard.ScriptSupplierBill_FRSToStandard_DefaultProfile -->
