<?xml version="1.0" encoding="UTF-8"?>
<!-- Generated by org.testng.reporters.JUnitReportReporter -->
<testsuite hostname="OB-Yogesh" failures="0" tests="1" name="VATPhase3.Script_FlatToStand_VATReturn3stVATReturnReport_DefaultProfile_2" time="53.147" errors="0" timestamp="2021-05-06T00:22:10 IST" skipped="0">
  <testcase classname="VATPhase3.Script_FlatToStand_VATReturn3stVATReturnReport_DefaultProfile_2" name="GoToUrlAssertUrlPositiveEnterUserNamePositiveEnterPasswordClickLoginButtonGoToUrlAssertUrlCl" time="53.147"/>
  <system-out/>
</testsuite> <!-- VATPhase3.Script_FlatToStand_VATReturn3stVATReturnReport_DefaultProfile_2 -->
