<?xml version="1.0" encoding="UTF-8"?>
<!-- Generated by org.testng.reporters.JUnitReportReporter -->
<testsuite hostname="OB-Sum" failures="0" tests="1" name="test.FlatToStandard.ScriptVesrifyByTrialBalancePDFDefaultProfile_FlatToStand_DefaultProfile" time="47.791" errors="0" timestamp="2021-12-09T11:24:14 IST" skipped="0">
  <testcase classname="test.FlatToStandard.ScriptVesrifyByTrialBalancePDFDefaultProfile_FlatToStand_DefaultProfile" name="GoToUrlAssertUrlPositiveEnterUserNamePositiveEnterPasswordClickLoginButtonGoToUrlAssertUrlCl" time="47.791"/>
  <system-out/>
</testsuite> <!-- test.FlatToStandard.ScriptVesrifyByTrialBalancePDFDefaultProfile_FlatToStand_DefaultProfile -->
