<?xml version="1.0" encoding="UTF-8"?>
<!-- Generated by org.testng.reporters.JUnitReportReporter -->
<testsuite hostname="OB-Yogesh" failures="0" tests="1" name="test.partialReconcileJonralEntryFlatToStand.ScriptEditSettingToVATType_DefaultProfile" time="72.580" errors="0" timestamp="2021-05-09T23:14:47 IST" skipped="0">
  <testcase classname="test.partialReconcileJonralEntryFlatToStand.ScriptEditSettingToVATType_DefaultProfile" name="GoToUrlAssertUrlPositiveEnterUserNamePositiveEnterPasswordClickLoginButtonGoToUrlAssertUrlCl2" time="72.580"/>
  <system-out/>
</testsuite> <!-- test.partialReconcileJonralEntryFlatToStand.ScriptEditSettingToVATType_DefaultProfile -->
