<?xml version="1.0" encoding="UTF-8"?>
<!-- Generated by org.testng.reporters.JUnitReportReporter -->
<testsuite hostname="OB-Sum" failures="0" tests="4" name="test.ashiv.Rule2_rule2" time="3953.097" errors="0" timestamp="2021-11-17T01:56:37 IST" skipped="0">
  <testcase classname="test.ashiv.Rule2_rule2" name="GoToUrlClickMenuBankRulesPositiveSelectConditionFormulaEnterRuleDescClickAccountPositiveSelectGetdataOpenBankTrnsfillOutsCRBankTrns" time="1056.408"/>
  <system-out/>
  <testcase classname="test.ashiv.Rule2_rule2" name="GoToUrlClickMenuBankRulesPositiveSelectConditionFormulaEnterRuleDescClickAccountSelectcodePositiveSelectGetdataOpenBankTrnsfillRRDRBankTrns" time="955.348"/>
  <system-out/>
  <testcase classname="test.ashiv.Rule2_rule2" name="GoToUrlClickMenuBankRulesPositiveSelectConditionFormulaEnterRuleDescClickAccountSelectcodePositiveSelectGetdataOpenBankTrnsfillZRCrBankTrns" time="983.276"/>
  <system-out/>
  <testcase classname="test.ashiv.Rule2_rule2" name="GoToUrlClickMenuBankRulesPositiveSelectConditionFormulaEnterRuleDescClickAccountSelectcodePositiveSelectGetdataOpenBankTrnsfillZRDRBankTrns" time="958.065"/>
  <system-out/>
</testsuite> <!-- test.ashiv.Rule2_rule2 -->
