<?xml version="1.0" encoding="UTF-8"?>
<!-- Generated by org.testng.reporters.JUnitReportReporter -->
<testsuite hostname="OB-Yogesh" failures="1" tests="1" name="tests.VATReturn1stVATReturnReport_DefaultProfile" time="6.484" errors="0" timestamp="2021-02-09T10:24:40 IST" skipped="0">
  <testcase classname="tests.VATReturn1stVATReturnReport_DefaultProfile" name="GoToUrlAssertUrlClickVATReturnsTABClickSettingTABClickVATReturnReportClickDownloadReturnReport" time="6.484">
    <failure message="Expecting URL - http://sandbox4.nomismasolution.co.uk/AccountUI/VATReturn.aspx?FYCode=52455&amp;CompanyCode=13259 Found http://sandbox4.nomismasolution.co.uk/ssoui/Signin.aspx?token=0232348d-2f17-4b5c-9e1a-e18fe2c1f293" type="java.lang.AssertionError">
      <![CDATA[java.lang.AssertionError: Expecting URL - http://sandbox4.nomismasolution.co.uk/AccountUI/VATReturn.aspx?FYCode=52455&CompanyCode=13259 Found http://sandbox4.nomismasolution.co.uk/ssoui/Signin.aspx?token=0232348d-2f17-4b5c-9e1a-e18fe2c1f293
at org.testng.Assert.fail(Assert.java:99)
at pages.VATReturn1stVATReturnReport.AssertUrl(VATReturn1stVATReturnReport.java:63)
at tests.VATReturn1stVATReturnReport_DefaultProfile.GoToUrlAssertUrlClickVATReturnsTABClickSettingTABClickVATReturnReportClickDownloadReturnReport(VATReturn1stVATReturnReport_DefaultProfile.java:35)
at java.base/jdk.internal.reflect.NativeMethodAccessorImpl.invoke0(Native Method)
at java.base/jdk.internal.reflect.NativeMethodAccessorImpl.invoke(NativeMethodAccessorImpl.java:64)
at java.base/jdk.internal.reflect.DelegatingMethodAccessorImpl.invoke(DelegatingMethodAccessorImpl.java:43)
at java.base/java.lang.reflect.Method.invoke(Method.java:564)
at org.testng.internal.MethodInvocationHelper.invokeMethod(MethodInvocationHelper.java:132)
at org.testng.internal.TestInvoker.invokeMethod(TestInvoker.java:599)
at org.testng.internal.TestInvoker.invokeTestMethod(TestInvoker.java:174)
at org.testng.internal.MethodRunner.runInSequence(MethodRunner.java:46)
at org.testng.internal.TestInvoker$MethodInvocationAgent.invoke(TestInvoker.java:822)
at org.testng.internal.TestInvoker.invokeTestMethods(TestInvoker.java:147)
at org.testng.internal.TestMethodWorker.invokeTestMethods(TestMethodWorker.java:146)
at org.testng.internal.TestMethodWorker.run(TestMethodWorker.java:128)
at java.base/java.util.ArrayList.forEach(ArrayList.java:1511)
at org.testng.TestRunner.privateRun(TestRunner.java:764)
at org.testng.TestRunner.run(TestRunner.java:585)
at org.testng.SuiteRunner.runTest(SuiteRunner.java:384)
at org.testng.SuiteRunner.runSequentially(SuiteRunner.java:378)
at org.testng.SuiteRunner.privateRun(SuiteRunner.java:337)
at org.testng.SuiteRunner.run(SuiteRunner.java:286)
at org.testng.SuiteRunnerWorker.runSuite(SuiteRunnerWorker.java:53)
at org.testng.SuiteRunnerWorker.run(SuiteRunnerWorker.java:96)
at org.testng.TestNG.runSuitesSequentially(TestNG.java:1218)
at org.testng.TestNG.runSuitesLocally(TestNG.java:1140)
at org.testng.TestNG.runSuites(TestNG.java:1069)
at org.testng.TestNG.run(TestNG.java:1037)
at org.testng.remote.AbstractRemoteTestNG.run(AbstractRemoteTestNG.java:115)
at org.testng.remote.RemoteTestNG.initAndRun(RemoteTestNG.java:251)
at org.testng.remote.RemoteTestNG.main(RemoteTestNG.java:77)
]]>
    </failure>
  </testcase> <!-- GoToUrlAssertUrlClickVATReturnsTABClickSettingTABClickVATReturnReportClickDownloadReturnReport -->
  <system-out/>
</testsuite> <!-- tests.VATReturn1stVATReturnReport_DefaultProfile -->
