<?xml version="1.0" encoding="UTF-8"?>
<!-- Generated by org.testng.reporters.JUnitReportReporter -->
<testsuite hostname="OB-Sum" failures="0" tests="1" name="test.partialReconcileJonralEntrySToFlat.ScriptStandardToFlat_DefaultProfile" time="82.649" errors="0" timestamp="2021-12-09T18:16:51 IST" skipped="0">
  <testcase classname="test.partialReconcileJonralEntrySToFlat.ScriptStandardToFlat_DefaultProfile" name="GoToUrlAssertUrlPositiveEnterUserNamePositiveEnterPasswordClickLoginButtonGoToUrlAssertUrlCl1" time="82.649"/>
  <system-out/>
</testsuite> <!-- test.partialReconcileJonralEntrySToFlat.ScriptStandardToFlat_DefaultProfile -->
