<?xml version="1.0" encoding="UTF-8"?>
<!-- Generated by org.testng.reporters.JUnitReportReporter -->
<testsuite hostname="OB-Sum" failures="0" tests="1" name="SaleDashboardTest.TC06UpdateButton" time="42.188" errors="0" timestamp="2021-09-02T00:49:45 IST" skipped="0">
  <testcase classname="SaleDashboardTest.TC06UpdateButton" name="GoToUrlAssertUrlClickClickOnPreviewClickSaveButtonClickPDFDumpClickCancelButtonClickClickOnMa" time="42.188"/>
  <system-out/>
</testsuite> <!-- SaleDashboardTest.TC06UpdateButton -->
