<?xml version="1.0" encoding="UTF-8"?>
<!-- Generated by org.testng.reporters.JUnitReportReporter -->
<testsuite hostname="OB-Sum" failures="0" tests="3" name="Test_Trial_Balance_RE_Jour_Bank_Supp_3.TC_11_3_BS_FixedAsset_260_To_269_With_Journal_Bank_Supplier" time="431.032" errors="0" timestamp="2022-01-13T00:26:10 IST" skipped="0">
  <testcase classname="Test_Trial_Balance_RE_Jour_Bank_Supp_3.TC_11_3_BS_FixedAsset_260_To_269_With_Journal_Bank_Supplier" name="GoToUrlAssertUrlPositiveEnternLOGINPositiveEnternPASSClickLoginGoToUrlAssertUrlClickAgentsP1" time="62.405"/>
  <system-out>
    <![CDATA[ledger 1 entered :260 - Fixtures and Fittings Cost B/Fwd
ledger 2 entered :261 - Fixtures and Fittings Additions
ledger 3 entered :262 - Fixtures and Fittings Disposals
ledger 4 entered :263 - Fixtures and Fittings Revaluations
ledger 5 entered :264 - Fixtures and Fittings Transfers
ledger 5 entered :265 - Fixtures and Fittings Depreciation B/Fwd
ledger 7 entered :266 - Fixtures and Fittings Depreciation Disposal
ledger 8 entered :267 - Fixtures and Fittings Depreciation Revaluations
ledger 9 entered :268 - Fixtures and Fittings Depreciation Transfers
ledger 10 entered :269 - Fixtures and Fittings Depreciation Charge
Ledger code verified: Fixtures and Fittings Cost B/Fwd
Amount enter verified: 1,000.00
Ledger code verified: Fixtures and Fittings Additions
Amount enter verified: 1,000.00
Ledger code verified: Fixtures and Fittings Disposals
Amount enter verified: 1,000.00
Ledger code verified: Fixtures and Fittings Revaluations
Amount enter verified: 1,000.00
Ledger code verified: Fixtures and Fittings Transfers
Amount enter verified: 1,000.00
Ledger code verified: Fixtures and Fittings Depreciation B/Fwd
Amount enter verified: 1,000.00
Ledger code verified: Fixtures and Fittings Depreciation Disposal
Amount enter verified: 1,000.00
Ledger code verified: Fixtures and Fittings Depreciation Revaluations
Amount enter verified: 1,000.00
Ledger code verified: Fixtures and Fittings Depreciation Transfers
Amount enter verified: 1,000.00
Ledger code verified: Fixtures and Fittings Depreciation Charge
Amount enter verified: (9,000.00)
Enteries are Verified on Balance Sheet Report page :]]>
  </system-out>
  <testcase classname="Test_Trial_Balance_RE_Jour_Bank_Supp_3.TC_11_3_BS_FixedAsset_260_To_269_With_Journal_Bank_Supplier" name="GoToUrlAssertUrlPositiveEnternLOGINPositiveEnternPASSClickLoginGoToUrlAssertUrlClickAgentsP3" time="178.385"/>
  <system-out/>
  <testcase classname="Test_Trial_Balance_RE_Jour_Bank_Supp_3.TC_11_3_BS_FixedAsset_260_To_269_With_Journal_Bank_Supplier" name="GoToUrlAssertUrlPositiveEnternLOGINPositiveEnternPASSClickLoginGoToUrlAssertUrlClickAgentsP2" time="190.242"/>
  <system-out/>
</testsuite> <!-- Test_Trial_Balance_RE_Jour_Bank_Supp_3.TC_11_3_BS_FixedAsset_260_To_269_With_Journal_Bank_Supplier -->
