<?xml version="1.0" encoding="UTF-8"?>
<!-- Generated by org.testng.reporters.JUnitReportReporter -->
<testsuite hostname="OB-Sum" failures="0" tests="6" name="Supplier_FRSToStandard.ScriptDebitNoteFRSToStandard_DefaultProfile" time="380.443" errors="0" timestamp="2022-02-06T06:55:31 IST" skipped="0">
  <testcase classname="Supplier_FRSToStandard.ScriptDebitNoteFRSToStandard_DefaultProfile" name="GoToUrlAssertUrlPositiveEnterUserNamePositiveEnterPasswordClickLoginButtonGoToUrlAssertUrlCl2" time="64.022"/>
  <system-out/>
  <testcase classname="Supplier_FRSToStandard.ScriptDebitNoteFRSToStandard_DefaultProfile" name="GoToUrlAssertUrlPositiveEnterUserNamePositiveEnterPasswordClickLoginButtonGoToUrlAssertUrlCl5" time="64.781"/>
  <system-out/>
  <testcase classname="Supplier_FRSToStandard.ScriptDebitNoteFRSToStandard_DefaultProfile" name="GoToUrlAssertUrlPositiveEnterUserNamePositiveEnterPasswordClickLoginButtonGoToUrlAssertUrlCl6" time="62.598"/>
  <system-out/>
  <testcase classname="Supplier_FRSToStandard.ScriptDebitNoteFRSToStandard_DefaultProfile" name="GoToUrlAssertUrlPositiveEnterUserNamePositiveEnterPasswordClickLoginButtonGoToUrlAssertUrlCl3" time="64.400"/>
  <system-out/>
  <testcase classname="Supplier_FRSToStandard.ScriptDebitNoteFRSToStandard_DefaultProfile" name="GoToUrlAssertUrlPositiveEnterUserNamePositiveEnterPasswordClickLoginButtonGoToUrlAssertUrlCl4" time="62.778"/>
  <system-out/>
  <testcase classname="Supplier_FRSToStandard.ScriptDebitNoteFRSToStandard_DefaultProfile" name="GoToUrlAssertUrlPositiveEnterUserNamePositiveEnterPasswordClickLoginButtonGoToUrlAssertUrlCl1" time="61.864"/>
  <system-out/>
</testsuite> <!-- Supplier_FRSToStandard.ScriptDebitNoteFRSToStandard_DefaultProfile -->
