<?xml version="1.0" encoding="UTF-8"?>
<!-- Generated by org.testng.reporters.JUnitReportReporter -->
<testsuite hostname="OB-Yogesh" failures="0" tests="2" name="test.PartialReconcilationforOnlyFlatthroughJournalEntry.VATOnlyToReconcileForJonral_DefaultProfile" time="167.118" errors="0" timestamp="2021-05-09T18:32:09 IST" skipped="0">
  <testcase classname="test.PartialReconcilationforOnlyFlatthroughJournalEntry.VATOnlyToReconcileForJonral_DefaultProfile" name="GoToUrlAssertUrlPositiveEnternLOGINPositiveEnternPASSClickLoginGoToUrlAssertUrlClickAgentsP2" time="83.276"/>
  <system-out/>
  <testcase classname="test.PartialReconcilationforOnlyFlatthroughJournalEntry.VATOnlyToReconcileForJonral_DefaultProfile" name="GoToUrlAssertUrlPositiveEnternLOGINPositiveEnternPASSClickLoginGoToUrlAssertUrlClickAgentsP1" time="83.842"/>
  <system-out/>
</testsuite> <!-- test.PartialReconcilationforOnlyFlatthroughJournalEntry.VATOnlyToReconcileForJonral_DefaultProfile -->
