<?xml version="1.0" encoding="UTF-8"?>
<!-- Generated by org.testng.reporters.JUnitReportReporter -->
<testsuite hostname="OB-Sum" failures="0" tests="6" name="VAT3_UnReconciled_FtoS.Un_F2S_ReconcileForDebitNote" time="395.804" errors="0" timestamp="2022-02-06T06:55:30 IST" skipped="0">
  <testcase classname="VAT3_UnReconciled_FtoS.Un_F2S_ReconcileForDebitNote" name="GoToUrlAssertUrlPositiveEnternLOGINPositiveEnternPASSClickLoginGoToUrlAssertUrlClickAgentsP6" time="62.886"/>
  <system-out/>
  <testcase classname="VAT3_UnReconciled_FtoS.Un_F2S_ReconcileForDebitNote" name="GoToUrlAssertUrlPositiveEnternLOGINPositiveEnternPASSClickLoginGoToUrlAssertUrlClickAgentsP2" time="67.605"/>
  <system-out/>
  <testcase classname="VAT3_UnReconciled_FtoS.Un_F2S_ReconcileForDebitNote" name="GoToUrlAssertUrlPositiveEnternLOGINPositiveEnternPASSClickLoginGoToUrlAssertUrlClickAgentsP3" time="66.055"/>
  <system-out/>
  <testcase classname="VAT3_UnReconciled_FtoS.Un_F2S_ReconcileForDebitNote" name="GoToUrlAssertUrlPositiveEnternLOGINPositiveEnternPASSClickLoginGoToUrlAssertUrlClickAgentsP71" time="64.981"/>
  <system-out/>
  <testcase classname="VAT3_UnReconciled_FtoS.Un_F2S_ReconcileForDebitNote" name="GoToUrlAssertUrlPositiveEnternLOGINPositiveEnternPASSClickLoginGoToUrlAssertUrlClickAgentsP1" time="65.846"/>
  <system-out/>
  <testcase classname="VAT3_UnReconciled_FtoS.Un_F2S_ReconcileForDebitNote" name="GoToUrlAssertUrlPositiveEnternLOGINPositiveEnternPASSClickLoginGoToUrlAssertUrlClickAgentsP7" time="68.431"/>
  <system-out/>
</testsuite> <!-- VAT3_UnReconciled_FtoS.Un_F2S_ReconcileForDebitNote -->
