<?xml version="1.0" encoding="UTF-8"?>
<!-- Generated by org.testng.reporters.JUnitReportReporter -->
<testsuite hostname="OB-Sum" failures="0" tests="2" name="Test_Balance_RE_Jour_Bank_Supp_3.TC_47_2_BS_CreditCard_2020_With_Journal_Bank" time="138.338" errors="0" timestamp="2022-02-19T09:42:02 IST" skipped="0">
  <testcase classname="Test_Balance_RE_Jour_Bank_Supp_3.TC_47_2_BS_CreditCard_2020_With_Journal_Bank" name="GoToUrlAssertUrlPositiveEnternLOGINPositiveEnternPASSClickLoginGoToUrlAssertUrlClickAgentsP3" time="72.747"/>
  <system-out/>
  <testcase classname="Test_Balance_RE_Jour_Bank_Supp_3.TC_47_2_BS_CreditCard_2020_With_Journal_Bank" name="GoToUrlAssertUrlPositiveEnternLOGINPositiveEnternPASSClickLoginGoToUrlAssertUrlClickAgentsP1" time="65.591"/>
  <system-out>
    <![CDATA[ledger 1 entered :2020 - Testing_Creditcard
ledger 2 entered :10 - Intangible Assets Cost B/Fwd
Ledger code verified: Testing_Creditcard
Ledger code verified: Intangible Assets Cost B/Fwd
Enteries are Verified on Balance Sheet Report page :]]>
  </system-out>
</testsuite> <!-- Test_Balance_RE_Jour_Bank_Supp_3.TC_47_2_BS_CreditCard_2020_With_Journal_Bank -->
