<?xml version="1.0" encoding="UTF-8"?>
<!-- Generated by org.testng.reporters.JUnitReportReporter -->
<testsuite hostname="OB-Sum" failures="0" tests="6" name="AdvanceReconcileByBankForSupplierBillFlatToNoVAT.SaleInToPartialReconcile_DebitNote_DefaultProfile" time="453.205" errors="0" timestamp="2021-12-09T11:24:15 IST" skipped="0">
  <testcase classname="AdvanceReconcileByBankForSupplierBillFlatToNoVAT.SaleInToPartialReconcile_DebitNote_DefaultProfile" name="GoToUrlAssertUrlPositiveEnternLOGINPositiveEnternPASSClickLoginGoToUrlAssertUrlClickAgentsP4" time="75.087"/>
  <system-out/>
  <testcase classname="AdvanceReconcileByBankForSupplierBillFlatToNoVAT.SaleInToPartialReconcile_DebitNote_DefaultProfile" name="GoToUrlAssertUrlPositiveEnternLOGINPositiveEnternPASSClickLoginGoToUrlAssertUrlClickAgentsP5" time="72.592"/>
  <system-out/>
  <testcase classname="AdvanceReconcileByBankForSupplierBillFlatToNoVAT.SaleInToPartialReconcile_DebitNote_DefaultProfile" name="GoToUrlAssertUrlPositiveEnternLOGINPositiveEnternPASSClickLoginGoToUrlAssertUrlClickAgentsP6" time="77.416"/>
  <system-out/>
  <testcase classname="AdvanceReconcileByBankForSupplierBillFlatToNoVAT.SaleInToPartialReconcile_DebitNote_DefaultProfile" name="GoToUrlAssertUrlPositiveEnternLOGINPositiveEnternPASSClickLoginGoToUrlAssertUrlClickAgentsP3" time="78.416"/>
  <system-out/>
  <testcase classname="AdvanceReconcileByBankForSupplierBillFlatToNoVAT.SaleInToPartialReconcile_DebitNote_DefaultProfile" name="GoToUrlAssertUrlPositiveEnternLOGINPositiveEnternPASSClickLoginGoToUrlAssertUrlClickAgentsP2" time="74.165"/>
  <system-out/>
  <testcase classname="AdvanceReconcileByBankForSupplierBillFlatToNoVAT.SaleInToPartialReconcile_DebitNote_DefaultProfile" name="GoToUrlAssertUrlPositiveEnternLOGINPositiveEnternPASSClickLoginGoToUrlAssertUrlClickAgentsP1" time="75.529"/>
  <system-out/>
</testsuite> <!-- AdvanceReconcileByBankForSupplierBillFlatToNoVAT.SaleInToPartialReconcile_DebitNote_DefaultProfile -->
