<?xml version="1.0" encoding="UTF-8"?>
<!-- Generated by org.testng.reporters.JUnitReportReporter -->
<testsuite hostname="OB-Sum" failures="0" tests="6" name="Supplier_FRSToStandard.ScriptDebitNoteFRSToStandard_DefaultProfile" time="350.368" errors="0" timestamp="2021-12-19T01:41:01 IST" skipped="0">
  <testcase classname="Supplier_FRSToStandard.ScriptDebitNoteFRSToStandard_DefaultProfile" name="GoToUrlAssertUrlPositiveEnterUserNamePositiveEnterPasswordClickLoginButtonGoToUrlAssertUrlCl6" time="56.981"/>
  <system-out/>
  <testcase classname="Supplier_FRSToStandard.ScriptDebitNoteFRSToStandard_DefaultProfile" name="GoToUrlAssertUrlPositiveEnterUserNamePositiveEnterPasswordClickLoginButtonGoToUrlAssertUrlCl1" time="66.854"/>
  <system-out/>
  <testcase classname="Supplier_FRSToStandard.ScriptDebitNoteFRSToStandard_DefaultProfile" name="GoToUrlAssertUrlPositiveEnterUserNamePositiveEnterPasswordClickLoginButtonGoToUrlAssertUrlCl3" time="57.458"/>
  <system-out/>
  <testcase classname="Supplier_FRSToStandard.ScriptDebitNoteFRSToStandard_DefaultProfile" name="GoToUrlAssertUrlPositiveEnterUserNamePositiveEnterPasswordClickLoginButtonGoToUrlAssertUrlCl2" time="55.728"/>
  <system-out/>
  <testcase classname="Supplier_FRSToStandard.ScriptDebitNoteFRSToStandard_DefaultProfile" name="GoToUrlAssertUrlPositiveEnterUserNamePositiveEnterPasswordClickLoginButtonGoToUrlAssertUrlCl4" time="56.662"/>
  <system-out/>
  <testcase classname="Supplier_FRSToStandard.ScriptDebitNoteFRSToStandard_DefaultProfile" name="GoToUrlAssertUrlPositiveEnterUserNamePositiveEnterPasswordClickLoginButtonGoToUrlAssertUrlCl5" time="56.685"/>
  <system-out/>
</testsuite> <!-- Supplier_FRSToStandard.ScriptDebitNoteFRSToStandard_DefaultProfile -->
