<?xml version="1.0" encoding="UTF-8"?>
<!-- Generated by org.testng.reporters.JUnitReportReporter -->
<testsuite hostname="OB-Sum" failures="0" tests="1" name="Supplier_STNDToFRS.ScriptPostVATReturn1stVATReturnReport_DefaultProfile" time="51.594" errors="0" timestamp="2021-12-19T01:41:01 IST" skipped="0">
  <testcase classname="Supplier_STNDToFRS.ScriptPostVATReturn1stVATReturnReport_DefaultProfile" name="GoToUrlAssertUrlPositiveEnterUserNamePositiveEnterPasswordClickLoginButtonGoToUrlAssertUrlCl" time="51.594"/>
  <system-out/>
</testsuite> <!-- Supplier_STNDToFRS.ScriptPostVATReturn1stVATReturnReport_DefaultProfile -->
