<?xml version="1.0" encoding="UTF-8"?>
<!-- Generated by org.testng.reporters.JUnitReportReporter -->
<testsuite hostname="OB-Sum" failures="0" tests="1" name="Supplier_FRSToFRSP.ScriptVerifyByTrialBalanceDefaultProfile_DefaultProfile" time="54.758" errors="0" timestamp="2022-02-06T06:55:30 IST" skipped="0">
  <testcase classname="Supplier_FRSToFRSP.ScriptVerifyByTrialBalanceDefaultProfile_DefaultProfile" name="GoToUrlAssertUrlPositiveEnterUserNamePositiveEnterPasswordClickLoginButtonGoToUrlAssertUrlCl" time="54.758"/>
  <system-out/>
</testsuite> <!-- Supplier_FRSToFRSP.ScriptVerifyByTrialBalanceDefaultProfile_DefaultProfile -->
