<?xml version="1.0" encoding="UTF-8"?>
<!-- Generated by org.testng.reporters.JUnitReportReporter -->
<testsuite hostname="OB-Sum" failures="0" tests="5" name="Test_Income.TC05ThreeDotIcon" time="199.018" errors="0" timestamp="2021-11-11T20:51:38 IST" skipped="0">
  <testcase classname="Test_Income.TC05ThreeDotIcon" name="GoToUrlAssertUrlClickClickOnPreviewClickSaveButtonClickPDFDumpClickCancelButtonClickClickOnMa" time="38.971"/>
  <system-out/>
  <testcase classname="Test_Income.TC05ThreeDotIcon" name="GoToUrlAssertUrlClickClickOnPreviewClickSaveButtonClickPDFDumpClickCancelButtonClickClickOn1Ma" time="46.667"/>
  <system-out/>
  <testcase classname="Test_Income.TC05ThreeDotIcon" name="GoToUrlAssertUrlClickClickOnPreviewClickSaveButtonClickPDFDumpClickCancelButtonClickClickOn1Ma2" time="41.434"/>
  <system-out/>
  <testcase classname="Test_Income.TC05ThreeDotIcon" name="GoToUrlAssertUrlClickClickOnPreviewClickSaveButtonClickPDFDumpClickCancelButtonClickClickOn1Ma3" time="36.163"/>
  <system-out/>
  <testcase classname="Test_Income.TC05ThreeDotIcon" name="GoToUrlAssertUrlClickClickOnPreviewClickSaveButtonClickPDFDumpClickCancelButtonClickClickOn1Ma4" time="35.783"/>
  <system-out/>
</testsuite> <!-- Test_Income.TC05ThreeDotIcon -->
