<?xml version="1.0" encoding="UTF-8"?>
<!-- Generated by org.testng.reporters.JUnitReportReporter -->
<testsuite hostname="OB-Sum" failures="0" tests="6" name="VAT3_UnReconciled_S2_NOVAT.UN_SupplierBill_StoF__S2NOVAT" time="291.635" errors="0" timestamp="2022-02-06T06:55:37 IST" skipped="0">
  <testcase classname="VAT3_UnReconciled_S2_NOVAT.UN_SupplierBill_StoF__S2NOVAT" name="GoToUrlAssertUrlPositiveEnternLOGINPositiveEnternPASSClickLoginGoToUrlAssertUrlClickAgentsP2" time="47.322"/>
  <system-out/>
  <testcase classname="VAT3_UnReconciled_S2_NOVAT.UN_SupplierBill_StoF__S2NOVAT" name="GoToUrlAssertUrlPositiveEnternLOGINPositiveEnternPASSClickLoginGoToUrlAssertUrlClickAgentsP7" time="46.804"/>
  <system-out/>
  <testcase classname="VAT3_UnReconciled_S2_NOVAT.UN_SupplierBill_StoF__S2NOVAT" name="GoToUrlAssertUrlPositiveEnternLOGINPositiveEnternPASSClickLoginGoToUrlAssertUrlClickAgentsP6" time="49.759"/>
  <system-out/>
  <testcase classname="VAT3_UnReconciled_S2_NOVAT.UN_SupplierBill_StoF__S2NOVAT" name="GoToUrlAssertUrlPositiveEnternLOGINPositiveEnternPASSClickLoginGoToUrlAssertUrlClickAgentsP1" time="48.622"/>
  <system-out/>
  <testcase classname="VAT3_UnReconciled_S2_NOVAT.UN_SupplierBill_StoF__S2NOVAT" name="GoToUrlAssertUrlPositiveEnternLOGINPositiveEnternPASSClickLoginGoToUrlAssertUrlClickAgentsP9" time="49.995"/>
  <system-out/>
  <testcase classname="VAT3_UnReconciled_S2_NOVAT.UN_SupplierBill_StoF__S2NOVAT" name="GoToUrlAssertUrlPositiveEnternLOGINPositiveEnternPASSClickLoginGoToUrlAssertUrlClickAgentsP5" time="49.133"/>
  <system-out/>
</testsuite> <!-- VAT3_UnReconciled_S2_NOVAT.UN_SupplierBill_StoF__S2NOVAT -->
