<?xml version="1.0" encoding="UTF-8"?>
<!-- Generated by org.testng.reporters.JUnitReportReporter -->
<testsuite hostname="OB-Sum" failures="0" tests="1" name="Supplier_SToNoVAT.ScriptVATReturn2stVATReturnReport_SToNOVAT_DefaultProfile" time="72.150" errors="0" timestamp="2022-02-06T06:55:32 IST" skipped="0">
  <testcase classname="Supplier_SToNoVAT.ScriptVATReturn2stVATReturnReport_SToNOVAT_DefaultProfile" name="GoToUrlAssertUrlPositiveEnterUserNamePositiveEnterPasswordClickLoginButtonGoToUrlAssertUrlCl" time="72.150"/>
  <system-out/>
</testsuite> <!-- Supplier_SToNoVAT.ScriptVATReturn2stVATReturnReport_SToNOVAT_DefaultProfile -->
