<?xml version="1.0" encoding="UTF-8"?>
<!-- Generated by org.testng.reporters.JUnitReportReporter -->
<testsuite hostname="OB-Yogesh" failures="0" tests="1" name="PartialReconcileForSupplierBillFlatToStand.ScriptPostVATReturn3stVATReturnReport_DefaultProfile" time="54.535" errors="0" timestamp="2021-04-15T18:33:44 IST" skipped="0">
  <testcase classname="PartialReconcileForSupplierBillFlatToStand.ScriptPostVATReturn3stVATReturnReport_DefaultProfile" name="GoToUrlAssertUrlPositiveEnterUserNamePositiveEnterPasswordClickLoginButtonGoToUrlAssertUrlCl" time="54.535"/>
  <system-out/>
</testsuite> <!-- PartialReconcileForSupplierBillFlatToStand.ScriptPostVATReturn3stVATReturnReport_DefaultProfile -->
