<?xml version="1.0" encoding="UTF-8"?>
<!-- Generated by org.testng.reporters.JUnitReportReporter -->
<testsuite hostname="OB-Sum" failures="0" tests="1" name="Test_Income.TestOtherInvoiceTemplate_SelectTemplate_TC01" time="98.519" errors="0" timestamp="2021-11-11T22:07:43 IST" skipped="0">
  <testcase classname="Test_Income.TestOtherInvoiceTemplate_SelectTemplate_TC01" name="GoToUrlLoginApplicationWithValidCredentialsClickNewClickCreateInvoiceCreateNewInvoiceVerifyNewInvoiceAddedSuccessfullyChoseOtherTemplateOtherInvoiceTemp_TC01" time="98.519"/>
  <system-out/>
</testsuite> <!-- Test_Income.TestOtherInvoiceTemplate_SelectTemplate_TC01 -->
