<?xml version="1.0" encoding="UTF-8"?>
<!-- Generated by org.testng.reporters.JUnitReportReporter -->
<testsuite hostname="OB-Yogesh" failures="0" tests="1" name="PartialReconcileForSupplierBill.ScriptStandardToFlat_DefaultProfile" time="84.389" errors="0" timestamp="2021-04-15T07:15:52 IST" skipped="0">
  <testcase classname="PartialReconcileForSupplierBill.ScriptStandardToFlat_DefaultProfile" name="GoToUrlAssertUrlPositiveEnterUserNamePositiveEnterPasswordClickLoginButtonGoToUrlAssertUrlCl1" time="84.389"/>
  <system-out/>
</testsuite> <!-- PartialReconcileForSupplierBill.ScriptStandardToFlat_DefaultProfile -->
