<?xml version="1.0" encoding="UTF-8"?>
<!-- Generated by org.testng.reporters.JUnitReportReporter -->
<testsuite hostname="OB-Sum" failures="0" tests="1" name="tests.ScriptPostVATReturn1stVATReturnReport_SToNOVAT_DefaultProfile" time="54.653" errors="0" timestamp="2022-02-06T06:55:32 IST" skipped="0">
  <testcase classname="tests.ScriptPostVATReturn1stVATReturnReport_SToNOVAT_DefaultProfile" name="GoToUrlAssertUrlPositiveEnterUserNamePositiveEnterPasswordClickLoginButtonGoToUrlAssertUrlCl" time="54.653"/>
  <system-out/>
</testsuite> <!-- tests.ScriptPostVATReturn1stVATReturnReport_SToNOVAT_DefaultProfile -->
