<?xml version="1.0" encoding="UTF-8"?>
<!-- Generated by org.testng.reporters.JUnitReportReporter -->
<testsuite hostname="OB-Sum" failures="0" tests="6" name="VATPhase3_Banking_ToSale.BankingTr_VATPH3_StandToFlatDefaultProfile_1" time="291.112" errors="0" timestamp="2022-02-06T06:55:28 IST" skipped="0">
  <testcase classname="VATPhase3_Banking_ToSale.BankingTr_VATPH3_StandToFlatDefaultProfile_1" name="GoToUrlAssertUrlPositiveEnternLOGINPositiveEnternPASSClickLoginGoToUrlAssertUrlClickAgentsP4" time="47.089"/>
  <system-out/>
  <testcase classname="VATPhase3_Banking_ToSale.BankingTr_VATPH3_StandToFlatDefaultProfile_1" name="GoToUrlAssertUrlPositiveEnternLOGINPositiveEnternPASSClickLoginGoToUrlAssertUrlClickAgentsP6" time="51.015"/>
  <system-out/>
  <testcase classname="VATPhase3_Banking_ToSale.BankingTr_VATPH3_StandToFlatDefaultProfile_1" name="GoToUrlAssertUrlPositiveEnternLOGINPositiveEnternPASSClickLoginGoToUrlAssertUrlClickAgentsP2" time="47.559"/>
  <system-out/>
  <testcase classname="VATPhase3_Banking_ToSale.BankingTr_VATPH3_StandToFlatDefaultProfile_1" name="GoToUrlAssertUrlPositiveEnternLOGINPositiveEnternPASSClickLoginGoToUrlAssertUrlClickAgentsP3" time="47.210"/>
  <system-out/>
  <testcase classname="VATPhase3_Banking_ToSale.BankingTr_VATPH3_StandToFlatDefaultProfile_1" name="GoToUrlAssertUrlPositiveEnternLOGINPositiveEnternPASSClickLoginGoToUrlAssertUrlClickAgentsP1" time="49.066"/>
  <system-out/>
  <testcase classname="VATPhase3_Banking_ToSale.BankingTr_VATPH3_StandToFlatDefaultProfile_1" name="GoToUrlAssertUrlPositiveEnternLOGINPositiveEnternPASSClickLoginGoToUrlAssertUrlClickAgentsP5" time="49.173"/>
  <system-out/>
</testsuite> <!-- VATPhase3_Banking_ToSale.BankingTr_VATPH3_StandToFlatDefaultProfile_1 -->
