<?xml version="1.0" encoding="UTF-8"?>
<!-- Generated by org.testng.reporters.JUnitReportReporter -->
<testsuite hostname="OB-Yogesh" failures="0" tests="2" name="test.AdvanceReconcilationSTOFLAT.ScriptVATReturn2stVATReturnReport_SToFlat_DefaultProfile" time="160.185" errors="0" timestamp="2021-04-08T10:36:55 IST" skipped="0">
  <testcase classname="test.AdvanceReconcilationSTOFLAT.ScriptVATReturn2stVATReturnReport_SToFlat_DefaultProfile" name="GoToUrlAssertUrlPositiveEnterUserNamePositiveEnterPasswordClickLoginButtonGoToUrlAssertUrlCl" time="79.870"/>
  <system-out/>
  <testcase classname="test.AdvanceReconcilationSTOFLAT.ScriptVATReturn2stVATReturnReport_SToFlat_DefaultProfile" name="GoToUrlAssertUrlPositiveEnterUserNamePositiveEnterPasswordClickLoginButtonGoToUrlAssertUrlCl" time="80.315"/>
  <system-out/>
</testsuite> <!-- test.AdvanceReconcilationSTOFLAT.ScriptVATReturn2stVATReturnReport_SToFlat_DefaultProfile -->
