<?xml version="1.0" encoding="UTF-8"?>
<!-- Generated by org.testng.reporters.JUnitReportReporter -->
<testsuite hostname="OB-Yogesh" failures="0" tests="1" name="test.PartialReconciledCases.ScriptStandardToFlat_CNAndVATOnly_DefaultProfile" time="55.593" errors="0" timestamp="2021-03-25T09:39:31 IST" skipped="0">
  <testcase classname="test.PartialReconciledCases.ScriptStandardToFlat_CNAndVATOnly_DefaultProfile" name="GoToUrlAssertUrlPositiveEnterUserNamePositiveEnterPasswordClickLoginButtonGoToUrlAssertUrlCl1" time="55.593"/>
  <system-out/>
</testsuite> <!-- test.PartialReconciledCases.ScriptStandardToFlat_CNAndVATOnly_DefaultProfile -->
