<?xml version="1.0" encoding="UTF-8"?>
<!-- Generated by org.testng.reporters.JUnitReportReporter -->
<testsuite hostname="OB-Sum" failures="0" tests="1" name="VAT3.FullREC_F2_Standard.Supplier_ScriptPostVATReturn2stVATReturnReport_2" time="63.117" errors="0" timestamp="2022-02-06T06:55:29 IST" skipped="0">
  <testcase classname="VAT3.FullREC_F2_Standard.Supplier_ScriptPostVATReturn2stVATReturnReport_2" name="GoToUrlAssertUrlPositiveEnterUserNamePositiveEnterPasswordClickLoginButtonGoToUrlAssertUrlCl" time="63.117"/>
  <system-out/>
</testsuite> <!-- VAT3.FullREC_F2_Standard.Supplier_ScriptPostVATReturn2stVATReturnReport_2 -->
