<?xml version="1.0" encoding="UTF-8"?>
<!-- Generated by org.testng.reporters.JUnitReportReporter -->
<testsuite hostname="OB-Sum" failures="0" tests="2" name="tests.ScriptVATOnlyInvoice_DefaultProfile" time="127.180" errors="0" timestamp="2021-08-24T09:49:44 IST" skipped="0">
  <testcase classname="tests.ScriptVATOnlyInvoice_DefaultProfile" name="GoToUrlAssertUrlPositiveEnterUserNamePositiveEnterPasswordClickLoginButtonGoToUrlAssertUrlCl1" time="63.695"/>
  <system-out/>
  <testcase classname="tests.ScriptVATOnlyInvoice_DefaultProfile" name="GoToUrlAssertUrlPositiveEnterUserNamePositiveEnterPasswordClickLoginButtonGoToUrlAssertUrlCl2" time="63.485"/>
  <system-out/>
</testsuite> <!-- tests.ScriptVATOnlyInvoice_DefaultProfile -->
