<?xml version="1.0" encoding="UTF-8"?>
<!-- Generated by org.testng.reporters.JUnitReportReporter -->
<testsuite hostname="OB-Sum" failures="0" tests="1" name="AdvanceReconcileByBankForSupplierBillStandToNoVAT.ScriptFlatToFlatP_DefaultProfile" time="54.705" errors="0" timestamp="2021-12-19T01:40:59 IST" skipped="0">
  <testcase classname="AdvanceReconcileByBankForSupplierBillStandToNoVAT.ScriptFlatToFlatP_DefaultProfile" name="GoToUrlAssertUrlPositiveEnterUserNamePositiveEnterPasswordClickLoginButtonGoToUrlAssertUrlCl1" time="54.705"/>
  <system-out/>
</testsuite> <!-- AdvanceReconcileByBankForSupplierBillStandToNoVAT.ScriptFlatToFlatP_DefaultProfile -->
