<?xml version="1.0" encoding="UTF-8"?>
<!-- Generated by org.testng.reporters.JUnitReportReporter -->
<testsuite hostname="OB-Yogesh" failures="0" tests="1" name="PartialReconcileForSupplierBillFlatToStand.ScriptVATReturn3stVATReturnReport_SToFRS_DefaultProfile" time="55.607" errors="0" timestamp="2021-04-15T18:33:44 IST" skipped="0">
  <testcase classname="PartialReconcileForSupplierBillFlatToStand.ScriptVATReturn3stVATReturnReport_SToFRS_DefaultProfile" name="GoToUrlAssertUrlPositiveEnterUserNamePositiveEnterPasswordClickLoginButtonGoToUrlAssertUrlCl" time="55.607"/>
  <system-out/>
</testsuite> <!-- PartialReconcileForSupplierBillFlatToStand.ScriptVATReturn3stVATReturnReport_SToFRS_DefaultProfile -->
