<?xml version="1.0" encoding="UTF-8"?>
<!-- Generated by org.testng.reporters.JUnitReportReporter -->
<testsuite hostname="OB-Yogesh" failures="0" tests="1" name="tests.Script4FRSTONoVAT_DefaultProfile" time="58.675" errors="0" timestamp="2021-02-02T11:49:08 IST" skipped="0">
  <testcase classname="tests.Script4FRSTONoVAT_DefaultProfile" name="GoToUrlAssertUrlPositiveEnterUserNamePositiveEnterPasswordClickLoginButtonGoToUrlAssertUrlCl" time="58.675"/>
  <system-out/>
</testsuite> <!-- tests.Script4FRSTONoVAT_DefaultProfile -->
