<?xml version="1.0" encoding="UTF-8"?>
<!-- Generated by org.testng.reporters.JUnitReportReporter -->
<testsuite hostname="OB-Sum" failures="0" tests="3" name="test.ashiv.Test_Find_Match" time="621.198" errors="0" timestamp="2021-12-09T00:04:52 IST" skipped="0">
  <testcase classname="test.ashiv.Test_Find_Match" name="GoToUrlAssertUrlClickSalesTabClickNewButtonClickNewInvoicePositiveSelectCustomerNamePositiveGoToUrlAssertUrlClickSalesTabClickNewButtonClickNewInvoicePositiveSelectCustomerNamePositiveunreconciledtTransactionNewTransactionLedgerCode1070FindAndSearchIconInvoiceReconciledClickReconcileButton_1" time="200.279"/>
  <system-out/>
  <testcase classname="test.ashiv.Test_Find_Match" name="GoToUrlAssertUrlClickSalesTabClickNewButtonClickNewInvoicePositiveSelectCustomerNamePositiveunreconciledtTransactionNewTransactionLedgerCode1070FindAndSearchIconInvoiceReconciledClickReconcileButtonPartialReconcilation" time="207.813"/>
  <system-out/>
  <testcase classname="test.ashiv.Test_Find_Match" name="GoToUrlAssertUrlClickSalesTabClickNewButtonClickNewInvoicePositiveSelectCustomerNamePositiveunreconciledtTransactionNewTransactionLedgerCode1070FindAndSearchIconInvoiceReconciledClickReconcileButtonJournalReconcilation" time="213.106"/>
  <system-out/>
</testsuite> <!-- test.ashiv.Test_Find_Match -->
