<?xml version="1.0" encoding="UTF-8"?>
<!-- Generated by org.testng.reporters.JUnitReportReporter -->
<testsuite hostname="OB-Sum" failures="0" tests="1" name="test.ashiv.TestUseOfHome_TestCases" time="40.316" errors="0" timestamp="2022-02-19T09:42:02 IST" skipped="0">
  <testcase classname="test.ashiv.TestUseOfHome_TestCases" name="GoToUrlClickExpenditureClickViewClickUseofHomeasOfficePositiveSelectSelectPersonPositiveSelect" time="40.316"/>
  <system-out/>
</testsuite> <!-- test.ashiv.TestUseOfHome_TestCases -->
