<?xml version="1.0" encoding="UTF-8"?>
<!-- Generated by org.testng.reporters.JUnitReportReporter -->
<testsuite hostname="OB-Sum" failures="0" tests="1" name="test.ashiv.TestSupplierList_TestCases" time="81.729" errors="0" timestamp="2021-11-11T17:36:10 IST" skipped="0">
  <testcase classname="test.ashiv.TestSupplierList_TestCases" name="GoToUrlAssertUrlClickExpenditure1ClickView2ClickSupplierList3PositiveSelectCategorySearch4Ent" time="81.729"/>
  <system-out/>
</testsuite> <!-- test.ashiv.TestSupplierList_TestCases -->
