<?xml version="1.0" encoding="UTF-8"?>
<!-- Generated by org.testng.reporters.JUnitReportReporter -->
<testsuite hostname="OB-Sum" failures="0" tests="6" name="test.partialReconcileJonralEntrySToFlat.CreditNoteToReconcileForJonral_DefaultProfile" time="795.753" errors="0" timestamp="2021-12-09T18:16:51 IST" skipped="0">
  <testcase classname="test.partialReconcileJonralEntrySToFlat.CreditNoteToReconcileForJonral_DefaultProfile" name="GoToUrlAssertUrlPositiveEnternLOGINPositiveEnternPASSClickLoginGoToUrlAssertUrlClickAgentsP3" time="122.455"/>
  <system-out/>
  <testcase classname="test.partialReconcileJonralEntrySToFlat.CreditNoteToReconcileForJonral_DefaultProfile" name="GoToUrlAssertUrlPositiveEnternLOGINPositiveEnternPASSClickLoginGoToUrlAssertUrlClickAgentsP2" time="129.921"/>
  <system-out/>
  <testcase classname="test.partialReconcileJonralEntrySToFlat.CreditNoteToReconcileForJonral_DefaultProfile" name="GoToUrlAssertUrlPositiveEnternLOGINPositiveEnternPASSClickLoginGoToUrlAssertUrlClickAgentsP1" time="163.987"/>
  <system-out/>
  <testcase classname="test.partialReconcileJonralEntrySToFlat.CreditNoteToReconcileForJonral_DefaultProfile" name="GoToUrlAssertUrlPositiveEnternLOGINPositiveEnternPASSClickLoginGoToUrlAssertUrlClickAgentsP4" time="122.203"/>
  <system-out/>
  <testcase classname="test.partialReconcileJonralEntrySToFlat.CreditNoteToReconcileForJonral_DefaultProfile" name="GoToUrlAssertUrlPositiveEnternLOGINPositiveEnternPASSClickLoginGoToUrlAssertUrlClickAgentsP5" time="128.189"/>
  <system-out/>
  <testcase classname="test.partialReconcileJonralEntrySToFlat.CreditNoteToReconcileForJonral_DefaultProfile" name="GoToUrlAssertUrlPositiveEnternLOGINPositiveEnternPASSClickLoginGoToUrlAssertUrlClickAgentsP6" time="128.998"/>
  <system-out/>
</testsuite> <!-- test.partialReconcileJonralEntrySToFlat.CreditNoteToReconcileForJonral_DefaultProfile -->
