<?xml version="1.0" encoding="UTF-8"?>
<!-- Generated by org.testng.reporters.JUnitReportReporter -->
<testsuite hostname="OB-Sum" failures="0" tests="3" name="Test_Balance_RE_Jour_Bank_Supp_3.TC_03_3_BS_FixedAsset_35_To_39_With_Journal_Bank_Supplier" time="273.864" errors="0" timestamp="2022-02-19T09:42:03 IST" skipped="0">
  <testcase classname="Test_Balance_RE_Jour_Bank_Supp_3.TC_03_3_BS_FixedAsset_35_To_39_With_Journal_Bank_Supplier" name="GoToUrlAssertUrlPositiveEnternLOGINPositiveEnternPASSClickLoginGoToUrlAssertUrlClickAgentsP2" time="110.946"/>
  <system-out/>
  <testcase classname="Test_Balance_RE_Jour_Bank_Supp_3.TC_03_3_BS_FixedAsset_35_To_39_With_Journal_Bank_Supplier" name="GoToUrlAssertUrlPositiveEnternLOGINPositiveEnternPASSClickLoginGoToUrlAssertUrlClickAgentsP1" time="51.196"/>
  <system-out>
    <![CDATA[ledger 1 entered :35 - Goodwill Amortisation B/Fwd
ledger 2 entered :36 - Goodwill Amortisation Disposals
ledger 3 entered :37 - Goodwill Amortisation Revaluations
ledger 4 entered :38 - Goodwill Amortisation Transfers
ledger 5 entered :39 - Goodwill Amortisation Charge
Ledger code verified: Goodwill Amortisation B/Fwd
Amount enter verified: 1,000.00
Ledger code verified: Goodwill Amortisation Disposals
Amount enter verified: 1,000.00
Ledger code verified: Goodwill Amortisation Revaluations
Amount enter verified: 1,000.00
Ledger code verified: Goodwill Amortisation Transfers
Amount enter verified: 1,000.00
Ledger code verified: Goodwill Amortisation Charge
Amount enter verified: (4,000.00)
Enteries are Verified on Balance Sheet Report page :]]>
  </system-out>
  <testcase classname="Test_Balance_RE_Jour_Bank_Supp_3.TC_03_3_BS_FixedAsset_35_To_39_With_Journal_Bank_Supplier" name="GoToUrlAssertUrlPositiveEnternLOGINPositiveEnternPASSClickLoginGoToUrlAssertUrlClickAgentsP3" time="111.722"/>
  <system-out/>
</testsuite> <!-- Test_Balance_RE_Jour_Bank_Supp_3.TC_03_3_BS_FixedAsset_35_To_39_With_Journal_Bank_Supplier -->
