<?xml version="1.0" encoding="UTF-8"?>
<!-- Generated by org.testng.reporters.JUnitReportReporter -->
<testsuite hostname="OB-Yogesh" failures="0" tests="1" name="test.PartialReconciledCases.ScriptPostVATReturn1stVATReturnReport_STOFlat_DefaultProfile" time="37.559" errors="0" timestamp="2021-03-24T18:27:15 IST" skipped="0">
  <testcase classname="test.PartialReconciledCases.ScriptPostVATReturn1stVATReturnReport_STOFlat_DefaultProfile" name="GoToUrlAssertUrlPositiveEnterUserNamePositiveEnterPasswordClickLoginButtonGoToUrlAssertUrlCl" time="37.559"/>
  <system-out/>
</testsuite> <!-- test.PartialReconciledCases.ScriptPostVATReturn1stVATReturnReport_STOFlat_DefaultProfile -->
