<?xml version="1.0" encoding="UTF-8"?>
<!-- Generated by org.testng.reporters.JUnitReportReporter -->
<testsuite hostname="OB-Sum" failures="0" tests="1" name="test.PartialReconcileOnFlatRate.ScriptEditVATFlatP_DefaultProfile" time="65.248" errors="0" timestamp="2022-02-06T06:55:31 IST" skipped="0">
  <testcase classname="test.PartialReconcileOnFlatRate.ScriptEditVATFlatP_DefaultProfile" name="GoToUrlAssertUrlPositiveEnterUserNamePositiveEnterPasswordClickLoginButtonGoToUrlAssertUrlCl3" time="65.248"/>
  <system-out/>
</testsuite> <!-- test.PartialReconcileOnFlatRate.ScriptEditVATFlatP_DefaultProfile -->
