<?xml version="1.0" encoding="UTF-8"?>
<!-- Generated by org.testng.reporters.JUnitReportReporter -->
<testsuite hostname="OB-Sum" failures="0" tests="6" name="Supplier_FRSToStandard.ScriptSupplierBill_FRSToStandard_DefaultProfile" time="310.668" errors="0" timestamp="2021-12-19T01:41:01 IST" skipped="0">
  <testcase classname="Supplier_FRSToStandard.ScriptSupplierBill_FRSToStandard_DefaultProfile" name="GoToUrlAssertUrlPositiveEnterUserNamePositiveEnterPasswordClickLoginButtonGoToUrlAssertUrlCl3" time="51.386"/>
  <system-out/>
  <testcase classname="Supplier_FRSToStandard.ScriptSupplierBill_FRSToStandard_DefaultProfile" name="GoToUrlAssertUrlPositiveEnterUserNamePositiveEnterPasswordClickLoginButtonGoToUrlAssertUrlCl4" time="51.034"/>
  <system-out/>
  <testcase classname="Supplier_FRSToStandard.ScriptSupplierBill_FRSToStandard_DefaultProfile" name="GoToUrlAssertUrlPositiveEnterUserNamePositiveEnterPasswordClickLoginButtonGoToUrlAssertUrlCl1" time="52.118"/>
  <system-out/>
  <testcase classname="Supplier_FRSToStandard.ScriptSupplierBill_FRSToStandard_DefaultProfile" name="GoToUrlAssertUrlPositiveEnterUserNamePositiveEnterPasswordClickLoginButtonGoToUrlAssertUrlCl6" time="54.203"/>
  <system-out/>
  <testcase classname="Supplier_FRSToStandard.ScriptSupplierBill_FRSToStandard_DefaultProfile" name="GoToUrlAssertUrlPositiveEnterUserNamePositiveEnterPasswordClickLoginButtonGoToUrlAssertUrlCl5" time="51.416"/>
  <system-out/>
  <testcase classname="Supplier_FRSToStandard.ScriptSupplierBill_FRSToStandard_DefaultProfile" name="GoToUrlAssertUrlPositiveEnterUserNamePositiveEnterPasswordClickLoginButtonGoToUrlAssertUrlCl2" time="50.511"/>
  <system-out/>
</testsuite> <!-- Supplier_FRSToStandard.ScriptSupplierBill_FRSToStandard_DefaultProfile -->
