<?xml version="1.0" encoding="UTF-8"?>
<!-- Generated by org.testng.reporters.JUnitReportReporter -->
<testsuite hostname="OB-Yogesh" failures="0" tests="1" name="test.FlatToStandard.ScriptVerifyByTrialBalanceDefaultProfile_SToNOVAT" time="34.596" errors="0" timestamp="2021-02-17T20:42:40 IST" skipped="0">
  <testcase classname="test.FlatToStandard.ScriptVerifyByTrialBalanceDefaultProfile_SToNOVAT" name="GoToUrlAssertUrlPositiveEnterUserNamePositiveEnterPasswordClickLoginButtonGoToUrlAssertUrlCl" time="34.596"/>
  <system-out/>
</testsuite> <!-- test.FlatToStandard.ScriptVerifyByTrialBalanceDefaultProfile_SToNOVAT -->
