<?xml version="1.0" encoding="UTF-8"?>
<!-- Generated by org.testng.reporters.JUnitReportReporter -->
<testsuite hostname="OB-Sum" failures="0" tests="1" name="VAT3_UnReconciled_FtoS.Un_F2S_ScriptPostVATReturn3stVATReturnReport" time="36.841" errors="0" timestamp="2021-11-26T16:06:34 IST" skipped="0">
  <testcase classname="VAT3_UnReconciled_FtoS.Un_F2S_ScriptPostVATReturn3stVATReturnReport" name="GoToUrlAssertUrlPositiveEnterUserNamePositiveEnterPasswordClickLoginButtonGoToUrlAssertUrlCl" time="36.841"/>
  <system-out/>
</testsuite> <!-- VAT3_UnReconciled_FtoS.Un_F2S_ScriptPostVATReturn3stVATReturnReport -->
