<?xml version="1.0" encoding="UTF-8"?>
<!-- Generated by org.testng.reporters.JUnitReportReporter -->
<testsuite hostname="OB-Sum" failures="0" tests="1" name="ExpenceRemFlatToFlatPer.ScriptPostVATReturn1stVATReturnReport_DefaultProfile" time="51.346" errors="0" timestamp="2021-12-19T01:41:00 IST" skipped="0">
  <testcase classname="ExpenceRemFlatToFlatPer.ScriptPostVATReturn1stVATReturnReport_DefaultProfile" name="GoToUrlAssertUrlPositiveEnterUserNamePositiveEnterPasswordClickLoginButtonGoToUrlAssertUrlCl" time="51.346"/>
  <system-out/>
</testsuite> <!-- ExpenceRemFlatToFlatPer.ScriptPostVATReturn1stVATReturnReport_DefaultProfile -->
