<?xml version="1.0" encoding="UTF-8"?>
<!-- Generated by org.testng.reporters.JUnitReportReporter -->
<testsuite hostname="OB-Sum" failures="0" tests="1" name="Test_Trail_Balance_Report.TC_07_LadgerCode_1321_1321_1321_Report" time="115.454" errors="0" timestamp="2021-12-15T20:59:15 IST" skipped="0">
  <testcase classname="Test_Trail_Balance_Report.TC_07_LadgerCode_1321_1321_1321_Report" name="GoToUrlAssertUrlPositiveEnternLOGINPositiveEnternPASSClickLoginGoToUrlAssertUrlClickAgentsP1" time="115.454"/>
  <system-out/>
</testsuite> <!-- Test_Trail_Balance_Report.TC_07_LadgerCode_1321_1321_1321_Report -->
