<?xml version="1.0" encoding="UTF-8"?>
<!-- Generated by org.testng.reporters.JUnitReportReporter -->
<testsuite hostname="OB-Sum" failures="0" tests="1" name="test.ashiv.ScriptVATOnlyInvoice_DefaultProfile" time="43.689" errors="0" timestamp="2021-10-30T11:05:42 IST" skipped="0">
  <testcase classname="test.ashiv.ScriptVATOnlyInvoice_DefaultProfile" name="GoToUrlAssertUrlPositiveEnterUserNamePositiveEnterPasswordClickLoginButtonGoToUrlAssertUrl_TC03" time="43.689"/>
  <system-out/>
</testsuite> <!-- test.ashiv.ScriptVATOnlyInvoice_DefaultProfile -->
