<?xml version="1.0" encoding="UTF-8"?>
<!-- Generated by org.testng.reporters.JUnitReportReporter -->
<testsuite hostname="OB-Yogesh" failures="0" tests="6" name="VATPhase3_Banking_allocateToExp.BankingTr_VATPH3_FlatToNoVATDefaultProfile_3" time="184.755" errors="0" timestamp="2021-05-13T14:06:07 IST" skipped="0">
  <testcase classname="VATPhase3_Banking_allocateToExp.BankingTr_VATPH3_FlatToNoVATDefaultProfile_3" name="GoToUrlAssertUrlPositiveEnternLOGINPositiveEnternPASSClickLoginGoToUrlAssertUrlClickAgentsP6" time="30.181"/>
  <system-out/>
  <testcase classname="VATPhase3_Banking_allocateToExp.BankingTr_VATPH3_FlatToNoVATDefaultProfile_3" name="GoToUrlAssertUrlPositiveEnternLOGINPositiveEnternPASSClickLoginGoToUrlAssertUrlClickAgentsP2" time="30.613"/>
  <system-out/>
  <testcase classname="VATPhase3_Banking_allocateToExp.BankingTr_VATPH3_FlatToNoVATDefaultProfile_3" name="GoToUrlAssertUrlPositiveEnternLOGINPositiveEnternPASSClickLoginGoToUrlAssertUrlClickAgentsP1" time="31.390"/>
  <system-out/>
  <testcase classname="VATPhase3_Banking_allocateToExp.BankingTr_VATPH3_FlatToNoVATDefaultProfile_3" name="GoToUrlAssertUrlPositiveEnternLOGINPositiveEnternPASSClickLoginGoToUrlAssertUrlClickAgentsP3" time="30.871"/>
  <system-out/>
  <testcase classname="VATPhase3_Banking_allocateToExp.BankingTr_VATPH3_FlatToNoVATDefaultProfile_3" name="GoToUrlAssertUrlPositiveEnternLOGINPositiveEnternPASSClickLoginGoToUrlAssertUrlClickAgentsP4" time="31.149"/>
  <system-out/>
  <testcase classname="VATPhase3_Banking_allocateToExp.BankingTr_VATPH3_FlatToNoVATDefaultProfile_3" name="GoToUrlAssertUrlPositiveEnternLOGINPositiveEnternPASSClickLoginGoToUrlAssertUrlClickAgentsP5" time="30.551"/>
  <system-out/>
</testsuite> <!-- VATPhase3_Banking_allocateToExp.BankingTr_VATPH3_FlatToNoVATDefaultProfile_3 -->
