<?xml version="1.0" encoding="UTF-8"?>
<!-- Generated by org.testng.reporters.JUnitReportReporter -->
<testsuite hostname="OB-Sum" failures="0" tests="1" name="ExpenceRemFlatToFlatPer.ScriptFlatToFlatP_DefaultProfile" time="55.952" errors="0" timestamp="2021-12-09T11:24:15 IST" skipped="0">
  <testcase classname="ExpenceRemFlatToFlatPer.ScriptFlatToFlatP_DefaultProfile" name="GoToUrlAssertUrlPositiveEnterUserNamePositiveEnterPasswordClickLoginButtonGoToUrlAssertUrlCl1" time="55.952"/>
  <system-out/>
</testsuite> <!-- ExpenceRemFlatToFlatPer.ScriptFlatToFlatP_DefaultProfile -->
