<?xml version="1.0" encoding="UTF-8"?>
<!-- Generated by org.testng.reporters.JUnitReportReporter -->
<testsuite hostname="OB-Yogesh" failures="0" tests="2" name="tests.TestscriptAgent_DefaultProfile" time="28.724" errors="0" timestamp="2021-01-08T20:02:43 IST" skipped="0">
  <testcase classname="tests.TestscriptAgent_DefaultProfile" name="GoToUrlAssertUrlPositiveEnterUserNamePositiveEnterPasswordClickLoginButtonGoToUrlAssertUrlCl2" time="14.628"/>
  <system-out/>
  <testcase classname="tests.TestscriptAgent_DefaultProfile" name="GoToUrlAssertUrlPositiveEnterUserNamePositiveEnterPasswordClickLoginButtonGoToUrlAssertUrlCl1" time="14.096"/>
  <system-out/>
</testsuite> <!-- tests.TestscriptAgent_DefaultProfile -->
