<?xml version="1.0" encoding="UTF-8"?>
<!-- Generated by org.testng.reporters.JUnitReportReporter -->
<testsuite hostname="OB-Sum" failures="0" tests="1" name="VAT3.FullREC_S2_NOVAT.Supplier_PostVATReturn2stVATReturnReport_2" time="55.753" errors="0" timestamp="2021-12-19T01:41:02 IST" skipped="0">
  <testcase classname="VAT3.FullREC_S2_NOVAT.Supplier_PostVATReturn2stVATReturnReport_2" name="GoToUrlAssertUrlPositiveEnterUserNamePositiveEnterPasswordClickLoginButtonGoToUrlAssertUrlCl" time="55.753"/>
  <system-out/>
</testsuite> <!-- VAT3.FullREC_S2_NOVAT.Supplier_PostVATReturn2stVATReturnReport_2 -->
