<?xml version="1.0" encoding="UTF-8"?>
<!-- Generated by org.testng.reporters.JUnitReportReporter -->
<testsuite hostname="OB-Sum" failures="0" tests="14" name="test.ashiv.Rule1_rule1" time="9892.358" errors="0" timestamp="2022-02-19T09:42:02 IST" skipped="0">
  <testcase classname="test.ashiv.Rule1_rule1" name="GoToUrlClickMenuBankRulesPositiveSelectConditionFormulaEnterRuleDescClickAccountSelectcodePositiveSelectGetdataOpenBankTrnsfillExptDrBankTrns" time="837.024"/>
  <system-out/>
  <testcase classname="test.ashiv.Rule1_rule1" name="GoToUrlClickMenuBankRulesPositiveSelectConditionFormulaEnterRuleDescClickAccountSelectcodePositiveSelectGetdataOpenBankTrnsfillZRBothBankTrns" time="826.105"/>
  <system-out/>
  <testcase classname="test.ashiv.Rule1_rule1" name="GoToUrlClickMenuBankRulesPositiveSelectConditionFormulaEnterRuleDescClickAccountPositiveSelectGetdataOpenBankTrnsfillStdBothBankTrns" time="842.845"/>
  <system-out/>
  <testcase classname="test.ashiv.Rule1_rule1" name="GoToUrlClickMenuBankRulesPositiveSelectConditionFormulaEnterRuleDescClickAccountPositiveSelectGetdataOpenBankTrnsfillStdDRBankTrns" time="385.334"/>
  <system-out/>
  <testcase classname="test.ashiv.Rule1_rule1" name="GoToUrlClickMenuBankRulesPositiveSelectConditionFormulaEnterRuleDescClickAccountSelectcodePositiveSelectGetdataOpenBankTrnsfillExptBothBankTrns" time="838.763"/>
  <system-out/>
  <testcase classname="test.ashiv.Rule1_rule1" name="GoToUrlClickMenuBankRulesPositiveSelectConditionFormulaEnterRuleDescClickAccountSelectcodePositiveSelectGetdataOpenBankTrnsfillRRCrBankTrns" time="827.416"/>
  <system-out/>
  <testcase classname="test.ashiv.Rule1_rule1" name="GoToUrlClickMenuBankRulesPositiveSelectConditionFormulaEnterRuleDescClickAccountSelectcodePositiveSelectGetdataOpenBankTrnsfillOutsDRBankTrns" time="381.044"/>
  <system-out/>
  <testcase classname="test.ashiv.Rule1_rule1" name="GoToUrlClickMenuBankRulesPositiveSelectConditionFormulaEnterRuleDescClickAccountPositiveSelectGetdataOpenBankTrnsfillStdCrBankTrns" time="394.415"/>
  <system-out/>
  <testcase classname="test.ashiv.Rule1_rule1" name="GoToUrlClickMenuBankRulesPositiveSelectConditionFormulaEnterRuleDescClickAccountSelectcodePositiveSelectGetdataOpenBankTrnsfillExptCrBankTrns" time="846.483"/>
  <system-out/>
  <testcase classname="test.ashiv.Rule1_rule1" name="GoToUrlClickMenuBankRulesPositiveSelectConditionFormulaEnterRuleDescClickAccountSelectcodePositiveSelectGetdataOpenBankTrnsfillNoVatDRBankTrns" time="830.295"/>
  <system-out/>
  <testcase classname="test.ashiv.Rule1_rule1" name="GoToUrlClickMenuBankRulesPositiveSelectConditionFormulaEnterRuleDescClickAccountSelectcodePositiveSelectGetdataOpenBankTrnsfillRRBothBankTrns" time="829.348"/>
  <system-out/>
  <testcase classname="test.ashiv.Rule1_rule1" name="GoToUrlClickMenuBankRulesPositiveSelectConditionFormulaEnterRuleDescClickAccountSelectcodePositiveSelectGetdataOpenBankTrnsfillNoVatBothBankTrns" time="845.794"/>
  <system-out/>
  <testcase classname="test.ashiv.Rule1_rule1" name="GoToUrlClickMenuBankRulesPositiveSelectConditionFormulaEnterRuleDescClickAccountSelectcodePositiveSelectGetdataOpenBankTrnsfillNoVatCrBankTrns" time="824.689"/>
  <system-out/>
  <testcase classname="test.ashiv.Rule1_rule1" name="GoToUrlClickMenuBankRulesPositiveSelectConditionFormulaEnterRuleDescClickAccountSelectcodePositiveSelectGetdataOpenBankTrnsfillOutsBothBankTrns" time="382.803"/>
  <system-out/>
</testsuite> <!-- test.ashiv.Rule1_rule1 -->
