<?xml version="1.0" encoding="UTF-8"?>
<!-- Generated by org.testng.reporters.JUnitReportReporter -->
<testsuite hostname="OB-Sum" failures="0" tests="1" name="test.ashiv.Vikash_Dashboard_Payroll" time="56.750" errors="0" timestamp="2021-12-09T19:40:13 IST" skipped="0">
  <testcase classname="test.ashiv.Vikash_Dashboard_Payroll" name="GoToUrlAssertUrlPositiveEnterUserNamePositiveEnterPasswordClickLoginButtonGoToUrlAssertAgentClientBusinessExpenditure_NewDebitNote_SaveBtnSuccessMessageScreenWithInvoiceNumRecallLastTrnschangeBillNum" time="56.750"/>
  <system-out/>
</testsuite> <!-- test.ashiv.Vikash_Dashboard_Payroll -->
