<?xml version="1.0" encoding="UTF-8"?>
<!-- Generated by org.testng.reporters.JUnitReportReporter -->
<testsuite hostname="OB-Sum" failures="0" tests="6" name="VAT3_InvoiceUnreconcileCases.Script_Invoice_StandToFlat_DefaultProfile_4" time="329.645" errors="0" timestamp="2021-12-19T01:41:01 IST" skipped="0">
  <testcase classname="VAT3_InvoiceUnreconcileCases.Script_Invoice_StandToFlat_DefaultProfile_4" name="GoToUrlAssertUrlPositiveEnterUserNamePositiveEnterPasswordClickLoginButtonGoToUrlAssertUrlCl4" time="54.930"/>
  <system-out/>
  <testcase classname="VAT3_InvoiceUnreconcileCases.Script_Invoice_StandToFlat_DefaultProfile_4" name="GoToUrlAssertUrlPositiveEnterUserNamePositiveEnterPasswordClickLoginButtonGoToUrlAssertUrlCl2" time="56.077"/>
  <system-out/>
  <testcase classname="VAT3_InvoiceUnreconcileCases.Script_Invoice_StandToFlat_DefaultProfile_4" name="GoToUrlAssertUrlPositiveEnterUserNamePositiveEnterPasswordClickLoginButtonGoToUrlAssertUrlCl5" time="55.493"/>
  <system-out/>
  <testcase classname="VAT3_InvoiceUnreconcileCases.Script_Invoice_StandToFlat_DefaultProfile_4" name="GoToUrlAssertUrlPositiveEnterUserNamePositiveEnterPasswordClickLoginButtonGoToUrlAssertUrlCl6" time="54.375"/>
  <system-out/>
  <testcase classname="VAT3_InvoiceUnreconcileCases.Script_Invoice_StandToFlat_DefaultProfile_4" name="GoToUrlAssertUrlPositiveEnterUserNamePositiveEnterPasswordClickLoginButtonGoToUrlAssertUrlCl1" time="53.596"/>
  <system-out/>
  <testcase classname="VAT3_InvoiceUnreconcileCases.Script_Invoice_StandToFlat_DefaultProfile_4" name="GoToUrlAssertUrlPositiveEnterUserNamePositiveEnterPasswordClickLoginButtonGoToUrlAssertUrlCl3" time="55.174"/>
  <system-out/>
</testsuite> <!-- VAT3_InvoiceUnreconcileCases.Script_Invoice_StandToFlat_DefaultProfile_4 -->
