<?xml version="1.0" encoding="UTF-8"?>
<!-- Generated by org.testng.reporters.JUnitReportReporter -->
<testsuite hostname="OB-Sum" failures="0" tests="1" name="Ashiv_tests_Demo.SelectAgentTests_DefaultProfile" time="21.108" errors="0" timestamp="2021-09-17T21:52:25 IST" skipped="0">
  <testcase classname="Ashiv_tests_Demo.SelectAgentTests_DefaultProfile" name="GoToUrlAssertUrlClickSearchClickSelectAgent" time="21.108"/>
  <system-out/>
</testsuite> <!-- Ashiv_tests_Demo.SelectAgentTests_DefaultProfile -->
