<?xml version="1.0" encoding="UTF-8"?>
<!-- Generated by org.testng.reporters.JUnitReportReporter -->
<testsuite hostname="OB-Yogesh" failures="0" tests="1" name="ExpenceRemFlatToFlatPer.ScriptEditSettingToVATType_DefaultProfile" time="73.949" errors="0" timestamp="2021-04-24T16:07:42 IST" skipped="0">
  <testcase classname="ExpenceRemFlatToFlatPer.ScriptEditSettingToVATType_DefaultProfile" name="GoToUrlAssertUrlPositiveEnterUserNamePositiveEnterPasswordClickLoginButtonGoToUrlAssertUrlCl2" time="73.949"/>
  <system-out/>
</testsuite> <!-- ExpenceRemFlatToFlatPer.ScriptEditSettingToVATType_DefaultProfile -->
