<?xml version="1.0" encoding="UTF-8"?>
<!-- Generated by org.testng.reporters.JUnitReportReporter -->
<testsuite hostname="OB-Sum" failures="0" tests="6" name="ExpenceRemFlatToStand.SaleInToReconcileForExpenseRem_DefaultProfile" time="516.861" errors="0" timestamp="2022-02-06T06:55:31 IST" skipped="0">
  <testcase classname="ExpenceRemFlatToStand.SaleInToReconcileForExpenseRem_DefaultProfile" name="GoToUrlAssertUrlPositiveEnternLOGINPositiveEnternPASSClickLoginGoToUrlAssertUrlClickAgentsP1" time="82.470"/>
  <system-out/>
  <testcase classname="ExpenceRemFlatToStand.SaleInToReconcileForExpenseRem_DefaultProfile" name="GoToUrlAssertUrlPositiveEnternLOGINPositiveEnternPASSClickLoginGoToUrlAssertUrlClickAgentsP5" time="88.400"/>
  <system-out/>
  <testcase classname="ExpenceRemFlatToStand.SaleInToReconcileForExpenseRem_DefaultProfile" name="GoToUrlAssertUrlPositiveEnternLOGINPositiveEnternPASSClickLoginGoToUrlAssertUrlClickAgentsP6" time="85.662"/>
  <system-out/>
  <testcase classname="ExpenceRemFlatToStand.SaleInToReconcileForExpenseRem_DefaultProfile" name="GoToUrlAssertUrlPositiveEnternLOGINPositiveEnternPASSClickLoginGoToUrlAssertUrlClickAgentsP4" time="84.565"/>
  <system-out/>
  <testcase classname="ExpenceRemFlatToStand.SaleInToReconcileForExpenseRem_DefaultProfile" name="GoToUrlAssertUrlPositiveEnternLOGINPositiveEnternPASSClickLoginGoToUrlAssertUrlClickAgentsP2" time="92.559"/>
  <system-out/>
  <testcase classname="ExpenceRemFlatToStand.SaleInToReconcileForExpenseRem_DefaultProfile" name="GoToUrlAssertUrlPositiveEnternLOGINPositiveEnternPASSClickLoginGoToUrlAssertUrlClickAgentsP3" time="83.205"/>
  <system-out/>
</testsuite> <!-- ExpenceRemFlatToStand.SaleInToReconcileForExpenseRem_DefaultProfile -->
