<?xml version="1.0" encoding="UTF-8"?>
<!-- Generated by org.testng.reporters.JUnitReportReporter -->
<testsuite hostname="OB-Sum" failures="0" tests="1" name="test.partialReconcileJonralEntrySToFlat.ScriptVATReturn1stVATReturnReport_SToFRS_DefaultProfile" time="49.587" errors="0" timestamp="2021-12-19T01:41:02 IST" skipped="0">
  <testcase classname="test.partialReconcileJonralEntrySToFlat.ScriptVATReturn1stVATReturnReport_SToFRS_DefaultProfile" name="GoToUrlAssertUrlPositiveEnterUserNamePositiveEnterPasswordClickLoginButtonGoToUrlAssertUrlCl" time="49.587"/>
  <system-out/>
</testsuite> <!-- test.partialReconcileJonralEntrySToFlat.ScriptVATReturn1stVATReturnReport_SToFRS_DefaultProfile -->
