<?xml version="1.0" encoding="UTF-8"?>
<!-- Generated by org.testng.reporters.JUnitReportReporter -->
<testsuite hostname="OB-Sum" failures="0" tests="6" name="VAT3.FullREC_F2_NOVAT.Supplier_SupplierBill_Default2" time="692.088" errors="0" timestamp="2022-02-07T19:49:30 IST" skipped="0">
  <testcase classname="VAT3.FullREC_F2_NOVAT.Supplier_SupplierBill_Default2" name="GoToUrlAssertUrlPositiveEnternLOGINPositiveEnternPASSClickLoginGoToUrlAssertUrlClickAgentsP6" time="119.009"/>
  <system-out/>
  <testcase classname="VAT3.FullREC_F2_NOVAT.Supplier_SupplierBill_Default2" name="GoToUrlAssertUrlPositiveEnternLOGINPositiveEnternPASSClickLoginGoToUrlAssertUrlClickAgentsP4" time="110.613"/>
  <system-out/>
  <testcase classname="VAT3.FullREC_F2_NOVAT.Supplier_SupplierBill_Default2" name="GoToUrlAssertUrlPositiveEnternLOGINPositiveEnternPASSClickLoginGoToUrlAssertUrlClickAgentsP5" time="117.350"/>
  <system-out/>
  <testcase classname="VAT3.FullREC_F2_NOVAT.Supplier_SupplierBill_Default2" name="GoToUrlAssertUrlPositiveEnternLOGINPositiveEnternPASSClickLoginGoToUrlAssertUrlClickAgentsP1" time="114.375"/>
  <system-out/>
  <testcase classname="VAT3.FullREC_F2_NOVAT.Supplier_SupplierBill_Default2" name="GoToUrlAssertUrlPositiveEnternLOGINPositiveEnternPASSClickLoginGoToUrlAssertUrlClickAgentsP2" time="117.047"/>
  <system-out/>
  <testcase classname="VAT3.FullREC_F2_NOVAT.Supplier_SupplierBill_Default2" name="GoToUrlAssertUrlPositiveEnternLOGINPositiveEnternPASSClickLoginGoToUrlAssertUrlClickAgentsP3" time="113.694"/>
  <system-out/>
</testsuite> <!-- VAT3.FullREC_F2_NOVAT.Supplier_SupplierBill_Default2 -->
