<?xml version="1.0" encoding="UTF-8"?>
<!-- Generated by org.testng.reporters.JUnitReportReporter -->
<testsuite hostname="OB-Sum" failures="0" tests="2" name="test.FlatToStandard.ScriptVATOnlyInvoice_FlatToStandard_DefaultProfile" time="115.294" errors="0" timestamp="2022-02-06T06:55:28 IST" skipped="0">
  <testcase classname="test.FlatToStandard.ScriptVATOnlyInvoice_FlatToStandard_DefaultProfile" name="GoToUrlAssertUrlPositiveEnterUserNamePositiveEnterPasswordClickLoginButtonGoToUrlAssertUrlCl1" time="58.350"/>
  <system-out/>
  <testcase classname="test.FlatToStandard.ScriptVATOnlyInvoice_FlatToStandard_DefaultProfile" name="GoToUrlAssertUrlPositiveEnterUserNamePositiveEnterPasswordClickLoginButtonGoToUrlAssertUrlCl2" time="56.944"/>
  <system-out/>
</testsuite> <!-- test.FlatToStandard.ScriptVATOnlyInvoice_FlatToStandard_DefaultProfile -->
