<?xml version="1.0" encoding="UTF-8"?>
<!-- Generated by org.testng.reporters.JUnitReportReporter -->
<testsuite hostname="OB-Sum" failures="0" tests="2" name="test.AdvanceReconcilationFLATTOFLATP.SaleInToReconcileForVATOnly_DefaultProfile" time="136.686" errors="0" timestamp="2021-12-19T01:41:01 IST" skipped="0">
  <testcase classname="test.AdvanceReconcilationFLATTOFLATP.SaleInToReconcileForVATOnly_DefaultProfile" name="GoToUrlAssertUrlPositiveEnternLOGINPositiveEnternPASSClickLoginGoToUrlAssertUrlClickAgentsP2" time="68.308"/>
  <system-out/>
  <testcase classname="test.AdvanceReconcilationFLATTOFLATP.SaleInToReconcileForVATOnly_DefaultProfile" name="GoToUrlAssertUrlPositiveEnternLOGINPositiveEnternPASSClickLoginGoToUrlAssertUrlClickAgentsP1" time="68.378"/>
  <system-out/>
</testsuite> <!-- test.AdvanceReconcilationFLATTOFLATP.SaleInToReconcileForVATOnly_DefaultProfile -->
