<?xml version="1.0" encoding="UTF-8"?>
<!-- Generated by org.testng.reporters.JUnitReportReporter -->
<testsuite hostname="OB-Sum" failures="0" tests="6" name="VAT2.S2F.SaleInToReconcile_DefaultProfile_StoF_Cus" time="558.256" errors="0" timestamp="2021-12-09T11:24:14 IST" skipped="0">
  <testcase classname="VAT2.S2F.SaleInToReconcile_DefaultProfile_StoF_Cus" name="GoToUrlAssertUrlPositiveEnternLOGINPositiveEnternPASSClickLoginGoToUrlAssertUrlClickAgentsP2" time="89.435"/>
  <system-out/>
  <testcase classname="VAT2.S2F.SaleInToReconcile_DefaultProfile_StoF_Cus" name="GoToUrlAssertUrlPositiveEnternLOGINPositiveEnternPASSClickLoginGoToUrlAssertUrlClickAgentsP1" time="86.046"/>
  <system-out/>
  <testcase classname="VAT2.S2F.SaleInToReconcile_DefaultProfile_StoF_Cus" name="GoToUrlAssertUrlPositiveEnternLOGINPositiveEnternPASSClickLoginGoToUrlAssertUrlClickAgentsP4" time="96.036"/>
  <system-out/>
  <testcase classname="VAT2.S2F.SaleInToReconcile_DefaultProfile_StoF_Cus" name="GoToUrlAssertUrlPositiveEnternLOGINPositiveEnternPASSClickLoginGoToUrlAssertUrlClickAgentsP5" time="102.134"/>
  <system-out/>
  <testcase classname="VAT2.S2F.SaleInToReconcile_DefaultProfile_StoF_Cus" name="GoToUrlAssertUrlPositiveEnternLOGINPositiveEnternPASSClickLoginGoToUrlAssertUrlClickAgentsP3" time="87.788"/>
  <system-out/>
  <testcase classname="VAT2.S2F.SaleInToReconcile_DefaultProfile_StoF_Cus" name="GoToUrlAssertUrlPositiveEnternLOGINPositiveEnternPASSClickLoginGoToUrlAssertUrlClickAgentsP6" time="96.817"/>
  <system-out/>
</testsuite> <!-- VAT2.S2F.SaleInToReconcile_DefaultProfile_StoF_Cus -->
