<?xml version="1.0" encoding="UTF-8"?>
<!-- Generated by org.testng.reporters.JUnitReportReporter -->
<testsuite hostname="OB-Sum" failures="0" tests="2" name="test.PartialReconcileOnFlatRate.SaleInToReconcileForVATOnly_DefaultProfile" time="161.266" errors="0" timestamp="2022-02-06T06:55:35 IST" skipped="0">
  <testcase classname="test.PartialReconcileOnFlatRate.SaleInToReconcileForVATOnly_DefaultProfile" name="GoToUrlAssertUrlPositiveEnternLOGINPositiveEnternPASSClickLoginGoToUrlAssertUrlClickAgentsP2" time="78.973"/>
  <system-out/>
  <testcase classname="test.PartialReconcileOnFlatRate.SaleInToReconcileForVATOnly_DefaultProfile" name="GoToUrlAssertUrlPositiveEnternLOGINPositiveEnternPASSClickLoginGoToUrlAssertUrlClickAgentsP1" time="82.293"/>
  <system-out/>
</testsuite> <!-- test.PartialReconcileOnFlatRate.SaleInToReconcileForVATOnly_DefaultProfile -->
