<?xml version="1.0" encoding="UTF-8"?>
<!-- Generated by org.testng.reporters.JUnitReportReporter -->
<testsuite hostname="OB-Yogesh" failures="0" tests="1" name="Supplier_FRSToStandard.ScriptSupplierBill_FRSToNoVAT_DefaultProfile" time="41.420" errors="0" timestamp="2021-03-03T14:44:20 IST" skipped="0">
  <testcase classname="Supplier_FRSToStandard.ScriptSupplierBill_FRSToNoVAT_DefaultProfile" name="GoToUrlAssertUrlPositiveEnterUserNamePositiveEnterPasswordClickLoginButtonGoToUrlAssertUrlCl1" time="41.420"/>
  <system-out/>
</testsuite> <!-- Supplier_FRSToStandard.ScriptSupplierBill_FRSToNoVAT_DefaultProfile -->
