<?xml version="1.0" encoding="UTF-8"?>
<!-- Generated by org.testng.reporters.JUnitReportReporter -->
<testsuite hostname="OB-Sum" failures="0" tests="1" name="test.FlatToStandard.ScriptVerifyNewAddedRecord_FlatToStandard_DefaultProfile" time="126.270" errors="0" timestamp="2021-12-09T11:24:15 IST" skipped="0">
  <testcase classname="test.FlatToStandard.ScriptVerifyNewAddedRecord_FlatToStandard_DefaultProfile" name="GoToUrlAssertUrlPositiveEnterUserNamePositiveEnterPasswordClickLoginButtonGoToUrlAssertUrlCl" time="126.270"/>
  <system-out/>
</testsuite> <!-- test.FlatToStandard.ScriptVerifyNewAddedRecord_FlatToStandard_DefaultProfile -->
