<?xml version="1.0" encoding="UTF-8"?>
<!-- Generated by org.testng.reporters.JUnitReportReporter -->
<testsuite hostname="OB-Sum" failures="0" tests="2" name="tests.BalanceSheet_Bf.TC_41_BSBFTaxation109091_DefaultProfile_JB" time="221.309" errors="0" timestamp="2022-03-03T17:00:05 IST" skipped="0">
  <testcase classname="tests.BalanceSheet_Bf.TC_41_BSBFTaxation109091_DefaultProfile_JB" name="GoToUrlAssertUrlPositiveEnternLOGINPositiveEnternPASSClickLoginGoToUrlAssertUrlClickAgentsP1" time="124.971"/>
  <system-out>
    <![CDATA[Accounting Period Status : Account UnClosed 
Accounting Period Status : Account UnLocked
ledger 1 entered :1090 - Corporation Tax Payable
ledger 2 entered :1091 - CIS Payable
ledger 3 entered :1400 - Default Bank
Accounting Period Status :- Account period closed
Ledger code verified: Corporation Tax Payable
Amount enter verified: 1,000.00
Ledger code verified: CIS Payable
Amount enter verified: 1,100.00
Enteries are Verified on Balance Sheet Report page :
Ledger code verified: Corporation Tax Payable
Amount enter verified: 1,000.00
Ledger code verified: CIS Payable
Amount enter verified: 1,100.00
Enteries are Verified on Balance Sheet Report page :]]>
  </system-out>
  <testcase classname="tests.BalanceSheet_Bf.TC_41_BSBFTaxation109091_DefaultProfile_JB" name="GoToUrlAssertUrlPositiveEnternLOGINPositiveEnternPASSClickLoginGoToUrlAssertUrlClickAgentsP3" time="96.338"/>
  <system-out>
    <![CDATA[Accounting Period Status : Account UnClosed 
Accounting Period Status : Account UnLocked
Accounting Period Status :- Account period closed]]>
  </system-out>
</testsuite> <!-- tests.BalanceSheet_Bf.TC_41_BSBFTaxation109091_DefaultProfile_JB -->
