<?xml version="1.0" encoding="UTF-8"?>
<!-- Generated by org.testng.reporters.JUnitReportReporter -->
<testsuite hostname="OB-Sum" failures="0" tests="6" name="VAT3_UnReconciled_STOF.UN_ReconcileForDebitNote_1" time="331.771" errors="0" timestamp="2021-12-01T04:35:04 IST" skipped="0">
  <testcase classname="VAT3_UnReconciled_STOF.UN_ReconcileForDebitNote_1" name="GoToUrlAssertUrlPositiveEnternLOGINPositiveEnternPASSClickLoginGoToUrlAssertUrlClickAgentsP2" time="55.639"/>
  <system-out/>
  <testcase classname="VAT3_UnReconciled_STOF.UN_ReconcileForDebitNote_1" name="GoToUrlAssertUrlPositiveEnternLOGINPositiveEnternPASSClickLoginGoToUrlAssertUrlClickAgentsP6" time="55.191"/>
  <system-out/>
  <testcase classname="VAT3_UnReconciled_STOF.UN_ReconcileForDebitNote_1" name="GoToUrlAssertUrlPositiveEnternLOGINPositiveEnternPASSClickLoginGoToUrlAssertUrlClickAgentsP1" time="54.285"/>
  <system-out/>
  <testcase classname="VAT3_UnReconciled_STOF.UN_ReconcileForDebitNote_1" name="GoToUrlAssertUrlPositiveEnternLOGINPositiveEnternPASSClickLoginGoToUrlAssertUrlClickAgentsP3" time="56.072"/>
  <system-out/>
  <testcase classname="VAT3_UnReconciled_STOF.UN_ReconcileForDebitNote_1" name="GoToUrlAssertUrlPositiveEnternLOGINPositiveEnternPASSClickLoginGoToUrlAssertUrlClickAgentsP7" time="53.976"/>
  <system-out/>
  <testcase classname="VAT3_UnReconciled_STOF.UN_ReconcileForDebitNote_1" name="GoToUrlAssertUrlPositiveEnternLOGINPositiveEnternPASSClickLoginGoToUrlAssertUrlClickAgentsP71" time="56.608"/>
  <system-out/>
</testsuite> <!-- VAT3_UnReconciled_STOF.UN_ReconcileForDebitNote_1 -->
