<?xml version="1.0" encoding="UTF-8"?>
<!-- Generated by org.testng.reporters.JUnitReportReporter -->
<testsuite hostname="OB-Sum" failures="0" tests="1" name="VAT3.FullREC_F2_Standard.Suplier_addvatrate_Addvat1_6" time="48.614" errors="0" timestamp="2022-02-06T06:55:30 IST" skipped="0">
  <testcase classname="VAT3.FullREC_F2_Standard.Suplier_addvatrate_Addvat1_6" name="GoToUrlAssertUrlPositiveSelectVATStatus1PositiveEnterEffectiveDatePositiveSelectFlatrateBusines" time="48.614"/>
  <system-out/>
</testsuite> <!-- VAT3.FullREC_F2_Standard.Suplier_addvatrate_Addvat1_6 -->
