<?xml version="1.0" encoding="UTF-8"?>
<!-- Generated by org.testng.reporters.JUnitReportReporter -->
<testsuite hostname="OB-Sum" failures="0" tests="1" name="VAT3_InvoiceAdvanceReconcile.ScriptVATReturn2stVATReturnReport_SToFRS_DefaultProfilePartioalReconcile_2" time="66.577" errors="0" timestamp="2021-12-19T01:40:59 IST" skipped="0">
  <testcase classname="VAT3_InvoiceAdvanceReconcile.ScriptVATReturn2stVATReturnReport_SToFRS_DefaultProfilePartioalReconcile_2" name="GoToUrlAssertUrlPositiveEnterUserNamePositiveEnterPasswordClickLoginButtonGoToUrlAssertUrlCl" time="66.577"/>
  <system-out/>
</testsuite> <!-- VAT3_InvoiceAdvanceReconcile.ScriptVATReturn2stVATReturnReport_SToFRS_DefaultProfilePartioalReconcile_2 -->
