<?xml version="1.0" encoding="UTF-8"?>
<!-- Generated by org.testng.reporters.JUnitReportReporter -->
<testsuite hostname="OB-Yogesh" failures="0" tests="1" name="ExpenceRem.ScriptEditSettingToVATType_DefaultProfile" time="63.644" errors="0" timestamp="2021-04-18T23:04:58 IST" skipped="0">
  <testcase classname="ExpenceRem.ScriptEditSettingToVATType_DefaultProfile" name="GoToUrlAssertUrlPositiveEnterUserNamePositiveEnterPasswordClickLoginButtonGoToUrlAssertUrlCl2" time="63.644"/>
  <system-out/>
</testsuite> <!-- ExpenceRem.ScriptEditSettingToVATType_DefaultProfile -->
