<?xml version="1.0" encoding="UTF-8"?>
<!-- Generated by org.testng.reporters.JUnitReportReporter -->
<testsuite hostname="OB-Sum" failures="0" tests="10" name="test.ashiv.trialbalance_TRBALANKCE" time="502.783" errors="0" timestamp="2021-11-11T17:36:10 IST" skipped="0">
  <testcase classname="test.ashiv.trialbalance_TRBALANKCE" name="GoToUrlClickAdvisortl1ClickTrialbalanceEntry2PositiveEnterctl00cPHFileUploadcsv1ClickUploadBtnDebitColumnMappingClickNextBtnNegitiveTC5" time="46.158"/>
  <system-out/>
  <testcase classname="test.ashiv.trialbalance_TRBALANKCE" name="GoToUrlClickAdvisortl1ClickTrialbalanceEntry2PositiveEnterctl00cPHFileUploadcsv1ClickUploadBtnMappingClickNextBtnAddRemoveEntryClickImportCRDR" time="57.845"/>
  <system-out/>
  <testcase classname="test.ashiv.trialbalance_TRBALANKCE" name="GoToUrlClickAdvisortl1ClickTrialbalanceEntry2PositiveEnterctl00cPHFileUploadcsv1ClickUploadBtnInterchangingTheColumnMappingFromDebitToCreditAndCreditToDebitClickNextBtnNegitiveTC4" time="45.550"/>
  <system-out/>
  <testcase classname="test.ashiv.trialbalance_TRBALANKCE" name="GoToUrlClickAdvisortl1ClickTrialbalanceEntry2PositiveEnterctl00cPHFileUploadcsv1ClickUploadBtnBalanceMappingClickNextBtnAndBalanceColumnIsNil_in_CsvFileNegitiveTC3" time="46.876"/>
  <system-out/>
  <testcase classname="test.ashiv.trialbalance_TRBALANKCE" name="GoToUrlClickAdvisortl1ClickTrialbalanceEntry2PositiveEnterctl00cPHFileUploadcsv1ClickUploadBtnMappingClickNextBtnAddRemoveEntryClickImportBalance" time="79.919"/>
  <system-out/>
  <testcase classname="test.ashiv.trialbalance_TRBALANKCE" name="GoToUrlClickAdvisortl1ClickTrialbalanceEntry2PositiveEnterctl00cPHFileUploadcsvImportCreditDebitButCreditDebitAmountNotMatchTC08" time="47.724"/>
  <system-out/>
  <testcase classname="test.ashiv.trialbalance_TRBALANKCE" name="GoToUrlClickAdvisortl1ClickTrialbalanceEntry2PositiveEnterctl00cPHFileUploadcsv1ClickUploadBtnImportTrialBalance_if_it_isGetImportedOnceNegitiveTC7" time="37.883"/>
  <system-out/>
  <testcase classname="test.ashiv.trialbalance_TRBALANKCE" name="GoToUrlClickAdvisortl1ClickTrialbalanceEntry2PositiveEnterctl00cPHFileUploadcsv1ClickUploadBtnCreditandDebitandBalanceAsColumnMappingClickNextBtnAndBalanceColumnIsNILinCsvFileNagitiveTC2" time="47.348"/>
  <system-out/>
  <testcase classname="test.ashiv.trialbalance_TRBALANKCE" name="GoToUrlClickAdvisortl1ClickTrialbalanceEntry2PositiveEnterctl00cPHFileUploadcsv1ClickUploadBtnCrditColumnMappingClickNextBtnNegitiveTC5" time="43.903"/>
  <system-out/>
  <testcase classname="test.ashiv.trialbalance_TRBALANKCE" name="GoToUrlClickAdvisortl1ClickTrialbalanceEntry2PositiveEnterctl00cPHFileUploadcsv1ClickUploadBtnCreditandDebitandBalanceAsColumnMappingClickNextBtnNagitiveTC1" time="49.577"/>
  <system-out/>
</testsuite> <!-- test.ashiv.trialbalance_TRBALANKCE -->
