<?xml version="1.0" encoding="UTF-8"?>
<!-- Generated by org.testng.reporters.JUnitReportReporter -->
<testsuite hostname="OB-Sum" failures="0" tests="1" name="test.FlatToFlatPer.ScriptVerifyByTrialBalanceDefaultProfile_FlatToFlatP" time="54.969" errors="0" timestamp="2021-12-09T11:24:15 IST" skipped="0">
  <testcase classname="test.FlatToFlatPer.ScriptVerifyByTrialBalanceDefaultProfile_FlatToFlatP" name="GoToUrlAssertUrlPositiveEnterUserNamePositiveEnterPasswordClickLoginButtonGoToUrlAssertUrlCl" time="54.969"/>
  <system-out/>
</testsuite> <!-- test.FlatToFlatPer.ScriptVerifyByTrialBalanceDefaultProfile_FlatToFlatP -->
