<?xml version="1.0" encoding="UTF-8"?>
<!-- Generated by org.testng.reporters.JUnitReportReporter -->
<testsuite hostname="OB-Sum" failures="0" tests="1" name="Test_Income.TestNewBatchEntry_TC04_TC05" time="35.661" errors="0" timestamp="2022-03-15T10:54:41 IST" skipped="0">
  <testcase classname="Test_Income.TestNewBatchEntry_TC04_TC05" name="ClickNew1ClickNewBatchEntry2PositiveEnterInvoiceDate3PositiveSelectSelectCustomer4PositiveSelecWithoutFillEntryClickSaveBtnMsgPopup_TC04_TC05" time="35.661"/>
  <system-out/>
</testsuite> <!-- Test_Income.TestNewBatchEntry_TC04_TC05 -->
