<?xml version="1.0" encoding="UTF-8"?>
<!-- Generated by org.testng.reporters.JUnitReportReporter -->
<testsuite hostname="OB-Sum" failures="0" tests="1" name="Supplier_STNDToFRS.ScriptVATReturn2stVATReturnReport_SToFRS_DefaultProfile" time="65.683" errors="0" timestamp="2021-12-19T01:41:02 IST" skipped="0">
  <testcase classname="Supplier_STNDToFRS.ScriptVATReturn2stVATReturnReport_SToFRS_DefaultProfile" name="GoToUrlAssertUrlPositiveEnterUserNamePositiveEnterPasswordClickLoginButtonGoToUrlAssertUrlCl" time="65.683"/>
  <system-out/>
</testsuite> <!-- Supplier_STNDToFRS.ScriptVATReturn2stVATReturnReport_SToFRS_DefaultProfile -->
