<?xml version="1.0" encoding="UTF-8"?>
<!-- Generated by org.testng.reporters.JUnitReportReporter -->
<testsuite hostname="OB-Yogesh" failures="0" tests="6" name="test.FlatToStandard.Script_Invoice_FlatToNOVAT_DefaultProfile" time="306.945" errors="0" timestamp="2021-02-17T20:42:40 IST" skipped="0">
  <testcase classname="test.FlatToStandard.Script_Invoice_FlatToNOVAT_DefaultProfile" name="GoToUrlAssertUrlPositiveEnterUserNamePositiveEnterPasswordClickLoginButtonGoToUrlAssertUrlCl4" time="45.940"/>
  <system-out/>
  <testcase classname="test.FlatToStandard.Script_Invoice_FlatToNOVAT_DefaultProfile" name="GoToUrlAssertUrlPositiveEnterUserNamePositiveEnterPasswordClickLoginButtonGoToUrlAssertUrlCl5" time="47.573"/>
  <system-out/>
  <testcase classname="test.FlatToStandard.Script_Invoice_FlatToNOVAT_DefaultProfile" name="GoToUrlAssertUrlPositiveEnterUserNamePositiveEnterPasswordClickLoginButtonGoToUrlAssertUrlCl3" time="60.127"/>
  <system-out/>
  <testcase classname="test.FlatToStandard.Script_Invoice_FlatToNOVAT_DefaultProfile" name="GoToUrlAssertUrlPositiveEnterUserNamePositiveEnterPasswordClickLoginButtonGoToUrlAssertUrlCl1" time="48.374"/>
  <system-out/>
  <testcase classname="test.FlatToStandard.Script_Invoice_FlatToNOVAT_DefaultProfile" name="GoToUrlAssertUrlPositiveEnterUserNamePositiveEnterPasswordClickLoginButtonGoToUrlAssertUrlCl6" time="56.894"/>
  <system-out/>
  <testcase classname="test.FlatToStandard.Script_Invoice_FlatToNOVAT_DefaultProfile" name="GoToUrlAssertUrlPositiveEnterUserNamePositiveEnterPasswordClickLoginButtonGoToUrlAssertUrlCl2" time="48.037"/>
  <system-out/>
</testsuite> <!-- test.FlatToStandard.Script_Invoice_FlatToNOVAT_DefaultProfile -->
