<?xml version="1.0" encoding="UTF-8"?>
<!-- Generated by org.testng.reporters.JUnitReportReporter -->
<testsuite hostname="OB-Yogesh" failures="0" tests="6" name="VATPhase3.BankingTr_VATPH3_DefaultProfile" time="254.741" errors="0" timestamp="2021-05-04T19:02:22 IST" skipped="0">
  <testcase classname="VATPhase3.BankingTr_VATPH3_DefaultProfile" name="GoToUrlAssertUrlPositiveEnternLOGINPositiveEnternPASSClickLoginGoToUrlAssertUrlClickAgentsP5" time="43.069"/>
  <system-out/>
  <testcase classname="VATPhase3.BankingTr_VATPH3_DefaultProfile" name="GoToUrlAssertUrlPositiveEnternLOGINPositiveEnternPASSClickLoginGoToUrlAssertUrlClickAgentsP2" time="49.103"/>
  <system-out/>
  <testcase classname="VATPhase3.BankingTr_VATPH3_DefaultProfile" name="GoToUrlAssertUrlPositiveEnternLOGINPositiveEnternPASSClickLoginGoToUrlAssertUrlClickAgentsP1" time="43.281"/>
  <system-out/>
  <testcase classname="VATPhase3.BankingTr_VATPH3_DefaultProfile" name="GoToUrlAssertUrlPositiveEnternLOGINPositiveEnternPASSClickLoginGoToUrlAssertUrlClickAgentsP4" time="43.404"/>
  <system-out/>
  <testcase classname="VATPhase3.BankingTr_VATPH3_DefaultProfile" name="GoToUrlAssertUrlPositiveEnternLOGINPositiveEnternPASSClickLoginGoToUrlAssertUrlClickAgentsP6" time="37.219"/>
  <system-out/>
  <testcase classname="VATPhase3.BankingTr_VATPH3_DefaultProfile" name="GoToUrlAssertUrlPositiveEnternLOGINPositiveEnternPASSClickLoginGoToUrlAssertUrlClickAgentsP3" time="38.665"/>
  <system-out/>
</testsuite> <!-- VATPhase3.BankingTr_VATPH3_DefaultProfile -->
