<?xml version="1.0" encoding="UTF-8"?>
<!-- Generated by org.testng.reporters.JUnitReportReporter -->
<testsuite hostname="OB-Sum" failures="0" tests="1" name="Supplier_STNDToFRS.ScriptVATReturn3stVATReturnReport_SToFRS_DefaultProfile" time="57.450" errors="0" timestamp="2022-02-06T06:55:35 IST" skipped="0">
  <testcase classname="Supplier_STNDToFRS.ScriptVATReturn3stVATReturnReport_SToFRS_DefaultProfile" name="GoToUrlAssertUrlPositiveEnterUserNamePositiveEnterPasswordClickLoginButtonGoToUrlAssertUrlCl" time="57.450"/>
  <system-out/>
</testsuite> <!-- Supplier_STNDToFRS.ScriptVATReturn3stVATReturnReport_SToFRS_DefaultProfile -->
