<?xml version="1.0" encoding="UTF-8"?>
<!-- Generated by org.testng.reporters.JUnitReportReporter -->
<testsuite hostname="OB-Sum" failures="0" tests="2" name="VAT3_InvoiceUnreconcileCases.ScriptVATOnlyInvoiceStandToFlat_DefaultProfile_5" time="123.172" errors="0" timestamp="2022-02-06T06:55:33 IST" skipped="0">
  <testcase classname="VAT3_InvoiceUnreconcileCases.ScriptVATOnlyInvoiceStandToFlat_DefaultProfile_5" name="GoToUrlAssertUrlPositiveEnterUserNamePositiveEnterPasswordClickLoginButtonGoToUrlAssertUrlCl1" time="58.936"/>
  <system-out/>
  <testcase classname="VAT3_InvoiceUnreconcileCases.ScriptVATOnlyInvoiceStandToFlat_DefaultProfile_5" name="GoToUrlAssertUrlPositiveEnterUserNamePositiveEnterPasswordClickLoginButtonGoToUrlAssertUrlCl2" time="64.236"/>
  <system-out/>
</testsuite> <!-- VAT3_InvoiceUnreconcileCases.ScriptVATOnlyInvoiceStandToFlat_DefaultProfile_5 -->
