<?xml version="1.0" encoding="UTF-8"?>
<!-- Generated by org.testng.reporters.JUnitReportReporter -->
<testsuite hostname="OB-Sum" failures="0" tests="1" name="ExpenceRemFlatToStand.ScriptPostVATReturn3stVATReturnReport_DefaultProfile" time="48.407" errors="0" timestamp="2021-12-19T01:41:02 IST" skipped="0">
  <testcase classname="ExpenceRemFlatToStand.ScriptPostVATReturn3stVATReturnReport_DefaultProfile" name="GoToUrlAssertUrlPositiveEnterUserNamePositiveEnterPasswordClickLoginButtonGoToUrlAssertUrlCl" time="48.407"/>
  <system-out/>
</testsuite> <!-- ExpenceRemFlatToStand.ScriptPostVATReturn3stVATReturnReport_DefaultProfile -->
