<?xml version="1.0" encoding="UTF-8"?>
<!-- Generated by org.testng.reporters.JUnitReportReporter -->
<testsuite hostname="OB-Sum" failures="0" tests="2" name="Test_Trial_Balance_RE_Jour_Bank_Supp_3.TC_22_2_BS_DEBTOR_1092_1092_With_Journal_Bank" time="144.143" errors="0" timestamp="2022-01-13T00:26:10 IST" skipped="0">
  <testcase classname="Test_Trial_Balance_RE_Jour_Bank_Supp_3.TC_22_2_BS_DEBTOR_1092_1092_With_Journal_Bank" name="GoToUrlAssertUrlPositiveEnternLOGINPositiveEnternPASSClickLoginGoToUrlAssertUrlClickAgentsP1" time="63.111"/>
  <system-out>
    <![CDATA[ledger 1 entered :1092 - CIS Receivable
ledger 2 entered :1401 - Unprocessed Transactions
Ledger code verified: CIS Receivable
Ledger code verified: Unprocessed Transactions
Enteries are Verified on Balance Sheet Report page :]]>
  </system-out>
  <testcase classname="Test_Trial_Balance_RE_Jour_Bank_Supp_3.TC_22_2_BS_DEBTOR_1092_1092_With_Journal_Bank" name="GoToUrlAssertUrlPositiveEnternLOGINPositiveEnternPASSClickLoginGoToUrlAssertUrlClickAgentsP3" time="81.032"/>
  <system-out/>
</testsuite> <!-- Test_Trial_Balance_RE_Jour_Bank_Supp_3.TC_22_2_BS_DEBTOR_1092_1092_With_Journal_Bank -->
