<?xml version="1.0" encoding="UTF-8"?>
<!-- Generated by org.testng.reporters.JUnitReportReporter -->
<testsuite hostname="OB-Sum" failures="0" tests="3" name="Test_Trial_Balance_Report.LedgerCode_7300_7305_ValuesUnderExpenseHead_JournalEntry_Bank_Supplier" time="211.186" errors="0" timestamp="2021-12-20T21:31:24 IST" skipped="0">
  <testcase classname="Test_Trial_Balance_Report.LedgerCode_7300_7305_ValuesUnderExpenseHead_JournalEntry_Bank_Supplier" name="GoToUrlAssertUrlPositiveEnternLOGINPositiveEnternPASSClickLoginGoToUrlAssertUrlClickAgentsP1" time="69.751"/>
  <system-out/>
  <testcase classname="Test_Trial_Balance_Report.LedgerCode_7300_7305_ValuesUnderExpenseHead_JournalEntry_Bank_Supplier" name="GoToUrlAssertUrlPositiveEnternLOGINPositiveEnternPASSClickLoginGoToUrlAssertUrlClickAgentsP2" time="63.494"/>
  <system-out/>
  <testcase classname="Test_Trial_Balance_Report.LedgerCode_7300_7305_ValuesUnderExpenseHead_JournalEntry_Bank_Supplier" name="GoToUrlAssertUrlPositiveEnternLOGINPositiveEnternPASSClickLoginGoToUrlAssertUrlClickAgentsP3" time="77.941"/>
  <system-out/>
</testsuite> <!-- Test_Trial_Balance_Report.LedgerCode_7300_7305_ValuesUnderExpenseHead_JournalEntry_Bank_Supplier -->
