<?xml version="1.0" encoding="UTF-8"?>
<!-- Generated by org.testng.reporters.JUnitReportReporter -->
<testsuite hostname="OB-Sum" failures="0" tests="1" name="Test_Trial_Balance_Report.TC_16_LadgerCode_261_260_269_Report" time="113.201" errors="0" timestamp="2021-12-30T15:36:05 IST" skipped="0">
  <testcase classname="Test_Trial_Balance_Report.TC_16_LadgerCode_261_260_269_Report" name="GoToUrlAssertUrlPositiveEnternLOGINPositiveEnternPASSClickLoginGoToUrlAssertUrlClickAgentsP1" time="113.201"/>
  <system-out/>
</testsuite> <!-- Test_Trial_Balance_Report.TC_16_LadgerCode_261_260_269_Report -->
