<?xml version="1.0" encoding="UTF-8"?>
<!-- Generated by org.testng.reporters.JUnitReportReporter -->
<testsuite hostname="OB-Sum" failures="0" tests="6" name="VAT2.S2F.SaleInToReconcileForCreditNote_StoF_Cus" time="723.961" errors="0" timestamp="2022-02-07T19:49:31 IST" skipped="0">
  <testcase classname="VAT2.S2F.SaleInToReconcileForCreditNote_StoF_Cus" name="GoToUrlAssertUrlPositiveEnternLOGINPositiveEnternPASSClickLoginGoToUrlAssertUrlClickAgentsP3" time="119.343"/>
  <system-out/>
  <testcase classname="VAT2.S2F.SaleInToReconcileForCreditNote_StoF_Cus" name="GoToUrlAssertUrlPositiveEnternLOGINPositiveEnternPASSClickLoginGoToUrlAssertUrlClickAgentsP2" time="117.788"/>
  <system-out/>
  <testcase classname="VAT2.S2F.SaleInToReconcileForCreditNote_StoF_Cus" name="GoToUrlAssertUrlPositiveEnternLOGINPositiveEnternPASSClickLoginGoToUrlAssertUrlClickAgentsP71" time="118.283"/>
  <system-out/>
  <testcase classname="VAT2.S2F.SaleInToReconcileForCreditNote_StoF_Cus" name="GoToUrlAssertUrlPositiveEnternLOGINPositiveEnternPASSClickLoginGoToUrlAssertUrlClickAgentsP6" time="139.074"/>
  <system-out/>
  <testcase classname="VAT2.S2F.SaleInToReconcileForCreditNote_StoF_Cus" name="GoToUrlAssertUrlPositiveEnternLOGINPositiveEnternPASSClickLoginGoToUrlAssertUrlClickAgentsP7" time="115.103"/>
  <system-out/>
  <testcase classname="VAT2.S2F.SaleInToReconcileForCreditNote_StoF_Cus" name="GoToUrlAssertUrlPositiveEnternLOGINPositiveEnternPASSClickLoginGoToUrlAssertUrlClickAgentsP1" time="114.370"/>
  <system-out/>
</testsuite> <!-- VAT2.S2F.SaleInToReconcileForCreditNote_StoF_Cus -->
