<?xml version="1.0" encoding="UTF-8"?>
<!-- Generated by org.testng.reporters.JUnitReportReporter -->
<testsuite hostname="OB-Sum" failures="0" tests="1" name="SaleDashboardTest.TC03EditOption" time="35.494" errors="0" timestamp="2021-10-22T00:15:51 IST" skipped="0">
  <testcase classname="SaleDashboardTest.TC03EditOption" name="GoToUrlAssertUrlClickClickOnPreviewClickSaveButtonClickPDFDumpClickCancelButtonClickClickOnMa" time="35.494"/>
  <system-out/>
</testsuite> <!-- SaleDashboardTest.TC03EditOption -->
