<?xml version="1.0" encoding="UTF-8"?>
<!-- Generated by org.testng.reporters.JUnitReportReporter -->
<testsuite hostname="OB-Yogesh" failures="0" tests="1" name="VAT3_ExpensesReinbr.ScriptPostVATReturn1stVATReturnReport_DefaultProfile" time="48.949" errors="0" timestamp="2021-05-16T00:47:59 IST" skipped="0">
  <testcase classname="VAT3_ExpensesReinbr.ScriptPostVATReturn1stVATReturnReport_DefaultProfile" name="GoToUrlAssertUrlPositiveEnterUserNamePositiveEnterPasswordClickLoginButtonGoToUrlAssertUrlCl" time="48.949"/>
  <system-out/>
</testsuite> <!-- VAT3_ExpensesReinbr.ScriptPostVATReturn1stVATReturnReport_DefaultProfile -->
