<?xml version="1.0" encoding="UTF-8"?>
<!-- Generated by org.testng.reporters.JUnitReportReporter -->
<testsuite hostname="OB-Sum" failures="0" tests="1" name="VATPhase3_Banking_ToSale.ScriptVATReturn3stVATReturnReport_StandToFlat_DefaultProfile_1" time="47.105" errors="0" timestamp="2021-12-20T15:02:00 IST" skipped="0">
  <testcase classname="VATPhase3_Banking_ToSale.ScriptVATReturn3stVATReturnReport_StandToFlat_DefaultProfile_1" name="GoToUrlAssertUrlPositiveEnterUserNamePositiveEnterPasswordClickLoginButtonGoToUrlAssertUrlCl" time="47.105"/>
  <system-out/>
</testsuite> <!-- VATPhase3_Banking_ToSale.ScriptVATReturn3stVATReturnReport_StandToFlat_DefaultProfile_1 -->
