<?xml version="1.0" encoding="UTF-8"?>
<!-- Generated by org.testng.reporters.JUnitReportReporter -->
<testsuite hostname="OB-Sum" failures="0" tests="1" name="VAT3.FullREC_S2_FLAT.Supplier_SubmitVAT_DefaultProfileFullyReconcile_2" time="91.369" errors="0" timestamp="2021-11-26T20:55:19 IST" skipped="0">
  <testcase classname="VAT3.FullREC_S2_FLAT.Supplier_SubmitVAT_DefaultProfileFullyReconcile_2" name="GoToUrlAssertUrlPositiveEnterUserNamePositiveEnterPasswordClickLoginButtonGoToUrlAssertUrlCl" time="91.369"/>
  <system-out/>
</testsuite> <!-- VAT3.FullREC_S2_FLAT.Supplier_SubmitVAT_DefaultProfileFullyReconcile_2 -->
