<?xml version="1.0" encoding="UTF-8"?>
<!-- Generated by org.testng.reporters.JUnitReportReporter -->
<testsuite hostname="OB-Yogesh" failures="0" tests="1" name="test.PartialReconcileOnStandard.ScriptEditSettingToVATType_DefaultProfile" time="71.199" errors="0" timestamp="2021-03-26T08:16:53 IST" skipped="0">
  <testcase classname="test.PartialReconcileOnStandard.ScriptEditSettingToVATType_DefaultProfile" name="GoToUrlAssertUrlPositiveEnterUserNamePositiveEnterPasswordClickLoginButtonGoToUrlAssertUrlCl2" time="71.199"/>
  <system-out/>
</testsuite> <!-- test.PartialReconcileOnStandard.ScriptEditSettingToVATType_DefaultProfile -->
