<?xml version="1.0" encoding="UTF-8"?>
<!-- Generated by org.testng.reporters.JUnitReportReporter -->
<testsuite hostname="OB-Sum" failures="0" tests="6" name="VAT2.F2S.SaleInToReconcile_DefaultProfile1" time="540.860" errors="0" timestamp="2021-12-19T01:41:01 IST" skipped="0">
  <testcase classname="VAT2.F2S.SaleInToReconcile_DefaultProfile1" name="GoToUrlAssertUrlPositiveEnternLOGINPositiveEnternPASSClickLoginGoToUrlAssertUrlClickAgentsP7" time="92.182"/>
  <system-out/>
  <testcase classname="VAT2.F2S.SaleInToReconcile_DefaultProfile1" name="GoToUrlAssertUrlPositiveEnternLOGINPositiveEnternPASSClickLoginGoToUrlAssertUrlClickAgentsP6" time="92.457"/>
  <system-out/>
  <testcase classname="VAT2.F2S.SaleInToReconcile_DefaultProfile1" name="GoToUrlAssertUrlPositiveEnternLOGINPositiveEnternPASSClickLoginGoToUrlAssertUrlClickAgentsP2" time="91.844"/>
  <system-out/>
  <testcase classname="VAT2.F2S.SaleInToReconcile_DefaultProfile1" name="GoToUrlAssertUrlPositiveEnternLOGINPositiveEnternPASSClickLoginGoToUrlAssertUrlClickAgentsP4" time="92.166"/>
  <system-out/>
  <testcase classname="VAT2.F2S.SaleInToReconcile_DefaultProfile1" name="GoToUrlAssertUrlPositiveEnternLOGINPositiveEnternPASSClickLoginGoToUrlAssertUrlClickAgentsP1" time="84.778"/>
  <system-out/>
  <testcase classname="VAT2.F2S.SaleInToReconcile_DefaultProfile1" name="GoToUrlAssertUrlPositiveEnternLOGINPositiveEnternPASSClickLoginGoToUrlAssertUrlClickAgentsP5" time="87.433"/>
  <system-out/>
</testsuite> <!-- VAT2.F2S.SaleInToReconcile_DefaultProfile1 -->
