<?xml version="1.0" encoding="UTF-8"?>
<!-- Generated by org.testng.reporters.JUnitReportReporter -->
<testsuite hostname="OB-Yogesh" failures="0" tests="1" name="test.partialReconcileJonralEntryFlatToStand.ScriptVATReturn1stVATReturnReport_SToFRS_DefaultProfile" time="51.503" errors="0" timestamp="2021-05-09T23:14:47 IST" skipped="0">
  <testcase classname="test.partialReconcileJonralEntryFlatToStand.ScriptVATReturn1stVATReturnReport_SToFRS_DefaultProfile" name="GoToUrlAssertUrlPositiveEnterUserNamePositiveEnterPasswordClickLoginButtonGoToUrlAssertUrlCl" time="51.503"/>
  <system-out/>
</testsuite> <!-- test.partialReconcileJonralEntryFlatToStand.ScriptVATReturn1stVATReturnReport_SToFRS_DefaultProfile -->
