<?xml version="1.0" encoding="UTF-8"?>
<!-- Generated by org.testng.reporters.JUnitReportReporter -->
<testsuite hostname="OB-Sum" failures="0" tests="1" name="test.FlatToFlatPer.ScriptPostVATReturn3stVATReturnReport_FlatToFlatP_DefaultProfile" time="51.462" errors="0" timestamp="2022-02-06T06:55:29 IST" skipped="0">
  <testcase classname="test.FlatToFlatPer.ScriptPostVATReturn3stVATReturnReport_FlatToFlatP_DefaultProfile" name="GoToUrlAssertUrlPositiveEnterUserNamePositiveEnterPasswordClickLoginButtonGoToUrlAssertUrlCl" time="51.462"/>
  <system-out/>
</testsuite> <!-- test.FlatToFlatPer.ScriptPostVATReturn3stVATReturnReport_FlatToFlatP_DefaultProfile -->
