<?xml version="1.0" encoding="UTF-8"?>
<!-- Generated by org.testng.reporters.JUnitReportReporter -->
<testsuite hostname="OB-Sum" failures="0" tests="2" name="Supplier_FRSToFRSP.ScriptVATOnlyBill_FRSToStandard_DefaultProfile" time="119.127" errors="0" timestamp="2022-02-06T06:55:29 IST" skipped="0">
  <testcase classname="Supplier_FRSToFRSP.ScriptVATOnlyBill_FRSToStandard_DefaultProfile" name="GoToUrlAssertUrlPositiveEnterUserNamePositiveEnterPasswordClickLoginButtonGoToUrlAssertUrlCl2" time="58.952"/>
  <system-out/>
  <testcase classname="Supplier_FRSToFRSP.ScriptVATOnlyBill_FRSToStandard_DefaultProfile" name="GoToUrlAssertUrlPositiveEnterUserNamePositiveEnterPasswordClickLoginButtonGoToUrlAssertUrlCl1" time="60.175"/>
  <system-out/>
</testsuite> <!-- Supplier_FRSToFRSP.ScriptVATOnlyBill_FRSToStandard_DefaultProfile -->
