<?xml version="1.0" encoding="UTF-8"?>
<!-- Generated by org.testng.reporters.JUnitReportReporter -->
<testsuite hostname="OB-Sum" failures="0" tests="1" name="Test_Income.TestSimpleInvoiceTemplate_Create_Invoice_TC01" time="72.815" errors="0" timestamp="2021-11-11T22:07:43 IST" skipped="0">
  <testcase classname="Test_Income.TestSimpleInvoiceTemplate_Create_Invoice_TC01" name="GoToUrlLoginApplicationWithValidCredentialsClickNewClickCreateInvoiceCreateNewInvoiceVerifyNewCustomerAddedSuccessfully_TC01" time="72.815"/>
  <system-out/>
</testsuite> <!-- Test_Income.TestSimpleInvoiceTemplate_Create_Invoice_TC01 -->
