<?xml version="1.0" encoding="UTF-8"?>
<!-- Generated by org.testng.reporters.JUnitReportReporter -->
<testsuite hostname="OB-Sum" failures="0" tests="3" name="Test_Balance_RE_Jour_Bank_Supp_3.TC_17_3_BS_CurrentAsset_1070_1070_With_Journal_Bank_Invoice" time="173.705" errors="0" timestamp="2022-02-19T09:42:03 IST" skipped="0">
  <testcase classname="Test_Balance_RE_Jour_Bank_Supp_3.TC_17_3_BS_CurrentAsset_1070_1070_With_Journal_Bank_Invoice" name="GoToUrlAssertUrlPositiveEnternLOGINPositiveEnternPASSClickLoginGoToUrlAssertUrlClickAgentsP3" time="58.003"/>
  <system-out/>
  <testcase classname="Test_Balance_RE_Jour_Bank_Supp_3.TC_17_3_BS_CurrentAsset_1070_1070_With_Journal_Bank_Invoice" name="GoToUrlAssertUrlPositiveEnternLOGINPositiveEnternPASSClickLoginGoToUrlAssertUrlClickAgentsP2" time="60.210"/>
  <system-out/>
  <testcase classname="Test_Balance_RE_Jour_Bank_Supp_3.TC_17_3_BS_CurrentAsset_1070_1070_With_Journal_Bank_Invoice" name="GoToUrlAssertUrlPositiveEnternLOGINPositiveEnternPASSClickLoginGoToUrlAssertUrlClickAgentsP1" time="55.492"/>
  <system-out>
    <![CDATA[ledger 1 entered :1070 - Default Customer
ledger 2 entered :10 - Intangible Assets Cost B/Fwd
Ledger code verified: Default Customer
Ledger code verified: Intangible Assets Cost B/Fwd
Enteries are Verified on Balance Sheet Report page after closing accounting period:]]>
  </system-out>
</testsuite> <!-- Test_Balance_RE_Jour_Bank_Supp_3.TC_17_3_BS_CurrentAsset_1070_1070_With_Journal_Bank_Invoice -->
