<?xml version="1.0" encoding="UTF-8"?>
<!-- Generated by org.testng.reporters.JUnitReportReporter -->
<testsuite hostname="OB-Yogesh" failures="0" tests="1" name="VATPhase3.ScriptVATReturn2stVATReturnReport_StandToFlat_DefaultProfile_1" time="82.769" errors="0" timestamp="2021-05-06T00:22:12 IST" skipped="0">
  <testcase classname="VATPhase3.ScriptVATReturn2stVATReturnReport_StandToFlat_DefaultProfile_1" name="GoToUrlAssertUrlPositiveEnterUserNamePositiveEnterPasswordClickLoginButtonGoToUrlAssertUrlCl" time="82.769"/>
  <system-out/>
</testsuite> <!-- VATPhase3.ScriptVATReturn2stVATReturnReport_StandToFlat_DefaultProfile_1 -->
