<?xml version="1.0" encoding="UTF-8"?>
<!-- Generated by org.testng.reporters.JUnitReportReporter -->
<testsuite hostname="OB-Yogesh" failures="0" tests="1" name="test.AdvanceReconcilation.ScriptFlatToFlatPercentage_DefaultProfile" time="67.262" errors="0" timestamp="2021-04-01T18:28:23 IST" skipped="0">
  <testcase classname="test.AdvanceReconcilation.ScriptFlatToFlatPercentage_DefaultProfile" name="GoToUrlAssertUrlPositiveEnterUserNamePositiveEnterPasswordClickLoginButtonGoToUrlAssertUrlCl1" time="67.262"/>
  <system-out/>
</testsuite> <!-- test.AdvanceReconcilation.ScriptFlatToFlatPercentage_DefaultProfile -->
