<?xml version="1.0" encoding="UTF-8"?>
<!-- Generated by org.testng.reporters.JUnitReportReporter -->
<testsuite hostname="OB-Yogesh" failures="0" tests="6" name="ExpenceRemFlatToFlatPer.SaleInToReconcileForExpenseRem_DefaultProfile" time="396.159" errors="0" timestamp="2021-04-24T21:05:05 IST" skipped="0">
  <testcase classname="ExpenceRemFlatToFlatPer.SaleInToReconcileForExpenseRem_DefaultProfile" name="GoToUrlAssertUrlPositiveEnternLOGINPositiveEnternPASSClickLoginGoToUrlAssertUrlClickAgentsP4" time="69.390"/>
  <system-out/>
  <testcase classname="ExpenceRemFlatToFlatPer.SaleInToReconcileForExpenseRem_DefaultProfile" name="GoToUrlAssertUrlPositiveEnternLOGINPositiveEnternPASSClickLoginGoToUrlAssertUrlClickAgentsP5" time="67.219"/>
  <system-out/>
  <testcase classname="ExpenceRemFlatToFlatPer.SaleInToReconcileForExpenseRem_DefaultProfile" name="GoToUrlAssertUrlPositiveEnternLOGINPositiveEnternPASSClickLoginGoToUrlAssertUrlClickAgentsP1" time="63.232"/>
  <system-out/>
  <testcase classname="ExpenceRemFlatToFlatPer.SaleInToReconcileForExpenseRem_DefaultProfile" name="GoToUrlAssertUrlPositiveEnternLOGINPositiveEnternPASSClickLoginGoToUrlAssertUrlClickAgentsP3" time="65.794"/>
  <system-out/>
  <testcase classname="ExpenceRemFlatToFlatPer.SaleInToReconcileForExpenseRem_DefaultProfile" name="GoToUrlAssertUrlPositiveEnternLOGINPositiveEnternPASSClickLoginGoToUrlAssertUrlClickAgentsP6" time="64.852"/>
  <system-out/>
  <testcase classname="ExpenceRemFlatToFlatPer.SaleInToReconcileForExpenseRem_DefaultProfile" name="GoToUrlAssertUrlPositiveEnternLOGINPositiveEnternPASSClickLoginGoToUrlAssertUrlClickAgentsP2" time="65.672"/>
  <system-out/>
</testsuite> <!-- ExpenceRemFlatToFlatPer.SaleInToReconcileForExpenseRem_DefaultProfile -->
