<?xml version="1.0" encoding="UTF-8"?>
<!-- Generated by org.testng.reporters.JUnitReportReporter -->
<testsuite hostname="OB-Sum" failures="0" tests="1" name="tests.BalanceSheet_Bf.TC_49_BSBFCreditorDueWithinYear20002030_DefaultProfile" time="174.653" errors="0" timestamp="2022-03-03T17:24:48 IST" skipped="0">
  <testcase classname="tests.BalanceSheet_Bf.TC_49_BSBFCreditorDueWithinYear20002030_DefaultProfile" name="GoToUrlAssertUrlPositiveEnternLOGINPositiveEnternPASSClickLoginGoToUrlAssertUrlClickAgentsP1" time="174.653"/>
  <system-out>
    <![CDATA[Accounting Period Status : Account UnClosed 
Accounting Period Status : Account UnLocked
ledger 1 entered :2000 - Liability B/Fwd
ledger 2 entered :2001 - Mortgage
ledger 3 entered :2010 - Loans
ledger 4 entered :2030 - Finance Leases
ledger 5 entered :1400 - Default Bank
Accounting Period Status :- Account period closed
Ledger code verified: Liability B/Fwd
Amount enter verified: 1,000.00
Ledger code verified: Mortgage
Amount enter verified: 1,100.00
Ledger code verified: Loans
Amount enter verified: 1,200.00
Ledger code verified: Finance Leases
Amount enter verified: 1,300.00
Enteries are Verified on Balance Sheet Report page :]]>
  </system-out>
</testsuite> <!-- tests.BalanceSheet_Bf.TC_49_BSBFCreditorDueWithinYear20002030_DefaultProfile -->
