<?xml version="1.0" encoding="UTF-8"?>
<!-- Generated by org.testng.reporters.JUnitReportReporter -->
<testsuite hostname="OB-Sum" failures="0" tests="5" name="test.partialReconcileJonralEntryFlatToStand.SaleInToReconcileForJonral_DefaultProfile" time="760.551" errors="0" timestamp="2022-02-07T22:16:18 IST" skipped="0">
  <testcase classname="test.partialReconcileJonralEntryFlatToStand.SaleInToReconcileForJonral_DefaultProfile" name="GoToUrlAssertUrlPositiveEnternLOGINPositiveEnternPASSClickLoginGoToUrlAssertUrlClickAgentsP3" time="132.546"/>
  <system-out/>
  <testcase classname="test.partialReconcileJonralEntryFlatToStand.SaleInToReconcileForJonral_DefaultProfile" name="GoToUrlAssertUrlPositiveEnternLOGINPositiveEnternPASSClickLoginGoToUrlAssertUrlClickAgentsP6" time="140.116"/>
  <system-out/>
  <testcase classname="test.partialReconcileJonralEntryFlatToStand.SaleInToReconcileForJonral_DefaultProfile" name="GoToUrlAssertUrlPositiveEnternLOGINPositiveEnternPASSClickLoginGoToUrlAssertUrlClickAgentsP5" time="195.571"/>
  <system-out/>
  <testcase classname="test.partialReconcileJonralEntryFlatToStand.SaleInToReconcileForJonral_DefaultProfile" name="GoToUrlAssertUrlPositiveEnternLOGINPositiveEnternPASSClickLoginGoToUrlAssertUrlClickAgentsP2" time="131.861"/>
  <system-out/>
  <testcase classname="test.partialReconcileJonralEntryFlatToStand.SaleInToReconcileForJonral_DefaultProfile" name="GoToUrlAssertUrlPositiveEnternLOGINPositiveEnternPASSClickLoginGoToUrlAssertUrlClickAgentsP4" time="160.457"/>
  <system-out/>
</testsuite> <!-- test.partialReconcileJonralEntryFlatToStand.SaleInToReconcileForJonral_DefaultProfile -->
