<?xml version="1.0" encoding="UTF-8"?>
<!-- Generated by org.testng.reporters.JUnitReportReporter -->
<testsuite hostname="OB-Sum" failures="0" tests="6" name="ExpenceRemSToFlat.SaleInToReconcileForExpenseRem_DefaultProfile" time="504.270" errors="0" timestamp="2022-02-06T06:55:33 IST" skipped="0">
  <testcase classname="ExpenceRemSToFlat.SaleInToReconcileForExpenseRem_DefaultProfile" name="GoToUrlAssertUrlPositiveEnternLOGINPositiveEnternPASSClickLoginGoToUrlAssertUrlClickAgentsP5" time="83.329"/>
  <system-out/>
  <testcase classname="ExpenceRemSToFlat.SaleInToReconcileForExpenseRem_DefaultProfile" name="GoToUrlAssertUrlPositiveEnternLOGINPositiveEnternPASSClickLoginGoToUrlAssertUrlClickAgentsP6" time="84.322"/>
  <system-out/>
  <testcase classname="ExpenceRemSToFlat.SaleInToReconcileForExpenseRem_DefaultProfile" name="GoToUrlAssertUrlPositiveEnternLOGINPositiveEnternPASSClickLoginGoToUrlAssertUrlClickAgentsP1" time="85.959"/>
  <system-out/>
  <testcase classname="ExpenceRemSToFlat.SaleInToReconcileForExpenseRem_DefaultProfile" name="GoToUrlAssertUrlPositiveEnternLOGINPositiveEnternPASSClickLoginGoToUrlAssertUrlClickAgentsP2" time="85.436"/>
  <system-out/>
  <testcase classname="ExpenceRemSToFlat.SaleInToReconcileForExpenseRem_DefaultProfile" name="GoToUrlAssertUrlPositiveEnternLOGINPositiveEnternPASSClickLoginGoToUrlAssertUrlClickAgentsP3" time="82.016"/>
  <system-out/>
  <testcase classname="ExpenceRemSToFlat.SaleInToReconcileForExpenseRem_DefaultProfile" name="GoToUrlAssertUrlPositiveEnternLOGINPositiveEnternPASSClickLoginGoToUrlAssertUrlClickAgentsP4" time="83.208"/>
  <system-out/>
</testsuite> <!-- ExpenceRemSToFlat.SaleInToReconcileForExpenseRem_DefaultProfile -->
