<?xml version="1.0" encoding="UTF-8"?>
<!-- Generated by org.testng.reporters.JUnitReportReporter -->
<testsuite hostname="OB-Yogesh" failures="0" tests="6" name="Supplier_SToNoVAT.ScriptDebitNoteSToNOVAT_DefaultProfile" time="271.132" errors="0" timestamp="2021-02-26T22:38:33 IST" skipped="0">
  <testcase classname="Supplier_SToNoVAT.ScriptDebitNoteSToNOVAT_DefaultProfile" name="GoToUrlAssertUrlPositiveEnterUserNamePositiveEnterPasswordClickLoginButtonGoToUrlAssertUrlCl5" time="44.928"/>
  <system-out/>
  <testcase classname="Supplier_SToNoVAT.ScriptDebitNoteSToNOVAT_DefaultProfile" name="GoToUrlAssertUrlPositiveEnterUserNamePositiveEnterPasswordClickLoginButtonGoToUrlAssertUrlCl6" time="44.568"/>
  <system-out/>
  <testcase classname="Supplier_SToNoVAT.ScriptDebitNoteSToNOVAT_DefaultProfile" name="GoToUrlAssertUrlPositiveEnterUserNamePositiveEnterPasswordClickLoginButtonGoToUrlAssertUrlCl2" time="47.514"/>
  <system-out/>
  <testcase classname="Supplier_SToNoVAT.ScriptDebitNoteSToNOVAT_DefaultProfile" name="GoToUrlAssertUrlPositiveEnterUserNamePositiveEnterPasswordClickLoginButtonGoToUrlAssertUrlCl4" time="46.589"/>
  <system-out/>
  <testcase classname="Supplier_SToNoVAT.ScriptDebitNoteSToNOVAT_DefaultProfile" name="GoToUrlAssertUrlPositiveEnterUserNamePositiveEnterPasswordClickLoginButtonGoToUrlAssertUrlCl1" time="44.532"/>
  <system-out/>
  <testcase classname="Supplier_SToNoVAT.ScriptDebitNoteSToNOVAT_DefaultProfile" name="GoToUrlAssertUrlPositiveEnterUserNamePositiveEnterPasswordClickLoginButtonGoToUrlAssertUrlCl3" time="43.001"/>
  <system-out/>
</testsuite> <!-- Supplier_SToNoVAT.ScriptDebitNoteSToNOVAT_DefaultProfile -->
