<?xml version="1.0" encoding="UTF-8"?>
<!-- Generated by org.testng.reporters.JUnitReportReporter -->
<testsuite hostname="OB-Sum" failures="0" tests="6" name="VAT3_SupplierPartialReconcile.SaleInToPartialReconcile_SupplierBill_DefaultProfile_3" time="444.022" errors="0" timestamp="2021-12-19T01:41:01 IST" skipped="0">
  <testcase classname="VAT3_SupplierPartialReconcile.SaleInToPartialReconcile_SupplierBill_DefaultProfile_3" name="GoToUrlAssertUrlPositiveEnternLOGINPositiveEnternPASSClickLoginGoToUrlAssertUrlClickAgentsP5" time="75.853"/>
  <system-out/>
  <testcase classname="VAT3_SupplierPartialReconcile.SaleInToPartialReconcile_SupplierBill_DefaultProfile_3" name="GoToUrlAssertUrlPositiveEnternLOGINPositiveEnternPASSClickLoginGoToUrlAssertUrlClickAgentsP1" time="72.955"/>
  <system-out/>
  <testcase classname="VAT3_SupplierPartialReconcile.SaleInToPartialReconcile_SupplierBill_DefaultProfile_3" name="GoToUrlAssertUrlPositiveEnternLOGINPositiveEnternPASSClickLoginGoToUrlAssertUrlClickAgentsP3" time="73.340"/>
  <system-out/>
  <testcase classname="VAT3_SupplierPartialReconcile.SaleInToPartialReconcile_SupplierBill_DefaultProfile_3" name="GoToUrlAssertUrlPositiveEnternLOGINPositiveEnternPASSClickLoginGoToUrlAssertUrlClickAgentsP6" time="71.673"/>
  <system-out/>
  <testcase classname="VAT3_SupplierPartialReconcile.SaleInToPartialReconcile_SupplierBill_DefaultProfile_3" name="GoToUrlAssertUrlPositiveEnternLOGINPositiveEnternPASSClickLoginGoToUrlAssertUrlClickAgentsP4" time="73.868"/>
  <system-out/>
  <testcase classname="VAT3_SupplierPartialReconcile.SaleInToPartialReconcile_SupplierBill_DefaultProfile_3" name="GoToUrlAssertUrlPositiveEnternLOGINPositiveEnternPASSClickLoginGoToUrlAssertUrlClickAgentsP2" time="76.333"/>
  <system-out/>
</testsuite> <!-- VAT3_SupplierPartialReconcile.SaleInToPartialReconcile_SupplierBill_DefaultProfile_3 -->
