<?xml version="1.0" encoding="UTF-8"?>
<!-- Generated by org.testng.reporters.JUnitReportReporter -->
<testsuite hostname="OB-Sum" failures="0" tests="6" name="Supplier_test.ScriptDebitNoteSToFRS_DefaultProfile" time="335.498" errors="0" timestamp="2021-12-03T13:29:25 IST" skipped="0">
  <testcase classname="Supplier_test.ScriptDebitNoteSToFRS_DefaultProfile" name="GoToUrlAssertUrlPositiveEnterUserNamePositiveEnterPasswordClickLoginButtonGoToUrlAssertUrlCl1" time="57.128"/>
  <system-out/>
  <testcase classname="Supplier_test.ScriptDebitNoteSToFRS_DefaultProfile" name="GoToUrlAssertUrlPositiveEnterUserNamePositiveEnterPasswordClickLoginButtonGoToUrlAssertUrlCl6" time="55.976"/>
  <system-out/>
  <testcase classname="Supplier_test.ScriptDebitNoteSToFRS_DefaultProfile" name="GoToUrlAssertUrlPositiveEnterUserNamePositiveEnterPasswordClickLoginButtonGoToUrlAssertUrlCl5" time="55.488"/>
  <system-out/>
  <testcase classname="Supplier_test.ScriptDebitNoteSToFRS_DefaultProfile" name="GoToUrlAssertUrlPositiveEnterUserNamePositiveEnterPasswordClickLoginButtonGoToUrlAssertUrlCl4" time="55.392"/>
  <system-out/>
  <testcase classname="Supplier_test.ScriptDebitNoteSToFRS_DefaultProfile" name="GoToUrlAssertUrlPositiveEnterUserNamePositiveEnterPasswordClickLoginButtonGoToUrlAssertUrlCl2" time="54.491"/>
  <system-out/>
  <testcase classname="Supplier_test.ScriptDebitNoteSToFRS_DefaultProfile" name="GoToUrlAssertUrlPositiveEnterUserNamePositiveEnterPasswordClickLoginButtonGoToUrlAssertUrlCl3" time="57.023"/>
  <system-out/>
</testsuite> <!-- Supplier_test.ScriptDebitNoteSToFRS_DefaultProfile -->
