<?xml version="1.0" encoding="UTF-8"?>
<!-- Generated by org.testng.reporters.JUnitReportReporter -->
<testsuite hostname="OB-Sum" failures="0" tests="3" name="Test_Trial_Balance_RE_Jour_Bank_Supp.TC_83_3_ExpenseHead_7305_7512__JournalEntry_Bank_Supplier" time="221.436" errors="0" timestamp="2021-12-30T15:36:05 IST" skipped="0">
  <testcase classname="Test_Trial_Balance_RE_Jour_Bank_Supp.TC_83_3_ExpenseHead_7305_7512__JournalEntry_Bank_Supplier" name="GoToUrlAssertUrlPositiveEnternLOGINPositiveEnternPASSClickLoginGoToUrlAssertUrlClickAgentsP1" time="73.003"/>
  <system-out/>
  <testcase classname="Test_Trial_Balance_RE_Jour_Bank_Supp.TC_83_3_ExpenseHead_7305_7512__JournalEntry_Bank_Supplier" name="GoToUrlAssertUrlPositiveEnternLOGINPositiveEnternPASSClickLoginGoToUrlAssertUrlClickAgentsP3" time="80.508"/>
  <system-out/>
  <testcase classname="Test_Trial_Balance_RE_Jour_Bank_Supp.TC_83_3_ExpenseHead_7305_7512__JournalEntry_Bank_Supplier" name="GoToUrlAssertUrlPositiveEnternLOGINPositiveEnternPASSClickLoginGoToUrlAssertUrlClickAgentsP2" time="67.925"/>
  <system-out/>
</testsuite> <!-- Test_Trial_Balance_RE_Jour_Bank_Supp.TC_83_3_ExpenseHead_7305_7512__JournalEntry_Bank_Supplier -->
