<?xml version="1.0" encoding="UTF-8"?>
<!-- Generated by org.testng.reporters.JUnitReportReporter -->
<testsuite hostname="OB-Yogesh" failures="0" tests="1" name="test.FlatToFlatPer.ScriptFlatToFlatP_DefaultProfile" time="42.504" errors="0" timestamp="2021-02-19T00:35:21 IST" skipped="0">
  <testcase classname="test.FlatToFlatPer.ScriptFlatToFlatP_DefaultProfile" name="GoToUrlAssertUrlPositiveEnterUserNamePositiveEnterPasswordClickLoginButtonGoToUrlAssertUrlCl1" time="42.504"/>
  <system-out/>
</testsuite> <!-- test.FlatToFlatPer.ScriptFlatToFlatP_DefaultProfile -->
