<?xml version="1.0" encoding="UTF-8"?>
<!-- Generated by org.testng.reporters.JUnitReportReporter -->
<testsuite hostname="OB-Sum" failures="0" tests="1" name="VAT2.F2NOVAT.F2noVat_SaleInToReconcile_1" time="87.099" errors="0" timestamp="2021-12-09T13:10:41 IST" skipped="0">
  <testcase classname="VAT2.F2NOVAT.F2noVat_SaleInToReconcile_1" name="GoToUrlAssertUrlPositiveEnternLOGINPositiveEnternPASSClickLoginGoToUrlAssertUrlClickAgentsP7" time="87.099"/>
  <system-out/>
</testsuite> <!-- VAT2.F2NOVAT.F2noVat_SaleInToReconcile_1 -->
