<?xml version="1.0" encoding="UTF-8"?>
<!-- Generated by org.testng.reporters.JUnitReportReporter -->
<testsuite hostname="OB-Sum" failures="0" tests="1" name="PartialReconcileForSupplierBillSTOFlat.ScriptPostVATReturn3stVATReturnReport_DefaultProfile" time="52.024" errors="0" timestamp="2022-02-06T06:55:37 IST" skipped="0">
  <testcase classname="PartialReconcileForSupplierBillSTOFlat.ScriptPostVATReturn3stVATReturnReport_DefaultProfile" name="GoToUrlAssertUrlPositiveEnterUserNamePositiveEnterPasswordClickLoginButtonGoToUrlAssertUrlCl" time="52.024"/>
  <system-out/>
</testsuite> <!-- PartialReconcileForSupplierBillSTOFlat.ScriptPostVATReturn3stVATReturnReport_DefaultProfile -->
