<?xml version="1.0" encoding="UTF-8"?>
<!-- Generated by org.testng.reporters.JUnitReportReporter -->
<testsuite hostname="OB-Yogesh" failures="0" tests="1" name="Supplier_SToNoVAT.ScriptVerifyByTrialBalanceScreenshotDefaultProfile_DefaultProfile" time="32.056" errors="0" timestamp="2021-02-26T22:38:33 IST" skipped="0">
  <testcase classname="Supplier_SToNoVAT.ScriptVerifyByTrialBalanceScreenshotDefaultProfile_DefaultProfile" name="GoToUrlAssertUrlPositiveEnterUserNamePositiveEnterPasswordClickLoginButtonGoToUrlAssertUrlCl" time="32.056"/>
  <system-out/>
</testsuite> <!-- Supplier_SToNoVAT.ScriptVerifyByTrialBalanceScreenshotDefaultProfile_DefaultProfile -->
