<?xml version="1.0" encoding="UTF-8"?>
<!-- Generated by org.testng.reporters.JUnitReportReporter -->
<testsuite hostname="OB-Sum" failures="0" tests="1" name="ExpenceRemSToFlat.ScriptPostVATReturn2stVATReturnReport_DefaultProfile" time="72.811" errors="0" timestamp="2022-02-06T06:55:29 IST" skipped="0">
  <testcase classname="ExpenceRemSToFlat.ScriptPostVATReturn2stVATReturnReport_DefaultProfile" name="GoToUrlAssertUrlPositiveEnterUserNamePositiveEnterPasswordClickLoginButtonGoToUrlAssertUrlCl" time="72.811"/>
  <system-out/>
</testsuite> <!-- ExpenceRemSToFlat.ScriptPostVATReturn2stVATReturnReport_DefaultProfile -->
