<?xml version="1.0" encoding="UTF-8"?>
<!-- Generated by org.testng.reporters.JUnitReportReporter -->
<testsuite hostname="OB-Sum" failures="0" tests="1" name="Supplier_FRStoSTND.ScriptEditSettingToVATType_DefaultProfile" time="57.986" errors="0" timestamp="2021-12-03T18:49:48 IST" skipped="0">
  <testcase classname="Supplier_FRStoSTND.ScriptEditSettingToVATType_DefaultProfile" name="GoToUrlAssertUrlPositiveEnterUserNamePositiveEnterPasswordClickLoginButtonGoToUrlAssertUrlCl2" time="57.986"/>
  <system-out/>
</testsuite> <!-- Supplier_FRStoSTND.ScriptEditSettingToVATType_DefaultProfile -->
