<?xml version="1.0" encoding="UTF-8"?>
<!-- Generated by org.testng.reporters.JUnitReportReporter -->
<testsuite hostname="OB-Yogesh" failures="0" tests="2" name="Supplier_FRSToFRSP.ScriptVATOnlyBill_FRSToStandard_DefaultProfile" time="86.912" errors="0" timestamp="2021-03-06T17:43:23 IST" skipped="0">
  <testcase classname="Supplier_FRSToFRSP.ScriptVATOnlyBill_FRSToStandard_DefaultProfile" name="GoToUrlAssertUrlPositiveEnterUserNamePositiveEnterPasswordClickLoginButtonGoToUrlAssertUrlCl1" time="42.855"/>
  <system-out/>
  <testcase classname="Supplier_FRSToFRSP.ScriptVATOnlyBill_FRSToStandard_DefaultProfile" name="GoToUrlAssertUrlPositiveEnterUserNamePositiveEnterPasswordClickLoginButtonGoToUrlAssertUrlCl2" time="44.057"/>
  <system-out/>
</testsuite> <!-- Supplier_FRSToFRSP.ScriptVATOnlyBill_FRSToStandard_DefaultProfile -->
