<?xml version="1.0" encoding="UTF-8"?>
<!-- Generated by org.testng.reporters.JUnitReportReporter -->
<testsuite hostname="OB-Sum" failures="0" tests="1" name="FIN_3821.BankFeedbnkact_Bankfeed" time="91.036" errors="0" timestamp="2021-07-31T18:58:39 IST" skipped="0">
  <testcase classname="FIN_3821.BankFeedbnkact_Bankfeed" name="GoToUrlClickBNKFDLinkClickReportsmenu4ClickClientBnkActlinkPositiveEnterClientName2PositiveSel" time="91.036"/>
  <system-out/>
</testsuite> <!-- FIN_3821.BankFeedbnkact_Bankfeed -->
