<?xml version="1.0" encoding="UTF-8"?>
<!-- Generated by org.testng.reporters.JUnitReportReporter -->
<testsuite hostname="OB-Sum" failures="0" tests="1" name="tests.ScriptVerifyNewAddedRecord_SToNOVAT_DefaultProfile" time="142.247" errors="0" timestamp="2021-12-19T01:41:02 IST" skipped="0">
  <testcase classname="tests.ScriptVerifyNewAddedRecord_SToNOVAT_DefaultProfile" name="GoToUrlAssertUrlPositiveEnterUserNamePositiveEnterPasswordClickLoginButtonGoToUrlAssertUrlCl" time="142.247"/>
  <system-out/>
</testsuite> <!-- tests.ScriptVerifyNewAddedRecord_SToNOVAT_DefaultProfile -->
