<?xml version="1.0" encoding="UTF-8"?>
<!-- Generated by org.testng.reporters.JUnitReportReporter -->
<testsuite hostname="OB-Sum" failures="0" tests="1" name="test.partialReconcileJonralEntryFlatToStand.ScriptPostVATReturn2stVATReturnReport_DefaultProfile" time="67.403" errors="0" timestamp="2021-12-19T01:40:59 IST" skipped="0">
  <testcase classname="test.partialReconcileJonralEntryFlatToStand.ScriptPostVATReturn2stVATReturnReport_DefaultProfile" name="GoToUrlAssertUrlPositiveEnterUserNamePositiveEnterPasswordClickLoginButtonGoToUrlAssertUrlCl" time="67.403"/>
  <system-out/>
</testsuite> <!-- test.partialReconcileJonralEntryFlatToStand.ScriptPostVATReturn2stVATReturnReport_DefaultProfile -->
