<?xml version="1.0" encoding="UTF-8"?>
<!-- Generated by org.testng.reporters.JUnitReportReporter -->
<testsuite hostname="OB-Sum" failures="0" tests="6" name="VAT2.S2F.SaleInToReconcileForCreditNote_StoF_Cus" time="670.474" errors="0" timestamp="2021-12-01T04:35:04 IST" skipped="0">
  <testcase classname="VAT2.S2F.SaleInToReconcileForCreditNote_StoF_Cus" name="GoToUrlAssertUrlPositiveEnternLOGINPositiveEnternPASSClickLoginGoToUrlAssertUrlClickAgentsP1" time="107.327"/>
  <system-out/>
  <testcase classname="VAT2.S2F.SaleInToReconcileForCreditNote_StoF_Cus" name="GoToUrlAssertUrlPositiveEnternLOGINPositiveEnternPASSClickLoginGoToUrlAssertUrlClickAgentsP6" time="126.994"/>
  <system-out/>
  <testcase classname="VAT2.S2F.SaleInToReconcileForCreditNote_StoF_Cus" name="GoToUrlAssertUrlPositiveEnternLOGINPositiveEnternPASSClickLoginGoToUrlAssertUrlClickAgentsP3" time="112.026"/>
  <system-out/>
  <testcase classname="VAT2.S2F.SaleInToReconcileForCreditNote_StoF_Cus" name="GoToUrlAssertUrlPositiveEnternLOGINPositiveEnternPASSClickLoginGoToUrlAssertUrlClickAgentsP71" time="108.201"/>
  <system-out/>
  <testcase classname="VAT2.S2F.SaleInToReconcileForCreditNote_StoF_Cus" name="GoToUrlAssertUrlPositiveEnternLOGINPositiveEnternPASSClickLoginGoToUrlAssertUrlClickAgentsP2" time="106.877"/>
  <system-out/>
  <testcase classname="VAT2.S2F.SaleInToReconcileForCreditNote_StoF_Cus" name="GoToUrlAssertUrlPositiveEnternLOGINPositiveEnternPASSClickLoginGoToUrlAssertUrlClickAgentsP7" time="109.049"/>
  <system-out/>
</testsuite> <!-- VAT2.S2F.SaleInToReconcileForCreditNote_StoF_Cus -->
