<?xml version="1.0" encoding="UTF-8"?>
<!-- Generated by org.testng.reporters.JUnitReportReporter -->
<testsuite hostname="OB-Sum" failures="0" tests="1" name="test.FlatToStandard.ScriptPostVATReturn2stVATReturnReport_FlatToStandard_DefaultProfile" time="67.550" errors="0" timestamp="2021-12-19T01:41:01 IST" skipped="0">
  <testcase classname="test.FlatToStandard.ScriptPostVATReturn2stVATReturnReport_FlatToStandard_DefaultProfile" name="GoToUrlAssertUrlPositiveEnterUserNamePositiveEnterPasswordClickLoginButtonGoToUrlAssertUrlCl" time="67.550"/>
  <system-out/>
</testsuite> <!-- test.FlatToStandard.ScriptPostVATReturn2stVATReturnReport_FlatToStandard_DefaultProfile -->
