<?xml version="1.0" encoding="UTF-8"?>
<!-- Generated by org.testng.reporters.JUnitReportReporter -->
<testsuite hostname="OB-Sum" failures="0" tests="2" name="Supplier_FRSToStandard.ScriptVATOnlyBill_FRSToStandard_DefaultProfile" time="124.262" errors="0" timestamp="2022-02-06T06:55:30 IST" skipped="0">
  <testcase classname="Supplier_FRSToStandard.ScriptVATOnlyBill_FRSToStandard_DefaultProfile" name="GoToUrlAssertUrlPositiveEnterUserNamePositiveEnterPasswordClickLoginButtonGoToUrlAssertUrlCl2" time="62.340"/>
  <system-out/>
  <testcase classname="Supplier_FRSToStandard.ScriptVATOnlyBill_FRSToStandard_DefaultProfile" name="GoToUrlAssertUrlPositiveEnterUserNamePositiveEnterPasswordClickLoginButtonGoToUrlAssertUrlCl1" time="61.922"/>
  <system-out/>
</testsuite> <!-- Supplier_FRSToStandard.ScriptVATOnlyBill_FRSToStandard_DefaultProfile -->
