<?xml version="1.0" encoding="UTF-8"?>
<!-- Generated by org.testng.reporters.JUnitReportReporter -->
<testsuite hostname="OB-Sum" failures="0" tests="6" name="AdvanceReconcileByBankForSupplierBillFlatToStand.SaleInToPartialReconcile_SupplierBill_DefaultProfile" time="518.994" errors="0" timestamp="2021-12-01T15:38:55 IST" skipped="0">
  <testcase classname="AdvanceReconcileByBankForSupplierBillFlatToStand.SaleInToPartialReconcile_SupplierBill_DefaultProfile" name="GoToUrlAssertUrlPositiveEnternLOGINPositiveEnternPASSClickLoginGoToUrlAssertUrlClickAgentsP3" time="82.556"/>
  <system-out/>
  <testcase classname="AdvanceReconcileByBankForSupplierBillFlatToStand.SaleInToPartialReconcile_SupplierBill_DefaultProfile" name="GoToUrlAssertUrlPositiveEnternLOGINPositiveEnternPASSClickLoginGoToUrlAssertUrlClickAgentsP6" time="96.620"/>
  <system-out/>
  <testcase classname="AdvanceReconcileByBankForSupplierBillFlatToStand.SaleInToPartialReconcile_SupplierBill_DefaultProfile" name="GoToUrlAssertUrlPositiveEnternLOGINPositiveEnternPASSClickLoginGoToUrlAssertUrlClickAgentsP1" time="80.468"/>
  <system-out/>
  <testcase classname="AdvanceReconcileByBankForSupplierBillFlatToStand.SaleInToPartialReconcile_SupplierBill_DefaultProfile" name="GoToUrlAssertUrlPositiveEnternLOGINPositiveEnternPASSClickLoginGoToUrlAssertUrlClickAgentsP5" time="94.758"/>
  <system-out/>
  <testcase classname="AdvanceReconcileByBankForSupplierBillFlatToStand.SaleInToPartialReconcile_SupplierBill_DefaultProfile" name="GoToUrlAssertUrlPositiveEnternLOGINPositiveEnternPASSClickLoginGoToUrlAssertUrlClickAgentsP2" time="82.361"/>
  <system-out/>
  <testcase classname="AdvanceReconcileByBankForSupplierBillFlatToStand.SaleInToPartialReconcile_SupplierBill_DefaultProfile" name="GoToUrlAssertUrlPositiveEnternLOGINPositiveEnternPASSClickLoginGoToUrlAssertUrlClickAgentsP4" time="82.231"/>
  <system-out/>
</testsuite> <!-- AdvanceReconcileByBankForSupplierBillFlatToStand.SaleInToPartialReconcile_SupplierBill_DefaultProfile -->
