<?xml version="1.0" encoding="UTF-8"?>
<!-- Generated by org.testng.reporters.JUnitReportReporter -->
<testsuite hostname="OB-Sum" failures="0" tests="1" name="test.partialReconcileJonralEntryFlatToStand.ScriptPostVATReturn2stVATReturnReport_DefaultProfile" time="66.647" errors="0" timestamp="2021-12-09T11:24:15 IST" skipped="0">
  <testcase classname="test.partialReconcileJonralEntryFlatToStand.ScriptPostVATReturn2stVATReturnReport_DefaultProfile" name="GoToUrlAssertUrlPositiveEnterUserNamePositiveEnterPasswordClickLoginButtonGoToUrlAssertUrlCl" time="66.647"/>
  <system-out/>
</testsuite> <!-- test.partialReconcileJonralEntryFlatToStand.ScriptPostVATReturn2stVATReturnReport_DefaultProfile -->
