<?xml version="1.0" encoding="UTF-8"?>
<!-- Generated by org.testng.reporters.JUnitReportReporter -->
<testsuite hostname="OB-Yogesh" failures="0" tests="2" name="test.FlatToStandard.ScriptVATOnlyInvoice_FlatToNOVAT_DefaultProfile" time="81.994" errors="0" timestamp="2021-02-17T20:42:40 IST" skipped="0">
  <testcase classname="test.FlatToStandard.ScriptVATOnlyInvoice_FlatToNOVAT_DefaultProfile" name="GoToUrlAssertUrlPositiveEnterUserNamePositiveEnterPasswordClickLoginButtonGoToUrlAssertUrlCl1" time="43.239"/>
  <system-out/>
  <testcase classname="test.FlatToStandard.ScriptVATOnlyInvoice_FlatToNOVAT_DefaultProfile" name="GoToUrlAssertUrlPositiveEnterUserNamePositiveEnterPasswordClickLoginButtonGoToUrlAssertUrlCl2" time="38.755"/>
  <system-out/>
</testsuite> <!-- test.FlatToStandard.ScriptVATOnlyInvoice_FlatToNOVAT_DefaultProfile -->
