<?xml version="1.0" encoding="UTF-8"?>
<!-- Generated by org.testng.reporters.JUnitReportReporter -->
<testsuite hostname="OB-Sum" failures="0" tests="1" name="ExpenceRemFlatToStand.ScriptPostVATReturn2stVATReturnReport_DefaultProfile" time="77.380" errors="0" timestamp="2022-02-06T06:55:31 IST" skipped="0">
  <testcase classname="ExpenceRemFlatToStand.ScriptPostVATReturn2stVATReturnReport_DefaultProfile" name="GoToUrlAssertUrlPositiveEnterUserNamePositiveEnterPasswordClickLoginButtonGoToUrlAssertUrlCl" time="77.380"/>
  <system-out/>
</testsuite> <!-- ExpenceRemFlatToStand.ScriptPostVATReturn2stVATReturnReport_DefaultProfile -->
