<?xml version="1.0" encoding="UTF-8"?>
<!-- Generated by org.testng.reporters.JUnitReportReporter -->
<testsuite hostname="OB-Sum" failures="0" tests="1" name="test.PartialReconciledCases.ScriptEditSettingToVATTypeForVatOnlyParReconci_DefaultProfile" time="59.088" errors="0" timestamp="2022-02-06T06:55:36 IST" skipped="0">
  <testcase classname="test.PartialReconciledCases.ScriptEditSettingToVATTypeForVatOnlyParReconci_DefaultProfile" name="GoToUrlAssertUrlPositiveEnterUserNamePositiveEnterPasswordClickLoginButtonGoToUrlAssertUrlCl2" time="59.088"/>
  <system-out/>
</testsuite> <!-- test.PartialReconciledCases.ScriptEditSettingToVATTypeForVatOnlyParReconci_DefaultProfile -->
