<?xml version="1.0" encoding="UTF-8"?>
<!-- Generated by org.testng.reporters.JUnitReportReporter -->
<testsuite hostname="OB-Sum" failures="0" tests="1" name="VATPhase3_Banking_ToSale.ScriptEditVATFlatP_StandToFlat_DefaultProfile_1" time="51.269" errors="0" timestamp="2021-12-19T01:41:01 IST" skipped="0">
  <testcase classname="VATPhase3_Banking_ToSale.ScriptEditVATFlatP_StandToFlat_DefaultProfile_1" name="GoToUrlAssertUrlPositiveEnterUserNamePositiveEnterPasswordClickLoginButtonGoToUrlAssertUrlCl3" time="51.269"/>
  <system-out/>
</testsuite> <!-- VATPhase3_Banking_ToSale.ScriptEditVATFlatP_StandToFlat_DefaultProfile_1 -->
