<?xml version="1.0" encoding="UTF-8"?>
<!-- Generated by org.testng.reporters.JUnitReportReporter -->
<testsuite hostname="OB-Sum" failures="0" tests="1" name="Supplier_SToNoVAT.ScriptVesrifyByTrialBalancePDFDefaultProfile_DefaultProfile" time="127.822" errors="0" timestamp="2022-02-06T06:55:29 IST" skipped="0">
  <testcase classname="Supplier_SToNoVAT.ScriptVesrifyByTrialBalancePDFDefaultProfile_DefaultProfile" name="GoToUrlAssertUrlPositiveEnterUserNamePositiveEnterPasswordClickLoginButtonGoToUrlAssertUrlCl" time="127.822"/>
  <system-out/>
</testsuite> <!-- Supplier_SToNoVAT.ScriptVesrifyByTrialBalancePDFDefaultProfile_DefaultProfile -->
