<?xml version="1.0" encoding="UTF-8"?>
<!-- Generated by org.testng.reporters.JUnitReportReporter -->
<testsuite hostname="OB-Sum" failures="0" tests="1" name="Supplier_FRSToStandard.ScriptVerifyByTrialBalanceScreenshotDefaultProfile_DefaultProfile" time="50.587" errors="0" timestamp="2022-02-06T06:55:31 IST" skipped="0">
  <testcase classname="Supplier_FRSToStandard.ScriptVerifyByTrialBalanceScreenshotDefaultProfile_DefaultProfile" name="GoToUrlAssertUrlPositiveEnterUserNamePositiveEnterPasswordClickLoginButtonGoToUrlAssertUrlCl" time="50.587"/>
  <system-out/>
</testsuite> <!-- Supplier_FRSToStandard.ScriptVerifyByTrialBalanceScreenshotDefaultProfile_DefaultProfile -->
