<?xml version="1.0" encoding="UTF-8"?>
<!-- Generated by org.testng.reporters.JUnitReportReporter -->
<testsuite hostname="OB-Sum" failures="0" tests="1" name="VAT3.FullREC_S2_NOVAT.Supplier_PostVATReturn1stVATReturnReport_1" time="42.565" errors="0" timestamp="2021-11-26T21:39:51 IST" skipped="0">
  <testcase classname="VAT3.FullREC_S2_NOVAT.Supplier_PostVATReturn1stVATReturnReport_1" name="GoToUrlAssertUrlPositiveEnterUserNamePositiveEnterPasswordClickLoginButtonGoToUrlAssertUrlCl" time="42.565"/>
  <system-out/>
</testsuite> <!-- VAT3.FullREC_S2_NOVAT.Supplier_PostVATReturn1stVATReturnReport_1 -->
