<?xml version="1.0" encoding="UTF-8"?>
<!-- Generated by org.testng.reporters.JUnitReportReporter -->
<testsuite hostname="OB-Sum" failures="0" tests="2" name="VAT2.F2S.SaleInToReconcileForVATOnly_DefaultProfile1" time="192.903" errors="0" timestamp="2021-12-01T04:35:04 IST" skipped="0">
  <testcase classname="VAT2.F2S.SaleInToReconcileForVATOnly_DefaultProfile1" name="GoToUrlAssertUrlPositiveEnternLOGINPositiveEnternPASSClickLoginGoToUrlAssertUrlClickAgentsP2" time="94.604"/>
  <system-out/>
  <testcase classname="VAT2.F2S.SaleInToReconcileForVATOnly_DefaultProfile1" name="GoToUrlAssertUrlPositiveEnternLOGINPositiveEnternPASSClickLoginGoToUrlAssertUrlClickAgentsP1" time="98.299"/>
  <system-out/>
</testsuite> <!-- VAT2.F2S.SaleInToReconcileForVATOnly_DefaultProfile1 -->
