<?xml version="1.0" encoding="UTF-8"?>
<!-- Generated by org.testng.reporters.JUnitReportReporter -->
<testsuite hostname="OB-Sum" failures="0" tests="3" name="Test_Balance_RE_Jour_Bank_Supp_3.TC_13_3_2_BS_FixedAsset_280_To_284_With_Journal_Bank_Supplier" time="294.574" errors="0" timestamp="2022-02-19T09:42:02 IST" skipped="0">
  <testcase classname="Test_Balance_RE_Jour_Bank_Supp_3.TC_13_3_2_BS_FixedAsset_280_To_284_With_Journal_Bank_Supplier" name="GoToUrlAssertUrlPositiveEnternLOGINPositiveEnternPASSClickLoginGoToUrlAssertUrlClickAgentsP2" time="121.662"/>
  <system-out/>
  <testcase classname="Test_Balance_RE_Jour_Bank_Supp_3.TC_13_3_2_BS_FixedAsset_280_To_284_With_Journal_Bank_Supplier" name="GoToUrlAssertUrlPositiveEnternLOGINPositiveEnternPASSClickLoginGoToUrlAssertUrlClickAgentsP1" time="58.297"/>
  <system-out>
    <![CDATA[ledger 1 entered :280 - Motor Vehicle Cost B/Fwd
ledger 2 entered :281 - Motor Vehicle Additions
ledger 3 entered :282 - Motor Vehicle Disposals
ledger 4 entered :283 - Motor Vehicle Revaluations
ledger 5 entered :284 - Motor Vehicle Transfers
Ledger code verified: Motor Vehicle Cost B/Fwd
Amount enter verified: 1,000.00
Ledger code verified: Motor Vehicle Additions
Amount enter verified: 1,000.00
Ledger code verified: Motor Vehicle Disposals
Amount enter verified: 1,000.00
Ledger code verified: Motor Vehicle Revaluations
Amount enter verified: 1,000.00
Ledger code verified: Motor Vehicle Transfers
Amount enter verified: (4,000.00)
Enteries are Verified on Balance Sheet Report page :]]>
  </system-out>
  <testcase classname="Test_Balance_RE_Jour_Bank_Supp_3.TC_13_3_2_BS_FixedAsset_280_To_284_With_Journal_Bank_Supplier" name="GoToUrlAssertUrlPositiveEnternLOGINPositiveEnternPASSClickLoginGoToUrlAssertUrlClickAgentsP3" time="114.615"/>
  <system-out/>
</testsuite> <!-- Test_Balance_RE_Jour_Bank_Supp_3.TC_13_3_2_BS_FixedAsset_280_To_284_With_Journal_Bank_Supplier -->
