<?xml version="1.0" encoding="UTF-8"?>
<!-- Generated by org.testng.reporters.JUnitReportReporter -->
<testsuite hostname="OB-Sum" failures="0" tests="2" name="test.FlatToFlatPer.ScriptVATOnlyInvoice_FlatToFlatP_DefaultProfile" time="108.329" errors="0" timestamp="2021-12-19T01:41:01 IST" skipped="0">
  <testcase classname="test.FlatToFlatPer.ScriptVATOnlyInvoice_FlatToFlatP_DefaultProfile" name="GoToUrlAssertUrlPositiveEnterUserNamePositiveEnterPasswordClickLoginButtonGoToUrlAssertUrlCl1" time="54.258"/>
  <system-out/>
  <testcase classname="test.FlatToFlatPer.ScriptVATOnlyInvoice_FlatToFlatP_DefaultProfile" name="GoToUrlAssertUrlPositiveEnterUserNamePositiveEnterPasswordClickLoginButtonGoToUrlAssertUrlCl2" time="54.071"/>
  <system-out/>
</testsuite> <!-- test.FlatToFlatPer.ScriptVATOnlyInvoice_FlatToFlatP_DefaultProfile -->
