<?xml version="1.0" encoding="UTF-8"?>
<!-- Generated by org.testng.reporters.JUnitReportReporter -->
<testsuite hostname="OB-Sum" failures="0" tests="6" name="test.partialReconcileJonralEntrySToFlat.CreditNoteToReconcileForJonral_DefaultProfile" time="596.095" errors="0" timestamp="2021-12-19T01:41:01 IST" skipped="0">
  <testcase classname="test.partialReconcileJonralEntrySToFlat.CreditNoteToReconcileForJonral_DefaultProfile" name="GoToUrlAssertUrlPositiveEnternLOGINPositiveEnternPASSClickLoginGoToUrlAssertUrlClickAgentsP2" time="98.584"/>
  <system-out/>
  <testcase classname="test.partialReconcileJonralEntrySToFlat.CreditNoteToReconcileForJonral_DefaultProfile" name="GoToUrlAssertUrlPositiveEnternLOGINPositiveEnternPASSClickLoginGoToUrlAssertUrlClickAgentsP3" time="99.521"/>
  <system-out/>
  <testcase classname="test.partialReconcileJonralEntrySToFlat.CreditNoteToReconcileForJonral_DefaultProfile" name="GoToUrlAssertUrlPositiveEnternLOGINPositiveEnternPASSClickLoginGoToUrlAssertUrlClickAgentsP6" time="103.105"/>
  <system-out/>
  <testcase classname="test.partialReconcileJonralEntrySToFlat.CreditNoteToReconcileForJonral_DefaultProfile" name="GoToUrlAssertUrlPositiveEnternLOGINPositiveEnternPASSClickLoginGoToUrlAssertUrlClickAgentsP1" time="100.170"/>
  <system-out/>
  <testcase classname="test.partialReconcileJonralEntrySToFlat.CreditNoteToReconcileForJonral_DefaultProfile" name="GoToUrlAssertUrlPositiveEnternLOGINPositiveEnternPASSClickLoginGoToUrlAssertUrlClickAgentsP4" time="97.221"/>
  <system-out/>
  <testcase classname="test.partialReconcileJonralEntrySToFlat.CreditNoteToReconcileForJonral_DefaultProfile" name="GoToUrlAssertUrlPositiveEnternLOGINPositiveEnternPASSClickLoginGoToUrlAssertUrlClickAgentsP5" time="97.494"/>
  <system-out/>
</testsuite> <!-- test.partialReconcileJonralEntrySToFlat.CreditNoteToReconcileForJonral_DefaultProfile -->
