<?xml version="1.0" encoding="UTF-8"?>
<!-- Generated by org.testng.reporters.JUnitReportReporter -->
<testsuite hostname="OB-Sum" failures="0" tests="3" name="Test_Trial_Balance_RE_Jour_Bank_Supp_3.TC_24_2_BS_DEBTOR_1100_1103_1104_With_Journal_Bank_Income_Supplier" time="186.404" errors="0" timestamp="2022-01-12T16:28:03 IST" skipped="0">
  <testcase classname="Test_Trial_Balance_RE_Jour_Bank_Supp_3.TC_24_2_BS_DEBTOR_1100_1103_1104_With_Journal_Bank_Income_Supplier" name="GoToUrlAssertUrlPositiveEnternLOGINPositiveEnternPASSClickLoginGoToUrlAssertUrlClickAgentsP3" time="70.773"/>
  <system-out/>
  <testcase classname="Test_Trial_Balance_RE_Jour_Bank_Supp_3.TC_24_2_BS_DEBTOR_1100_1103_1104_With_Journal_Bank_Income_Supplier" name="GoToUrlAssertUrlPositiveEnternLOGINPositiveEnternPASSClickLoginGoToUrlAssertUrlClickAgentsP1" time="45.428"/>
  <system-out>
    <![CDATA[ledger 1 entered :1100 - VAT
ledger 2 entered :1103 - Deferred Input VAT
ledger 3 entered :1104 - Deferred Output VAT
Ledger code verified: VAT
Amount enter verified: 1,000.00
Ledger code verified: Deferred Input VAT
Amount enter verified: 1,000.00
Ledger code verified: Deferred Output VAT
Amount enter verified: (2,000.00)
Enteries are Verified on Balance Sheet Report page :]]>
  </system-out>
  <testcase classname="Test_Trial_Balance_RE_Jour_Bank_Supp_3.TC_24_2_BS_DEBTOR_1100_1103_1104_With_Journal_Bank_Income_Supplier" name="GoToUrlAssertUrlPositiveEnternLOGINPositiveEnternPASSClickLoginGoToUrlAssertUrlClickAgentsP2" time="70.203"/>
  <system-out/>
</testsuite> <!-- Test_Trial_Balance_RE_Jour_Bank_Supp_3.TC_24_2_BS_DEBTOR_1100_1103_1104_With_Journal_Bank_Income_Supplier -->
