<?xml version="1.0" encoding="UTF-8"?>
<!-- Generated by org.testng.reporters.JUnitReportReporter -->
<testsuite hostname="OB-Sum" failures="0" tests="1" name="VAT3_UnReconciled_STOF.UN_EditVATType_Standard" time="53.691" errors="0" timestamp="2022-02-06T06:55:35 IST" skipped="0">
  <testcase classname="VAT3_UnReconciled_STOF.UN_EditVATType_Standard" name="GoToUrlAssertUrlPositiveEnterUserNamePositiveEnterPasswordClickLoginButtonGoToUrlAssertUrlCl2" time="53.691"/>
  <system-out/>
</testsuite> <!-- VAT3_UnReconciled_STOF.UN_EditVATType_Standard -->
