<?xml version="1.0" encoding="UTF-8"?>
<!-- Generated by org.testng.reporters.JUnitReportReporter -->
<testsuite hostname="OB-Sum" failures="0" tests="1" name="Supplier_FRSToNoVAT.ScriptEditVATFlatP_DefaultProfile" time="52.642" errors="0" timestamp="2021-12-19T01:41:01 IST" skipped="0">
  <testcase classname="Supplier_FRSToNoVAT.ScriptEditVATFlatP_DefaultProfile" name="GoToUrlAssertUrlPositiveEnterUserNamePositiveEnterPasswordClickLoginButtonGoToUrlAssertUrlCl3" time="52.642"/>
  <system-out/>
</testsuite> <!-- Supplier_FRSToNoVAT.ScriptEditVATFlatP_DefaultProfile -->
