<?xml version="1.0" encoding="UTF-8"?>
<!-- Generated by org.testng.reporters.JUnitReportReporter -->
<testsuite hostname="OB-Sum" failures="0" tests="3" name="tests.BalanceSheet_Bf.TC_29_BSBFFixedAsset630632_DefaultProfile" time="372.156" errors="0" timestamp="2022-02-25T15:38:47 IST" skipped="0">
  <testcase classname="tests.BalanceSheet_Bf.TC_29_BSBFFixedAsset630632_DefaultProfile" name="GoToUrlAssertUrlPositiveEnternLOGINPositiveEnternPASSClickLoginGoToUrlAssertUrlClickAgentsP2" time="101.979"/>
  <system-out>
    <![CDATA[Accounting Period Status : Account UnClosed 
Accounting Period Status : Account UnLocked
Accounting Period Status :- Account period closed]]>
  </system-out>
  <testcase classname="tests.BalanceSheet_Bf.TC_29_BSBFFixedAsset630632_DefaultProfile" name="GoToUrlAssertUrlPositiveEnternLOGINPositiveEnternPASSClickLoginGoToUrlAssertUrlClickAgentsP3" time="102.664"/>
  <system-out>
    <![CDATA[Accounting Period Status : Account UnClosed 
Accounting Period Status : Account UnLocked
Accounting Period Status :- Account period closed]]>
  </system-out>
  <testcase classname="tests.BalanceSheet_Bf.TC_29_BSBFFixedAsset630632_DefaultProfile" name="GoToUrlAssertUrlPositiveEnternLOGINPositiveEnternPASSClickLoginGoToUrlAssertUrlClickAgentsP1" time="167.513"/>
  <system-out>
    <![CDATA[Accounting Period Status : Account UnClosed 
Accounting Period Status : Account UnLocked
ledger 1 entered :631 - Loan Additions
ledger 2 entered :632 - Loan Disposals
ledger 3 entered :1400 - Default Bank
Accounting Period Status :- Account period closed
Ledger code verified: Loan Value B/Fwd
Ledger code verified: Default Bank
Amount enter verified: 2,100.00
Amount enter verified: (2,100.00)
Enteries are Verified on Balance Sheet Report page :]]>
  </system-out>
</testsuite> <!-- tests.BalanceSheet_Bf.TC_29_BSBFFixedAsset630632_DefaultProfile -->
