<?xml version="1.0" encoding="UTF-8"?>
<!-- Generated by org.testng.reporters.JUnitReportReporter -->
<testsuite hostname="OB-Yogesh" failures="0" tests="6" name="VATPhase3.BankingTr_VATPH3_StandToNoVATDefaultProfile_4" time="213.699" errors="0" timestamp="2021-05-06T00:22:12 IST" skipped="0">
  <testcase classname="VATPhase3.BankingTr_VATPH3_StandToNoVATDefaultProfile_4" name="GoToUrlAssertUrlPositiveEnternLOGINPositiveEnternPASSClickLoginGoToUrlAssertUrlClickAgentsP1" time="36.814"/>
  <system-out/>
  <testcase classname="VATPhase3.BankingTr_VATPH3_StandToNoVATDefaultProfile_4" name="GoToUrlAssertUrlPositiveEnternLOGINPositiveEnternPASSClickLoginGoToUrlAssertUrlClickAgentsP3" time="38.739"/>
  <system-out/>
  <testcase classname="VATPhase3.BankingTr_VATPH3_StandToNoVATDefaultProfile_4" name="GoToUrlAssertUrlPositiveEnternLOGINPositiveEnternPASSClickLoginGoToUrlAssertUrlClickAgentsP5" time="32.637"/>
  <system-out/>
  <testcase classname="VATPhase3.BankingTr_VATPH3_StandToNoVATDefaultProfile_4" name="GoToUrlAssertUrlPositiveEnternLOGINPositiveEnternPASSClickLoginGoToUrlAssertUrlClickAgentsP2" time="33.916"/>
  <system-out/>
  <testcase classname="VATPhase3.BankingTr_VATPH3_StandToNoVATDefaultProfile_4" name="GoToUrlAssertUrlPositiveEnternLOGINPositiveEnternPASSClickLoginGoToUrlAssertUrlClickAgentsP6" time="39.019"/>
  <system-out/>
  <testcase classname="VATPhase3.BankingTr_VATPH3_StandToNoVATDefaultProfile_4" name="GoToUrlAssertUrlPositiveEnternLOGINPositiveEnternPASSClickLoginGoToUrlAssertUrlClickAgentsP4" time="32.574"/>
  <system-out/>
</testsuite> <!-- VATPhase3.BankingTr_VATPH3_StandToNoVATDefaultProfile_4 -->
