<?xml version="1.0" encoding="UTF-8"?>
<!-- Generated by org.testng.reporters.JUnitReportReporter -->
<testsuite hostname="OB-Sum" failures="0" tests="1" name="VATPhase3_Banking_ToSale.ScriptEditVATFlatP_FlatToStand_DefaultProfile_2" time="54.290" errors="0" timestamp="2021-12-19T01:40:59 IST" skipped="0">
  <testcase classname="VATPhase3_Banking_ToSale.ScriptEditVATFlatP_FlatToStand_DefaultProfile_2" name="GoToUrlAssertUrlPositiveEnterUserNamePositiveEnterPasswordClickLoginButtonGoToUrlAssertUrlCl3" time="54.290"/>
  <system-out/>
</testsuite> <!-- VATPhase3_Banking_ToSale.ScriptEditVATFlatP_FlatToStand_DefaultProfile_2 -->
