<?xml version="1.0" encoding="UTF-8"?>
<!-- Generated by org.testng.reporters.JUnitReportReporter -->
<testsuite hostname="OB-Sum" failures="0" tests="1" name="VAT3_InvoiceUnreconcileCases.ScriptVATReturn2stVATReturnReport_SToFRS_DefaultProfile_1" time="75.970" errors="0" timestamp="2022-02-06T06:55:36 IST" skipped="0">
  <testcase classname="VAT3_InvoiceUnreconcileCases.ScriptVATReturn2stVATReturnReport_SToFRS_DefaultProfile_1" name="GoToUrlAssertUrlPositiveEnterUserNamePositiveEnterPasswordClickLoginButtonGoToUrlAssertUrlCl" time="75.970"/>
  <system-out/>
</testsuite> <!-- VAT3_InvoiceUnreconcileCases.ScriptVATReturn2stVATReturnReport_SToFRS_DefaultProfile_1 -->
