<?xml version="1.0" encoding="UTF-8"?>
<!-- Generated by org.testng.reporters.JUnitReportReporter -->
<testsuite hostname="OB-Sum" failures="0" tests="3" name="Test_Trial_Balance_RE_Jour_Bank_Supp_3.TC_15_3_BS_FixedAsset_630_To_639_With_Journal_Bank_Supplier" time="428.101" errors="0" timestamp="2022-01-18T16:59:19 IST" skipped="0">
  <testcase classname="Test_Trial_Balance_RE_Jour_Bank_Supp_3.TC_15_3_BS_FixedAsset_630_To_639_With_Journal_Bank_Supplier" name="GoToUrlAssertUrlPositiveEnternLOGINPositiveEnternPASSClickLoginGoToUrlAssertUrlClickAgentsP1" time="82.714"/>
  <system-out>
    <![CDATA[ledger 1 entered :630 - Loan Value B/Fwd
ledger 2 entered :631 - Loan Additions
ledger 3 entered :632 - Loan Disposals
ledger 4 entered :635 - Loan Amortisation B/Fwd
ledger 5 entered :636 - Loan Amortisation Disposals
ledger 5 entered :637 - Loans Written-Back
ledger 7 entered :639 - Loans Amortisation
Ledger code verified: Loan Value B/Fwd
Amount enter verified: 1,000.00
Ledger code verified: Loan Additions
Amount enter verified: 1,000.00
Ledger code verified: Loan Disposals
Amount enter verified: 1,000.00
Ledger code verified: Loan Amortisation B/Fwd
Amount enter verified: 1,000.00
Ledger code verified: Loan Amortisation Disposals
Amount enter verified: 1,000.00
Ledger code verified: Loans Written
Amount enter verified: 1,000.00
Ledger code verified: Loans Amortisation
Amount enter verified: (6,000.00)
Enteries are Verified on Balance Sheet Report page :]]>
  </system-out>
  <testcase classname="Test_Trial_Balance_RE_Jour_Bank_Supp_3.TC_15_3_BS_FixedAsset_630_To_639_With_Journal_Bank_Supplier" name="GoToUrlAssertUrlPositiveEnternLOGINPositiveEnternPASSClickLoginGoToUrlAssertUrlClickAgentsP2" time="176.815"/>
  <system-out/>
  <testcase classname="Test_Trial_Balance_RE_Jour_Bank_Supp_3.TC_15_3_BS_FixedAsset_630_To_639_With_Journal_Bank_Supplier" name="GoToUrlAssertUrlPositiveEnternLOGINPositiveEnternPASSClickLoginGoToUrlAssertUrlClickAgentsP3" time="168.572"/>
  <system-out/>
</testsuite> <!-- Test_Trial_Balance_RE_Jour_Bank_Supp_3.TC_15_3_BS_FixedAsset_630_To_639_With_Journal_Bank_Supplier -->
