<?xml version="1.0" encoding="UTF-8"?>
<!-- Generated by org.testng.reporters.JUnitReportReporter -->
<testsuite hostname="OB-Sum" failures="0" tests="6" name="VAT3_ExpensesReinbr.ExpenseRemOnlyStandToFlat_DefaultProfile_1" time="237.610" errors="0" timestamp="2021-11-12T18:22:34 IST" skipped="0">
  <testcase classname="VAT3_ExpensesReinbr.ExpenseRemOnlyStandToFlat_DefaultProfile_1" name="GoToUrlAssertUrlPositiveEnternLOGINPositiveEnternPASSClickLoginGoToUrlAssertUrlClickAgentsP2" time="42.374"/>
  <system-out/>
  <testcase classname="VAT3_ExpensesReinbr.ExpenseRemOnlyStandToFlat_DefaultProfile_1" name="GoToUrlAssertUrlPositiveEnternLOGINPositiveEnternPASSClickLoginGoToUrlAssertUrlClickAgentsP6" time="39.268"/>
  <system-out/>
  <testcase classname="VAT3_ExpensesReinbr.ExpenseRemOnlyStandToFlat_DefaultProfile_1" name="GoToUrlAssertUrlPositiveEnternLOGINPositiveEnternPASSClickLoginGoToUrlAssertUrlClickAgentsP3" time="39.161"/>
  <system-out/>
  <testcase classname="VAT3_ExpensesReinbr.ExpenseRemOnlyStandToFlat_DefaultProfile_1" name="GoToUrlAssertUrlPositiveEnternLOGINPositiveEnternPASSClickLoginGoToUrlAssertUrlClickAgentsP1" time="39.741"/>
  <system-out/>
  <testcase classname="VAT3_ExpensesReinbr.ExpenseRemOnlyStandToFlat_DefaultProfile_1" name="GoToUrlAssertUrlPositiveEnternLOGINPositiveEnternPASSClickLoginGoToUrlAssertUrlClickAgentsP5" time="38.578"/>
  <system-out/>
  <testcase classname="VAT3_ExpensesReinbr.ExpenseRemOnlyStandToFlat_DefaultProfile_1" name="GoToUrlAssertUrlPositiveEnternLOGINPositiveEnternPASSClickLoginGoToUrlAssertUrlClickAgentsP4" time="38.488"/>
  <system-out/>
</testsuite> <!-- VAT3_ExpensesReinbr.ExpenseRemOnlyStandToFlat_DefaultProfile_1 -->
