<?xml version="1.0" encoding="UTF-8"?>
<!-- Generated by org.testng.reporters.JUnitReportReporter -->
<testsuite hostname="OB-Sum" failures="0" tests="6" name="VATPhase3_Banking_ToSale.BankingTr_VATPH3_FlatToStandDefaultProfile_2" time="232.973" errors="0" timestamp="2021-12-19T01:41:01 IST" skipped="0">
  <testcase classname="VATPhase3_Banking_ToSale.BankingTr_VATPH3_FlatToStandDefaultProfile_2" name="GoToUrlAssertUrlPositiveEnternLOGINPositiveEnternPASSClickLoginGoToUrlAssertUrlClickAgentsP2" time="39.149"/>
  <system-out/>
  <testcase classname="VATPhase3_Banking_ToSale.BankingTr_VATPH3_FlatToStandDefaultProfile_2" name="GoToUrlAssertUrlPositiveEnternLOGINPositiveEnternPASSClickLoginGoToUrlAssertUrlClickAgentsP3" time="37.538"/>
  <system-out/>
  <testcase classname="VATPhase3_Banking_ToSale.BankingTr_VATPH3_FlatToStandDefaultProfile_2" name="GoToUrlAssertUrlPositiveEnternLOGINPositiveEnternPASSClickLoginGoToUrlAssertUrlClickAgentsP5" time="39.406"/>
  <system-out/>
  <testcase classname="VATPhase3_Banking_ToSale.BankingTr_VATPH3_FlatToStandDefaultProfile_2" name="GoToUrlAssertUrlPositiveEnternLOGINPositiveEnternPASSClickLoginGoToUrlAssertUrlClickAgentsP1" time="38.150"/>
  <system-out/>
  <testcase classname="VATPhase3_Banking_ToSale.BankingTr_VATPH3_FlatToStandDefaultProfile_2" name="GoToUrlAssertUrlPositiveEnternLOGINPositiveEnternPASSClickLoginGoToUrlAssertUrlClickAgentsP6" time="39.527"/>
  <system-out/>
  <testcase classname="VATPhase3_Banking_ToSale.BankingTr_VATPH3_FlatToStandDefaultProfile_2" name="GoToUrlAssertUrlPositiveEnternLOGINPositiveEnternPASSClickLoginGoToUrlAssertUrlClickAgentsP4" time="39.203"/>
  <system-out/>
</testsuite> <!-- VATPhase3_Banking_ToSale.BankingTr_VATPH3_FlatToStandDefaultProfile_2 -->
