<?xml version="1.0" encoding="UTF-8"?>
<!-- Generated by org.testng.reporters.JUnitReportReporter -->
<testsuite hostname="OB-Sum" failures="0" tests="2" name="tests.BalanceSheet_Bf.TC_45_BSBFTaxation2402_DefaultProfile_JB" time="214.349" errors="0" timestamp="2022-03-03T17:00:05 IST" skipped="0">
  <testcase classname="tests.BalanceSheet_Bf.TC_45_BSBFTaxation2402_DefaultProfile_JB" name="GoToUrlAssertUrlPositiveEnternLOGINPositiveEnternPASSClickLoginGoToUrlAssertUrlClickAgentsP1" time="131.746"/>
  <system-out>
    <![CDATA[ledger 1 entered :2402 - Deferred Tax
ledger 2 entered :1400 - Default Bank
Accounting Period Status :- Account period closed
Ledger code verified: Deferred Tax
Amount enter verified: (1,000.00)
Ledger code verified: Default Bank
Amount enter verified: 1,000.00
Enteries are Verified on Balance Sheet Report page :]]>
  </system-out>
  <testcase classname="tests.BalanceSheet_Bf.TC_45_BSBFTaxation2402_DefaultProfile_JB" name="GoToUrlAssertUrlPositiveEnternLOGINPositiveEnternPASSClickLoginGoToUrlAssertUrlClickAgentsP3" time="82.603"/>
  <system-out>
    <![CDATA[Accounting Period Status :- Account period closed]]>
  </system-out>
</testsuite> <!-- tests.BalanceSheet_Bf.TC_45_BSBFTaxation2402_DefaultProfile_JB -->
