<?xml version="1.0" encoding="UTF-8"?>
<!-- Generated by org.testng.reporters.JUnitReportReporter -->
<testsuite hostname="OB-Sum" failures="0" tests="1" name="Test_Trial_Balance_Report.TC_11_LadgerCode_2402_7251_6015_Report" time="119.559" errors="0" timestamp="2021-12-30T15:36:05 IST" skipped="0">
  <testcase classname="Test_Trial_Balance_Report.TC_11_LadgerCode_2402_7251_6015_Report" name="GoToUrlAssertUrlPositiveEnternLOGINPositiveEnternPASSClickLoginGoToUrlAssertUrlClickAgentsP1" time="119.559"/>
  <system-out/>
</testsuite> <!-- Test_Trial_Balance_Report.TC_11_LadgerCode_2402_7251_6015_Report -->
