<?xml version="1.0" encoding="UTF-8"?>
<!-- Generated by org.testng.reporters.JUnitReportReporter -->
<testsuite hostname="OB-Sum" failures="0" tests="1" name="VAT3_InvoiceUnreconcileCases.ScriptSubmitVAT_DefaultProfile_1" time="97.247" errors="0" timestamp="2021-11-13T12:35:44 IST" skipped="0">
  <testcase classname="VAT3_InvoiceUnreconcileCases.ScriptSubmitVAT_DefaultProfile_1" name="GoToUrlAssertUrlPositiveEnterUserNamePositiveEnterPasswordClickLoginButtonGoToUrlAssertUrlCl" time="97.247"/>
  <system-out/>
</testsuite> <!-- VAT3_InvoiceUnreconcileCases.ScriptSubmitVAT_DefaultProfile_1 -->
