<?xml version="1.0" encoding="UTF-8"?>
<!-- Generated by org.testng.reporters.JUnitReportReporter -->
<testsuite hostname="OB-Sum" failures="0" tests="2" name="Supplier_FRSToStandard.ScriptVATOnlyBill_FRSToStandard_DefaultProfile" time="108.506" errors="0" timestamp="2021-12-09T11:24:15 IST" skipped="0">
  <testcase classname="Supplier_FRSToStandard.ScriptVATOnlyBill_FRSToStandard_DefaultProfile" name="GoToUrlAssertUrlPositiveEnterUserNamePositiveEnterPasswordClickLoginButtonGoToUrlAssertUrlCl2" time="54.469"/>
  <system-out/>
  <testcase classname="Supplier_FRSToStandard.ScriptVATOnlyBill_FRSToStandard_DefaultProfile" name="GoToUrlAssertUrlPositiveEnterUserNamePositiveEnterPasswordClickLoginButtonGoToUrlAssertUrlCl1" time="54.037"/>
  <system-out/>
</testsuite> <!-- Supplier_FRSToStandard.ScriptVATOnlyBill_FRSToStandard_DefaultProfile -->
