<?xml version="1.0" encoding="UTF-8"?>
<!-- Generated by org.testng.reporters.JUnitReportReporter -->
<testsuite hostname="OB-Sum" failures="0" tests="6" name="tests.ScriptSaleCreditNote_SToNOVAT_DefaultProfile" time="378.251" errors="0" timestamp="2021-12-19T01:41:01 IST" skipped="0">
  <testcase classname="tests.ScriptSaleCreditNote_SToNOVAT_DefaultProfile" name="GoToUrlAssertUrlPositiveEnterUserNamePositiveEnterPasswordClickLoginButtonGoToUrlAssertUrlCl3" time="61.703"/>
  <system-out/>
  <testcase classname="tests.ScriptSaleCreditNote_SToNOVAT_DefaultProfile" name="GoToUrlAssertUrlPositiveEnterUserNamePositiveEnterPasswordClickLoginButtonGoToUrlAssertUrlCl6" time="62.348"/>
  <system-out/>
  <testcase classname="tests.ScriptSaleCreditNote_SToNOVAT_DefaultProfile" name="GoToUrlAssertUrlPositiveEnterUserNamePositiveEnterPasswordClickLoginButtonGoToUrlAssertUrlCl2" time="62.094"/>
  <system-out/>
  <testcase classname="tests.ScriptSaleCreditNote_SToNOVAT_DefaultProfile" name="GoToUrlAssertUrlPositiveEnterUserNamePositiveEnterPasswordClickLoginButtonGoToUrlAssertUrlCl4" time="63.388"/>
  <system-out/>
  <testcase classname="tests.ScriptSaleCreditNote_SToNOVAT_DefaultProfile" name="GoToUrlAssertUrlPositiveEnterUserNamePositiveEnterPasswordClickLoginButtonGoToUrlAssertUrlCl1" time="65.038"/>
  <system-out/>
  <testcase classname="tests.ScriptSaleCreditNote_SToNOVAT_DefaultProfile" name="GoToUrlAssertUrlPositiveEnterUserNamePositiveEnterPasswordClickLoginButtonGoToUrlAssertUrlCl5" time="63.680"/>
  <system-out/>
</testsuite> <!-- tests.ScriptSaleCreditNote_SToNOVAT_DefaultProfile -->
