<?xml version="1.0" encoding="UTF-8"?>
<!-- Generated by org.testng.reporters.JUnitReportReporter -->
<testsuite hostname="OB-Sum" failures="0" tests="6" name="Supplier_FRSToFRSP.ScriptSupplierBill_FRSToFRSP_DefaultProfile" time="308.065" errors="0" timestamp="2021-12-19T01:41:02 IST" skipped="0">
  <testcase classname="Supplier_FRSToFRSP.ScriptSupplierBill_FRSToFRSP_DefaultProfile" name="GoToUrlAssertUrlPositiveEnterUserNamePositiveEnterPasswordClickLoginButtonGoToUrlAssertUrlCl3" time="52.380"/>
  <system-out/>
  <testcase classname="Supplier_FRSToFRSP.ScriptSupplierBill_FRSToFRSP_DefaultProfile" name="GoToUrlAssertUrlPositiveEnterUserNamePositiveEnterPasswordClickLoginButtonGoToUrlAssertUrlCl6" time="51.536"/>
  <system-out/>
  <testcase classname="Supplier_FRSToFRSP.ScriptSupplierBill_FRSToFRSP_DefaultProfile" name="GoToUrlAssertUrlPositiveEnterUserNamePositiveEnterPasswordClickLoginButtonGoToUrlAssertUrlCl4" time="49.944"/>
  <system-out/>
  <testcase classname="Supplier_FRSToFRSP.ScriptSupplierBill_FRSToFRSP_DefaultProfile" name="GoToUrlAssertUrlPositiveEnterUserNamePositiveEnterPasswordClickLoginButtonGoToUrlAssertUrlCl1" time="51.441"/>
  <system-out/>
  <testcase classname="Supplier_FRSToFRSP.ScriptSupplierBill_FRSToFRSP_DefaultProfile" name="GoToUrlAssertUrlPositiveEnterUserNamePositiveEnterPasswordClickLoginButtonGoToUrlAssertUrlCl2" time="51.335"/>
  <system-out/>
  <testcase classname="Supplier_FRSToFRSP.ScriptSupplierBill_FRSToFRSP_DefaultProfile" name="GoToUrlAssertUrlPositiveEnterUserNamePositiveEnterPasswordClickLoginButtonGoToUrlAssertUrlCl5" time="51.429"/>
  <system-out/>
</testsuite> <!-- Supplier_FRSToFRSP.ScriptSupplierBill_FRSToFRSP_DefaultProfile -->
