<?xml version="1.0" encoding="UTF-8"?>
<!-- Generated by org.testng.reporters.JUnitReportReporter -->
<testsuite hostname="OB-Sum" failures="0" tests="1" name="Test_Trial_Balance_RE_Jour_Bank_Supp.TC_54_3_FixedAsset_10_49__JournalEntry_Bank_Supplier" time="81.083" errors="0" timestamp="2021-12-30T16:41:49 IST" skipped="0">
  <testcase classname="Test_Trial_Balance_RE_Jour_Bank_Supp.TC_54_3_FixedAsset_10_49__JournalEntry_Bank_Supplier" name="GoToUrlAssertUrlPositiveEnternLOGINPositiveEnternPASSClickLoginGoToUrlAssertUrlClickAgentsP2" time="81.083"/>
  <system-out/>
</testsuite> <!-- Test_Trial_Balance_RE_Jour_Bank_Supp.TC_54_3_FixedAsset_10_49__JournalEntry_Bank_Supplier -->
