<?xml version="1.0" encoding="UTF-8"?>
<!-- Generated by org.testng.reporters.JUnitReportReporter -->
<testsuite hostname="OB-Sum" failures="0" tests="2" name="test.AdvanceReconcilationSTOFLAT.SaleInToReconcileForVATOnly_DefaultProfile" time="164.797" errors="0" timestamp="2022-02-06T06:55:29 IST" skipped="0">
  <testcase classname="test.AdvanceReconcilationSTOFLAT.SaleInToReconcileForVATOnly_DefaultProfile" name="GoToUrlAssertUrlPositiveEnternLOGINPositiveEnternPASSClickLoginGoToUrlAssertUrlClickAgentsP2" time="81.737"/>
  <system-out/>
  <testcase classname="test.AdvanceReconcilationSTOFLAT.SaleInToReconcileForVATOnly_DefaultProfile" name="GoToUrlAssertUrlPositiveEnternLOGINPositiveEnternPASSClickLoginGoToUrlAssertUrlClickAgentsP1" time="83.060"/>
  <system-out/>
</testsuite> <!-- test.AdvanceReconcilationSTOFLAT.SaleInToReconcileForVATOnly_DefaultProfile -->
