<?xml version="1.0" encoding="UTF-8"?>
<!-- Generated by org.testng.reporters.JUnitReportReporter -->
<testsuite hostname="OB-Sum" failures="0" tests="1" name="ExpenceRemFlatToFlatPer.ScriptEditVATFlatP_DefaultProfile" time="66.455" errors="0" timestamp="2022-02-06T06:55:29 IST" skipped="0">
  <testcase classname="ExpenceRemFlatToFlatPer.ScriptEditVATFlatP_DefaultProfile" name="GoToUrlAssertUrlPositiveEnterUserNamePositiveEnterPasswordClickLoginButtonGoToUrlAssertUrlCl3" time="66.455"/>
  <system-out/>
</testsuite> <!-- ExpenceRemFlatToFlatPer.ScriptEditVATFlatP_DefaultProfile -->
