<?xml version="1.0" encoding="UTF-8"?>
<!-- Generated by org.testng.reporters.JUnitReportReporter -->
<testsuite hostname="OB-Sum" failures="0" tests="2" name="tests.BalanceSheet_Bf.TC_38_BSBF_Bank10711073_DefaultProfile_JB" time="256.984" errors="0" timestamp="2022-02-25T15:38:47 IST" skipped="0">
  <testcase classname="tests.BalanceSheet_Bf.TC_38_BSBF_Bank10711073_DefaultProfile_JB" name="GoToUrlAssertUrlPositiveEnternLOGINPositiveEnternPASSClickLoginGoToUrlAssertUrlClickAgentsP3" time="113.411"/>
  <system-out>
    <![CDATA[Accounting Period Status : Account UnClosed 
Accounting Period Status : Account UnLocked
Accounting Period Status :- Account period closed]]>
  </system-out>
  <testcase classname="tests.BalanceSheet_Bf.TC_38_BSBF_Bank10711073_DefaultProfile_JB" name="GoToUrlAssertUrlPositiveEnternLOGINPositiveEnternPASSClickLoginGoToUrlAssertUrlClickAgentsP1" time="143.573"/>
  <system-out>
    <![CDATA[Accounting Period Status : Account UnClosed 
Accounting Period Status : Account UnLocked
ledger 1 entered :1071 - Cash Takings
ledger 2 entered :1072 - Card Takings
ledger 3 entered :1073 - Cheque Takings
ledger 4 entered :1400 - Default Bank
Accounting Period Status :- Account period closed
Ledger code verified: Cash Takings
Amount enter verified: 1,000.00
Ledger code verified: Card Takings
Amount enter verified: 1,100.00
Ledger code verified: Cheque Takings
Amount enter verified: 1,200.00
Enteries are Verified on Balance Sheet Report page :]]>
  </system-out>
</testsuite> <!-- tests.BalanceSheet_Bf.TC_38_BSBF_Bank10711073_DefaultProfile_JB -->
