<?xml version="1.0" encoding="UTF-8"?>
<!-- Generated by org.testng.reporters.JUnitReportReporter -->
<testsuite hostname="OB-Sum" failures="0" tests="6" name="test.PartialReconcileOnStandard.SaleInToReconcile_DefaultProfile" time="515.664" errors="0" timestamp="2021-12-09T11:24:14 IST" skipped="0">
  <testcase classname="test.PartialReconcileOnStandard.SaleInToReconcile_DefaultProfile" name="GoToUrlAssertUrlPositiveEnternLOGINPositiveEnternPASSClickLoginGoToUrlAssertUrlClickAgentsP1" time="71.723"/>
  <system-out/>
  <testcase classname="test.PartialReconcileOnStandard.SaleInToReconcile_DefaultProfile" name="GoToUrlAssertUrlPositiveEnternLOGINPositiveEnternPASSClickLoginGoToUrlAssertUrlClickAgentsP5" time="134.966"/>
  <system-out/>
  <testcase classname="test.PartialReconcileOnStandard.SaleInToReconcile_DefaultProfile" name="GoToUrlAssertUrlPositiveEnternLOGINPositiveEnternPASSClickLoginGoToUrlAssertUrlClickAgentsP3" time="80.606"/>
  <system-out/>
  <testcase classname="test.PartialReconcileOnStandard.SaleInToReconcile_DefaultProfile" name="GoToUrlAssertUrlPositiveEnternLOGINPositiveEnternPASSClickLoginGoToUrlAssertUrlClickAgentsP2" time="75.755"/>
  <system-out/>
  <testcase classname="test.PartialReconcileOnStandard.SaleInToReconcile_DefaultProfile" name="GoToUrlAssertUrlPositiveEnternLOGINPositiveEnternPASSClickLoginGoToUrlAssertUrlClickAgentsP4" time="77.214"/>
  <system-out/>
  <testcase classname="test.PartialReconcileOnStandard.SaleInToReconcile_DefaultProfile" name="GoToUrlAssertUrlPositiveEnternLOGINPositiveEnternPASSClickLoginGoToUrlAssertUrlClickAgentsP6" time="75.400"/>
  <system-out/>
</testsuite> <!-- test.PartialReconcileOnStandard.SaleInToReconcile_DefaultProfile -->
