<?xml version="1.0" encoding="UTF-8"?>
<!-- Generated by org.testng.reporters.JUnitReportReporter -->
<testsuite hostname="OB-Sum" failures="0" tests="6" name="Supplier_SToNoVAT.ScriptDebitNoteSToNOVAT_DefaultProfile" time="343.123" errors="0" timestamp="2021-12-19T01:41:01 IST" skipped="0">
  <testcase classname="Supplier_SToNoVAT.ScriptDebitNoteSToNOVAT_DefaultProfile" name="GoToUrlAssertUrlPositiveEnterUserNamePositiveEnterPasswordClickLoginButtonGoToUrlAssertUrlCl6" time="56.971"/>
  <system-out/>
  <testcase classname="Supplier_SToNoVAT.ScriptDebitNoteSToNOVAT_DefaultProfile" name="GoToUrlAssertUrlPositiveEnterUserNamePositiveEnterPasswordClickLoginButtonGoToUrlAssertUrlCl1" time="56.505"/>
  <system-out/>
  <testcase classname="Supplier_SToNoVAT.ScriptDebitNoteSToNOVAT_DefaultProfile" name="GoToUrlAssertUrlPositiveEnterUserNamePositiveEnterPasswordClickLoginButtonGoToUrlAssertUrlCl4" time="61.344"/>
  <system-out/>
  <testcase classname="Supplier_SToNoVAT.ScriptDebitNoteSToNOVAT_DefaultProfile" name="GoToUrlAssertUrlPositiveEnterUserNamePositiveEnterPasswordClickLoginButtonGoToUrlAssertUrlCl3" time="56.502"/>
  <system-out/>
  <testcase classname="Supplier_SToNoVAT.ScriptDebitNoteSToNOVAT_DefaultProfile" name="GoToUrlAssertUrlPositiveEnterUserNamePositiveEnterPasswordClickLoginButtonGoToUrlAssertUrlCl2" time="54.768"/>
  <system-out/>
  <testcase classname="Supplier_SToNoVAT.ScriptDebitNoteSToNOVAT_DefaultProfile" name="GoToUrlAssertUrlPositiveEnterUserNamePositiveEnterPasswordClickLoginButtonGoToUrlAssertUrlCl5" time="57.033"/>
  <system-out/>
</testsuite> <!-- Supplier_SToNoVAT.ScriptDebitNoteSToNOVAT_DefaultProfile -->
