<?xml version="1.0" encoding="UTF-8"?>
<!-- Generated by org.testng.reporters.JUnitReportReporter -->
<testsuite hostname="OB-Yogesh" failures="0" tests="1" name="tests.ScriptVerifyByTrialBalanceNEWDefaultProfile_DefaultProfile" time="36.250" errors="0" timestamp="2021-02-14T22:55:12 IST" skipped="0">
  <testcase classname="tests.ScriptVerifyByTrialBalanceNEWDefaultProfile_DefaultProfile" name="GoToUrlAssertUrlPositiveEnterUserNamePositiveEnterPasswordClickLoginButtonGoToUrlAssertUrlCl" time="36.250"/>
  <system-out/>
</testsuite> <!-- tests.ScriptVerifyByTrialBalanceNEWDefaultProfile_DefaultProfile -->
