<?xml version="1.0" encoding="UTF-8"?>
<!-- Generated by org.testng.reporters.JUnitReportReporter -->
<testsuite hostname="OB-Sum" failures="0" tests="1" name="VAT3_InvoiceFullyReconcile.ScriptPostVATReturn3stVATReturnReport_DefaultProfileFullyReconcile_2" time="47.451" errors="0" timestamp="2021-12-19T01:41:00 IST" skipped="0">
  <testcase classname="VAT3_InvoiceFullyReconcile.ScriptPostVATReturn3stVATReturnReport_DefaultProfileFullyReconcile_2" name="GoToUrlAssertUrlPositiveEnterUserNamePositiveEnterPasswordClickLoginButtonGoToUrlAssertUrlCl" time="47.451"/>
  <system-out/>
</testsuite> <!-- VAT3_InvoiceFullyReconcile.ScriptPostVATReturn3stVATReturnReport_DefaultProfileFullyReconcile_2 -->
