<?xml version="1.0" encoding="UTF-8"?>
<!-- Generated by org.testng.reporters.JUnitReportReporter -->
<testsuite hostname="OB-Sum" failures="0" tests="6" name="VAT3_ExpenseReimbFullyReconcile.SaleInToFullyReconcileForExpenseRem_DefaultProfile_4" time="468.863" errors="0" timestamp="2022-02-06T06:55:29 IST" skipped="0">
  <testcase classname="VAT3_ExpenseReimbFullyReconcile.SaleInToFullyReconcileForExpenseRem_DefaultProfile_4" name="GoToUrlAssertUrlPositiveEnternLOGINPositiveEnternPASSClickLoginGoToUrlAssertUrlClickAgentsP5" time="75.859"/>
  <system-out/>
  <testcase classname="VAT3_ExpenseReimbFullyReconcile.SaleInToFullyReconcileForExpenseRem_DefaultProfile_4" name="GoToUrlAssertUrlPositiveEnternLOGINPositiveEnternPASSClickLoginGoToUrlAssertUrlClickAgentsP6" time="79.422"/>
  <system-out/>
  <testcase classname="VAT3_ExpenseReimbFullyReconcile.SaleInToFullyReconcileForExpenseRem_DefaultProfile_4" name="GoToUrlAssertUrlPositiveEnternLOGINPositiveEnternPASSClickLoginGoToUrlAssertUrlClickAgentsP1" time="78.851"/>
  <system-out/>
  <testcase classname="VAT3_ExpenseReimbFullyReconcile.SaleInToFullyReconcileForExpenseRem_DefaultProfile_4" name="GoToUrlAssertUrlPositiveEnternLOGINPositiveEnternPASSClickLoginGoToUrlAssertUrlClickAgentsP3" time="76.050"/>
  <system-out/>
  <testcase classname="VAT3_ExpenseReimbFullyReconcile.SaleInToFullyReconcileForExpenseRem_DefaultProfile_4" name="GoToUrlAssertUrlPositiveEnternLOGINPositiveEnternPASSClickLoginGoToUrlAssertUrlClickAgentsP4" time="79.779"/>
  <system-out/>
  <testcase classname="VAT3_ExpenseReimbFullyReconcile.SaleInToFullyReconcileForExpenseRem_DefaultProfile_4" name="GoToUrlAssertUrlPositiveEnternLOGINPositiveEnternPASSClickLoginGoToUrlAssertUrlClickAgentsP2" time="78.902"/>
  <system-out/>
</testsuite> <!-- VAT3_ExpenseReimbFullyReconcile.SaleInToFullyReconcileForExpenseRem_DefaultProfile_4 -->
