<?xml version="1.0" encoding="UTF-8"?>
<!-- Generated by org.testng.reporters.JUnitReportReporter -->
<testsuite hostname="OB-Sum" failures="0" tests="1" name="Test_Income.TC07UpdateButton" time="42.398" errors="0" timestamp="2022-02-25T18:24:32 IST" skipped="0">
  <testcase classname="Test_Income.TC07UpdateButton" name="GoToUrlAssertUrlClickClickOnPreviewClickSaveButtonClickPDFDumpClickCancelButtonClickClickOnMa" time="42.398"/>
  <system-out/>
</testsuite> <!-- Test_Income.TC07UpdateButton -->
