<?xml version="1.0" encoding="UTF-8"?>
<!-- Generated by org.testng.reporters.JUnitReportReporter -->
<testsuite hostname="OB-Sum" failures="0" tests="1" name="PartialReconcileForSupplierBillSTOFlat.ScriptPostVATReturn2stVATReturnReport_DefaultProfile" time="65.571" errors="0" timestamp="2021-12-19T01:41:02 IST" skipped="0">
  <testcase classname="PartialReconcileForSupplierBillSTOFlat.ScriptPostVATReturn2stVATReturnReport_DefaultProfile" name="GoToUrlAssertUrlPositiveEnterUserNamePositiveEnterPasswordClickLoginButtonGoToUrlAssertUrlCl" time="65.571"/>
  <system-out/>
</testsuite> <!-- PartialReconcileForSupplierBillSTOFlat.ScriptPostVATReturn2stVATReturnReport_DefaultProfile -->
