<?xml version="1.0" encoding="UTF-8"?>
<!-- Generated by org.testng.reporters.JUnitReportReporter -->
<testsuite hostname="OB-Sum" failures="0" tests="6" name="VAT3_InvoiceUnreconcileCases.ScriptSaleCreditNoteStandToFlat_DefaultProfile_3" time="413.141" errors="0" timestamp="2022-02-06T06:55:35 IST" skipped="0">
  <testcase classname="VAT3_InvoiceUnreconcileCases.ScriptSaleCreditNoteStandToFlat_DefaultProfile_3" name="GoToUrlAssertUrlPositiveEnterUserNamePositiveEnterPasswordClickLoginButtonGoToUrlAssertUrlCl6" time="70.455"/>
  <system-out/>
  <testcase classname="VAT3_InvoiceUnreconcileCases.ScriptSaleCreditNoteStandToFlat_DefaultProfile_3" name="GoToUrlAssertUrlPositiveEnterUserNamePositiveEnterPasswordClickLoginButtonGoToUrlAssertUrlCl1" time="68.597"/>
  <system-out/>
  <testcase classname="VAT3_InvoiceUnreconcileCases.ScriptSaleCreditNoteStandToFlat_DefaultProfile_3" name="GoToUrlAssertUrlPositiveEnterUserNamePositiveEnterPasswordClickLoginButtonGoToUrlAssertUrlCl4" time="69.822"/>
  <system-out/>
  <testcase classname="VAT3_InvoiceUnreconcileCases.ScriptSaleCreditNoteStandToFlat_DefaultProfile_3" name="GoToUrlAssertUrlPositiveEnterUserNamePositiveEnterPasswordClickLoginButtonGoToUrlAssertUrlCl5" time="68.892"/>
  <system-out/>
  <testcase classname="VAT3_InvoiceUnreconcileCases.ScriptSaleCreditNoteStandToFlat_DefaultProfile_3" name="GoToUrlAssertUrlPositiveEnterUserNamePositiveEnterPasswordClickLoginButtonGoToUrlAssertUrlCl2" time="67.799"/>
  <system-out/>
  <testcase classname="VAT3_InvoiceUnreconcileCases.ScriptSaleCreditNoteStandToFlat_DefaultProfile_3" name="GoToUrlAssertUrlPositiveEnterUserNamePositiveEnterPasswordClickLoginButtonGoToUrlAssertUrlCl3" time="67.576"/>
  <system-out/>
</testsuite> <!-- VAT3_InvoiceUnreconcileCases.ScriptSaleCreditNoteStandToFlat_DefaultProfile_3 -->
