<?xml version="1.0" encoding="UTF-8"?>
<!-- Generated by org.testng.reporters.JUnitReportReporter -->
<testsuite hostname="OB-Sum" failures="0" tests="6" name="ExpenceRemFlatToFlatPer.SaleInToReconcileForExpenseRem_DefaultProfile" time="435.947" errors="0" timestamp="2021-12-09T11:24:14 IST" skipped="0">
  <testcase classname="ExpenceRemFlatToFlatPer.SaleInToReconcileForExpenseRem_DefaultProfile" name="GoToUrlAssertUrlPositiveEnternLOGINPositiveEnternPASSClickLoginGoToUrlAssertUrlClickAgentsP5" time="72.915"/>
  <system-out/>
  <testcase classname="ExpenceRemFlatToFlatPer.SaleInToReconcileForExpenseRem_DefaultProfile" name="GoToUrlAssertUrlPositiveEnternLOGINPositiveEnternPASSClickLoginGoToUrlAssertUrlClickAgentsP3" time="78.102"/>
  <system-out/>
  <testcase classname="ExpenceRemFlatToFlatPer.SaleInToReconcileForExpenseRem_DefaultProfile" name="GoToUrlAssertUrlPositiveEnternLOGINPositiveEnternPASSClickLoginGoToUrlAssertUrlClickAgentsP1" time="70.971"/>
  <system-out/>
  <testcase classname="ExpenceRemFlatToFlatPer.SaleInToReconcileForExpenseRem_DefaultProfile" name="GoToUrlAssertUrlPositiveEnternLOGINPositiveEnternPASSClickLoginGoToUrlAssertUrlClickAgentsP2" time="73.106"/>
  <system-out/>
  <testcase classname="ExpenceRemFlatToFlatPer.SaleInToReconcileForExpenseRem_DefaultProfile" name="GoToUrlAssertUrlPositiveEnternLOGINPositiveEnternPASSClickLoginGoToUrlAssertUrlClickAgentsP4" time="68.293"/>
  <system-out/>
  <testcase classname="ExpenceRemFlatToFlatPer.SaleInToReconcileForExpenseRem_DefaultProfile" name="GoToUrlAssertUrlPositiveEnternLOGINPositiveEnternPASSClickLoginGoToUrlAssertUrlClickAgentsP6" time="72.560"/>
  <system-out/>
</testsuite> <!-- ExpenceRemFlatToFlatPer.SaleInToReconcileForExpenseRem_DefaultProfile -->
