<?xml version="1.0" encoding="UTF-8"?>
<!-- Generated by org.testng.reporters.JUnitReportReporter -->
<testsuite hostname="OB-Sum" failures="0" tests="2" name="tests.BalanceSheet_Bf.TC_55_BSBFCreditorDueAfterYear23362339_DefaultProfile" time="292.758" errors="0" timestamp="2022-02-25T15:38:47 IST" skipped="0">
  <testcase classname="tests.BalanceSheet_Bf.TC_55_BSBFCreditorDueAfterYear23362339_DefaultProfile" name="GoToUrlAssertUrlPositiveEnternLOGINPositiveEnternPASSClickLoginGoToUrlAssertUrlClickAgentsP3" time="141.571"/>
  <system-out>
    <![CDATA[Accounting Period Status : Account UnClosed 
Accounting Period Status : Account UnLocked
Accounting Period Status :- Account period closed]]>
  </system-out>
  <testcase classname="tests.BalanceSheet_Bf.TC_55_BSBFCreditorDueAfterYear23362339_DefaultProfile" name="GoToUrlAssertUrlPositiveEnternLOGINPositiveEnternPASSClickLoginGoToUrlAssertUrlClickAgentsP1" time="151.187"/>
  <system-out>
    <![CDATA[Accounting Period Status : Account UnClosed 
Accounting Period Status : Account UnLocked
ledger 1 entered :2336 - Accruals Greater Than 1 Year
ledger 2 entered :2337 - Deferred Income Greater Than 1 Year
ledger 3 entered :2338 - Grants Greater Than 1 Year
ledger 4 entered :2339 - Amounts Due to Group Companies Greater Than 1 Year
ledger 5 entered :1400 - Default Bank
Accounting Period Status :- Account period closed
Ledger code verified: Accruals Greater Than 1 Year
Amount enter verified: 1,000.00
Ledger code verified: Deferred Income Greater Than 1 Year
Amount enter verified: 1,100.00
Ledger code verified: Grants Greater Than 1 Year
Amount enter verified: 1,200.00
Ledger code verified: Amounts Due to Group Companies Greater Than 1 Year
Amount enter verified: 1,300.00
Ledger code verified: Default Bank
Amount enter verified: (4,600.00)
Enteries are Verified on Balance Sheet Report page :]]>
  </system-out>
</testsuite> <!-- tests.BalanceSheet_Bf.TC_55_BSBFCreditorDueAfterYear23362339_DefaultProfile -->
