<?xml version="1.0" encoding="UTF-8"?>
<!-- Generated by org.testng.reporters.JUnitReportReporter -->
<testsuite hostname="OB-Sum" failures="0" tests="2" name="VAT2.S2F.SaleInToReconcileForVATOnly_StoF_Cus" time="190.879" errors="0" timestamp="2021-12-09T11:24:14 IST" skipped="0">
  <testcase classname="VAT2.S2F.SaleInToReconcileForVATOnly_StoF_Cus" name="GoToUrlAssertUrlPositiveEnternLOGINPositiveEnternPASSClickLoginGoToUrlAssertUrlClickAgentsP1" time="99.215"/>
  <system-out/>
  <testcase classname="VAT2.S2F.SaleInToReconcileForVATOnly_StoF_Cus" name="GoToUrlAssertUrlPositiveEnternLOGINPositiveEnternPASSClickLoginGoToUrlAssertUrlClickAgentsP2" time="91.664"/>
  <system-out/>
</testsuite> <!-- VAT2.S2F.SaleInToReconcileForVATOnly_StoF_Cus -->
