<?xml version="1.0" encoding="UTF-8"?>
<!-- Generated by org.testng.reporters.JUnitReportReporter -->
<testsuite hostname="OB-Sum" failures="0" tests="1" name="Supplier_FRSToStandard.ScriptSubcontractorBill_FRSToStandard_DefaultProfile" time="38.255" errors="0" timestamp="2021-12-09T11:24:15 IST" skipped="0">
  <testcase classname="Supplier_FRSToStandard.ScriptSubcontractorBill_FRSToStandard_DefaultProfile" name="GoToUrlAssertUrlPositiveEnterUserNamePositiveEnterPasswordClickLoginButtonGoToUrlAssertUrlCl" time="38.255"/>
  <system-out/>
</testsuite> <!-- Supplier_FRSToStandard.ScriptSubcontractorBill_FRSToStandard_DefaultProfile -->
