<?xml version="1.0" encoding="UTF-8"?>
<!-- Generated by org.testng.reporters.JUnitReportReporter -->
<testsuite hostname="OB-Sum" failures="0" tests="6" name="VAT3_UnReconciled_S2_NOVAT.UN_SupplierBill_StoF__S2NOVAT" time="251.259" errors="0" timestamp="2021-12-19T01:41:01 IST" skipped="0">
  <testcase classname="VAT3_UnReconciled_S2_NOVAT.UN_SupplierBill_StoF__S2NOVAT" name="GoToUrlAssertUrlPositiveEnternLOGINPositiveEnternPASSClickLoginGoToUrlAssertUrlClickAgentsP1" time="41.866"/>
  <system-out/>
  <testcase classname="VAT3_UnReconciled_S2_NOVAT.UN_SupplierBill_StoF__S2NOVAT" name="GoToUrlAssertUrlPositiveEnternLOGINPositiveEnternPASSClickLoginGoToUrlAssertUrlClickAgentsP5" time="42.502"/>
  <system-out/>
  <testcase classname="VAT3_UnReconciled_S2_NOVAT.UN_SupplierBill_StoF__S2NOVAT" name="GoToUrlAssertUrlPositiveEnternLOGINPositiveEnternPASSClickLoginGoToUrlAssertUrlClickAgentsP2" time="41.129"/>
  <system-out/>
  <testcase classname="VAT3_UnReconciled_S2_NOVAT.UN_SupplierBill_StoF__S2NOVAT" name="GoToUrlAssertUrlPositiveEnternLOGINPositiveEnternPASSClickLoginGoToUrlAssertUrlClickAgentsP9" time="42.562"/>
  <system-out/>
  <testcase classname="VAT3_UnReconciled_S2_NOVAT.UN_SupplierBill_StoF__S2NOVAT" name="GoToUrlAssertUrlPositiveEnternLOGINPositiveEnternPASSClickLoginGoToUrlAssertUrlClickAgentsP6" time="42.265"/>
  <system-out/>
  <testcase classname="VAT3_UnReconciled_S2_NOVAT.UN_SupplierBill_StoF__S2NOVAT" name="GoToUrlAssertUrlPositiveEnternLOGINPositiveEnternPASSClickLoginGoToUrlAssertUrlClickAgentsP7" time="40.935"/>
  <system-out/>
</testsuite> <!-- VAT3_UnReconciled_S2_NOVAT.UN_SupplierBill_StoF__S2NOVAT -->
