<?xml version="1.0" encoding="UTF-8"?>
<!-- Generated by org.testng.reporters.JUnitReportReporter -->
<testsuite hostname="OB-Sum" failures="0" tests="1" name="VAT3_InvoiceAdvanceReconcile.ScriptVATReturn2stVATReturnReport_SToFRS_DefaultProfilePartioalReconcile_3" time="77.901" errors="0" timestamp="2021-11-15T19:35:45 IST" skipped="0">
  <testcase classname="VAT3_InvoiceAdvanceReconcile.ScriptVATReturn2stVATReturnReport_SToFRS_DefaultProfilePartioalReconcile_3" name="GoToUrlAssertUrlPositiveEnterUserNamePositiveEnterPasswordClickLoginButtonGoToUrlAssertUrlCl" time="77.901"/>
  <system-out/>
</testsuite> <!-- VAT3_InvoiceAdvanceReconcile.ScriptVATReturn2stVATReturnReport_SToFRS_DefaultProfilePartioalReconcile_3 -->
