<?xml version="1.0" encoding="UTF-8"?>
<!-- Generated by org.testng.reporters.JUnitReportReporter -->
<testsuite hostname="OB-Sum" failures="0" tests="1" name="test.FlatToStandard.ScriptPostVATReturn3stVATReturnReport_FlatToStandard_DefaultProfile" time="46.680" errors="0" timestamp="2021-12-19T01:41:02 IST" skipped="0">
  <testcase classname="test.FlatToStandard.ScriptPostVATReturn3stVATReturnReport_FlatToStandard_DefaultProfile" name="GoToUrlAssertUrlPositiveEnterUserNamePositiveEnterPasswordClickLoginButtonGoToUrlAssertUrlCl" time="46.680"/>
  <system-out/>
</testsuite> <!-- test.FlatToStandard.ScriptPostVATReturn3stVATReturnReport_FlatToStandard_DefaultProfile -->
