<?xml version="1.0" encoding="UTF-8"?>
<!-- Generated by org.testng.reporters.JUnitReportReporter -->
<testsuite hostname="OB-Sum" failures="0" tests="2" name="Test_Trial_Balance_RE_Jour_Bank_Supp.TC_52_2_ProfitAndLoss_3005_3010__JournalEntry_Bank" time="138.228" errors="0" timestamp="2021-12-30T15:36:05 IST" skipped="0">
  <testcase classname="Test_Trial_Balance_RE_Jour_Bank_Supp.TC_52_2_ProfitAndLoss_3005_3010__JournalEntry_Bank" name="GoToUrlAssertUrlPositiveEnternLOGINPositiveEnternPASSClickLoginGoToUrlAssertUrlClickAgentsP1" time="71.367"/>
  <system-out/>
  <testcase classname="Test_Trial_Balance_RE_Jour_Bank_Supp.TC_52_2_ProfitAndLoss_3005_3010__JournalEntry_Bank" name="GoToUrlAssertUrlPositiveEnternLOGINPositiveEnternPASSClickLoginGoToUrlAssertUrlClickAgentsP2" time="66.861"/>
  <system-out/>
</testsuite> <!-- Test_Trial_Balance_RE_Jour_Bank_Supp.TC_52_2_ProfitAndLoss_3005_3010__JournalEntry_Bank -->
