<?xml version="1.0" encoding="UTF-8"?>
<!-- Generated by org.testng.reporters.JUnitReportReporter -->
<testsuite hostname="OB-Sum" failures="0" tests="1" name="tests.ScriptPostVATReturn2stVATReturnReport_SToNOVAT_DefaultProfile" time="68.871" errors="0" timestamp="2021-12-09T11:24:14 IST" skipped="0">
  <testcase classname="tests.ScriptPostVATReturn2stVATReturnReport_SToNOVAT_DefaultProfile" name="GoToUrlAssertUrlPositiveEnterUserNamePositiveEnterPasswordClickLoginButtonGoToUrlAssertUrlCl" time="68.871"/>
  <system-out/>
</testsuite> <!-- tests.ScriptPostVATReturn2stVATReturnReport_SToNOVAT_DefaultProfile -->
