<?xml version="1.0" encoding="UTF-8"?>
<!-- Generated by org.testng.reporters.JUnitReportReporter -->
<testsuite hostname="OB-Yogesh" failures="0" tests="1" name="PartialReconcileForSupplierBillFlatToStand.ScriptEditSettingToVATType_DefaultProfile" time="67.360" errors="0" timestamp="2021-04-15T18:33:43 IST" skipped="0">
  <testcase classname="PartialReconcileForSupplierBillFlatToStand.ScriptEditSettingToVATType_DefaultProfile" name="GoToUrlAssertUrlPositiveEnterUserNamePositiveEnterPasswordClickLoginButtonGoToUrlAssertUrlCl2" time="67.360"/>
  <system-out/>
</testsuite> <!-- PartialReconcileForSupplierBillFlatToStand.ScriptEditSettingToVATType_DefaultProfile -->
