<?xml version="1.0" encoding="UTF-8"?>
<!-- Generated by org.testng.reporters.JUnitReportReporter -->
<testsuite hostname="OB-Sum" failures="0" tests="1" name="VAT3_InvoiceUnreconcileCases.ScriptPostVATReturn3stVATReturnReport_DefaultProfile_3" time="51.426" errors="0" timestamp="2022-02-06T06:55:33 IST" skipped="0">
  <testcase classname="VAT3_InvoiceUnreconcileCases.ScriptPostVATReturn3stVATReturnReport_DefaultProfile_3" name="GoToUrlAssertUrlPositiveEnterUserNamePositiveEnterPasswordClickLoginButtonGoToUrlAssertUrlCl" time="51.426"/>
  <system-out/>
</testsuite> <!-- VAT3_InvoiceUnreconcileCases.ScriptPostVATReturn3stVATReturnReport_DefaultProfile_3 -->
