<?xml version="1.0" encoding="UTF-8"?>
<!-- Generated by org.testng.reporters.JUnitReportReporter -->
<testsuite hostname="OB-Yogesh" failures="0" tests="1" name="Supplier_FRSToNoVAT.ScriptFRSToNoVAT_DefaultProfile" time="40.755" errors="0" timestamp="2021-03-02T00:14:26 IST" skipped="0">
  <testcase classname="Supplier_FRSToNoVAT.ScriptFRSToNoVAT_DefaultProfile" name="GoToUrlAssertUrlPositiveEnterUserNamePositiveEnterPasswordClickLoginButtonGoToUrlAssertUrlCl1" time="40.755"/>
  <system-out/>
</testsuite> <!-- Supplier_FRSToNoVAT.ScriptFRSToNoVAT_DefaultProfile -->
