<?xml version="1.0" encoding="UTF-8"?>
<!-- Generated by org.testng.reporters.JUnitReportReporter -->
<testsuite hostname="OB-Yogesh" failures="0" tests="1" name="ExpenceRemFlatToStand.ScriptPostVATReturn1stVATReturnReport_DefaultProfile" time="59.294" errors="0" timestamp="2021-04-19T23:39:59 IST" skipped="0">
  <testcase classname="ExpenceRemFlatToStand.ScriptPostVATReturn1stVATReturnReport_DefaultProfile" name="GoToUrlAssertUrlPositiveEnterUserNamePositiveEnterPasswordClickLoginButtonGoToUrlAssertUrlCl" time="59.294"/>
  <system-out/>
</testsuite> <!-- ExpenceRemFlatToStand.ScriptPostVATReturn1stVATReturnReport_DefaultProfile -->
