<?xml version="1.0" encoding="UTF-8"?>
<!-- Generated by org.testng.reporters.JUnitReportReporter -->
<testsuite hostname="OB-Sum" failures="0" tests="1" name="VAT3_SupplierPartialReconcile.ScriptSubmitVAT_DefaultProfileSupPartialReconcile_2" time="119.280" errors="0" timestamp="2022-02-06T06:55:29 IST" skipped="0">
  <testcase classname="VAT3_SupplierPartialReconcile.ScriptSubmitVAT_DefaultProfileSupPartialReconcile_2" name="GoToUrlAssertUrlPositiveEnterUserNamePositiveEnterPasswordClickLoginButtonGoToUrlAssertUrlCl" time="119.280"/>
  <system-out/>
</testsuite> <!-- VAT3_SupplierPartialReconcile.ScriptSubmitVAT_DefaultProfileSupPartialReconcile_2 -->
