<?xml version="1.0" encoding="UTF-8"?>
<!-- Generated by org.testng.reporters.JUnitReportReporter -->
<testsuite hostname="OB-Sum" failures="0" tests="2" name="tests.Bank_Multicurrency.tr_NoVATSchem_Spent" time="88.725" errors="0" timestamp="2021-12-02T22:08:54 IST" skipped="0">
  <testcase classname="tests.Bank_Multicurrency.tr_NoVATSchem_Spent" name="nidbanktrnGoToUrlAssertUrlPositiveEnternLOGINPositiveEnternPASSClickLoginGoToUrlAssertUrlCl1" time="53.425"/>
  <system-out/>
  <testcase classname="tests.Bank_Multicurrency.tr_NoVATSchem_Spent" name="nidbanktrnGoToUrlAssertUrlPositiveEnternLOGINPositiveEnternPASSClickLoginGoToUrlAssertUrlC_setting4" time="35.300"/>
  <system-out/>
</testsuite> <!-- tests.Bank_Multicurrency.tr_NoVATSchem_Spent -->
