<?xml version="1.0" encoding="UTF-8"?>
<!-- Generated by org.testng.reporters.JUnitReportReporter -->
<testsuite hostname="OB-Sum" failures="0" tests="6" name="VAT3_UnReconciled_STOF.UN_SupplierBill_StoF__Default1" time="283.867" errors="0" timestamp="2021-12-01T04:35:04 IST" skipped="0">
  <testcase classname="VAT3_UnReconciled_STOF.UN_SupplierBill_StoF__Default1" name="GoToUrlAssertUrlPositiveEnternLOGINPositiveEnternPASSClickLoginGoToUrlAssertUrlClickAgentsP5" time="47.937"/>
  <system-out/>
  <testcase classname="VAT3_UnReconciled_STOF.UN_SupplierBill_StoF__Default1" name="GoToUrlAssertUrlPositiveEnternLOGINPositiveEnternPASSClickLoginGoToUrlAssertUrlClickAgentsP1" time="46.176"/>
  <system-out/>
  <testcase classname="VAT3_UnReconciled_STOF.UN_SupplierBill_StoF__Default1" name="GoToUrlAssertUrlPositiveEnternLOGINPositiveEnternPASSClickLoginGoToUrlAssertUrlClickAgentsP6" time="49.916"/>
  <system-out/>
  <testcase classname="VAT3_UnReconciled_STOF.UN_SupplierBill_StoF__Default1" name="GoToUrlAssertUrlPositiveEnternLOGINPositiveEnternPASSClickLoginGoToUrlAssertUrlClickAgentsP2" time="47.223"/>
  <system-out/>
  <testcase classname="VAT3_UnReconciled_STOF.UN_SupplierBill_StoF__Default1" name="GoToUrlAssertUrlPositiveEnternLOGINPositiveEnternPASSClickLoginGoToUrlAssertUrlClickAgentsP7" time="46.396"/>
  <system-out/>
  <testcase classname="VAT3_UnReconciled_STOF.UN_SupplierBill_StoF__Default1" name="GoToUrlAssertUrlPositiveEnternLOGINPositiveEnternPASSClickLoginGoToUrlAssertUrlClickAgentsP9" time="46.219"/>
  <system-out/>
</testsuite> <!-- VAT3_UnReconciled_STOF.UN_SupplierBill_StoF__Default1 -->
