<?xml version="1.0" encoding="UTF-8"?>
<!-- Generated by org.testng.reporters.JUnitReportReporter -->
<testsuite hostname="OB-Sum" failures="0" tests="1" name="test.AdvanceReconcilationFLATTOSTAND.ScriptVATReturn3stVATReturnReport_SToFlat_DefaultProfile" time="51.617" errors="0" timestamp="2022-02-06T06:55:32 IST" skipped="0">
  <testcase classname="test.AdvanceReconcilationFLATTOSTAND.ScriptVATReturn3stVATReturnReport_SToFlat_DefaultProfile" name="GoToUrlAssertUrlPositiveEnterUserNamePositiveEnterPasswordClickLoginButtonGoToUrlAssertUrlCl" time="51.617"/>
  <system-out/>
</testsuite> <!-- test.AdvanceReconcilationFLATTOSTAND.ScriptVATReturn3stVATReturnReport_SToFlat_DefaultProfile -->
