<?xml version="1.0" encoding="UTF-8"?>
<!-- Generated by org.testng.reporters.JUnitReportReporter -->
<testsuite hostname="OB-Yogesh" failures="0" tests="1" name="test.AdvanceReconcilation.ScriptEditSettingToVATType_DefaultProfile" time="81.222" errors="0" timestamp="2021-04-01T18:28:23 IST" skipped="0">
  <testcase classname="test.AdvanceReconcilation.ScriptEditSettingToVATType_DefaultProfile" name="GoToUrlAssertUrlPositiveEnterUserNamePositiveEnterPasswordClickLoginButtonGoToUrlAssertUrlCl2" time="81.222"/>
  <system-out/>
</testsuite> <!-- test.AdvanceReconcilation.ScriptEditSettingToVATType_DefaultProfile -->
