<?xml version="1.0" encoding="UTF-8"?>
<!-- Generated by org.testng.reporters.JUnitReportReporter -->
<testsuite hostname="OB-Sum" failures="0" tests="1" name="Test_Trial_Balance_RE_Jour_Bank_Supp_3.TC_23_2_BS_DEBTOR_1400_1400_With_Journal_Bank" time="72.043" errors="0" timestamp="2022-01-18T18:19:37 IST" skipped="0">
  <testcase classname="Test_Trial_Balance_RE_Jour_Bank_Supp_3.TC_23_2_BS_DEBTOR_1400_1400_With_Journal_Bank" name="GoToUrlAssertUrlPositiveEnternLOGINPositiveEnternPASSClickLoginGoToUrlAssertUrlClickAgentsP1" time="72.043"/>
  <system-out>
    <![CDATA[ledger 1 entered :1400 - Zbank
ledger 2 entered :1401 - Unprocessed Transactions]]>
  </system-out>
</testsuite> <!-- Test_Trial_Balance_RE_Jour_Bank_Supp_3.TC_23_2_BS_DEBTOR_1400_1400_With_Journal_Bank -->
