<?xml version="1.0" encoding="UTF-8"?>
<!-- Generated by org.testng.reporters.JUnitReportReporter -->
<testsuite hostname="OB-Sum" failures="0" tests="12" name="VAT3_UnReconciled_S2_NOVAT.UN_SupplierBill_StoF__S2NOVAT" time="553.063" errors="0" timestamp="2021-12-01T04:35:04 IST" skipped="0">
  <testcase classname="VAT3_UnReconciled_S2_NOVAT.UN_SupplierBill_StoF__S2NOVAT" name="GoToUrlAssertUrlPositiveEnternLOGINPositiveEnternPASSClickLoginGoToUrlAssertUrlClickAgentsP7" time="45.165"/>
  <system-out/>
  <testcase classname="VAT3_UnReconciled_S2_NOVAT.UN_SupplierBill_StoF__S2NOVAT" name="GoToUrlAssertUrlPositiveEnternLOGINPositiveEnternPASSClickLoginGoToUrlAssertUrlClickAgentsP2" time="44.824"/>
  <system-out/>
  <testcase classname="VAT3_UnReconciled_S2_NOVAT.UN_SupplierBill_StoF__S2NOVAT" name="GoToUrlAssertUrlPositiveEnternLOGINPositiveEnternPASSClickLoginGoToUrlAssertUrlClickAgentsP9" time="46.761"/>
  <system-out/>
  <testcase classname="VAT3_UnReconciled_S2_NOVAT.UN_SupplierBill_StoF__S2NOVAT" name="GoToUrlAssertUrlPositiveEnternLOGINPositiveEnternPASSClickLoginGoToUrlAssertUrlClickAgentsP1" time="48.160"/>
  <system-out/>
  <testcase classname="VAT3_UnReconciled_S2_NOVAT.UN_SupplierBill_StoF__S2NOVAT" name="GoToUrlAssertUrlPositiveEnternLOGINPositiveEnternPASSClickLoginGoToUrlAssertUrlClickAgentsP6" time="47.625"/>
  <system-out/>
  <testcase classname="VAT3_UnReconciled_S2_NOVAT.UN_SupplierBill_StoF__S2NOVAT" name="GoToUrlAssertUrlPositiveEnternLOGINPositiveEnternPASSClickLoginGoToUrlAssertUrlClickAgentsP5" time="46.463"/>
  <system-out/>
  <testcase classname="VAT3_UnReconciled_S2_NOVAT.UN_SupplierBill_StoF__S2NOVAT" name="GoToUrlAssertUrlPositiveEnternLOGINPositiveEnternPASSClickLoginGoToUrlAssertUrlClickAgentsP7" time="45.045"/>
  <system-out/>
  <testcase classname="VAT3_UnReconciled_S2_NOVAT.UN_SupplierBill_StoF__S2NOVAT" name="GoToUrlAssertUrlPositiveEnternLOGINPositiveEnternPASSClickLoginGoToUrlAssertUrlClickAgentsP5" time="45.765"/>
  <system-out/>
  <testcase classname="VAT3_UnReconciled_S2_NOVAT.UN_SupplierBill_StoF__S2NOVAT" name="GoToUrlAssertUrlPositiveEnternLOGINPositiveEnternPASSClickLoginGoToUrlAssertUrlClickAgentsP6" time="44.757"/>
  <system-out/>
  <testcase classname="VAT3_UnReconciled_S2_NOVAT.UN_SupplierBill_StoF__S2NOVAT" name="GoToUrlAssertUrlPositiveEnternLOGINPositiveEnternPASSClickLoginGoToUrlAssertUrlClickAgentsP2" time="44.851"/>
  <system-out/>
  <testcase classname="VAT3_UnReconciled_S2_NOVAT.UN_SupplierBill_StoF__S2NOVAT" name="GoToUrlAssertUrlPositiveEnternLOGINPositiveEnternPASSClickLoginGoToUrlAssertUrlClickAgentsP1" time="47.327"/>
  <system-out/>
  <testcase classname="VAT3_UnReconciled_S2_NOVAT.UN_SupplierBill_StoF__S2NOVAT" name="GoToUrlAssertUrlPositiveEnternLOGINPositiveEnternPASSClickLoginGoToUrlAssertUrlClickAgentsP9" time="46.320"/>
  <system-out/>
</testsuite> <!-- VAT3_UnReconciled_S2_NOVAT.UN_SupplierBill_StoF__S2NOVAT -->
