<?xml version="1.0" encoding="UTF-8"?>
<!-- Generated by org.testng.reporters.JUnitReportReporter -->
<testsuite hostname="OB-Sum" failures="0" tests="1" name="Supplier_FRSToFRSP.ScriptPostVATReturn2stVATReturnReport_FRSTOStandard_DefaultProfile" time="69.199" errors="0" timestamp="2021-12-19T01:41:01 IST" skipped="0">
  <testcase classname="Supplier_FRSToFRSP.ScriptPostVATReturn2stVATReturnReport_FRSTOStandard_DefaultProfile" name="GoToUrlAssertUrlPositiveEnterUserNamePositiveEnterPasswordClickLoginButtonGoToUrlAssertUrlCl" time="69.199"/>
  <system-out/>
</testsuite> <!-- Supplier_FRSToFRSP.ScriptPostVATReturn2stVATReturnReport_FRSTOStandard_DefaultProfile -->
