<?xml version="1.0" encoding="UTF-8"?>
<!-- Generated by org.testng.reporters.JUnitReportReporter -->
<testsuite hostname="OB-Sum" failures="0" tests="6" name="VAT3_ExpenseReimbAdvanceReconcile.SaleInToAdvanceReconcileForExpenseRemVAT3_DefaultProfile_2" time="491.861" errors="0" timestamp="2022-02-06T06:55:29 IST" skipped="0">
  <testcase classname="VAT3_ExpenseReimbAdvanceReconcile.SaleInToAdvanceReconcileForExpenseRemVAT3_DefaultProfile_2" name="GoToUrlAssertUrlPositiveEnternLOGINPositiveEnternPASSClickLoginGoToUrlAssertUrlClickAgentsP1" time="81.371"/>
  <system-out/>
  <testcase classname="VAT3_ExpenseReimbAdvanceReconcile.SaleInToAdvanceReconcileForExpenseRemVAT3_DefaultProfile_2" name="GoToUrlAssertUrlPositiveEnternLOGINPositiveEnternPASSClickLoginGoToUrlAssertUrlClickAgentsP5" time="81.782"/>
  <system-out/>
  <testcase classname="VAT3_ExpenseReimbAdvanceReconcile.SaleInToAdvanceReconcileForExpenseRemVAT3_DefaultProfile_2" name="GoToUrlAssertUrlPositiveEnternLOGINPositiveEnternPASSClickLoginGoToUrlAssertUrlClickAgentsP4" time="82.049"/>
  <system-out/>
  <testcase classname="VAT3_ExpenseReimbAdvanceReconcile.SaleInToAdvanceReconcileForExpenseRemVAT3_DefaultProfile_2" name="GoToUrlAssertUrlPositiveEnternLOGINPositiveEnternPASSClickLoginGoToUrlAssertUrlClickAgentsP3" time="84.354"/>
  <system-out/>
  <testcase classname="VAT3_ExpenseReimbAdvanceReconcile.SaleInToAdvanceReconcileForExpenseRemVAT3_DefaultProfile_2" name="GoToUrlAssertUrlPositiveEnternLOGINPositiveEnternPASSClickLoginGoToUrlAssertUrlClickAgentsP2" time="79.534"/>
  <system-out/>
  <testcase classname="VAT3_ExpenseReimbAdvanceReconcile.SaleInToAdvanceReconcileForExpenseRemVAT3_DefaultProfile_2" name="GoToUrlAssertUrlPositiveEnternLOGINPositiveEnternPASSClickLoginGoToUrlAssertUrlClickAgentsP6" time="82.771"/>
  <system-out/>
</testsuite> <!-- VAT3_ExpenseReimbAdvanceReconcile.SaleInToAdvanceReconcileForExpenseRemVAT3_DefaultProfile_2 -->
