<?xml version="1.0" encoding="UTF-8"?>
<!-- Generated by org.testng.reporters.JUnitReportReporter -->
<testsuite hostname="OB-Yogesh" failures="0" tests="1" name="ExpenceRemSToFlat.ScriptEditSettingToVATType_DefaultProfile" time="94.849" errors="0" timestamp="2021-04-19T19:08:24 IST" skipped="0">
  <testcase classname="ExpenceRemSToFlat.ScriptEditSettingToVATType_DefaultProfile" name="GoToUrlAssertUrlPositiveEnterUserNamePositiveEnterPasswordClickLoginButtonGoToUrlAssertUrlCl2" time="94.849"/>
  <system-out/>
</testsuite> <!-- ExpenceRemSToFlat.ScriptEditSettingToVATType_DefaultProfile -->
