<?xml version="1.0" encoding="UTF-8"?>
<!-- Generated by org.testng.reporters.JUnitReportReporter -->
<testsuite hostname="OB-Yogesh" failures="0" tests="1" name="ExpenceRemFlatToFlatPer.ScriptFlatToFlatP_DefaultProfile" time="62.501" errors="0" timestamp="2021-05-08T18:25:15 IST" skipped="0">
  <testcase classname="ExpenceRemFlatToFlatPer.ScriptFlatToFlatP_DefaultProfile" name="GoToUrlAssertUrlPositiveEnterUserNamePositiveEnterPasswordClickLoginButtonGoToUrlAssertUrlCl1" time="62.501"/>
  <system-out/>
</testsuite> <!-- ExpenceRemFlatToFlatPer.ScriptFlatToFlatP_DefaultProfile -->
