<?xml version="1.0" encoding="UTF-8"?>
<!-- Generated by org.testng.reporters.JUnitReportReporter -->
<testsuite hostname="OB-Sum" failures="0" tests="1" name="tests.ScriptPostVATReturn3stVATReturnReport_SToNOVAT_DefaultProfile" time="53.337" errors="0" timestamp="2022-02-06T06:55:29 IST" skipped="0">
  <testcase classname="tests.ScriptPostVATReturn3stVATReturnReport_SToNOVAT_DefaultProfile" name="GoToUrlAssertUrlPositiveEnterUserNamePositiveEnterPasswordClickLoginButtonGoToUrlAssertUrlCl" time="53.337"/>
  <system-out/>
</testsuite> <!-- tests.ScriptPostVATReturn3stVATReturnReport_SToNOVAT_DefaultProfile -->
