<?xml version="1.0" encoding="UTF-8"?>
<!-- Generated by org.testng.reporters.JUnitReportReporter -->
<testsuite hostname="OB-Sum" failures="0" tests="4" name="Test_AS_Advance_Reconcilation.Test_Advance_Reconcilation_WithBank_TC" time="233.524" errors="0" timestamp="2021-11-12T00:17:36 IST" skipped="0">
  <testcase classname="Test_AS_Advance_Reconcilation.Test_Advance_Reconcilation_WithBank_TC" name="GoToUrlAssertUrlPositiveEnternLOGINPositiveEnternPASSClickLoginGoToUrlAssertUrlClickAgentsTC04" time="44.305"/>
  <system-out/>
  <testcase classname="Test_AS_Advance_Reconcilation.Test_Advance_Reconcilation_WithBank_TC" name="GoToUrlAssertUrlPositiveEnternLOGINPositiveEnternPASSClickLoginGoToUrlAssertUrlClickAgentsTC02" time="38.178"/>
  <system-out/>
  <testcase classname="Test_AS_Advance_Reconcilation.Test_Advance_Reconcilation_WithBank_TC" name="GoToUrlAssertUrlPositiveEnternLOGINPositiveEnternPASSClickLoginGoToUrlAssertUrlClickAgentsTC01" time="98.324"/>
  <system-out/>
  <testcase classname="Test_AS_Advance_Reconcilation.Test_Advance_Reconcilation_WithBank_TC" name="GoToUrlAssertUrlPositiveEnternLOGINPositiveEnternPASSClickLoginGoToUrlAssertUrlClickAgentsTC03" time="52.717"/>
  <system-out/>
</testsuite> <!-- Test_AS_Advance_Reconcilation.Test_Advance_Reconcilation_WithBank_TC -->
