<?xml version="1.0" encoding="UTF-8"?>
<!-- Generated by org.testng.reporters.JUnitReportReporter -->
<testsuite hostname="OB-Sum" failures="0" tests="6" name="VAT3_InvoiceAdvanceReconcile.SaleInToPartioalReconcileForCreditNote_DefaultProfile_1" time="450.804" errors="0" timestamp="2021-12-19T01:41:01 IST" skipped="0">
  <testcase classname="VAT3_InvoiceAdvanceReconcile.SaleInToPartioalReconcileForCreditNote_DefaultProfile_1" name="GoToUrlAssertUrlPositiveEnternLOGINPositiveEnternPASSClickLoginGoToUrlAssertUrlClickAgentsP3" time="75.027"/>
  <system-out/>
  <testcase classname="VAT3_InvoiceAdvanceReconcile.SaleInToPartioalReconcileForCreditNote_DefaultProfile_1" name="GoToUrlAssertUrlPositiveEnternLOGINPositiveEnternPASSClickLoginGoToUrlAssertUrlClickAgentsP4" time="77.532"/>
  <system-out/>
  <testcase classname="VAT3_InvoiceAdvanceReconcile.SaleInToPartioalReconcileForCreditNote_DefaultProfile_1" name="GoToUrlAssertUrlPositiveEnternLOGINPositiveEnternPASSClickLoginGoToUrlAssertUrlClickAgentsP5" time="77.988"/>
  <system-out/>
  <testcase classname="VAT3_InvoiceAdvanceReconcile.SaleInToPartioalReconcileForCreditNote_DefaultProfile_1" name="GoToUrlAssertUrlPositiveEnternLOGINPositiveEnternPASSClickLoginGoToUrlAssertUrlClickAgentsP6" time="73.708"/>
  <system-out/>
  <testcase classname="VAT3_InvoiceAdvanceReconcile.SaleInToPartioalReconcileForCreditNote_DefaultProfile_1" name="GoToUrlAssertUrlPositiveEnternLOGINPositiveEnternPASSClickLoginGoToUrlAssertUrlClickAgentsP1" time="74.194"/>
  <system-out/>
  <testcase classname="VAT3_InvoiceAdvanceReconcile.SaleInToPartioalReconcileForCreditNote_DefaultProfile_1" name="GoToUrlAssertUrlPositiveEnternLOGINPositiveEnternPASSClickLoginGoToUrlAssertUrlClickAgentsP2" time="72.355"/>
  <system-out/>
</testsuite> <!-- VAT3_InvoiceAdvanceReconcile.SaleInToPartioalReconcileForCreditNote_DefaultProfile_1 -->
