<?xml version="1.0" encoding="UTF-8"?>
<!-- Generated by org.testng.reporters.JUnitReportReporter -->
<testsuite hostname="OB-Yogesh" failures="0" tests="1" name="PartialReconcileForSupplierBill.ScriptVATReturn3stVATReturnReport_SToFRS_DefaultProfile" time="54.953" errors="0" timestamp="2021-04-15T07:15:52 IST" skipped="0">
  <testcase classname="PartialReconcileForSupplierBill.ScriptVATReturn3stVATReturnReport_SToFRS_DefaultProfile" name="GoToUrlAssertUrlPositiveEnterUserNamePositiveEnterPasswordClickLoginButtonGoToUrlAssertUrlCl" time="54.953"/>
  <system-out/>
</testsuite> <!-- PartialReconcileForSupplierBill.ScriptVATReturn3stVATReturnReport_SToFRS_DefaultProfile -->
