<?xml version="1.0" encoding="UTF-8"?>
<!-- Generated by org.testng.reporters.JUnitReportReporter -->
<testsuite hostname="OB-Sum" failures="0" tests="1" name="Test_Trial_Balance_Report.Clear_Data" time="726.525" errors="0" timestamp="2022-01-12T21:53:41 IST" skipped="0">
  <testcase classname="Test_Trial_Balance_Report.Clear_Data" name="GoToUrlAssertUrlPositiveEnternLOGINPositiveEnternPASSClickLoginGoToUrlAssertUrlClickAgentsP1_TC_01_LadgerCode_7016_7400_2091_Report" time="726.525"/>
  <system-out/>
</testsuite> <!-- Test_Trial_Balance_Report.Clear_Data -->
