<?xml version="1.0" encoding="UTF-8"?>
<!-- Generated by org.testng.reporters.JUnitReportReporter -->
<testsuite hostname="OB-Yogesh" failures="0" tests="1" name="PartialReconcileForSupplierBillFlatToStand.ScriptStandardToFlat_DefaultProfile" time="58.610" errors="0" timestamp="2021-04-15T18:33:44 IST" skipped="0">
  <testcase classname="PartialReconcileForSupplierBillFlatToStand.ScriptStandardToFlat_DefaultProfile" name="GoToUrlAssertUrlPositiveEnterUserNamePositiveEnterPasswordClickLoginButtonGoToUrlAssertUrlCl1" time="58.610"/>
  <system-out/>
</testsuite> <!-- PartialReconcileForSupplierBillFlatToStand.ScriptStandardToFlat_DefaultProfile -->
