<?xml version="1.0" encoding="UTF-8"?>
<!-- Generated by org.testng.reporters.JUnitReportReporter -->
<testsuite hostname="OB-Yogesh" failures="0" tests="2" name="Supplier_SToNoVAT.ScriptVATOnlyBillSToNOVAT_DefaultProfile" time="84.351" errors="0" timestamp="2021-02-26T22:38:33 IST" skipped="0">
  <testcase classname="Supplier_SToNoVAT.ScriptVATOnlyBillSToNOVAT_DefaultProfile" name="GoToUrlAssertUrlPositiveEnterUserNamePositiveEnterPasswordClickLoginButtonGoToUrlAssertUrlCl1" time="42.226"/>
  <system-out/>
  <testcase classname="Supplier_SToNoVAT.ScriptVATOnlyBillSToNOVAT_DefaultProfile" name="GoToUrlAssertUrlPositiveEnterUserNamePositiveEnterPasswordClickLoginButtonGoToUrlAssertUrlCl2" time="42.125"/>
  <system-out/>
</testsuite> <!-- Supplier_SToNoVAT.ScriptVATOnlyBillSToNOVAT_DefaultProfile -->
