<?xml version="1.0" encoding="UTF-8"?>
<!-- Generated by org.testng.reporters.JUnitReportReporter -->
<testsuite hostname="OB-Sum" failures="0" tests="6" name="PartialReconcileForSupplierBillFlatToStand.SaleInToPartialReconcile_SupplierBill_DefaultProfile" time="449.385" errors="0" timestamp="2021-12-19T01:41:01 IST" skipped="0">
  <testcase classname="PartialReconcileForSupplierBillFlatToStand.SaleInToPartialReconcile_SupplierBill_DefaultProfile" name="GoToUrlAssertUrlPositiveEnternLOGINPositiveEnternPASSClickLoginGoToUrlAssertUrlClickAgentsP4" time="71.355"/>
  <system-out/>
  <testcase classname="PartialReconcileForSupplierBillFlatToStand.SaleInToPartialReconcile_SupplierBill_DefaultProfile" name="GoToUrlAssertUrlPositiveEnternLOGINPositiveEnternPASSClickLoginGoToUrlAssertUrlClickAgentsP2" time="74.356"/>
  <system-out/>
  <testcase classname="PartialReconcileForSupplierBillFlatToStand.SaleInToPartialReconcile_SupplierBill_DefaultProfile" name="GoToUrlAssertUrlPositiveEnternLOGINPositiveEnternPASSClickLoginGoToUrlAssertUrlClickAgentsP6" time="77.086"/>
  <system-out/>
  <testcase classname="PartialReconcileForSupplierBillFlatToStand.SaleInToPartialReconcile_SupplierBill_DefaultProfile" name="GoToUrlAssertUrlPositiveEnternLOGINPositiveEnternPASSClickLoginGoToUrlAssertUrlClickAgentsP5" time="76.114"/>
  <system-out/>
  <testcase classname="PartialReconcileForSupplierBillFlatToStand.SaleInToPartialReconcile_SupplierBill_DefaultProfile" name="GoToUrlAssertUrlPositiveEnternLOGINPositiveEnternPASSClickLoginGoToUrlAssertUrlClickAgentsP3" time="78.567"/>
  <system-out/>
  <testcase classname="PartialReconcileForSupplierBillFlatToStand.SaleInToPartialReconcile_SupplierBill_DefaultProfile" name="GoToUrlAssertUrlPositiveEnternLOGINPositiveEnternPASSClickLoginGoToUrlAssertUrlClickAgentsP1" time="71.907"/>
  <system-out/>
</testsuite> <!-- PartialReconcileForSupplierBillFlatToStand.SaleInToPartialReconcile_SupplierBill_DefaultProfile -->
