<?xml version="1.0" encoding="UTF-8"?>
<!-- Generated by org.testng.reporters.JUnitReportReporter -->
<testsuite hostname="OB-Sum" failures="0" tests="6" name="VAT3_SupplierPartialReconcile.SaleInToPartialReconcile_SupplierBill_DefaultProfile_3" time="514.977" errors="0" timestamp="2021-11-25T12:11:10 IST" skipped="0">
  <testcase classname="VAT3_SupplierPartialReconcile.SaleInToPartialReconcile_SupplierBill_DefaultProfile_3" name="GoToUrlAssertUrlPositiveEnternLOGINPositiveEnternPASSClickLoginGoToUrlAssertUrlClickAgentsP1" time="79.311"/>
  <system-out/>
  <testcase classname="VAT3_SupplierPartialReconcile.SaleInToPartialReconcile_SupplierBill_DefaultProfile_3" name="GoToUrlAssertUrlPositiveEnternLOGINPositiveEnternPASSClickLoginGoToUrlAssertUrlClickAgentsP3" time="107.377"/>
  <system-out/>
  <testcase classname="VAT3_SupplierPartialReconcile.SaleInToPartialReconcile_SupplierBill_DefaultProfile_3" name="GoToUrlAssertUrlPositiveEnternLOGINPositiveEnternPASSClickLoginGoToUrlAssertUrlClickAgentsP6" time="84.531"/>
  <system-out/>
  <testcase classname="VAT3_SupplierPartialReconcile.SaleInToPartialReconcile_SupplierBill_DefaultProfile_3" name="GoToUrlAssertUrlPositiveEnternLOGINPositiveEnternPASSClickLoginGoToUrlAssertUrlClickAgentsP2" time="83.034"/>
  <system-out/>
  <testcase classname="VAT3_SupplierPartialReconcile.SaleInToPartialReconcile_SupplierBill_DefaultProfile_3" name="GoToUrlAssertUrlPositiveEnternLOGINPositiveEnternPASSClickLoginGoToUrlAssertUrlClickAgentsP4" time="78.234"/>
  <system-out/>
  <testcase classname="VAT3_SupplierPartialReconcile.SaleInToPartialReconcile_SupplierBill_DefaultProfile_3" name="GoToUrlAssertUrlPositiveEnternLOGINPositiveEnternPASSClickLoginGoToUrlAssertUrlClickAgentsP5" time="82.490"/>
  <system-out/>
</testsuite> <!-- VAT3_SupplierPartialReconcile.SaleInToPartialReconcile_SupplierBill_DefaultProfile_3 -->
