<?xml version="1.0" encoding="UTF-8"?>
<!-- Generated by org.testng.reporters.JUnitReportReporter -->
<testsuite hostname="OB-Yogesh" failures="0" tests="1" name="ExpenceRemFlatToFlatPer.ScriptVATReturn1stVATReturnReport_SToFRS_DefaultProfile" time="49.624" errors="0" timestamp="2021-04-24T21:05:05 IST" skipped="0">
  <testcase classname="ExpenceRemFlatToFlatPer.ScriptVATReturn1stVATReturnReport_SToFRS_DefaultProfile" name="GoToUrlAssertUrlPositiveEnterUserNamePositiveEnterPasswordClickLoginButtonGoToUrlAssertUrlCl" time="49.624"/>
  <system-out/>
</testsuite> <!-- ExpenceRemFlatToFlatPer.ScriptVATReturn1stVATReturnReport_SToFRS_DefaultProfile -->
