<?xml version="1.0" encoding="UTF-8"?>
<!-- Generated by org.testng.reporters.JUnitReportReporter -->
<testsuite hostname="OB-Sum" failures="0" tests="6" name="VATPhase3_Banking_allocateToExp.BankingTr_VATPH3_StandToFlatDefaultProfile_1" time="233.417" errors="0" timestamp="2021-12-19T01:41:01 IST" skipped="0">
  <testcase classname="VATPhase3_Banking_allocateToExp.BankingTr_VATPH3_StandToFlatDefaultProfile_1" name="GoToUrlAssertUrlPositiveEnternLOGINPositiveEnternPASSClickLoginGoToUrlAssertUrlClickAgentsP4" time="38.224"/>
  <system-out/>
  <testcase classname="VATPhase3_Banking_allocateToExp.BankingTr_VATPH3_StandToFlatDefaultProfile_1" name="GoToUrlAssertUrlPositiveEnternLOGINPositiveEnternPASSClickLoginGoToUrlAssertUrlClickAgentsP5" time="38.144"/>
  <system-out/>
  <testcase classname="VATPhase3_Banking_allocateToExp.BankingTr_VATPH3_StandToFlatDefaultProfile_1" name="GoToUrlAssertUrlPositiveEnternLOGINPositiveEnternPASSClickLoginGoToUrlAssertUrlClickAgentsP1" time="36.951"/>
  <system-out/>
  <testcase classname="VATPhase3_Banking_allocateToExp.BankingTr_VATPH3_StandToFlatDefaultProfile_1" name="GoToUrlAssertUrlPositiveEnternLOGINPositiveEnternPASSClickLoginGoToUrlAssertUrlClickAgentsP2" time="39.774"/>
  <system-out/>
  <testcase classname="VATPhase3_Banking_allocateToExp.BankingTr_VATPH3_StandToFlatDefaultProfile_1" name="GoToUrlAssertUrlPositiveEnternLOGINPositiveEnternPASSClickLoginGoToUrlAssertUrlClickAgentsP3" time="40.784"/>
  <system-out/>
  <testcase classname="VATPhase3_Banking_allocateToExp.BankingTr_VATPH3_StandToFlatDefaultProfile_1" name="GoToUrlAssertUrlPositiveEnternLOGINPositiveEnternPASSClickLoginGoToUrlAssertUrlClickAgentsP6" time="39.540"/>
  <system-out/>
</testsuite> <!-- VATPhase3_Banking_allocateToExp.BankingTr_VATPH3_StandToFlatDefaultProfile_1 -->
