<?xml version="1.0" encoding="UTF-8"?>
<!-- Generated by org.testng.reporters.JUnitReportReporter -->
<testsuite hostname="OB-Sum" failures="0" tests="6" name="AdvanceReconcileByBankForSupplierBillFlatToNoVAT.SaleInToPartialReconcile_DebitNote_DefaultProfile" time="514.913" errors="0" timestamp="2022-02-06T06:55:35 IST" skipped="0">
  <testcase classname="AdvanceReconcileByBankForSupplierBillFlatToNoVAT.SaleInToPartialReconcile_DebitNote_DefaultProfile" name="GoToUrlAssertUrlPositiveEnternLOGINPositiveEnternPASSClickLoginGoToUrlAssertUrlClickAgentsP1" time="84.128"/>
  <system-out/>
  <testcase classname="AdvanceReconcileByBankForSupplierBillFlatToNoVAT.SaleInToPartialReconcile_DebitNote_DefaultProfile" name="GoToUrlAssertUrlPositiveEnternLOGINPositiveEnternPASSClickLoginGoToUrlAssertUrlClickAgentsP2" time="87.359"/>
  <system-out/>
  <testcase classname="AdvanceReconcileByBankForSupplierBillFlatToNoVAT.SaleInToPartialReconcile_DebitNote_DefaultProfile" name="GoToUrlAssertUrlPositiveEnternLOGINPositiveEnternPASSClickLoginGoToUrlAssertUrlClickAgentsP4" time="86.889"/>
  <system-out/>
  <testcase classname="AdvanceReconcileByBankForSupplierBillFlatToNoVAT.SaleInToPartialReconcile_DebitNote_DefaultProfile" name="GoToUrlAssertUrlPositiveEnternLOGINPositiveEnternPASSClickLoginGoToUrlAssertUrlClickAgentsP3" time="87.020"/>
  <system-out/>
  <testcase classname="AdvanceReconcileByBankForSupplierBillFlatToNoVAT.SaleInToPartialReconcile_DebitNote_DefaultProfile" name="GoToUrlAssertUrlPositiveEnternLOGINPositiveEnternPASSClickLoginGoToUrlAssertUrlClickAgentsP6" time="82.087"/>
  <system-out/>
  <testcase classname="AdvanceReconcileByBankForSupplierBillFlatToNoVAT.SaleInToPartialReconcile_DebitNote_DefaultProfile" name="GoToUrlAssertUrlPositiveEnternLOGINPositiveEnternPASSClickLoginGoToUrlAssertUrlClickAgentsP5" time="87.430"/>
  <system-out/>
</testsuite> <!-- AdvanceReconcileByBankForSupplierBillFlatToNoVAT.SaleInToPartialReconcile_DebitNote_DefaultProfile -->
