<?xml version="1.0" encoding="UTF-8"?>
<!-- Generated by org.testng.reporters.JUnitReportReporter -->
<testsuite hostname="OB-Sum" failures="0" tests="2" name="Test_Trial_Balance_Report.Clear_Data" time="130.486" errors="0" timestamp="2022-02-18T22:06:36 IST" skipped="0">
  <testcase classname="Test_Trial_Balance_Report.Clear_Data" name="GoToUrlAssertUrlPositiveEnternLOGINPositiveEnternPASSClickLoginGoToUrlAssertUrlClickAgentsP2_TC_01_LadgerCode_7016_7400_2091_Report" time="61.962"/>
  <system-out/>
  <testcase classname="Test_Trial_Balance_Report.Clear_Data" name="GoToUrlAssertUrlPositiveEnternLOGINPositiveEnternPASSClickLoginGoToUrlAssertUrlClickAgentsP1_TC_01_LadgerCode_7016_7400_2091_Report" time="68.524"/>
  <system-out/>
</testsuite> <!-- Test_Trial_Balance_Report.Clear_Data -->
