<?xml version="1.0" encoding="UTF-8"?>
<!-- Generated by org.testng.reporters.JUnitReportReporter -->
<testsuite hostname="OB-Sum" failures="0" tests="6" name="ExpenceRemFlatToFlatPer.SaleInToReconcileForExpenseRem_DefaultProfile" time="419.178" errors="0" timestamp="2021-12-19T01:40:59 IST" skipped="0">
  <testcase classname="ExpenceRemFlatToFlatPer.SaleInToReconcileForExpenseRem_DefaultProfile" name="GoToUrlAssertUrlPositiveEnternLOGINPositiveEnternPASSClickLoginGoToUrlAssertUrlClickAgentsP2" time="68.622"/>
  <system-out/>
  <testcase classname="ExpenceRemFlatToFlatPer.SaleInToReconcileForExpenseRem_DefaultProfile" name="GoToUrlAssertUrlPositiveEnternLOGINPositiveEnternPASSClickLoginGoToUrlAssertUrlClickAgentsP6" time="70.357"/>
  <system-out/>
  <testcase classname="ExpenceRemFlatToFlatPer.SaleInToReconcileForExpenseRem_DefaultProfile" name="GoToUrlAssertUrlPositiveEnternLOGINPositiveEnternPASSClickLoginGoToUrlAssertUrlClickAgentsP3" time="66.506"/>
  <system-out/>
  <testcase classname="ExpenceRemFlatToFlatPer.SaleInToReconcileForExpenseRem_DefaultProfile" name="GoToUrlAssertUrlPositiveEnternLOGINPositiveEnternPASSClickLoginGoToUrlAssertUrlClickAgentsP1" time="71.137"/>
  <system-out/>
  <testcase classname="ExpenceRemFlatToFlatPer.SaleInToReconcileForExpenseRem_DefaultProfile" name="GoToUrlAssertUrlPositiveEnternLOGINPositiveEnternPASSClickLoginGoToUrlAssertUrlClickAgentsP4" time="72.838"/>
  <system-out/>
  <testcase classname="ExpenceRemFlatToFlatPer.SaleInToReconcileForExpenseRem_DefaultProfile" name="GoToUrlAssertUrlPositiveEnternLOGINPositiveEnternPASSClickLoginGoToUrlAssertUrlClickAgentsP5" time="69.718"/>
  <system-out/>
</testsuite> <!-- ExpenceRemFlatToFlatPer.SaleInToReconcileForExpenseRem_DefaultProfile -->
