<?xml version="1.0" encoding="UTF-8"?>
<!-- Generated by org.testng.reporters.JUnitReportReporter -->
<testsuite hostname="OB-Sum" failures="0" tests="6" name="VAT2.F2S.SaleInToReconcile_DefaultProfile1" time="543.494" errors="0" timestamp="2021-12-09T11:24:15 IST" skipped="0">
  <testcase classname="VAT2.F2S.SaleInToReconcile_DefaultProfile1" name="GoToUrlAssertUrlPositiveEnternLOGINPositiveEnternPASSClickLoginGoToUrlAssertUrlClickAgentsP4" time="89.447"/>
  <system-out/>
  <testcase classname="VAT2.F2S.SaleInToReconcile_DefaultProfile1" name="GoToUrlAssertUrlPositiveEnternLOGINPositiveEnternPASSClickLoginGoToUrlAssertUrlClickAgentsP6" time="89.314"/>
  <system-out/>
  <testcase classname="VAT2.F2S.SaleInToReconcile_DefaultProfile1" name="GoToUrlAssertUrlPositiveEnternLOGINPositiveEnternPASSClickLoginGoToUrlAssertUrlClickAgentsP5" time="91.535"/>
  <system-out/>
  <testcase classname="VAT2.F2S.SaleInToReconcile_DefaultProfile1" name="GoToUrlAssertUrlPositiveEnternLOGINPositiveEnternPASSClickLoginGoToUrlAssertUrlClickAgentsP1" time="88.789"/>
  <system-out/>
  <testcase classname="VAT2.F2S.SaleInToReconcile_DefaultProfile1" name="GoToUrlAssertUrlPositiveEnternLOGINPositiveEnternPASSClickLoginGoToUrlAssertUrlClickAgentsP7" time="91.903"/>
  <system-out/>
  <testcase classname="VAT2.F2S.SaleInToReconcile_DefaultProfile1" name="GoToUrlAssertUrlPositiveEnternLOGINPositiveEnternPASSClickLoginGoToUrlAssertUrlClickAgentsP2" time="92.506"/>
  <system-out/>
</testsuite> <!-- VAT2.F2S.SaleInToReconcile_DefaultProfile1 -->
