<?xml version="1.0" encoding="UTF-8"?>
<!-- Generated by org.testng.reporters.JUnitReportReporter -->
<testsuite hostname="OB-Yogesh" failures="0" tests="6" name="test.AdvanceReconcilation.SaleInToReconcileForCreditNote_DefaultProfile" time="533.690" errors="0" timestamp="2021-04-01T18:28:23 IST" skipped="0">
  <testcase classname="test.AdvanceReconcilation.SaleInToReconcileForCreditNote_DefaultProfile" name="GoToUrlAssertUrlPositiveEnternLOGINPositiveEnternPASSClickLoginGoToUrlAssertUrlClickAgentsP4" time="90.033"/>
  <system-out/>
  <testcase classname="test.AdvanceReconcilation.SaleInToReconcileForCreditNote_DefaultProfile" name="GoToUrlAssertUrlPositiveEnternLOGINPositiveEnternPASSClickLoginGoToUrlAssertUrlClickAgentsP2" time="99.251"/>
  <system-out/>
  <testcase classname="test.AdvanceReconcilation.SaleInToReconcileForCreditNote_DefaultProfile" name="GoToUrlAssertUrlPositiveEnternLOGINPositiveEnternPASSClickLoginGoToUrlAssertUrlClickAgentsP5" time="81.279"/>
  <system-out/>
  <testcase classname="test.AdvanceReconcilation.SaleInToReconcileForCreditNote_DefaultProfile" name="GoToUrlAssertUrlPositiveEnternLOGINPositiveEnternPASSClickLoginGoToUrlAssertUrlClickAgentsP1" time="87.187"/>
  <system-out/>
  <testcase classname="test.AdvanceReconcilation.SaleInToReconcileForCreditNote_DefaultProfile" name="GoToUrlAssertUrlPositiveEnternLOGINPositiveEnternPASSClickLoginGoToUrlAssertUrlClickAgentsP3" time="85.130"/>
  <system-out/>
  <testcase classname="test.AdvanceReconcilation.SaleInToReconcileForCreditNote_DefaultProfile" name="GoToUrlAssertUrlPositiveEnternLOGINPositiveEnternPASSClickLoginGoToUrlAssertUrlClickAgentsP6" time="90.810"/>
  <system-out/>
</testsuite> <!-- test.AdvanceReconcilation.SaleInToReconcileForCreditNote_DefaultProfile -->
