<?xml version="1.0" encoding="UTF-8"?>
<!-- Generated by org.testng.reporters.JUnitReportReporter -->
<testsuite hostname="OB-Sum" failures="0" tests="1" name="Test_Trial_Balance_RE_Jour_Bank_Supp_3.TC_37_1_BS_ProvisionForLiabilities_2400_01_03_With_Journal" time="70.890" errors="0" timestamp="2022-01-18T16:59:19 IST" skipped="0">
  <testcase classname="Test_Trial_Balance_RE_Jour_Bank_Supp_3.TC_37_1_BS_ProvisionForLiabilities_2400_01_03_With_Journal" name="GoToUrlAssertUrlPositiveEnternLOGINPositiveEnternPASSClickLoginGoToUrlAssertUrlClickAgentsP1" time="70.890"/>
  <system-out>
    <![CDATA[ledger 1 entered :2400 - Pensions
ledger 2 entered :2401 - Warranties
ledger 3 entered :2403 - Bad Debts
Ledger code verified: Pensions
Amount enter verified: 1,000.00
Ledger code verified: Warranties
Amount enter verified: 1,000.00
Ledger code verified: Bad Debts
Amount enter verified: (2,000.00)
Enteries are Verified on Balance Sheet Report page :]]>
  </system-out>
</testsuite> <!-- Test_Trial_Balance_RE_Jour_Bank_Supp_3.TC_37_1_BS_ProvisionForLiabilities_2400_01_03_With_Journal -->
