<?xml version="1.0" encoding="UTF-8"?>
<!-- Generated by org.testng.reporters.JUnitReportReporter -->
<testsuite hostname="OB-Sum" failures="0" tests="2" name="VAT2.S2F.SaleInToReconcileForVATOnly_StoF_Cus" time="191.837" errors="0" timestamp="2021-12-01T04:35:04 IST" skipped="0">
  <testcase classname="VAT2.S2F.SaleInToReconcileForVATOnly_StoF_Cus" name="GoToUrlAssertUrlPositiveEnternLOGINPositiveEnternPASSClickLoginGoToUrlAssertUrlClickAgentsP1" time="94.218"/>
  <system-out/>
  <testcase classname="VAT2.S2F.SaleInToReconcileForVATOnly_StoF_Cus" name="GoToUrlAssertUrlPositiveEnternLOGINPositiveEnternPASSClickLoginGoToUrlAssertUrlClickAgentsP2" time="97.619"/>
  <system-out/>
</testsuite> <!-- VAT2.S2F.SaleInToReconcileForVATOnly_StoF_Cus -->
