<?xml version="1.0" encoding="UTF-8"?>
<!-- Generated by org.testng.reporters.JUnitReportReporter -->
<testsuite hostname="OB-Sum" failures="0" tests="6" name="VAT3_UnReconciled_STOF.UN_ReconcileForDebitNote_1" time="476.456" errors="0" timestamp="2022-02-06T06:55:30 IST" skipped="0">
  <testcase classname="VAT3_UnReconciled_STOF.UN_ReconcileForDebitNote_1" name="GoToUrlAssertUrlPositiveEnternLOGINPositiveEnternPASSClickLoginGoToUrlAssertUrlClickAgentsP2" time="70.458"/>
  <system-out/>
  <testcase classname="VAT3_UnReconciled_STOF.UN_ReconcileForDebitNote_1" name="GoToUrlAssertUrlPositiveEnternLOGINPositiveEnternPASSClickLoginGoToUrlAssertUrlClickAgentsP71" time="105.222"/>
  <system-out/>
  <testcase classname="VAT3_UnReconciled_STOF.UN_ReconcileForDebitNote_1" name="GoToUrlAssertUrlPositiveEnternLOGINPositiveEnternPASSClickLoginGoToUrlAssertUrlClickAgentsP6" time="71.130"/>
  <system-out/>
  <testcase classname="VAT3_UnReconciled_STOF.UN_ReconcileForDebitNote_1" name="GoToUrlAssertUrlPositiveEnternLOGINPositiveEnternPASSClickLoginGoToUrlAssertUrlClickAgentsP7" time="68.951"/>
  <system-out/>
  <testcase classname="VAT3_UnReconciled_STOF.UN_ReconcileForDebitNote_1" name="GoToUrlAssertUrlPositiveEnternLOGINPositiveEnternPASSClickLoginGoToUrlAssertUrlClickAgentsP1" time="69.764"/>
  <system-out/>
  <testcase classname="VAT3_UnReconciled_STOF.UN_ReconcileForDebitNote_1" name="GoToUrlAssertUrlPositiveEnternLOGINPositiveEnternPASSClickLoginGoToUrlAssertUrlClickAgentsP3" time="90.931"/>
  <system-out/>
</testsuite> <!-- VAT3_UnReconciled_STOF.UN_ReconcileForDebitNote_1 -->
