<?xml version="1.0" encoding="UTF-8"?>
<!-- Generated by org.testng.reporters.JUnitReportReporter -->
<testsuite hostname="OB-Yogesh" failures="0" tests="6" name="Supplier_test.ScriptSupplierBillSToFRS_DefaultProfile" time="253.323" errors="0" timestamp="2021-02-25T19:30:42 IST" skipped="0">
  <testcase classname="Supplier_test.ScriptSupplierBillSToFRS_DefaultProfile" name="GoToUrlAssertUrlPositiveEnterUserNamePositiveEnterPasswordClickLoginButtonGoToUrlAssertUrlCl4" time="38.017"/>
  <system-out/>
  <testcase classname="Supplier_test.ScriptSupplierBillSToFRS_DefaultProfile" name="GoToUrlAssertUrlPositiveEnterUserNamePositiveEnterPasswordClickLoginButtonGoToUrlAssertUrlCl6" time="48.986"/>
  <system-out/>
  <testcase classname="Supplier_test.ScriptSupplierBillSToFRS_DefaultProfile" name="GoToUrlAssertUrlPositiveEnterUserNamePositiveEnterPasswordClickLoginButtonGoToUrlAssertUrlCl1" time="39.146"/>
  <system-out/>
  <testcase classname="Supplier_test.ScriptSupplierBillSToFRS_DefaultProfile" name="GoToUrlAssertUrlPositiveEnterUserNamePositiveEnterPasswordClickLoginButtonGoToUrlAssertUrlCl2" time="39.538"/>
  <system-out/>
  <testcase classname="Supplier_test.ScriptSupplierBillSToFRS_DefaultProfile" name="GoToUrlAssertUrlPositiveEnterUserNamePositiveEnterPasswordClickLoginButtonGoToUrlAssertUrlCl3" time="38.729"/>
  <system-out/>
  <testcase classname="Supplier_test.ScriptSupplierBillSToFRS_DefaultProfile" name="GoToUrlAssertUrlPositiveEnterUserNamePositiveEnterPasswordClickLoginButtonGoToUrlAssertUrlCl5" time="48.907"/>
  <system-out/>
</testsuite> <!-- Supplier_test.ScriptSupplierBillSToFRS_DefaultProfile -->
