<?xml version="1.0" encoding="UTF-8"?>
<!-- Generated by org.testng.reporters.JUnitReportReporter -->
<testsuite hostname="OB-Sum" failures="0" tests="2" name="tests.BalanceSheet_Bf.TC_61_BSBFBank1400_DefaultProfile" time="240.143" errors="0" timestamp="2022-01-31T19:41:28 IST" skipped="0">
  <testcase classname="tests.BalanceSheet_Bf.TC_61_BSBFBank1400_DefaultProfile" name="GoToUrlAssertUrlPositiveEnternLOGINPositiveEnternPASSClickLoginGoToUrlAssertUrlClickAgentsP1" time="136.987"/>
  <system-out>
    <![CDATA[Accounting Period Status : Account UnClosed 
Accounting Period Status : Account UnLocked
ledger 1 entered :1400 - ZBank
ledger 2 entered :1400 - Default Bank
Accounting Period Status :- Account period closed
Ledger code verified: ZBank
Amount enter verified: (1,000.00)
Ledger code verified: Default Bank
Amount enter verified: (1,000.00)
Enteries are Verified on Balance Sheet Report page :]]>
  </system-out>
  <testcase classname="tests.BalanceSheet_Bf.TC_61_BSBFBank1400_DefaultProfile" name="GoToUrlAssertUrlPositiveEnternLOGINPositiveEnternPASSClickLoginGoToUrlAssertUrlClickAgentsP3" time="103.156"/>
  <system-out>
    <![CDATA[Accounting Period Status : Account UnClosed 
Accounting Period Status : Account UnLocked
Accounting Period Status :- Account period closed]]>
  </system-out>
</testsuite> <!-- tests.BalanceSheet_Bf.TC_61_BSBFBank1400_DefaultProfile -->
