<?xml version="1.0" encoding="UTF-8"?>
<!-- Generated by org.testng.reporters.JUnitReportReporter -->
<testsuite hostname="OB-Sum" failures="0" tests="12" name="Test_Income.TC07VerifyAllfiltersTypes" time="470.256" errors="0" timestamp="2022-03-14T19:11:48 IST" skipped="0">
  <testcase classname="Test_Income.TC07VerifyAllfiltersTypes" name="VerifyCustomerFilter_2" time="36.300"/>
  <system-out>
    <![CDATA[Customer verified: Invoices_001]]>
  </system-out>
  <testcase classname="Test_Income.TC07VerifyAllfiltersTypes" name="VerifySearchCategoryFilter_5" time="35.503"/>
  <system-out>
    <![CDATA[Search Category Type verified: Inv]]>
  </system-out>
  <testcase classname="Test_Income.TC07VerifyAllfiltersTypes" name="VerifyDueStatusFilter_1" time="72.814"/>
  <system-out>
    <![CDATA[DueSatatus_DueDate: 04/03/2022
DueSatatus_DueDate: 04/03/2022
DueSatatus_DueDate: 04/03/2022
DueSatatus_DueDate: 04/03/2022
DueSatatus_DueDate: 04/03/2022]]>
  </system-out>
  <testcase classname="Test_Income.TC07VerifyAllfiltersTypes" name="VerifySearchCategoryFilter_1" time="36.582"/>
  <system-out>
    <![CDATA[Search Category Customer verified: Default Customer]]>
  </system-out>
  <testcase classname="Test_Income.TC07VerifyAllfiltersTypes" name="VerifyCustomerFilter_1" time="36.392"/>
  <system-out>
    <![CDATA[Customer verified: Default Customer]]>
  </system-out>
  <testcase classname="Test_Income.TC07VerifyAllfiltersTypes" name="VerifyDateRange_5" time="38.893"/>
  <system-out/>
  <testcase classname="Test_Income.TC07VerifyAllfiltersTypes" name="VerifyPaymentStatusFilter_1" time="34.366"/>
  <system-out>
    <![CDATA[verifypaymentStatusUnpaid: =GrossAmount=£4,800.00Amount Due =£4,800.00]]>
  </system-out>
  <testcase classname="Test_Income.TC07VerifyAllfiltersTypes" name="VerifyDueStatusFilter_2" time="42.309"/>
  <system-out>
    <![CDATA[DueSatatus_NotDue: 04/12/2022]]>
  </system-out>
  <testcase classname="Test_Income.TC07VerifyAllfiltersTypes" name="VerifySearchCategoryFilter_2" time="33.262"/>
  <system-out>
    <![CDATA[Search Category Trns_No verified: 6]]>
  </system-out>
  <testcase classname="Test_Income.TC07VerifyAllfiltersTypes" name="VerifyPaymentStatusFilter_3" time="33.901"/>
  <system-out>
    <![CDATA[verifypaymentStatusPartially: =GrossAmount=£4,800.00Amount Due =£800.00]]>
  </system-out>
  <testcase classname="Test_Income.TC07VerifyAllfiltersTypes" name="VerifySearchCategoryFilter_4" time="34.287"/>
  <system-out>
    <![CDATA[Search Category Inv_NO verified: INV-5]]>
  </system-out>
  <testcase classname="Test_Income.TC07VerifyAllfiltersTypes" name="VerifyPaymentStatusFilter_2" time="35.647"/>
  <system-out>
    <![CDATA[verifypaymentStatusPaid: =GrossAmount=£4,800.00Amount Due =£0.00]]>
  </system-out>
</testsuite> <!-- Test_Income.TC07VerifyAllfiltersTypes -->
