<?xml version="1.0" encoding="UTF-8"?>
<!-- Generated by org.testng.reporters.JUnitReportReporter -->
<testsuite hostname="OB-Sum" failures="0" tests="1" name="VAT3_ExpensesReinbr.ScriptPostVATReturn3stVATReturnReport_DefaultProfile_4" time="46.384" errors="0" timestamp="2021-12-19T01:41:01 IST" skipped="0">
  <testcase classname="VAT3_ExpensesReinbr.ScriptPostVATReturn3stVATReturnReport_DefaultProfile_4" name="GoToUrlAssertUrlPositiveEnterUserNamePositiveEnterPasswordClickLoginButtonGoToUrlAssertUrlCl" time="46.384"/>
  <system-out/>
</testsuite> <!-- VAT3_ExpensesReinbr.ScriptPostVATReturn3stVATReturnReport_DefaultProfile_4 -->
