<?xml version="1.0" encoding="UTF-8"?>
<!-- Generated by org.testng.reporters.JUnitReportReporter -->
<testsuite hostname="OB-Yogesh" failures="0" tests="1" name="AdvanceReconcileByBankForSupplierBillSToFlat.ScriptPostVATReturn1stVATReturnReport_DefaultProfile" time="47.696" errors="0" timestamp="2021-04-28T10:10:51 IST" skipped="0">
  <testcase classname="AdvanceReconcileByBankForSupplierBillSToFlat.ScriptPostVATReturn1stVATReturnReport_DefaultProfile" name="GoToUrlAssertUrlPositiveEnterUserNamePositiveEnterPasswordClickLoginButtonGoToUrlAssertUrlCl" time="47.696"/>
  <system-out/>
</testsuite> <!-- AdvanceReconcileByBankForSupplierBillSToFlat.ScriptPostVATReturn1stVATReturnReport_DefaultProfile -->
