<?xml version="1.0" encoding="UTF-8"?>
<!-- Generated by org.testng.reporters.JUnitReportReporter -->
<testsuite hostname="OB-Sum" failures="0" tests="1" name="Supplier_FRSToNoVAT.ScriptVesrifyByTrialBalancePDFDefaultProfile_DefaultProfile" time="47.841" errors="0" timestamp="2021-12-09T11:24:15 IST" skipped="0">
  <testcase classname="Supplier_FRSToNoVAT.ScriptVesrifyByTrialBalancePDFDefaultProfile_DefaultProfile" name="GoToUrlAssertUrlPositiveEnterUserNamePositiveEnterPasswordClickLoginButtonGoToUrlAssertUrlCl" time="47.841"/>
  <system-out/>
</testsuite> <!-- Supplier_FRSToNoVAT.ScriptVesrifyByTrialBalancePDFDefaultProfile_DefaultProfile -->
