<?xml version="1.0" encoding="UTF-8"?>
<!-- Generated by org.testng.reporters.JUnitReportReporter -->
<testsuite hostname="OB-Yogesh" failures="0" tests="1" name="PartialReconcileByBankForSupplierBillFlatToFlatPer.ScriptPostVATReturn3stVATReturnReport_DefaultProfile" time="48.590" errors="0" timestamp="2021-04-25T20:30:40 IST" skipped="0">
  <testcase classname="PartialReconcileByBankForSupplierBillFlatToFlatPer.ScriptPostVATReturn3stVATReturnReport_DefaultProfile" name="GoToUrlAssertUrlPositiveEnterUserNamePositiveEnterPasswordClickLoginButtonGoToUrlAssertUrlCl" time="48.590"/>
  <system-out/>
</testsuite> <!-- PartialReconcileByBankForSupplierBillFlatToFlatPer.ScriptPostVATReturn3stVATReturnReport_DefaultProfile -->
