<?xml version="1.0" encoding="UTF-8"?>
<!-- Generated by org.testng.reporters.JUnitReportReporter -->
<testsuite hostname="OB-Sum" failures="0" tests="2" name="Supplier_FRSToNoVAT.ScriptVATOnlyBill_FRSToNOVAT_DefaultProfile" time="110.198" errors="0" timestamp="2021-12-19T01:41:01 IST" skipped="0">
  <testcase classname="Supplier_FRSToNoVAT.ScriptVATOnlyBill_FRSToNOVAT_DefaultProfile" name="GoToUrlAssertUrlPositiveEnterUserNamePositiveEnterPasswordClickLoginButtonGoToUrlAssertUrlCl1" time="54.543"/>
  <system-out/>
  <testcase classname="Supplier_FRSToNoVAT.ScriptVATOnlyBill_FRSToNOVAT_DefaultProfile" name="GoToUrlAssertUrlPositiveEnterUserNamePositiveEnterPasswordClickLoginButtonGoToUrlAssertUrlCl2" time="55.655"/>
  <system-out/>
</testsuite> <!-- Supplier_FRSToNoVAT.ScriptVATOnlyBill_FRSToNOVAT_DefaultProfile -->
