<?xml version="1.0" encoding="UTF-8"?>
<!-- Generated by org.testng.reporters.JUnitReportReporter -->
<testsuite hostname="OB-Sum" failures="0" tests="6" name="VAT3_UnReconciled_FtoS.Un_F2S_SupplierBill" time="280.783" errors="0" timestamp="2021-12-01T04:35:03 IST" skipped="0">
  <testcase classname="VAT3_UnReconciled_FtoS.Un_F2S_SupplierBill" name="GoToUrlAssertUrlPositiveEnternLOGINPositiveEnternPASSClickLoginGoToUrlAssertUrlClickAgentsP6" time="45.991"/>
  <system-out/>
  <testcase classname="VAT3_UnReconciled_FtoS.Un_F2S_SupplierBill" name="GoToUrlAssertUrlPositiveEnternLOGINPositiveEnternPASSClickLoginGoToUrlAssertUrlClickAgentsP7" time="47.578"/>
  <system-out/>
  <testcase classname="VAT3_UnReconciled_FtoS.Un_F2S_SupplierBill" name="GoToUrlAssertUrlPositiveEnternLOGINPositiveEnternPASSClickLoginGoToUrlAssertUrlClickAgentsP2" time="46.490"/>
  <system-out/>
  <testcase classname="VAT3_UnReconciled_FtoS.Un_F2S_SupplierBill" name="GoToUrlAssertUrlPositiveEnternLOGINPositiveEnternPASSClickLoginGoToUrlAssertUrlClickAgentsP9" time="44.692"/>
  <system-out/>
  <testcase classname="VAT3_UnReconciled_FtoS.Un_F2S_SupplierBill" name="GoToUrlAssertUrlPositiveEnternLOGINPositiveEnternPASSClickLoginGoToUrlAssertUrlClickAgentsP5" time="45.644"/>
  <system-out/>
  <testcase classname="VAT3_UnReconciled_FtoS.Un_F2S_SupplierBill" name="GoToUrlAssertUrlPositiveEnternLOGINPositiveEnternPASSClickLoginGoToUrlAssertUrlClickAgentsP1" time="50.388"/>
  <system-out/>
</testsuite> <!-- VAT3_UnReconciled_FtoS.Un_F2S_SupplierBill -->
