<?xml version="1.0" encoding="UTF-8"?>
<!-- Generated by org.testng.reporters.JUnitReportReporter -->
<testsuite hostname="OB-Sum" failures="0" tests="1" name="tests.BalanceSheet_Bf.TC_46_BSBFDirector1321_DefaultProfile" time="159.621" errors="0" timestamp="2022-01-24T23:44:39 IST" skipped="0">
  <testcase classname="tests.BalanceSheet_Bf.TC_46_BSBFDirector1321_DefaultProfile" name="GoToUrlAssertUrlPositiveEnternLOGINPositiveEnternPASSClickLoginGoToUrlAssertUrlClickAgentsP3" time="159.621"/>
  <system-out>
    <![CDATA[Accounting Period Status : Account UnClosed 
Accounting Period Status : Account UnLocked
Accounting Period Status :- Account period closed]]>
  </system-out>
</testsuite> <!-- tests.BalanceSheet_Bf.TC_46_BSBFDirector1321_DefaultProfile -->
