<?xml version="1.0" encoding="UTF-8"?>
<!-- Generated by org.testng.reporters.JUnitReportReporter -->
<testsuite hostname="OB-Sum" failures="0" tests="6" name="VAT3.FullREC_F2_Standard.Supplier_SupplierBill_StoF__1_1" time="586.631" errors="0" timestamp="2021-12-19T01:41:01 IST" skipped="0">
  <testcase classname="VAT3.FullREC_F2_Standard.Supplier_SupplierBill_StoF__1_1" name="GoToUrlAssertUrlPositiveEnternLOGINPositiveEnternPASSClickLoginGoToUrlAssertUrlClickAgentsP7" time="97.810"/>
  <system-out/>
  <testcase classname="VAT3.FullREC_F2_Standard.Supplier_SupplierBill_StoF__1_1" name="GoToUrlAssertUrlPositiveEnternLOGINPositiveEnternPASSClickLoginGoToUrlAssertUrlClickAgentsP2" time="97.198"/>
  <system-out/>
  <testcase classname="VAT3.FullREC_F2_Standard.Supplier_SupplierBill_StoF__1_1" name="GoToUrlAssertUrlPositiveEnternLOGINPositiveEnternPASSClickLoginGoToUrlAssertUrlClickAgentsP1" time="96.679"/>
  <system-out/>
  <testcase classname="VAT3.FullREC_F2_Standard.Supplier_SupplierBill_StoF__1_1" name="GoToUrlAssertUrlPositiveEnternLOGINPositiveEnternPASSClickLoginGoToUrlAssertUrlClickAgentsP9" time="98.209"/>
  <system-out/>
  <testcase classname="VAT3.FullREC_F2_Standard.Supplier_SupplierBill_StoF__1_1" name="GoToUrlAssertUrlPositiveEnternLOGINPositiveEnternPASSClickLoginGoToUrlAssertUrlClickAgentsP6" time="97.683"/>
  <system-out/>
  <testcase classname="VAT3.FullREC_F2_Standard.Supplier_SupplierBill_StoF__1_1" name="GoToUrlAssertUrlPositiveEnternLOGINPositiveEnternPASSClickLoginGoToUrlAssertUrlClickAgentsP5" time="99.052"/>
  <system-out/>
</testsuite> <!-- VAT3.FullREC_F2_Standard.Supplier_SupplierBill_StoF__1_1 -->
