<?xml version="1.0" encoding="UTF-8"?>
<!-- Generated by org.testng.reporters.JUnitReportReporter -->
<testsuite hostname="OB-Yogesh" failures="0" tests="1" name="tests.ScriptEditVATFlatP_DefaultProfile" time="56.807" errors="0" timestamp="2021-03-27T00:28:50 IST" skipped="0">
  <testcase classname="tests.ScriptEditVATFlatP_DefaultProfile" name="GoToUrlAssertUrlPositiveEnterUserNamePositiveEnterPasswordClickLoginButtonGoToUrlAssertUrlCl3" time="56.807"/>
  <system-out/>
</testsuite> <!-- tests.ScriptEditVATFlatP_DefaultProfile -->
