<?xml version="1.0" encoding="UTF-8"?>
<!-- Generated by org.testng.reporters.JUnitReportReporter -->
<testsuite hostname="OB-Sum" failures="0" tests="2" name="tests.BalanceSheet_Bf.TC_59_BSBFCurrentAsset14101450_DefaultProfile" time="241.416" errors="0" timestamp="2022-02-25T15:38:47 IST" skipped="0">
  <testcase classname="tests.BalanceSheet_Bf.TC_59_BSBFCurrentAsset14101450_DefaultProfile" name="GoToUrlAssertUrlPositiveEnternLOGINPositiveEnternPASSClickLoginGoToUrlAssertUrlClickAgentsP1" time="129.991"/>
  <system-out>
    <![CDATA[Accounting Period Status : Account UnClosed 
Accounting Period Status : Account UnLocked
ledger 1 entered :1410 - Unbanked Deposits
ledger 2 entered :1411 - Short Term Loans
ledger 3 entered :1450 - Long Term Debtors
ledger 4 entered :1400 - Default Bank
Accounting Period Status :- Account period closed
Ledger code verified: Unbanked Deposits
Amount enter verified: 1,000.00
Ledger code verified: Short Term Loans
Amount enter verified: 1,100.00
Ledger code verified: Long Term Debtors
Amount enter verified: 1,200.00
Enteries are Verified on Balance Sheet Report page :]]>
  </system-out>
  <testcase classname="tests.BalanceSheet_Bf.TC_59_BSBFCurrentAsset14101450_DefaultProfile" name="GoToUrlAssertUrlPositiveEnternLOGINPositiveEnternPASSClickLoginGoToUrlAssertUrlClickAgentsP3" time="111.425"/>
  <system-out>
    <![CDATA[Accounting Period Status : Account UnClosed 
Accounting Period Status : Account UnLocked
Accounting Period Status :- Account period closed]]>
  </system-out>
</testsuite> <!-- tests.BalanceSheet_Bf.TC_59_BSBFCurrentAsset14101450_DefaultProfile -->
