<?xml version="1.0" encoding="UTF-8"?>
<!-- Generated by org.testng.reporters.JUnitReportReporter -->
<testsuite hostname="OB-Sum" failures="0" tests="1" name="PartialReconcileForSupplierBillFlatToStand.ScriptPostVATReturn1stVATReturnReport_DefaultProfile" time="50.726" errors="0" timestamp="2021-12-19T01:41:00 IST" skipped="0">
  <testcase classname="PartialReconcileForSupplierBillFlatToStand.ScriptPostVATReturn1stVATReturnReport_DefaultProfile" name="GoToUrlAssertUrlPositiveEnterUserNamePositiveEnterPasswordClickLoginButtonGoToUrlAssertUrlCl" time="50.726"/>
  <system-out/>
</testsuite> <!-- PartialReconcileForSupplierBillFlatToStand.ScriptPostVATReturn1stVATReturnReport_DefaultProfile -->
