<?xml version="1.0" encoding="UTF-8"?>
<!-- Generated by org.testng.reporters.JUnitReportReporter -->
<testsuite hostname="OB-Sum" failures="0" tests="9" name="tests.Bank_Multicurrency.tr_StandardSchem_Receivedamt" time="476.713" errors="0" timestamp="2021-12-02T22:08:54 IST" skipped="0">
  <testcase classname="tests.Bank_Multicurrency.tr_StandardSchem_Receivedamt" name="nidbanktrnGoToUrlAssertUrlPositiveEnternLOGINPositiveEnternPASSClickLoginGoToUrlAssertUrlCl6" time="55.703"/>
  <system-out/>
  <testcase classname="tests.Bank_Multicurrency.tr_StandardSchem_Receivedamt" name="nidbanktrnGoToUrlAssertUrlPositiveEnternLOGINPositiveEnternPASSClickLoginGoToUrlAssertUrlCl1" time="53.925"/>
  <system-out/>
  <testcase classname="tests.Bank_Multicurrency.tr_StandardSchem_Receivedamt" name="nidbanktrnGoToUrlAssertUrlPositiveEnternLOGINPositiveEnternPASSClickLoginGoToUrlAssertUrlCl2" time="55.203"/>
  <system-out/>
  <testcase classname="tests.Bank_Multicurrency.tr_StandardSchem_Receivedamt" name="nidbanktrnGoToUrlAssertUrlPositiveEnternLOGINPositiveEnternPASSClickLoginGoToUrlAssertUrlCl9" time="55.846"/>
  <system-out/>
  <testcase classname="tests.Bank_Multicurrency.tr_StandardSchem_Receivedamt" name="nidbanktrnGoToUrlAssertUrlPositiveEnternLOGINPositiveEnternPASSClickLoginGoToUrlAssertUrlCl5" time="54.387"/>
  <system-out/>
  <testcase classname="tests.Bank_Multicurrency.tr_StandardSchem_Receivedamt" name="nidbanktrnGoToUrlAssertUrlPositiveEnternLOGINPositiveEnternPASSClickLoginGoToUrlAssertUrlCl7" time="55.878"/>
  <system-out/>
  <testcase classname="tests.Bank_Multicurrency.tr_StandardSchem_Receivedamt" name="nidbanktrnGoToUrlAssertUrlPositiveEnternLOGINPositiveEnternPASSClickLoginGoToUrlAssertUrlC_setting2" time="37.733"/>
  <system-out/>
  <testcase classname="tests.Bank_Multicurrency.tr_StandardSchem_Receivedamt" name="nidbanktrnGoToUrlAssertUrlPositiveEnternLOGINPositiveEnternPASSClickLoginGoToUrlAssertUrlCl3" time="54.664"/>
  <system-out/>
  <testcase classname="tests.Bank_Multicurrency.tr_StandardSchem_Receivedamt" name="nidbanktrnGoToUrlAssertUrlPositiveEnternLOGINPositiveEnternPASSClickLoginGoToUrlAssertUrlCl8" time="53.374"/>
  <system-out/>
</testsuite> <!-- tests.Bank_Multicurrency.tr_StandardSchem_Receivedamt -->
