<?xml version="1.0" encoding="UTF-8"?>
<!-- Generated by org.testng.reporters.JUnitReportReporter -->
<testsuite hostname="OB-Sum" failures="0" tests="1" name="VAT3.FullREC_F2_Standard.Supplier_SupplierBill_StoF__1_1" time="104.867" errors="0" timestamp="2021-11-25T18:57:29 IST" skipped="0">
  <testcase classname="VAT3.FullREC_F2_Standard.Supplier_SupplierBill_StoF__1_1" name="GoToUrlAssertUrlPositiveEnternLOGINPositiveEnternPASSClickLoginGoToUrlAssertUrlClickAgentsP7" time="104.867"/>
  <system-out/>
</testsuite> <!-- VAT3.FullREC_F2_Standard.Supplier_SupplierBill_StoF__1_1 -->
