<?xml version="1.0" encoding="UTF-8"?>
<!-- Generated by org.testng.reporters.JUnitReportReporter -->
<testsuite hostname="OB-Sum" failures="0" tests="1" name="test.PartialReconcilationforOnlyFlatthroughJournalEntry.ScriptEditSettingToVATType_DefaultProfile" time="55.724" errors="0" timestamp="2021-12-09T11:24:15 IST" skipped="0">
  <testcase classname="test.PartialReconcilationforOnlyFlatthroughJournalEntry.ScriptEditSettingToVATType_DefaultProfile" name="GoToUrlAssertUrlPositiveEnterUserNamePositiveEnterPasswordClickLoginButtonGoToUrlAssertUrlCl2" time="55.724"/>
  <system-out/>
</testsuite> <!-- test.PartialReconcilationforOnlyFlatthroughJournalEntry.ScriptEditSettingToVATType_DefaultProfile -->
