<?xml version="1.0" encoding="UTF-8"?>
<!-- Generated by org.testng.reporters.JUnitReportReporter -->
<testsuite hostname="OB-Sum" failures="0" tests="1" name="Test_Income.Test_Newjob_Edit_TC02" time="40.430" errors="0" timestamp="2021-11-11T20:51:38 IST" skipped="0">
  <testcase classname="Test_Income.Test_Newjob_Edit_TC02" name="ClickNew1ClickNewJob2ClickAddJob3PositiveEnterJobName4EnterJobNo5PositiveSelectJobStatus6ClicEditJob_TC02" time="40.430"/>
  <system-out/>
</testsuite> <!-- Test_Income.Test_Newjob_Edit_TC02 -->
