<?xml version="1.0" encoding="UTF-8"?>
<!-- Generated by org.testng.reporters.JUnitReportReporter -->
<testsuite hostname="OB-Yogesh" failures="0" tests="1" name="test.AdvanceReconcilationFLATTOSTAND.ScriptFlatToFlatPercentage_DefaultProfile" time="58.010" errors="0" timestamp="2021-04-02T20:26:41 IST" skipped="0">
  <testcase classname="test.AdvanceReconcilationFLATTOSTAND.ScriptFlatToFlatPercentage_DefaultProfile" name="GoToUrlAssertUrlPositiveEnterUserNamePositiveEnterPasswordClickLoginButtonGoToUrlAssertUrlCl1" time="58.010"/>
  <system-out/>
</testsuite> <!-- test.AdvanceReconcilationFLATTOSTAND.ScriptFlatToFlatPercentage_DefaultProfile -->
