<?xml version="1.0" encoding="UTF-8"?>
<!-- Generated by org.testng.reporters.JUnitReportReporter -->
<testsuite hostname="OB-Sum" failures="0" tests="6" name="VATPhase3_Banking_allocateToExp.BankingTr_VATPH3_FlatToNoVATDefaultProfile_3" time="239.900" errors="0" timestamp="2021-12-19T01:41:01 IST" skipped="0">
  <testcase classname="VATPhase3_Banking_allocateToExp.BankingTr_VATPH3_FlatToNoVATDefaultProfile_3" name="GoToUrlAssertUrlPositiveEnternLOGINPositiveEnternPASSClickLoginGoToUrlAssertUrlClickAgentsP5" time="40.483"/>
  <system-out/>
  <testcase classname="VATPhase3_Banking_allocateToExp.BankingTr_VATPH3_FlatToNoVATDefaultProfile_3" name="GoToUrlAssertUrlPositiveEnternLOGINPositiveEnternPASSClickLoginGoToUrlAssertUrlClickAgentsP6" time="38.016"/>
  <system-out/>
  <testcase classname="VATPhase3_Banking_allocateToExp.BankingTr_VATPH3_FlatToNoVATDefaultProfile_3" name="GoToUrlAssertUrlPositiveEnternLOGINPositiveEnternPASSClickLoginGoToUrlAssertUrlClickAgentsP1" time="39.341"/>
  <system-out/>
  <testcase classname="VATPhase3_Banking_allocateToExp.BankingTr_VATPH3_FlatToNoVATDefaultProfile_3" name="GoToUrlAssertUrlPositiveEnternLOGINPositiveEnternPASSClickLoginGoToUrlAssertUrlClickAgentsP4" time="39.234"/>
  <system-out/>
  <testcase classname="VATPhase3_Banking_allocateToExp.BankingTr_VATPH3_FlatToNoVATDefaultProfile_3" name="GoToUrlAssertUrlPositiveEnternLOGINPositiveEnternPASSClickLoginGoToUrlAssertUrlClickAgentsP2" time="42.915"/>
  <system-out/>
  <testcase classname="VATPhase3_Banking_allocateToExp.BankingTr_VATPH3_FlatToNoVATDefaultProfile_3" name="GoToUrlAssertUrlPositiveEnternLOGINPositiveEnternPASSClickLoginGoToUrlAssertUrlClickAgentsP3" time="39.911"/>
  <system-out/>
</testsuite> <!-- VATPhase3_Banking_allocateToExp.BankingTr_VATPH3_FlatToNoVATDefaultProfile_3 -->
