<?xml version="1.0" encoding="UTF-8"?>
<!-- Generated by org.testng.reporters.JUnitReportReporter -->
<testsuite hostname="OB-Sum" failures="0" tests="6" name="VAT3_UnReconciled_STOF.UN_SupplierBill_StoF__Default1" time="286.822" errors="0" timestamp="2021-11-26T18:47:54 IST" skipped="0">
  <testcase classname="VAT3_UnReconciled_STOF.UN_SupplierBill_StoF__Default1" name="GoToUrlAssertUrlPositiveEnternLOGINPositiveEnternPASSClickLoginGoToUrlAssertUrlClickAgentsP7" time="47.412"/>
  <system-out/>
  <testcase classname="VAT3_UnReconciled_STOF.UN_SupplierBill_StoF__Default1" name="GoToUrlAssertUrlPositiveEnternLOGINPositiveEnternPASSClickLoginGoToUrlAssertUrlClickAgentsP2" time="48.098"/>
  <system-out/>
  <testcase classname="VAT3_UnReconciled_STOF.UN_SupplierBill_StoF__Default1" name="GoToUrlAssertUrlPositiveEnternLOGINPositiveEnternPASSClickLoginGoToUrlAssertUrlClickAgentsP1" time="47.759"/>
  <system-out/>
  <testcase classname="VAT3_UnReconciled_STOF.UN_SupplierBill_StoF__Default1" name="GoToUrlAssertUrlPositiveEnternLOGINPositiveEnternPASSClickLoginGoToUrlAssertUrlClickAgentsP5" time="48.776"/>
  <system-out/>
  <testcase classname="VAT3_UnReconciled_STOF.UN_SupplierBill_StoF__Default1" name="GoToUrlAssertUrlPositiveEnternLOGINPositiveEnternPASSClickLoginGoToUrlAssertUrlClickAgentsP6" time="47.247"/>
  <system-out/>
  <testcase classname="VAT3_UnReconciled_STOF.UN_SupplierBill_StoF__Default1" name="GoToUrlAssertUrlPositiveEnternLOGINPositiveEnternPASSClickLoginGoToUrlAssertUrlClickAgentsP9" time="47.530"/>
  <system-out/>
</testsuite> <!-- VAT3_UnReconciled_STOF.UN_SupplierBill_StoF__Default1 -->
