<?xml version="1.0" encoding="UTF-8"?>
<!-- Generated by org.testng.reporters.JUnitReportReporter -->
<testsuite hostname="OB-Sum" failures="0" tests="1" name="test.FlatToFlatPer.ScriptVATReturn2stVATReturnReport_FlatToFlatP_DefaultProfile" time="67.097" errors="0" timestamp="2021-12-09T11:24:15 IST" skipped="0">
  <testcase classname="test.FlatToFlatPer.ScriptVATReturn2stVATReturnReport_FlatToFlatP_DefaultProfile" name="GoToUrlAssertUrlPositiveEnterUserNamePositiveEnterPasswordClickLoginButtonGoToUrlAssertUrlCl" time="67.097"/>
  <system-out/>
</testsuite> <!-- test.FlatToFlatPer.ScriptVATReturn2stVATReturnReport_FlatToFlatP_DefaultProfile -->
