<?xml version="1.0" encoding="UTF-8"?>
<!-- Generated by org.testng.reporters.JUnitReportReporter -->
<testsuite hostname="OB-Sum" failures="0" tests="6" name="VATPhase3_Banking_ToSale.BankingTr_VATPH3_FlatToFlatPerDefaultProfile_5" time="236.714" errors="0" timestamp="2021-12-19T01:41:01 IST" skipped="0">
  <testcase classname="VATPhase3_Banking_ToSale.BankingTr_VATPH3_FlatToFlatPerDefaultProfile_5" name="GoToUrlAssertUrlPositiveEnternLOGINPositiveEnternPASSClickLoginGoToUrlAssertUrlClickAgentsP3" time="39.887"/>
  <system-out/>
  <testcase classname="VATPhase3_Banking_ToSale.BankingTr_VATPH3_FlatToFlatPerDefaultProfile_5" name="GoToUrlAssertUrlPositiveEnternLOGINPositiveEnternPASSClickLoginGoToUrlAssertUrlClickAgentsP4" time="40.317"/>
  <system-out/>
  <testcase classname="VATPhase3_Banking_ToSale.BankingTr_VATPH3_FlatToFlatPerDefaultProfile_5" name="GoToUrlAssertUrlPositiveEnternLOGINPositiveEnternPASSClickLoginGoToUrlAssertUrlClickAgentsP5" time="38.804"/>
  <system-out/>
  <testcase classname="VATPhase3_Banking_ToSale.BankingTr_VATPH3_FlatToFlatPerDefaultProfile_5" name="GoToUrlAssertUrlPositiveEnternLOGINPositiveEnternPASSClickLoginGoToUrlAssertUrlClickAgentsP6" time="38.785"/>
  <system-out/>
  <testcase classname="VATPhase3_Banking_ToSale.BankingTr_VATPH3_FlatToFlatPerDefaultProfile_5" name="GoToUrlAssertUrlPositiveEnternLOGINPositiveEnternPASSClickLoginGoToUrlAssertUrlClickAgentsP2" time="39.226"/>
  <system-out/>
  <testcase classname="VATPhase3_Banking_ToSale.BankingTr_VATPH3_FlatToFlatPerDefaultProfile_5" name="GoToUrlAssertUrlPositiveEnternLOGINPositiveEnternPASSClickLoginGoToUrlAssertUrlClickAgentsP1" time="39.695"/>
  <system-out/>
</testsuite> <!-- VATPhase3_Banking_ToSale.BankingTr_VATPH3_FlatToFlatPerDefaultProfile_5 -->
