<?xml version="1.0" encoding="UTF-8"?>
<!-- Generated by org.testng.reporters.JUnitReportReporter -->
<testsuite hostname="OB-Sum" failures="0" tests="6" name="VAT2.F2NOVAT.F2noVat_SaleInToReconcile_1" time="544.419" errors="0" timestamp="2021-12-19T01:40:59 IST" skipped="0">
  <testcase classname="VAT2.F2NOVAT.F2noVat_SaleInToReconcile_1" name="GoToUrlAssertUrlPositiveEnternLOGINPositiveEnternPASSClickLoginGoToUrlAssertUrlClickAgentsP6" time="91.367"/>
  <system-out/>
  <testcase classname="VAT2.F2NOVAT.F2noVat_SaleInToReconcile_1" name="GoToUrlAssertUrlPositiveEnternLOGINPositiveEnternPASSClickLoginGoToUrlAssertUrlClickAgentsP7" time="92.940"/>
  <system-out/>
  <testcase classname="VAT2.F2NOVAT.F2noVat_SaleInToReconcile_1" name="GoToUrlAssertUrlPositiveEnternLOGINPositiveEnternPASSClickLoginGoToUrlAssertUrlClickAgentsP4" time="91.627"/>
  <system-out/>
  <testcase classname="VAT2.F2NOVAT.F2noVat_SaleInToReconcile_1" name="GoToUrlAssertUrlPositiveEnternLOGINPositiveEnternPASSClickLoginGoToUrlAssertUrlClickAgentsP2" time="90.770"/>
  <system-out/>
  <testcase classname="VAT2.F2NOVAT.F2noVat_SaleInToReconcile_1" name="GoToUrlAssertUrlPositiveEnternLOGINPositiveEnternPASSClickLoginGoToUrlAssertUrlClickAgentsP5" time="89.808"/>
  <system-out/>
  <testcase classname="VAT2.F2NOVAT.F2noVat_SaleInToReconcile_1" name="GoToUrlAssertUrlPositiveEnternLOGINPositiveEnternPASSClickLoginGoToUrlAssertUrlClickAgentsP1" time="87.907"/>
  <system-out/>
</testsuite> <!-- VAT2.F2NOVAT.F2noVat_SaleInToReconcile_1 -->
