<?xml version="1.0" encoding="UTF-8"?>
<!-- Generated by org.testng.reporters.JUnitReportReporter -->
<testsuite hostname="OB-Sum" failures="0" tests="3" name="Test_Balance_RE_Jour_Bank_Supp_3.TC_13_3_BS_FixedAsset_285_To_289_With_Journal_Bank_Supplier" time="294.309" errors="0" timestamp="2022-02-19T09:42:02 IST" skipped="0">
  <testcase classname="Test_Balance_RE_Jour_Bank_Supp_3.TC_13_3_BS_FixedAsset_285_To_289_With_Journal_Bank_Supplier" name="GoToUrlAssertUrlPositiveEnternLOGINPositiveEnternPASSClickLoginGoToUrlAssertUrlClickAgentsP3" time="114.022"/>
  <system-out/>
  <testcase classname="Test_Balance_RE_Jour_Bank_Supp_3.TC_13_3_BS_FixedAsset_285_To_289_With_Journal_Bank_Supplier" name="GoToUrlAssertUrlPositiveEnternLOGINPositiveEnternPASSClickLoginGoToUrlAssertUrlClickAgentsP1" time="59.406"/>
  <system-out>
    <![CDATA[ledger 1 entered :285 - Motor Vehicle Depreciation B/Fwd
ledger 2 entered :286 - Motor Vehicle Depreciation Disposal
ledger 3 entered :287 - Motor Vehicle Depreciation Revaluations
ledger 4 entered :288 - Motor Vehicle Depreciation Transfers
ledger 5 entered :289 - Motor Vehicle Depreciation Charge
Ledger code verified: Motor Vehicle Depreciation B/Fwd
Amount enter verified: 1,000.00
Ledger code verified: Motor Vehicle Depreciation Disposal
Amount enter verified: 1,000.00
Ledger code verified: Motor Vehicle Depreciation Revaluations
Amount enter verified: 1,000.00
Ledger code verified: Motor Vehicle Depreciation Transfers
Amount enter verified: 1,000.00
Ledger code verified: Motor Vehicle Depreciation Charge
Amount enter verified: (4,000.00)
Enteries are Verified on Balance Sheet Report page :]]>
  </system-out>
  <testcase classname="Test_Balance_RE_Jour_Bank_Supp_3.TC_13_3_BS_FixedAsset_285_To_289_With_Journal_Bank_Supplier" name="GoToUrlAssertUrlPositiveEnternLOGINPositiveEnternPASSClickLoginGoToUrlAssertUrlClickAgentsP2" time="120.881"/>
  <system-out/>
</testsuite> <!-- Test_Balance_RE_Jour_Bank_Supp_3.TC_13_3_BS_FixedAsset_285_To_289_With_Journal_Bank_Supplier -->
