<?xml version="1.0" encoding="UTF-8"?>
<!-- Generated by org.testng.reporters.JUnitReportReporter -->
<testsuite hostname="OB-Sum" failures="0" tests="1" name="tests.ScriptPostVATReturn2stVATReturnReport_SToNOVAT_DefaultProfile" time="73.397" errors="0" timestamp="2022-02-06T06:55:30 IST" skipped="0">
  <testcase classname="tests.ScriptPostVATReturn2stVATReturnReport_SToNOVAT_DefaultProfile" name="GoToUrlAssertUrlPositiveEnterUserNamePositiveEnterPasswordClickLoginButtonGoToUrlAssertUrlCl" time="73.397"/>
  <system-out/>
</testsuite> <!-- tests.ScriptPostVATReturn2stVATReturnReport_SToNOVAT_DefaultProfile -->
