<?xml version="1.0" encoding="UTF-8"?>
<!-- Generated by org.testng.reporters.JUnitReportReporter -->
<testsuite hostname="OB-Sum" failures="0" tests="1" name="VATPhase3_Banking_ToSale.Script_FlatToStand_PostVATReturn1stVATReturnReport_DefaultProfile_2" time="48.684" errors="0" timestamp="2021-12-19T01:40:58 IST" skipped="0">
  <testcase classname="VATPhase3_Banking_ToSale.Script_FlatToStand_PostVATReturn1stVATReturnReport_DefaultProfile_2" name="GoToUrlAssertUrlPositiveEnterUserNamePositiveEnterPasswordClickLoginButtonGoToUrlAssertUrlCl" time="48.684"/>
  <system-out/>
</testsuite> <!-- VATPhase3_Banking_ToSale.Script_FlatToStand_PostVATReturn1stVATReturnReport_DefaultProfile_2 -->
