<?xml version="1.0" encoding="UTF-8"?>
<!-- Generated by org.testng.reporters.JUnitReportReporter -->
<testsuite hostname="OB-Sum" failures="0" tests="6" name="VAT2.S2F.SaleInToReconcile_DefaultProfile_StoF_Cus" time="553.573" errors="0" timestamp="2021-12-01T04:35:03 IST" skipped="0">
  <testcase classname="VAT2.S2F.SaleInToReconcile_DefaultProfile_StoF_Cus" name="GoToUrlAssertUrlPositiveEnternLOGINPositiveEnternPASSClickLoginGoToUrlAssertUrlClickAgentsP5" time="91.381"/>
  <system-out/>
  <testcase classname="VAT2.S2F.SaleInToReconcile_DefaultProfile_StoF_Cus" name="GoToUrlAssertUrlPositiveEnternLOGINPositiveEnternPASSClickLoginGoToUrlAssertUrlClickAgentsP3" time="92.990"/>
  <system-out/>
  <testcase classname="VAT2.S2F.SaleInToReconcile_DefaultProfile_StoF_Cus" name="GoToUrlAssertUrlPositiveEnternLOGINPositiveEnternPASSClickLoginGoToUrlAssertUrlClickAgentsP1" time="92.460"/>
  <system-out/>
  <testcase classname="VAT2.S2F.SaleInToReconcile_DefaultProfile_StoF_Cus" name="GoToUrlAssertUrlPositiveEnternLOGINPositiveEnternPASSClickLoginGoToUrlAssertUrlClickAgentsP2" time="91.690"/>
  <system-out/>
  <testcase classname="VAT2.S2F.SaleInToReconcile_DefaultProfile_StoF_Cus" name="GoToUrlAssertUrlPositiveEnternLOGINPositiveEnternPASSClickLoginGoToUrlAssertUrlClickAgentsP6" time="92.878"/>
  <system-out/>
  <testcase classname="VAT2.S2F.SaleInToReconcile_DefaultProfile_StoF_Cus" name="GoToUrlAssertUrlPositiveEnternLOGINPositiveEnternPASSClickLoginGoToUrlAssertUrlClickAgentsP4" time="92.174"/>
  <system-out/>
</testsuite> <!-- VAT2.S2F.SaleInToReconcile_DefaultProfile_StoF_Cus -->
