<?xml version="1.0" encoding="UTF-8"?>
<!-- Generated by org.testng.reporters.JUnitReportReporter -->
<testsuite hostname="OB-Sum" failures="0" tests="1" name="ExpenceRemFlatToStand.ScriptEditSettingToVATType_DefaultProfile" time="52.388" errors="0" timestamp="2021-12-19T01:41:02 IST" skipped="0">
  <testcase classname="ExpenceRemFlatToStand.ScriptEditSettingToVATType_DefaultProfile" name="GoToUrlAssertUrlPositiveEnterUserNamePositiveEnterPasswordClickLoginButtonGoToUrlAssertUrlCl2" time="52.388"/>
  <system-out/>
</testsuite> <!-- ExpenceRemFlatToStand.ScriptEditSettingToVATType_DefaultProfile -->
