<?xml version="1.0" encoding="UTF-8"?>
<!-- Generated by org.testng.reporters.JUnitReportReporter -->
<testsuite hostname="OB-Sum" failures="0" tests="8" name="Test_Income.TestViewQuotes_UserStories" time="353.482" errors="0" timestamp="2021-11-11T20:51:38 IST" skipped="0">
  <testcase classname="Test_Income.TestViewQuotes_UserStories" name="ClickView1ClickViewQuotes2ClickQuote3AddNewQuaoteClickThreeDot4ClickEmail5ClickMyselfgmailcom6_TC07" time="43.180"/>
  <system-out/>
  <testcase classname="Test_Income.TestViewQuotes_UserStories" name="ClickView1ClickViewQuotes2ClickQuote3AddNewQuaoteClickThreeDot4ClickEmail5ClickMyselfgmailcom6_TC08" time="50.255"/>
  <system-out/>
  <testcase classname="Test_Income.TestViewQuotes_UserStories" name="ClickView1ClickViewQuotes2ClickQuote3AddNewQuaoteClickThreeDot4ClickEmail5ClickMyselfgmailcom6_TC04" time="40.951"/>
  <system-out/>
  <testcase classname="Test_Income.TestViewQuotes_UserStories" name="ClickView1ClickViewQuotes2ClickQuote3AddNewQuaoteClickThreeDot4ClickEmail5ClickMyselfgmailcom6_TC06" time="44.030"/>
  <system-out/>
  <testcase classname="Test_Income.TestViewQuotes_UserStories" name="ClickView1ClickViewQuotes2ClickQuote3AddNewQuaoteClickThreeDot4ClickEmail5ClickMyselfgmailcom6_TC05" time="42.456"/>
  <system-out/>
  <testcase classname="Test_Income.TestViewQuotes_UserStories" name="ClickView1ClickViewQuotes2ClickQuote3AddNewQuaoteClickThreeDot4ClickEmail5ClickMyselfgmailcom6_TC03" time="44.603"/>
  <system-out/>
  <testcase classname="Test_Income.TestViewQuotes_UserStories" name="ClickView1ClickViewQuotes2ClickQuote3AddNewQuaoteClickThreeDot4ClickEmail5ClickMyselfgmailcom6_TC01" time="40.323"/>
  <system-out/>
  <testcase classname="Test_Income.TestViewQuotes_UserStories" name="ClickView1ClickViewQuotes2ClickQuote3AddNewQuaoteClickThreeDot4ClickEmail5ClickMyselfgmailcom6_TC02" time="47.684"/>
  <system-out/>
</testsuite> <!-- Test_Income.TestViewQuotes_UserStories -->
