<?xml version="1.0" encoding="UTF-8"?>
<!-- Generated by org.testng.reporters.JUnitReportReporter -->
<testsuite hostname="OB-Sum" failures="0" tests="1" name="VATPhase3_Banking_allocateToExp.Script_FlatToStand_VATReturn3stVATReturnReport_DefaultProfile_2" time="45.667" errors="0" timestamp="2021-12-19T01:41:00 IST" skipped="0">
  <testcase classname="VATPhase3_Banking_allocateToExp.Script_FlatToStand_VATReturn3stVATReturnReport_DefaultProfile_2" name="GoToUrlAssertUrlPositiveEnterUserNamePositiveEnterPasswordClickLoginButtonGoToUrlAssertUrlCl" time="45.667"/>
  <system-out/>
</testsuite> <!-- VATPhase3_Banking_allocateToExp.Script_FlatToStand_VATReturn3stVATReturnReport_DefaultProfile_2 -->
