<?xml version="1.0" encoding="UTF-8"?>
<!-- Generated by org.testng.reporters.JUnitReportReporter -->
<testsuite hostname="OB-Sum" failures="0" tests="2" name="VAT3_InvoiceUnreconcileCases.ScriptVATOnlyInvoiceStandToFlat_DefaultProfile_5" time="109.791" errors="0" timestamp="2021-11-25T12:11:12 IST" skipped="0">
  <testcase classname="VAT3_InvoiceUnreconcileCases.ScriptVATOnlyInvoiceStandToFlat_DefaultProfile_5" name="GoToUrlAssertUrlPositiveEnterUserNamePositiveEnterPasswordClickLoginButtonGoToUrlAssertUrlCl2" time="56.621"/>
  <system-out/>
  <testcase classname="VAT3_InvoiceUnreconcileCases.ScriptVATOnlyInvoiceStandToFlat_DefaultProfile_5" name="GoToUrlAssertUrlPositiveEnterUserNamePositiveEnterPasswordClickLoginButtonGoToUrlAssertUrlCl1" time="53.170"/>
  <system-out/>
</testsuite> <!-- VAT3_InvoiceUnreconcileCases.ScriptVATOnlyInvoiceStandToFlat_DefaultProfile_5 -->
