<?xml version="1.0" encoding="UTF-8"?>
<!-- Generated by org.testng.reporters.JUnitReportReporter -->
<testsuite hostname="OB-Sum" failures="0" tests="6" name="VAT3_InvoiceUnreconcileCases.ScriptSaleCreditNoteStandToFlat_DefaultProfile_3" time="404.939" errors="0" timestamp="2021-11-13T14:01:26 IST" skipped="0">
  <testcase classname="VAT3_InvoiceUnreconcileCases.ScriptSaleCreditNoteStandToFlat_DefaultProfile_3" name="GoToUrlAssertUrlPositiveEnterUserNamePositiveEnterPasswordClickLoginButtonGoToUrlAssertUrlCl6" time="68.108"/>
  <system-out/>
  <testcase classname="VAT3_InvoiceUnreconcileCases.ScriptSaleCreditNoteStandToFlat_DefaultProfile_3" name="GoToUrlAssertUrlPositiveEnterUserNamePositiveEnterPasswordClickLoginButtonGoToUrlAssertUrlCl3" time="67.385"/>
  <system-out/>
  <testcase classname="VAT3_InvoiceUnreconcileCases.ScriptSaleCreditNoteStandToFlat_DefaultProfile_3" name="GoToUrlAssertUrlPositiveEnterUserNamePositiveEnterPasswordClickLoginButtonGoToUrlAssertUrlCl4" time="66.381"/>
  <system-out/>
  <testcase classname="VAT3_InvoiceUnreconcileCases.ScriptSaleCreditNoteStandToFlat_DefaultProfile_3" name="GoToUrlAssertUrlPositiveEnterUserNamePositiveEnterPasswordClickLoginButtonGoToUrlAssertUrlCl1" time="68.672"/>
  <system-out/>
  <testcase classname="VAT3_InvoiceUnreconcileCases.ScriptSaleCreditNoteStandToFlat_DefaultProfile_3" name="GoToUrlAssertUrlPositiveEnterUserNamePositiveEnterPasswordClickLoginButtonGoToUrlAssertUrlCl5" time="66.948"/>
  <system-out/>
  <testcase classname="VAT3_InvoiceUnreconcileCases.ScriptSaleCreditNoteStandToFlat_DefaultProfile_3" name="GoToUrlAssertUrlPositiveEnterUserNamePositiveEnterPasswordClickLoginButtonGoToUrlAssertUrlCl2" time="67.445"/>
  <system-out/>
</testsuite> <!-- VAT3_InvoiceUnreconcileCases.ScriptSaleCreditNoteStandToFlat_DefaultProfile_3 -->
