<?xml version="1.0" encoding="UTF-8"?>
<!-- Generated by org.testng.reporters.JUnitReportReporter -->
<testsuite hostname="OB-Sum" failures="0" tests="6" name="VAT3_SupplierPartialReconcile.SaleInToPartialReconcile_DebitNote_DefaultProfile_2" time="453.471" errors="0" timestamp="2021-11-25T12:11:10 IST" skipped="0">
  <testcase classname="VAT3_SupplierPartialReconcile.SaleInToPartialReconcile_DebitNote_DefaultProfile_2" name="GoToUrlAssertUrlPositiveEnternLOGINPositiveEnternPASSClickLoginGoToUrlAssertUrlClickAgentsP2" time="76.216"/>
  <system-out/>
  <testcase classname="VAT3_SupplierPartialReconcile.SaleInToPartialReconcile_DebitNote_DefaultProfile_2" name="GoToUrlAssertUrlPositiveEnternLOGINPositiveEnternPASSClickLoginGoToUrlAssertUrlClickAgentsP3" time="78.690"/>
  <system-out/>
  <testcase classname="VAT3_SupplierPartialReconcile.SaleInToPartialReconcile_DebitNote_DefaultProfile_2" name="GoToUrlAssertUrlPositiveEnternLOGINPositiveEnternPASSClickLoginGoToUrlAssertUrlClickAgentsP5" time="76.036"/>
  <system-out/>
  <testcase classname="VAT3_SupplierPartialReconcile.SaleInToPartialReconcile_DebitNote_DefaultProfile_2" name="GoToUrlAssertUrlPositiveEnternLOGINPositiveEnternPASSClickLoginGoToUrlAssertUrlClickAgentsP6" time="76.205"/>
  <system-out/>
  <testcase classname="VAT3_SupplierPartialReconcile.SaleInToPartialReconcile_DebitNote_DefaultProfile_2" name="GoToUrlAssertUrlPositiveEnternLOGINPositiveEnternPASSClickLoginGoToUrlAssertUrlClickAgentsP4" time="75.768"/>
  <system-out/>
  <testcase classname="VAT3_SupplierPartialReconcile.SaleInToPartialReconcile_DebitNote_DefaultProfile_2" name="GoToUrlAssertUrlPositiveEnternLOGINPositiveEnternPASSClickLoginGoToUrlAssertUrlClickAgentsP1" time="70.556"/>
  <system-out/>
</testsuite> <!-- VAT3_SupplierPartialReconcile.SaleInToPartialReconcile_DebitNote_DefaultProfile_2 -->
