<?xml version="1.0" encoding="UTF-8"?>
<!-- Generated by org.testng.reporters.JUnitReportReporter -->
<testsuite hostname="OB-Sum" failures="0" tests="1" name="VAT3_InvoiceAdvanceReconcile.ScriptPostVATReturn2stVATReturnReport_DefaultProfilePartioalReconcile_2" time="75.329" errors="0" timestamp="2021-11-25T18:57:28 IST" skipped="0">
  <testcase classname="VAT3_InvoiceAdvanceReconcile.ScriptPostVATReturn2stVATReturnReport_DefaultProfilePartioalReconcile_2" name="GoToUrlAssertUrlPositiveEnterUserNamePositiveEnterPasswordClickLoginButtonGoToUrlAssertUrlCl" time="75.329"/>
  <system-out/>
</testsuite> <!-- VAT3_InvoiceAdvanceReconcile.ScriptPostVATReturn2stVATReturnReport_DefaultProfilePartioalReconcile_2 -->
