<?xml version="1.0" encoding="UTF-8"?>
<!-- Generated by org.testng.reporters.JUnitReportReporter -->
<testsuite hostname="OB-Sum" failures="0" tests="6" name="VATPhase3_Banking_ToSale.BankingTr_VATPH3_FlatToStandDefaultProfile_2" time="290.905" errors="0" timestamp="2022-02-06T06:55:35 IST" skipped="0">
  <testcase classname="VATPhase3_Banking_ToSale.BankingTr_VATPH3_FlatToStandDefaultProfile_2" name="GoToUrlAssertUrlPositiveEnternLOGINPositiveEnternPASSClickLoginGoToUrlAssertUrlClickAgentsP4" time="47.827"/>
  <system-out/>
  <testcase classname="VATPhase3_Banking_ToSale.BankingTr_VATPH3_FlatToStandDefaultProfile_2" name="GoToUrlAssertUrlPositiveEnternLOGINPositiveEnternPASSClickLoginGoToUrlAssertUrlClickAgentsP5" time="47.433"/>
  <system-out/>
  <testcase classname="VATPhase3_Banking_ToSale.BankingTr_VATPH3_FlatToStandDefaultProfile_2" name="GoToUrlAssertUrlPositiveEnternLOGINPositiveEnternPASSClickLoginGoToUrlAssertUrlClickAgentsP6" time="51.916"/>
  <system-out/>
  <testcase classname="VATPhase3_Banking_ToSale.BankingTr_VATPH3_FlatToStandDefaultProfile_2" name="GoToUrlAssertUrlPositiveEnternLOGINPositiveEnternPASSClickLoginGoToUrlAssertUrlClickAgentsP2" time="48.460"/>
  <system-out/>
  <testcase classname="VATPhase3_Banking_ToSale.BankingTr_VATPH3_FlatToStandDefaultProfile_2" name="GoToUrlAssertUrlPositiveEnternLOGINPositiveEnternPASSClickLoginGoToUrlAssertUrlClickAgentsP1" time="47.157"/>
  <system-out/>
  <testcase classname="VATPhase3_Banking_ToSale.BankingTr_VATPH3_FlatToStandDefaultProfile_2" name="GoToUrlAssertUrlPositiveEnternLOGINPositiveEnternPASSClickLoginGoToUrlAssertUrlClickAgentsP3" time="48.112"/>
  <system-out/>
</testsuite> <!-- VATPhase3_Banking_ToSale.BankingTr_VATPH3_FlatToStandDefaultProfile_2 -->
