<?xml version="1.0" encoding="UTF-8"?>
<!-- Generated by org.testng.reporters.JUnitReportReporter -->
<testsuite hostname="OB-Sum" failures="0" tests="6" name="Supplier_FRSToNoVAT.ScriptDebitNoteFRSToNOVAT_DefaultProfile" time="380.069" errors="0" timestamp="2022-02-06T06:55:33 IST" skipped="0">
  <testcase classname="Supplier_FRSToNoVAT.ScriptDebitNoteFRSToNOVAT_DefaultProfile" name="GoToUrlAssertUrlPositiveEnterUserNamePositiveEnterPasswordClickLoginButtonGoToUrlAssertUrlCl1" time="62.347"/>
  <system-out/>
  <testcase classname="Supplier_FRSToNoVAT.ScriptDebitNoteFRSToNOVAT_DefaultProfile" name="GoToUrlAssertUrlPositiveEnterUserNamePositiveEnterPasswordClickLoginButtonGoToUrlAssertUrlCl4" time="64.408"/>
  <system-out/>
  <testcase classname="Supplier_FRSToNoVAT.ScriptDebitNoteFRSToNOVAT_DefaultProfile" name="GoToUrlAssertUrlPositiveEnterUserNamePositiveEnterPasswordClickLoginButtonGoToUrlAssertUrlCl6" time="64.184"/>
  <system-out/>
  <testcase classname="Supplier_FRSToNoVAT.ScriptDebitNoteFRSToNOVAT_DefaultProfile" name="GoToUrlAssertUrlPositiveEnterUserNamePositiveEnterPasswordClickLoginButtonGoToUrlAssertUrlCl2" time="63.300"/>
  <system-out/>
  <testcase classname="Supplier_FRSToNoVAT.ScriptDebitNoteFRSToNOVAT_DefaultProfile" name="GoToUrlAssertUrlPositiveEnterUserNamePositiveEnterPasswordClickLoginButtonGoToUrlAssertUrlCl5" time="63.495"/>
  <system-out/>
  <testcase classname="Supplier_FRSToNoVAT.ScriptDebitNoteFRSToNOVAT_DefaultProfile" name="GoToUrlAssertUrlPositiveEnterUserNamePositiveEnterPasswordClickLoginButtonGoToUrlAssertUrlCl3" time="62.335"/>
  <system-out/>
</testsuite> <!-- Supplier_FRSToNoVAT.ScriptDebitNoteFRSToNOVAT_DefaultProfile -->
