<?xml version="1.0" encoding="UTF-8"?>
<!-- Generated by org.testng.reporters.JUnitReportReporter -->
<testsuite hostname="OB-Sum" failures="0" tests="1" name="test.FlatToStandard.ScriptFRSTOStandard_DefaultProfile" time="62.657" errors="0" timestamp="2022-02-06T06:55:29 IST" skipped="0">
  <testcase classname="test.FlatToStandard.ScriptFRSTOStandard_DefaultProfile" name="GoToUrlAssertUrlPositiveEnterUserNamePositiveEnterPasswordClickLoginButtonGoToUrlAssertUrlCl" time="62.657"/>
  <system-out/>
</testsuite> <!-- test.FlatToStandard.ScriptFRSTOStandard_DefaultProfile -->
