<?xml version="1.0" encoding="UTF-8"?>
<!-- Generated by org.testng.reporters.JUnitReportReporter -->
<testsuite hostname="OB-Sum" failures="0" tests="2" name="test.FlatToStandard.ScriptVATOnlyInvoice_FlatToStandard_DefaultProfile" time="109.171" errors="0" timestamp="2021-12-09T11:24:15 IST" skipped="0">
  <testcase classname="test.FlatToStandard.ScriptVATOnlyInvoice_FlatToStandard_DefaultProfile" name="GoToUrlAssertUrlPositiveEnterUserNamePositiveEnterPasswordClickLoginButtonGoToUrlAssertUrlCl1" time="52.274"/>
  <system-out/>
  <testcase classname="test.FlatToStandard.ScriptVATOnlyInvoice_FlatToStandard_DefaultProfile" name="GoToUrlAssertUrlPositiveEnterUserNamePositiveEnterPasswordClickLoginButtonGoToUrlAssertUrlCl2" time="56.897"/>
  <system-out/>
</testsuite> <!-- test.FlatToStandard.ScriptVATOnlyInvoice_FlatToStandard_DefaultProfile -->
