<?xml version="1.0" encoding="UTF-8"?>
<!-- Generated by org.testng.reporters.JUnitReportReporter -->
<testsuite hostname="OB-Yogesh" failures="0" tests="6" name="test.PartialReconcileOnStandard.SaleInToReconcile_DefaultProfile" time="531.113" errors="0" timestamp="2021-03-25T19:53:17 IST" skipped="0">
  <testcase classname="test.PartialReconcileOnStandard.SaleInToReconcile_DefaultProfile" name="GoToUrlAssertUrlPositiveEnternLOGINPositiveEnternPASSClickLoginGoToUrlAssertUrlClickAgentsP2" time="91.138"/>
  <system-out/>
  <testcase classname="test.PartialReconcileOnStandard.SaleInToReconcile_DefaultProfile" name="GoToUrlAssertUrlPositiveEnternLOGINPositiveEnternPASSClickLoginGoToUrlAssertUrlClickAgentsP5" time="91.391"/>
  <system-out/>
  <testcase classname="test.PartialReconcileOnStandard.SaleInToReconcile_DefaultProfile" name="GoToUrlAssertUrlPositiveEnternLOGINPositiveEnternPASSClickLoginGoToUrlAssertUrlClickAgentsP4" time="87.193"/>
  <system-out/>
  <testcase classname="test.PartialReconcileOnStandard.SaleInToReconcile_DefaultProfile" name="GoToUrlAssertUrlPositiveEnternLOGINPositiveEnternPASSClickLoginGoToUrlAssertUrlClickAgentsP1" time="89.146"/>
  <system-out/>
  <testcase classname="test.PartialReconcileOnStandard.SaleInToReconcile_DefaultProfile" name="GoToUrlAssertUrlPositiveEnternLOGINPositiveEnternPASSClickLoginGoToUrlAssertUrlClickAgentsP3" time="85.292"/>
  <system-out/>
  <testcase classname="test.PartialReconcileOnStandard.SaleInToReconcile_DefaultProfile" name="GoToUrlAssertUrlPositiveEnternLOGINPositiveEnternPASSClickLoginGoToUrlAssertUrlClickAgentsP6" time="86.953"/>
  <system-out/>
</testsuite> <!-- test.PartialReconcileOnStandard.SaleInToReconcile_DefaultProfile -->
