<?xml version="1.0" encoding="UTF-8"?>
<!-- Generated by org.testng.reporters.JUnitReportReporter -->
<testsuite hostname="OB-Sum" failures="0" tests="1" name="test.FlatToStandard.ScriptVesrifyByTrialBalancePDFDefaultProfile_FlatToStand_DefaultProfile" time="43.836" errors="0" timestamp="2021-12-19T01:41:01 IST" skipped="0">
  <testcase classname="test.FlatToStandard.ScriptVesrifyByTrialBalancePDFDefaultProfile_FlatToStand_DefaultProfile" name="GoToUrlAssertUrlPositiveEnterUserNamePositiveEnterPasswordClickLoginButtonGoToUrlAssertUrlCl" time="43.836"/>
  <system-out/>
</testsuite> <!-- test.FlatToStandard.ScriptVesrifyByTrialBalancePDFDefaultProfile_FlatToStand_DefaultProfile -->
