<?xml version="1.0" encoding="UTF-8"?>
<!-- Generated by org.testng.reporters.JUnitReportReporter -->
<testsuite hostname="OB-Sum" failures="0" tests="1" name="PartialReconcileForSupplierBillSTOFlat.ScriptPostVATReturn1stVATReturnReport_DefaultProfile" time="57.198" errors="0" timestamp="2022-02-06T06:55:31 IST" skipped="0">
  <testcase classname="PartialReconcileForSupplierBillSTOFlat.ScriptPostVATReturn1stVATReturnReport_DefaultProfile" name="GoToUrlAssertUrlPositiveEnterUserNamePositiveEnterPasswordClickLoginButtonGoToUrlAssertUrlCl" time="57.198"/>
  <system-out/>
</testsuite> <!-- PartialReconcileForSupplierBillSTOFlat.ScriptPostVATReturn1stVATReturnReport_DefaultProfile -->
