<?xml version="1.0" encoding="UTF-8"?>
<!-- Generated by org.testng.reporters.JUnitReportReporter -->
<testsuite hostname="OB-Sum" failures="0" tests="1" name="test.PartialReconcileOnFlatRate.ScriptVATReturn3stVATReturnReport__OnlyFlat_DefaultProfile" time="47.595" errors="0" timestamp="2021-12-09T11:24:15 IST" skipped="0">
  <testcase classname="test.PartialReconcileOnFlatRate.ScriptVATReturn3stVATReturnReport__OnlyFlat_DefaultProfile" name="GoToUrlAssertUrlPositiveEnterUserNamePositiveEnterPasswordClickLoginButtonGoToUrlAssertUrlCl" time="47.595"/>
  <system-out/>
</testsuite> <!-- test.PartialReconcileOnFlatRate.ScriptVATReturn3stVATReturnReport__OnlyFlat_DefaultProfile -->
