<?xml version="1.0" encoding="UTF-8"?>
<!-- Generated by org.testng.reporters.JUnitReportReporter -->
<testsuite hostname="OB-Sum" failures="0" tests="3" name="tests.BalanceSheet_Bf.TC_44_BSBFTaxation1100_DefaultProfile_JBE" time="280.690" errors="0" timestamp="2022-03-03T17:00:06 IST" skipped="0">
  <testcase classname="tests.BalanceSheet_Bf.TC_44_BSBFTaxation1100_DefaultProfile_JBE" name="GoToUrlAssertUrlPositiveEnternLOGINPositiveEnternPASSClickLoginGoToUrlAssertUrlClickAgentsP1" time="136.780"/>
  <system-out>
    <![CDATA[ledger 1 entered :1100 - VAT
ledger 2 entered :1400 - Default Bank
Accounting Period Status :- Account period closed
Ledger code verified: VAT
Amount enter verified: (1,000.00)
Ledger code verified: Default Bank
Amount enter verified: 1,000.00
Enteries are Verified on Balance Sheet Report page :]]>
  </system-out>
  <testcase classname="tests.BalanceSheet_Bf.TC_44_BSBFTaxation1100_DefaultProfile_JBE" name="GoToUrlAssertUrlPositiveEnternLOGINPositiveEnternPASSClickLoginGoToUrlAssertUrlClickAgentsP2" time="71.392"/>
  <system-out>
    <![CDATA[Accounting Period Status :- Account period closed]]>
  </system-out>
  <testcase classname="tests.BalanceSheet_Bf.TC_44_BSBFTaxation1100_DefaultProfile_JBE" name="GoToUrlAssertUrlPositiveEnternLOGINPositiveEnternPASSClickLoginGoToUrlAssertUrlClickAgentsP3" time="72.518"/>
  <system-out>
    <![CDATA[Accounting Period Status :- Account period closed]]>
  </system-out>
</testsuite> <!-- tests.BalanceSheet_Bf.TC_44_BSBFTaxation1100_DefaultProfile_JBE -->
