<?xml version="1.0" encoding="UTF-8"?>
<!-- Generated by org.testng.reporters.JUnitReportReporter -->
<testsuite hostname="OB-Sum" failures="0" tests="1" name="VAT3_UnReconciled_FLAT2_NOVAT.Un_addvatrate_Addvat_Flat2NOVAT" time="57.417" errors="0" timestamp="2022-02-06T06:55:29 IST" skipped="0">
  <testcase classname="VAT3_UnReconciled_FLAT2_NOVAT.Un_addvatrate_Addvat_Flat2NOVAT" name="GoToUrlAssertUrlPositiveSelectVATStatus1PositiveEnterEffectiveDatePositiveSelectFlatrateBusines" time="57.417"/>
  <system-out/>
</testsuite> <!-- VAT3_UnReconciled_FLAT2_NOVAT.Un_addvatrate_Addvat_Flat2NOVAT -->
