<?xml version="1.0" encoding="UTF-8"?>
<!-- Generated by org.testng.reporters.JUnitReportReporter -->
<testsuite hostname="OB-Yogesh" failures="0" tests="3" name="Supplier_test.ScriptPostVATReturn1stVATReturnReport_DefaultProfile" time="115.722" errors="0" timestamp="2021-02-25T19:30:42 IST" skipped="0">
  <testcase classname="Supplier_test.ScriptPostVATReturn1stVATReturnReport_DefaultProfile" name="GoToUrlAssertUrlPositiveEnterUserNamePositiveEnterPasswordClickLoginButtonGoToUrlAssertUrlCl" time="38.594"/>
  <system-out/>
  <testcase classname="Supplier_test.ScriptPostVATReturn1stVATReturnReport_DefaultProfile" name="GoToUrlAssertUrlPositiveEnterUserNamePositiveEnterPasswordClickLoginButtonGoToUrlAssertUrlCl" time="39.297"/>
  <system-out/>
  <testcase classname="Supplier_test.ScriptPostVATReturn1stVATReturnReport_DefaultProfile" name="GoToUrlAssertUrlPositiveEnterUserNamePositiveEnterPasswordClickLoginButtonGoToUrlAssertUrlCl" time="37.831"/>
  <system-out/>
</testsuite> <!-- Supplier_test.ScriptPostVATReturn1stVATReturnReport_DefaultProfile -->
