<?xml version="1.0" encoding="UTF-8"?>
<!-- Generated by org.testng.reporters.JUnitReportReporter -->
<testsuite hostname="OB-Sum" failures="0" tests="1" name="PartialReconcileForSupplierBillSTOFlat.ScriptVATReturn1stVATReturnReport_SToFRS_DefaultProfile" time="55.841" errors="0" timestamp="2022-02-06T06:55:32 IST" skipped="0">
  <testcase classname="PartialReconcileForSupplierBillSTOFlat.ScriptVATReturn1stVATReturnReport_SToFRS_DefaultProfile" name="GoToUrlAssertUrlPositiveEnterUserNamePositiveEnterPasswordClickLoginButtonGoToUrlAssertUrlCl" time="55.841"/>
  <system-out/>
</testsuite> <!-- PartialReconcileForSupplierBillSTOFlat.ScriptVATReturn1stVATReturnReport_SToFRS_DefaultProfile -->
