<?xml version="1.0" encoding="UTF-8"?>
<!-- Generated by org.testng.reporters.JUnitReportReporter -->
<testsuite hostname="OB-Sum" failures="0" tests="1" name="Test_Add_PLC.Test_Add_PLC" time="29.583" errors="0" timestamp="2022-02-21T11:07:27 IST" skipped="0">
  <testcase classname="Test_Add_PLC.Test_Add_PLC" name="GoToUrlClickPLCClicked_New_Client_FileUploadSection_TC_9" time="29.583"/>
  <system-out/>
</testsuite> <!-- Test_Add_PLC.Test_Add_PLC -->
