<?xml version="1.0" encoding="UTF-8"?>
<!-- Generated by org.testng.reporters.JUnitReportReporter -->
<testsuite hostname="OB-Yogesh" failures="0" tests="2" name="tests.ScriptVATOnlyInvoice_SToNOVAT_DefaultProfile" time="81.395" errors="0" timestamp="2021-02-17T01:44:44 IST" skipped="0">
  <testcase classname="tests.ScriptVATOnlyInvoice_SToNOVAT_DefaultProfile" name="GoToUrlAssertUrlPositiveEnterUserNamePositiveEnterPasswordClickLoginButtonGoToUrlAssertUrlCl2" time="40.275"/>
  <system-out/>
  <testcase classname="tests.ScriptVATOnlyInvoice_SToNOVAT_DefaultProfile" name="GoToUrlAssertUrlPositiveEnterUserNamePositiveEnterPasswordClickLoginButtonGoToUrlAssertUrlCl1" time="41.120"/>
  <system-out/>
</testsuite> <!-- tests.ScriptVATOnlyInvoice_SToNOVAT_DefaultProfile -->
