<?xml version="1.0" encoding="UTF-8"?>
<!-- Generated by org.testng.reporters.JUnitReportReporter -->
<testsuite hostname="OB-Sum" failures="0" tests="3" name="Test_Balance_RE_Jour_Bank_Supp_3.TC_05_3_2_BS_FixedAsset_200_To_204_With_Journal_Bank_Supplier" time="285.128" errors="0" timestamp="2022-02-19T09:42:03 IST" skipped="0">
  <testcase classname="Test_Balance_RE_Jour_Bank_Supp_3.TC_05_3_2_BS_FixedAsset_200_To_204_With_Journal_Bank_Supplier" name="GoToUrlAssertUrlPositiveEnternLOGINPositiveEnternPASSClickLoginGoToUrlAssertUrlClickAgentsP1" time="51.711"/>
  <system-out>
    <![CDATA[ledger 1 entered :200 - Investment Properties Cost B/Fwd
ledger 2 entered :201 - Investment Properties Additions
ledger 3 entered :202 - Investment Properties Disposals
ledger 4 entered :203 - Investment Properties Revaluations
ledger 5 entered :204 - Investment Properties Transfers
Ledger code verified: Investment Properties Cost B/Fwd
Amount enter verified: 1,000.00
Ledger code verified: Investment Properties Additions
Amount enter verified: 1,000.00
Ledger code verified: Investment Properties Disposals
Amount enter verified: 1,000.00
Ledger code verified: Investment Properties Revaluations
Amount enter verified: 1,000.00
Ledger code verified: Investment Properties Transfers
Amount enter verified: (4,000.00)
Enteries are Verified on Balance Sheet Report page :]]>
  </system-out>
  <testcase classname="Test_Balance_RE_Jour_Bank_Supp_3.TC_05_3_2_BS_FixedAsset_200_To_204_With_Journal_Bank_Supplier" name="GoToUrlAssertUrlPositiveEnternLOGINPositiveEnternPASSClickLoginGoToUrlAssertUrlClickAgentsP3" time="113.868"/>
  <system-out/>
  <testcase classname="Test_Balance_RE_Jour_Bank_Supp_3.TC_05_3_2_BS_FixedAsset_200_To_204_With_Journal_Bank_Supplier" name="GoToUrlAssertUrlPositiveEnternLOGINPositiveEnternPASSClickLoginGoToUrlAssertUrlClickAgentsP2" time="119.549"/>
  <system-out/>
</testsuite> <!-- Test_Balance_RE_Jour_Bank_Supp_3.TC_05_3_2_BS_FixedAsset_200_To_204_With_Journal_Bank_Supplier -->
