<?xml version="1.0" encoding="UTF-8"?>
<!-- Generated by org.testng.reporters.JUnitReportReporter -->
<testsuite hostname="OB-Sum" failures="0" tests="5" name="VAT2.F2S.SaleInToReconcileForCreditNote_DefaultProfile1" time="544.043" errors="0" timestamp="2021-12-09T11:24:15 IST" skipped="0">
  <testcase classname="VAT2.F2S.SaleInToReconcileForCreditNote_DefaultProfile1" name="GoToUrlAssertUrlPositiveEnternLOGINPositiveEnternPASSClickLoginGoToUrlAssertUrlClickAgentsP7" time="101.262"/>
  <system-out/>
  <testcase classname="VAT2.F2S.SaleInToReconcileForCreditNote_DefaultProfile1" name="GoToUrlAssertUrlPositiveEnternLOGINPositiveEnternPASSClickLoginGoToUrlAssertUrlClickAgentsP2" time="108.521"/>
  <system-out/>
  <testcase classname="VAT2.F2S.SaleInToReconcileForCreditNote_DefaultProfile1" name="GoToUrlAssertUrlPositiveEnternLOGINPositiveEnternPASSClickLoginGoToUrlAssertUrlClickAgentsP71" time="103.613"/>
  <system-out/>
  <testcase classname="VAT2.F2S.SaleInToReconcileForCreditNote_DefaultProfile1" name="GoToUrlAssertUrlPositiveEnternLOGINPositiveEnternPASSClickLoginGoToUrlAssertUrlClickAgentsP3" time="103.968"/>
  <system-out/>
  <testcase classname="VAT2.F2S.SaleInToReconcileForCreditNote_DefaultProfile1" name="GoToUrlAssertUrlPositiveEnternLOGINPositiveEnternPASSClickLoginGoToUrlAssertUrlClickAgentsP6" time="126.679"/>
  <system-out/>
</testsuite> <!-- VAT2.F2S.SaleInToReconcileForCreditNote_DefaultProfile1 -->
