<?xml version="1.0" encoding="UTF-8"?>
<!-- Generated by org.testng.reporters.JUnitReportReporter -->
<testsuite hostname="OB-Sum" failures="0" tests="1" name="tests.ScriptEditSettingToVATType_SToNOVAT_DefaultProfile" time="56.495" errors="0" timestamp="2021-12-19T01:41:01 IST" skipped="0">
  <testcase classname="tests.ScriptEditSettingToVATType_SToNOVAT_DefaultProfile" name="GoToUrlAssertUrlPositiveEnterUserNamePositiveEnterPasswordClickLoginButtonGoToUrlAssertUrlCl2" time="56.495"/>
  <system-out/>
</testsuite> <!-- tests.ScriptEditSettingToVATType_SToNOVAT_DefaultProfile -->
