<?xml version="1.0" encoding="UTF-8"?>
<!-- Generated by org.testng.reporters.JUnitReportReporter -->
<testsuite hostname="OB-Sum" failures="0" tests="3" name="Test_Trial_Balance_RE_Jour_Bank_Supp_3.TC_01_3_BS_FixedAsset_10_To_19_With_Journal_Bank_Supplier" time="326.712" errors="0" timestamp="2022-01-17T20:25:05 IST" skipped="0">
  <testcase classname="Test_Trial_Balance_RE_Jour_Bank_Supp_3.TC_01_3_BS_FixedAsset_10_To_19_With_Journal_Bank_Supplier" name="GoToUrlAssertUrlPositiveEnternLOGINPositiveEnternPASSClickLoginGoToUrlAssertUrlClickAgentsP1" time="61.062"/>
  <system-out>
    <![CDATA[ledger 1 entered :15 - Intangible Assets Amortisation B/Fwd
ledger 2 entered :16 - Intangible Assets Amortisation Disposals
ledger 3 entered :17 - Intangible Assets Amortisation Revaluations
ledger 4 entered :18 - Intangible Assets Amortisation Transfers
ledger 5 entered :19 - Intangible Assets Amortisation Charge
Ledger code verified: Intangible Assets Amortisation B/Fwd
Amount enter verified: 1,000.00
Ledger code verified: Intangible Assets Amortisation Disposals
Amount enter verified: 1,000.00
Ledger code verified: Intangible Assets Amortisation Revaluations
Amount enter verified: 1,000.00
Ledger code verified: Intangible Assets Amortisation Transfers
Amount enter verified: 1,000.00
Ledger code verified: Intangible Assets Amortisation Charge
Amount enter verified: (4,000.00)
Enteries are Verified on Balance Sheet Report page :]]>
  </system-out>
  <testcase classname="Test_Trial_Balance_RE_Jour_Bank_Supp_3.TC_01_3_BS_FixedAsset_10_To_19_With_Journal_Bank_Supplier" name="GoToUrlAssertUrlPositiveEnternLOGINPositiveEnternPASSClickLoginGoToUrlAssertUrlClickAgentsP3" time="124.216"/>
  <system-out/>
  <testcase classname="Test_Trial_Balance_RE_Jour_Bank_Supp_3.TC_01_3_BS_FixedAsset_10_To_19_With_Journal_Bank_Supplier" name="GoToUrlAssertUrlPositiveEnternLOGINPositiveEnternPASSClickLoginGoToUrlAssertUrlClickAgentsP2" time="141.434"/>
  <system-out/>
</testsuite> <!-- Test_Trial_Balance_RE_Jour_Bank_Supp_3.TC_01_3_BS_FixedAsset_10_To_19_With_Journal_Bank_Supplier -->
