<?xml version="1.0" encoding="UTF-8"?>
<!-- Generated by org.testng.reporters.JUnitReportReporter -->
<testsuite hostname="OB-Yogesh" failures="0" tests="1" name="test.InvoiceReconcilation.ScriptEditSettingToVATType_DefaultProfile" time="43.476" errors="0" timestamp="2021-02-20T06:20:20 IST" skipped="0">
  <testcase classname="test.InvoiceReconcilation.ScriptEditSettingToVATType_DefaultProfile" name="GoToUrlAssertUrlPositiveEnterUserNamePositiveEnterPasswordClickLoginButtonGoToUrlAssertUrlCl2" time="43.476"/>
  <system-out/>
</testsuite> <!-- test.InvoiceReconcilation.ScriptEditSettingToVATType_DefaultProfile -->
