<?xml version="1.0" encoding="UTF-8"?>
<!-- Generated by org.testng.reporters.JUnitReportReporter -->
<testsuite hostname="OB-Sum" failures="0" tests="6" name="test.PartialReconcileOnFlatRate.SaleInToReconcileForCreditNote_DefaultProfile" time="540.845" errors="0" timestamp="2022-02-06T06:55:37 IST" skipped="0">
  <testcase classname="test.PartialReconcileOnFlatRate.SaleInToReconcileForCreditNote_DefaultProfile" name="GoToUrlAssertUrlPositiveEnternLOGINPositiveEnternPASSClickLoginGoToUrlAssertUrlClickAgentsP5" time="91.504"/>
  <system-out/>
  <testcase classname="test.PartialReconcileOnFlatRate.SaleInToReconcileForCreditNote_DefaultProfile" name="GoToUrlAssertUrlPositiveEnternLOGINPositiveEnternPASSClickLoginGoToUrlAssertUrlClickAgentsP1" time="92.190"/>
  <system-out/>
  <testcase classname="test.PartialReconcileOnFlatRate.SaleInToReconcileForCreditNote_DefaultProfile" name="GoToUrlAssertUrlPositiveEnternLOGINPositiveEnternPASSClickLoginGoToUrlAssertUrlClickAgentsP4" time="91.676"/>
  <system-out/>
  <testcase classname="test.PartialReconcileOnFlatRate.SaleInToReconcileForCreditNote_DefaultProfile" name="GoToUrlAssertUrlPositiveEnternLOGINPositiveEnternPASSClickLoginGoToUrlAssertUrlClickAgentsP3" time="90.923"/>
  <system-out/>
  <testcase classname="test.PartialReconcileOnFlatRate.SaleInToReconcileForCreditNote_DefaultProfile" name="GoToUrlAssertUrlPositiveEnternLOGINPositiveEnternPASSClickLoginGoToUrlAssertUrlClickAgentsP6" time="86.110"/>
  <system-out/>
  <testcase classname="test.PartialReconcileOnFlatRate.SaleInToReconcileForCreditNote_DefaultProfile" name="GoToUrlAssertUrlPositiveEnternLOGINPositiveEnternPASSClickLoginGoToUrlAssertUrlClickAgentsP2" time="88.442"/>
  <system-out/>
</testsuite> <!-- test.PartialReconcileOnFlatRate.SaleInToReconcileForCreditNote_DefaultProfile -->
