<?xml version="1.0" encoding="UTF-8"?>
<!-- Generated by org.testng.reporters.JUnitReportReporter -->
<testsuite hostname="OB-Sum" failures="0" tests="6" name="Supplier_FRSToFRSP.ScriptDebitNoteFRSToFRSP_DefaultProfile" time="374.503" errors="0" timestamp="2022-02-06T06:55:31 IST" skipped="0">
  <testcase classname="Supplier_FRSToFRSP.ScriptDebitNoteFRSToFRSP_DefaultProfile" name="GoToUrlAssertUrlPositiveEnterUserNamePositiveEnterPasswordClickLoginButtonGoToUrlAssertUrlCl3" time="63.277"/>
  <system-out/>
  <testcase classname="Supplier_FRSToFRSP.ScriptDebitNoteFRSToFRSP_DefaultProfile" name="GoToUrlAssertUrlPositiveEnterUserNamePositiveEnterPasswordClickLoginButtonGoToUrlAssertUrlCl1" time="62.258"/>
  <system-out/>
  <testcase classname="Supplier_FRSToFRSP.ScriptDebitNoteFRSToFRSP_DefaultProfile" name="GoToUrlAssertUrlPositiveEnterUserNamePositiveEnterPasswordClickLoginButtonGoToUrlAssertUrlCl2" time="60.649"/>
  <system-out/>
  <testcase classname="Supplier_FRSToFRSP.ScriptDebitNoteFRSToFRSP_DefaultProfile" name="GoToUrlAssertUrlPositiveEnterUserNamePositiveEnterPasswordClickLoginButtonGoToUrlAssertUrlCl4" time="63.612"/>
  <system-out/>
  <testcase classname="Supplier_FRSToFRSP.ScriptDebitNoteFRSToFRSP_DefaultProfile" name="GoToUrlAssertUrlPositiveEnterUserNamePositiveEnterPasswordClickLoginButtonGoToUrlAssertUrlCl5" time="61.331"/>
  <system-out/>
  <testcase classname="Supplier_FRSToFRSP.ScriptDebitNoteFRSToFRSP_DefaultProfile" name="GoToUrlAssertUrlPositiveEnterUserNamePositiveEnterPasswordClickLoginButtonGoToUrlAssertUrlCl6" time="63.376"/>
  <system-out/>
</testsuite> <!-- Supplier_FRSToFRSP.ScriptDebitNoteFRSToFRSP_DefaultProfile -->
