<?xml version="1.0" encoding="UTF-8"?>
<!-- Generated by org.testng.reporters.JUnitReportReporter -->
<testsuite hostname="OB-Sum" failures="0" tests="1" name="Test_Trial_Balance_Report.Clear_Data" time="301.440" errors="0" timestamp="2022-01-05T23:31:47 IST" skipped="0">
  <testcase classname="Test_Trial_Balance_Report.Clear_Data" name="GoToUrlAssertUrlPositiveEnternLOGINPositiveEnternPASSClickLoginGoToUrlAssertUrlClickAgentsP1_TC_01_LadgerCode_7016_7400_2091_Report" time="301.440"/>
  <system-out/>
</testsuite> <!-- Test_Trial_Balance_Report.Clear_Data -->
