<?xml version="1.0" encoding="UTF-8"?>
<!-- Generated by org.testng.reporters.JUnitReportReporter -->
<testsuite hostname="OB-Sum" failures="0" tests="1" name="test.PartialReconciledCases.ScriptPostVATReturn3stVATReturnReport_STOFlat_DefaultProfile" time="49.132" errors="0" timestamp="2021-12-07T22:22:30 IST" skipped="0">
  <testcase classname="test.PartialReconciledCases.ScriptPostVATReturn3stVATReturnReport_STOFlat_DefaultProfile" name="GoToUrlAssertUrlPositiveEnterUserNamePositiveEnterPasswordClickLoginButtonGoToUrlAssertUrlCl" time="49.132"/>
  <system-out/>
</testsuite> <!-- test.PartialReconciledCases.ScriptPostVATReturn3stVATReturnReport_STOFlat_DefaultProfile -->
