<?xml version="1.0" encoding="UTF-8"?>
<!-- Generated by org.testng.reporters.JUnitReportReporter -->
<testsuite hostname="OB-Sum" failures="0" tests="1" name="Test_Trial_Balance_RE_Jour_Bank_Supp_3.TC_38_1_BS_ProvisionForLiabilities_2404_05_06_With_Journal" time="68.522" errors="0" timestamp="2022-01-18T16:59:19 IST" skipped="0">
  <testcase classname="Test_Trial_Balance_RE_Jour_Bank_Supp_3.TC_38_1_BS_ProvisionForLiabilities_2404_05_06_With_Journal" name="GoToUrlAssertUrlPositiveEnternLOGINPositiveEnternPASSClickLoginGoToUrlAssertUrlClickAgentsP1" time="68.522"/>
  <system-out>
    <![CDATA[ledger 1 entered :2404 - Environmental Costs
ledger 2 entered :2405 - Other Provisions
ledger 3 entered :2406 - Provision for Depreciation
Ledger code verified: Environmental Costs
Amount enter verified: 1,000.00
Ledger code verified: Other Provisions
Amount enter verified: 1,000.00
Ledger code verified: Provision for Depreciation
Amount enter verified: (2,000.00)
Enteries are Verified on Balance Sheet Report page :]]>
  </system-out>
</testsuite> <!-- Test_Trial_Balance_RE_Jour_Bank_Supp_3.TC_38_1_BS_ProvisionForLiabilities_2404_05_06_With_Journal -->
