<?xml version="1.0" encoding="UTF-8"?>
<!-- Generated by org.testng.reporters.JUnitReportReporter -->
<testsuite hostname="OB-Yogesh" failures="0" tests="6" name="PartialReconcileByBankForSupplierBillFlatToFlatPer.SaleInToPartialReconcile_SupplierBill_DefaultProfile" time="488.886" errors="0" timestamp="2021-04-25T20:30:40 IST" skipped="0">
  <testcase classname="PartialReconcileByBankForSupplierBillFlatToFlatPer.SaleInToPartialReconcile_SupplierBill_DefaultProfile" name="GoToUrlAssertUrlPositiveEnternLOGINPositiveEnternPASSClickLoginGoToUrlAssertUrlClickAgentsP2" time="80.713"/>
  <system-out/>
  <testcase classname="PartialReconcileByBankForSupplierBillFlatToFlatPer.SaleInToPartialReconcile_SupplierBill_DefaultProfile" name="GoToUrlAssertUrlPositiveEnternLOGINPositiveEnternPASSClickLoginGoToUrlAssertUrlClickAgentsP1" time="90.830"/>
  <system-out/>
  <testcase classname="PartialReconcileByBankForSupplierBillFlatToFlatPer.SaleInToPartialReconcile_SupplierBill_DefaultProfile" name="GoToUrlAssertUrlPositiveEnternLOGINPositiveEnternPASSClickLoginGoToUrlAssertUrlClickAgentsP5" time="79.682"/>
  <system-out/>
  <testcase classname="PartialReconcileByBankForSupplierBillFlatToFlatPer.SaleInToPartialReconcile_SupplierBill_DefaultProfile" name="GoToUrlAssertUrlPositiveEnternLOGINPositiveEnternPASSClickLoginGoToUrlAssertUrlClickAgentsP3" time="76.987"/>
  <system-out/>
  <testcase classname="PartialReconcileByBankForSupplierBillFlatToFlatPer.SaleInToPartialReconcile_SupplierBill_DefaultProfile" name="GoToUrlAssertUrlPositiveEnternLOGINPositiveEnternPASSClickLoginGoToUrlAssertUrlClickAgentsP6" time="79.011"/>
  <system-out/>
  <testcase classname="PartialReconcileByBankForSupplierBillFlatToFlatPer.SaleInToPartialReconcile_SupplierBill_DefaultProfile" name="GoToUrlAssertUrlPositiveEnternLOGINPositiveEnternPASSClickLoginGoToUrlAssertUrlClickAgentsP4" time="81.663"/>
  <system-out/>
</testsuite> <!-- PartialReconcileByBankForSupplierBillFlatToFlatPer.SaleInToPartialReconcile_SupplierBill_DefaultProfile -->
