<?xml version="1.0" encoding="UTF-8"?>
<!-- Generated by org.testng.reporters.JUnitReportReporter -->
<testsuite hostname="OB-Sum" failures="0" tests="1" name="VAT3_InvoiceAdvanceReconcile.ScriptVATReturn1stVATReturnReport_SToFRS_DefaultProfilePartioalReconcile_2" time="53.468" errors="0" timestamp="2021-11-15T18:54:27 IST" skipped="0">
  <testcase classname="VAT3_InvoiceAdvanceReconcile.ScriptVATReturn1stVATReturnReport_SToFRS_DefaultProfilePartioalReconcile_2" name="GoToUrlAssertUrlPositiveEnterUserNamePositiveEnterPasswordClickLoginButtonGoToUrlAssertUrlCl" time="53.468"/>
  <system-out/>
</testsuite> <!-- VAT3_InvoiceAdvanceReconcile.ScriptVATReturn1stVATReturnReport_SToFRS_DefaultProfilePartioalReconcile_2 -->
