<?xml version="1.0" encoding="UTF-8"?>
<!-- Generated by org.testng.reporters.JUnitReportReporter -->
<testsuite hostname="OB-Sum" failures="0" tests="1" name="Test_Trial_Balance_Report.TC_35_LadgerCode_7400_7300_77401_Report" time="146.159" errors="0" timestamp="2021-12-30T16:41:49 IST" skipped="0">
  <testcase classname="Test_Trial_Balance_Report.TC_35_LadgerCode_7400_7300_77401_Report" name="GoToUrlAssertUrlPositiveEnternLOGINPositiveEnternPASSClickLoginGoToUrlAssertUrlClickAgentsP1" time="146.159"/>
  <system-out/>
</testsuite> <!-- Test_Trial_Balance_Report.TC_35_LadgerCode_7400_7300_77401_Report -->
