<?xml version="1.0" encoding="UTF-8"?>
<!-- Generated by org.testng.reporters.JUnitReportReporter -->
<testsuite hostname="OB-Sum" failures="0" tests="1" name="VAT2.F2NOVAT.F2noVat_scriptaddvatrate_addvatrate1_1" time="45.617" errors="0" timestamp="2022-02-06T06:55:31 IST" skipped="0">
  <testcase classname="VAT2.F2NOVAT.F2noVat_scriptaddvatrate_addvatrate1_1" name="addvatrateGoToUrlAssertUrlPositiveEnternLOGINPositiveEnternPASSClickLoginGoToUrlAssertUrlCl7" time="45.617"/>
  <system-out/>
</testsuite> <!-- VAT2.F2NOVAT.F2noVat_scriptaddvatrate_addvatrate1_1 -->
