<?xml version="1.0" encoding="UTF-8"?>
<!-- Generated by org.testng.reporters.JUnitReportReporter -->
<testsuite hostname="OB-Yogesh" failures="0" tests="1" name="VAT3_ExpenseReimbFullyReconcile.ScriptStandardToFlat_DefaultProfile_2" time="54.833" errors="0" timestamp="2021-05-26T19:46:40 IST" skipped="0">
  <testcase classname="VAT3_ExpenseReimbFullyReconcile.ScriptStandardToFlat_DefaultProfile_2" name="GoToUrlAssertUrlPositiveEnterUserNamePositiveEnterPasswordClickLoginButtonGoToUrlAssertUrlCl1" time="54.833"/>
  <system-out/>
</testsuite> <!-- VAT3_ExpenseReimbFullyReconcile.ScriptStandardToFlat_DefaultProfile_2 -->
