<?xml version="1.0" encoding="UTF-8"?>
<!-- Generated by org.testng.reporters.JUnitReportReporter -->
<testsuite hostname="OB-Sum" failures="0" tests="3" name="Test_Balance_RE_Jour_Bank_Supp_3.TC_08_3_BS_FixedAsset_235_To_239_With_Journal_Bank_Supplier" time="284.339" errors="0" timestamp="2022-02-19T09:42:03 IST" skipped="0">
  <testcase classname="Test_Balance_RE_Jour_Bank_Supp_3.TC_08_3_BS_FixedAsset_235_To_239_With_Journal_Bank_Supplier" name="GoToUrlAssertUrlPositiveEnternLOGINPositiveEnternPASSClickLoginGoToUrlAssertUrlClickAgentsP1" time="54.672"/>
  <system-out>
    <![CDATA[ledger 1 entered :235 - Short Leasehold Properties Depreciation B/Fwd
ledger 2 entered :236 - Short Leasehold Properties Depreciation Disposal
ledger 3 entered :237 - Short Leasehold Properties Depreciation Revaluations
ledger 4 entered :238 - Short Leasehold Properties Depreciation Transfers
ledger 5 entered :239 - Short Leasehold Properties Depreciation Charge
Ledger code verified: Short Leasehold Properties Depreciation B/Fwd
Amount enter verified: 1,000.00
Ledger code verified: Short Leasehold Properties Depreciation Disposal
Amount enter verified: 1,000.00
Ledger code verified: Short Leasehold Properties Depreciation Revaluations
Amount enter verified: 1,000.00
Ledger code verified: Short Leasehold Properties Depreciation Transfers
Amount enter verified: 1,000.00
Ledger code verified: Short Leasehold Properties Depreciation Charge
Amount enter verified: (4,000.00)
Enteries are Verified on Balance Sheet Report page :]]>
  </system-out>
  <testcase classname="Test_Balance_RE_Jour_Bank_Supp_3.TC_08_3_BS_FixedAsset_235_To_239_With_Journal_Bank_Supplier" name="GoToUrlAssertUrlPositiveEnternLOGINPositiveEnternPASSClickLoginGoToUrlAssertUrlClickAgentsP2" time="115.161"/>
  <system-out/>
  <testcase classname="Test_Balance_RE_Jour_Bank_Supp_3.TC_08_3_BS_FixedAsset_235_To_239_With_Journal_Bank_Supplier" name="GoToUrlAssertUrlPositiveEnternLOGINPositiveEnternPASSClickLoginGoToUrlAssertUrlClickAgentsP3" time="114.506"/>
  <system-out/>
</testsuite> <!-- Test_Balance_RE_Jour_Bank_Supp_3.TC_08_3_BS_FixedAsset_235_To_239_With_Journal_Bank_Supplier -->
