<?xml version="1.0" encoding="UTF-8"?>
<!-- Generated by org.testng.reporters.JUnitReportReporter -->
<testsuite hostname="OB-Sum" failures="0" tests="1" name="test.AdvanceReconcilationFLATTOFLATP.ScriptVATReturn1stVATReturnReport_SToFlat_DefaultProfile" time="52.652" errors="0" timestamp="2021-12-19T01:41:01 IST" skipped="0">
  <testcase classname="test.AdvanceReconcilationFLATTOFLATP.ScriptVATReturn1stVATReturnReport_SToFlat_DefaultProfile" name="GoToUrlAssertUrlPositiveEnterUserNamePositiveEnterPasswordClickLoginButtonGoToUrlAssertUrlCl" time="52.652"/>
  <system-out/>
</testsuite> <!-- test.AdvanceReconcilationFLATTOFLATP.ScriptVATReturn1stVATReturnReport_SToFlat_DefaultProfile -->
