<?xml version="1.0" encoding="UTF-8"?>
<!-- Generated by org.testng.reporters.JUnitReportReporter -->
<testsuite hostname="OB-Sum" failures="0" tests="3" name="Test_Balance_RE_Jour_Bank_Supp_3.TC_43_3_BS_TradeCreditors_2060_1103_With_Journal_Bank_Supplier" time="192.543" errors="0" timestamp="2022-02-19T09:42:02 IST" skipped="0">
  <testcase classname="Test_Balance_RE_Jour_Bank_Supp_3.TC_43_3_BS_TradeCreditors_2060_1103_With_Journal_Bank_Supplier" name="GoToUrlAssertUrlPositiveEnternLOGINPositiveEnternPASSClickLoginGoToUrlAssertUrlClickAgentsP3" time="65.506"/>
  <system-out/>
  <testcase classname="Test_Balance_RE_Jour_Bank_Supp_3.TC_43_3_BS_TradeCreditors_2060_1103_With_Journal_Bank_Supplier" name="GoToUrlAssertUrlPositiveEnternLOGINPositiveEnternPASSClickLoginGoToUrlAssertUrlClickAgentsP2" time="66.472"/>
  <system-out/>
  <testcase classname="Test_Balance_RE_Jour_Bank_Supp_3.TC_43_3_BS_TradeCreditors_2060_1103_With_Journal_Bank_Supplier" name="GoToUrlAssertUrlPositiveEnternLOGINPositiveEnternPASSClickLoginGoToUrlAssertUrlClickAgentsP1" time="60.565"/>
  <system-out>
    <![CDATA[ledger 1 entered :10 - Intangible Assets Cost B/Fwd
ledger 2 entered :2060 - Default Supplier
Ledger code verified: Intangible Assets Cost B/Fwd
Ledger code verified: Default Supplier
Enteries are Verified on Balance Sheet Report page :]]>
  </system-out>
</testsuite> <!-- Test_Balance_RE_Jour_Bank_Supp_3.TC_43_3_BS_TradeCreditors_2060_1103_With_Journal_Bank_Supplier -->
