<?xml version="1.0" encoding="UTF-8"?>
<!-- Generated by org.testng.reporters.JUnitReportReporter -->
<testsuite hostname="OB-Sum" failures="0" tests="6" name="test.partialReconcileJonralEntryFlatToStand.CreditNoteToReconcileForJonral_DefaultProfile" time="744.212" errors="0" timestamp="2022-02-07T19:49:29 IST" skipped="0">
  <testcase classname="test.partialReconcileJonralEntryFlatToStand.CreditNoteToReconcileForJonral_DefaultProfile" name="GoToUrlAssertUrlPositiveEnternLOGINPositiveEnternPASSClickLoginGoToUrlAssertUrlClickAgentsP5" time="128.504"/>
  <system-out/>
  <testcase classname="test.partialReconcileJonralEntryFlatToStand.CreditNoteToReconcileForJonral_DefaultProfile" name="GoToUrlAssertUrlPositiveEnternLOGINPositiveEnternPASSClickLoginGoToUrlAssertUrlClickAgentsP6" time="126.416"/>
  <system-out/>
  <testcase classname="test.partialReconcileJonralEntryFlatToStand.CreditNoteToReconcileForJonral_DefaultProfile" name="GoToUrlAssertUrlPositiveEnternLOGINPositiveEnternPASSClickLoginGoToUrlAssertUrlClickAgentsP3" time="122.973"/>
  <system-out/>
  <testcase classname="test.partialReconcileJonralEntryFlatToStand.CreditNoteToReconcileForJonral_DefaultProfile" name="GoToUrlAssertUrlPositiveEnternLOGINPositiveEnternPASSClickLoginGoToUrlAssertUrlClickAgentsP2" time="122.778"/>
  <system-out/>
  <testcase classname="test.partialReconcileJonralEntryFlatToStand.CreditNoteToReconcileForJonral_DefaultProfile" name="GoToUrlAssertUrlPositiveEnternLOGINPositiveEnternPASSClickLoginGoToUrlAssertUrlClickAgentsP4" time="122.471"/>
  <system-out/>
  <testcase classname="test.partialReconcileJonralEntryFlatToStand.CreditNoteToReconcileForJonral_DefaultProfile" name="GoToUrlAssertUrlPositiveEnternLOGINPositiveEnternPASSClickLoginGoToUrlAssertUrlClickAgentsP1" time="121.070"/>
  <system-out/>
</testsuite> <!-- test.partialReconcileJonralEntryFlatToStand.CreditNoteToReconcileForJonral_DefaultProfile -->
