<?xml version="1.0" encoding="UTF-8"?>
<!-- Generated by org.testng.reporters.JUnitReportReporter -->
<testsuite hostname="OB-Sum" failures="0" tests="5" name="test.partialReconcileJonralEntrySToFlat.SaleInToReconcileForJonral_DefaultProfile" time="621.316" errors="0" timestamp="2022-02-07T22:16:17 IST" skipped="0">
  <testcase classname="test.partialReconcileJonralEntrySToFlat.SaleInToReconcileForJonral_DefaultProfile" name="GoToUrlAssertUrlPositiveEnternLOGINPositiveEnternPASSClickLoginGoToUrlAssertUrlClickAgentsP6" time="124.789"/>
  <system-out/>
  <testcase classname="test.partialReconcileJonralEntrySToFlat.SaleInToReconcileForJonral_DefaultProfile" name="GoToUrlAssertUrlPositiveEnternLOGINPositiveEnternPASSClickLoginGoToUrlAssertUrlClickAgentsP4" time="123.559"/>
  <system-out/>
  <testcase classname="test.partialReconcileJonralEntrySToFlat.SaleInToReconcileForJonral_DefaultProfile" name="GoToUrlAssertUrlPositiveEnternLOGINPositiveEnternPASSClickLoginGoToUrlAssertUrlClickAgentsP2" time="124.009"/>
  <system-out/>
  <testcase classname="test.partialReconcileJonralEntrySToFlat.SaleInToReconcileForJonral_DefaultProfile" name="GoToUrlAssertUrlPositiveEnternLOGINPositiveEnternPASSClickLoginGoToUrlAssertUrlClickAgentsP5" time="123.309"/>
  <system-out/>
  <testcase classname="test.partialReconcileJonralEntrySToFlat.SaleInToReconcileForJonral_DefaultProfile" name="GoToUrlAssertUrlPositiveEnternLOGINPositiveEnternPASSClickLoginGoToUrlAssertUrlClickAgentsP3" time="125.650"/>
  <system-out/>
</testsuite> <!-- test.partialReconcileJonralEntrySToFlat.SaleInToReconcileForJonral_DefaultProfile -->
