<?xml version="1.0" encoding="UTF-8"?>
<!-- Generated by org.testng.reporters.JUnitReportReporter -->
<testsuite hostname="OB-Sum" failures="0" tests="1" name="Ashiv_tests_Demo.CreateSelectAgentTest_DefaultProfile" time="15.708" errors="0" timestamp="2021-09-18T15:37:42 IST" skipped="0">
  <testcase classname="Ashiv_tests_Demo.CreateSelectAgentTest_DefaultProfile" name="GoToUrlClickAddAgentPositiveEnterAgentNameClickActiveClickSaveAgentPositiveEnterSearchAgentNam" time="15.708"/>
  <system-out/>
</testsuite> <!-- Ashiv_tests_Demo.CreateSelectAgentTest_DefaultProfile -->
