<?xml version="1.0" encoding="UTF-8"?>
<!-- Generated by org.testng.reporters.JUnitReportReporter -->
<testsuite hostname="OB-Yogesh" failures="0" tests="1" name="ExpenceRemFlatToFlatPer.ScriptVATReturn2stVATReturnReport_SToFRS_DefaultProfile" time="75.189" errors="0" timestamp="2021-04-24T21:05:05 IST" skipped="0">
  <testcase classname="ExpenceRemFlatToFlatPer.ScriptVATReturn2stVATReturnReport_SToFRS_DefaultProfile" name="GoToUrlAssertUrlPositiveEnterUserNamePositiveEnterPasswordClickLoginButtonGoToUrlAssertUrlCl" time="75.189"/>
  <system-out/>
</testsuite> <!-- ExpenceRemFlatToFlatPer.ScriptVATReturn2stVATReturnReport_SToFRS_DefaultProfile -->
