<?xml version="1.0" encoding="UTF-8"?>
<!-- Generated by org.testng.reporters.JUnitReportReporter -->
<testsuite hostname="OB-Sum" failures="0" tests="1" name="Test_Add_LLP.LLPADD_LLPAD" time="69.095" errors="0" timestamp="2021-11-22T13:52:10 IST" skipped="0">
  <testcase classname="Test_Add_LLP.LLPADD_LLPAD" name="GoToUrlClickLLPClick1ClickMannualLLP2PositiveEnterCompanyName3EnterRegNo4EnterUTRNoLLP5Positi117" time="69.095"/>
  <system-out/>
</testsuite> <!-- Test_Add_LLP.LLPADD_LLPAD -->
