<?xml version="1.0" encoding="UTF-8"?>
<!-- Generated by org.testng.reporters.JUnitReportReporter -->
<testsuite hostname="OB-Yogesh" failures="0" tests="1" name="AdvanceReconcileByBankForSupplierBillStandToNoVAT.ScriptVATReturn1stVATReturnReport_SToFRS_DefaultProfile" time="57.091" errors="0" timestamp="2021-04-30T12:38:21 IST" skipped="0">
  <testcase classname="AdvanceReconcileByBankForSupplierBillStandToNoVAT.ScriptVATReturn1stVATReturnReport_SToFRS_DefaultProfile" name="GoToUrlAssertUrlPositiveEnterUserNamePositiveEnterPasswordClickLoginButtonGoToUrlAssertUrlCl" time="57.091"/>
  <system-out/>
</testsuite> <!-- AdvanceReconcileByBankForSupplierBillStandToNoVAT.ScriptVATReturn1stVATReturnReport_SToFRS_DefaultProfile -->
