<?xml version="1.0" encoding="UTF-8"?>
<!-- Generated by org.testng.reporters.JUnitReportReporter -->
<testsuite hostname="OB-Sum" failures="0" tests="8" name="tests.Bank_Multicurrency.trFlat01schem_Spent" time="433.475" errors="0" timestamp="2021-12-02T22:08:54 IST" skipped="0">
  <testcase classname="tests.Bank_Multicurrency.trFlat01schem_Spent" name="nidbanktrnGoToUrlAssertUrlPositiveEnternLOGINPositiveEnternPASSClickLoginGoToUrlAssertUrlCl8" time="52.713"/>
  <system-out/>
  <testcase classname="tests.Bank_Multicurrency.trFlat01schem_Spent" name="nidbanktrnGoToUrlAssertUrlPositiveEnternLOGINPositiveEnternPASSClickLoginGoToUrlAssertUrlCl6" time="52.987"/>
  <system-out/>
  <testcase classname="tests.Bank_Multicurrency.trFlat01schem_Spent" name="nidbanktrnGoToUrlAssertUrlPositiveEnternLOGINPositiveEnternPASSClickLoginGoToUrlAssertUrlCl9" time="53.316"/>
  <system-out/>
  <testcase classname="tests.Bank_Multicurrency.trFlat01schem_Spent" name="nidbanktrnGoToUrlAssertUrlPositiveEnternLOGINPositiveEnternPASSClickLoginGoToUrlAssertUrlCl1" time="56.982"/>
  <system-out/>
  <testcase classname="tests.Bank_Multicurrency.trFlat01schem_Spent" name="nidbanktrnGoToUrlAssertUrlPositiveEnternLOGINPositiveEnternPASSClickLoginGoToUrlAssertUrlCl7" time="53.699"/>
  <system-out/>
  <testcase classname="tests.Bank_Multicurrency.trFlat01schem_Spent" name="nidbanktrnGoToUrlAssertUrlPositiveEnternLOGINPositiveEnternPASSClickLoginGoToUrlAssertUrlCl2" time="53.516"/>
  <system-out/>
  <testcase classname="tests.Bank_Multicurrency.trFlat01schem_Spent" name="nidbanktrnGoToUrlAssertUrlPositiveEnternLOGINPositiveEnternPASSClickLoginGoToUrlAssertUrlCl3" time="54.732"/>
  <system-out/>
  <testcase classname="tests.Bank_Multicurrency.trFlat01schem_Spent" name="nidbanktrnGoToUrlAssertUrlPositiveEnternLOGINPositiveEnternPASSClickLoginGoToUrlAssertUrlCl5" time="55.530"/>
  <system-out/>
</testsuite> <!-- tests.Bank_Multicurrency.trFlat01schem_Spent -->
