<?xml version="1.0" encoding="UTF-8"?>
<!-- Generated by org.testng.reporters.JUnitReportReporter -->
<testsuite hostname="OB-Yogesh" failures="0" tests="6" name="test.FlatToFlatPer.ScriptSaleCreditNote_FlatToFlatP_DefaultProfile" time="300.293" errors="0" timestamp="2021-02-19T00:35:21 IST" skipped="0">
  <testcase classname="test.FlatToFlatPer.ScriptSaleCreditNote_FlatToFlatP_DefaultProfile" name="GoToUrlAssertUrlPositiveEnterUserNamePositiveEnterPasswordClickLoginButtonGoToUrlAssertUrlCl5" time="46.417"/>
  <system-out/>
  <testcase classname="test.FlatToFlatPer.ScriptSaleCreditNote_FlatToFlatP_DefaultProfile" name="GoToUrlAssertUrlPositiveEnterUserNamePositiveEnterPasswordClickLoginButtonGoToUrlAssertUrlCl2" time="49.771"/>
  <system-out/>
  <testcase classname="test.FlatToFlatPer.ScriptSaleCreditNote_FlatToFlatP_DefaultProfile" name="GoToUrlAssertUrlPositiveEnterUserNamePositiveEnterPasswordClickLoginButtonGoToUrlAssertUrlCl6" time="47.106"/>
  <system-out/>
  <testcase classname="test.FlatToFlatPer.ScriptSaleCreditNote_FlatToFlatP_DefaultProfile" name="GoToUrlAssertUrlPositiveEnterUserNamePositiveEnterPasswordClickLoginButtonGoToUrlAssertUrlCl4" time="49.807"/>
  <system-out/>
  <testcase classname="test.FlatToFlatPer.ScriptSaleCreditNote_FlatToFlatP_DefaultProfile" name="GoToUrlAssertUrlPositiveEnterUserNamePositiveEnterPasswordClickLoginButtonGoToUrlAssertUrlCl3" time="54.154"/>
  <system-out/>
  <testcase classname="test.FlatToFlatPer.ScriptSaleCreditNote_FlatToFlatP_DefaultProfile" name="GoToUrlAssertUrlPositiveEnterUserNamePositiveEnterPasswordClickLoginButtonGoToUrlAssertUrlCl1" time="53.038"/>
  <system-out/>
</testsuite> <!-- test.FlatToFlatPer.ScriptSaleCreditNote_FlatToFlatP_DefaultProfile -->
