<?xml version="1.0" encoding="UTF-8"?>
<!-- Generated by org.testng.reporters.JUnitReportReporter -->
<testsuite hostname="OB-Sum" failures="0" tests="1" name="VAT3_ExpenseReimbAdvanceReconcile.ScriptPostVATReturn3stVATReturnReport_DefaultProfile_2" time="62.676" errors="0" timestamp="2021-11-25T12:11:11 IST" skipped="0">
  <testcase classname="VAT3_ExpenseReimbAdvanceReconcile.ScriptPostVATReturn3stVATReturnReport_DefaultProfile_2" name="GoToUrlAssertUrlPositiveEnterUserNamePositiveEnterPasswordClickLoginButtonGoToUrlAssertUrlCl" time="62.676"/>
  <system-out/>
</testsuite> <!-- VAT3_ExpenseReimbAdvanceReconcile.ScriptPostVATReturn3stVATReturnReport_DefaultProfile_2 -->
