<?xml version="1.0" encoding="UTF-8"?>
<!-- Generated by org.testng.reporters.JUnitReportReporter -->
<testsuite hostname="OB-Sum" failures="0" tests="1" name="VAT3_InvoiceFullyReconcile.ScriptStandardToFlat_DefaultProfileFullyReconcile_1" time="59.938" errors="0" timestamp="2022-02-06T06:55:35 IST" skipped="0">
  <testcase classname="VAT3_InvoiceFullyReconcile.ScriptStandardToFlat_DefaultProfileFullyReconcile_1" name="GoToUrlAssertUrlPositiveEnterUserNamePositiveEnterPasswordClickLoginButtonGoToUrlAssertUrlCl1" time="59.938"/>
  <system-out/>
</testsuite> <!-- VAT3_InvoiceFullyReconcile.ScriptStandardToFlat_DefaultProfileFullyReconcile_1 -->
