<?xml version="1.0" encoding="UTF-8"?>
<!-- Generated by org.testng.reporters.JUnitReportReporter -->
<testsuite hostname="OB-Sum" failures="0" tests="1" name="Test_Income.TC01NewPreviewPage_DefaultProfile" time="43.188" errors="0" timestamp="2022-03-14T19:11:48 IST" skipped="0">
  <testcase classname="Test_Income.TC01NewPreviewPage_DefaultProfile" name="GoToUrlAssertUrlClickClickOnPreviewClickSaveButtonClickPDFDumpClickCancelButtonClickClickOnMa" time="43.188"/>
  <system-out/>
</testsuite> <!-- Test_Income.TC01NewPreviewPage_DefaultProfile -->
