<?xml version="1.0" encoding="UTF-8"?>
<!-- Generated by org.testng.reporters.JUnitReportReporter -->
<testsuite hostname="OB-Sum" failures="0" tests="3" name="Test_Trial_Balance_RE_Jour_Bank_Supp_3.TC_10_3_BS_FixedAsset_255_To_259_With_Journal_Bank_Supplier" time="325.287" errors="0" timestamp="2022-01-18T16:59:19 IST" skipped="0">
  <testcase classname="Test_Trial_Balance_RE_Jour_Bank_Supp_3.TC_10_3_BS_FixedAsset_255_To_259_With_Journal_Bank_Supplier" name="GoToUrlAssertUrlPositiveEnternLOGINPositiveEnternPASSClickLoginGoToUrlAssertUrlClickAgentsP2" time="133.045"/>
  <system-out/>
  <testcase classname="Test_Trial_Balance_RE_Jour_Bank_Supp_3.TC_10_3_BS_FixedAsset_255_To_259_With_Journal_Bank_Supplier" name="GoToUrlAssertUrlPositiveEnternLOGINPositiveEnternPASSClickLoginGoToUrlAssertUrlClickAgentsP1" time="64.130"/>
  <system-out>
    <![CDATA[ledger 1 entered :255 - Commercial Vehicles Depreciation B/Fwd
ledger 2 entered :256 - Commercial Vehicles Depreciation Disposal
ledger 3 entered :257 - Commercial Vehicles Depreciation Revaluations
ledger 4 entered :258 - Commercial Vehicles Depreciation Transfers
ledger 5 entered :259 - Commercial Vehicles Depreciation Charge
Ledger code verified: Commercial Vehicles Depreciation B/Fwd
Amount enter verified: 1,000.00
Ledger code verified: Commercial Vehicles Depreciation Disposal
Amount enter verified: 1,000.00
Ledger code verified: Commercial Vehicles Depreciation Revaluations
Amount enter verified: 1,000.00
Ledger code verified: Commercial Vehicles Depreciation Transfers
Amount enter verified: 1,000.00
Ledger code verified: Commercial Vehicles Depreciation Charge
Amount enter verified: (4,000.00)
Enteries are Verified on Balance Sheet Report page :]]>
  </system-out>
  <testcase classname="Test_Trial_Balance_RE_Jour_Bank_Supp_3.TC_10_3_BS_FixedAsset_255_To_259_With_Journal_Bank_Supplier" name="GoToUrlAssertUrlPositiveEnternLOGINPositiveEnternPASSClickLoginGoToUrlAssertUrlClickAgentsP3" time="128.112"/>
  <system-out/>
</testsuite> <!-- Test_Trial_Balance_RE_Jour_Bank_Supp_3.TC_10_3_BS_FixedAsset_255_To_259_With_Journal_Bank_Supplier -->
