<?xml version="1.0" encoding="UTF-8"?>
<!-- Generated by org.testng.reporters.JUnitReportReporter -->
<testsuite hostname="OB-Sum" failures="0" tests="1" name="Supplier_FRSToNoVAT.ScriptSubcontractorBill_FRSToNOVAT_DefaultProfile" time="41.347" errors="0" timestamp="2022-02-06T06:55:34 IST" skipped="0">
  <testcase classname="Supplier_FRSToNoVAT.ScriptSubcontractorBill_FRSToNOVAT_DefaultProfile" name="GoToUrlAssertUrlPositiveEnterUserNamePositiveEnterPasswordClickLoginButtonGoToUrlAssertUrlCl" time="41.347"/>
  <system-out/>
</testsuite> <!-- Supplier_FRSToNoVAT.ScriptSubcontractorBill_FRSToNOVAT_DefaultProfile -->
