<?xml version="1.0" encoding="UTF-8"?>
<!-- Generated by org.testng.reporters.JUnitReportReporter -->
<testsuite hostname="OB-Sum" failures="0" tests="2" name="Test_Balance_RE_Jour_Bank_Supp_3.TC_24_2_BS_TAXATION_1100_1103_1104_With_Journal_Bank" time="145.747" errors="0" timestamp="2022-02-19T09:42:02 IST" skipped="0">
  <testcase classname="Test_Balance_RE_Jour_Bank_Supp_3.TC_24_2_BS_TAXATION_1100_1103_1104_With_Journal_Bank" name="GoToUrlAssertUrlPositiveEnternLOGINPositiveEnternPASSClickLoginGoToUrlAssertUrlClickAgentsP1" time="60.488"/>
  <system-out>
    <![CDATA[ledger 1 entered :1100 - VAT
ledger 2 entered :1103 - Deferred Input VAT
ledger 3 entered :1104 - Deferred Output VAT
Ledger code verified: VAT
Amount enter verified: 1,000.00
Ledger code verified: Deferred Input VAT
Amount enter verified: 1,000.00
Ledger code verified: Deferred Output VAT
Amount enter verified: (2,000.00)
Enteries are Verified on Balance Sheet Report page :]]>
  </system-out>
  <testcase classname="Test_Balance_RE_Jour_Bank_Supp_3.TC_24_2_BS_TAXATION_1100_1103_1104_With_Journal_Bank" name="GoToUrlAssertUrlPositiveEnternLOGINPositiveEnternPASSClickLoginGoToUrlAssertUrlClickAgentsP3" time="85.259"/>
  <system-out/>
</testsuite> <!-- Test_Balance_RE_Jour_Bank_Supp_3.TC_24_2_BS_TAXATION_1100_1103_1104_With_Journal_Bank -->
