<?xml version="1.0" encoding="UTF-8"?>
<!-- Generated by org.testng.reporters.JUnitReportReporter -->
<testsuite hostname="OB-Sum" failures="0" tests="2" name="test.partialReconcileJonralEntrySToFlat.VATOnlyToReconcileForJonral_DefaultProfile" time="298.392" errors="0" timestamp="2021-12-09T18:16:51 IST" skipped="0">
  <testcase classname="test.partialReconcileJonralEntrySToFlat.VATOnlyToReconcileForJonral_DefaultProfile" name="GoToUrlAssertUrlPositiveEnternLOGINPositiveEnternPASSClickLoginGoToUrlAssertUrlClickAgentsP2" time="139.219"/>
  <system-out/>
  <testcase classname="test.partialReconcileJonralEntrySToFlat.VATOnlyToReconcileForJonral_DefaultProfile" name="GoToUrlAssertUrlPositiveEnternLOGINPositiveEnternPASSClickLoginGoToUrlAssertUrlClickAgentsP1" time="159.173"/>
  <system-out/>
</testsuite> <!-- test.partialReconcileJonralEntrySToFlat.VATOnlyToReconcileForJonral_DefaultProfile -->
