<?xml version="1.0" encoding="UTF-8"?>
<!-- Generated by org.testng.reporters.JUnitReportReporter -->
<testsuite hostname="OB-Sum" failures="0" tests="2" name="test.PartialReconcileOnFlatRate.SaleInToReconcileForVATOnly_DefaultProfile" time="140.485" errors="0" timestamp="2021-12-19T01:41:02 IST" skipped="0">
  <testcase classname="test.PartialReconcileOnFlatRate.SaleInToReconcileForVATOnly_DefaultProfile" name="GoToUrlAssertUrlPositiveEnternLOGINPositiveEnternPASSClickLoginGoToUrlAssertUrlClickAgentsP1" time="71.792"/>
  <system-out/>
  <testcase classname="test.PartialReconcileOnFlatRate.SaleInToReconcileForVATOnly_DefaultProfile" name="GoToUrlAssertUrlPositiveEnternLOGINPositiveEnternPASSClickLoginGoToUrlAssertUrlClickAgentsP2" time="68.693"/>
  <system-out/>
</testsuite> <!-- test.PartialReconcileOnFlatRate.SaleInToReconcileForVATOnly_DefaultProfile -->
