<?xml version="1.0" encoding="UTF-8"?>
<!-- Generated by org.testng.reporters.JUnitReportReporter -->
<testsuite hostname="OB-Sum" failures="0" tests="6" name="test.PartialReconcileOnFlatRate.SaleInToReconcile_OnlyFlat_DefaultProfile" time="538.842" errors="0" timestamp="2022-02-06T06:55:35 IST" skipped="0">
  <testcase classname="test.PartialReconcileOnFlatRate.SaleInToReconcile_OnlyFlat_DefaultProfile" name="GoToUrlAssertUrlPositiveEnternLOGINPositiveEnternPASSClickLoginGoToUrlAssertUrlClickAgentsP6" time="87.591"/>
  <system-out/>
  <testcase classname="test.PartialReconcileOnFlatRate.SaleInToReconcile_OnlyFlat_DefaultProfile" name="GoToUrlAssertUrlPositiveEnternLOGINPositiveEnternPASSClickLoginGoToUrlAssertUrlClickAgentsP1" time="85.171"/>
  <system-out/>
  <testcase classname="test.PartialReconcileOnFlatRate.SaleInToReconcile_OnlyFlat_DefaultProfile" name="GoToUrlAssertUrlPositiveEnternLOGINPositiveEnternPASSClickLoginGoToUrlAssertUrlClickAgentsP4" time="86.765"/>
  <system-out/>
  <testcase classname="test.PartialReconcileOnFlatRate.SaleInToReconcile_OnlyFlat_DefaultProfile" name="GoToUrlAssertUrlPositiveEnternLOGINPositiveEnternPASSClickLoginGoToUrlAssertUrlClickAgentsP5" time="96.926"/>
  <system-out/>
  <testcase classname="test.PartialReconcileOnFlatRate.SaleInToReconcile_OnlyFlat_DefaultProfile" name="GoToUrlAssertUrlPositiveEnternLOGINPositiveEnternPASSClickLoginGoToUrlAssertUrlClickAgentsP2" time="89.671"/>
  <system-out/>
  <testcase classname="test.PartialReconcileOnFlatRate.SaleInToReconcile_OnlyFlat_DefaultProfile" name="GoToUrlAssertUrlPositiveEnternLOGINPositiveEnternPASSClickLoginGoToUrlAssertUrlClickAgentsP3" time="92.718"/>
  <system-out/>
</testsuite> <!-- test.PartialReconcileOnFlatRate.SaleInToReconcile_OnlyFlat_DefaultProfile -->
