<?xml version="1.0" encoding="UTF-8"?>
<!-- Generated by org.testng.reporters.JUnitReportReporter -->
<testsuite hostname="OB-Yogesh" failures="0" tests="2" name="VATPhase3.ScriptVATReturn3stVATReturnReport_StandToFlat_DefaultProfile" time="108.911" errors="0" timestamp="2021-05-04T22:41:33 IST" skipped="0">
  <testcase classname="VATPhase3.ScriptVATReturn3stVATReturnReport_StandToFlat_DefaultProfile" name="GoToUrlAssertUrlPositiveEnterUserNamePositiveEnterPasswordClickLoginButtonGoToUrlAssertUrlCl" time="49.513"/>
  <system-out/>
  <testcase classname="VATPhase3.ScriptVATReturn3stVATReturnReport_StandToFlat_DefaultProfile" name="GoToUrlAssertUrlPositiveEnterUserNamePositiveEnterPasswordClickLoginButtonGoToUrlAssertUrlCl" time="59.398"/>
  <system-out/>
</testsuite> <!-- VATPhase3.ScriptVATReturn3stVATReturnReport_StandToFlat_DefaultProfile -->
