<?xml version="1.0" encoding="UTF-8"?>
<!-- Generated by org.testng.reporters.JUnitReportReporter -->
<testsuite hostname="OB-Sum" failures="0" tests="6" name="VAT2.F2S.SaleInToReconcile_DefaultProfile1" time="650.965" errors="0" timestamp="2022-02-06T06:55:31 IST" skipped="0">
  <testcase classname="VAT2.F2S.SaleInToReconcile_DefaultProfile1" name="GoToUrlAssertUrlPositiveEnternLOGINPositiveEnternPASSClickLoginGoToUrlAssertUrlClickAgentsP6" time="108.554"/>
  <system-out/>
  <testcase classname="VAT2.F2S.SaleInToReconcile_DefaultProfile1" name="GoToUrlAssertUrlPositiveEnternLOGINPositiveEnternPASSClickLoginGoToUrlAssertUrlClickAgentsP4" time="113.012"/>
  <system-out/>
  <testcase classname="VAT2.F2S.SaleInToReconcile_DefaultProfile1" name="GoToUrlAssertUrlPositiveEnternLOGINPositiveEnternPASSClickLoginGoToUrlAssertUrlClickAgentsP1" time="106.777"/>
  <system-out/>
  <testcase classname="VAT2.F2S.SaleInToReconcile_DefaultProfile1" name="GoToUrlAssertUrlPositiveEnternLOGINPositiveEnternPASSClickLoginGoToUrlAssertUrlClickAgentsP5" time="97.700"/>
  <system-out/>
  <testcase classname="VAT2.F2S.SaleInToReconcile_DefaultProfile1" name="GoToUrlAssertUrlPositiveEnternLOGINPositiveEnternPASSClickLoginGoToUrlAssertUrlClickAgentsP2" time="115.796"/>
  <system-out/>
  <testcase classname="VAT2.F2S.SaleInToReconcile_DefaultProfile1" name="GoToUrlAssertUrlPositiveEnternLOGINPositiveEnternPASSClickLoginGoToUrlAssertUrlClickAgentsP7" time="109.126"/>
  <system-out/>
</testsuite> <!-- VAT2.F2S.SaleInToReconcile_DefaultProfile1 -->
