<?xml version="1.0" encoding="UTF-8"?>
<!-- Generated by org.testng.reporters.JUnitReportReporter -->
<testsuite hostname="OB-Sum" failures="0" tests="3" name="Test_Trial_Balance_RE_Jour_Bank_Supp_3.TC_09_3_BS_FixedAsset_240_To_249_With_Journal_Bank_Supplier" time="470.101" errors="0" timestamp="2022-01-13T00:26:10 IST" skipped="0">
  <testcase classname="Test_Trial_Balance_RE_Jour_Bank_Supp_3.TC_09_3_BS_FixedAsset_240_To_249_With_Journal_Bank_Supplier" name="GoToUrlAssertUrlPositiveEnternLOGINPositiveEnternPASSClickLoginGoToUrlAssertUrlClickAgentsP3" time="181.601"/>
  <system-out/>
  <testcase classname="Test_Trial_Balance_RE_Jour_Bank_Supp_3.TC_09_3_BS_FixedAsset_240_To_249_With_Journal_Bank_Supplier" name="GoToUrlAssertUrlPositiveEnternLOGINPositiveEnternPASSClickLoginGoToUrlAssertUrlClickAgentsP2" time="205.695"/>
  <system-out/>
  <testcase classname="Test_Trial_Balance_RE_Jour_Bank_Supp_3.TC_09_3_BS_FixedAsset_240_To_249_With_Journal_Bank_Supplier" name="GoToUrlAssertUrlPositiveEnternLOGINPositiveEnternPASSClickLoginGoToUrlAssertUrlClickAgentsP1" time="82.805"/>
  <system-out>
    <![CDATA[ledger 1 entered :240 - Plant and Machinery Cost B/Fwd
ledger 2 entered :241 - Plant and Machinery Additions
ledger 3 entered :242 - Plant and Machinery Disposals
ledger 4 entered :243 - Plant and Machinery Revaluations
ledger 5 entered :244 - Plant and Machinery Transfers
ledger 5 entered :245 - Plant and Machinery Depreciation B/Fwd
ledger 7 entered :246 - Plant and Machinery Depreciation Disposal
ledger 8 entered :247 - Plant and Machinery Depreciation Revaluations
ledger 9 entered :248 - Plant and Machinery Depreciation Transfers
ledger 10 entered :249 - Plant and Machinery Depreciation Charge
Ledger code verified: Plant and Machinery Cost B/Fwd
Amount enter verified: 1,000.00
Ledger code verified: Plant and Machinery Additions
Amount enter verified: 1,000.00
Ledger code verified: Plant and Machinery Disposals
Amount enter verified: 1,000.00
Ledger code verified: Plant and Machinery Revaluations
Amount enter verified: 1,000.00
Ledger code verified: Plant and Machinery Transfers
Amount enter verified: 1,000.00
Ledger code verified: Plant and Machinery Depreciation B/Fwd
Amount enter verified: 1,000.00
Ledger code verified: Plant and Machinery Depreciation Disposal
Amount enter verified: 1,000.00
Ledger code verified: Plant and Machinery Depreciation Revaluations
Amount enter verified: 1,000.00
Ledger code verified: Plant and Machinery Depreciation Transfers
Amount enter verified: 1,000.00
Ledger code verified: Plant and Machinery Depreciation Charge
Amount enter verified: (9,000.00)
Enteries are Verified on Balance Sheet Report page :]]>
  </system-out>
</testsuite> <!-- Test_Trial_Balance_RE_Jour_Bank_Supp_3.TC_09_3_BS_FixedAsset_240_To_249_With_Journal_Bank_Supplier -->
