<?xml version="1.0" encoding="UTF-8"?>
<!-- Generated by org.testng.reporters.JUnitReportReporter -->
<testsuite hostname="OB-Sum" failures="0" tests="6" name="test.PartialReconcilationforOnlySTandardthroughJournalEntry.CreditNoteToReconcileForJonral_DefaultProfile" time="732.620" errors="0" timestamp="2022-02-07T19:49:31 IST" skipped="0">
  <testcase classname="test.PartialReconcilationforOnlySTandardthroughJournalEntry.CreditNoteToReconcileForJonral_DefaultProfile" name="GoToUrlAssertUrlPositiveEnternLOGINPositiveEnternPASSClickLoginGoToUrlAssertUrlClickAgentsP2" time="121.280"/>
  <system-out/>
  <testcase classname="test.PartialReconcilationforOnlySTandardthroughJournalEntry.CreditNoteToReconcileForJonral_DefaultProfile" name="GoToUrlAssertUrlPositiveEnternLOGINPositiveEnternPASSClickLoginGoToUrlAssertUrlClickAgentsP6" time="116.868"/>
  <system-out/>
  <testcase classname="test.PartialReconcilationforOnlySTandardthroughJournalEntry.CreditNoteToReconcileForJonral_DefaultProfile" name="GoToUrlAssertUrlPositiveEnternLOGINPositiveEnternPASSClickLoginGoToUrlAssertUrlClickAgentsP4" time="121.617"/>
  <system-out/>
  <testcase classname="test.PartialReconcilationforOnlySTandardthroughJournalEntry.CreditNoteToReconcileForJonral_DefaultProfile" name="GoToUrlAssertUrlPositiveEnternLOGINPositiveEnternPASSClickLoginGoToUrlAssertUrlClickAgentsP5" time="121.015"/>
  <system-out/>
  <testcase classname="test.PartialReconcilationforOnlySTandardthroughJournalEntry.CreditNoteToReconcileForJonral_DefaultProfile" name="GoToUrlAssertUrlPositiveEnternLOGINPositiveEnternPASSClickLoginGoToUrlAssertUrlClickAgentsP3" time="128.714"/>
  <system-out/>
  <testcase classname="test.PartialReconcilationforOnlySTandardthroughJournalEntry.CreditNoteToReconcileForJonral_DefaultProfile" name="GoToUrlAssertUrlPositiveEnternLOGINPositiveEnternPASSClickLoginGoToUrlAssertUrlClickAgentsP1" time="123.126"/>
  <system-out/>
</testsuite> <!-- test.PartialReconcilationforOnlySTandardthroughJournalEntry.CreditNoteToReconcileForJonral_DefaultProfile -->
