<?xml version="1.0" encoding="UTF-8"?>
<!-- Generated by org.testng.reporters.JUnitReportReporter -->
<testsuite hostname="OB-Sum" failures="0" tests="1" name="Supplier_FRSToNoVAT.ScriptVATReturn2stVATReturnReport_FRSToNOVAT_DefaultProfile" time="66.890" errors="0" timestamp="2021-12-19T01:40:59 IST" skipped="0">
  <testcase classname="Supplier_FRSToNoVAT.ScriptVATReturn2stVATReturnReport_FRSToNOVAT_DefaultProfile" name="GoToUrlAssertUrlPositiveEnterUserNamePositiveEnterPasswordClickLoginButtonGoToUrlAssertUrlCl" time="66.890"/>
  <system-out/>
</testsuite> <!-- Supplier_FRSToNoVAT.ScriptVATReturn2stVATReturnReport_FRSToNOVAT_DefaultProfile -->
