<?xml version="1.0" encoding="UTF-8"?>
<!-- Generated by org.testng.reporters.JUnitReportReporter -->
<testsuite hostname="OB-Sum" failures="0" tests="3" name="tests.BalanceSheet_Bf.TC_43_BSBFDefferedTaxation11031104_DefaultProfile_JBEI" time="395.353" errors="0" timestamp="2022-03-03T17:00:06 IST" skipped="0">
  <testcase classname="tests.BalanceSheet_Bf.TC_43_BSBFDefferedTaxation11031104_DefaultProfile_JBEI" name="GoToUrlAssertUrlPositiveEnternLOGINPositiveEnternPASSClickLoginGoToUrlAssertUrlClickAgentsP1" time="182.231"/>
  <system-out>
    <![CDATA[Accounting Period Status :- Account period closed
Ledger code verified: Deferred Input VAT
Ledger code verified: Deferred Output VAT
Deffered input Vat amount verified: 166.67
Deffered Output Vat amount verified: (400.00)
Enteries are Verified on Balance Sheet Report page :]]>
  </system-out>
  <testcase classname="tests.BalanceSheet_Bf.TC_43_BSBFDefferedTaxation11031104_DefaultProfile_JBEI" name="GoToUrlAssertUrlPositiveEnternLOGINPositiveEnternPASSClickLoginGoToUrlAssertUrlClickAgentsP2" time="126.815"/>
  <system-out>
    <![CDATA[ledger 1 entered :1103 - Deferred Input VAT
ledger 2 entered :1104 - Deferred Output VAT
ledger 3 entered :1400 - Default Bank
Accounting Period Status :- Account period closed
Ledger code verified: Deferred Input VAT
Amount enter verified: 1,000.00
Ledger code verified: Deferred Output VAT
Amount enter verified: 1,100.00
Enteries are Verified on Balance Sheet Report page :
Ledger code verified: Deferred Input VAT
Amount enter verified: 1,000.00
Ledger code verified: Deferred Output VAT
Amount enter verified: 1,100.00
Enteries are Verified on Balance Sheet Report page :]]>
  </system-out>
  <testcase classname="tests.BalanceSheet_Bf.TC_43_BSBFDefferedTaxation11031104_DefaultProfile_JBEI" name="GoToUrlAssertUrlPositiveEnternLOGINPositiveEnternPASSClickLoginGoToUrlAssertUrlClickAgentsP3" time="86.307"/>
  <system-out>
    <![CDATA[Accounting Period Status :- Account period closed]]>
  </system-out>
</testsuite> <!-- tests.BalanceSheet_Bf.TC_43_BSBFDefferedTaxation11031104_DefaultProfile_JBEI -->
