<?xml version="1.0" encoding="UTF-8"?>
<!-- Generated by org.testng.reporters.JUnitReportReporter -->
<testsuite hostname="OB-Sum" failures="0" tests="6" name="Supplier_FRSToFRSP.ScriptSupplierBill_FRSToFRSP_DefaultProfile" time="315.439" errors="0" timestamp="2021-12-09T11:24:15 IST" skipped="0">
  <testcase classname="Supplier_FRSToFRSP.ScriptSupplierBill_FRSToFRSP_DefaultProfile" name="GoToUrlAssertUrlPositiveEnterUserNamePositiveEnterPasswordClickLoginButtonGoToUrlAssertUrlCl6" time="51.563"/>
  <system-out/>
  <testcase classname="Supplier_FRSToFRSP.ScriptSupplierBill_FRSToFRSP_DefaultProfile" name="GoToUrlAssertUrlPositiveEnterUserNamePositiveEnterPasswordClickLoginButtonGoToUrlAssertUrlCl1" time="54.711"/>
  <system-out/>
  <testcase classname="Supplier_FRSToFRSP.ScriptSupplierBill_FRSToFRSP_DefaultProfile" name="GoToUrlAssertUrlPositiveEnterUserNamePositiveEnterPasswordClickLoginButtonGoToUrlAssertUrlCl2" time="51.242"/>
  <system-out/>
  <testcase classname="Supplier_FRSToFRSP.ScriptSupplierBill_FRSToFRSP_DefaultProfile" name="GoToUrlAssertUrlPositiveEnterUserNamePositiveEnterPasswordClickLoginButtonGoToUrlAssertUrlCl4" time="54.655"/>
  <system-out/>
  <testcase classname="Supplier_FRSToFRSP.ScriptSupplierBill_FRSToFRSP_DefaultProfile" name="GoToUrlAssertUrlPositiveEnterUserNamePositiveEnterPasswordClickLoginButtonGoToUrlAssertUrlCl3" time="53.030"/>
  <system-out/>
  <testcase classname="Supplier_FRSToFRSP.ScriptSupplierBill_FRSToFRSP_DefaultProfile" name="GoToUrlAssertUrlPositiveEnterUserNamePositiveEnterPasswordClickLoginButtonGoToUrlAssertUrlCl5" time="50.238"/>
  <system-out/>
</testsuite> <!-- Supplier_FRSToFRSP.ScriptSupplierBill_FRSToFRSP_DefaultProfile -->
