<?xml version="1.0" encoding="UTF-8"?>
<!-- Generated by org.testng.reporters.JUnitReportReporter -->
<testsuite hostname="OB-Sum" failures="0" tests="6" name="test.PartialReconcileOnStandard.SaleInToReconcile_DefaultProfile" time="450.524" errors="0" timestamp="2021-12-19T01:41:01 IST" skipped="0">
  <testcase classname="test.PartialReconcileOnStandard.SaleInToReconcile_DefaultProfile" name="GoToUrlAssertUrlPositiveEnternLOGINPositiveEnternPASSClickLoginGoToUrlAssertUrlClickAgentsP5" time="73.420"/>
  <system-out/>
  <testcase classname="test.PartialReconcileOnStandard.SaleInToReconcile_DefaultProfile" name="GoToUrlAssertUrlPositiveEnternLOGINPositiveEnternPASSClickLoginGoToUrlAssertUrlClickAgentsP6" time="74.562"/>
  <system-out/>
  <testcase classname="test.PartialReconcileOnStandard.SaleInToReconcile_DefaultProfile" name="GoToUrlAssertUrlPositiveEnternLOGINPositiveEnternPASSClickLoginGoToUrlAssertUrlClickAgentsP4" time="78.800"/>
  <system-out/>
  <testcase classname="test.PartialReconcileOnStandard.SaleInToReconcile_DefaultProfile" name="GoToUrlAssertUrlPositiveEnternLOGINPositiveEnternPASSClickLoginGoToUrlAssertUrlClickAgentsP2" time="73.375"/>
  <system-out/>
  <testcase classname="test.PartialReconcileOnStandard.SaleInToReconcile_DefaultProfile" name="GoToUrlAssertUrlPositiveEnternLOGINPositiveEnternPASSClickLoginGoToUrlAssertUrlClickAgentsP3" time="74.131"/>
  <system-out/>
  <testcase classname="test.PartialReconcileOnStandard.SaleInToReconcile_DefaultProfile" name="GoToUrlAssertUrlPositiveEnternLOGINPositiveEnternPASSClickLoginGoToUrlAssertUrlClickAgentsP1" time="76.236"/>
  <system-out/>
</testsuite> <!-- test.PartialReconcileOnStandard.SaleInToReconcile_DefaultProfile -->
