<?xml version="1.0" encoding="UTF-8"?>
<!-- Generated by org.testng.reporters.JUnitReportReporter -->
<testsuite hostname="OB-Sum" failures="0" tests="2" name="VAT2.F2S.SaleInToReconcileForVATOnly_DefaultProfile1" time="222.885" errors="0" timestamp="2022-02-07T19:49:30 IST" skipped="0">
  <testcase classname="VAT2.F2S.SaleInToReconcileForVATOnly_DefaultProfile1" name="GoToUrlAssertUrlPositiveEnternLOGINPositiveEnternPASSClickLoginGoToUrlAssertUrlClickAgentsP2" time="117.371"/>
  <system-out/>
  <testcase classname="VAT2.F2S.SaleInToReconcileForVATOnly_DefaultProfile1" name="GoToUrlAssertUrlPositiveEnternLOGINPositiveEnternPASSClickLoginGoToUrlAssertUrlClickAgentsP1" time="105.514"/>
  <system-out/>
</testsuite> <!-- VAT2.F2S.SaleInToReconcileForVATOnly_DefaultProfile1 -->
