<?xml version="1.0" encoding="UTF-8"?>
<!-- Generated by org.testng.reporters.JUnitReportReporter -->
<testsuite hostname="OB-Sum" failures="0" tests="1" name="test.FlatToFlatPer.ScriptVATReturn3stVATReturnReport_FlatToFlatPDefaultProfile" time="52.271" errors="0" timestamp="2022-02-06T06:55:30 IST" skipped="0">
  <testcase classname="test.FlatToFlatPer.ScriptVATReturn3stVATReturnReport_FlatToFlatPDefaultProfile" name="GoToUrlAssertUrlPositiveEnterUserNamePositiveEnterPasswordClickLoginButtonGoToUrlAssertUrlCl" time="52.271"/>
  <system-out/>
</testsuite> <!-- test.FlatToFlatPer.ScriptVATReturn3stVATReturnReport_FlatToFlatPDefaultProfile -->
