<?xml version="1.0" encoding="UTF-8"?>
<!-- Generated by org.testng.reporters.JUnitReportReporter -->
<testsuite hostname="OB-Sum" failures="0" tests="1" name="Test_Trial_Balance_Report.TC_28_LadgerCode_7001_7015_7010_Report" time="114.587" errors="0" timestamp="2021-12-30T15:36:05 IST" skipped="0">
  <testcase classname="Test_Trial_Balance_Report.TC_28_LadgerCode_7001_7015_7010_Report" name="GoToUrlAssertUrlPositiveEnternLOGINPositiveEnternPASSClickLoginGoToUrlAssertUrlClickAgentsP1" time="114.587"/>
  <system-out/>
</testsuite> <!-- Test_Trial_Balance_Report.TC_28_LadgerCode_7001_7015_7010_Report -->
