<?xml version="1.0" encoding="UTF-8"?>
<!-- Generated by org.testng.reporters.JUnitReportReporter -->
<testsuite hostname="OB-Sum" failures="0" tests="1" name="ExpenceRemFlatToStand.ScriptVATReturn1stVATReturnReport_SToFRS_DefaultProfile" time="49.733" errors="0" timestamp="2021-12-19T01:41:01 IST" skipped="0">
  <testcase classname="ExpenceRemFlatToStand.ScriptVATReturn1stVATReturnReport_SToFRS_DefaultProfile" name="GoToUrlAssertUrlPositiveEnterUserNamePositiveEnterPasswordClickLoginButtonGoToUrlAssertUrlCl" time="49.733"/>
  <system-out/>
</testsuite> <!-- ExpenceRemFlatToStand.ScriptVATReturn1stVATReturnReport_SToFRS_DefaultProfile -->
