<?xml version="1.0" encoding="UTF-8"?>
<!-- Generated by org.testng.reporters.JUnitReportReporter -->
<testsuite hostname="OB-Sum" failures="0" tests="6" name="Supplier_SToNoVAT.ScriptDebitNoteSToNOVAT_DefaultProfile" time="344.489" errors="0" timestamp="2021-12-09T11:24:14 IST" skipped="0">
  <testcase classname="Supplier_SToNoVAT.ScriptDebitNoteSToNOVAT_DefaultProfile" name="GoToUrlAssertUrlPositiveEnterUserNamePositiveEnterPasswordClickLoginButtonGoToUrlAssertUrlCl5" time="57.942"/>
  <system-out/>
  <testcase classname="Supplier_SToNoVAT.ScriptDebitNoteSToNOVAT_DefaultProfile" name="GoToUrlAssertUrlPositiveEnterUserNamePositiveEnterPasswordClickLoginButtonGoToUrlAssertUrlCl3" time="58.848"/>
  <system-out/>
  <testcase classname="Supplier_SToNoVAT.ScriptDebitNoteSToNOVAT_DefaultProfile" name="GoToUrlAssertUrlPositiveEnterUserNamePositiveEnterPasswordClickLoginButtonGoToUrlAssertUrlCl1" time="58.963"/>
  <system-out/>
  <testcase classname="Supplier_SToNoVAT.ScriptDebitNoteSToNOVAT_DefaultProfile" name="GoToUrlAssertUrlPositiveEnterUserNamePositiveEnterPasswordClickLoginButtonGoToUrlAssertUrlCl4" time="57.596"/>
  <system-out/>
  <testcase classname="Supplier_SToNoVAT.ScriptDebitNoteSToNOVAT_DefaultProfile" name="GoToUrlAssertUrlPositiveEnterUserNamePositiveEnterPasswordClickLoginButtonGoToUrlAssertUrlCl6" time="56.102"/>
  <system-out/>
  <testcase classname="Supplier_SToNoVAT.ScriptDebitNoteSToNOVAT_DefaultProfile" name="GoToUrlAssertUrlPositiveEnterUserNamePositiveEnterPasswordClickLoginButtonGoToUrlAssertUrlCl2" time="55.038"/>
  <system-out/>
</testsuite> <!-- Supplier_SToNoVAT.ScriptDebitNoteSToNOVAT_DefaultProfile -->
