<?xml version="1.0" encoding="UTF-8"?>
<!-- Generated by org.testng.reporters.JUnitReportReporter -->
<testsuite hostname="OB-Sum" failures="0" tests="1" name="tests.BalanceSheet_Bf.TC_49_BSBFCreditorDueWithinYear20002080_DefaultProfile" time="227.835" errors="0" timestamp="2022-01-27T12:15:08 IST" skipped="0">
  <testcase classname="tests.BalanceSheet_Bf.TC_49_BSBFCreditorDueWithinYear20002080_DefaultProfile" name="GoToUrlAssertUrlPositiveEnternLOGINPositiveEnternPASSClickLoginGoToUrlAssertUrlClickAgentsP3" time="227.835"/>
  <system-out>
    <![CDATA[Accounting Period Status : Account UnClosed 
Accounting Period Status : Account UnLocked
Accounting Period Status :- Account period closed]]>
  </system-out>
</testsuite> <!-- tests.BalanceSheet_Bf.TC_49_BSBFCreditorDueWithinYear20002080_DefaultProfile -->
