<?xml version="1.0" encoding="UTF-8"?>
<!-- Generated by org.testng.reporters.JUnitReportReporter -->
<testsuite hostname="OB-Sum" failures="0" tests="1" name="Test_Trial_Balance_Report.TC_13_LadgerCode_7263_271_270_Report" time="110.645" errors="0" timestamp="2022-02-19T09:42:03 IST" skipped="0">
  <testcase classname="Test_Trial_Balance_Report.TC_13_LadgerCode_7263_271_270_Report" name="GoToUrlAssertUrlPositiveEnternLOGINPositiveEnternPASSClickLoginGoToUrlAssertUrlClickAgentsP1" time="110.645"/>
  <system-out/>
</testsuite> <!-- Test_Trial_Balance_Report.TC_13_LadgerCode_7263_271_270_Report -->
