<?xml version="1.0" encoding="UTF-8"?>
<!-- Generated by org.testng.reporters.JUnitReportReporter -->
<testsuite hostname="OB-Sum" failures="0" tests="1" name="VAT2.S2F.pre2_ScriptVATReturn2stVATReturnReport_SToFlat_cus" time="62.907" errors="0" timestamp="2022-02-06T06:55:36 IST" skipped="0">
  <testcase classname="VAT2.S2F.pre2_ScriptVATReturn2stVATReturnReport_SToFlat_cus" name="GoToUrlAssertUrlPositiveEnterUserNamePositiveEnterPasswordClickLoginButtonGoToUrlAssertUrlCl" time="62.907"/>
  <system-out/>
</testsuite> <!-- VAT2.S2F.pre2_ScriptVATReturn2stVATReturnReport_SToFlat_cus -->
