<?xml version="1.0" encoding="UTF-8"?>
<!-- Generated by org.testng.reporters.JUnitReportReporter -->
<testsuite hostname="OB-Yogesh" failures="0" tests="6" name="Supplier_FRSToNoVAT.ScriptDebitNoteFRSToNOVAT_DefaultProfile" time="260.190" errors="0" timestamp="2021-03-02T00:14:26 IST" skipped="0">
  <testcase classname="Supplier_FRSToNoVAT.ScriptDebitNoteFRSToNOVAT_DefaultProfile" name="GoToUrlAssertUrlPositiveEnterUserNamePositiveEnterPasswordClickLoginButtonGoToUrlAssertUrlCl3" time="43.007"/>
  <system-out/>
  <testcase classname="Supplier_FRSToNoVAT.ScriptDebitNoteFRSToNOVAT_DefaultProfile" name="GoToUrlAssertUrlPositiveEnterUserNamePositiveEnterPasswordClickLoginButtonGoToUrlAssertUrlCl4" time="44.024"/>
  <system-out/>
  <testcase classname="Supplier_FRSToNoVAT.ScriptDebitNoteFRSToNOVAT_DefaultProfile" name="GoToUrlAssertUrlPositiveEnterUserNamePositiveEnterPasswordClickLoginButtonGoToUrlAssertUrlCl2" time="42.389"/>
  <system-out/>
  <testcase classname="Supplier_FRSToNoVAT.ScriptDebitNoteFRSToNOVAT_DefaultProfile" name="GoToUrlAssertUrlPositiveEnterUserNamePositiveEnterPasswordClickLoginButtonGoToUrlAssertUrlCl6" time="44.781"/>
  <system-out/>
  <testcase classname="Supplier_FRSToNoVAT.ScriptDebitNoteFRSToNOVAT_DefaultProfile" name="GoToUrlAssertUrlPositiveEnterUserNamePositiveEnterPasswordClickLoginButtonGoToUrlAssertUrlCl5" time="43.356"/>
  <system-out/>
  <testcase classname="Supplier_FRSToNoVAT.ScriptDebitNoteFRSToNOVAT_DefaultProfile" name="GoToUrlAssertUrlPositiveEnterUserNamePositiveEnterPasswordClickLoginButtonGoToUrlAssertUrlCl1" time="42.633"/>
  <system-out/>
</testsuite> <!-- Supplier_FRSToNoVAT.ScriptDebitNoteFRSToNOVAT_DefaultProfile -->
