<?xml version="1.0" encoding="UTF-8"?>
<!-- Generated by org.testng.reporters.JUnitReportReporter -->
<testsuite hostname="OB-Sum" failures="0" tests="1" name="test.FlatToStandard.ScriptVATReturn3stVATReturnReport_FlatToStandard_DefaultProfile" time="51.886" errors="0" timestamp="2022-02-06T06:55:31 IST" skipped="0">
  <testcase classname="test.FlatToStandard.ScriptVATReturn3stVATReturnReport_FlatToStandard_DefaultProfile" name="GoToUrlAssertUrlPositiveEnterUserNamePositiveEnterPasswordClickLoginButtonGoToUrlAssertUrlCl" time="51.886"/>
  <system-out/>
</testsuite> <!-- test.FlatToStandard.ScriptVATReturn3stVATReturnReport_FlatToStandard_DefaultProfile -->
