<?xml version="1.0" encoding="UTF-8"?>
<!-- Generated by org.testng.reporters.JUnitReportReporter -->
<testsuite hostname="OB-Sum" failures="0" tests="6" name="Supplier_STNDToFRS.ScriptSupplierBillSToFRS_DefaultProfile" time="308.786" errors="0" timestamp="2021-12-19T01:40:59 IST" skipped="0">
  <testcase classname="Supplier_STNDToFRS.ScriptSupplierBillSToFRS_DefaultProfile" name="GoToUrlAssertUrlPositiveEnterUserNamePositiveEnterPasswordClickLoginButtonGoToUrlAssertUrlCl1" time="49.476"/>
  <system-out/>
  <testcase classname="Supplier_STNDToFRS.ScriptSupplierBillSToFRS_DefaultProfile" name="GoToUrlAssertUrlPositiveEnterUserNamePositiveEnterPasswordClickLoginButtonGoToUrlAssertUrlCl6" time="52.092"/>
  <system-out/>
  <testcase classname="Supplier_STNDToFRS.ScriptSupplierBillSToFRS_DefaultProfile" name="GoToUrlAssertUrlPositiveEnterUserNamePositiveEnterPasswordClickLoginButtonGoToUrlAssertUrlCl4" time="49.753"/>
  <system-out/>
  <testcase classname="Supplier_STNDToFRS.ScriptSupplierBillSToFRS_DefaultProfile" name="GoToUrlAssertUrlPositiveEnterUserNamePositiveEnterPasswordClickLoginButtonGoToUrlAssertUrlCl5" time="51.426"/>
  <system-out/>
  <testcase classname="Supplier_STNDToFRS.ScriptSupplierBillSToFRS_DefaultProfile" name="GoToUrlAssertUrlPositiveEnterUserNamePositiveEnterPasswordClickLoginButtonGoToUrlAssertUrlCl3" time="52.966"/>
  <system-out/>
  <testcase classname="Supplier_STNDToFRS.ScriptSupplierBillSToFRS_DefaultProfile" name="GoToUrlAssertUrlPositiveEnterUserNamePositiveEnterPasswordClickLoginButtonGoToUrlAssertUrlCl2" time="53.073"/>
  <system-out/>
</testsuite> <!-- Supplier_STNDToFRS.ScriptSupplierBillSToFRS_DefaultProfile -->
