<?xml version="1.0" encoding="UTF-8"?>
<!-- Generated by org.testng.reporters.JUnitReportReporter -->
<testsuite hostname="OB-Yogesh" failures="0" tests="1" name="Supplier_FRSToStandard.ScriptVerifyByTrialBalanceDefaultProfile_DefaultProfile" time="34.495" errors="0" timestamp="2021-03-04T07:52:51 IST" skipped="0">
  <testcase classname="Supplier_FRSToStandard.ScriptVerifyByTrialBalanceDefaultProfile_DefaultProfile" name="GoToUrlAssertUrlPositiveEnterUserNamePositiveEnterPasswordClickLoginButtonGoToUrlAssertUrlCl" time="34.495"/>
  <system-out/>
</testsuite> <!-- Supplier_FRSToStandard.ScriptVerifyByTrialBalanceDefaultProfile_DefaultProfile -->
