<?xml version="1.0" encoding="UTF-8"?>
<!-- Generated by org.testng.reporters.JUnitReportReporter -->
<testsuite hostname="OB-Sum" failures="0" tests="1" name="test.partialReconcileJonralEntryFlatToStand.VATOnlyToReconcileForJonral_DefaultProfile" time="144.637" errors="0" timestamp="2022-02-07T22:16:17 IST" skipped="0">
  <testcase classname="test.partialReconcileJonralEntryFlatToStand.VATOnlyToReconcileForJonral_DefaultProfile" name="GoToUrlAssertUrlPositiveEnternLOGINPositiveEnternPASSClickLoginGoToUrlAssertUrlClickAgentsP2" time="144.637"/>
  <system-out/>
</testsuite> <!-- test.partialReconcileJonralEntryFlatToStand.VATOnlyToReconcileForJonral_DefaultProfile -->
