<?xml version="1.0" encoding="UTF-8"?>
<!-- Generated by org.testng.reporters.JUnitReportReporter -->
<testsuite hostname="OB-Sum" failures="0" tests="1" name="VAT3.FullREC_F2_Standard.Supplier_ScriptPostVATReturn1stVATReturnReport_1" time="50.728" errors="0" timestamp="2022-02-06T06:55:33 IST" skipped="0">
  <testcase classname="VAT3.FullREC_F2_Standard.Supplier_ScriptPostVATReturn1stVATReturnReport_1" name="GoToUrlAssertUrlPositiveEnterUserNamePositiveEnterPasswordClickLoginButtonGoToUrlAssertUrlCl" time="50.728"/>
  <system-out/>
</testsuite> <!-- VAT3.FullREC_F2_Standard.Supplier_ScriptPostVATReturn1stVATReturnReport_1 -->
