<?xml version="1.0" encoding="UTF-8"?>
<!-- Generated by org.testng.reporters.JUnitReportReporter -->
<testsuite hostname="OB-Sum" failures="0" tests="1" name="VAT3_InvoiceUnreconcileCases.ScriptPostVATReturn3stVATReturnReport_DefaultProfile_3" time="46.553" errors="0" timestamp="2021-11-13T14:01:26 IST" skipped="0">
  <testcase classname="VAT3_InvoiceUnreconcileCases.ScriptPostVATReturn3stVATReturnReport_DefaultProfile_3" name="GoToUrlAssertUrlPositiveEnterUserNamePositiveEnterPasswordClickLoginButtonGoToUrlAssertUrlCl" time="46.553"/>
  <system-out/>
</testsuite> <!-- VAT3_InvoiceUnreconcileCases.ScriptPostVATReturn3stVATReturnReport_DefaultProfile_3 -->
