<?xml version="1.0" encoding="UTF-8"?>
<!-- Generated by org.testng.reporters.JUnitReportReporter -->
<testsuite hostname="OB-Sum" failures="0" tests="1" name="tests.BalanceSheet_Bf.TC_38_BSBF_Bank10711073_DefaultProfile" time="121.708" errors="0" timestamp="2022-01-21T21:30:18 IST" skipped="0">
  <testcase classname="tests.BalanceSheet_Bf.TC_38_BSBF_Bank10711073_DefaultProfile" name="GoToUrlAssertUrlPositiveEnternLOGINPositiveEnternPASSClickLoginGoToUrlAssertUrlClickAgentsP3" time="121.708"/>
  <system-out>
    <![CDATA[Accounting Period Status : Account UnClosed 
Accounting Period Status : Account UnLocked
Accounting Period Status :- Account period closed]]>
  </system-out>
</testsuite> <!-- tests.BalanceSheet_Bf.TC_38_BSBF_Bank10711073_DefaultProfile -->
