<?xml version="1.0" encoding="UTF-8"?>
<!-- Generated by org.testng.reporters.JUnitReportReporter -->
<testsuite hostname="OB-Sum" failures="0" tests="1" name="ExpenceRemSToFlat.ScriptPostVATReturn1stVATReturnReport_DefaultProfile" time="55.956" errors="0" timestamp="2022-02-06T06:55:35 IST" skipped="0">
  <testcase classname="ExpenceRemSToFlat.ScriptPostVATReturn1stVATReturnReport_DefaultProfile" name="GoToUrlAssertUrlPositiveEnterUserNamePositiveEnterPasswordClickLoginButtonGoToUrlAssertUrlCl" time="55.956"/>
  <system-out/>
</testsuite> <!-- ExpenceRemSToFlat.ScriptPostVATReturn1stVATReturnReport_DefaultProfile -->
