<?xml version="1.0" encoding="UTF-8"?>
<!-- Generated by org.testng.reporters.JUnitReportReporter -->
<testsuite hostname="OB-Sum" failures="0" tests="1" name="VATPhase3_Banking_ToSale.ScriptPostVATReturn1stVATReturnReport_StandToNoVAT_DefaultProfile_4" time="54.313" errors="0" timestamp="2022-02-06T06:55:29 IST" skipped="0">
  <testcase classname="VATPhase3_Banking_ToSale.ScriptPostVATReturn1stVATReturnReport_StandToNoVAT_DefaultProfile_4" name="GoToUrlAssertUrlPositiveEnterUserNamePositiveEnterPasswordClickLoginButtonGoToUrlAssertUrlCl" time="54.313"/>
  <system-out/>
</testsuite> <!-- VATPhase3_Banking_ToSale.ScriptPostVATReturn1stVATReturnReport_StandToNoVAT_DefaultProfile_4 -->
