<?xml version="1.0" encoding="UTF-8"?>
<!-- Generated by org.testng.reporters.JUnitReportReporter -->
<testsuite hostname="OB-Sum" failures="0" tests="1" name="VAT2.F2S.scriptaddvatrate_addvatrate1" time="47.465" errors="0" timestamp="2021-12-09T11:24:14 IST" skipped="0">
  <testcase classname="VAT2.F2S.scriptaddvatrate_addvatrate1" name="addvatrateGoToUrlAssertUrlPositiveEnternLOGINPositiveEnternPASSClickLoginGoToUrlAssertUrlCl7" time="47.465"/>
  <system-out/>
</testsuite> <!-- VAT2.F2S.scriptaddvatrate_addvatrate1 -->
