<?xml version="1.0" encoding="UTF-8"?>
<!-- Generated by org.testng.reporters.JUnitReportReporter -->
<testsuite hostname="OB-Sum" failures="0" tests="1" name="VAT2.S2F.scriptaddvatrate_addvatrate_StoF_Cus" time="50.383" errors="0" timestamp="2022-02-06T06:55:33 IST" skipped="0">
  <testcase classname="VAT2.S2F.scriptaddvatrate_addvatrate_StoF_Cus" name="addvatrateGoToUrlAssertUrlPositiveEnternLOGINPositiveEnternPASSClickLoginGoToUrlAssertUrlCl7" time="50.383"/>
  <system-out/>
</testsuite> <!-- VAT2.S2F.scriptaddvatrate_addvatrate_StoF_Cus -->
