<?xml version="1.0" encoding="UTF-8"?>
<!-- Generated by org.testng.reporters.JUnitReportReporter -->
<testsuite hostname="OB-Sum" failures="0" tests="1" name="test.FlatToStandard.ScriptVerifyByTrialBalanceScreenshotDefaultProfile_DefaultProfile" time="43.849" errors="0" timestamp="2021-12-19T01:41:00 IST" skipped="0">
  <testcase classname="test.FlatToStandard.ScriptVerifyByTrialBalanceScreenshotDefaultProfile_DefaultProfile" name="GoToUrlAssertUrlPositiveEnterUserNamePositiveEnterPasswordClickLoginButtonGoToUrlAssertUrlCl" time="43.849"/>
  <system-out/>
</testsuite> <!-- test.FlatToStandard.ScriptVerifyByTrialBalanceScreenshotDefaultProfile_DefaultProfile -->
