<?xml version="1.0" encoding="UTF-8"?>
<!-- Generated by org.testng.reporters.JUnitReportReporter -->
<testsuite hostname="OB-Sum" failures="0" tests="6" name="VAT3.FullREC_S2_FLAT.Supplier_ReconcileForDebitNote_1" time="666.358" errors="0" timestamp="2021-12-01T04:35:03 IST" skipped="0">
  <testcase classname="VAT3.FullREC_S2_FLAT.Supplier_ReconcileForDebitNote_1" name="GoToUrlAssertUrlPositiveEnternLOGINPositiveEnternPASSClickLoginGoToUrlAssertUrlClickAgentsP2" time="111.477"/>
  <system-out/>
  <testcase classname="VAT3.FullREC_S2_FLAT.Supplier_ReconcileForDebitNote_1" name="GoToUrlAssertUrlPositiveEnternLOGINPositiveEnternPASSClickLoginGoToUrlAssertUrlClickAgentsP1" time="115.798"/>
  <system-out/>
  <testcase classname="VAT3.FullREC_S2_FLAT.Supplier_ReconcileForDebitNote_1" name="GoToUrlAssertUrlPositiveEnternLOGINPositiveEnternPASSClickLoginGoToUrlAssertUrlClickAgentsP6" time="112.384"/>
  <system-out/>
  <testcase classname="VAT3.FullREC_S2_FLAT.Supplier_ReconcileForDebitNote_1" name="GoToUrlAssertUrlPositiveEnternLOGINPositiveEnternPASSClickLoginGoToUrlAssertUrlClickAgentsP3" time="109.833"/>
  <system-out/>
  <testcase classname="VAT3.FullREC_S2_FLAT.Supplier_ReconcileForDebitNote_1" name="GoToUrlAssertUrlPositiveEnternLOGINPositiveEnternPASSClickLoginGoToUrlAssertUrlClickAgentsP4" time="106.983"/>
  <system-out/>
  <testcase classname="VAT3.FullREC_S2_FLAT.Supplier_ReconcileForDebitNote_1" name="GoToUrlAssertUrlPositiveEnternLOGINPositiveEnternPASSClickLoginGoToUrlAssertUrlClickAgentsP5" time="109.883"/>
  <system-out/>
</testsuite> <!-- VAT3.FullREC_S2_FLAT.Supplier_ReconcileForDebitNote_1 -->
