<?xml version="1.0" encoding="UTF-8"?>
<!-- Generated by org.testng.reporters.JUnitReportReporter -->
<testsuite hostname="OB-Sum" failures="0" tests="1" name="Test_Income.TestNewQuotes_UserStories" time="43.623" errors="0" timestamp="2021-10-26T23:18:14 IST" skipped="0">
  <testcase classname="Test_Income.TestNewQuotes_UserStories" name="ClickNew1ClickNewQuote2PositiveSelectSelectCustomer3EnterEnterInvoiceNo4PositiveEnterEnterInvoi" time="43.623"/>
  <system-out/>
</testsuite> <!-- Test_Income.TestNewQuotes_UserStories -->
