<?xml version="1.0" encoding="UTF-8"?>
<!-- Generated by org.testng.reporters.JUnitReportReporter -->
<testsuite hostname="OB-Sum" failures="0" tests="6" name="AdvanceReconcileByBankForSupplierBillSToFlat.SaleInToPartialReconcile_DebitNote_DefaultProfile" time="537.593" errors="0" timestamp="2022-02-06T06:55:34 IST" skipped="0">
  <testcase classname="AdvanceReconcileByBankForSupplierBillSToFlat.SaleInToPartialReconcile_DebitNote_DefaultProfile" name="GoToUrlAssertUrlPositiveEnternLOGINPositiveEnternPASSClickLoginGoToUrlAssertUrlClickAgentsP1" time="92.438"/>
  <system-out/>
  <testcase classname="AdvanceReconcileByBankForSupplierBillSToFlat.SaleInToPartialReconcile_DebitNote_DefaultProfile" name="GoToUrlAssertUrlPositiveEnternLOGINPositiveEnternPASSClickLoginGoToUrlAssertUrlClickAgentsP6" time="91.083"/>
  <system-out/>
  <testcase classname="AdvanceReconcileByBankForSupplierBillSToFlat.SaleInToPartialReconcile_DebitNote_DefaultProfile" name="GoToUrlAssertUrlPositiveEnternLOGINPositiveEnternPASSClickLoginGoToUrlAssertUrlClickAgentsP4" time="89.470"/>
  <system-out/>
  <testcase classname="AdvanceReconcileByBankForSupplierBillSToFlat.SaleInToPartialReconcile_DebitNote_DefaultProfile" name="GoToUrlAssertUrlPositiveEnternLOGINPositiveEnternPASSClickLoginGoToUrlAssertUrlClickAgentsP2" time="90.789"/>
  <system-out/>
  <testcase classname="AdvanceReconcileByBankForSupplierBillSToFlat.SaleInToPartialReconcile_DebitNote_DefaultProfile" name="GoToUrlAssertUrlPositiveEnternLOGINPositiveEnternPASSClickLoginGoToUrlAssertUrlClickAgentsP3" time="86.825"/>
  <system-out/>
  <testcase classname="AdvanceReconcileByBankForSupplierBillSToFlat.SaleInToPartialReconcile_DebitNote_DefaultProfile" name="GoToUrlAssertUrlPositiveEnternLOGINPositiveEnternPASSClickLoginGoToUrlAssertUrlClickAgentsP5" time="86.988"/>
  <system-out/>
</testsuite> <!-- AdvanceReconcileByBankForSupplierBillSToFlat.SaleInToPartialReconcile_DebitNote_DefaultProfile -->
