<?xml version="1.0" encoding="UTF-8"?>
<!-- Generated by org.testng.reporters.JUnitReportReporter -->
<testsuite hostname="OB-Yogesh" failures="0" tests="1" name="VAT3_ExpensesReinbr.ScriptStandardToFlat_DefaultProfile_4" time="52.222" errors="0" timestamp="2021-05-16T23:58:36 IST" skipped="0">
  <testcase classname="VAT3_ExpensesReinbr.ScriptStandardToFlat_DefaultProfile_4" name="GoToUrlAssertUrlPositiveEnterUserNamePositiveEnterPasswordClickLoginButtonGoToUrlAssertUrlCl1" time="52.222"/>
  <system-out/>
</testsuite> <!-- VAT3_ExpensesReinbr.ScriptStandardToFlat_DefaultProfile_4 -->
