<?xml version="1.0" encoding="UTF-8"?>
<!-- Generated by org.testng.reporters.JUnitReportReporter -->
<testsuite hostname="OB-Sum" failures="0" tests="6" name="VAT3_UnReconciled_FtoS.Un_F2S_SupplierBill" time="396.731" errors="0" timestamp="2022-02-06T06:55:29 IST" skipped="0">
  <testcase classname="VAT3_UnReconciled_FtoS.Un_F2S_SupplierBill" name="GoToUrlAssertUrlPositiveEnternLOGINPositiveEnternPASSClickLoginGoToUrlAssertUrlClickAgentsP6" time="57.486"/>
  <system-out/>
  <testcase classname="VAT3_UnReconciled_FtoS.Un_F2S_SupplierBill" name="GoToUrlAssertUrlPositiveEnternLOGINPositiveEnternPASSClickLoginGoToUrlAssertUrlClickAgentsP5" time="82.420"/>
  <system-out/>
  <testcase classname="VAT3_UnReconciled_FtoS.Un_F2S_SupplierBill" name="GoToUrlAssertUrlPositiveEnternLOGINPositiveEnternPASSClickLoginGoToUrlAssertUrlClickAgentsP2" time="92.262"/>
  <system-out/>
  <testcase classname="VAT3_UnReconciled_FtoS.Un_F2S_SupplierBill" name="GoToUrlAssertUrlPositiveEnternLOGINPositiveEnternPASSClickLoginGoToUrlAssertUrlClickAgentsP9" time="55.427"/>
  <system-out/>
  <testcase classname="VAT3_UnReconciled_FtoS.Un_F2S_SupplierBill" name="GoToUrlAssertUrlPositiveEnternLOGINPositiveEnternPASSClickLoginGoToUrlAssertUrlClickAgentsP7" time="54.034"/>
  <system-out/>
  <testcase classname="VAT3_UnReconciled_FtoS.Un_F2S_SupplierBill" name="GoToUrlAssertUrlPositiveEnternLOGINPositiveEnternPASSClickLoginGoToUrlAssertUrlClickAgentsP1" time="55.102"/>
  <system-out/>
</testsuite> <!-- VAT3_UnReconciled_FtoS.Un_F2S_SupplierBill -->
