<?xml version="1.0" encoding="UTF-8"?>
<!-- Generated by org.testng.reporters.JUnitReportReporter -->
<testsuite hostname="OB-Sum" failures="0" tests="2" name="Test_Balance_RE_Jour_Bank_Supp_3.TC_34_2_BS_CreditDueAfterOneYear_2330_29_30_31_With_Journal_Bank" time="167.332" errors="0" timestamp="2022-02-19T09:42:02 IST" skipped="0">
  <testcase classname="Test_Balance_RE_Jour_Bank_Supp_3.TC_34_2_BS_CreditDueAfterOneYear_2330_29_30_31_With_Journal_Bank" name="GoToUrlAssertUrlPositiveEnternLOGINPositiveEnternPASSClickLoginGoToUrlAssertUrlClickAgentsP1" time="63.258"/>
  <system-out>
    <![CDATA[ledger 1 entered :2320 - Hire Purchases Greater Than 1 Year
ledger 2 entered :2329 - Convertible Loans Greater Than 1 Year
ledger 3 entered :2330 - Payments Received on Account Greater Than 1 Year
ledger 4 entered :2331 - Trade Creditors Greater Than 1 Year
Ledger code verified: Hire Purchases Greater Than 1 Year
Amount enter verified: 1,000.00
Ledger code verified: Convertible Loans Greater Than 1 Year
Amount enter verified: 1,000.00
Ledger code verified: Payments Received on Account Greater Than 1 Year
Amount enter verified: 1,000.00
Ledger code verified: Trade Creditors Greater Than 1 Year
Amount enter verified: (3,000.00)
Enteries are Verified on Balance Sheet Report page :]]>
  </system-out>
  <testcase classname="Test_Balance_RE_Jour_Bank_Supp_3.TC_34_2_BS_CreditDueAfterOneYear_2330_29_30_31_With_Journal_Bank" name="GoToUrlAssertUrlPositiveEnternLOGINPositiveEnternPASSClickLoginGoToUrlAssertUrlClickAgentsP3" time="104.074"/>
  <system-out/>
</testsuite> <!-- Test_Balance_RE_Jour_Bank_Supp_3.TC_34_2_BS_CreditDueAfterOneYear_2330_29_30_31_With_Journal_Bank -->
