<?xml version="1.0" encoding="UTF-8"?>
<!-- Generated by org.testng.reporters.JUnitReportReporter -->
<testsuite hostname="OB-Sum" failures="0" tests="1" name="Supplier_FRSToStandard.ScriptVATReturn2stVATReturnReport_FRSToStandard_DefaultProfile" time="73.027" errors="0" timestamp="2022-02-06T06:55:31 IST" skipped="0">
  <testcase classname="Supplier_FRSToStandard.ScriptVATReturn2stVATReturnReport_FRSToStandard_DefaultProfile" name="GoToUrlAssertUrlPositiveEnterUserNamePositiveEnterPasswordClickLoginButtonGoToUrlAssertUrlCl" time="73.027"/>
  <system-out/>
</testsuite> <!-- Supplier_FRSToStandard.ScriptVATReturn2stVATReturnReport_FRSToStandard_DefaultProfile -->
