<?xml version="1.0" encoding="UTF-8"?>
<!-- Generated by org.testng.reporters.JUnitReportReporter -->
<testsuite hostname="OB-Sum" failures="0" tests="10" name="test.ashiv.trialbalance_TRBALANKCE" time="485.845" errors="0" timestamp="2022-02-19T09:42:03 IST" skipped="0">
  <testcase classname="test.ashiv.trialbalance_TRBALANKCE" name="GoToUrlClickAdvisortl1ClickTrialbalanceEntry2PositiveEnterctl00cPHFileUploadcsv1ClickUploadBtnBalanceMappingClickNextBtnAndBalanceColumnIsNil_in_CsvFileNegitiveTC3" time="45.743"/>
  <system-out/>
  <testcase classname="test.ashiv.trialbalance_TRBALANKCE" name="GoToUrlClickAdvisortl1ClickTrialbalanceEntry2PositiveEnterctl00cPHFileUploadcsv1ClickUploadBtnDebitColumnMappingClickNextBtnNegitiveTC5" time="44.613"/>
  <system-out/>
  <testcase classname="test.ashiv.trialbalance_TRBALANKCE" name="GoToUrlClickAdvisortl1ClickTrialbalanceEntry2PositiveEnterctl00cPHFileUploadcsv1ClickUploadBtnCreditandDebitandBalanceAsColumnMappingClickNextBtnNagitiveTC1" time="47.990"/>
  <system-out/>
  <testcase classname="test.ashiv.trialbalance_TRBALANKCE" name="GoToUrlClickAdvisortl1ClickTrialbalanceEntry2PositiveEnterctl00cPHFileUploadcsv1ClickUploadBtnInterchangingTheColumnMappingFromDebitToCreditAndCreditToDebitClickNextBtnNegitiveTC4" time="45.058"/>
  <system-out/>
  <testcase classname="test.ashiv.trialbalance_TRBALANKCE" name="GoToUrlClickAdvisortl1ClickTrialbalanceEntry2PositiveEnterctl00cPHFileUploadcsvImportCreditDebitButCreditDebitAmountNotMatchTC08" time="44.682"/>
  <system-out/>
  <testcase classname="test.ashiv.trialbalance_TRBALANKCE" name="GoToUrlClickAdvisortl1ClickTrialbalanceEntry2PositiveEnterctl00cPHFileUploadcsv1ClickUploadBtnCrditColumnMappingClickNextBtnNegitiveTC5" time="44.911"/>
  <system-out/>
  <testcase classname="test.ashiv.trialbalance_TRBALANKCE" name="GoToUrlClickAdvisortl1ClickTrialbalanceEntry2PositiveEnterctl00cPHFileUploadcsv1ClickUploadBtnImportTrialBalance_if_it_isGetImportedOnceNegitiveTC7" time="38.195"/>
  <system-out/>
  <testcase classname="test.ashiv.trialbalance_TRBALANKCE" name="GoToUrlClickAdvisortl1ClickTrialbalanceEntry2PositiveEnterctl00cPHFileUploadcsv1ClickUploadBtnMappingClickNextBtnAddRemoveEntryClickImportBalance" time="73.438"/>
  <system-out/>
  <testcase classname="test.ashiv.trialbalance_TRBALANKCE" name="GoToUrlClickAdvisortl1ClickTrialbalanceEntry2PositiveEnterctl00cPHFileUploadcsv1ClickUploadBtnCreditandDebitandBalanceAsColumnMappingClickNextBtnAndBalanceColumnIsNILinCsvFileNagitiveTC2" time="47.883"/>
  <system-out/>
  <testcase classname="test.ashiv.trialbalance_TRBALANKCE" name="GoToUrlClickAdvisortl1ClickTrialbalanceEntry2PositiveEnterctl00cPHFileUploadcsv1ClickUploadBtnMappingClickNextBtnAddRemoveEntryClickImportCRDR" time="53.332"/>
  <system-out/>
</testsuite> <!-- test.ashiv.trialbalance_TRBALANKCE -->
