<?xml version="1.0" encoding="UTF-8"?>
<!-- Generated by org.testng.reporters.JUnitReportReporter -->
<testsuite hostname="OB-Yogesh" failures="0" tests="6" name="test.partialReconcileJonralEntrySToFlat.CreditNoteToReconcileForJonral_DefaultProfile" time="568.025" errors="0" timestamp="2021-05-10T01:42:24 IST" skipped="0">
  <testcase classname="test.partialReconcileJonralEntrySToFlat.CreditNoteToReconcileForJonral_DefaultProfile" name="GoToUrlAssertUrlPositiveEnternLOGINPositiveEnternPASSClickLoginGoToUrlAssertUrlClickAgentsP6" time="94.615"/>
  <system-out/>
  <testcase classname="test.partialReconcileJonralEntrySToFlat.CreditNoteToReconcileForJonral_DefaultProfile" name="GoToUrlAssertUrlPositiveEnternLOGINPositiveEnternPASSClickLoginGoToUrlAssertUrlClickAgentsP3" time="95.890"/>
  <system-out/>
  <testcase classname="test.partialReconcileJonralEntrySToFlat.CreditNoteToReconcileForJonral_DefaultProfile" name="GoToUrlAssertUrlPositiveEnternLOGINPositiveEnternPASSClickLoginGoToUrlAssertUrlClickAgentsP4" time="94.966"/>
  <system-out/>
  <testcase classname="test.partialReconcileJonralEntrySToFlat.CreditNoteToReconcileForJonral_DefaultProfile" name="GoToUrlAssertUrlPositiveEnternLOGINPositiveEnternPASSClickLoginGoToUrlAssertUrlClickAgentsP5" time="95.447"/>
  <system-out/>
  <testcase classname="test.partialReconcileJonralEntrySToFlat.CreditNoteToReconcileForJonral_DefaultProfile" name="GoToUrlAssertUrlPositiveEnternLOGINPositiveEnternPASSClickLoginGoToUrlAssertUrlClickAgentsP1" time="92.655"/>
  <system-out/>
  <testcase classname="test.partialReconcileJonralEntrySToFlat.CreditNoteToReconcileForJonral_DefaultProfile" name="GoToUrlAssertUrlPositiveEnternLOGINPositiveEnternPASSClickLoginGoToUrlAssertUrlClickAgentsP2" time="94.452"/>
  <system-out/>
</testsuite> <!-- test.partialReconcileJonralEntrySToFlat.CreditNoteToReconcileForJonral_DefaultProfile -->
