<?xml version="1.0" encoding="UTF-8"?>
<!-- Generated by org.testng.reporters.JUnitReportReporter -->
<testsuite hostname="OB-Yogesh" failures="0" tests="1" name="VATPhase3.ScriptVATReturn2stVATReturnReport_FlatToNoVAT_DefaultProfile_3" time="72.800" errors="0" timestamp="2021-05-06T00:22:11 IST" skipped="0">
  <testcase classname="VATPhase3.ScriptVATReturn2stVATReturnReport_FlatToNoVAT_DefaultProfile_3" name="GoToUrlAssertUrlPositiveEnterUserNamePositiveEnterPasswordClickLoginButtonGoToUrlAssertUrlCl" time="72.800"/>
  <system-out/>
</testsuite> <!-- VATPhase3.ScriptVATReturn2stVATReturnReport_FlatToNoVAT_DefaultProfile_3 -->
