<?xml version="1.0" encoding="UTF-8"?>
<!-- Generated by org.testng.reporters.JUnitReportReporter -->
<testsuite hostname="OB-Sum" failures="0" tests="6" name="test.partialReconcileJonralEntryFlatToStand.SaleInToReconcileForJonral_DefaultProfile" time="606.298" errors="0" timestamp="2021-12-09T11:24:15 IST" skipped="0">
  <testcase classname="test.partialReconcileJonralEntryFlatToStand.SaleInToReconcileForJonral_DefaultProfile" name="GoToUrlAssertUrlPositiveEnternLOGINPositiveEnternPASSClickLoginGoToUrlAssertUrlClickAgentsP4" time="102.173"/>
  <system-out/>
  <testcase classname="test.partialReconcileJonralEntryFlatToStand.SaleInToReconcileForJonral_DefaultProfile" name="GoToUrlAssertUrlPositiveEnternLOGINPositiveEnternPASSClickLoginGoToUrlAssertUrlClickAgentsP6" time="101.333"/>
  <system-out/>
  <testcase classname="test.partialReconcileJonralEntryFlatToStand.SaleInToReconcileForJonral_DefaultProfile" name="GoToUrlAssertUrlPositiveEnternLOGINPositiveEnternPASSClickLoginGoToUrlAssertUrlClickAgentsP2" time="100.281"/>
  <system-out/>
  <testcase classname="test.partialReconcileJonralEntryFlatToStand.SaleInToReconcileForJonral_DefaultProfile" name="GoToUrlAssertUrlPositiveEnternLOGINPositiveEnternPASSClickLoginGoToUrlAssertUrlClickAgentsP1" time="100.275"/>
  <system-out/>
  <testcase classname="test.partialReconcileJonralEntryFlatToStand.SaleInToReconcileForJonral_DefaultProfile" name="GoToUrlAssertUrlPositiveEnternLOGINPositiveEnternPASSClickLoginGoToUrlAssertUrlClickAgentsP5" time="101.074"/>
  <system-out/>
  <testcase classname="test.partialReconcileJonralEntryFlatToStand.SaleInToReconcileForJonral_DefaultProfile" name="GoToUrlAssertUrlPositiveEnternLOGINPositiveEnternPASSClickLoginGoToUrlAssertUrlClickAgentsP3" time="101.162"/>
  <system-out/>
</testsuite> <!-- test.partialReconcileJonralEntryFlatToStand.SaleInToReconcileForJonral_DefaultProfile -->
