<?xml version="1.0" encoding="UTF-8"?>
<!-- Generated by org.testng.reporters.JUnitReportReporter -->
<testsuite hostname="OB-Yogesh" failures="0" tests="2" name="test.AdvanceReconcilationSTOFLAT.SaleInToReconcileForVATOnly_DefaultProfile" time="167.523" errors="0" timestamp="2021-04-08T10:36:55 IST" skipped="0">
  <testcase classname="test.AdvanceReconcilationSTOFLAT.SaleInToReconcileForVATOnly_DefaultProfile" name="GoToUrlAssertUrlPositiveEnternLOGINPositiveEnternPASSClickLoginGoToUrlAssertUrlClickAgentsP1" time="81.854"/>
  <system-out/>
  <testcase classname="test.AdvanceReconcilationSTOFLAT.SaleInToReconcileForVATOnly_DefaultProfile" name="GoToUrlAssertUrlPositiveEnternLOGINPositiveEnternPASSClickLoginGoToUrlAssertUrlClickAgentsP2" time="85.669"/>
  <system-out/>
</testsuite> <!-- test.AdvanceReconcilationSTOFLAT.SaleInToReconcileForVATOnly_DefaultProfile -->
