<?xml version="1.0" encoding="UTF-8"?>
<!-- Generated by org.testng.reporters.JUnitReportReporter -->
<testsuite hostname="OB-Yogesh" failures="0" tests="1" name="VATPhase3.ScriptFlatToFlatP__StandToFlat_DefaultProfile" time="55.374" errors="0" timestamp="2021-05-04T22:41:33 IST" skipped="0">
  <testcase classname="VATPhase3.ScriptFlatToFlatP__StandToFlat_DefaultProfile" name="GoToUrlAssertUrlPositiveEnterUserNamePositiveEnterPasswordClickLoginButtonGoToUrlAssertUrlCl1" time="55.374"/>
  <system-out/>
</testsuite> <!-- VATPhase3.ScriptFlatToFlatP__StandToFlat_DefaultProfile -->
