<?xml version="1.0" encoding="UTF-8"?>
<!-- Generated by org.testng.reporters.JUnitReportReporter -->
<testsuite hostname="OB-Yogesh" failures="0" tests="1" name="test.PartialReconciledCases.ScriptVATReturn2stVATReturnReport_NoVATOnly_SToFlat_DefaultProfile" time="94.768" errors="0" timestamp="2021-03-26T20:52:09 IST" skipped="0">
  <testcase classname="test.PartialReconciledCases.ScriptVATReturn2stVATReturnReport_NoVATOnly_SToFlat_DefaultProfile" name="GoToUrlAssertUrlPositiveEnterUserNamePositiveEnterPasswordClickLoginButtonGoToUrlAssertUrlCl" time="94.768"/>
  <system-out/>
</testsuite> <!-- test.PartialReconciledCases.ScriptVATReturn2stVATReturnReport_NoVATOnly_SToFlat_DefaultProfile -->
