<?xml version="1.0" encoding="UTF-8"?>
<!-- Generated by org.testng.reporters.JUnitReportReporter -->
<testsuite hostname="OB-Sum" failures="0" tests="5" name="Test_Income.TC05ThreeDotIcon" time="196.540" errors="0" timestamp="2022-02-25T18:24:32 IST" skipped="0">
  <testcase classname="Test_Income.TC05ThreeDotIcon" name="GoToUrlAssertUrlClickClickOnPreviewClickSaveButtonClickPDFDumpClickCancelButtonClickClickOnMa" time="38.964"/>
  <system-out/>
  <testcase classname="Test_Income.TC05ThreeDotIcon" name="GoToUrlAssertUrlClickClickOnPreviewClickSaveButtonClickPDFDumpClickCancelButtonClickClickOn1Ma" time="45.322"/>
  <system-out/>
  <testcase classname="Test_Income.TC05ThreeDotIcon" name="GoToUrlAssertUrlClickClickOnPreviewClickSaveButtonClickPDFDumpClickCancelButtonClickClickOn1Ma2" time="39.691"/>
  <system-out/>
  <testcase classname="Test_Income.TC05ThreeDotIcon" name="GoToUrlAssertUrlClickClickOnPreviewClickSaveButtonClickPDFDumpClickCancelButtonClickClickOn1Ma4" time="37.369"/>
  <system-out/>
  <testcase classname="Test_Income.TC05ThreeDotIcon" name="GoToUrlAssertUrlClickClickOnPreviewClickSaveButtonClickPDFDumpClickCancelButtonClickClickOn1Ma3" time="35.194"/>
  <system-out/>
</testsuite> <!-- Test_Income.TC05ThreeDotIcon -->
