<?xml version="1.0" encoding="UTF-8"?>
<!-- Generated by org.testng.reporters.JUnitReportReporter -->
<testsuite hostname="OB-Yogesh" failures="0" tests="1" name="PartialReconcileForSupplierBillFlatToStand.ScriptVATReturn1stVATReturnReport_SToFRS_DefaultProfile" time="61.915" errors="0" timestamp="2021-04-15T18:33:43 IST" skipped="0">
  <testcase classname="PartialReconcileForSupplierBillFlatToStand.ScriptVATReturn1stVATReturnReport_SToFRS_DefaultProfile" name="GoToUrlAssertUrlPositiveEnterUserNamePositiveEnterPasswordClickLoginButtonGoToUrlAssertUrlCl" time="61.915"/>
  <system-out/>
</testsuite> <!-- PartialReconcileForSupplierBillFlatToStand.ScriptVATReturn1stVATReturnReport_SToFRS_DefaultProfile -->
