<?xml version="1.0" encoding="UTF-8"?>
<!-- Generated by org.testng.reporters.JUnitReportReporter -->
<testsuite hostname="OB-Sum" failures="0" tests="1" name="Test_AS_Advance_Reconcilation.Test_Partial_DebitNote_Reconcilation_WithJournal" time="113.601" errors="0" timestamp="2021-11-12T00:17:36 IST" skipped="0">
  <testcase classname="Test_AS_Advance_Reconcilation.Test_Partial_DebitNote_Reconcilation_WithJournal" name="GoToUrlAssertUrlPositiveEnternLOGINPositiveEnternPASSClickLoginGoToUrlAssertUrlClickAgentsTC01" time="113.601"/>
  <system-out/>
</testsuite> <!-- Test_AS_Advance_Reconcilation.Test_Partial_DebitNote_Reconcilation_WithJournal -->
