<?xml version="1.0" encoding="UTF-8"?>
<!-- Generated by org.testng.reporters.JUnitReportReporter -->
<testsuite hostname="OB-Sum" failures="0" tests="1" name="VAT3_InvoiceAdvanceReconcile.ScriptPostVATReturn1stVATReturnReport_DefaultProfilePartioalReconcile_1" time="59.186" errors="0" timestamp="2022-02-06T06:55:30 IST" skipped="0">
  <testcase classname="VAT3_InvoiceAdvanceReconcile.ScriptPostVATReturn1stVATReturnReport_DefaultProfilePartioalReconcile_1" name="GoToUrlAssertUrlPositiveEnterUserNamePositiveEnterPasswordClickLoginButtonGoToUrlAssertUrlCl" time="59.186"/>
  <system-out/>
</testsuite> <!-- VAT3_InvoiceAdvanceReconcile.ScriptPostVATReturn1stVATReturnReport_DefaultProfilePartioalReconcile_1 -->
