<?xml version="1.0" encoding="UTF-8"?>
<!-- Generated by org.testng.reporters.JUnitReportReporter -->
<testsuite hostname="OB-Yogesh" failures="0" tests="1" name="test.partialReconcileJonralEntrySToFlat.ScriptVATReturn1stVATReturnReport_SToFRS_DefaultProfile" time="52.816" errors="0" timestamp="2021-05-10T01:42:24 IST" skipped="0">
  <testcase classname="test.partialReconcileJonralEntrySToFlat.ScriptVATReturn1stVATReturnReport_SToFRS_DefaultProfile" name="GoToUrlAssertUrlPositiveEnterUserNamePositiveEnterPasswordClickLoginButtonGoToUrlAssertUrlCl" time="52.816"/>
  <system-out/>
</testsuite> <!-- test.partialReconcileJonralEntrySToFlat.ScriptVATReturn1stVATReturnReport_SToFRS_DefaultProfile -->
