<?xml version="1.0" encoding="UTF-8"?>
<!-- Generated by org.testng.reporters.JUnitReportReporter -->
<testsuite hostname="OB-Sum" failures="0" tests="1" name="Test_Add_LLP.Test_LLP_ADD_ALLTC" time="72.981" errors="0" timestamp="2022-02-21T11:07:27 IST" skipped="0">
  <testcase classname="Test_Add_LLP.Test_LLP_ADD_ALLTC" name="Click_Client_ClickAddClient_BusinessShouldBeSavedAndDisplayUnderTheBusineessList_TC09" time="72.981"/>
  <system-out/>
</testsuite> <!-- Test_Add_LLP.Test_LLP_ADD_ALLTC -->
