<?xml version="1.0" encoding="UTF-8"?>
<!-- Generated by org.testng.reporters.JUnitReportReporter -->
<testsuite hostname="OB-Sum" failures="0" tests="6" name="VAT3.FullREC_F2_Standard.Supplier_ReconcileForDebitNote_2" time="654.811" errors="0" timestamp="2021-12-01T04:35:04 IST" skipped="0">
  <testcase classname="VAT3.FullREC_F2_Standard.Supplier_ReconcileForDebitNote_2" name="GoToUrlAssertUrlPositiveEnternLOGINPositiveEnternPASSClickLoginGoToUrlAssertUrlClickAgentsP1" time="108.315"/>
  <system-out/>
  <testcase classname="VAT3.FullREC_F2_Standard.Supplier_ReconcileForDebitNote_2" name="GoToUrlAssertUrlPositiveEnternLOGINPositiveEnternPASSClickLoginGoToUrlAssertUrlClickAgentsP7" time="113.220"/>
  <system-out/>
  <testcase classname="VAT3.FullREC_F2_Standard.Supplier_ReconcileForDebitNote_2" name="GoToUrlAssertUrlPositiveEnternLOGINPositiveEnternPASSClickLoginGoToUrlAssertUrlClickAgentsP2" time="109.678"/>
  <system-out/>
  <testcase classname="VAT3.FullREC_F2_Standard.Supplier_ReconcileForDebitNote_2" name="GoToUrlAssertUrlPositiveEnternLOGINPositiveEnternPASSClickLoginGoToUrlAssertUrlClickAgentsP3" time="107.791"/>
  <system-out/>
  <testcase classname="VAT3.FullREC_F2_Standard.Supplier_ReconcileForDebitNote_2" name="GoToUrlAssertUrlPositiveEnternLOGINPositiveEnternPASSClickLoginGoToUrlAssertUrlClickAgentsP6" time="106.214"/>
  <system-out/>
  <testcase classname="VAT3.FullREC_F2_Standard.Supplier_ReconcileForDebitNote_2" name="GoToUrlAssertUrlPositiveEnternLOGINPositiveEnternPASSClickLoginGoToUrlAssertUrlClickAgentsP71" time="109.593"/>
  <system-out/>
</testsuite> <!-- VAT3.FullREC_F2_Standard.Supplier_ReconcileForDebitNote_2 -->
