<?xml version="1.0" encoding="UTF-8"?>
<!-- Generated by org.testng.reporters.JUnitReportReporter -->
<testsuite hostname="OB-Sum" failures="0" tests="1" name="test.PartialReconcileOnFlatRate.ScriptVATReturn2stVATReturnReport_SToFlat_DefaultProfile" time="70.242" errors="0" timestamp="2021-12-19T01:40:59 IST" skipped="0">
  <testcase classname="test.PartialReconcileOnFlatRate.ScriptVATReturn2stVATReturnReport_SToFlat_DefaultProfile" name="GoToUrlAssertUrlPositiveEnterUserNamePositiveEnterPasswordClickLoginButtonGoToUrlAssertUrlCl" time="70.242"/>
  <system-out/>
</testsuite> <!-- test.PartialReconcileOnFlatRate.ScriptVATReturn2stVATReturnReport_SToFlat_DefaultProfile -->
