<?xml version="1.0" encoding="UTF-8"?>
<!-- Generated by org.testng.reporters.JUnitReportReporter -->
<testsuite hostname="OB-Sum" failures="0" tests="1" name="Test_Add_LLP.Test_Add_PLC" time="44.103" errors="0" timestamp="2021-11-23T19:26:44 IST" skipped="0">
  <testcase classname="Test_Add_LLP.Test_Add_PLC" name="GoToUrlClickPLCClicked_FileUploadSection_TC_4" time="44.103"/>
  <system-out/>
</testsuite> <!-- Test_Add_LLP.Test_Add_PLC -->
