<?xml version="1.0" encoding="UTF-8"?>
<!-- Generated by org.testng.reporters.JUnitReportReporter -->
<testsuite hostname="OB-Sum" failures="0" tests="2" name="Test_AS_Advance_Reconcilation.Test_Credit_Note_Partial_Advance_JustCreateCreditNote" time="94.350" errors="0" timestamp="2021-11-12T00:17:36 IST" skipped="0">
  <testcase classname="Test_AS_Advance_Reconcilation.Test_Credit_Note_Partial_Advance_JustCreateCreditNote" name="GoToUrlAssertUrlPositiveEnternLOGINPositiveEnternPASSClickLoginGoToUrlAssertUrlClickAgentsThreeDotsOfRightOfSaleDashboardInvoiceJustCreateCreditNote_TC02" time="47.897"/>
  <system-out/>
  <testcase classname="Test_AS_Advance_Reconcilation.Test_Credit_Note_Partial_Advance_JustCreateCreditNote" name="GoToUrlAssertUrlPositiveEnternLOGINPositiveEnternPASSClickLoginGoToUrlAssertUrlClickAgentsThreeDotsOfRightOfSaleDashboardInvoiceJustCreateCreditNote_TC01" time="46.453"/>
  <system-out/>
</testsuite> <!-- Test_AS_Advance_Reconcilation.Test_Credit_Note_Partial_Advance_JustCreateCreditNote -->
