<?xml version="1.0" encoding="UTF-8"?>
<!-- Generated by org.testng.reporters.JUnitReportReporter -->
<testsuite hostname="OB-Sum" failures="0" tests="1" name="VAT3_InvoiceAdvanceReconcile.ScriptPostVATReturn2stVATReturnReport_DefaultProfilePartioalReconcile_1" time="74.601" errors="0" timestamp="2022-02-06T06:55:36 IST" skipped="0">
  <testcase classname="VAT3_InvoiceAdvanceReconcile.ScriptPostVATReturn2stVATReturnReport_DefaultProfilePartioalReconcile_1" name="GoToUrlAssertUrlPositiveEnterUserNamePositiveEnterPasswordClickLoginButtonGoToUrlAssertUrlCl" time="74.601"/>
  <system-out/>
</testsuite> <!-- VAT3_InvoiceAdvanceReconcile.ScriptPostVATReturn2stVATReturnReport_DefaultProfilePartioalReconcile_1 -->
