<?xml version="1.0" encoding="UTF-8"?>
<!-- Generated by org.testng.reporters.JUnitReportReporter -->
<testsuite hostname="OB-Sum" failures="0" tests="1" name="VATPhase3_Banking_ToSale.ScriptFlatToFlatP_FlatToFlatPer_DefaultProfile_5" time="52.270" errors="0" timestamp="2021-12-19T01:41:01 IST" skipped="0">
  <testcase classname="VATPhase3_Banking_ToSale.ScriptFlatToFlatP_FlatToFlatPer_DefaultProfile_5" name="GoToUrlAssertUrlPositiveEnterUserNamePositiveEnterPasswordClickLoginButtonGoToUrlAssertUrlCl1" time="52.270"/>
  <system-out/>
</testsuite> <!-- VATPhase3_Banking_ToSale.ScriptFlatToFlatP_FlatToFlatPer_DefaultProfile_5 -->
