<?xml version="1.0" encoding="UTF-8"?>
<!-- Generated by org.testng.reporters.JUnitReportReporter -->
<testsuite hostname="OB-Sum" failures="0" tests="1" name="test.PartialReconcileOnFlatRate.ScriptPostVATReturn1stVATReturnReport_SToFlat_DefaultProfile" time="51.432" errors="0" timestamp="2021-12-19T01:41:02 IST" skipped="0">
  <testcase classname="test.PartialReconcileOnFlatRate.ScriptPostVATReturn1stVATReturnReport_SToFlat_DefaultProfile" name="GoToUrlAssertUrlPositiveEnterUserNamePositiveEnterPasswordClickLoginButtonGoToUrlAssertUrlCl" time="51.432"/>
  <system-out/>
</testsuite> <!-- test.PartialReconcileOnFlatRate.ScriptPostVATReturn1stVATReturnReport_SToFlat_DefaultProfile -->
