<?xml version="1.0" encoding="UTF-8"?>
<!-- Generated by org.testng.reporters.JUnitReportReporter -->
<testsuite hostname="OB-Sum" failures="0" tests="1" name="tests.ScriptVATReturn3stVATReturnReport_SToNOVAT_DefaultProfile" time="48.453" errors="0" timestamp="2021-12-19T01:40:59 IST" skipped="0">
  <testcase classname="tests.ScriptVATReturn3stVATReturnReport_SToNOVAT_DefaultProfile" name="GoToUrlAssertUrlPositiveEnterUserNamePositiveEnterPasswordClickLoginButtonGoToUrlAssertUrlCl" time="48.453"/>
  <system-out/>
</testsuite> <!-- tests.ScriptVATReturn3stVATReturnReport_SToNOVAT_DefaultProfile -->
