<?xml version="1.0" encoding="UTF-8"?>
<!-- Generated by org.testng.reporters.JUnitReportReporter -->
<testsuite hostname="OB-Sum" failures="0" tests="1" name="test.partialReconcileJonralEntryFlatToStand.ScriptVATReturn1stVATReturnReport_SToFRS_DefaultProfile" time="49.769" errors="0" timestamp="2021-12-19T01:41:00 IST" skipped="0">
  <testcase classname="test.partialReconcileJonralEntryFlatToStand.ScriptVATReturn1stVATReturnReport_SToFRS_DefaultProfile" name="GoToUrlAssertUrlPositiveEnterUserNamePositiveEnterPasswordClickLoginButtonGoToUrlAssertUrlCl" time="49.769"/>
  <system-out/>
</testsuite> <!-- test.partialReconcileJonralEntryFlatToStand.ScriptVATReturn1stVATReturnReport_SToFRS_DefaultProfile -->
