<?xml version="1.0" encoding="UTF-8"?>
<!-- Generated by org.testng.reporters.JUnitReportReporter -->
<testsuite hostname="OB-Sum" failures="0" tests="1" name="VAT2.S2NoVAT.S2noVAT_ScriptPostVATReturn3stVATReturnReport_58" time="37.870" errors="0" timestamp="2021-12-01T04:35:04 IST" skipped="0">
  <testcase classname="VAT2.S2NoVAT.S2noVAT_ScriptPostVATReturn3stVATReturnReport_58" name="GoToUrlAssertUrlPositiveEnterUserNamePositiveEnterPasswordClickLoginButtonGoToUrlAssertUrlCl" time="37.870"/>
  <system-out/>
</testsuite> <!-- VAT2.S2NoVAT.S2noVAT_ScriptPostVATReturn3stVATReturnReport_58 -->
