<?xml version="1.0" encoding="UTF-8"?>
<!-- Generated by org.testng.reporters.JUnitReportReporter -->
<testsuite hostname="OB-Sum" failures="0" tests="1" name="Supplier_SToNoVAT.ScriptVerifyByTrialBalanceDefaultProfile_DefaultProfile" time="46.278" errors="0" timestamp="2021-12-19T01:40:59 IST" skipped="0">
  <testcase classname="Supplier_SToNoVAT.ScriptVerifyByTrialBalanceDefaultProfile_DefaultProfile" name="GoToUrlAssertUrlPositiveEnterUserNamePositiveEnterPasswordClickLoginButtonGoToUrlAssertUrlCl" time="46.278"/>
  <system-out/>
</testsuite> <!-- Supplier_SToNoVAT.ScriptVerifyByTrialBalanceDefaultProfile_DefaultProfile -->
