<?xml version="1.0" encoding="UTF-8"?>
<!-- Generated by org.testng.reporters.JUnitReportReporter -->
<testsuite hostname="OB-Yogesh" failures="0" tests="2" name="Supplier_FRSToStandard.ScriptVATReturn1stVATReturnReport_FRSToStandard_DefaultProfile" time="77.506" errors="0" timestamp="2021-03-04T07:52:51 IST" skipped="0">
  <testcase classname="Supplier_FRSToStandard.ScriptVATReturn1stVATReturnReport_FRSToStandard_DefaultProfile" name="GoToUrlAssertUrlPositiveEnterUserNamePositiveEnterPasswordClickLoginButtonGoToUrlAssertUrlCl" time="38.271"/>
  <system-out/>
  <testcase classname="Supplier_FRSToStandard.ScriptVATReturn1stVATReturnReport_FRSToStandard_DefaultProfile" name="GoToUrlAssertUrlPositiveEnterUserNamePositiveEnterPasswordClickLoginButtonGoToUrlAssertUrlCl" time="39.235"/>
  <system-out/>
</testsuite> <!-- Supplier_FRSToStandard.ScriptVATReturn1stVATReturnReport_FRSToStandard_DefaultProfile -->
