<?xml version="1.0" encoding="UTF-8"?>
<!-- Generated by org.testng.reporters.JUnitReportReporter -->
<testsuite hostname="OB-Sum" failures="0" tests="1" name="ExpenceRemFlatToFlatPer.ScriptVATReturn1stVATReturnReport_SToFRS_DefaultProfile" time="52.356" errors="0" timestamp="2021-12-09T11:24:15 IST" skipped="0">
  <testcase classname="ExpenceRemFlatToFlatPer.ScriptVATReturn1stVATReturnReport_SToFRS_DefaultProfile" name="GoToUrlAssertUrlPositiveEnterUserNamePositiveEnterPasswordClickLoginButtonGoToUrlAssertUrlCl" time="52.356"/>
  <system-out/>
</testsuite> <!-- ExpenceRemFlatToFlatPer.ScriptVATReturn1stVATReturnReport_SToFRS_DefaultProfile -->
