<?xml version="1.0" encoding="UTF-8"?>
<!-- Generated by org.testng.reporters.JUnitReportReporter -->
<testsuite hostname="OB-Sum" failures="0" tests="3" name="Test_Trial_Balance_RE_Jour_Bank_Supp_3.TC_8_3_BS_FixedAsset_230_To_239_With_Journal_Bank_Supplier" time="438.873" errors="0" timestamp="2022-01-05T18:45:58 IST" skipped="0">
  <testcase classname="Test_Trial_Balance_RE_Jour_Bank_Supp_3.TC_8_3_BS_FixedAsset_230_To_239_With_Journal_Bank_Supplier" name="GoToUrlAssertUrlPositiveEnternLOGINPositiveEnternPASSClickLoginGoToUrlAssertUrlClickAgentsP2" time="193.873"/>
  <system-out/>
  <testcase classname="Test_Trial_Balance_RE_Jour_Bank_Supp_3.TC_8_3_BS_FixedAsset_230_To_239_With_Journal_Bank_Supplier" name="GoToUrlAssertUrlPositiveEnternLOGINPositiveEnternPASSClickLoginGoToUrlAssertUrlClickAgentsP3" time="183.484"/>
  <system-out/>
  <testcase classname="Test_Trial_Balance_RE_Jour_Bank_Supp_3.TC_8_3_BS_FixedAsset_230_To_239_With_Journal_Bank_Supplier" name="GoToUrlAssertUrlPositiveEnternLOGINPositiveEnternPASSClickLoginGoToUrlAssertUrlClickAgentsP1" time="61.516"/>
  <system-out>
    <![CDATA[ledger 1 entered :230 - Short Leasehold Properties Cost B/Fwd
ledger 2 entered :231 - Short Leasehold Properties Additions
ledger 3 entered :232 - Short Leasehold Properties Disposals
ledger 4 entered :233 - Short Leasehold Properties Revaluations
ledger 5 entered :234 - Short Leasehold Properties Transfers
ledger 5 entered :235 - Short Leasehold Properties Depreciation B/Fwd
ledger 7 entered :236 - Short Leasehold Properties Depreciation Disposal
ledger 8 entered :237 - Short Leasehold Properties Depreciation Revaluations
ledger 9 entered :238 - Short Leasehold Properties Depreciation Transfers
ledger 10 entered :239 - Short Leasehold Properties Depreciation Charge
Ledger code verified: Short Leasehold Properties Cost B/Fwd
Amount enter verified: 1,000.00
Ledger code verified: Short Leasehold Properties Additions
Amount enter verified: 1,000.00
Ledger code verified: Short Leasehold Properties Disposals
Amount enter verified: 1,000.00
Ledger code verified: Short Leasehold Properties Revaluations
Amount enter verified: 1,000.00
Ledger code verified: Short Leasehold Properties Transfers
Amount enter verified: 1,000.00
Ledger code verified: Short Leasehold Properties Depreciation B/Fwd
Amount enter verified: 1,000.00
Ledger code verified: Short Leasehold Properties Depreciation Disposal
Amount enter verified: 1,000.00
Ledger code verified: Short Leasehold Properties Depreciation Revaluations
Amount enter verified: 1,000.00
Ledger code verified: Short Leasehold Properties Depreciation Transfers
Amount enter verified: 1,000.00
Ledger code verified: Short Leasehold Properties Depreciation Charge
Amount enter verified: (9,000.00)
Enteries are Verified on Balance Sheet Report page :]]>
  </system-out>
</testsuite> <!-- Test_Trial_Balance_RE_Jour_Bank_Supp_3.TC_8_3_BS_FixedAsset_230_To_239_With_Journal_Bank_Supplier -->
