<?xml version="1.0" encoding="UTF-8"?>
<!-- Generated by org.testng.reporters.JUnitReportReporter -->
<testsuite hostname="OB-Yogesh" failures="0" tests="1" name="test.FlatToFlatPer.ScriptVerifyByTrialBalanceScreenshotDefaultProfile_FlatToFlatP" time="32.969" errors="0" timestamp="2021-02-19T00:35:21 IST" skipped="0">
  <testcase classname="test.FlatToFlatPer.ScriptVerifyByTrialBalanceScreenshotDefaultProfile_FlatToFlatP" name="GoToUrlAssertUrlPositiveEnterUserNamePositiveEnterPasswordClickLoginButtonGoToUrlAssertUrlCl" time="32.969"/>
  <system-out/>
</testsuite> <!-- test.FlatToFlatPer.ScriptVerifyByTrialBalanceScreenshotDefaultProfile_FlatToFlatP -->
