<?xml version="1.0" encoding="UTF-8"?>
<!-- Generated by org.testng.reporters.JUnitReportReporter -->
<testsuite hostname="OB-Sum" failures="0" tests="6" name="VAT3_UnReconciled_S2_NOVAT.UN_ReconcileForDebitNote_S2NOVAT" time="416.694" errors="0" timestamp="2022-02-06T06:55:29 IST" skipped="0">
  <testcase classname="VAT3_UnReconciled_S2_NOVAT.UN_ReconcileForDebitNote_S2NOVAT" name="GoToUrlAssertUrlPositiveEnternLOGINPositiveEnternPASSClickLoginGoToUrlAssertUrlClickAgentsP2" time="75.540"/>
  <system-out/>
  <testcase classname="VAT3_UnReconciled_S2_NOVAT.UN_ReconcileForDebitNote_S2NOVAT" name="GoToUrlAssertUrlPositiveEnternLOGINPositiveEnternPASSClickLoginGoToUrlAssertUrlClickAgentsP7" time="68.713"/>
  <system-out/>
  <testcase classname="VAT3_UnReconciled_S2_NOVAT.UN_ReconcileForDebitNote_S2NOVAT" name="GoToUrlAssertUrlPositiveEnternLOGINPositiveEnternPASSClickLoginGoToUrlAssertUrlClickAgentsP6" time="66.144"/>
  <system-out/>
  <testcase classname="VAT3_UnReconciled_S2_NOVAT.UN_ReconcileForDebitNote_S2NOVAT" name="GoToUrlAssertUrlPositiveEnternLOGINPositiveEnternPASSClickLoginGoToUrlAssertUrlClickAgentsP1" time="73.739"/>
  <system-out/>
  <testcase classname="VAT3_UnReconciled_S2_NOVAT.UN_ReconcileForDebitNote_S2NOVAT" name="GoToUrlAssertUrlPositiveEnternLOGINPositiveEnternPASSClickLoginGoToUrlAssertUrlClickAgentsP71" time="65.319"/>
  <system-out/>
  <testcase classname="VAT3_UnReconciled_S2_NOVAT.UN_ReconcileForDebitNote_S2NOVAT" name="GoToUrlAssertUrlPositiveEnternLOGINPositiveEnternPASSClickLoginGoToUrlAssertUrlClickAgentsP3" time="67.239"/>
  <system-out/>
</testsuite> <!-- VAT3_UnReconciled_S2_NOVAT.UN_ReconcileForDebitNote_S2NOVAT -->
