<?xml version="1.0" encoding="UTF-8"?>
<!-- Generated by org.testng.reporters.JUnitReportReporter -->
<testsuite hostname="OB-Yogesh" failures="0" tests="1" name="test.FlatToFlatPer.ScriptEditSettingToFlatRate_FlatToFlatP_DefaultProfile" time="44.440" errors="0" timestamp="2021-02-18T19:40:18 IST" skipped="0">
  <testcase classname="test.FlatToFlatPer.ScriptEditSettingToFlatRate_FlatToFlatP_DefaultProfile" name="GoToUrlAssertUrlPositiveEnterUserNamePositiveEnterPasswordClickLoginButtonGoToUrlAssertUrlCl2" time="44.440"/>
  <system-out/>
</testsuite> <!-- test.FlatToFlatPer.ScriptEditSettingToFlatRate_FlatToFlatP_DefaultProfile -->
