<?xml version="1.0" encoding="UTF-8"?>
<!-- Generated by org.testng.reporters.JUnitReportReporter -->
<testsuite hostname="OB-Sum" failures="0" tests="3" name="Test_Trial_Balance_RE_Jour_Bank_Supp_3.TC_17_3_BS_CurrentAsset_1070_1070_With_Journal_Bank_Invoice" time="230.035" errors="0" timestamp="2022-01-18T16:59:19 IST" skipped="0">
  <testcase classname="Test_Trial_Balance_RE_Jour_Bank_Supp_3.TC_17_3_BS_CurrentAsset_1070_1070_With_Journal_Bank_Invoice" name="GoToUrlAssertUrlPositiveEnternLOGINPositiveEnternPASSClickLoginGoToUrlAssertUrlClickAgentsP2" time="82.648"/>
  <system-out/>
  <testcase classname="Test_Trial_Balance_RE_Jour_Bank_Supp_3.TC_17_3_BS_CurrentAsset_1070_1070_With_Journal_Bank_Invoice" name="GoToUrlAssertUrlPositiveEnternLOGINPositiveEnternPASSClickLoginGoToUrlAssertUrlClickAgentsP1" time="70.776"/>
  <system-out>
    <![CDATA[ledger 1 entered :1070 - Default Customer
ledger 2 entered :1321 - Default Director
Ledger code verified: Default Customer
Amount enter verified: 1,000.00
Ledger code verified: Default Director
Amount enter verified: (1,000.00)
Enteries are Verified on Balance Sheet Report page after closing accounting period:]]>
  </system-out>
  <testcase classname="Test_Trial_Balance_RE_Jour_Bank_Supp_3.TC_17_3_BS_CurrentAsset_1070_1070_With_Journal_Bank_Invoice" name="GoToUrlAssertUrlPositiveEnternLOGINPositiveEnternPASSClickLoginGoToUrlAssertUrlClickAgentsP3" time="76.611"/>
  <system-out/>
</testsuite> <!-- Test_Trial_Balance_RE_Jour_Bank_Supp_3.TC_17_3_BS_CurrentAsset_1070_1070_With_Journal_Bank_Invoice -->
