<?xml version="1.0" encoding="UTF-8"?>
<!-- Generated by org.testng.reporters.JUnitReportReporter -->
<testsuite hostname="OB-Yogesh" failures="0" tests="1" name="PartialReconcileForSupplierBill.ScriptEditSettingToVATType_DefaultProfile" time="82.464" errors="0" timestamp="2021-04-15T07:15:52 IST" skipped="0">
  <testcase classname="PartialReconcileForSupplierBill.ScriptEditSettingToVATType_DefaultProfile" name="GoToUrlAssertUrlPositiveEnterUserNamePositiveEnterPasswordClickLoginButtonGoToUrlAssertUrlCl2" time="82.464"/>
  <system-out/>
</testsuite> <!-- PartialReconcileForSupplierBill.ScriptEditSettingToVATType_DefaultProfile -->
