<?xml version="1.0" encoding="UTF-8"?>
<!-- Generated by org.testng.reporters.JUnitReportReporter -->
<testsuite hostname="OB-Sum" failures="0" tests="6" name="VAT3.FullREC_F2_NOVAT.Supplier_ReconcileForDebitNote3" time="726.413" errors="0" timestamp="2022-02-07T19:49:31 IST" skipped="0">
  <testcase classname="VAT3.FullREC_F2_NOVAT.Supplier_ReconcileForDebitNote3" name="GoToUrlAssertUrlPositiveEnternLOGINPositiveEnternPASSClickLoginGoToUrlAssertUrlClickAgentsP6" time="116.944"/>
  <system-out/>
  <testcase classname="VAT3.FullREC_F2_NOVAT.Supplier_ReconcileForDebitNote3" name="GoToUrlAssertUrlPositiveEnternLOGINPositiveEnternPASSClickLoginGoToUrlAssertUrlClickAgentsP1" time="123.976"/>
  <system-out/>
  <testcase classname="VAT3.FullREC_F2_NOVAT.Supplier_ReconcileForDebitNote3" name="GoToUrlAssertUrlPositiveEnternLOGINPositiveEnternPASSClickLoginGoToUrlAssertUrlClickAgentsP3" time="122.067"/>
  <system-out/>
  <testcase classname="VAT3.FullREC_F2_NOVAT.Supplier_ReconcileForDebitNote3" name="GoToUrlAssertUrlPositiveEnternLOGINPositiveEnternPASSClickLoginGoToUrlAssertUrlClickAgentsP5" time="119.434"/>
  <system-out/>
  <testcase classname="VAT3.FullREC_F2_NOVAT.Supplier_ReconcileForDebitNote3" name="GoToUrlAssertUrlPositiveEnternLOGINPositiveEnternPASSClickLoginGoToUrlAssertUrlClickAgentsP4" time="124.129"/>
  <system-out/>
  <testcase classname="VAT3.FullREC_F2_NOVAT.Supplier_ReconcileForDebitNote3" name="GoToUrlAssertUrlPositiveEnternLOGINPositiveEnternPASSClickLoginGoToUrlAssertUrlClickAgentsP2" time="119.863"/>
  <system-out/>
</testsuite> <!-- VAT3.FullREC_F2_NOVAT.Supplier_ReconcileForDebitNote3 -->
