<?xml version="1.0" encoding="UTF-8"?>
<!-- Generated by org.testng.reporters.JUnitReportReporter -->
<testsuite hostname="OB-Sum" failures="0" tests="1" name="Supplier_FRStoSTND.ScriptVerifySupplierAddRecordSTOFRS_DefaultProfile" time="98.735" errors="0" timestamp="2021-12-03T18:49:48 IST" skipped="0">
  <testcase classname="Supplier_FRStoSTND.ScriptVerifySupplierAddRecordSTOFRS_DefaultProfile" name="GoToUrlAssertUrlPositiveEnterUserNamePositiveEnterPasswordClickLoginButtonGoToUrlAssertUrlCl" time="98.735"/>
  <system-out/>
</testsuite> <!-- Supplier_FRStoSTND.ScriptVerifySupplierAddRecordSTOFRS_DefaultProfile -->
