<?xml version="1.0" encoding="UTF-8"?>
<!-- Generated by org.testng.reporters.JUnitReportReporter -->
<testsuite hostname="OB-Sum" failures="0" tests="1" name="ExpenceRemSToFlat.ScriptPostVATReturn3stVATReturnReport_DefaultProfile" time="53.293" errors="0" timestamp="2022-02-06T06:55:33 IST" skipped="0">
  <testcase classname="ExpenceRemSToFlat.ScriptPostVATReturn3stVATReturnReport_DefaultProfile" name="GoToUrlAssertUrlPositiveEnterUserNamePositiveEnterPasswordClickLoginButtonGoToUrlAssertUrlCl" time="53.293"/>
  <system-out/>
</testsuite> <!-- ExpenceRemSToFlat.ScriptPostVATReturn3stVATReturnReport_DefaultProfile -->
