<?xml version="1.0" encoding="UTF-8"?>
<!-- Generated by org.testng.reporters.JUnitReportReporter -->
<testsuite hostname="OB-Sum" failures="0" tests="6" name="Supplier_FRStoSTND.ScriptDebitNoteSToFRS_DefaultProfile" time="337.528" errors="0" timestamp="2021-12-03T18:49:48 IST" skipped="0">
  <testcase classname="Supplier_FRStoSTND.ScriptDebitNoteSToFRS_DefaultProfile" name="GoToUrlAssertUrlPositiveEnterUserNamePositiveEnterPasswordClickLoginButtonGoToUrlAssertUrlCl5" time="56.855"/>
  <system-out/>
  <testcase classname="Supplier_FRStoSTND.ScriptDebitNoteSToFRS_DefaultProfile" name="GoToUrlAssertUrlPositiveEnterUserNamePositiveEnterPasswordClickLoginButtonGoToUrlAssertUrlCl6" time="56.473"/>
  <system-out/>
  <testcase classname="Supplier_FRStoSTND.ScriptDebitNoteSToFRS_DefaultProfile" name="GoToUrlAssertUrlPositiveEnterUserNamePositiveEnterPasswordClickLoginButtonGoToUrlAssertUrlCl3" time="55.034"/>
  <system-out/>
  <testcase classname="Supplier_FRStoSTND.ScriptDebitNoteSToFRS_DefaultProfile" name="GoToUrlAssertUrlPositiveEnterUserNamePositiveEnterPasswordClickLoginButtonGoToUrlAssertUrlCl1" time="54.803"/>
  <system-out/>
  <testcase classname="Supplier_FRStoSTND.ScriptDebitNoteSToFRS_DefaultProfile" name="GoToUrlAssertUrlPositiveEnterUserNamePositiveEnterPasswordClickLoginButtonGoToUrlAssertUrlCl4" time="57.268"/>
  <system-out/>
  <testcase classname="Supplier_FRStoSTND.ScriptDebitNoteSToFRS_DefaultProfile" name="GoToUrlAssertUrlPositiveEnterUserNamePositiveEnterPasswordClickLoginButtonGoToUrlAssertUrlCl2" time="57.095"/>
  <system-out/>
</testsuite> <!-- Supplier_FRStoSTND.ScriptDebitNoteSToFRS_DefaultProfile -->
