<?xml version="1.0" encoding="UTF-8"?>
<!-- Generated by org.testng.reporters.JUnitReportReporter -->
<testsuite hostname="OB-Yogesh" failures="0" tests="1" name="test.FlatToStandard.ScriptVATReturn3stVATReturnReport_FlatToNOVAT_DefaultProfile" time="36.524" errors="0" timestamp="2021-02-17T20:42:40 IST" skipped="0">
  <testcase classname="test.FlatToStandard.ScriptVATReturn3stVATReturnReport_FlatToNOVAT_DefaultProfile" name="GoToUrlAssertUrlPositiveEnterUserNamePositiveEnterPasswordClickLoginButtonGoToUrlAssertUrlCl" time="36.524"/>
  <system-out/>
</testsuite> <!-- test.FlatToStandard.ScriptVATReturn3stVATReturnReport_FlatToNOVAT_DefaultProfile -->
