<?xml version="1.0" encoding="UTF-8"?>
<!-- Generated by org.testng.reporters.JUnitReportReporter -->
<testsuite hostname="OB-Sum" failures="0" tests="6" name="VAT3.FullREC_S2_FLAT.Supplier_ReconcileForDebitNote_1" time="680.316" errors="0" timestamp="2021-11-26T20:55:19 IST" skipped="0">
  <testcase classname="VAT3.FullREC_S2_FLAT.Supplier_ReconcileForDebitNote_1" name="GoToUrlAssertUrlPositiveEnternLOGINPositiveEnternPASSClickLoginGoToUrlAssertUrlClickAgentsP3" time="115.445"/>
  <system-out/>
  <testcase classname="VAT3.FullREC_S2_FLAT.Supplier_ReconcileForDebitNote_1" name="GoToUrlAssertUrlPositiveEnternLOGINPositiveEnternPASSClickLoginGoToUrlAssertUrlClickAgentsP1" time="119.657"/>
  <system-out/>
  <testcase classname="VAT3.FullREC_S2_FLAT.Supplier_ReconcileForDebitNote_1" name="GoToUrlAssertUrlPositiveEnternLOGINPositiveEnternPASSClickLoginGoToUrlAssertUrlClickAgentsP4" time="113.975"/>
  <system-out/>
  <testcase classname="VAT3.FullREC_S2_FLAT.Supplier_ReconcileForDebitNote_1" name="GoToUrlAssertUrlPositiveEnternLOGINPositiveEnternPASSClickLoginGoToUrlAssertUrlClickAgentsP2" time="110.857"/>
  <system-out/>
  <testcase classname="VAT3.FullREC_S2_FLAT.Supplier_ReconcileForDebitNote_1" name="GoToUrlAssertUrlPositiveEnternLOGINPositiveEnternPASSClickLoginGoToUrlAssertUrlClickAgentsP5" time="112.659"/>
  <system-out/>
  <testcase classname="VAT3.FullREC_S2_FLAT.Supplier_ReconcileForDebitNote_1" name="GoToUrlAssertUrlPositiveEnternLOGINPositiveEnternPASSClickLoginGoToUrlAssertUrlClickAgentsP6" time="107.723"/>
  <system-out/>
</testsuite> <!-- VAT3.FullREC_S2_FLAT.Supplier_ReconcileForDebitNote_1 -->
