<?xml version="1.0" encoding="UTF-8"?>
<!-- Generated by org.testng.reporters.JUnitReportReporter -->
<testsuite hostname="OB-Sum" failures="0" tests="1" name="Supplier_FRSToNoVAT.ScriptVerifySupplierAddRecord_FRSTONOVAT_DefaultProfile" time="111.476" errors="0" timestamp="2021-12-19T01:41:01 IST" skipped="0">
  <testcase classname="Supplier_FRSToNoVAT.ScriptVerifySupplierAddRecord_FRSTONOVAT_DefaultProfile" name="GoToUrlAssertUrlPositiveEnterUserNamePositiveEnterPasswordClickLoginButtonGoToUrlAssertUrlCl" time="111.476"/>
  <system-out/>
</testsuite> <!-- Supplier_FRSToNoVAT.ScriptVerifySupplierAddRecord_FRSTONOVAT_DefaultProfile -->
