<?xml version="1.0" encoding="UTF-8"?>
<!-- Generated by org.testng.reporters.JUnitReportReporter -->
<testsuite hostname="OB-Sum" failures="0" tests="3" name="Test_Trial_Balance_RE_Jour_Bank_Supp_3.TC_02_3_BS_FixedAsset_25_To_29_With_Journal_Bank_Supplier" time="330.822" errors="0" timestamp="2022-01-18T16:59:19 IST" skipped="0">
  <testcase classname="Test_Trial_Balance_RE_Jour_Bank_Supp_3.TC_02_3_BS_FixedAsset_25_To_29_With_Journal_Bank_Supplier" name="GoToUrlAssertUrlPositiveEnternLOGINPositiveEnternPASSClickLoginGoToUrlAssertUrlClickAgentsP3" time="129.920"/>
  <system-out/>
  <testcase classname="Test_Trial_Balance_RE_Jour_Bank_Supp_3.TC_02_3_BS_FixedAsset_25_To_29_With_Journal_Bank_Supplier" name="GoToUrlAssertUrlPositiveEnternLOGINPositiveEnternPASSClickLoginGoToUrlAssertUrlClickAgentsP2" time="140.271"/>
  <system-out/>
  <testcase classname="Test_Trial_Balance_RE_Jour_Bank_Supp_3.TC_02_3_BS_FixedAsset_25_To_29_With_Journal_Bank_Supplier" name="GoToUrlAssertUrlPositiveEnternLOGINPositiveEnternPASSClickLoginGoToUrlAssertUrlClickAgentsP1" time="60.631"/>
  <system-out>
    <![CDATA[ledger 1 entered :25 - Patents Amortisation B/Fwd
ledger 2 entered :26 - Patents Amortisation Disposals
ledger 3 entered :27 - Patents Amortisation Revaluations
ledger 4 entered :28 - Patents Amortisation Transfers
ledger 5 entered :29 - Patents Amortisation Charge
Ledger code verified: Patents Amortisation B/Fwd
Amount enter verified: 1,000.00
Ledger code verified: Patents Amortisation Disposals
Amount enter verified: 1,000.00
Ledger code verified: Patents Amortisation Revaluations
Amount enter verified: 1,000.00
Ledger code verified: Patents Amortisation Transfers
Amount enter verified: 1,000.00
Ledger code verified: Patents Amortisation Charge
Amount enter verified: (4,000.00)
Enteries are Verified on Balance Sheet Report page :]]>
  </system-out>
</testsuite> <!-- Test_Trial_Balance_RE_Jour_Bank_Supp_3.TC_02_3_BS_FixedAsset_25_To_29_With_Journal_Bank_Supplier -->
