<?xml version="1.0" encoding="UTF-8"?>
<!-- Generated by org.testng.reporters.JUnitReportReporter -->
<testsuite hostname="OB-Sum" failures="0" tests="2" name="Test_Balance_RE_Jour_Bank_Supp_3.TC_30_2_BS_CreditDueWithinOneYear_2000_1_10_30_With_Journal_Bank" time="162.061" errors="0" timestamp="2022-02-19T09:42:02 IST" skipped="0">
  <testcase classname="Test_Balance_RE_Jour_Bank_Supp_3.TC_30_2_BS_CreditDueWithinOneYear_2000_1_10_30_With_Journal_Bank" name="GoToUrlAssertUrlPositiveEnternLOGINPositiveEnternPASSClickLoginGoToUrlAssertUrlClickAgentsP1" time="58.910"/>
  <system-out>
    <![CDATA[ledger 1 entered :2000 - Liability B/Fwd
ledger 2 entered :2001 - Mortgage
ledger 3 entered :2010 - Loans
ledger 4 entered :2030 - Finance Leases
Ledger code verified: Liability B/Fwd
Amount enter verified: 1,000.00
Ledger code verified: Mortgage
Amount enter verified: 1,000.00
Ledger code verified: Loans
Amount enter verified: 1,000.00
Ledger code verified: Finance Leases
Amount enter verified: (3,000.00)
Enteries are Verified on Balance Sheet Report page :]]>
  </system-out>
  <testcase classname="Test_Balance_RE_Jour_Bank_Supp_3.TC_30_2_BS_CreditDueWithinOneYear_2000_1_10_30_With_Journal_Bank" name="GoToUrlAssertUrlPositiveEnternLOGINPositiveEnternPASSClickLoginGoToUrlAssertUrlClickAgentsP3" time="103.151"/>
  <system-out/>
</testsuite> <!-- Test_Balance_RE_Jour_Bank_Supp_3.TC_30_2_BS_CreditDueWithinOneYear_2000_1_10_30_With_Journal_Bank -->
