<?xml version="1.0" encoding="UTF-8"?>
<!-- Generated by org.testng.reporters.JUnitReportReporter -->
<testsuite hostname="OB-Sum" failures="0" tests="2" name="Test_Balance_RE_Jour_Bank_Supp_3.TC_36_2_BS_CreditDueAfterOneYear_2336_37_38_39_With_Journal_Bank" time="169.012" errors="0" timestamp="2022-02-19T09:42:02 IST" skipped="0">
  <testcase classname="Test_Balance_RE_Jour_Bank_Supp_3.TC_36_2_BS_CreditDueAfterOneYear_2336_37_38_39_With_Journal_Bank" name="GoToUrlAssertUrlPositiveEnternLOGINPositiveEnternPASSClickLoginGoToUrlAssertUrlClickAgentsP1" time="61.893"/>
  <system-out>
    <![CDATA[ledger 1 entered :2336 - Accruals Greater Than 1 Year
ledger 2 entered :2337 - Deferred Income Greater Than 1 Year
ledger 3 entered :2338 - Grants Greater Than 1 Year
ledger 4 entered :2339 - Amounts Due to Group Companies Greater Than 1 Year
Ledger code verified: Accruals Greater Than 1 Year
Amount enter verified: 1,000.00
Ledger code verified: Deferred Income Greater Than 1 Year
Amount enter verified: 1,000.00
Ledger code verified: Grants Greater Than 1 Year
Amount enter verified: 1,000.00
Ledger code verified: Amounts Due to Group Companies Greater Than 1 Year
Amount enter verified: (3,000.00)
Enteries are Verified on Balance Sheet Report page :]]>
  </system-out>
  <testcase classname="Test_Balance_RE_Jour_Bank_Supp_3.TC_36_2_BS_CreditDueAfterOneYear_2336_37_38_39_With_Journal_Bank" name="GoToUrlAssertUrlPositiveEnternLOGINPositiveEnternPASSClickLoginGoToUrlAssertUrlClickAgentsP3" time="107.119"/>
  <system-out/>
</testsuite> <!-- Test_Balance_RE_Jour_Bank_Supp_3.TC_36_2_BS_CreditDueAfterOneYear_2336_37_38_39_With_Journal_Bank -->
