<?xml version="1.0" encoding="UTF-8"?>
<!-- Generated by org.testng.reporters.JUnitReportReporter -->
<testsuite hostname="OB-Sum" failures="0" tests="2" name="Test_Trial_Balance_RE_Jour_Bank_Supp_3.TC_42_2_BS_CurrentAsset_1410_11_50_With_Journal_Bank" time="173.455" errors="0" timestamp="2022-01-18T16:59:19 IST" skipped="0">
  <testcase classname="Test_Trial_Balance_RE_Jour_Bank_Supp_3.TC_42_2_BS_CurrentAsset_1410_11_50_With_Journal_Bank" name="GoToUrlAssertUrlPositiveEnternLOGINPositiveEnternPASSClickLoginGoToUrlAssertUrlClickAgentsP1" time="71.730"/>
  <system-out>
    <![CDATA[ledger 1 entered :1410 - Unbanked Deposits
ledger 2 entered :1411 - Short Term Loans
ledger 3 entered :1450 - Long Term Debtors
Ledger code verified: Unbanked Deposits
Amount enter verified: 1,000.00
Ledger code verified: Short Term Loans
Amount enter verified: 1,000.00
Ledger code verified: Long Term Debtors
Amount enter verified: (2,000.00)
Enteries are Verified on Balance Sheet Report page :]]>
  </system-out>
  <testcase classname="Test_Trial_Balance_RE_Jour_Bank_Supp_3.TC_42_2_BS_CurrentAsset_1410_11_50_With_Journal_Bank" name="GoToUrlAssertUrlPositiveEnternLOGINPositiveEnternPASSClickLoginGoToUrlAssertUrlClickAgentsP3" time="101.725"/>
  <system-out/>
</testsuite> <!-- Test_Trial_Balance_RE_Jour_Bank_Supp_3.TC_42_2_BS_CurrentAsset_1410_11_50_With_Journal_Bank -->
