<?xml version="1.0" encoding="UTF-8"?>
<!-- Generated by org.testng.reporters.JUnitReportReporter -->
<testsuite hostname="OB-Yogesh" failures="0" tests="1" name="test.partialReconcileJonralEntry.SaleInToReconcileForJonral_DefaultProfile" time="103.776" errors="0" timestamp="2021-04-21T14:54:38 IST" skipped="0">
  <testcase classname="test.partialReconcileJonralEntry.SaleInToReconcileForJonral_DefaultProfile" name="GoToUrlAssertUrlPositiveEnternLOGINPositiveEnternPASSClickLoginGoToUrlAssertUrlClickAgentsP1" time="103.776"/>
  <system-out/>
</testsuite> <!-- test.partialReconcileJonralEntry.SaleInToReconcileForJonral_DefaultProfile -->
