<?xml version="1.0" encoding="UTF-8"?>
<!-- Generated by org.testng.reporters.JUnitReportReporter -->
<testsuite hostname="OB-Sum" failures="0" tests="2" name="tests.BalanceSheet_Bf.TC_32_BSBFProfitLoss30073010_DefaultProfile" time="260.820" errors="0" timestamp="2022-03-03T17:00:06 IST" skipped="0">
  <testcase classname="tests.BalanceSheet_Bf.TC_32_BSBFProfitLoss30073010_DefaultProfile" name="GoToUrlAssertUrlPositiveEnternLOGINPositiveEnternPASSClickLoginGoToUrlAssertUrlClickAgentsP1" time="150.937"/>
  <system-out>
    <![CDATA[Accounting Period Status : Account UnClosed 
Accounting Period Status : Account UnLocked
ledger 1 entered :3007 - Capital Distribution
ledger 2 entered :3010 - Other Reserves
ledger 3 entered :1400 - Default Bank
Accounting Period Status :- Account period closed
Ledger code verified: Profit and Loss B/Fwd
Ledger code verified: Default Bank
Amount enter verified: 1,000.00
Amount enter verified: (2,100.00)
Enteries are Verified on Balance Sheet Report page :]]>
  </system-out>
  <testcase classname="tests.BalanceSheet_Bf.TC_32_BSBFProfitLoss30073010_DefaultProfile" name="GoToUrlAssertUrlPositiveEnternLOGINPositiveEnternPASSClickLoginGoToUrlAssertUrlClickAgentsP3" time="109.883"/>
  <system-out>
    <![CDATA[Accounting Period Status : Account UnClosed 
Accounting Period Status : Account UnLocked
Accounting Period Status :- Account period closed]]>
  </system-out>
</testsuite> <!-- tests.BalanceSheet_Bf.TC_32_BSBFProfitLoss30073010_DefaultProfile -->
