<?xml version="1.0" encoding="UTF-8"?>
<!-- Generated by org.testng.reporters.JUnitReportReporter -->
<testsuite hostname="OB-Sum" failures="0" tests="6" name="VAT3_UnReconciled_STOF.UN_SupplierBill_StoF__Default1" time="332.441" errors="0" timestamp="2022-02-06T06:55:31 IST" skipped="0">
  <testcase classname="VAT3_UnReconciled_STOF.UN_SupplierBill_StoF__Default1" name="GoToUrlAssertUrlPositiveEnternLOGINPositiveEnternPASSClickLoginGoToUrlAssertUrlClickAgentsP5" time="53.862"/>
  <system-out/>
  <testcase classname="VAT3_UnReconciled_STOF.UN_SupplierBill_StoF__Default1" name="GoToUrlAssertUrlPositiveEnternLOGINPositiveEnternPASSClickLoginGoToUrlAssertUrlClickAgentsP2" time="59.607"/>
  <system-out/>
  <testcase classname="VAT3_UnReconciled_STOF.UN_SupplierBill_StoF__Default1" name="GoToUrlAssertUrlPositiveEnternLOGINPositiveEnternPASSClickLoginGoToUrlAssertUrlClickAgentsP9" time="57.461"/>
  <system-out/>
  <testcase classname="VAT3_UnReconciled_STOF.UN_SupplierBill_StoF__Default1" name="GoToUrlAssertUrlPositiveEnternLOGINPositiveEnternPASSClickLoginGoToUrlAssertUrlClickAgentsP6" time="56.084"/>
  <system-out/>
  <testcase classname="VAT3_UnReconciled_STOF.UN_SupplierBill_StoF__Default1" name="GoToUrlAssertUrlPositiveEnternLOGINPositiveEnternPASSClickLoginGoToUrlAssertUrlClickAgentsP7" time="52.751"/>
  <system-out/>
  <testcase classname="VAT3_UnReconciled_STOF.UN_SupplierBill_StoF__Default1" name="GoToUrlAssertUrlPositiveEnternLOGINPositiveEnternPASSClickLoginGoToUrlAssertUrlClickAgentsP1" time="52.676"/>
  <system-out/>
</testsuite> <!-- VAT3_UnReconciled_STOF.UN_SupplierBill_StoF__Default1 -->
