<?xml version="1.0" encoding="UTF-8"?>
<!-- Generated by org.testng.reporters.JUnitReportReporter -->
<testsuite hostname="OB-Sum" failures="0" tests="2" name="Test_Trial_Balance_RE_Jour_Bank_Supp_3.TC_33_2_BS_CreditDueAfterOneYear_2300_1_2_10_With_Journal_Bank" time="189.569" errors="0" timestamp="2022-01-18T16:59:19 IST" skipped="0">
  <testcase classname="Test_Trial_Balance_RE_Jour_Bank_Supp_3.TC_33_2_BS_CreditDueAfterOneYear_2300_1_2_10_With_Journal_Bank" name="GoToUrlAssertUrlPositiveEnternLOGINPositiveEnternPASSClickLoginGoToUrlAssertUrlClickAgentsP3" time="121.542"/>
  <system-out/>
  <testcase classname="Test_Trial_Balance_RE_Jour_Bank_Supp_3.TC_33_2_BS_CreditDueAfterOneYear_2300_1_2_10_With_Journal_Bank" name="GoToUrlAssertUrlPositiveEnternLOGINPositiveEnternPASSClickLoginGoToUrlAssertUrlClickAgentsP1" time="68.027"/>
  <system-out>
    <![CDATA[ledger 1 entered :2300 - Bank Loans (Unsecured) Greater Than 1 Year
ledger 2 entered :2301 - Bank Loans (Secured) Greater Than 1 Year
ledger 3 entered :2302 - Loans Outstanding Greater Than 1 Year
ledger 4 entered :2310 - Finance Leases Greater Than 1 Year
Ledger code verified: Bank Loans (Unsecured) Greater Than 1 Year
Amount enter verified: 1,000.00
Ledger code verified: Bank Loans (Secured) Greater Than 1 Year
Amount enter verified: 1,000.00
Ledger code verified: Loans Outstanding Greater Than 1 Year
Amount enter verified: 1,000.00
Ledger code verified: Finance Leases Greater Than 1 Year
Amount enter verified: (3,000.00)
Enteries are Verified on Balance Sheet Report page :]]>
  </system-out>
</testsuite> <!-- Test_Trial_Balance_RE_Jour_Bank_Supp_3.TC_33_2_BS_CreditDueAfterOneYear_2300_1_2_10_With_Journal_Bank -->
