<?xml version="1.0" encoding="UTF-8"?>
<!-- Generated by org.testng.reporters.JUnitReportReporter -->
<testsuite hostname="OB-Sum" failures="0" tests="1" name="tests.BalanceSheet_Bf.TC_38_BSBFPaymentType10711073_DefaultProfile" time="141.061" errors="0" timestamp="2022-01-21T21:14:17 IST" skipped="0">
  <testcase classname="tests.BalanceSheet_Bf.TC_38_BSBFPaymentType10711073_DefaultProfile" name="GoToUrlAssertUrlPositiveEnternLOGINPositiveEnternPASSClickLoginGoToUrlAssertUrlClickAgentsP1" time="141.061"/>
  <system-out>
    <![CDATA[Accounting Period Status : Account UnClosed 
Accounting Period Status : Account UnLocked
ledger 1 entered :1071 - Cash Takings
ledger 2 entered :1072 - Card Takings
ledger 3 entered :1073 - Cheque Takings
ledger 4 entered :1400 - Default Bank
Accounting Period Status :- Account period closed
Ledger code verified: Cash Takings
Amount enter verified: 1,000.00
Ledger code verified: Card Takings
Amount enter verified: 1,100.00
Ledger code verified: Cheque Takings
Amount enter verified: 1,200.00
Enteries are Verified on Balance Sheet Report page :]]>
  </system-out>
</testsuite> <!-- tests.BalanceSheet_Bf.TC_38_BSBFPaymentType10711073_DefaultProfile -->
