<?xml version="1.0" encoding="UTF-8"?>
<!-- Generated by org.testng.reporters.JUnitReportReporter -->
<testsuite hostname="OB-Yogesh" failures="0" tests="2" name="test.AdvanceReconcilationFLATTOFLATP.ScriptVATReturn1stVATReturnReport_SToFlat_DefaultProfile" time="110.643" errors="0" timestamp="2021-04-05T18:05:16 IST" skipped="0">
  <testcase classname="test.AdvanceReconcilationFLATTOFLATP.ScriptVATReturn1stVATReturnReport_SToFlat_DefaultProfile" name="GoToUrlAssertUrlPositiveEnterUserNamePositiveEnterPasswordClickLoginButtonGoToUrlAssertUrlCl" time="55.668"/>
  <system-out/>
  <testcase classname="test.AdvanceReconcilationFLATTOFLATP.ScriptVATReturn1stVATReturnReport_SToFlat_DefaultProfile" name="GoToUrlAssertUrlPositiveEnterUserNamePositiveEnterPasswordClickLoginButtonGoToUrlAssertUrlCl" time="54.975"/>
  <system-out/>
</testsuite> <!-- test.AdvanceReconcilationFLATTOFLATP.ScriptVATReturn1stVATReturnReport_SToFlat_DefaultProfile -->
