<?xml version="1.0" encoding="UTF-8"?>
<!-- Generated by org.testng.reporters.JUnitReportReporter -->
<testsuite hostname="OB-Sum" failures="0" tests="1" name="Supplier_STNDToFRS.ScriptVerifySupplierAddRecordSTOFRS_DefaultProfile" time="131.684" errors="0" timestamp="2021-12-19T01:41:01 IST" skipped="0">
  <testcase classname="Supplier_STNDToFRS.ScriptVerifySupplierAddRecordSTOFRS_DefaultProfile" name="GoToUrlAssertUrlPositiveEnterUserNamePositiveEnterPasswordClickLoginButtonGoToUrlAssertUrlCl" time="131.684"/>
  <system-out/>
</testsuite> <!-- Supplier_STNDToFRS.ScriptVerifySupplierAddRecordSTOFRS_DefaultProfile -->
