<?xml version="1.0" encoding="UTF-8"?>
<!-- Generated by org.testng.reporters.JUnitReportReporter -->
<testsuite hostname="OB-Sum" failures="0" tests="1" name="VAT3_SupplierPartialReconcile.ScriptVATReturn3stVATReturnReport_SToFRS_DefaultProfile_1" time="46.540" errors="0" timestamp="2021-12-19T01:41:00 IST" skipped="0">
  <testcase classname="VAT3_SupplierPartialReconcile.ScriptVATReturn3stVATReturnReport_SToFRS_DefaultProfile_1" name="GoToUrlAssertUrlPositiveEnterUserNamePositiveEnterPasswordClickLoginButtonGoToUrlAssertUrlCl" time="46.540"/>
  <system-out/>
</testsuite> <!-- VAT3_SupplierPartialReconcile.ScriptVATReturn3stVATReturnReport_SToFRS_DefaultProfile_1 -->
