<?xml version="1.0" encoding="UTF-8"?>
<!-- Generated by org.testng.reporters.JUnitReportReporter -->
<testsuite hostname="OB-Sum" failures="0" tests="6" name="VAT3.FullREC_F2_Standard.Supplier_ReconcileForDebitNote_2" time="655.640" errors="0" timestamp="2021-11-25T12:11:12 IST" skipped="0">
  <testcase classname="VAT3.FullREC_F2_Standard.Supplier_ReconcileForDebitNote_2" name="GoToUrlAssertUrlPositiveEnternLOGINPositiveEnternPASSClickLoginGoToUrlAssertUrlClickAgentsP3" time="109.695"/>
  <system-out/>
  <testcase classname="VAT3.FullREC_F2_Standard.Supplier_ReconcileForDebitNote_2" name="GoToUrlAssertUrlPositiveEnternLOGINPositiveEnternPASSClickLoginGoToUrlAssertUrlClickAgentsP7" time="107.996"/>
  <system-out/>
  <testcase classname="VAT3.FullREC_F2_Standard.Supplier_ReconcileForDebitNote_2" name="GoToUrlAssertUrlPositiveEnternLOGINPositiveEnternPASSClickLoginGoToUrlAssertUrlClickAgentsP6" time="107.584"/>
  <system-out/>
  <testcase classname="VAT3.FullREC_F2_Standard.Supplier_ReconcileForDebitNote_2" name="GoToUrlAssertUrlPositiveEnternLOGINPositiveEnternPASSClickLoginGoToUrlAssertUrlClickAgentsP71" time="111.071"/>
  <system-out/>
  <testcase classname="VAT3.FullREC_F2_Standard.Supplier_ReconcileForDebitNote_2" name="GoToUrlAssertUrlPositiveEnternLOGINPositiveEnternPASSClickLoginGoToUrlAssertUrlClickAgentsP1" time="110.055"/>
  <system-out/>
  <testcase classname="VAT3.FullREC_F2_Standard.Supplier_ReconcileForDebitNote_2" name="GoToUrlAssertUrlPositiveEnternLOGINPositiveEnternPASSClickLoginGoToUrlAssertUrlClickAgentsP2" time="109.239"/>
  <system-out/>
</testsuite> <!-- VAT3.FullREC_F2_Standard.Supplier_ReconcileForDebitNote_2 -->
