<?xml version="1.0" encoding="UTF-8"?>
<!-- Generated by org.testng.reporters.JUnitReportReporter -->
<testsuite hostname="OB-Sum" failures="0" tests="6" name="VAT3_InvoiceUnreconcileCases.ScriptSaleCreditNoteStandToFlat_DefaultProfile_4" time="376.270" errors="0" timestamp="2021-12-19T01:40:59 IST" skipped="0">
  <testcase classname="VAT3_InvoiceUnreconcileCases.ScriptSaleCreditNoteStandToFlat_DefaultProfile_4" name="GoToUrlAssertUrlPositiveEnterUserNamePositiveEnterPasswordClickLoginButtonGoToUrlAssertUrlCl2" time="61.416"/>
  <system-out/>
  <testcase classname="VAT3_InvoiceUnreconcileCases.ScriptSaleCreditNoteStandToFlat_DefaultProfile_4" name="GoToUrlAssertUrlPositiveEnterUserNamePositiveEnterPasswordClickLoginButtonGoToUrlAssertUrlCl5" time="61.750"/>
  <system-out/>
  <testcase classname="VAT3_InvoiceUnreconcileCases.ScriptSaleCreditNoteStandToFlat_DefaultProfile_4" name="GoToUrlAssertUrlPositiveEnterUserNamePositiveEnterPasswordClickLoginButtonGoToUrlAssertUrlCl1" time="62.998"/>
  <system-out/>
  <testcase classname="VAT3_InvoiceUnreconcileCases.ScriptSaleCreditNoteStandToFlat_DefaultProfile_4" name="GoToUrlAssertUrlPositiveEnterUserNamePositiveEnterPasswordClickLoginButtonGoToUrlAssertUrlCl3" time="62.332"/>
  <system-out/>
  <testcase classname="VAT3_InvoiceUnreconcileCases.ScriptSaleCreditNoteStandToFlat_DefaultProfile_4" name="GoToUrlAssertUrlPositiveEnterUserNamePositiveEnterPasswordClickLoginButtonGoToUrlAssertUrlCl6" time="65.301"/>
  <system-out/>
  <testcase classname="VAT3_InvoiceUnreconcileCases.ScriptSaleCreditNoteStandToFlat_DefaultProfile_4" name="GoToUrlAssertUrlPositiveEnterUserNamePositiveEnterPasswordClickLoginButtonGoToUrlAssertUrlCl4" time="62.473"/>
  <system-out/>
</testsuite> <!-- VAT3_InvoiceUnreconcileCases.ScriptSaleCreditNoteStandToFlat_DefaultProfile_4 -->
