<?xml version="1.0" encoding="UTF-8"?>
<!-- Generated by org.testng.reporters.JUnitReportReporter -->
<testsuite hostname="OB-Sum" failures="0" tests="1" name="Test_Trial_Balance_Report.TC_18_LadgerCode_7015_7016_4000_Report" time="118.824" errors="0" timestamp="2022-02-19T09:42:02 IST" skipped="0">
  <testcase classname="Test_Trial_Balance_Report.TC_18_LadgerCode_7015_7016_4000_Report" name="GoToUrlAssertUrlPositiveEnternLOGINPositiveEnternPASSClickLoginGoToUrlAssertUrlClickAgentsP1" time="118.824"/>
  <system-out/>
</testsuite> <!-- Test_Trial_Balance_Report.TC_18_LadgerCode_7015_7016_4000_Report -->
