<?xml version="1.0" encoding="UTF-8"?>
<!-- Generated by org.testng.reporters.JUnitReportReporter -->
<testsuite hostname="OB-Sum" failures="0" tests="2" name="Test_Trial_Balance_RE_Jour_Bank_Supp_3.TC_35_2_BS_CreditDueAfterOneYear_2332_33_34_35_With_Journal_Bank" time="189.975" errors="0" timestamp="2022-01-18T16:59:19 IST" skipped="0">
  <testcase classname="Test_Trial_Balance_RE_Jour_Bank_Supp_3.TC_35_2_BS_CreditDueAfterOneYear_2332_33_34_35_With_Journal_Bank" name="GoToUrlAssertUrlPositiveEnternLOGINPositiveEnternPASSClickLoginGoToUrlAssertUrlClickAgentsP3" time="120.113"/>
  <system-out/>
  <testcase classname="Test_Trial_Balance_RE_Jour_Bank_Supp_3.TC_35_2_BS_CreditDueAfterOneYear_2332_33_34_35_With_Journal_Bank" name="GoToUrlAssertUrlPositiveEnternLOGINPositiveEnternPASSClickLoginGoToUrlAssertUrlClickAgentsP1" time="69.862"/>
  <system-out>
    <![CDATA[ledger 1 entered :2332 - Bills of Exchange Payable Greater Than 1 Year
ledger 2 entered :2333 - Other Creditors Greater Than 1 Year
ledger 3 entered :2334 - Pension Schemes Greater Than 1 Year
ledger 4 entered :2335 - Taxation and Social Security Greater Than 1 Year
Ledger code verified: Bills of Exchange Payable Greater Than 1 Year
Amount enter verified: 1,000.00
Ledger code verified: Other Creditors Greater Than 1 Year
Amount enter verified: 1,000.00
Ledger code verified: Pension Schemes Greater Than 1 Year
Amount enter verified: 1,000.00
Ledger code verified: Taxation and Social Security Greater Than 1 Year
Amount enter verified: (3,000.00)
Enteries are Verified on Balance Sheet Report page :]]>
  </system-out>
</testsuite> <!-- Test_Trial_Balance_RE_Jour_Bank_Supp_3.TC_35_2_BS_CreditDueAfterOneYear_2332_33_34_35_With_Journal_Bank -->
