<?xml version="1.0" encoding="UTF-8"?>
<!-- Generated by org.testng.reporters.JUnitReportReporter -->
<testsuite hostname="OB-Yogesh" failures="0" tests="1" name="VATPhase3.ScriptEditVATFlatP_StandToFlat_DefaultProfile_1" time="145.755" errors="0" timestamp="2021-05-06T00:22:11 IST" skipped="0">
  <testcase classname="VATPhase3.ScriptEditVATFlatP_StandToFlat_DefaultProfile_1" name="GoToUrlAssertUrlPositiveEnterUserNamePositiveEnterPasswordClickLoginButtonGoToUrlAssertUrlCl3" time="145.755"/>
  <system-out/>
</testsuite> <!-- VATPhase3.ScriptEditVATFlatP_StandToFlat_DefaultProfile_1 -->
