<?xml version="1.0" encoding="UTF-8"?>
<!-- Generated by org.testng.reporters.JUnitReportReporter -->
<testsuite hostname="OB-Yogesh" failures="0" tests="1" name="test.partialReconcileJonralEntrySToFlat.ScriptPostVATReturn2stVATReturnReport_DefaultProfile" time="86.654" errors="0" timestamp="2021-05-10T01:42:24 IST" skipped="0">
  <testcase classname="test.partialReconcileJonralEntrySToFlat.ScriptPostVATReturn2stVATReturnReport_DefaultProfile" name="GoToUrlAssertUrlPositiveEnterUserNamePositiveEnterPasswordClickLoginButtonGoToUrlAssertUrlCl" time="86.654"/>
  <system-out/>
</testsuite> <!-- test.partialReconcileJonralEntrySToFlat.ScriptPostVATReturn2stVATReturnReport_DefaultProfile -->
