<?xml version="1.0" encoding="UTF-8"?>
<!-- Generated by org.testng.reporters.JUnitReportReporter -->
<testsuite hostname="OB-Sum" failures="0" tests="1" name="VAT3_InvoiceFullyReconcile.ScriptStandardToFlat_DefaultProfileFullyReconcile_1" time="57.850" errors="0" timestamp="2021-11-15T14:33:19 IST" skipped="0">
  <testcase classname="VAT3_InvoiceFullyReconcile.ScriptStandardToFlat_DefaultProfileFullyReconcile_1" name="GoToUrlAssertUrlPositiveEnterUserNamePositiveEnterPasswordClickLoginButtonGoToUrlAssertUrlCl1" time="57.850"/>
  <system-out/>
</testsuite> <!-- VAT3_InvoiceFullyReconcile.ScriptStandardToFlat_DefaultProfileFullyReconcile_1 -->
