<?xml version="1.0" encoding="UTF-8"?>
<!-- Generated by org.testng.reporters.JUnitReportReporter -->
<testsuite hostname="OB-Sum" failures="0" tests="3" name="Test_Balance_RE_Jour_Bank_Supp_3.TC_06_3_BS_FixedAsset_215_To_2019_With_Journal_Bank_Supplier" time="292.713" errors="0" timestamp="2022-02-19T09:42:03 IST" skipped="0">
  <testcase classname="Test_Balance_RE_Jour_Bank_Supp_3.TC_06_3_BS_FixedAsset_215_To_2019_With_Journal_Bank_Supplier" name="GoToUrlAssertUrlPositiveEnternLOGINPositiveEnternPASSClickLoginGoToUrlAssertUrlClickAgentsP3" time="112.239"/>
  <system-out/>
  <testcase classname="Test_Balance_RE_Jour_Bank_Supp_3.TC_06_3_BS_FixedAsset_215_To_2019_With_Journal_Bank_Supplier" name="GoToUrlAssertUrlPositiveEnternLOGINPositiveEnternPASSClickLoginGoToUrlAssertUrlClickAgentsP1" time="62.238"/>
  <system-out>
    <![CDATA[ledger 1 entered :215 - Land and Buildings Depreciation B/Fwd
ledger 2 entered :216 - Land and Buildings Depreciation Disposal
ledger 3 entered :217 - Land and Buildings Depreciation Revaluations
ledger 4 entered :218 - Land and Buildings Depreciation Transfers
ledger 5 entered :219 - Land and Buildings Depreciation Charge
Ledger code verified: Land and Buildings Depreciation B/Fwd
Amount enter verified: 1,000.00
Ledger code verified: Land and Buildings Depreciation Disposal
Amount enter verified: 1,000.00
Ledger code verified: Land and Buildings Depreciation Revaluations
Amount enter verified: 1,000.00
Ledger code verified: Land and Buildings Depreciation Transfers
Amount enter verified: 1,000.00
Ledger code verified: Land and Buildings Depreciation Charge
Amount enter verified: (4,000.00)
Enteries are Verified on Balance Sheet Report page :]]>
  </system-out>
  <testcase classname="Test_Balance_RE_Jour_Bank_Supp_3.TC_06_3_BS_FixedAsset_215_To_2019_With_Journal_Bank_Supplier" name="GoToUrlAssertUrlPositiveEnternLOGINPositiveEnternPASSClickLoginGoToUrlAssertUrlClickAgentsP2" time="118.236"/>
  <system-out/>
</testsuite> <!-- Test_Balance_RE_Jour_Bank_Supp_3.TC_06_3_BS_FixedAsset_215_To_2019_With_Journal_Bank_Supplier -->
