<?xml version="1.0" encoding="UTF-8"?>
<!-- Generated by org.testng.reporters.JUnitReportReporter -->
<testsuite hostname="OB-Sum" failures="0" tests="6" name="VAT3_ExpensesReinbr.ExpenseRemOnlyStandToFlat_DefaultProfile_1" time="234.946" errors="0" timestamp="2021-11-25T12:11:12 IST" skipped="0">
  <testcase classname="VAT3_ExpensesReinbr.ExpenseRemOnlyStandToFlat_DefaultProfile_1" name="GoToUrlAssertUrlPositiveEnternLOGINPositiveEnternPASSClickLoginGoToUrlAssertUrlClickAgentsP1" time="40.097"/>
  <system-out/>
  <testcase classname="VAT3_ExpensesReinbr.ExpenseRemOnlyStandToFlat_DefaultProfile_1" name="GoToUrlAssertUrlPositiveEnternLOGINPositiveEnternPASSClickLoginGoToUrlAssertUrlClickAgentsP5" time="36.307"/>
  <system-out/>
  <testcase classname="VAT3_ExpensesReinbr.ExpenseRemOnlyStandToFlat_DefaultProfile_1" name="GoToUrlAssertUrlPositiveEnternLOGINPositiveEnternPASSClickLoginGoToUrlAssertUrlClickAgentsP4" time="42.672"/>
  <system-out/>
  <testcase classname="VAT3_ExpensesReinbr.ExpenseRemOnlyStandToFlat_DefaultProfile_1" name="GoToUrlAssertUrlPositiveEnternLOGINPositiveEnternPASSClickLoginGoToUrlAssertUrlClickAgentsP2" time="36.241"/>
  <system-out/>
  <testcase classname="VAT3_ExpensesReinbr.ExpenseRemOnlyStandToFlat_DefaultProfile_1" name="GoToUrlAssertUrlPositiveEnternLOGINPositiveEnternPASSClickLoginGoToUrlAssertUrlClickAgentsP6" time="39.023"/>
  <system-out/>
  <testcase classname="VAT3_ExpensesReinbr.ExpenseRemOnlyStandToFlat_DefaultProfile_1" name="GoToUrlAssertUrlPositiveEnternLOGINPositiveEnternPASSClickLoginGoToUrlAssertUrlClickAgentsP3" time="40.606"/>
  <system-out/>
</testsuite> <!-- VAT3_ExpensesReinbr.ExpenseRemOnlyStandToFlat_DefaultProfile_1 -->
