<?xml version="1.0" encoding="UTF-8"?>
<!-- Generated by org.testng.reporters.JUnitReportReporter -->
<testsuite hostname="OB-Sum" failures="0" tests="6" name="VAT3_ExpenseReimbFullyReconcile.SaleInToFullyReconcileForExpenseRem_DefaultProfile_1" time="450.108" errors="0" timestamp="2022-02-06T06:55:34 IST" skipped="0">
  <testcase classname="VAT3_ExpenseReimbFullyReconcile.SaleInToFullyReconcileForExpenseRem_DefaultProfile_1" name="GoToUrlAssertUrlPositiveEnternLOGINPositiveEnternPASSClickLoginGoToUrlAssertUrlClickAgentsP3" time="76.030"/>
  <system-out/>
  <testcase classname="VAT3_ExpenseReimbFullyReconcile.SaleInToFullyReconcileForExpenseRem_DefaultProfile_1" name="GoToUrlAssertUrlPositiveEnternLOGINPositiveEnternPASSClickLoginGoToUrlAssertUrlClickAgentsP1" time="76.182"/>
  <system-out/>
  <testcase classname="VAT3_ExpenseReimbFullyReconcile.SaleInToFullyReconcileForExpenseRem_DefaultProfile_1" name="GoToUrlAssertUrlPositiveEnternLOGINPositiveEnternPASSClickLoginGoToUrlAssertUrlClickAgentsP6" time="72.435"/>
  <system-out/>
  <testcase classname="VAT3_ExpenseReimbFullyReconcile.SaleInToFullyReconcileForExpenseRem_DefaultProfile_1" name="GoToUrlAssertUrlPositiveEnternLOGINPositiveEnternPASSClickLoginGoToUrlAssertUrlClickAgentsP2" time="74.864"/>
  <system-out/>
  <testcase classname="VAT3_ExpenseReimbFullyReconcile.SaleInToFullyReconcileForExpenseRem_DefaultProfile_1" name="GoToUrlAssertUrlPositiveEnternLOGINPositiveEnternPASSClickLoginGoToUrlAssertUrlClickAgentsP4" time="74.695"/>
  <system-out/>
  <testcase classname="VAT3_ExpenseReimbFullyReconcile.SaleInToFullyReconcileForExpenseRem_DefaultProfile_1" name="GoToUrlAssertUrlPositiveEnternLOGINPositiveEnternPASSClickLoginGoToUrlAssertUrlClickAgentsP5" time="75.902"/>
  <system-out/>
</testsuite> <!-- VAT3_ExpenseReimbFullyReconcile.SaleInToFullyReconcileForExpenseRem_DefaultProfile_1 -->
