<?xml version="1.0" encoding="UTF-8"?>
<!-- Generated by org.testng.reporters.JUnitReportReporter -->
<testsuite hostname="OB-Sum" failures="0" tests="1" name="VAT3_ExpenseReimbFullyReconcile.ScriptPostVATReturn3stVATReturnReport_DefaultProfile_2" time="54.502" errors="0" timestamp="2022-02-06T06:55:32 IST" skipped="0">
  <testcase classname="VAT3_ExpenseReimbFullyReconcile.ScriptPostVATReturn3stVATReturnReport_DefaultProfile_2" name="GoToUrlAssertUrlPositiveEnterUserNamePositiveEnterPasswordClickLoginButtonGoToUrlAssertUrlCl" time="54.502"/>
  <system-out/>
</testsuite> <!-- VAT3_ExpenseReimbFullyReconcile.ScriptPostVATReturn3stVATReturnReport_DefaultProfile_2 -->
