<?xml version="1.0" encoding="UTF-8"?>
<!-- Generated by org.testng.reporters.JUnitReportReporter -->
<testsuite hostname="OB-Yogesh" failures="0" tests="1" name="test.PartialReconcileOnFlatRate.ScriptEditVATFlatP_DefaultProfile" time="77.854" errors="0" timestamp="2021-03-30T20:10:24 IST" skipped="0">
  <testcase classname="test.PartialReconcileOnFlatRate.ScriptEditVATFlatP_DefaultProfile" name="GoToUrlAssertUrlPositiveEnterUserNamePositiveEnterPasswordClickLoginButtonGoToUrlAssertUrlCl3" time="77.854"/>
  <system-out/>
</testsuite> <!-- test.PartialReconcileOnFlatRate.ScriptEditVATFlatP_DefaultProfile -->
