<?xml version="1.0" encoding="UTF-8"?>
<!-- Generated by org.testng.reporters.JUnitReportReporter -->
<testsuite hostname="OB-Sum" failures="0" tests="8" name="Test_Income.TC02Email_DefaultProfile" time="393.208" errors="0" timestamp="2022-03-14T19:11:48 IST" skipped="0">
  <testcase classname="Test_Income.TC02Email_DefaultProfile" name="GoToUrlAssertUrlPositiveSelectSelectInvoiceTempPositiveSelectEmailTemplateEnterEntermailidEnte5" time="49.641"/>
  <system-out/>
  <testcase classname="Test_Income.TC02Email_DefaultProfile" name="GoToUrlAssertUrlPositiveSelectSelectInvoiceTempPositiveSelectEmailTemplateEnterEntermailidEnte8" time="48.565"/>
  <system-out/>
  <testcase classname="Test_Income.TC02Email_DefaultProfile" name="GoToUrlAssertUrlPositiveSelectSelectInvoiceTempPositiveSelectEmailTemplateEnterEntermailidEnte7" time="49.238"/>
  <system-out/>
  <testcase classname="Test_Income.TC02Email_DefaultProfile" name="GoToUrlAssertUrlPositiveSelectSelectInvoiceTempPositiveSelectEmailTemplateEnterEntermailidEnte2" time="48.504"/>
  <system-out/>
  <testcase classname="Test_Income.TC02Email_DefaultProfile" name="GoToUrlAssertUrlPositiveSelectSelectInvoiceTempPositiveSelectEmailTemplateEnterEntermailidEnte3" time="48.202"/>
  <system-out/>
  <testcase classname="Test_Income.TC02Email_DefaultProfile" name="GoToUrlAssertUrlPositiveSelectSelectInvoiceTempPositiveSelectEmailTemplateEnterEntermailidEnte4" time="48.438"/>
  <system-out/>
  <testcase classname="Test_Income.TC02Email_DefaultProfile" name="GoToUrlAssertUrlPositiveSelectSelectInvoiceTempPositiveSelectEmailTemplateEnterEntermailidEnte1" time="49.419"/>
  <system-out/>
  <testcase classname="Test_Income.TC02Email_DefaultProfile" name="GoToUrlAssertUrlPositiveSelectSelectInvoiceTempPositiveSelectEmailTemplateEnterEntermailidEnte6" time="51.201"/>
  <system-out/>
</testsuite> <!-- Test_Income.TC02Email_DefaultProfile -->
