<?xml version="1.0" encoding="UTF-8"?>
<!-- Generated by org.testng.reporters.JUnitReportReporter -->
<testsuite hostname="OB-Yogesh" failures="0" tests="2" name="test.FlatToFlatPer.ScriptVATOnlyInvoice_FlatToFlatP_DefaultProfile" time="79.468" errors="0" timestamp="2021-02-19T00:35:21 IST" skipped="0">
  <testcase classname="test.FlatToFlatPer.ScriptVATOnlyInvoice_FlatToFlatP_DefaultProfile" name="GoToUrlAssertUrlPositiveEnterUserNamePositiveEnterPasswordClickLoginButtonGoToUrlAssertUrlCl2" time="39.686"/>
  <system-out/>
  <testcase classname="test.FlatToFlatPer.ScriptVATOnlyInvoice_FlatToFlatP_DefaultProfile" name="GoToUrlAssertUrlPositiveEnterUserNamePositiveEnterPasswordClickLoginButtonGoToUrlAssertUrlCl1" time="39.782"/>
  <system-out/>
</testsuite> <!-- test.FlatToFlatPer.ScriptVATOnlyInvoice_FlatToFlatP_DefaultProfile -->
