<?xml version="1.0" encoding="UTF-8"?>
<!-- Generated by org.testng.reporters.JUnitReportReporter -->
<testsuite hostname="OB-Sum" failures="0" tests="1" name="test.AdvanceReconcilationSTOFLAT.ScriptFlatToFlatPercentage_DefaultProfile" time="57.428" errors="0" timestamp="2021-12-09T11:24:15 IST" skipped="0">
  <testcase classname="test.AdvanceReconcilationSTOFLAT.ScriptFlatToFlatPercentage_DefaultProfile" name="GoToUrlAssertUrlPositiveEnterUserNamePositiveEnterPasswordClickLoginButtonGoToUrlAssertUrlCl1" time="57.428"/>
  <system-out/>
</testsuite> <!-- test.AdvanceReconcilationSTOFLAT.ScriptFlatToFlatPercentage_DefaultProfile -->
