<?xml version="1.0" encoding="UTF-8"?>
<!-- Generated by org.testng.reporters.JUnitReportReporter -->
<testsuite hostname="OB-Sum" failures="0" tests="1" name="Test_Income.TestNewBatchEntry_TC03" time="46.587" errors="0" timestamp="2021-11-11T20:51:38 IST" skipped="0">
  <testcase classname="Test_Income.TestNewBatchEntry_TC03" name="ClickNew1ClickNewBatchEntry2PositiveEnterInvoiceDate3PositiveSelectSelectCustomer4PositiveSelecClickSaveAndAddMoreOpennewEntryTab_TC03" time="46.587"/>
  <system-out/>
</testsuite> <!-- Test_Income.TestNewBatchEntry_TC03 -->
