<?xml version="1.0" encoding="UTF-8"?>
<!-- Generated by org.testng.reporters.JUnitReportReporter -->
<testsuite hostname="OB-Sum" failures="0" tests="1" name="VAT2.S2F.ScriptPostVATReturn3stVATReturnReport_SToFlat" time="34.908" errors="0" timestamp="2021-12-09T11:24:15 IST" skipped="0">
  <testcase classname="VAT2.S2F.ScriptPostVATReturn3stVATReturnReport_SToFlat" name="GoToUrlAssertUrlPositiveEnterUserNamePositiveEnterPasswordClickLoginButtonGoToUrlAssertUrlCl" time="34.908"/>
  <system-out/>
</testsuite> <!-- VAT2.S2F.ScriptPostVATReturn3stVATReturnReport_SToFlat -->
