<?xml version="1.0" encoding="UTF-8"?>
<!-- Generated by org.testng.reporters.JUnitReportReporter -->
<testsuite hostname="OB-Sum" failures="0" tests="1" name="VAT2.S2NoVAT.S2noVAT_scriptaddvatrate_addvatrate_StoF_44" time="45.511" errors="0" timestamp="2022-02-06T06:55:36 IST" skipped="0">
  <testcase classname="VAT2.S2NoVAT.S2noVAT_scriptaddvatrate_addvatrate_StoF_44" name="addvatrateGoToUrlAssertUrlPositiveEnternLOGINPositiveEnternPASSClickLoginGoToUrlAssertUrlCl7" time="45.511"/>
  <system-out/>
</testsuite> <!-- VAT2.S2NoVAT.S2noVAT_scriptaddvatrate_addvatrate_StoF_44 -->
