<?xml version="1.0" encoding="UTF-8"?>
<!-- Generated by org.testng.reporters.JUnitReportReporter -->
<testsuite hostname="OB-Sum" failures="0" tests="1" name="Supplier_FRSToStandard.ScriptVerifyByTrialBalanceDefaultProfile_DefaultProfile" time="48.573" errors="0" timestamp="2021-12-09T11:24:14 IST" skipped="0">
  <testcase classname="Supplier_FRSToStandard.ScriptVerifyByTrialBalanceDefaultProfile_DefaultProfile" name="GoToUrlAssertUrlPositiveEnterUserNamePositiveEnterPasswordClickLoginButtonGoToUrlAssertUrlCl" time="48.573"/>
  <system-out/>
</testsuite> <!-- Supplier_FRSToStandard.ScriptVerifyByTrialBalanceDefaultProfile_DefaultProfile -->
