<?xml version="1.0" encoding="UTF-8"?>
<!-- Generated by org.testng.reporters.JUnitReportReporter -->
<testsuite hostname="OB-Sum" failures="0" tests="3" name="Test_Trial_Balance_Report.TC_41_3_LedgerCode_7603_7630_ValuesUnderExpenseHead_JournalEntry_Bank_Supplier" time="219.181" errors="0" timestamp="2021-12-21T17:20:21 IST" skipped="0">
  <testcase classname="Test_Trial_Balance_Report.TC_41_3_LedgerCode_7603_7630_ValuesUnderExpenseHead_JournalEntry_Bank_Supplier" name="GoToUrlAssertUrlPositiveEnternLOGINPositiveEnternPASSClickLoginGoToUrlAssertUrlClickAgentsP2" time="69.637"/>
  <system-out/>
  <testcase classname="Test_Trial_Balance_Report.TC_41_3_LedgerCode_7603_7630_ValuesUnderExpenseHead_JournalEntry_Bank_Supplier" name="GoToUrlAssertUrlPositiveEnternLOGINPositiveEnternPASSClickLoginGoToUrlAssertUrlClickAgentsP3" time="77.722"/>
  <system-out/>
  <testcase classname="Test_Trial_Balance_Report.TC_41_3_LedgerCode_7603_7630_ValuesUnderExpenseHead_JournalEntry_Bank_Supplier" name="GoToUrlAssertUrlPositiveEnternLOGINPositiveEnternPASSClickLoginGoToUrlAssertUrlClickAgentsP1" time="71.822"/>
  <system-out/>
</testsuite> <!-- Test_Trial_Balance_Report.TC_41_3_LedgerCode_7603_7630_ValuesUnderExpenseHead_JournalEntry_Bank_Supplier -->
