<?xml version="1.0" encoding="UTF-8"?>
<!-- Generated by org.testng.reporters.JUnitReportReporter -->
<testsuite hostname="OB-Sum" failures="0" tests="9" name="tests.Bank_Multicurrency.tr_StandardSchem_Receivedamt" time="571.230" errors="0" timestamp="2022-02-22T13:22:00 IST" skipped="0">
  <testcase classname="tests.Bank_Multicurrency.tr_StandardSchem_Receivedamt" name="nidbanktrnGoToUrlAssertUrlPositiveEnternLOGINPositiveEnternPASSClickLoginGoToUrlAssertUrlCl5" time="60.488"/>
  <system-out/>
  <testcase classname="tests.Bank_Multicurrency.tr_StandardSchem_Receivedamt" name="nidbanktrnGoToUrlAssertUrlPositiveEnternLOGINPositiveEnternPASSClickLoginGoToUrlAssertUrlCl6" time="58.183"/>
  <system-out/>
  <testcase classname="tests.Bank_Multicurrency.tr_StandardSchem_Receivedamt" name="nidbanktrnGoToUrlAssertUrlPositiveEnternLOGINPositiveEnternPASSClickLoginGoToUrlAssertUrlCl8" time="70.941"/>
  <system-out/>
  <testcase classname="tests.Bank_Multicurrency.tr_StandardSchem_Receivedamt" name="nidbanktrnGoToUrlAssertUrlPositiveEnternLOGINPositiveEnternPASSClickLoginGoToUrlAssertUrlCl9" time="62.419"/>
  <system-out/>
  <testcase classname="tests.Bank_Multicurrency.tr_StandardSchem_Receivedamt" name="nidbanktrnGoToUrlAssertUrlPositiveEnternLOGINPositiveEnternPASSClickLoginGoToUrlAssertUrlCl7" time="69.140"/>
  <system-out/>
  <testcase classname="tests.Bank_Multicurrency.tr_StandardSchem_Receivedamt" name="nidbanktrnGoToUrlAssertUrlPositiveEnternLOGINPositiveEnternPASSClickLoginGoToUrlAssertUrlC_setting2" time="50.961"/>
  <system-out/>
  <testcase classname="tests.Bank_Multicurrency.tr_StandardSchem_Receivedamt" name="nidbanktrnGoToUrlAssertUrlPositiveEnternLOGINPositiveEnternPASSClickLoginGoToUrlAssertUrlCl2" time="67.332"/>
  <system-out/>
  <testcase classname="tests.Bank_Multicurrency.tr_StandardSchem_Receivedamt" name="nidbanktrnGoToUrlAssertUrlPositiveEnternLOGINPositiveEnternPASSClickLoginGoToUrlAssertUrlCl3" time="59.269"/>
  <system-out/>
  <testcase classname="tests.Bank_Multicurrency.tr_StandardSchem_Receivedamt" name="nidbanktrnGoToUrlAssertUrlPositiveEnternLOGINPositiveEnternPASSClickLoginGoToUrlAssertUrlCl1" time="72.497"/>
  <system-out/>
</testsuite> <!-- tests.Bank_Multicurrency.tr_StandardSchem_Receivedamt -->
