<?xml version="1.0" encoding="UTF-8"?>
<!-- Generated by org.testng.reporters.JUnitReportReporter -->
<testsuite hostname="OB-Sum" failures="0" tests="6" name="VAT3_ExpensesReinbr.ExpenseRemOnly_DefaultProfile_4" time="273.503" errors="0" timestamp="2022-02-06T06:55:31 IST" skipped="0">
  <testcase classname="VAT3_ExpensesReinbr.ExpenseRemOnly_DefaultProfile_4" name="GoToUrlAssertUrlPositiveEnternLOGINPositiveEnternPASSClickLoginGoToUrlAssertUrlClickAgentsP1" time="46.166"/>
  <system-out/>
  <testcase classname="VAT3_ExpensesReinbr.ExpenseRemOnly_DefaultProfile_4" name="GoToUrlAssertUrlPositiveEnternLOGINPositiveEnternPASSClickLoginGoToUrlAssertUrlClickAgentsP6" time="45.977"/>
  <system-out/>
  <testcase classname="VAT3_ExpensesReinbr.ExpenseRemOnly_DefaultProfile_4" name="GoToUrlAssertUrlPositiveEnternLOGINPositiveEnternPASSClickLoginGoToUrlAssertUrlClickAgentsP5" time="45.499"/>
  <system-out/>
  <testcase classname="VAT3_ExpensesReinbr.ExpenseRemOnly_DefaultProfile_4" name="GoToUrlAssertUrlPositiveEnternLOGINPositiveEnternPASSClickLoginGoToUrlAssertUrlClickAgentsP3" time="44.200"/>
  <system-out/>
  <testcase classname="VAT3_ExpensesReinbr.ExpenseRemOnly_DefaultProfile_4" name="GoToUrlAssertUrlPositiveEnternLOGINPositiveEnternPASSClickLoginGoToUrlAssertUrlClickAgentsP2" time="44.725"/>
  <system-out/>
  <testcase classname="VAT3_ExpensesReinbr.ExpenseRemOnly_DefaultProfile_4" name="GoToUrlAssertUrlPositiveEnternLOGINPositiveEnternPASSClickLoginGoToUrlAssertUrlClickAgentsP4" time="46.936"/>
  <system-out/>
</testsuite> <!-- VAT3_ExpensesReinbr.ExpenseRemOnly_DefaultProfile_4 -->
