<?xml version="1.0" encoding="UTF-8"?>
<!-- Generated by org.testng.reporters.JUnitReportReporter -->
<testsuite hostname="OB-Sum" failures="0" tests="1" name="Test_Income.TC06TransactionBookStatus" time="66.015" errors="0" timestamp="2021-11-11T20:51:38 IST" skipped="0">
  <testcase classname="Test_Income.TC06TransactionBookStatus" name="saleinvoice1GoToUrlAssertUrlPositiveEnternLOGINPositiveEnternPASSClickLoginGoToUrlAssertUrl1" time="66.015"/>
  <system-out/>
</testsuite> <!-- Test_Income.TC06TransactionBookStatus -->
