<?xml version="1.0" encoding="UTF-8"?>
<!-- Generated by org.testng.reporters.JUnitReportReporter -->
<testsuite hostname="OB-Sum" failures="0" tests="1" name="VAT2.F2S.ScriptVATReturn2stVATReturnReport_SToFlat_DefaultProfile1" time="62.966" errors="0" timestamp="2022-02-06T06:55:34 IST" skipped="0">
  <testcase classname="VAT2.F2S.ScriptVATReturn2stVATReturnReport_SToFlat_DefaultProfile1" name="GoToUrlAssertUrlPositiveEnterUserNamePositiveEnterPasswordClickLoginButtonGoToUrlAssertUrlCl" time="62.966"/>
  <system-out/>
</testsuite> <!-- VAT2.F2S.ScriptVATReturn2stVATReturnReport_SToFlat_DefaultProfile1 -->
