<?xml version="1.0" encoding="UTF-8"?>
<!-- Generated by org.testng.reporters.JUnitReportReporter -->
<testsuite hostname="OB-Sum" failures="0" tests="1" name="VAT3_SupplierPartialReconcile.ScriptStandardToFlat_DefaultProfile_4" time="56.773" errors="0" timestamp="2021-11-25T12:11:09 IST" skipped="0">
  <testcase classname="VAT3_SupplierPartialReconcile.ScriptStandardToFlat_DefaultProfile_4" name="GoToUrlAssertUrlPositiveEnterUserNamePositiveEnterPasswordClickLoginButtonGoToUrlAssertUrlCl1" time="56.773"/>
  <system-out/>
</testsuite> <!-- VAT3_SupplierPartialReconcile.ScriptStandardToFlat_DefaultProfile_4 -->
