<?xml version="1.0" encoding="UTF-8"?>
<!-- Generated by org.testng.reporters.JUnitReportReporter -->
<testsuite hostname="OB-Sum" failures="0" tests="3" name="tests.BalanceSheet_Bf.TC_17_BSBFFixedAsset240244_DefaultProfile" time="503.412" errors="0" timestamp="2022-03-03T17:00:05 IST" skipped="0">
  <testcase classname="tests.BalanceSheet_Bf.TC_17_BSBFFixedAsset240244_DefaultProfile" name="GoToUrlAssertUrlPositiveEnternLOGINPositiveEnternPASSClickLoginGoToUrlAssertUrlClickAgentsP1" time="217.340"/>
  <system-out>
    <![CDATA[ledger 1 entered :241 - Plant and Machinery Additions
ledger 2 entered :242 - Plant and Machinery Disposals
ledger 3 entered :243 - Plant and Machinery Revaluations
ledger 4 entered :244 - Plant and Machinery Transfers
ledger 5 entered :1400 - Default Bank
Accounting Period Status :- Account period closed
Ledger code verified: Plant and Machinery Cost B/Fwd
Ledger code verified: Default Bank
Amount enter verified: 4,600.00
Amount enter verified: (4,600.00)
Enteries are Verified on Balance Sheet Report page :]]>
  </system-out>
  <testcase classname="tests.BalanceSheet_Bf.TC_17_BSBFFixedAsset240244_DefaultProfile" name="GoToUrlAssertUrlPositiveEnternLOGINPositiveEnternPASSClickLoginGoToUrlAssertUrlClickAgentsP3" time="144.385"/>
  <system-out>
    <![CDATA[Accounting Period Status : Account UnClosed 
Accounting Period Status : Account UnLocked
Accounting Period Status :- Account period closed]]>
  </system-out>
  <testcase classname="tests.BalanceSheet_Bf.TC_17_BSBFFixedAsset240244_DefaultProfile" name="GoToUrlAssertUrlPositiveEnternLOGINPositiveEnternPASSClickLoginGoToUrlAssertUrlClickAgentsP2" time="141.687"/>
  <system-out>
    <![CDATA[Accounting Period Status : Account UnClosed 
Accounting Period Status : Account UnLocked
Accounting Period Status :- Account period closed]]>
  </system-out>
</testsuite> <!-- tests.BalanceSheet_Bf.TC_17_BSBFFixedAsset240244_DefaultProfile -->
