<?xml version="1.0" encoding="UTF-8"?>
<!-- Generated by org.testng.reporters.JUnitReportReporter -->
<testsuite hostname="OB-Sum" failures="0" tests="1" name="VAT3_ExpenseReimbAdvanceReconcile.ScriptVATReturn1stVATReturnReport_SToFRS_DefaultProfile_1" time="46.623" errors="0" timestamp="2021-11-12T12:49:07 IST" skipped="0">
  <testcase classname="VAT3_ExpenseReimbAdvanceReconcile.ScriptVATReturn1stVATReturnReport_SToFRS_DefaultProfile_1" name="GoToUrlAssertUrlPositiveEnterUserNamePositiveEnterPasswordClickLoginButtonGoToUrlAssertUrlCl" time="46.623"/>
  <system-out/>
</testsuite> <!-- VAT3_ExpenseReimbAdvanceReconcile.ScriptVATReturn1stVATReturnReport_SToFRS_DefaultProfile_1 -->
