<?xml version="1.0" encoding="UTF-8"?>
<!-- Generated by org.testng.reporters.JUnitReportReporter -->
<testsuite hostname="OB-Sum" failures="0" tests="6" name="test.PartialReconciledCases.SaleInToReconcile_DefaultProfile" time="548.361" errors="0" timestamp="2022-02-06T06:55:36 IST" skipped="0">
  <testcase classname="test.PartialReconciledCases.SaleInToReconcile_DefaultProfile" name="GoToUrlAssertUrlPositiveEnternLOGINPositiveEnternPASSClickLoginGoToUrlAssertUrlClickAgentsP2" time="91.354"/>
  <system-out/>
  <testcase classname="test.PartialReconciledCases.SaleInToReconcile_DefaultProfile" name="GoToUrlAssertUrlPositiveEnternLOGINPositiveEnternPASSClickLoginGoToUrlAssertUrlClickAgentsP4" time="93.168"/>
  <system-out/>
  <testcase classname="test.PartialReconciledCases.SaleInToReconcile_DefaultProfile" name="GoToUrlAssertUrlPositiveEnternLOGINPositiveEnternPASSClickLoginGoToUrlAssertUrlClickAgentsP6" time="88.945"/>
  <system-out/>
  <testcase classname="test.PartialReconciledCases.SaleInToReconcile_DefaultProfile" name="GoToUrlAssertUrlPositiveEnternLOGINPositiveEnternPASSClickLoginGoToUrlAssertUrlClickAgentsP1" time="91.859"/>
  <system-out/>
  <testcase classname="test.PartialReconciledCases.SaleInToReconcile_DefaultProfile" name="GoToUrlAssertUrlPositiveEnternLOGINPositiveEnternPASSClickLoginGoToUrlAssertUrlClickAgentsP5" time="89.467"/>
  <system-out/>
  <testcase classname="test.PartialReconciledCases.SaleInToReconcile_DefaultProfile" name="GoToUrlAssertUrlPositiveEnternLOGINPositiveEnternPASSClickLoginGoToUrlAssertUrlClickAgentsP3" time="93.568"/>
  <system-out/>
</testsuite> <!-- test.PartialReconciledCases.SaleInToReconcile_DefaultProfile -->
