<?xml version="1.0" encoding="UTF-8"?>
<!-- Generated by org.testng.reporters.JUnitReportReporter -->
<testsuite hostname="OB-Sum" failures="0" tests="1" name="VAT3.FullREC_F2_NOVAT.Supplier_ScriptPostVATReturn1stVATReturnReport1" time="41.396" errors="0" timestamp="2021-12-19T01:41:01 IST" skipped="0">
  <testcase classname="VAT3.FullREC_F2_NOVAT.Supplier_ScriptPostVATReturn1stVATReturnReport1" name="GoToUrlAssertUrlPositiveEnterUserNamePositiveEnterPasswordClickLoginButtonGoToUrlAssertUrlCl" time="41.396"/>
  <system-out/>
</testsuite> <!-- VAT3.FullREC_F2_NOVAT.Supplier_ScriptPostVATReturn1stVATReturnReport1 -->
