<?xml version="1.0" encoding="UTF-8"?>
<!-- Generated by org.testng.reporters.JUnitReportReporter -->
<testsuite hostname="OB-Sum" failures="0" tests="1" name="Test_Trail_Balance_Report.TC_04_LadgerCode_3000_3007_1072_Report" time="117.640" errors="0" timestamp="2021-12-15T19:17:20 IST" skipped="0">
  <testcase classname="Test_Trail_Balance_Report.TC_04_LadgerCode_3000_3007_1072_Report" name="GoToUrlAssertUrlPositiveEnternLOGINPositiveEnternPASSClickLoginGoToUrlAssertUrlClickAgentsP1" time="117.640"/>
  <system-out/>
</testsuite> <!-- Test_Trail_Balance_Report.TC_04_LadgerCode_3000_3007_1072_Report -->
