<?xml version="1.0" encoding="UTF-8"?>
<!-- Generated by org.testng.reporters.JUnitReportReporter -->
<testsuite hostname="OB-Sum" failures="0" tests="6" name="Supplier_test.ScriptSupplierBillSToFRS_DefaultProfile" time="304.103" errors="0" timestamp="2021-12-03T13:29:25 IST" skipped="0">
  <testcase classname="Supplier_test.ScriptSupplierBillSToFRS_DefaultProfile" name="GoToUrlAssertUrlPositiveEnterUserNamePositiveEnterPasswordClickLoginButtonGoToUrlAssertUrlCl1" time="49.423"/>
  <system-out/>
  <testcase classname="Supplier_test.ScriptSupplierBillSToFRS_DefaultProfile" name="GoToUrlAssertUrlPositiveEnterUserNamePositiveEnterPasswordClickLoginButtonGoToUrlAssertUrlCl2" time="51.183"/>
  <system-out/>
  <testcase classname="Supplier_test.ScriptSupplierBillSToFRS_DefaultProfile" name="GoToUrlAssertUrlPositiveEnterUserNamePositiveEnterPasswordClickLoginButtonGoToUrlAssertUrlCl6" time="50.757"/>
  <system-out/>
  <testcase classname="Supplier_test.ScriptSupplierBillSToFRS_DefaultProfile" name="GoToUrlAssertUrlPositiveEnterUserNamePositiveEnterPasswordClickLoginButtonGoToUrlAssertUrlCl3" time="52.184"/>
  <system-out/>
  <testcase classname="Supplier_test.ScriptSupplierBillSToFRS_DefaultProfile" name="GoToUrlAssertUrlPositiveEnterUserNamePositiveEnterPasswordClickLoginButtonGoToUrlAssertUrlCl4" time="50.922"/>
  <system-out/>
  <testcase classname="Supplier_test.ScriptSupplierBillSToFRS_DefaultProfile" name="GoToUrlAssertUrlPositiveEnterUserNamePositiveEnterPasswordClickLoginButtonGoToUrlAssertUrlCl5" time="49.634"/>
  <system-out/>
</testsuite> <!-- Supplier_test.ScriptSupplierBillSToFRS_DefaultProfile -->
