<?xml version="1.0" encoding="UTF-8"?>
<!-- Generated by org.testng.reporters.JUnitReportReporter -->
<testsuite hostname="OB-Sum" failures="0" tests="1" name="test.PartialReconcileOnFlatRate.ScriptFRSTOStandard_DefaultProfile" time="61.867" errors="0" timestamp="2022-02-06T06:55:30 IST" skipped="0">
  <testcase classname="test.PartialReconcileOnFlatRate.ScriptFRSTOStandard_DefaultProfile" name="GoToUrlAssertUrlPositiveEnterUserNamePositiveEnterPasswordClickLoginButtonGoToUrlAssertUrlCl" time="61.867"/>
  <system-out/>
</testsuite> <!-- test.PartialReconcileOnFlatRate.ScriptFRSTOStandard_DefaultProfile -->
