<?xml version="1.0" encoding="UTF-8"?>
<!-- Generated by org.testng.reporters.JUnitReportReporter -->
<testsuite hostname="OB-Sum" failures="0" tests="1" name="Test_Trial_Balance_Report.TC_17_LadgerCode_265_4020_2060_Report" time="115.742" errors="0" timestamp="2021-12-30T15:36:05 IST" skipped="0">
  <testcase classname="Test_Trial_Balance_Report.TC_17_LadgerCode_265_4020_2060_Report" name="GoToUrlAssertUrlPositiveEnternLOGINPositiveEnternPASSClickLoginGoToUrlAssertUrlClickAgentsP1" time="115.742"/>
  <system-out/>
</testsuite> <!-- Test_Trial_Balance_Report.TC_17_LadgerCode_265_4020_2060_Report -->
