<?xml version="1.0" encoding="UTF-8"?>
<!-- Generated by org.testng.reporters.JUnitReportReporter -->
<testsuite hostname="OB-Sum" failures="0" tests="1" name="Supplier_STNDToFRS.ScriptVerifyByTrialBalanceScreenshotDefaultProfile_DefaultProfile" time="44.133" errors="0" timestamp="2021-12-19T01:41:01 IST" skipped="0">
  <testcase classname="Supplier_STNDToFRS.ScriptVerifyByTrialBalanceScreenshotDefaultProfile_DefaultProfile" name="GoToUrlAssertUrlPositiveEnterUserNamePositiveEnterPasswordClickLoginButtonGoToUrlAssertUrlCl" time="44.133"/>
  <system-out/>
</testsuite> <!-- Supplier_STNDToFRS.ScriptVerifyByTrialBalanceScreenshotDefaultProfile_DefaultProfile -->
