<?xml version="1.0" encoding="UTF-8"?>
<!-- Generated by org.testng.reporters.JUnitReportReporter -->
<testsuite hostname="OB-Sum" failures="0" tests="6" name="VAT3_ExpenseReimbFullyReconcile.SaleInToFullyReconcileForExpenseRem_DefaultProfile_3" time="414.313" errors="0" timestamp="2021-11-25T12:11:11 IST" skipped="0">
  <testcase classname="VAT3_ExpenseReimbFullyReconcile.SaleInToFullyReconcileForExpenseRem_DefaultProfile_3" name="GoToUrlAssertUrlPositiveEnternLOGINPositiveEnternPASSClickLoginGoToUrlAssertUrlClickAgentsP5" time="68.516"/>
  <system-out/>
  <testcase classname="VAT3_ExpenseReimbFullyReconcile.SaleInToFullyReconcileForExpenseRem_DefaultProfile_3" name="GoToUrlAssertUrlPositiveEnternLOGINPositiveEnternPASSClickLoginGoToUrlAssertUrlClickAgentsP4" time="70.012"/>
  <system-out/>
  <testcase classname="VAT3_ExpenseReimbFullyReconcile.SaleInToFullyReconcileForExpenseRem_DefaultProfile_3" name="GoToUrlAssertUrlPositiveEnternLOGINPositiveEnternPASSClickLoginGoToUrlAssertUrlClickAgentsP6" time="70.118"/>
  <system-out/>
  <testcase classname="VAT3_ExpenseReimbFullyReconcile.SaleInToFullyReconcileForExpenseRem_DefaultProfile_3" name="GoToUrlAssertUrlPositiveEnternLOGINPositiveEnternPASSClickLoginGoToUrlAssertUrlClickAgentsP2" time="70.226"/>
  <system-out/>
  <testcase classname="VAT3_ExpenseReimbFullyReconcile.SaleInToFullyReconcileForExpenseRem_DefaultProfile_3" name="GoToUrlAssertUrlPositiveEnternLOGINPositiveEnternPASSClickLoginGoToUrlAssertUrlClickAgentsP3" time="68.595"/>
  <system-out/>
  <testcase classname="VAT3_ExpenseReimbFullyReconcile.SaleInToFullyReconcileForExpenseRem_DefaultProfile_3" name="GoToUrlAssertUrlPositiveEnternLOGINPositiveEnternPASSClickLoginGoToUrlAssertUrlClickAgentsP1" time="66.846"/>
  <system-out/>
</testsuite> <!-- VAT3_ExpenseReimbFullyReconcile.SaleInToFullyReconcileForExpenseRem_DefaultProfile_3 -->
