<?xml version="1.0" encoding="UTF-8"?>
<!-- Generated by org.testng.reporters.JUnitReportReporter -->
<testsuite hostname="OB-Sum" failures="0" tests="1" name="VAT3.FullREC_F2_NOVAT.Supplier_ScriptVATReturn1stVATReturnReport_PRE1" time="47.406" errors="0" timestamp="2022-02-06T06:55:37 IST" skipped="0">
  <testcase classname="VAT3.FullREC_F2_NOVAT.Supplier_ScriptVATReturn1stVATReturnReport_PRE1" name="GoToUrlAssertUrlPositiveEnterUserNamePositiveEnterPasswordClickLoginButtonGoToUrlAssertUrlCl" time="47.406"/>
  <system-out/>
</testsuite> <!-- VAT3.FullREC_F2_NOVAT.Supplier_ScriptVATReturn1stVATReturnReport_PRE1 -->
