<?xml version="1.0" encoding="UTF-8"?>
<!-- Generated by org.testng.reporters.JUnitReportReporter -->
<testsuite hostname="OB-Sum" failures="0" tests="6" name="VAT3_UnReconciled_FtoS.Un_F2S_ReconcileForDebitNote" time="340.737" errors="0" timestamp="2021-11-26T16:06:34 IST" skipped="0">
  <testcase classname="VAT3_UnReconciled_FtoS.Un_F2S_ReconcileForDebitNote" name="GoToUrlAssertUrlPositiveEnternLOGINPositiveEnternPASSClickLoginGoToUrlAssertUrlClickAgentsP6" time="58.380"/>
  <system-out/>
  <testcase classname="VAT3_UnReconciled_FtoS.Un_F2S_ReconcileForDebitNote" name="GoToUrlAssertUrlPositiveEnternLOGINPositiveEnternPASSClickLoginGoToUrlAssertUrlClickAgentsP1" time="56.381"/>
  <system-out/>
  <testcase classname="VAT3_UnReconciled_FtoS.Un_F2S_ReconcileForDebitNote" name="GoToUrlAssertUrlPositiveEnternLOGINPositiveEnternPASSClickLoginGoToUrlAssertUrlClickAgentsP2" time="54.042"/>
  <system-out/>
  <testcase classname="VAT3_UnReconciled_FtoS.Un_F2S_ReconcileForDebitNote" name="GoToUrlAssertUrlPositiveEnternLOGINPositiveEnternPASSClickLoginGoToUrlAssertUrlClickAgentsP7" time="57.418"/>
  <system-out/>
  <testcase classname="VAT3_UnReconciled_FtoS.Un_F2S_ReconcileForDebitNote" name="GoToUrlAssertUrlPositiveEnternLOGINPositiveEnternPASSClickLoginGoToUrlAssertUrlClickAgentsP71" time="59.075"/>
  <system-out/>
  <testcase classname="VAT3_UnReconciled_FtoS.Un_F2S_ReconcileForDebitNote" name="GoToUrlAssertUrlPositiveEnternLOGINPositiveEnternPASSClickLoginGoToUrlAssertUrlClickAgentsP3" time="55.441"/>
  <system-out/>
</testsuite> <!-- VAT3_UnReconciled_FtoS.Un_F2S_ReconcileForDebitNote -->
