<?xml version="1.0" encoding="UTF-8"?>
<!-- Generated by org.testng.reporters.JUnitReportReporter -->
<testsuite hostname="OB-Sum" failures="0" tests="2" name="tests.Bank_new_Trans.bank_trans_ledgercode" time="2028.304" errors="0" timestamp="2021-12-03T01:18:58 IST" skipped="0">
  <testcase classname="tests.Bank_new_Trans.bank_trans_ledgercode" name="nidbanktrnGoToUrlAssertUrlPositiveEnternLOGINPositiveEnternPASSClickLoginGoToUrlAssertUrlCl3" time="942.302"/>
  <system-out/>
  <testcase classname="tests.Bank_new_Trans.bank_trans_ledgercode" name="nidbanktrnGoToUrlAssertUrlPositiveEnternLOGINPositiveEnternPASSClickLoginGoToUrlAssertUrlCl2" time="1086.002"/>
  <system-out/>
</testsuite> <!-- tests.Bank_new_Trans.bank_trans_ledgercode -->
