<?xml version="1.0" encoding="UTF-8"?>
<!-- Generated by org.testng.reporters.JUnitReportReporter -->
<testsuite hostname="OB-Sum" failures="0" tests="6" name="VAT3_ExpenseReimbAdvanceReconcile.SaleInToAdvanceReconcileForExpenseRemVAT3_DefaultProfile_2" time="436.130" errors="0" timestamp="2021-12-19T01:40:59 IST" skipped="0">
  <testcase classname="VAT3_ExpenseReimbAdvanceReconcile.SaleInToAdvanceReconcileForExpenseRemVAT3_DefaultProfile_2" name="GoToUrlAssertUrlPositiveEnternLOGINPositiveEnternPASSClickLoginGoToUrlAssertUrlClickAgentsP2" time="72.433"/>
  <system-out/>
  <testcase classname="VAT3_ExpenseReimbAdvanceReconcile.SaleInToAdvanceReconcileForExpenseRemVAT3_DefaultProfile_2" name="GoToUrlAssertUrlPositiveEnternLOGINPositiveEnternPASSClickLoginGoToUrlAssertUrlClickAgentsP6" time="67.950"/>
  <system-out/>
  <testcase classname="VAT3_ExpenseReimbAdvanceReconcile.SaleInToAdvanceReconcileForExpenseRemVAT3_DefaultProfile_2" name="GoToUrlAssertUrlPositiveEnternLOGINPositiveEnternPASSClickLoginGoToUrlAssertUrlClickAgentsP5" time="74.779"/>
  <system-out/>
  <testcase classname="VAT3_ExpenseReimbAdvanceReconcile.SaleInToAdvanceReconcileForExpenseRemVAT3_DefaultProfile_2" name="GoToUrlAssertUrlPositiveEnternLOGINPositiveEnternPASSClickLoginGoToUrlAssertUrlClickAgentsP1" time="73.910"/>
  <system-out/>
  <testcase classname="VAT3_ExpenseReimbAdvanceReconcile.SaleInToAdvanceReconcileForExpenseRemVAT3_DefaultProfile_2" name="GoToUrlAssertUrlPositiveEnternLOGINPositiveEnternPASSClickLoginGoToUrlAssertUrlClickAgentsP4" time="73.173"/>
  <system-out/>
  <testcase classname="VAT3_ExpenseReimbAdvanceReconcile.SaleInToAdvanceReconcileForExpenseRemVAT3_DefaultProfile_2" name="GoToUrlAssertUrlPositiveEnternLOGINPositiveEnternPASSClickLoginGoToUrlAssertUrlClickAgentsP3" time="73.885"/>
  <system-out/>
</testsuite> <!-- VAT3_ExpenseReimbAdvanceReconcile.SaleInToAdvanceReconcileForExpenseRemVAT3_DefaultProfile_2 -->
