<?xml version="1.0" encoding="UTF-8"?>
<!-- Generated by org.testng.reporters.JUnitReportReporter -->
<testsuite hostname="OB-Sum" failures="0" tests="3" name="Test_Trial_Balance_Report.LedgerCode_7200_7283_ValuesUnderExpenseHead_JournalEntry_Bank_Supplier" time="202.853" errors="0" timestamp="2021-12-20T21:22:19 IST" skipped="0">
  <testcase classname="Test_Trial_Balance_Report.LedgerCode_7200_7283_ValuesUnderExpenseHead_JournalEntry_Bank_Supplier" name="GoToUrlAssertUrlPositiveEnternLOGINPositiveEnternPASSClickLoginGoToUrlAssertUrlClickAgentsP2" time="65.161"/>
  <system-out/>
  <testcase classname="Test_Trial_Balance_Report.LedgerCode_7200_7283_ValuesUnderExpenseHead_JournalEntry_Bank_Supplier" name="GoToUrlAssertUrlPositiveEnternLOGINPositiveEnternPASSClickLoginGoToUrlAssertUrlClickAgentsP3" time="70.204"/>
  <system-out/>
  <testcase classname="Test_Trial_Balance_Report.LedgerCode_7200_7283_ValuesUnderExpenseHead_JournalEntry_Bank_Supplier" name="GoToUrlAssertUrlPositiveEnternLOGINPositiveEnternPASSClickLoginGoToUrlAssertUrlClickAgentsP1" time="67.488"/>
  <system-out/>
</testsuite> <!-- Test_Trial_Balance_Report.LedgerCode_7200_7283_ValuesUnderExpenseHead_JournalEntry_Bank_Supplier -->
