<?xml version="1.0" encoding="UTF-8"?>
<!-- Generated by org.testng.reporters.JUnitReportReporter -->
<testsuite hostname="OB-Sum" failures="0" tests="6" name="Supplier_FRSToFRSP.ScriptDebitNoteFRSToFRSP_DefaultProfile" time="347.408" errors="0" timestamp="2021-12-19T01:41:00 IST" skipped="0">
  <testcase classname="Supplier_FRSToFRSP.ScriptDebitNoteFRSToFRSP_DefaultProfile" name="GoToUrlAssertUrlPositiveEnterUserNamePositiveEnterPasswordClickLoginButtonGoToUrlAssertUrlCl4" time="57.529"/>
  <system-out/>
  <testcase classname="Supplier_FRSToFRSP.ScriptDebitNoteFRSToFRSP_DefaultProfile" name="GoToUrlAssertUrlPositiveEnterUserNamePositiveEnterPasswordClickLoginButtonGoToUrlAssertUrlCl2" time="58.596"/>
  <system-out/>
  <testcase classname="Supplier_FRSToFRSP.ScriptDebitNoteFRSToFRSP_DefaultProfile" name="GoToUrlAssertUrlPositiveEnterUserNamePositiveEnterPasswordClickLoginButtonGoToUrlAssertUrlCl6" time="57.517"/>
  <system-out/>
  <testcase classname="Supplier_FRSToFRSP.ScriptDebitNoteFRSToFRSP_DefaultProfile" name="GoToUrlAssertUrlPositiveEnterUserNamePositiveEnterPasswordClickLoginButtonGoToUrlAssertUrlCl3" time="57.315"/>
  <system-out/>
  <testcase classname="Supplier_FRSToFRSP.ScriptDebitNoteFRSToFRSP_DefaultProfile" name="GoToUrlAssertUrlPositiveEnterUserNamePositiveEnterPasswordClickLoginButtonGoToUrlAssertUrlCl5" time="57.469"/>
  <system-out/>
  <testcase classname="Supplier_FRSToFRSP.ScriptDebitNoteFRSToFRSP_DefaultProfile" name="GoToUrlAssertUrlPositiveEnterUserNamePositiveEnterPasswordClickLoginButtonGoToUrlAssertUrlCl1" time="58.982"/>
  <system-out/>
</testsuite> <!-- Supplier_FRSToFRSP.ScriptDebitNoteFRSToFRSP_DefaultProfile -->
