<?xml version="1.0" encoding="UTF-8"?>
<!-- Generated by org.testng.reporters.JUnitReportReporter -->
<testsuite hostname="OB-Sum" failures="0" tests="1" name="FIN_3821.businesswithoutuser_busineswithoutuser" time="68.582" errors="0" timestamp="2021-07-31T18:58:39 IST" skipped="0">
  <testcase classname="FIN_3821.businesswithoutuser_busineswithoutuser" name="GoToUrlClickWithoutBussinessusrClickAgentReportsClickBusinesseswithoutusersPositiveEnterClientN" time="68.582"/>
  <system-out/>
</testsuite> <!-- FIN_3821.businesswithoutuser_busineswithoutuser -->
