<?xml version="1.0" encoding="UTF-8"?>
<!-- Generated by org.testng.reporters.JUnitReportReporter -->
<testsuite hostname="OB-Yogesh" failures="0" tests="1" name="ExpenceRemFlatToFlatPer.ScriptPostVATReturn2stVATReturnReport_DefaultProfile" time="71.904" errors="0" timestamp="2021-04-24T21:05:05 IST" skipped="0">
  <testcase classname="ExpenceRemFlatToFlatPer.ScriptPostVATReturn2stVATReturnReport_DefaultProfile" name="GoToUrlAssertUrlPositiveEnterUserNamePositiveEnterPasswordClickLoginButtonGoToUrlAssertUrlCl" time="71.904"/>
  <system-out/>
</testsuite> <!-- ExpenceRemFlatToFlatPer.ScriptPostVATReturn2stVATReturnReport_DefaultProfile -->
