<?xml version="1.0" encoding="UTF-8"?>
<!-- Generated by org.testng.reporters.JUnitReportReporter -->
<testsuite hostname="OB-Sum" failures="0" tests="1" name="test.PartialReconciledCases.ScriptPostVATReturn2stVATReturnReport_NoVATOnly" time="73.652" errors="0" timestamp="2022-02-06T06:55:32 IST" skipped="0">
  <testcase classname="test.PartialReconciledCases.ScriptPostVATReturn2stVATReturnReport_NoVATOnly" name="GoToUrlAssertUrlPositiveEnterUserNamePositiveEnterPasswordClickLoginButtonGoToUrlAssertUrlCl" time="73.652"/>
  <system-out/>
</testsuite> <!-- test.PartialReconciledCases.ScriptPostVATReturn2stVATReturnReport_NoVATOnly -->
