<?xml version="1.0" encoding="UTF-8"?>
<!-- Generated by org.testng.reporters.JUnitReportReporter -->
<testsuite hostname="OB-Yogesh" failures="0" tests="1" name="test.PartialReconcileOnFlatRate.ScriptVATReturn3stVATReturnReport__OnlyFlat_DefaultProfile" time="52.153" errors="0" timestamp="2021-03-31T00:09:55 IST" skipped="0">
  <testcase classname="test.PartialReconcileOnFlatRate.ScriptVATReturn3stVATReturnReport__OnlyFlat_DefaultProfile" name="GoToUrlAssertUrlPositiveEnterUserNamePositiveEnterPasswordClickLoginButtonGoToUrlAssertUrlCl" time="52.153"/>
  <system-out/>
</testsuite> <!-- test.PartialReconcileOnFlatRate.ScriptVATReturn3stVATReturnReport__OnlyFlat_DefaultProfile -->
