<?xml version="1.0" encoding="UTF-8"?>
<!-- Generated by org.testng.reporters.JUnitReportReporter -->
<testsuite hostname="OB-Yogesh" failures="0" tests="6" name="AdvanceReconcileByBankForSupplierBillSToFlat.SaleInToPartialReconcile_SupplierBill_DefaultProfile" time="480.787" errors="0" timestamp="2021-04-28T10:42:14 IST" skipped="0">
  <testcase classname="AdvanceReconcileByBankForSupplierBillSToFlat.SaleInToPartialReconcile_SupplierBill_DefaultProfile" name="GoToUrlAssertUrlPositiveEnternLOGINPositiveEnternPASSClickLoginGoToUrlAssertUrlClickAgentsP6" time="77.817"/>
  <system-out/>
  <testcase classname="AdvanceReconcileByBankForSupplierBillSToFlat.SaleInToPartialReconcile_SupplierBill_DefaultProfile" name="GoToUrlAssertUrlPositiveEnternLOGINPositiveEnternPASSClickLoginGoToUrlAssertUrlClickAgentsP3" time="81.152"/>
  <system-out/>
  <testcase classname="AdvanceReconcileByBankForSupplierBillSToFlat.SaleInToPartialReconcile_SupplierBill_DefaultProfile" name="GoToUrlAssertUrlPositiveEnternLOGINPositiveEnternPASSClickLoginGoToUrlAssertUrlClickAgentsP5" time="85.568"/>
  <system-out/>
  <testcase classname="AdvanceReconcileByBankForSupplierBillSToFlat.SaleInToPartialReconcile_SupplierBill_DefaultProfile" name="GoToUrlAssertUrlPositiveEnternLOGINPositiveEnternPASSClickLoginGoToUrlAssertUrlClickAgentsP4" time="78.136"/>
  <system-out/>
  <testcase classname="AdvanceReconcileByBankForSupplierBillSToFlat.SaleInToPartialReconcile_SupplierBill_DefaultProfile" name="GoToUrlAssertUrlPositiveEnternLOGINPositiveEnternPASSClickLoginGoToUrlAssertUrlClickAgentsP2" time="77.225"/>
  <system-out/>
  <testcase classname="AdvanceReconcileByBankForSupplierBillSToFlat.SaleInToPartialReconcile_SupplierBill_DefaultProfile" name="GoToUrlAssertUrlPositiveEnternLOGINPositiveEnternPASSClickLoginGoToUrlAssertUrlClickAgentsP1" time="80.889"/>
  <system-out/>
</testsuite> <!-- AdvanceReconcileByBankForSupplierBillSToFlat.SaleInToPartialReconcile_SupplierBill_DefaultProfile -->
