<?xml version="1.0" encoding="UTF-8"?>
<!-- Generated by org.testng.reporters.JUnitReportReporter -->
<testsuite hostname="OB-Sum" failures="0" tests="1" name="test.AdvanceReconcilationSTOFLAT.ScriptEditSettingToVATType_DefaultProfile" time="54.980" errors="0" timestamp="2021-12-09T11:24:15 IST" skipped="0">
  <testcase classname="test.AdvanceReconcilationSTOFLAT.ScriptEditSettingToVATType_DefaultProfile" name="GoToUrlAssertUrlPositiveEnterUserNamePositiveEnterPasswordClickLoginButtonGoToUrlAssertUrlCl2" time="54.980"/>
  <system-out/>
</testsuite> <!-- test.AdvanceReconcilationSTOFLAT.ScriptEditSettingToVATType_DefaultProfile -->
