<?xml version="1.0" encoding="UTF-8"?>
<!-- Generated by org.testng.reporters.JUnitReportReporter -->
<testsuite hostname="OB-Sum" failures="0" tests="6" name="test.FlatToFlatPer.Script_Invoice_FlatToFlatP_DefaultProfile" time="333.180" errors="0" timestamp="2021-12-19T01:41:01 IST" skipped="0">
  <testcase classname="test.FlatToFlatPer.Script_Invoice_FlatToFlatP_DefaultProfile" name="GoToUrlAssertUrlPositiveEnterUserNamePositiveEnterPasswordClickLoginButtonGoToUrlAssertUrlCl2" time="55.399"/>
  <system-out/>
  <testcase classname="test.FlatToFlatPer.Script_Invoice_FlatToFlatP_DefaultProfile" name="GoToUrlAssertUrlPositiveEnterUserNamePositiveEnterPasswordClickLoginButtonGoToUrlAssertUrlCl6" time="55.766"/>
  <system-out/>
  <testcase classname="test.FlatToFlatPer.Script_Invoice_FlatToFlatP_DefaultProfile" name="GoToUrlAssertUrlPositiveEnterUserNamePositiveEnterPasswordClickLoginButtonGoToUrlAssertUrlCl3" time="58.591"/>
  <system-out/>
  <testcase classname="test.FlatToFlatPer.Script_Invoice_FlatToFlatP_DefaultProfile" name="GoToUrlAssertUrlPositiveEnterUserNamePositiveEnterPasswordClickLoginButtonGoToUrlAssertUrlCl4" time="54.832"/>
  <system-out/>
  <testcase classname="test.FlatToFlatPer.Script_Invoice_FlatToFlatP_DefaultProfile" name="GoToUrlAssertUrlPositiveEnterUserNamePositiveEnterPasswordClickLoginButtonGoToUrlAssertUrlCl1" time="52.894"/>
  <system-out/>
  <testcase classname="test.FlatToFlatPer.Script_Invoice_FlatToFlatP_DefaultProfile" name="GoToUrlAssertUrlPositiveEnterUserNamePositiveEnterPasswordClickLoginButtonGoToUrlAssertUrlCl5" time="55.698"/>
  <system-out/>
</testsuite> <!-- test.FlatToFlatPer.Script_Invoice_FlatToFlatP_DefaultProfile -->
