<?xml version="1.0" encoding="UTF-8"?>
<!-- Generated by org.testng.reporters.JUnitReportReporter -->
<testsuite hostname="OB-Sum" failures="0" tests="1" name="SaleDashboardTest.NewPreviewPage_DefaultProfile" time="52.191" errors="0" timestamp="2021-09-01T18:50:49 IST" skipped="0">
  <testcase classname="SaleDashboardTest.NewPreviewPage_DefaultProfile" name="GoToUrlAssertUrlClickClickOnPreviewClickSaveButtonClickPDFDumpClickCancelButtonClickClickOnMa" time="52.191"/>
  <system-out/>
</testsuite> <!-- SaleDashboardTest.NewPreviewPage_DefaultProfile -->
