<?xml version="1.0" encoding="UTF-8"?>
<!-- Generated by org.testng.reporters.JUnitReportReporter -->
<testsuite hostname="OB-Yogesh" failures="0" tests="2" name="test.partialReconcileJonralEntrySToFlat.VATOnlyToReconcileForJonral_DefaultProfile" time="176.703" errors="0" timestamp="2021-05-10T01:42:23 IST" skipped="0">
  <testcase classname="test.partialReconcileJonralEntrySToFlat.VATOnlyToReconcileForJonral_DefaultProfile" name="GoToUrlAssertUrlPositiveEnternLOGINPositiveEnternPASSClickLoginGoToUrlAssertUrlClickAgentsP2" time="86.332"/>
  <system-out/>
  <testcase classname="test.partialReconcileJonralEntrySToFlat.VATOnlyToReconcileForJonral_DefaultProfile" name="GoToUrlAssertUrlPositiveEnternLOGINPositiveEnternPASSClickLoginGoToUrlAssertUrlClickAgentsP1" time="90.371"/>
  <system-out/>
</testsuite> <!-- test.partialReconcileJonralEntrySToFlat.VATOnlyToReconcileForJonral_DefaultProfile -->
