<?xml version="1.0" encoding="UTF-8"?>
<!-- Generated by org.testng.reporters.JUnitReportReporter -->
<testsuite hostname="OB-Sum" failures="0" tests="6" name="VAT3.FullREC_S2_FLAT.Supplier__SupplierBill_1" time="602.039" errors="0" timestamp="2021-12-19T01:41:01 IST" skipped="0">
  <testcase classname="VAT3.FullREC_S2_FLAT.Supplier__SupplierBill_1" name="GoToUrlAssertUrlPositiveEnternLOGINPositiveEnternPASSClickLoginGoToUrlAssertUrlClickAgentsP5" time="99.162"/>
  <system-out/>
  <testcase classname="VAT3.FullREC_S2_FLAT.Supplier__SupplierBill_1" name="GoToUrlAssertUrlPositiveEnternLOGINPositiveEnternPASSClickLoginGoToUrlAssertUrlClickAgentsP6" time="104.469"/>
  <system-out/>
  <testcase classname="VAT3.FullREC_S2_FLAT.Supplier__SupplierBill_1" name="GoToUrlAssertUrlPositiveEnternLOGINPositiveEnternPASSClickLoginGoToUrlAssertUrlClickAgentsP2" time="98.638"/>
  <system-out/>
  <testcase classname="VAT3.FullREC_S2_FLAT.Supplier__SupplierBill_1" name="GoToUrlAssertUrlPositiveEnternLOGINPositiveEnternPASSClickLoginGoToUrlAssertUrlClickAgentsP4" time="101.049"/>
  <system-out/>
  <testcase classname="VAT3.FullREC_S2_FLAT.Supplier__SupplierBill_1" name="GoToUrlAssertUrlPositiveEnternLOGINPositiveEnternPASSClickLoginGoToUrlAssertUrlClickAgentsP3" time="101.147"/>
  <system-out/>
  <testcase classname="VAT3.FullREC_S2_FLAT.Supplier__SupplierBill_1" name="GoToUrlAssertUrlPositiveEnternLOGINPositiveEnternPASSClickLoginGoToUrlAssertUrlClickAgentsP1" time="97.574"/>
  <system-out/>
</testsuite> <!-- VAT3.FullREC_S2_FLAT.Supplier__SupplierBill_1 -->
