<?xml version="1.0" encoding="UTF-8"?>
<!-- Generated by org.testng.reporters.JUnitReportReporter -->
<testsuite hostname="OB-Sum" failures="0" tests="2" name="tests.ScriptVATOnlyInvoice_SToNOVAT_DefaultProfile" time="113.116" errors="0" timestamp="2022-02-06T06:55:37 IST" skipped="0">
  <testcase classname="tests.ScriptVATOnlyInvoice_SToNOVAT_DefaultProfile" name="GoToUrlAssertUrlPositiveEnterUserNamePositiveEnterPasswordClickLoginButtonGoToUrlAssertUrlCl2" time="56.910"/>
  <system-out/>
  <testcase classname="tests.ScriptVATOnlyInvoice_SToNOVAT_DefaultProfile" name="GoToUrlAssertUrlPositiveEnterUserNamePositiveEnterPasswordClickLoginButtonGoToUrlAssertUrlCl1" time="56.206"/>
  <system-out/>
</testsuite> <!-- tests.ScriptVATOnlyInvoice_SToNOVAT_DefaultProfile -->
