<?xml version="1.0" encoding="UTF-8"?>
<!-- Generated by org.testng.reporters.JUnitReportReporter -->
<testsuite hostname="OB-Sum" failures="0" tests="1" name="VAT3.FullREC_S2_NOVAT.Suplier_addvatrat_6" time="44.215" errors="0" timestamp="2021-12-19T01:41:00 IST" skipped="0">
  <testcase classname="VAT3.FullREC_S2_NOVAT.Suplier_addvatrat_6" name="GoToUrlAssertUrlPositiveSelectVATStatus1PositiveEnterEffectiveDatePositiveSelectFlatrateBusines" time="44.215"/>
  <system-out/>
</testsuite> <!-- VAT3.FullREC_S2_NOVAT.Suplier_addvatrat_6 -->
