<?xml version="1.0" encoding="UTF-8"?>
<!-- Generated by org.testng.reporters.JUnitReportReporter -->
<testsuite hostname="OB-Sum" failures="0" tests="1" name="Test_Trial_Balance_RE_Jour_Bank_Supp_3.TC_01_3_BS_FixedAsset_10_To_19_With_Journal_Bank_Supplier" time="164.937" errors="0" timestamp="2022-01-05T21:35:19 IST" skipped="0">
  <testcase classname="Test_Trial_Balance_RE_Jour_Bank_Supp_3.TC_01_3_BS_FixedAsset_10_To_19_With_Journal_Bank_Supplier" name="GoToUrlAssertUrlPositiveEnternLOGINPositiveEnternPASSClickLoginGoToUrlAssertUrlClickAgentsP3" time="164.937"/>
  <system-out/>
</testsuite> <!-- Test_Trial_Balance_RE_Jour_Bank_Supp_3.TC_01_3_BS_FixedAsset_10_To_19_With_Journal_Bank_Supplier -->
