<?xml version="1.0" encoding="UTF-8"?>
<!-- Generated by org.testng.reporters.JUnitReportReporter -->
<testsuite hostname="OB-Sum" failures="0" tests="6" name="VAT3_UnReconciled_S2_NOVAT.UN_ReconcileForDebitNote_S2NOVAT" time="322.216" errors="0" timestamp="2021-11-26T18:13:06 IST" skipped="0">
  <testcase classname="VAT3_UnReconciled_S2_NOVAT.UN_ReconcileForDebitNote_S2NOVAT" name="GoToUrlAssertUrlPositiveEnternLOGINPositiveEnternPASSClickLoginGoToUrlAssertUrlClickAgentsP7" time="54.530"/>
  <system-out/>
  <testcase classname="VAT3_UnReconciled_S2_NOVAT.UN_ReconcileForDebitNote_S2NOVAT" name="GoToUrlAssertUrlPositiveEnternLOGINPositiveEnternPASSClickLoginGoToUrlAssertUrlClickAgentsP1" time="52.064"/>
  <system-out/>
  <testcase classname="VAT3_UnReconciled_S2_NOVAT.UN_ReconcileForDebitNote_S2NOVAT" name="GoToUrlAssertUrlPositiveEnternLOGINPositiveEnternPASSClickLoginGoToUrlAssertUrlClickAgentsP71" time="53.016"/>
  <system-out/>
  <testcase classname="VAT3_UnReconciled_S2_NOVAT.UN_ReconcileForDebitNote_S2NOVAT" name="GoToUrlAssertUrlPositiveEnternLOGINPositiveEnternPASSClickLoginGoToUrlAssertUrlClickAgentsP3" time="53.771"/>
  <system-out/>
  <testcase classname="VAT3_UnReconciled_S2_NOVAT.UN_ReconcileForDebitNote_S2NOVAT" name="GoToUrlAssertUrlPositiveEnternLOGINPositiveEnternPASSClickLoginGoToUrlAssertUrlClickAgentsP2" time="55.671"/>
  <system-out/>
  <testcase classname="VAT3_UnReconciled_S2_NOVAT.UN_ReconcileForDebitNote_S2NOVAT" name="GoToUrlAssertUrlPositiveEnternLOGINPositiveEnternPASSClickLoginGoToUrlAssertUrlClickAgentsP6" time="53.164"/>
  <system-out/>
</testsuite> <!-- VAT3_UnReconciled_S2_NOVAT.UN_ReconcileForDebitNote_S2NOVAT -->
