<?xml version="1.0" encoding="UTF-8"?>
<!-- Generated by org.testng.reporters.JUnitReportReporter -->
<testsuite hostname="OB-Sum" failures="0" tests="1" name="test.ashiv.Rule1_rule1" time="834.219" errors="0" timestamp="2021-12-02T23:32:04 IST" skipped="0">
  <testcase classname="test.ashiv.Rule1_rule1" name="GoToUrlClickMenuBankRulesPositiveSelectConditionFormulaEnterRuleDescClickAccountSelectcodePositiveSelectGetdataOpenBankTrnsfillOutsDRBankTrns" time="834.219"/>
  <system-out/>
</testsuite> <!-- test.ashiv.Rule1_rule1 -->
