<?xml version="1.0" encoding="UTF-8"?>
<!-- Generated by org.testng.reporters.JUnitReportReporter -->
<testsuite hostname="OB-Yogesh" failures="0" tests="6" name="Supplier_SToNoVAT.ScriptSupplierBillSToNoVAT_DefaultProfile" time="267.038" errors="0" timestamp="2021-02-26T22:38:33 IST" skipped="0">
  <testcase classname="Supplier_SToNoVAT.ScriptSupplierBillSToNoVAT_DefaultProfile" name="GoToUrlAssertUrlPositiveEnterUserNamePositiveEnterPasswordClickLoginButtonGoToUrlAssertUrlCl3" time="45.791"/>
  <system-out/>
  <testcase classname="Supplier_SToNoVAT.ScriptSupplierBillSToNoVAT_DefaultProfile" name="GoToUrlAssertUrlPositiveEnterUserNamePositiveEnterPasswordClickLoginButtonGoToUrlAssertUrlCl2" time="44.605"/>
  <system-out/>
  <testcase classname="Supplier_SToNoVAT.ScriptSupplierBillSToNoVAT_DefaultProfile" name="GoToUrlAssertUrlPositiveEnterUserNamePositiveEnterPasswordClickLoginButtonGoToUrlAssertUrlCl5" time="43.290"/>
  <system-out/>
  <testcase classname="Supplier_SToNoVAT.ScriptSupplierBillSToNoVAT_DefaultProfile" name="GoToUrlAssertUrlPositiveEnterUserNamePositiveEnterPasswordClickLoginButtonGoToUrlAssertUrlCl6" time="46.923"/>
  <system-out/>
  <testcase classname="Supplier_SToNoVAT.ScriptSupplierBillSToNoVAT_DefaultProfile" name="GoToUrlAssertUrlPositiveEnterUserNamePositiveEnterPasswordClickLoginButtonGoToUrlAssertUrlCl1" time="42.678"/>
  <system-out/>
  <testcase classname="Supplier_SToNoVAT.ScriptSupplierBillSToNoVAT_DefaultProfile" name="GoToUrlAssertUrlPositiveEnterUserNamePositiveEnterPasswordClickLoginButtonGoToUrlAssertUrlCl4" time="43.751"/>
  <system-out/>
</testsuite> <!-- Supplier_SToNoVAT.ScriptSupplierBillSToNoVAT_DefaultProfile -->
