<?xml version="1.0" encoding="UTF-8"?>
<!-- Generated by org.testng.reporters.JUnitReportReporter -->
<testsuite hostname="OB-Sum" failures="0" tests="1" name="VATPhase3_Banking_ToSale.ScriptEditVATFlatP_FlatToStand_DefaultProfile_2" time="66.422" errors="0" timestamp="2022-02-06T06:55:37 IST" skipped="0">
  <testcase classname="VATPhase3_Banking_ToSale.ScriptEditVATFlatP_FlatToStand_DefaultProfile_2" name="GoToUrlAssertUrlPositiveEnterUserNamePositiveEnterPasswordClickLoginButtonGoToUrlAssertUrlCl3" time="66.422"/>
  <system-out/>
</testsuite> <!-- VATPhase3_Banking_ToSale.ScriptEditVATFlatP_FlatToStand_DefaultProfile_2 -->
