<?xml version="1.0" encoding="UTF-8"?>
<!-- Generated by org.testng.reporters.JUnitReportReporter -->
<testsuite hostname="OB-Sum" failures="0" tests="1" name="test.ashiv.Rule1_rule1" time="984.777" errors="0" timestamp="2021-11-17T09:08:42 IST" skipped="0">
  <testcase classname="test.ashiv.Rule1_rule1" name="GoToUrlClickMenuBankRulesPositiveSelectConditionFormulaEnterRuleDescClickAccountPositiveSelectGetdataOpenBankTrnsfillStdBothBankTrns" time="984.777"/>
  <system-out/>
</testsuite> <!-- test.ashiv.Rule1_rule1 -->
