<?xml version="1.0" encoding="UTF-8"?>
<!-- Generated by org.testng.reporters.JUnitReportReporter -->
<testsuite hostname="OB-Sum" failures="0" tests="1" name="VAT2.F2S.SaleInToReconcileForCreditNote_DefaultProfile1" time="108.029" errors="0" timestamp="2021-12-20T15:02:00 IST" skipped="0">
  <testcase classname="VAT2.F2S.SaleInToReconcileForCreditNote_DefaultProfile1" name="GoToUrlAssertUrlPositiveEnternLOGINPositiveEnternPASSClickLoginGoToUrlAssertUrlClickAgentsP2" time="108.029"/>
  <system-out/>
</testsuite> <!-- VAT2.F2S.SaleInToReconcileForCreditNote_DefaultProfile1 -->
