<?xml version="1.0" encoding="UTF-8"?>
<!-- Generated by org.testng.reporters.JUnitReportReporter -->
<testsuite hostname="OB-Sum" failures="0" tests="1" name="Test_Income.TC02Email_DefaultProfile" time="183.958" errors="0" timestamp="2022-02-25T18:24:32 IST" skipped="0">
  <testcase classname="Test_Income.TC02Email_DefaultProfile" name="GoToUrlAssertUrlPositiveSelectSelectInvoiceTempPositiveSelectEmailTemplateEnterEntermailidEnte1" time="183.958"/>
  <system-out/>
</testsuite> <!-- Test_Income.TC02Email_DefaultProfile -->
