<?xml version="1.0" encoding="UTF-8"?>
<!-- Generated by org.testng.reporters.JUnitReportReporter -->
<testsuite hostname="OB-Sum" failures="0" tests="3" name="Test_Trial_Balance_Report.LedgerCode_7001_7035_ValuesUnderExpenseHead_JournalEntry_Bank_Supplier" time="206.742" errors="0" timestamp="2021-12-20T21:22:19 IST" skipped="0">
  <testcase classname="Test_Trial_Balance_Report.LedgerCode_7001_7035_ValuesUnderExpenseHead_JournalEntry_Bank_Supplier" name="GoToUrlAssertUrlPositiveEnternLOGINPositiveEnternPASSClickLoginGoToUrlAssertUrlClickAgentsP2" time="60.944"/>
  <system-out/>
  <testcase classname="Test_Trial_Balance_Report.LedgerCode_7001_7035_ValuesUnderExpenseHead_JournalEntry_Bank_Supplier" name="GoToUrlAssertUrlPositiveEnternLOGINPositiveEnternPASSClickLoginGoToUrlAssertUrlClickAgentsP1" time="72.161"/>
  <system-out/>
  <testcase classname="Test_Trial_Balance_Report.LedgerCode_7001_7035_ValuesUnderExpenseHead_JournalEntry_Bank_Supplier" name="GoToUrlAssertUrlPositiveEnternLOGINPositiveEnternPASSClickLoginGoToUrlAssertUrlClickAgentsP3" time="73.637"/>
  <system-out/>
</testsuite> <!-- Test_Trial_Balance_Report.LedgerCode_7001_7035_ValuesUnderExpenseHead_JournalEntry_Bank_Supplier -->
