<?xml version="1.0" encoding="UTF-8"?>
<!-- Generated by org.testng.reporters.JUnitReportReporter -->
<testsuite hostname="OB-Sum" failures="0" tests="1" name="AdvanceReconcileByBankForSupplierBillSToFlat.ScriptFlatToFlatP_DefaultProfile" time="54.947" errors="0" timestamp="2021-12-01T20:48:15 IST" skipped="0">
  <testcase classname="AdvanceReconcileByBankForSupplierBillSToFlat.ScriptFlatToFlatP_DefaultProfile" name="GoToUrlAssertUrlPositiveEnterUserNamePositiveEnterPasswordClickLoginButtonGoToUrlAssertUrlCl1" time="54.947"/>
  <system-out/>
</testsuite> <!-- AdvanceReconcileByBankForSupplierBillSToFlat.ScriptFlatToFlatP_DefaultProfile -->
