<?xml version="1.0" encoding="UTF-8"?>
<!-- Generated by org.testng.reporters.JUnitReportReporter -->
<testsuite hostname="OB-Sum" failures="0" tests="2" name="Supplier_STNDToFRS.ScriptVATOnlyBillSToFRS_DefaultProfile" time="108.986" errors="0" timestamp="2021-12-19T01:41:01 IST" skipped="0">
  <testcase classname="Supplier_STNDToFRS.ScriptVATOnlyBillSToFRS_DefaultProfile" name="GoToUrlAssertUrlPositiveEnterUserNamePositiveEnterPasswordClickLoginButtonGoToUrlAssertUrlCl2" time="55.078"/>
  <system-out/>
  <testcase classname="Supplier_STNDToFRS.ScriptVATOnlyBillSToFRS_DefaultProfile" name="GoToUrlAssertUrlPositiveEnterUserNamePositiveEnterPasswordClickLoginButtonGoToUrlAssertUrlCl1" time="53.908"/>
  <system-out/>
</testsuite> <!-- Supplier_STNDToFRS.ScriptVATOnlyBillSToFRS_DefaultProfile -->
