<?xml version="1.0" encoding="UTF-8"?>
<!-- Generated by org.testng.reporters.JUnitReportReporter -->
<testsuite hostname="OB-Sum" failures="0" tests="2" name="Supplier_FRSToFRSP.ScriptVATOnlyBill_FRSToStandard_DefaultProfile" time="109.747" errors="0" timestamp="2021-12-09T11:24:15 IST" skipped="0">
  <testcase classname="Supplier_FRSToFRSP.ScriptVATOnlyBill_FRSToStandard_DefaultProfile" name="GoToUrlAssertUrlPositiveEnterUserNamePositiveEnterPasswordClickLoginButtonGoToUrlAssertUrlCl2" time="54.345"/>
  <system-out/>
  <testcase classname="Supplier_FRSToFRSP.ScriptVATOnlyBill_FRSToStandard_DefaultProfile" name="GoToUrlAssertUrlPositiveEnterUserNamePositiveEnterPasswordClickLoginButtonGoToUrlAssertUrlCl1" time="55.402"/>
  <system-out/>
</testsuite> <!-- Supplier_FRSToFRSP.ScriptVATOnlyBill_FRSToStandard_DefaultProfile -->
