<?xml version="1.0" encoding="UTF-8"?>
<!-- Generated by org.testng.reporters.JUnitReportReporter -->
<testsuite hostname="OB-Sum" failures="0" tests="1" name="Supplier_SToNoVAT.ScriptSubcontractorBillSToNOVAT_DefaultProfile" time="37.633" errors="0" timestamp="2021-12-09T11:24:14 IST" skipped="0">
  <testcase classname="Supplier_SToNoVAT.ScriptSubcontractorBillSToNOVAT_DefaultProfile" name="GoToUrlAssertUrlPositiveEnterUserNamePositiveEnterPasswordClickLoginButtonGoToUrlAssertUrlCl" time="37.633"/>
  <system-out/>
</testsuite> <!-- Supplier_SToNoVAT.ScriptSubcontractorBillSToNOVAT_DefaultProfile -->
