<?xml version="1.0" encoding="UTF-8"?>
<!-- Generated by org.testng.reporters.JUnitReportReporter -->
<testsuite hostname="OB-Yogesh" failures="0" tests="1" name="ExpenceRemFlatToStand.ScriptStandardToFlat_DefaultProfile" time="66.420" errors="0" timestamp="2021-04-19T23:39:59 IST" skipped="0">
  <testcase classname="ExpenceRemFlatToStand.ScriptStandardToFlat_DefaultProfile" name="GoToUrlAssertUrlPositiveEnterUserNamePositiveEnterPasswordClickLoginButtonGoToUrlAssertUrlCl1" time="66.420"/>
  <system-out/>
</testsuite> <!-- ExpenceRemFlatToStand.ScriptStandardToFlat_DefaultProfile -->
