<?xml version="1.0" encoding="UTF-8"?>
<!-- Generated by org.testng.reporters.JUnitReportReporter -->
<testsuite hostname="OB-Sum" failures="0" tests="4" name="test.ashiv.Rule2_rule2" time="3384.509" errors="0" timestamp="2021-12-02T22:08:54 IST" skipped="0">
  <testcase classname="test.ashiv.Rule2_rule2" name="GoToUrlClickMenuBankRulesPositiveSelectConditionFormulaEnterRuleDescClickAccountSelectcodePositiveSelectGetdataOpenBankTrnsfillZRDRBankTrns" time="829.648"/>
  <system-out/>
  <testcase classname="test.ashiv.Rule2_rule2" name="GoToUrlClickMenuBankRulesPositiveSelectConditionFormulaEnterRuleDescClickAccountSelectcodePositiveSelectGetdataOpenBankTrnsfillRRDRBankTrns" time="833.687"/>
  <system-out/>
  <testcase classname="test.ashiv.Rule2_rule2" name="GoToUrlClickMenuBankRulesPositiveSelectConditionFormulaEnterRuleDescClickAccountSelectcodePositiveSelectGetdataOpenBankTrnsfillZRCrBankTrns" time="836.309"/>
  <system-out/>
  <testcase classname="test.ashiv.Rule2_rule2" name="GoToUrlClickMenuBankRulesPositiveSelectConditionFormulaEnterRuleDescClickAccountPositiveSelectGetdataOpenBankTrnsfillOutsCRBankTrns" time="884.865"/>
  <system-out/>
</testsuite> <!-- test.ashiv.Rule2_rule2 -->
