<?xml version="1.0" encoding="UTF-8"?>
<!-- Generated by org.testng.reporters.JUnitReportReporter -->
<testsuite hostname="OB-Sum" failures="0" tests="1" name="VATPhase3_Banking_ToSale.Script_FlatToStand_VATReturn1stVATReturnReport_DefaultProfile_2" time="48.263" errors="0" timestamp="2021-12-19T01:41:01 IST" skipped="0">
  <testcase classname="VATPhase3_Banking_ToSale.Script_FlatToStand_VATReturn1stVATReturnReport_DefaultProfile_2" name="GoToUrlAssertUrlPositiveEnterUserNamePositiveEnterPasswordClickLoginButtonGoToUrlAssertUrlCl" time="48.263"/>
  <system-out/>
</testsuite> <!-- VATPhase3_Banking_ToSale.Script_FlatToStand_VATReturn1stVATReturnReport_DefaultProfile_2 -->
