<?xml version="1.0" encoding="UTF-8"?>
<!-- Generated by org.testng.reporters.JUnitReportReporter -->
<testsuite hostname="OB-Sum" failures="0" tests="2" name="tests.BalanceSheet_Bf.TC_35_BSBFDebtor13301339_DefaultProfile_JB" time="269.102" errors="0" timestamp="2022-02-25T15:38:47 IST" skipped="0">
  <testcase classname="tests.BalanceSheet_Bf.TC_35_BSBFDebtor13301339_DefaultProfile_JB" name="GoToUrlAssertUrlPositiveEnternLOGINPositiveEnternPASSClickLoginGoToUrlAssertUrlClickAgentsP3" time="98.639"/>
  <system-out>
    <![CDATA[Accounting Period Status : Account UnClosed 
Accounting Period Status : Account UnLocked
Accounting Period Status :- Account period closed]]>
  </system-out>
  <testcase classname="tests.BalanceSheet_Bf.TC_35_BSBFDebtor13301339_DefaultProfile_JB" name="GoToUrlAssertUrlPositiveEnternLOGINPositiveEnternPASSClickLoginGoToUrlAssertUrlClickAgentsP1" time="170.463"/>
  <system-out>
    <![CDATA[Accounting Period Status : Account UnClosed 
Accounting Period Status : Account UnLocked
ledger 1 entered :1330 - Listed Investments - UK
ledger 2 entered :1339 - Other Investments
Accounting Period Status :- Account period closed
Ledger code verified: Listed Investments
Amount enter verified: 1,000.00
Ledger code verified: Other Investments
Amount enter verified: (1,000.00)
Enteries are Verified on Balance Sheet Report page :
Ledger code verified: Listed Investments
Amount enter verified: 1,000.00
Ledger code verified: Other Investments
Amount enter verified: (1,000.00)
Enteries are Verified on Balance Sheet Report page :]]>
  </system-out>
</testsuite> <!-- tests.BalanceSheet_Bf.TC_35_BSBFDebtor13301339_DefaultProfile_JB -->
