<?xml version="1.0" encoding="UTF-8"?>
<!-- Generated by org.testng.reporters.JUnitReportReporter -->
<testsuite hostname="OB-Sum" failures="0" tests="3" name="Test_Balance_RE_Jour_Bank_Supp_3.TC_07_3_2_BS_FixedAsset_220_To_224_With_Journal_Bank_Supplier" time="281.759" errors="0" timestamp="2022-02-19T09:42:03 IST" skipped="0">
  <testcase classname="Test_Balance_RE_Jour_Bank_Supp_3.TC_07_3_2_BS_FixedAsset_220_To_224_With_Journal_Bank_Supplier" name="GoToUrlAssertUrlPositiveEnternLOGINPositiveEnternPASSClickLoginGoToUrlAssertUrlClickAgentsP3" time="111.600"/>
  <system-out/>
  <testcase classname="Test_Balance_RE_Jour_Bank_Supp_3.TC_07_3_2_BS_FixedAsset_220_To_224_With_Journal_Bank_Supplier" name="GoToUrlAssertUrlPositiveEnternLOGINPositiveEnternPASSClickLoginGoToUrlAssertUrlClickAgentsP2" time="116.282"/>
  <system-out/>
  <testcase classname="Test_Balance_RE_Jour_Bank_Supp_3.TC_07_3_2_BS_FixedAsset_220_To_224_With_Journal_Bank_Supplier" name="GoToUrlAssertUrlPositiveEnternLOGINPositiveEnternPASSClickLoginGoToUrlAssertUrlClickAgentsP1" time="53.877"/>
  <system-out>
    <![CDATA[ledger 1 entered :220 - Long Leasehold Properties Cost B/Fwd
ledger 2 entered :221 - Long Leasehold Properties Additions
ledger 3 entered :222 - Long Leasehold Properties Disposals
ledger 4 entered :223 - Long Leasehold Properties Revaluations
ledger 5 entered :224 - Long Leasehold Properties Transfers
Ledger code verified: Long Leasehold Properties Cost B/Fwd
Amount enter verified: 1,000.00
Ledger code verified: Long Leasehold Properties Additions
Amount enter verified: 1,000.00
Ledger code verified: Long Leasehold Properties Disposals
Amount enter verified: 1,000.00
Ledger code verified: Long Leasehold Properties Revaluations
Amount enter verified: 1,000.00
Ledger code verified: Long Leasehold Properties Transfers
Amount enter verified: (4,000.00)
Enteries are Verified on Balance Sheet Report page :]]>
  </system-out>
</testsuite> <!-- Test_Balance_RE_Jour_Bank_Supp_3.TC_07_3_2_BS_FixedAsset_220_To_224_With_Journal_Bank_Supplier -->
