<?xml version="1.0" encoding="UTF-8"?>
<!-- Generated by org.testng.reporters.JUnitReportReporter -->
<testsuite hostname="OB-Sum" failures="0" tests="5" name="SaleDashboardTest.TC05ThreeDotIcon" time="207.812" errors="0" timestamp="2021-10-22T00:15:51 IST" skipped="0">
  <testcase classname="SaleDashboardTest.TC05ThreeDotIcon" name="GoToUrlAssertUrlClickClickOnPreviewClickSaveButtonClickPDFDumpClickCancelButtonClickClickOnMa" time="40.976"/>
  <system-out/>
  <testcase classname="SaleDashboardTest.TC05ThreeDotIcon" name="GoToUrlAssertUrlClickClickOnPreviewClickSaveButtonClickPDFDumpClickCancelButtonClickClickOn1Ma" time="46.896"/>
  <system-out/>
  <testcase classname="SaleDashboardTest.TC05ThreeDotIcon" name="GoToUrlAssertUrlClickClickOnPreviewClickSaveButtonClickPDFDumpClickCancelButtonClickClickOn1Ma2" time="43.650"/>
  <system-out/>
  <testcase classname="SaleDashboardTest.TC05ThreeDotIcon" name="GoToUrlAssertUrlClickClickOnPreviewClickSaveButtonClickPDFDumpClickCancelButtonClickClickOn1Ma3" time="37.949"/>
  <system-out/>
  <testcase classname="SaleDashboardTest.TC05ThreeDotIcon" name="GoToUrlAssertUrlClickClickOnPreviewClickSaveButtonClickPDFDumpClickCancelButtonClickClickOn1Ma4" time="38.341"/>
  <system-out/>
</testsuite> <!-- SaleDashboardTest.TC05ThreeDotIcon -->
