<?xml version="1.0" encoding="UTF-8"?>
<!-- Generated by org.testng.reporters.JUnitReportReporter -->
<testsuite hostname="OB-Sum" failures="0" tests="16" name="Test_Add_PLC.Test_Add_PLC" time="585.473" errors="0" timestamp="2021-11-25T21:25:23 IST" skipped="0">
  <testcase classname="Test_Add_PLC.Test_Add_PLC" name="GoToUrlClickPLCClicked_New_Client_FileUploadSection_TC_9" time="29.541"/>
  <system-out/>
  <testcase classname="Test_Add_PLC.Test_Add_PLC" name="GoToUrlClickPLCClicked_DirectionNameIsNotProvided_TC_16" time="44.385"/>
  <system-out/>
  <testcase classname="Test_Add_PLC.Test_Add_PLC" name="GoToUrlClickPLCClicked_New_Client_CompanyHouseSearchAndPopupShowBusinessInformation_TC_10" time="27.863"/>
  <system-out/>
  <testcase classname="Test_Add_PLC.Test_Add_PLC" name="GoToUrlClickPLCClicked_RegistrationNumberExceedThan8Char_TC_14" time="36.415"/>
  <system-out/>
  <testcase classname="Test_Add_PLC.Test_Add_PLC" name="GoToUrlClickPLCClicked_New_Client_AddPublicLimitedCompany_TC_7" time="32.151"/>
  <system-out/>
  <testcase classname="Test_Add_PLC.Test_Add_PLC" name="GoToUrlClickPLCClicked_AddPublicLimitedCompany_TC_2" time="42.974"/>
  <system-out/>
  <testcase classname="Test_Add_PLC.Test_Add_PLC" name="GoToUrlClickPLCClicked_CompanyHouseSearch_TC_3" time="40.774"/>
  <system-out/>
  <testcase classname="Test_Add_PLC.Test_Add_PLC" name="GoToUrlClickPLCClicked_CompanyHouseSearch_TC_11" time="34.647"/>
  <system-out/>
  <testcase classname="Test_Add_PLC.Test_Add_PLC" name="GoToUrlClickPLCClicked_FileUploadSection_TC_4" time="39.153"/>
  <system-out/>
  <testcase classname="Test_Add_PLC.Test_Add_PLC" name="GoToUrlClickPLCClicked_AddPublicLimitedScreen_TC_1" time="50.066"/>
  <system-out/>
  <testcase classname="Test_Add_PLC.Test_Add_PLC" name="GoToUrlClickPLCClicked_CompanyHouseSearchAndPopupShowBusinessInformation_TC_5" time="37.088"/>
  <system-out/>
  <testcase classname="Test_Add_PLC.Test_Add_PLC" name="GoToUrlClickPLCClicked_EnteringWrongDate_TC_13" time="37.170"/>
  <system-out/>
  <testcase classname="Test_Add_PLC.Test_Add_PLC" name="GoToUrlClickPLCClicked_CreatePayrollProfile_TC_12" time="36.744"/>
  <system-out/>
  <testcase classname="Test_Add_PLC.Test_Add_PLC" name="GoToUrlClickPLCClicked_New_Client_CompanyHouseSearch_TC_8" time="27.646"/>
  <system-out/>
  <testcase classname="Test_Add_PLC.Test_Add_PLC" name="GoToUrlClickPLCClicked_DirectionNameIsNotProvided_TC_15" time="38.240"/>
  <system-out/>
  <testcase classname="Test_Add_PLC.Test_Add_PLC" name="GoToUrlClickPLCClicked_New_Client_AddPublicLimitedScreen_TC_6" time="30.616"/>
  <system-out/>
</testsuite> <!-- Test_Add_PLC.Test_Add_PLC -->
