<?xml version="1.0" encoding="UTF-8"?>
<!-- Generated by org.testng.reporters.JUnitReportReporter -->
<testsuite hostname="OB-Yogesh" failures="0" tests="6" name="VATPhase3.BankingTr_VATPH3_FlatToFlatPerDefaultProfile_5" time="230.524" errors="0" timestamp="2021-05-06T00:22:12 IST" skipped="0">
  <testcase classname="VATPhase3.BankingTr_VATPH3_FlatToFlatPerDefaultProfile_5" name="GoToUrlAssertUrlPositiveEnternLOGINPositiveEnternPASSClickLoginGoToUrlAssertUrlClickAgentsP4" time="39.749"/>
  <system-out/>
  <testcase classname="VATPhase3.BankingTr_VATPH3_FlatToFlatPerDefaultProfile_5" name="GoToUrlAssertUrlPositiveEnternLOGINPositiveEnternPASSClickLoginGoToUrlAssertUrlClickAgentsP3" time="38.722"/>
  <system-out/>
  <testcase classname="VATPhase3.BankingTr_VATPH3_FlatToFlatPerDefaultProfile_5" name="GoToUrlAssertUrlPositiveEnternLOGINPositiveEnternPASSClickLoginGoToUrlAssertUrlClickAgentsP1" time="37.281"/>
  <system-out/>
  <testcase classname="VATPhase3.BankingTr_VATPH3_FlatToFlatPerDefaultProfile_5" name="GoToUrlAssertUrlPositiveEnternLOGINPositiveEnternPASSClickLoginGoToUrlAssertUrlClickAgentsP2" time="34.608"/>
  <system-out/>
  <testcase classname="VATPhase3.BankingTr_VATPH3_FlatToFlatPerDefaultProfile_5" name="GoToUrlAssertUrlPositiveEnternLOGINPositiveEnternPASSClickLoginGoToUrlAssertUrlClickAgentsP5" time="45.865"/>
  <system-out/>
  <testcase classname="VATPhase3.BankingTr_VATPH3_FlatToFlatPerDefaultProfile_5" name="GoToUrlAssertUrlPositiveEnternLOGINPositiveEnternPASSClickLoginGoToUrlAssertUrlClickAgentsP6" time="34.299"/>
  <system-out/>
</testsuite> <!-- VATPhase3.BankingTr_VATPH3_FlatToFlatPerDefaultProfile_5 -->
