<?xml version="1.0" encoding="UTF-8"?>
<!-- Generated by org.testng.reporters.JUnitReportReporter -->
<testsuite hostname="OB-Sum" failures="0" tests="1" name="ExpenceRemFlatToStand.ScriptVATReturn3stVATReturnReport_SToFRS_DefaultProfile" time="53.636" errors="0" timestamp="2022-02-06T06:55:30 IST" skipped="0">
  <testcase classname="ExpenceRemFlatToStand.ScriptVATReturn3stVATReturnReport_SToFRS_DefaultProfile" name="GoToUrlAssertUrlPositiveEnterUserNamePositiveEnterPasswordClickLoginButtonGoToUrlAssertUrlCl" time="53.636"/>
  <system-out/>
</testsuite> <!-- ExpenceRemFlatToStand.ScriptVATReturn3stVATReturnReport_SToFRS_DefaultProfile -->
