<?xml version="1.0" encoding="UTF-8"?>
<!-- Generated by org.testng.reporters.JUnitReportReporter -->
<testsuite hostname="OB-Sum" failures="0" tests="1" name="Test_Income.TestRepeatInvoice_TC1" time="50.921" errors="0" timestamp="2021-10-25T17:22:56 IST" skipped="0">
  <testcase classname="Test_Income.TestRepeatInvoice_TC1" name="GoToUrlClickView1ClickRepeatInvoice2ClickAddRepeatInvoice3PositiveSelectSelectCustomer4Positiv" time="50.921"/>
  <system-out/>
</testsuite> <!-- Test_Income.TestRepeatInvoice_TC1 -->
