<?xml version="1.0" encoding="UTF-8"?>
<!-- Generated by org.testng.reporters.JUnitReportReporter -->
<testsuite hostname="OB-Sum" failures="0" tests="6" name="VAT3.FullREC_S2_NOVAT.Supplier_SupplierBill_2" time="605.589" errors="0" timestamp="2021-12-19T01:40:59 IST" skipped="0">
  <testcase classname="VAT3.FullREC_S2_NOVAT.Supplier_SupplierBill_2" name="GoToUrlAssertUrlPositiveEnternLOGINPositiveEnternPASSClickLoginGoToUrlAssertUrlClickAgentsP5" time="98.893"/>
  <system-out/>
  <testcase classname="VAT3.FullREC_S2_NOVAT.Supplier_SupplierBill_2" name="GoToUrlAssertUrlPositiveEnternLOGINPositiveEnternPASSClickLoginGoToUrlAssertUrlClickAgentsP4" time="99.919"/>
  <system-out/>
  <testcase classname="VAT3.FullREC_S2_NOVAT.Supplier_SupplierBill_2" name="GoToUrlAssertUrlPositiveEnternLOGINPositiveEnternPASSClickLoginGoToUrlAssertUrlClickAgentsP3" time="104.449"/>
  <system-out/>
  <testcase classname="VAT3.FullREC_S2_NOVAT.Supplier_SupplierBill_2" name="GoToUrlAssertUrlPositiveEnternLOGINPositiveEnternPASSClickLoginGoToUrlAssertUrlClickAgentsP1" time="99.159"/>
  <system-out/>
  <testcase classname="VAT3.FullREC_S2_NOVAT.Supplier_SupplierBill_2" name="GoToUrlAssertUrlPositiveEnternLOGINPositiveEnternPASSClickLoginGoToUrlAssertUrlClickAgentsP2" time="102.713"/>
  <system-out/>
  <testcase classname="VAT3.FullREC_S2_NOVAT.Supplier_SupplierBill_2" name="GoToUrlAssertUrlPositiveEnternLOGINPositiveEnternPASSClickLoginGoToUrlAssertUrlClickAgentsP6" time="100.456"/>
  <system-out/>
</testsuite> <!-- VAT3.FullREC_S2_NOVAT.Supplier_SupplierBill_2 -->
