<?xml version="1.0" encoding="UTF-8"?>
<!-- Generated by org.testng.reporters.JUnitReportReporter -->
<testsuite hostname="OB-Sum" failures="0" tests="1" name="ExpenceRemFlatToFlatPer.ScriptPostVATReturn3stVATReturnReport_DefaultProfile" time="53.274" errors="0" timestamp="2022-02-06T06:55:30 IST" skipped="0">
  <testcase classname="ExpenceRemFlatToFlatPer.ScriptPostVATReturn3stVATReturnReport_DefaultProfile" name="GoToUrlAssertUrlPositiveEnterUserNamePositiveEnterPasswordClickLoginButtonGoToUrlAssertUrlCl" time="53.274"/>
  <system-out/>
</testsuite> <!-- ExpenceRemFlatToFlatPer.ScriptPostVATReturn3stVATReturnReport_DefaultProfile -->
