<?xml version="1.0" encoding="UTF-8"?>
<!-- Generated by org.testng.reporters.JUnitReportReporter -->
<testsuite hostname="OB-Sum" failures="0" tests="2" name="tests.ScriptVATOnlyInvoice_SToNOVAT_DefaultProfile" time="111.814" errors="0" timestamp="2021-12-09T11:24:15 IST" skipped="0">
  <testcase classname="tests.ScriptVATOnlyInvoice_SToNOVAT_DefaultProfile" name="GoToUrlAssertUrlPositiveEnterUserNamePositiveEnterPasswordClickLoginButtonGoToUrlAssertUrlCl2" time="52.377"/>
  <system-out/>
  <testcase classname="tests.ScriptVATOnlyInvoice_SToNOVAT_DefaultProfile" name="GoToUrlAssertUrlPositiveEnterUserNamePositiveEnterPasswordClickLoginButtonGoToUrlAssertUrlCl1" time="59.437"/>
  <system-out/>
</testsuite> <!-- tests.ScriptVATOnlyInvoice_SToNOVAT_DefaultProfile -->
