<?xml version="1.0" encoding="UTF-8"?>
<!-- Generated by org.testng.reporters.JUnitReportReporter -->
<testsuite hostname="OB-Sum" failures="0" tests="1" name="VAT3_UnReconciled_STOF.UN_ScriptPostVATReturn1stVATReturnReport_DefaultProfileFullyReconcile_1" time="48.274" errors="0" timestamp="2022-02-06T06:55:29 IST" skipped="0">
  <testcase classname="VAT3_UnReconciled_STOF.UN_ScriptPostVATReturn1stVATReturnReport_DefaultProfileFullyReconcile_1" name="GoToUrlAssertUrlPositiveEnterUserNamePositiveEnterPasswordClickLoginButtonGoToUrlAssertUrlCl" time="48.274"/>
  <system-out/>
</testsuite> <!-- VAT3_UnReconciled_STOF.UN_ScriptPostVATReturn1stVATReturnReport_DefaultProfileFullyReconcile_1 -->
