<?xml version="1.0" encoding="UTF-8"?>
<!-- Generated by org.testng.reporters.JUnitReportReporter -->
<testsuite hostname="OB-Sum" failures="0" tests="6" name="Supplier_SToNoVAT.ScriptSupplierBillSToNoVAT_DefaultProfile" time="313.915" errors="0" timestamp="2021-12-09T11:24:15 IST" skipped="0">
  <testcase classname="Supplier_SToNoVAT.ScriptSupplierBillSToNoVAT_DefaultProfile" name="GoToUrlAssertUrlPositiveEnterUserNamePositiveEnterPasswordClickLoginButtonGoToUrlAssertUrlCl5" time="51.925"/>
  <system-out/>
  <testcase classname="Supplier_SToNoVAT.ScriptSupplierBillSToNoVAT_DefaultProfile" name="GoToUrlAssertUrlPositiveEnterUserNamePositiveEnterPasswordClickLoginButtonGoToUrlAssertUrlCl4" time="52.559"/>
  <system-out/>
  <testcase classname="Supplier_SToNoVAT.ScriptSupplierBillSToNoVAT_DefaultProfile" name="GoToUrlAssertUrlPositiveEnterUserNamePositiveEnterPasswordClickLoginButtonGoToUrlAssertUrlCl2" time="53.403"/>
  <system-out/>
  <testcase classname="Supplier_SToNoVAT.ScriptSupplierBillSToNoVAT_DefaultProfile" name="GoToUrlAssertUrlPositiveEnterUserNamePositiveEnterPasswordClickLoginButtonGoToUrlAssertUrlCl6" time="55.053"/>
  <system-out/>
  <testcase classname="Supplier_SToNoVAT.ScriptSupplierBillSToNoVAT_DefaultProfile" name="GoToUrlAssertUrlPositiveEnterUserNamePositiveEnterPasswordClickLoginButtonGoToUrlAssertUrlCl3" time="50.395"/>
  <system-out/>
  <testcase classname="Supplier_SToNoVAT.ScriptSupplierBillSToNoVAT_DefaultProfile" name="GoToUrlAssertUrlPositiveEnterUserNamePositiveEnterPasswordClickLoginButtonGoToUrlAssertUrlCl1" time="50.580"/>
  <system-out/>
</testsuite> <!-- Supplier_SToNoVAT.ScriptSupplierBillSToNoVAT_DefaultProfile -->
