<?xml version="1.0" encoding="UTF-8"?>
<!-- Generated by org.testng.reporters.JUnitReportReporter -->
<testsuite hostname="OB-Sum" failures="0" tests="1" name="Supplier_SToNoVAT.ScriptPostVATReturn3stVATReturnReport_STONOVAT_DefaultProfile" time="53.520" errors="0" timestamp="2022-02-06T06:55:35 IST" skipped="0">
  <testcase classname="Supplier_SToNoVAT.ScriptPostVATReturn3stVATReturnReport_STONOVAT_DefaultProfile" name="GoToUrlAssertUrlPositiveEnterUserNamePositiveEnterPasswordClickLoginButtonGoToUrlAssertUrlCl" time="53.520"/>
  <system-out/>
</testsuite> <!-- Supplier_SToNoVAT.ScriptPostVATReturn3stVATReturnReport_STONOVAT_DefaultProfile -->
