<?xml version="1.0" encoding="UTF-8"?>
<!-- Generated by org.testng.reporters.JUnitReportReporter -->
<testsuite hostname="OB-Yogesh" failures="0" tests="1" name="VATPhase3.ScriptFlatToFlatP_FlatToStand_DefaultProfile_2" time="53.767" errors="0" timestamp="2021-05-06T00:22:12 IST" skipped="0">
  <testcase classname="VATPhase3.ScriptFlatToFlatP_FlatToStand_DefaultProfile_2" name="GoToUrlAssertUrlPositiveEnterUserNamePositiveEnterPasswordClickLoginButtonGoToUrlAssertUrlCl1" time="53.767"/>
  <system-out/>
</testsuite> <!-- VATPhase3.ScriptFlatToFlatP_FlatToStand_DefaultProfile_2 -->
