<?xml version="1.0" encoding="UTF-8"?>
<!-- Generated by org.testng.reporters.JUnitReportReporter -->
<testsuite hostname="OB-Yogesh" failures="0" tests="1" name="VATPhase3.ScriptFlatToFlatP_FlatToFlatPer_DefaultProfile_5" time="51.914" errors="0" timestamp="2021-05-06T00:22:12 IST" skipped="0">
  <testcase classname="VATPhase3.ScriptFlatToFlatP_FlatToFlatPer_DefaultProfile_5" name="GoToUrlAssertUrlPositiveEnterUserNamePositiveEnterPasswordClickLoginButtonGoToUrlAssertUrlCl1" time="51.914"/>
  <system-out/>
</testsuite> <!-- VATPhase3.ScriptFlatToFlatP_FlatToFlatPer_DefaultProfile_5 -->
