<?xml version="1.0" encoding="UTF-8"?>
<!-- Generated by org.testng.reporters.JUnitReportReporter -->
<testsuite hostname="OB-Sum" failures="0" tests="12" name="Test_Income.New_Repeat_Invoice" time="569.350" errors="0" timestamp="2022-03-14T19:11:48 IST" skipped="0">
  <testcase classname="Test_Income.New_Repeat_Invoice" name="GoToUrlClickView1ClickRepeatInvoice2ClickAddRepeatInvoice3PositiveSelectSelectCustomer4Positi_TC09" time="48.679"/>
  <system-out/>
  <testcase classname="Test_Income.New_Repeat_Invoice" name="GoToUrlClickView1ClickRepeatInvoice2ClickAddRepeatInvoice3PositiveSelectSelectCustomer4Positi_TC01" time="36.021"/>
  <system-out>
    <![CDATA[Income type dropdown: Sale
Income type dropdown: CIS
Income type dropdown: Cis
Income type dropdown: Cis]]>
  </system-out>
  <testcase classname="Test_Income.New_Repeat_Invoice" name="GoToUrlClickView1ClickRepeatInvoice2ClickAddRepeatInvoice3PositiveSelectSelectCustomer4Positi_TC06" time="53.002"/>
  <system-out/>
  <testcase classname="Test_Income.New_Repeat_Invoice" name="GoToUrlClickView1ClickRepeatInvoice2ClickAddRepeatInvoice3PositiveSelectSelectCustomer4Positi_TC11" time="54.493"/>
  <system-out/>
  <testcase classname="Test_Income.New_Repeat_Invoice" name="GoToUrlClickView1ClickRepeatInvoice2ClickAddRepeatInvoice3PositiveSelectSelectCustomer4Positi_TC05" time="45.901"/>
  <system-out/>
  <testcase classname="Test_Income.New_Repeat_Invoice" name="GoToUrlClickView1ClickRepeatInvoice2ClickAddRepeatInvoice3PositiveSelectSelectCustomer4Positi_TC08" time="45.732"/>
  <system-out/>
  <testcase classname="Test_Income.New_Repeat_Invoice" name="GoToUrlClickView1ClickRepeatInvoice2ClickAddRepeatInvoice3PositiveSelectSelectCustomer4Positi_TC07" time="48.472"/>
  <system-out/>
  <testcase classname="Test_Income.New_Repeat_Invoice" name="GoToUrlClickView1ClickRepeatInvoice2ClickAddRepeatInvoice3PositiveSelectSelectCustomer4Positi_TC02" time="46.388"/>
  <system-out/>
  <testcase classname="Test_Income.New_Repeat_Invoice" name="GoToUrlClickView1ClickRepeatInvoice2ClickAddRepeatInvoice3PositiveSelectSelectCustomer4Positi_TC10" time="49.393"/>
  <system-out/>
  <testcase classname="Test_Income.New_Repeat_Invoice" name="GoToUrlClickView1ClickRepeatInvoice2ClickAddRepeatInvoice3PositiveSelectSelectCustomer4Positi_TC03" time="44.514"/>
  <system-out/>
  <testcase classname="Test_Income.New_Repeat_Invoice" name="GoToUrlClickView1ClickRepeatInvoice2ClickAddRepeatInvoice3PositiveSelectSelectCustomer4Positi_TC04" time="51.873"/>
  <system-out/>
  <testcase classname="Test_Income.New_Repeat_Invoice" name="GoToUrlClickView1ClickRepeatInvoice2ClickAddRepeatInvoice3PositiveSelectSelectCustomer4Positi_TC12" time="44.882"/>
  <system-out>
    <![CDATA[Default Customer  verified Under the Repeat Invoice Default Customer
Default Customer  verified Under the Repeat Invoice Default Customer
Default Customer  verified Under the Repeat Invoice Default Customer
Default Customer  verified Under the Repeat Invoice Default Customer
Default Customer  verified Under the Repeat Invoice Default Customer
Invoices_001 Customer  verified Under the Repeat Invoice Invoices_001
Invoices_001 Customer  verified Under the Repeat Invoice Invoices_001]]>
  </system-out>
</testsuite> <!-- Test_Income.New_Repeat_Invoice -->
