<?xml version="1.0" encoding="UTF-8"?>
<!-- Generated by org.testng.reporters.JUnitReportReporter -->
<testsuite hostname="OB-Sum" failures="0" tests="2" name="Test_Trial_Balance_RE_Jour_Bank_Supp_3.TC_26_2_BS_TAXATION_1102_1103_With_Journal_Bank" time="151.601" errors="0" timestamp="2022-01-18T16:59:19 IST" skipped="0">
  <testcase classname="Test_Trial_Balance_RE_Jour_Bank_Supp_3.TC_26_2_BS_TAXATION_1102_1103_With_Journal_Bank" name="GoToUrlAssertUrlPositiveEnternLOGINPositiveEnternPASSClickLoginGoToUrlAssertUrlClickAgentsP3" time="85.845"/>
  <system-out/>
  <testcase classname="Test_Trial_Balance_RE_Jour_Bank_Supp_3.TC_26_2_BS_TAXATION_1102_1103_With_Journal_Bank" name="GoToUrlAssertUrlPositiveEnternLOGINPositiveEnternPASSClickLoginGoToUrlAssertUrlClickAgentsP1" time="65.756"/>
  <system-out>
    <![CDATA[ledger 1 entered :1102 - Output VAT
ledger 2 entered :1103 - Deferred Input VAT
Ledger code verified: Output VAT
Ledger code verified: Deferred Input VAT
Enteries are Verified on Balance Sheet Report page :]]>
  </system-out>
</testsuite> <!-- Test_Trial_Balance_RE_Jour_Bank_Supp_3.TC_26_2_BS_TAXATION_1102_1103_With_Journal_Bank -->
