<?xml version="1.0" encoding="UTF-8"?>
<!-- Generated by org.testng.reporters.JUnitReportReporter -->
<testsuite hostname="OB-Sum" failures="0" tests="6" name="VAT2.S2NoVAT.S2noVAT_SaleInToReconcile_11" time="541.375" errors="0" timestamp="2021-12-09T11:24:15 IST" skipped="0">
  <testcase classname="VAT2.S2NoVAT.S2noVAT_SaleInToReconcile_11" name="GoToUrlAssertUrlPositiveEnternLOGINPositiveEnternPASSClickLoginGoToUrlAssertUrlClickAgentsP5" time="95.602"/>
  <system-out/>
  <testcase classname="VAT2.S2NoVAT.S2noVAT_SaleInToReconcile_11" name="GoToUrlAssertUrlPositiveEnternLOGINPositiveEnternPASSClickLoginGoToUrlAssertUrlClickAgentsP6" time="89.509"/>
  <system-out/>
  <testcase classname="VAT2.S2NoVAT.S2noVAT_SaleInToReconcile_11" name="GoToUrlAssertUrlPositiveEnternLOGINPositiveEnternPASSClickLoginGoToUrlAssertUrlClickAgentsP2" time="90.775"/>
  <system-out/>
  <testcase classname="VAT2.S2NoVAT.S2noVAT_SaleInToReconcile_11" name="GoToUrlAssertUrlPositiveEnternLOGINPositiveEnternPASSClickLoginGoToUrlAssertUrlClickAgentsP3" time="88.658"/>
  <system-out/>
  <testcase classname="VAT2.S2NoVAT.S2noVAT_SaleInToReconcile_11" name="GoToUrlAssertUrlPositiveEnternLOGINPositiveEnternPASSClickLoginGoToUrlAssertUrlClickAgentsP1" time="88.678"/>
  <system-out/>
  <testcase classname="VAT2.S2NoVAT.S2noVAT_SaleInToReconcile_11" name="GoToUrlAssertUrlPositiveEnternLOGINPositiveEnternPASSClickLoginGoToUrlAssertUrlClickAgentsP4" time="88.153"/>
  <system-out/>
</testsuite> <!-- VAT2.S2NoVAT.S2noVAT_SaleInToReconcile_11 -->
