<?xml version="1.0" encoding="UTF-8"?>
<!-- Generated by org.testng.reporters.JUnitReportReporter -->
<testsuite hostname="OB-Sum" failures="0" tests="1" name="test.ashiv.TestLadgerRecon_DefaultProfile" time="55.197" errors="0" timestamp="2022-02-19T09:42:03 IST" skipped="0">
  <testcase classname="test.ashiv.TestLadgerRecon_DefaultProfile" name="GoToUrlClickView2ClickLedgerReconciliation3PositiveSelectAccountType48PositiveSelectAccount59C" time="55.197"/>
  <system-out/>
</testsuite> <!-- test.ashiv.TestLadgerRecon_DefaultProfile -->
