<?xml version="1.0" encoding="UTF-8"?>
<!-- Generated by org.testng.reporters.JUnitReportReporter -->
<testsuite hostname="OB-Sum" failures="0" tests="1" name="tests.Bank_Upload_CSV.DownloadCSV_Template" time="36.181" errors="0" timestamp="2022-02-19T09:42:02 IST" skipped="0">
  <testcase classname="tests.Bank_Upload_CSV.DownloadCSV_Template" name="GoToUrlClickbankmenu1ClickUploadCSV2ClickDownloadCSV3" time="36.181"/>
  <system-out/>
</testsuite> <!-- tests.Bank_Upload_CSV.DownloadCSV_Template -->
