<?xml version="1.0" encoding="UTF-8"?>
<!-- Generated by org.testng.reporters.JUnitReportReporter -->
<testsuite hostname="OB-Sum" failures="0" tests="2" name="tests.Bank_new_Trans.bank_Bulk_spent" time="77.671" errors="0" timestamp="2022-02-19T09:42:03 IST" skipped="0">
  <testcase classname="tests.Bank_new_Trans.bank_Bulk_spent" name="nidbanktrnGoToUrlAssertUrlPositiveEnternLOGINPositiveEnternPASSClickLoginGoToUrlAssertUrlCl2" time="36.739"/>
  <system-out/>
  <testcase classname="tests.Bank_new_Trans.bank_Bulk_spent" name="nidbanktrnGoToUrlAssertUrlPositiveEnternLOGINPositiveEnternPASSClickLoginGoToUrlAssertUrlCl1" time="40.932"/>
  <system-out/>
</testsuite> <!-- tests.Bank_new_Trans.bank_Bulk_spent -->
