<?xml version="1.0" encoding="UTF-8"?>
<!-- Generated by org.testng.reporters.JUnitReportReporter -->
<testsuite hostname="OB-Sum" failures="0" tests="1" name="test.partialReconcileJonralEntryFlatToStand.ScriptPostVATReturn3stVATReturnReport_DefaultProfile" time="51.740" errors="0" timestamp="2022-02-06T06:55:29 IST" skipped="0">
  <testcase classname="test.partialReconcileJonralEntryFlatToStand.ScriptPostVATReturn3stVATReturnReport_DefaultProfile" name="GoToUrlAssertUrlPositiveEnterUserNamePositiveEnterPasswordClickLoginButtonGoToUrlAssertUrlCl" time="51.740"/>
  <system-out/>
</testsuite> <!-- test.partialReconcileJonralEntryFlatToStand.ScriptPostVATReturn3stVATReturnReport_DefaultProfile -->
