<?xml version="1.0" encoding="UTF-8"?>
<!-- Generated by org.testng.reporters.JUnitReportReporter -->
<testsuite hostname="OB-Sum" failures="0" tests="1" name="VAT3_ExpensesReinbr.ScriptEditSettingToVATType_DefaultProfile_4" time="65.057" errors="0" timestamp="2022-02-06T06:55:32 IST" skipped="0">
  <testcase classname="VAT3_ExpensesReinbr.ScriptEditSettingToVATType_DefaultProfile_4" name="GoToUrlAssertUrlPositiveEnterUserNamePositiveEnterPasswordClickLoginButtonGoToUrlAssertUrlCl2" time="65.057"/>
  <system-out/>
</testsuite> <!-- VAT3_ExpensesReinbr.ScriptEditSettingToVATType_DefaultProfile_4 -->
