<?xml version="1.0" encoding="UTF-8"?>
<!-- Generated by org.testng.reporters.JUnitReportReporter -->
<testsuite hostname="OB-Yogesh" failures="0" tests="1" name="ExpenceRemFlatToFlatPer.ScriptEditVATFlatP_DefaultProfile" time="54.984" errors="0" timestamp="2021-04-24T21:05:05 IST" skipped="0">
  <testcase classname="ExpenceRemFlatToFlatPer.ScriptEditVATFlatP_DefaultProfile" name="GoToUrlAssertUrlPositiveEnterUserNamePositiveEnterPasswordClickLoginButtonGoToUrlAssertUrlCl3" time="54.984"/>
  <system-out/>
</testsuite> <!-- ExpenceRemFlatToFlatPer.ScriptEditVATFlatP_DefaultProfile -->
