<?xml version="1.0" encoding="UTF-8"?>
<!-- Generated by org.testng.reporters.JUnitReportReporter -->
<testsuite hostname="OB-Sum" failures="0" tests="1" name="VAT3.FullREC_S2_FLAT.Supplier_VATReturn2stVATReturnReport_SToFRS_DefaultProfileFullyReconcile_1" time="65.155" errors="0" timestamp="2021-11-26T20:55:19 IST" skipped="0">
  <testcase classname="VAT3.FullREC_S2_FLAT.Supplier_VATReturn2stVATReturnReport_SToFRS_DefaultProfileFullyReconcile_1" name="GoToUrlAssertUrlPositiveEnterUserNamePositiveEnterPasswordClickLoginButtonGoToUrlAssertUrlCl" time="65.155"/>
  <system-out/>
</testsuite> <!-- VAT3.FullREC_S2_FLAT.Supplier_VATReturn2stVATReturnReport_SToFRS_DefaultProfileFullyReconcile_1 -->
