<?xml version="1.0" encoding="UTF-8"?>
<!-- Generated by org.testng.reporters.JUnitReportReporter -->
<testsuite hostname="OB-Sum" failures="0" tests="1" name="VAT3_InvoiceUnreconcileCases.ScriptVATReturn1stVATReturnReport_SToFRS_DefaultProfile_2" time="57.452" errors="0" timestamp="2022-02-06T06:55:37 IST" skipped="0">
  <testcase classname="VAT3_InvoiceUnreconcileCases.ScriptVATReturn1stVATReturnReport_SToFRS_DefaultProfile_2" name="GoToUrlAssertUrlPositiveEnterUserNamePositiveEnterPasswordClickLoginButtonGoToUrlAssertUrlCl" time="57.452"/>
  <system-out/>
</testsuite> <!-- VAT3_InvoiceUnreconcileCases.ScriptVATReturn1stVATReturnReport_SToFRS_DefaultProfile_2 -->
