<?xml version="1.0" encoding="UTF-8"?>
<!-- Generated by org.testng.reporters.JUnitReportReporter -->
<testsuite hostname="OB-Sum" failures="0" tests="6" name="VAT2.S2F.SaleInToReconcile_DefaultProfile_StoF_Cus" time="677.315" errors="0" timestamp="2022-02-06T06:55:30 IST" skipped="0">
  <testcase classname="VAT2.S2F.SaleInToReconcile_DefaultProfile_StoF_Cus" name="GoToUrlAssertUrlPositiveEnternLOGINPositiveEnternPASSClickLoginGoToUrlAssertUrlClickAgentsP2" time="114.056"/>
  <system-out/>
  <testcase classname="VAT2.S2F.SaleInToReconcile_DefaultProfile_StoF_Cus" name="GoToUrlAssertUrlPositiveEnternLOGINPositiveEnternPASSClickLoginGoToUrlAssertUrlClickAgentsP5" time="116.503"/>
  <system-out/>
  <testcase classname="VAT2.S2F.SaleInToReconcile_DefaultProfile_StoF_Cus" name="GoToUrlAssertUrlPositiveEnternLOGINPositiveEnternPASSClickLoginGoToUrlAssertUrlClickAgentsP6" time="110.945"/>
  <system-out/>
  <testcase classname="VAT2.S2F.SaleInToReconcile_DefaultProfile_StoF_Cus" name="GoToUrlAssertUrlPositiveEnternLOGINPositiveEnternPASSClickLoginGoToUrlAssertUrlClickAgentsP3" time="109.584"/>
  <system-out/>
  <testcase classname="VAT2.S2F.SaleInToReconcile_DefaultProfile_StoF_Cus" name="GoToUrlAssertUrlPositiveEnternLOGINPositiveEnternPASSClickLoginGoToUrlAssertUrlClickAgentsP1" time="115.705"/>
  <system-out/>
  <testcase classname="VAT2.S2F.SaleInToReconcile_DefaultProfile_StoF_Cus" name="GoToUrlAssertUrlPositiveEnternLOGINPositiveEnternPASSClickLoginGoToUrlAssertUrlClickAgentsP4" time="110.522"/>
  <system-out/>
</testsuite> <!-- VAT2.S2F.SaleInToReconcile_DefaultProfile_StoF_Cus -->
