<?xml version="1.0" encoding="UTF-8"?>
<!-- Generated by org.testng.reporters.JUnitReportReporter -->
<testsuite hostname="OB-Sum" failures="0" tests="5" name="test.partialReconcileJonralEntrySToFlat.CreditNoteToReconcileForJonral_DefaultProfile" time="633.377" errors="0" timestamp="2022-02-07T19:49:31 IST" skipped="0">
  <testcase classname="test.partialReconcileJonralEntrySToFlat.CreditNoteToReconcileForJonral_DefaultProfile" name="GoToUrlAssertUrlPositiveEnternLOGINPositiveEnternPASSClickLoginGoToUrlAssertUrlClickAgentsP1" time="126.610"/>
  <system-out/>
  <testcase classname="test.partialReconcileJonralEntrySToFlat.CreditNoteToReconcileForJonral_DefaultProfile" name="GoToUrlAssertUrlPositiveEnternLOGINPositiveEnternPASSClickLoginGoToUrlAssertUrlClickAgentsP2" time="120.979"/>
  <system-out/>
  <testcase classname="test.partialReconcileJonralEntrySToFlat.CreditNoteToReconcileForJonral_DefaultProfile" name="GoToUrlAssertUrlPositiveEnternLOGINPositiveEnternPASSClickLoginGoToUrlAssertUrlClickAgentsP3" time="138.760"/>
  <system-out/>
  <testcase classname="test.partialReconcileJonralEntrySToFlat.CreditNoteToReconcileForJonral_DefaultProfile" name="GoToUrlAssertUrlPositiveEnternLOGINPositiveEnternPASSClickLoginGoToUrlAssertUrlClickAgentsP6" time="121.046"/>
  <system-out/>
  <testcase classname="test.partialReconcileJonralEntrySToFlat.CreditNoteToReconcileForJonral_DefaultProfile" name="GoToUrlAssertUrlPositiveEnternLOGINPositiveEnternPASSClickLoginGoToUrlAssertUrlClickAgentsP4" time="125.982"/>
  <system-out/>
</testsuite> <!-- test.partialReconcileJonralEntrySToFlat.CreditNoteToReconcileForJonral_DefaultProfile -->
