<?xml version="1.0" encoding="UTF-8"?>
<!-- Generated by org.testng.reporters.JUnitReportReporter -->
<testsuite hostname="OB-Yogesh" failures="0" tests="1" name="test.PartialReconcileOnStandard.ScriptVATReturn2stVATReturnReport_SToFlat_DefaultProfile" time="70.961" errors="0" timestamp="2021-03-25T19:53:17 IST" skipped="0">
  <testcase classname="test.PartialReconcileOnStandard.ScriptVATReturn2stVATReturnReport_SToFlat_DefaultProfile" name="GoToUrlAssertUrlPositiveEnterUserNamePositiveEnterPasswordClickLoginButtonGoToUrlAssertUrlCl" time="70.961"/>
  <system-out/>
</testsuite> <!-- test.PartialReconcileOnStandard.ScriptVATReturn2stVATReturnReport_SToFlat_DefaultProfile -->
