<?xml version="1.0" encoding="UTF-8"?>
<!-- Generated by org.testng.reporters.JUnitReportReporter -->
<testsuite hostname="OB-Sum" failures="0" tests="6" name="test.FlatToStandard.ScriptSaleCreditNote_FlatToStandard_DefaultProfile" time="405.232" errors="0" timestamp="2022-02-06T06:55:36 IST" skipped="0">
  <testcase classname="test.FlatToStandard.ScriptSaleCreditNote_FlatToStandard_DefaultProfile" name="GoToUrlAssertUrlPositiveEnterUserNamePositiveEnterPasswordClickLoginButtonGoToUrlAssertUrlCl2" time="67.492"/>
  <system-out/>
  <testcase classname="test.FlatToStandard.ScriptSaleCreditNote_FlatToStandard_DefaultProfile" name="GoToUrlAssertUrlPositiveEnterUserNamePositiveEnterPasswordClickLoginButtonGoToUrlAssertUrlCl3" time="67.228"/>
  <system-out/>
  <testcase classname="test.FlatToStandard.ScriptSaleCreditNote_FlatToStandard_DefaultProfile" name="GoToUrlAssertUrlPositiveEnterUserNamePositiveEnterPasswordClickLoginButtonGoToUrlAssertUrlCl6" time="67.601"/>
  <system-out/>
  <testcase classname="test.FlatToStandard.ScriptSaleCreditNote_FlatToStandard_DefaultProfile" name="GoToUrlAssertUrlPositiveEnterUserNamePositiveEnterPasswordClickLoginButtonGoToUrlAssertUrlCl5" time="67.016"/>
  <system-out/>
  <testcase classname="test.FlatToStandard.ScriptSaleCreditNote_FlatToStandard_DefaultProfile" name="GoToUrlAssertUrlPositiveEnterUserNamePositiveEnterPasswordClickLoginButtonGoToUrlAssertUrlCl1" time="66.770"/>
  <system-out/>
  <testcase classname="test.FlatToStandard.ScriptSaleCreditNote_FlatToStandard_DefaultProfile" name="GoToUrlAssertUrlPositiveEnterUserNamePositiveEnterPasswordClickLoginButtonGoToUrlAssertUrlCl4" time="69.125"/>
  <system-out/>
</testsuite> <!-- test.FlatToStandard.ScriptSaleCreditNote_FlatToStandard_DefaultProfile -->
