<?xml version="1.0" encoding="UTF-8"?>
<!-- Generated by org.testng.reporters.JUnitReportReporter -->
<testsuite hostname="OB-Sum" failures="0" tests="2" name="Supplier_SToNoVAT.ScriptVATOnlyBillSToNOVAT_DefaultProfile" time="119.987" errors="0" timestamp="2022-02-06T06:55:31 IST" skipped="0">
  <testcase classname="Supplier_SToNoVAT.ScriptVATOnlyBillSToNOVAT_DefaultProfile" name="GoToUrlAssertUrlPositiveEnterUserNamePositiveEnterPasswordClickLoginButtonGoToUrlAssertUrlCl1" time="61.090"/>
  <system-out/>
  <testcase classname="Supplier_SToNoVAT.ScriptVATOnlyBillSToNOVAT_DefaultProfile" name="GoToUrlAssertUrlPositiveEnterUserNamePositiveEnterPasswordClickLoginButtonGoToUrlAssertUrlCl2" time="58.897"/>
  <system-out/>
</testsuite> <!-- Supplier_SToNoVAT.ScriptVATOnlyBillSToNOVAT_DefaultProfile -->
