<?xml version="1.0" encoding="UTF-8"?>
<!-- Generated by org.testng.reporters.JUnitReportReporter -->
<testsuite hostname="OB-Sum" failures="0" tests="2" name="Supplier_FRSToNoVAT.ScriptVATOnlyBill_FRSToNOVAT_DefaultProfile" time="119.809" errors="0" timestamp="2022-02-06T06:55:29 IST" skipped="0">
  <testcase classname="Supplier_FRSToNoVAT.ScriptVATOnlyBill_FRSToNOVAT_DefaultProfile" name="GoToUrlAssertUrlPositiveEnterUserNamePositiveEnterPasswordClickLoginButtonGoToUrlAssertUrlCl2" time="60.393"/>
  <system-out/>
  <testcase classname="Supplier_FRSToNoVAT.ScriptVATOnlyBill_FRSToNOVAT_DefaultProfile" name="GoToUrlAssertUrlPositiveEnterUserNamePositiveEnterPasswordClickLoginButtonGoToUrlAssertUrlCl1" time="59.416"/>
  <system-out/>
</testsuite> <!-- Supplier_FRSToNoVAT.ScriptVATOnlyBill_FRSToNOVAT_DefaultProfile -->
