<?xml version="1.0" encoding="UTF-8"?>
<!-- Generated by org.testng.reporters.JUnitReportReporter -->
<testsuite hostname="OB-Sum" failures="0" tests="1" name="VAT3_InvoiceAdvanceReconcile.ScriptPostVATReturn1stVATReturnReport_DefaultProfilePartioalReconcile_1" time="49.548" errors="0" timestamp="2021-11-25T12:11:10 IST" skipped="0">
  <testcase classname="VAT3_InvoiceAdvanceReconcile.ScriptPostVATReturn1stVATReturnReport_DefaultProfilePartioalReconcile_1" name="GoToUrlAssertUrlPositiveEnterUserNamePositiveEnterPasswordClickLoginButtonGoToUrlAssertUrlCl" time="49.548"/>
  <system-out/>
</testsuite> <!-- VAT3_InvoiceAdvanceReconcile.ScriptPostVATReturn1stVATReturnReport_DefaultProfilePartioalReconcile_1 -->
