<?xml version="1.0" encoding="UTF-8"?>
<!-- Generated by org.testng.reporters.JUnitReportReporter -->
<testsuite hostname="OB-Sum" failures="0" tests="1" name="PartialReconcileForSupplierBillFlatToStand.ScriptStandardToFlat_DefaultProfile" time="62.754" errors="0" timestamp="2022-02-06T06:55:30 IST" skipped="0">
  <testcase classname="PartialReconcileForSupplierBillFlatToStand.ScriptStandardToFlat_DefaultProfile" name="GoToUrlAssertUrlPositiveEnterUserNamePositiveEnterPasswordClickLoginButtonGoToUrlAssertUrlCl1" time="62.754"/>
  <system-out/>
</testsuite> <!-- PartialReconcileForSupplierBillFlatToStand.ScriptStandardToFlat_DefaultProfile -->
