<?xml version="1.0" encoding="UTF-8"?>
<!-- Generated by org.testng.reporters.JUnitReportReporter -->
<testsuite hostname="OB-Sum" failures="0" tests="1" name="Test_Trial_Balance_RE_Jour_Bank_Supp.TC_41_3_ExpenseHead_7602830__JournalEntry_Bank_Supplier" time="99.579" errors="0" timestamp="2022-02-28T17:33:10 IST" skipped="0">
  <testcase classname="Test_Trial_Balance_RE_Jour_Bank_Supp.TC_41_3_ExpenseHead_7602830__JournalEntry_Bank_Supplier" name="GoToUrlAssertUrlPositiveEnternLOGINPositiveEnternPASSClickLoginGoToUrlAssertUrlClickAgentsP3" time="99.579"/>
  <system-out/>
</testsuite> <!-- Test_Trial_Balance_RE_Jour_Bank_Supp.TC_41_3_ExpenseHead_7602830__JournalEntry_Bank_Supplier -->
