<?xml version="1.0" encoding="UTF-8"?>
<!-- Generated by org.testng.reporters.JUnitReportReporter -->
<testsuite hostname="OB-Sum" failures="0" tests="6" name="test.PartialReconciledCases.SaleInToReconcile_DefaultProfile" time="460.756" errors="0" timestamp="2021-12-09T11:24:15 IST" skipped="0">
  <testcase classname="test.PartialReconciledCases.SaleInToReconcile_DefaultProfile" name="GoToUrlAssertUrlPositiveEnternLOGINPositiveEnternPASSClickLoginGoToUrlAssertUrlClickAgentsP2" time="75.703"/>
  <system-out/>
  <testcase classname="test.PartialReconciledCases.SaleInToReconcile_DefaultProfile" name="GoToUrlAssertUrlPositiveEnternLOGINPositiveEnternPASSClickLoginGoToUrlAssertUrlClickAgentsP1" time="78.305"/>
  <system-out/>
  <testcase classname="test.PartialReconciledCases.SaleInToReconcile_DefaultProfile" name="GoToUrlAssertUrlPositiveEnternLOGINPositiveEnternPASSClickLoginGoToUrlAssertUrlClickAgentsP4" time="75.646"/>
  <system-out/>
  <testcase classname="test.PartialReconciledCases.SaleInToReconcile_DefaultProfile" name="GoToUrlAssertUrlPositiveEnternLOGINPositiveEnternPASSClickLoginGoToUrlAssertUrlClickAgentsP3" time="76.499"/>
  <system-out/>
  <testcase classname="test.PartialReconciledCases.SaleInToReconcile_DefaultProfile" name="GoToUrlAssertUrlPositiveEnternLOGINPositiveEnternPASSClickLoginGoToUrlAssertUrlClickAgentsP6" time="76.254"/>
  <system-out/>
  <testcase classname="test.PartialReconciledCases.SaleInToReconcile_DefaultProfile" name="GoToUrlAssertUrlPositiveEnternLOGINPositiveEnternPASSClickLoginGoToUrlAssertUrlClickAgentsP5" time="78.349"/>
  <system-out/>
</testsuite> <!-- test.PartialReconciledCases.SaleInToReconcile_DefaultProfile -->
