<?xml version="1.0" encoding="UTF-8"?>
<!-- Generated by org.testng.reporters.JUnitReportReporter -->
<testsuite hostname="OB-Sum" failures="0" tests="1" name="test.partialReconcileJonralEntryFlatToStand.ScriptVATReturn2stVATReturnReport_SToFRS_DefaultProfile" time="78.424" errors="0" timestamp="2021-12-09T11:24:14 IST" skipped="0">
  <testcase classname="test.partialReconcileJonralEntryFlatToStand.ScriptVATReturn2stVATReturnReport_SToFRS_DefaultProfile" name="GoToUrlAssertUrlPositiveEnterUserNamePositiveEnterPasswordClickLoginButtonGoToUrlAssertUrlCl" time="78.424"/>
  <system-out/>
</testsuite> <!-- test.partialReconcileJonralEntryFlatToStand.ScriptVATReturn2stVATReturnReport_SToFRS_DefaultProfile -->
