<?xml version="1.0" encoding="UTF-8"?>
<!-- Generated by org.testng.reporters.JUnitReportReporter -->
<testsuite hostname="OB-Sum" failures="0" tests="3" name="Supplier_FRStoSTND.ScriptPostVATReturn1stVATReturnReport_DefaultProfile" time="151.067" errors="0" timestamp="2021-12-03T18:49:48 IST" skipped="0">
  <testcase classname="Supplier_FRStoSTND.ScriptPostVATReturn1stVATReturnReport_DefaultProfile" name="GoToUrlAssertUrlPositiveEnterUserNamePositiveEnterPasswordClickLoginButtonGoToUrlAssertUrlCl" time="49.593"/>
  <system-out/>
  <testcase classname="Supplier_FRStoSTND.ScriptPostVATReturn1stVATReturnReport_DefaultProfile" name="GoToUrlAssertUrlPositiveEnterUserNamePositiveEnterPasswordClickLoginButtonGoToUrlAssertUrlCl" time="50.517"/>
  <system-out/>
  <testcase classname="Supplier_FRStoSTND.ScriptPostVATReturn1stVATReturnReport_DefaultProfile" name="GoToUrlAssertUrlPositiveEnterUserNamePositiveEnterPasswordClickLoginButtonGoToUrlAssertUrlCl" time="50.957"/>
  <system-out/>
</testsuite> <!-- Supplier_FRStoSTND.ScriptPostVATReturn1stVATReturnReport_DefaultProfile -->
