<?xml version="1.0" encoding="UTF-8"?>
<!-- Generated by org.testng.reporters.JUnitReportReporter -->
<testsuite hostname="OB-Sum" failures="0" tests="1" name="test.ashiv.TestNewSupplierBillBatch_UserStories" time="61.576" errors="0" timestamp="2021-11-11T17:36:10 IST" skipped="0">
  <testcase classname="test.ashiv.TestNewSupplierBillBatch_UserStories" name="GoToUrlAssertUrlClickExpenditure1ClickViewNew2ClickNewSupplierBillBatch3ClickSave4PositiveSel" time="61.576"/>
  <system-out/>
</testsuite> <!-- test.ashiv.TestNewSupplierBillBatch_UserStories -->
