<?xml version="1.0" encoding="UTF-8"?>
<!-- Generated by org.testng.reporters.JUnitReportReporter -->
<testsuite hostname="OB-Sum" failures="0" tests="1" name="Test_Trial_Balance_Report.LedgerCode_7400_7402_ValuesUnderExpenseHead_JournalEntry_Bank_Supplier" time="63.040" errors="0" timestamp="2021-12-20T21:49:19 IST" skipped="0">
  <testcase classname="Test_Trial_Balance_Report.LedgerCode_7400_7402_ValuesUnderExpenseHead_JournalEntry_Bank_Supplier" name="GoToUrlAssertUrlPositiveEnternLOGINPositiveEnternPASSClickLoginGoToUrlAssertUrlClickAgentsP2" time="63.040"/>
  <system-out/>
</testsuite> <!-- Test_Trial_Balance_Report.LedgerCode_7400_7402_ValuesUnderExpenseHead_JournalEntry_Bank_Supplier -->
