<?xml version="1.0" encoding="UTF-8"?>
<!-- Generated by org.testng.reporters.JUnitReportReporter -->
<testsuite hostname="OB-Sum" failures="0" tests="1" name="FIN_3821.Script_UnprocessRcpt" time="76.513" errors="0" timestamp="2021-07-31T18:58:39 IST" skipped="0">
  <testcase classname="FIN_3821.Script_UnprocessRcpt" name="GoToUrlClickPendingReceiptClickReportsmenu2ClickUnprocessedReceiptslinkClickpdficon" time="76.513"/>
  <system-out/>
</testsuite> <!-- FIN_3821.Script_UnprocessRcpt -->
