<?xml version="1.0" encoding="UTF-8"?>
<!-- Generated by org.testng.reporters.JUnitReportReporter -->
<testsuite hostname="OB-Sum" failures="0" tests="1" name="Test_Income.TC02Email_DefaultProfile" time="54.311" errors="0" timestamp="2021-11-11T20:51:38 IST" skipped="0">
  <testcase classname="Test_Income.TC02Email_DefaultProfile" name="GoToUrlAssertUrlPositiveSelectSelectInvoiceTempPositiveSelectEmailTemplateEnterEntermailidEnte1" time="54.311"/>
  <system-out/>
</testsuite> <!-- Test_Income.TC02Email_DefaultProfile -->
