<?xml version="1.0" encoding="UTF-8"?>
<!-- Generated by org.testng.reporters.JUnitReportReporter -->
<testsuite hostname="OB-Sum" failures="0" tests="1" name="VAT3_ExpenseReimbFullyReconcile.ScriptEditSettingToVATType_DefaultProfile_3" time="55.501" errors="0" timestamp="2021-12-19T01:41:01 IST" skipped="0">
  <testcase classname="VAT3_ExpenseReimbFullyReconcile.ScriptEditSettingToVATType_DefaultProfile_3" name="GoToUrlAssertUrlPositiveEnterUserNamePositiveEnterPasswordClickLoginButtonGoToUrlAssertUrlCl2" time="55.501"/>
  <system-out/>
</testsuite> <!-- VAT3_ExpenseReimbFullyReconcile.ScriptEditSettingToVATType_DefaultProfile_3 -->
