<?xml version="1.0" encoding="UTF-8"?>
<!-- Generated by org.testng.reporters.JUnitReportReporter -->
<testsuite hostname="OB-Yogesh" failures="0" tests="1" name="test.FlatToStandard.ScriptVesrifyByTrialBalancePDFFlatToNoVAT_DefaultProfile" time="48.935" errors="0" timestamp="2021-02-17T20:42:40 IST" skipped="0">
  <testcase classname="test.FlatToStandard.ScriptVesrifyByTrialBalancePDFFlatToNoVAT_DefaultProfile" name="GoToUrlAssertUrlPositiveEnterUserNamePositiveEnterPasswordClickLoginButtonGoToUrlAssertUrlCl" time="48.935"/>
  <system-out/>
</testsuite> <!-- test.FlatToStandard.ScriptVesrifyByTrialBalancePDFFlatToNoVAT_DefaultProfile -->
