<?xml version="1.0" encoding="UTF-8"?>
<!-- Generated by org.testng.reporters.JUnitReportReporter -->
<testsuite hostname="OB-Sum" failures="0" tests="6" name="Supplier_SToNoVAT.ScriptSupplierBillSToNoVAT_DefaultProfile" time="312.146" errors="0" timestamp="2021-12-19T01:41:02 IST" skipped="0">
  <testcase classname="Supplier_SToNoVAT.ScriptSupplierBillSToNoVAT_DefaultProfile" name="GoToUrlAssertUrlPositiveEnterUserNamePositiveEnterPasswordClickLoginButtonGoToUrlAssertUrlCl6" time="55.695"/>
  <system-out/>
  <testcase classname="Supplier_SToNoVAT.ScriptSupplierBillSToNoVAT_DefaultProfile" name="GoToUrlAssertUrlPositiveEnterUserNamePositiveEnterPasswordClickLoginButtonGoToUrlAssertUrlCl1" time="53.735"/>
  <system-out/>
  <testcase classname="Supplier_SToNoVAT.ScriptSupplierBillSToNoVAT_DefaultProfile" name="GoToUrlAssertUrlPositiveEnterUserNamePositiveEnterPasswordClickLoginButtonGoToUrlAssertUrlCl5" time="51.648"/>
  <system-out/>
  <testcase classname="Supplier_SToNoVAT.ScriptSupplierBillSToNoVAT_DefaultProfile" name="GoToUrlAssertUrlPositiveEnterUserNamePositiveEnterPasswordClickLoginButtonGoToUrlAssertUrlCl2" time="50.069"/>
  <system-out/>
  <testcase classname="Supplier_SToNoVAT.ScriptSupplierBillSToNoVAT_DefaultProfile" name="GoToUrlAssertUrlPositiveEnterUserNamePositiveEnterPasswordClickLoginButtonGoToUrlAssertUrlCl3" time="49.990"/>
  <system-out/>
  <testcase classname="Supplier_SToNoVAT.ScriptSupplierBillSToNoVAT_DefaultProfile" name="GoToUrlAssertUrlPositiveEnterUserNamePositiveEnterPasswordClickLoginButtonGoToUrlAssertUrlCl4" time="51.009"/>
  <system-out/>
</testsuite> <!-- Supplier_SToNoVAT.ScriptSupplierBillSToNoVAT_DefaultProfile -->
