<?xml version="1.0" encoding="UTF-8"?>
<!-- Generated by org.testng.reporters.JUnitReportReporter -->
<testsuite hostname="OB-Sum" failures="0" tests="1" name="VAT3.FullREC_F2_Standard.Suppler_EditVATType_Standard1_1" time="50.712" errors="0" timestamp="2021-11-25T20:00:08 IST" skipped="0">
  <testcase classname="VAT3.FullREC_F2_Standard.Suppler_EditVATType_Standard1_1" name="GoToUrlAssertUrlPositiveEnterUserNamePositiveEnterPasswordClickLoginButtonGoToUrlAssertUrlCl2" time="50.712"/>
  <system-out/>
</testsuite> <!-- VAT3.FullREC_F2_Standard.Suppler_EditVATType_Standard1_1 -->
