<?xml version="1.0" encoding="UTF-8"?>
<!-- Generated by org.testng.reporters.JUnitReportReporter -->
<testsuite hostname="OB-Yogesh" failures="0" tests="1" name="PartialReconcileForSupplierBill.ScriptPostVATReturn2stVATReturnReport_DefaultProfile" time="98.720" errors="0" timestamp="2021-04-15T07:15:52 IST" skipped="0">
  <testcase classname="PartialReconcileForSupplierBill.ScriptPostVATReturn2stVATReturnReport_DefaultProfile" name="GoToUrlAssertUrlPositiveEnterUserNamePositiveEnterPasswordClickLoginButtonGoToUrlAssertUrlCl" time="98.720"/>
  <system-out/>
</testsuite> <!-- PartialReconcileForSupplierBill.ScriptPostVATReturn2stVATReturnReport_DefaultProfile -->
