<?xml version="1.0" encoding="UTF-8"?>
<!-- Generated by org.testng.reporters.JUnitReportReporter -->
<testsuite hostname="OB-Sum" failures="0" tests="1" name="Test_Income.TestSimpleInvoiceTemplate_RecallLast_TC02" time="47.148" errors="0" timestamp="2021-11-11T22:07:43 IST" skipped="0">
  <testcase classname="Test_Income.TestSimpleInvoiceTemplate_RecallLast_TC02" name="GoToUrlLoginApplicationWithValidCredentialsClickNewClickCreateInvoiceRecallTheLastChangeInvoiceNo_TC2" time="47.148"/>
  <system-out/>
</testsuite> <!-- Test_Income.TestSimpleInvoiceTemplate_RecallLast_TC02 -->
