<?xml version="1.0" encoding="UTF-8"?>
<!-- Generated by org.testng.reporters.JUnitReportReporter -->
<testsuite hostname="OB-Sum" failures="0" tests="6" name="PartialReconcileForSupplierBillSTOFlat.SaleInToPartialReconcile_SupplierBill_DefaultProfile" time="546.096" errors="0" timestamp="2022-02-06T06:55:37 IST" skipped="0">
  <testcase classname="PartialReconcileForSupplierBillSTOFlat.SaleInToPartialReconcile_SupplierBill_DefaultProfile" name="GoToUrlAssertUrlPositiveEnternLOGINPositiveEnternPASSClickLoginGoToUrlAssertUrlClickAgentsP5" time="93.549"/>
  <system-out/>
  <testcase classname="PartialReconcileForSupplierBillSTOFlat.SaleInToPartialReconcile_SupplierBill_DefaultProfile" name="GoToUrlAssertUrlPositiveEnternLOGINPositiveEnternPASSClickLoginGoToUrlAssertUrlClickAgentsP1" time="90.302"/>
  <system-out/>
  <testcase classname="PartialReconcileForSupplierBillSTOFlat.SaleInToPartialReconcile_SupplierBill_DefaultProfile" name="GoToUrlAssertUrlPositiveEnternLOGINPositiveEnternPASSClickLoginGoToUrlAssertUrlClickAgentsP3" time="86.899"/>
  <system-out/>
  <testcase classname="PartialReconcileForSupplierBillSTOFlat.SaleInToPartialReconcile_SupplierBill_DefaultProfile" name="GoToUrlAssertUrlPositiveEnternLOGINPositiveEnternPASSClickLoginGoToUrlAssertUrlClickAgentsP6" time="93.792"/>
  <system-out/>
  <testcase classname="PartialReconcileForSupplierBillSTOFlat.SaleInToPartialReconcile_SupplierBill_DefaultProfile" name="GoToUrlAssertUrlPositiveEnternLOGINPositiveEnternPASSClickLoginGoToUrlAssertUrlClickAgentsP4" time="91.973"/>
  <system-out/>
  <testcase classname="PartialReconcileForSupplierBillSTOFlat.SaleInToPartialReconcile_SupplierBill_DefaultProfile" name="GoToUrlAssertUrlPositiveEnternLOGINPositiveEnternPASSClickLoginGoToUrlAssertUrlClickAgentsP2" time="89.581"/>
  <system-out/>
</testsuite> <!-- PartialReconcileForSupplierBillSTOFlat.SaleInToPartialReconcile_SupplierBill_DefaultProfile -->
