<?xml version="1.0" encoding="UTF-8"?>
<!-- Generated by org.testng.reporters.JUnitReportReporter -->
<testsuite hostname="OB-Yogesh" failures="0" tests="1" name="test.FlatToFlatPer.ScriptPostVATReturn1stVATReturnReport_FlatToFlatP_DefaultProfile" time="36.233" errors="0" timestamp="2021-02-19T00:35:21 IST" skipped="0">
  <testcase classname="test.FlatToFlatPer.ScriptPostVATReturn1stVATReturnReport_FlatToFlatP_DefaultProfile" name="GoToUrlAssertUrlPositiveEnterUserNamePositiveEnterPasswordClickLoginButtonGoToUrlAssertUrlCl" time="36.233"/>
  <system-out/>
</testsuite> <!-- test.FlatToFlatPer.ScriptPostVATReturn1stVATReturnReport_FlatToFlatP_DefaultProfile -->
