<?xml version="1.0" encoding="UTF-8"?>
<!-- Generated by org.testng.reporters.JUnitReportReporter -->
<testsuite hostname="OB-Sum" failures="0" tests="1" name="test.AdvanceReconcilationFLATTOFLATP.ScriptVATReturn3stVATReturnReport_SToFlat_DefaultProfile" time="47.782" errors="0" timestamp="2021-12-19T01:41:01 IST" skipped="0">
  <testcase classname="test.AdvanceReconcilationFLATTOFLATP.ScriptVATReturn3stVATReturnReport_SToFlat_DefaultProfile" name="GoToUrlAssertUrlPositiveEnterUserNamePositiveEnterPasswordClickLoginButtonGoToUrlAssertUrlCl" time="47.782"/>
  <system-out/>
</testsuite> <!-- test.AdvanceReconcilationFLATTOFLATP.ScriptVATReturn3stVATReturnReport_SToFlat_DefaultProfile -->
