<?xml version="1.0" encoding="UTF-8"?>
<!-- Generated by org.testng.reporters.JUnitReportReporter -->
<testsuite hostname="OB-Sum" failures="0" tests="6" name="test.AdvanceReconcilationFLATTOSTAND.SaleInToReconcile_DefaultProfile" time="462.336" errors="0" timestamp="2021-12-19T01:41:01 IST" skipped="0">
  <testcase classname="test.AdvanceReconcilationFLATTOSTAND.SaleInToReconcile_DefaultProfile" name="GoToUrlAssertUrlPositiveEnternLOGINPositiveEnternPASSClickLoginGoToUrlAssertUrlClickAgentsP6" time="74.382"/>
  <system-out/>
  <testcase classname="test.AdvanceReconcilationFLATTOSTAND.SaleInToReconcile_DefaultProfile" name="GoToUrlAssertUrlPositiveEnternLOGINPositiveEnternPASSClickLoginGoToUrlAssertUrlClickAgentsP3" time="78.954"/>
  <system-out/>
  <testcase classname="test.AdvanceReconcilationFLATTOSTAND.SaleInToReconcile_DefaultProfile" name="GoToUrlAssertUrlPositiveEnternLOGINPositiveEnternPASSClickLoginGoToUrlAssertUrlClickAgentsP2" time="77.639"/>
  <system-out/>
  <testcase classname="test.AdvanceReconcilationFLATTOSTAND.SaleInToReconcile_DefaultProfile" name="GoToUrlAssertUrlPositiveEnternLOGINPositiveEnternPASSClickLoginGoToUrlAssertUrlClickAgentsP5" time="78.078"/>
  <system-out/>
  <testcase classname="test.AdvanceReconcilationFLATTOSTAND.SaleInToReconcile_DefaultProfile" name="GoToUrlAssertUrlPositiveEnternLOGINPositiveEnternPASSClickLoginGoToUrlAssertUrlClickAgentsP4" time="74.778"/>
  <system-out/>
  <testcase classname="test.AdvanceReconcilationFLATTOSTAND.SaleInToReconcile_DefaultProfile" name="GoToUrlAssertUrlPositiveEnternLOGINPositiveEnternPASSClickLoginGoToUrlAssertUrlClickAgentsP1" time="78.505"/>
  <system-out/>
</testsuite> <!-- test.AdvanceReconcilationFLATTOSTAND.SaleInToReconcile_DefaultProfile -->
