<?xml version="1.0" encoding="UTF-8"?>
<!-- Generated by org.testng.reporters.JUnitReportReporter -->
<testsuite hostname="OB-Sum" failures="0" tests="1" name="test.ashiv.TestEnpenseReimbursement_DefaultProfile" time="45.534" errors="0" timestamp="2022-02-21T11:07:27 IST" skipped="0">
  <testcase classname="test.ashiv.TestEnpenseReimbursement_DefaultProfile" name="GoToUrlAssertUrlClickExpenditure1ClickView2ClickExpenseReimbursement3PositiveSelectSelectMonth_8" time="45.534"/>
  <system-out/>
</testsuite> <!-- test.ashiv.TestEnpenseReimbursement_DefaultProfile -->
