<?xml version="1.0" encoding="UTF-8"?>
<!-- Generated by org.testng.reporters.JUnitReportReporter -->
<testsuite hostname="OB-Sum" failures="0" tests="9" name="Test_Income.TestLadgerRecon_DefaultProfile" time="434.855" errors="0" timestamp="2021-11-11T20:51:38 IST" skipped="0">
  <testcase classname="Test_Income.TestLadgerRecon_DefaultProfile" name="GoToUrlClickView2ClickLedgerReconciliation3PositiveSelectAccountType48PositiveSelectAccount59CViwe_TC04" time="62.765"/>
  <system-out/>
  <testcase classname="Test_Income.TestLadgerRecon_DefaultProfile" name="GoToUrlClickView2ClickLedgerReconciliation3PositiveSelectAccountType48PositiveSelectAccount59CViwe_TC07" time="45.184"/>
  <system-out/>
  <testcase classname="Test_Income.TestLadgerRecon_DefaultProfile" name="GoToUrlClickView2ClickLedgerReconciliation3PositiveSelectAccountType48PositiveSelectAccount59CViwe_TC02" time="47.831"/>
  <system-out/>
  <testcase classname="Test_Income.TestLadgerRecon_DefaultProfile" name="GoToUrlClickView2ClickLedgerReconciliation3PositiveSelectAccountType48PositiveSelectAccount59CViwe_TC08" time="42.213"/>
  <system-out/>
  <testcase classname="Test_Income.TestLadgerRecon_DefaultProfile" name="GoToUrlClickView2ClickLedgerReconciliation3PositiveSelectAccountType48PositiveSelectAccount59CViwe_TC09" time="41.765"/>
  <system-out/>
  <testcase classname="Test_Income.TestLadgerRecon_DefaultProfile" name="GoToUrlClickView2ClickLedgerReconciliation3PositiveSelectAccountType48PositiveSelectAccount59CViwe_TC01" time="44.018"/>
  <system-out/>
  <testcase classname="Test_Income.TestLadgerRecon_DefaultProfile" name="GoToUrlClickView2ClickLedgerReconciliation3PositiveSelectAccountType48PositiveSelectAccount59CViwe_TC06" time="56.191"/>
  <system-out/>
  <testcase classname="Test_Income.TestLadgerRecon_DefaultProfile" name="GoToUrlClickView2ClickLedgerReconciliation3PositiveSelectAccountType48PositiveSelectAccount59CViwe_TC05" time="48.320"/>
  <system-out/>
  <testcase classname="Test_Income.TestLadgerRecon_DefaultProfile" name="GoToUrlClickView2ClickLedgerReconciliation3PositiveSelectAccountType48PositiveSelectAccount59CViwe_TC03" time="46.568"/>
  <system-out/>
</testsuite> <!-- Test_Income.TestLadgerRecon_DefaultProfile -->
