<?xml version="1.0" encoding="UTF-8"?>
<!-- Generated by org.testng.reporters.JUnitReportReporter -->
<testsuite hostname="OB-Sum" failures="0" tests="3" name="Test_Balance_RE_Jour_Bank_Supp_3.TC_09_3_BS_FixedAsset_245_To_249_With_Journal_Bank_Supplier" time="284.677" errors="0" timestamp="2022-02-19T09:42:02 IST" skipped="0">
  <testcase classname="Test_Balance_RE_Jour_Bank_Supp_3.TC_09_3_BS_FixedAsset_245_To_249_With_Journal_Bank_Supplier" name="GoToUrlAssertUrlPositiveEnternLOGINPositiveEnternPASSClickLoginGoToUrlAssertUrlClickAgentsP3" time="110.433"/>
  <system-out/>
  <testcase classname="Test_Balance_RE_Jour_Bank_Supp_3.TC_09_3_BS_FixedAsset_245_To_249_With_Journal_Bank_Supplier" name="GoToUrlAssertUrlPositiveEnternLOGINPositiveEnternPASSClickLoginGoToUrlAssertUrlClickAgentsP2" time="119.121"/>
  <system-out/>
  <testcase classname="Test_Balance_RE_Jour_Bank_Supp_3.TC_09_3_BS_FixedAsset_245_To_249_With_Journal_Bank_Supplier" name="GoToUrlAssertUrlPositiveEnternLOGINPositiveEnternPASSClickLoginGoToUrlAssertUrlClickAgentsP1" time="55.123"/>
  <system-out>
    <![CDATA[ledger 1 entered :245 - Plant and Machinery Depreciation B/Fwd
ledger 2 entered :246 - Plant and Machinery Depreciation Disposal
ledger 3 entered :247 - Plant and Machinery Depreciation Revaluations
ledger 4 entered :248 - Plant and Machinery Depreciation Transfers
ledger 5 entered :249 - Plant and Machinery Depreciation Charge
Ledger code verified: Plant and Machinery Depreciation B/Fwd
Amount enter verified: 1,000.00
Ledger code verified: Plant and Machinery Depreciation Disposal
Amount enter verified: 1,000.00
Ledger code verified: Plant and Machinery Depreciation Revaluations
Amount enter verified: 1,000.00
Ledger code verified: Plant and Machinery Depreciation Transfers
Amount enter verified: 1,000.00
Ledger code verified: Plant and Machinery Depreciation Charge
Amount enter verified: (4,000.00)
Enteries are Verified on Balance Sheet Report page :]]>
  </system-out>
</testsuite> <!-- Test_Balance_RE_Jour_Bank_Supp_3.TC_09_3_BS_FixedAsset_245_To_249_With_Journal_Bank_Supplier -->
