<?xml version="1.0" encoding="UTF-8"?>
<!-- Generated by org.testng.reporters.JUnitReportReporter -->
<testsuite hostname="OB-Sum" failures="0" tests="1" name="VAT3_ExpenseReimbFullyReconcile.ScriptSubmitVAT_DefaultProfile_2" time="96.743" errors="0" timestamp="2022-02-06T06:55:33 IST" skipped="0">
  <testcase classname="VAT3_ExpenseReimbFullyReconcile.ScriptSubmitVAT_DefaultProfile_2" name="GoToUrlAssertUrlPositiveEnterUserNamePositiveEnterPasswordClickLoginButtonGoToUrlAssertUrlCl" time="96.743"/>
  <system-out/>
</testsuite> <!-- VAT3_ExpenseReimbFullyReconcile.ScriptSubmitVAT_DefaultProfile_2 -->
