<?xml version="1.0" encoding="UTF-8"?>
<!-- Generated by org.testng.reporters.JUnitReportReporter -->
<testsuite hostname="OB-Sum" failures="0" tests="3" name="Test_Balance_RE_Jour_Bank_Supp_3.TC_08_3_2_BS_FixedAsset_230_To_234_With_Journal_Bank_Supplier" time="281.758" errors="0" timestamp="2022-02-19T09:42:03 IST" skipped="0">
  <testcase classname="Test_Balance_RE_Jour_Bank_Supp_3.TC_08_3_2_BS_FixedAsset_230_To_234_With_Journal_Bank_Supplier" name="GoToUrlAssertUrlPositiveEnternLOGINPositiveEnternPASSClickLoginGoToUrlAssertUrlClickAgentsP3" time="111.322"/>
  <system-out/>
  <testcase classname="Test_Balance_RE_Jour_Bank_Supp_3.TC_08_3_2_BS_FixedAsset_230_To_234_With_Journal_Bank_Supplier" name="GoToUrlAssertUrlPositiveEnternLOGINPositiveEnternPASSClickLoginGoToUrlAssertUrlClickAgentsP2" time="116.060"/>
  <system-out/>
  <testcase classname="Test_Balance_RE_Jour_Bank_Supp_3.TC_08_3_2_BS_FixedAsset_230_To_234_With_Journal_Bank_Supplier" name="GoToUrlAssertUrlPositiveEnternLOGINPositiveEnternPASSClickLoginGoToUrlAssertUrlClickAgentsP1" time="54.376"/>
  <system-out>
    <![CDATA[ledger 1 entered :230 - Short Leasehold Properties Cost B/Fwd
ledger 2 entered :231 - Short Leasehold Properties Additions
ledger 3 entered :232 - Short Leasehold Properties Disposals
ledger 4 entered :233 - Short Leasehold Properties Revaluations
ledger 5 entered :234 - Short Leasehold Properties Transfers
Ledger code verified: Short Leasehold Properties Cost B/Fwd
Amount enter verified: 1,000.00
Ledger code verified: Short Leasehold Properties Additions
Amount enter verified: 1,000.00
Ledger code verified: Short Leasehold Properties Disposals
Amount enter verified: 1,000.00
Ledger code verified: Short Leasehold Properties Revaluations
Amount enter verified: 1,000.00
Ledger code verified: Short Leasehold Properties Transfers
Amount enter verified: (4,000.00)
Enteries are Verified on Balance Sheet Report page :]]>
  </system-out>
</testsuite> <!-- Test_Balance_RE_Jour_Bank_Supp_3.TC_08_3_2_BS_FixedAsset_230_To_234_With_Journal_Bank_Supplier -->
