<?xml version="1.0" encoding="UTF-8"?>
<!-- Generated by org.testng.reporters.JUnitReportReporter -->
<testsuite hostname="OB-Sum" failures="0" tests="1" name="test.PartialReconcilationforOnlySTandardthroughJournalEntry.SaleInToReconcileForJonral_DefaultProfile" time="119.515" errors="0" timestamp="2022-02-07T22:16:17 IST" skipped="0">
  <testcase classname="test.PartialReconcilationforOnlySTandardthroughJournalEntry.SaleInToReconcileForJonral_DefaultProfile" name="GoToUrlAssertUrlPositiveEnternLOGINPositiveEnternPASSClickLoginGoToUrlAssertUrlClickAgentsP4" time="119.515"/>
  <system-out/>
</testsuite> <!-- test.PartialReconcilationforOnlySTandardthroughJournalEntry.SaleInToReconcileForJonral_DefaultProfile -->
