<?xml version="1.0" encoding="UTF-8"?>
<!-- Generated by org.testng.reporters.JUnitReportReporter -->
<testsuite hostname="OB-Sum" failures="0" tests="1" name="Test_Add_LLP.LLP_ADD_ALLTC" time="33.925" errors="0" timestamp="2021-11-23T15:38:12 IST" skipped="0">
  <testcase classname="Test_Add_LLP.LLP_ADD_ALLTC" name="Click_Client_ClickAddClient_HomeSearchlistWillDisplayAsPerTheSearchCriteriaOnASamePageAndAddCompanyPopupWillBeShownRegardingTheBusinessInformation_TC012" time="33.925"/>
  <system-out/>
</testsuite> <!-- Test_Add_LLP.LLP_ADD_ALLTC -->
