<?xml version="1.0" encoding="UTF-8"?>
<!-- Generated by org.testng.reporters.JUnitReportReporter -->
<testsuite hostname="OB-Sum" failures="0" tests="1" name="test.PartialReconcileOnFlatRate.ScriptPostVATReturn3stVATReturnReport_SToFlat_DefaultProfile" time="46.189" errors="0" timestamp="2021-12-19T01:41:00 IST" skipped="0">
  <testcase classname="test.PartialReconcileOnFlatRate.ScriptPostVATReturn3stVATReturnReport_SToFlat_DefaultProfile" name="GoToUrlAssertUrlPositiveEnterUserNamePositiveEnterPasswordClickLoginButtonGoToUrlAssertUrlCl" time="46.189"/>
  <system-out/>
</testsuite> <!-- test.PartialReconcileOnFlatRate.ScriptPostVATReturn3stVATReturnReport_SToFlat_DefaultProfile -->
