<?xml version="1.0" encoding="UTF-8"?>
<!-- Generated by org.testng.reporters.JUnitReportReporter -->
<testsuite hostname="OB-Sum" failures="0" tests="1" name="test.FlatToFlatPer.ScriptEditVATFlatP_DefaultProfile" time="62.769" errors="0" timestamp="2022-02-06T06:55:32 IST" skipped="0">
  <testcase classname="test.FlatToFlatPer.ScriptEditVATFlatP_DefaultProfile" name="GoToUrlAssertUrlPositiveEnterUserNamePositiveEnterPasswordClickLoginButtonGoToUrlAssertUrlCl3" time="62.769"/>
  <system-out/>
</testsuite> <!-- test.FlatToFlatPer.ScriptEditVATFlatP_DefaultProfile -->
