<?xml version="1.0" encoding="UTF-8"?>
<!-- Generated by org.testng.reporters.JUnitReportReporter -->
<testsuite hostname="OB-Sum" failures="0" tests="1" name="Supplier_STNDToFRS.ScriptStandardToFlat_DefaultProfile" time="63.670" errors="0" timestamp="2022-02-06T06:55:30 IST" skipped="0">
  <testcase classname="Supplier_STNDToFRS.ScriptStandardToFlat_DefaultProfile" name="GoToUrlAssertUrlPositiveEnterUserNamePositiveEnterPasswordClickLoginButtonGoToUrlAssertUrlCl1" time="63.670"/>
  <system-out/>
</testsuite> <!-- Supplier_STNDToFRS.ScriptStandardToFlat_DefaultProfile -->
