<?xml version="1.0" encoding="UTF-8"?>
<!-- Generated by org.testng.reporters.JUnitReportReporter -->
<testsuite hostname="OB-Sum" failures="0" tests="1" name="VAT3_ExpensesReinbr.ScriptVATReturn3stVATReturnReport_SToFRS_DefaultProfile_3" time="50.468" errors="0" timestamp="2021-12-19T01:40:59 IST" skipped="0">
  <testcase classname="VAT3_ExpensesReinbr.ScriptVATReturn3stVATReturnReport_SToFRS_DefaultProfile_3" name="GoToUrlAssertUrlPositiveEnterUserNamePositiveEnterPasswordClickLoginButtonGoToUrlAssertUrlCl" time="50.468"/>
  <system-out/>
</testsuite> <!-- VAT3_ExpensesReinbr.ScriptVATReturn3stVATReturnReport_SToFRS_DefaultProfile_3 -->
