<?xml version="1.0" encoding="UTF-8"?>
<!-- Generated by org.testng.reporters.JUnitReportReporter -->
<testsuite hostname="OB-Yogesh" failures="0" tests="1" name="VAT3_InvoiceUnreconcileCases.ScriptSubmitVAT_DefaultProfile_5" time="90.727" errors="0" timestamp="2021-05-30T10:53:28 IST" skipped="0">
  <testcase classname="VAT3_InvoiceUnreconcileCases.ScriptSubmitVAT_DefaultProfile_5" name="GoToUrlAssertUrlPositiveEnterUserNamePositiveEnterPasswordClickLoginButtonGoToUrlAssertUrlCl" time="90.727"/>
  <system-out/>
</testsuite> <!-- VAT3_InvoiceUnreconcileCases.ScriptSubmitVAT_DefaultProfile_5 -->
