<?xml version="1.0" encoding="UTF-8"?>
<!-- Generated by org.testng.reporters.JUnitReportReporter -->
<testsuite hostname="OB-Sum" failures="0" tests="1" name="Supplier_FRSToStandard.ScriptVesrifyByTrialBalancePDFDefaultProfile_DefaultProfile" time="44.939" errors="0" timestamp="2021-12-19T01:40:59 IST" skipped="0">
  <testcase classname="Supplier_FRSToStandard.ScriptVesrifyByTrialBalancePDFDefaultProfile_DefaultProfile" name="GoToUrlAssertUrlPositiveEnterUserNamePositiveEnterPasswordClickLoginButtonGoToUrlAssertUrlCl" time="44.939"/>
  <system-out/>
</testsuite> <!-- Supplier_FRSToStandard.ScriptVesrifyByTrialBalancePDFDefaultProfile_DefaultProfile -->
