<?xml version="1.0" encoding="UTF-8"?>
<!-- Generated by org.testng.reporters.JUnitReportReporter -->
<testsuite hostname="OB-Sum" failures="0" tests="1" name="AdvanceReconcileByBankForSupplierBillStandToNoVAT.ScriptVATReturn2stVATReturnReport_SToFRS_DefaultProfile" time="73.573" errors="0" timestamp="2022-02-06T06:55:29 IST" skipped="0">
  <testcase classname="AdvanceReconcileByBankForSupplierBillStandToNoVAT.ScriptVATReturn2stVATReturnReport_SToFRS_DefaultProfile" name="GoToUrlAssertUrlPositiveEnterUserNamePositiveEnterPasswordClickLoginButtonGoToUrlAssertUrlCl" time="73.573"/>
  <system-out/>
</testsuite> <!-- AdvanceReconcileByBankForSupplierBillStandToNoVAT.ScriptVATReturn2stVATReturnReport_SToFRS_DefaultProfile -->
