<?xml version="1.0" encoding="UTF-8"?>
<!-- Generated by org.testng.reporters.JUnitReportReporter -->
<testsuite hostname="OB-Yogesh" failures="0" tests="1" name="test.FlatToStandard.ScriptPostVATReturn1stVATReturnReport_FlatToStandard_DefaultProfile" time="37.428" errors="0" timestamp="2021-02-17T13:05:06 IST" skipped="0">
  <testcase classname="test.FlatToStandard.ScriptPostVATReturn1stVATReturnReport_FlatToStandard_DefaultProfile" name="GoToUrlAssertUrlPositiveEnterUserNamePositiveEnterPasswordClickLoginButtonGoToUrlAssertUrlCl" time="37.428"/>
  <system-out/>
</testsuite> <!-- test.FlatToStandard.ScriptPostVATReturn1stVATReturnReport_FlatToStandard_DefaultProfile -->
