<?xml version="1.0" encoding="UTF-8"?>
<!-- Generated by org.testng.reporters.JUnitReportReporter -->
<testsuite hostname="OB-Yogesh" failures="0" tests="1" name="test.AdvanceReconcilationSTOFLAT.ScriptEditSettingToVATType_DefaultProfile" time="78.287" errors="0" timestamp="2021-04-08T10:36:55 IST" skipped="0">
  <testcase classname="test.AdvanceReconcilationSTOFLAT.ScriptEditSettingToVATType_DefaultProfile" name="GoToUrlAssertUrlPositiveEnterUserNamePositiveEnterPasswordClickLoginButtonGoToUrlAssertUrlCl2" time="78.287"/>
  <system-out/>
</testsuite> <!-- test.AdvanceReconcilationSTOFLAT.ScriptEditSettingToVATType_DefaultProfile -->
