<?xml version="1.0" encoding="UTF-8"?>
<!-- Generated by org.testng.reporters.JUnitReportReporter -->
<testsuite hostname="OB-Sum" failures="0" tests="1" name="Test_Trial_Balance_RE_Jour_Bank_Supp_3.TC_31_2_BS_CreditDueWithinOneYear_2040_50_70_80_With_Journal_Bank" time="75.352" errors="0" timestamp="2022-01-18T18:19:37 IST" skipped="0">
  <testcase classname="Test_Trial_Balance_RE_Jour_Bank_Supp_3.TC_31_2_BS_CreditDueWithinOneYear_2040_50_70_80_With_Journal_Bank" name="GoToUrlAssertUrlPositiveEnternLOGINPositiveEnternPASSClickLoginGoToUrlAssertUrlClickAgentsP1" time="75.352"/>
  <system-out>
    <![CDATA[ledger 1 entered :2040 - Hire Purchases
ledger 2 entered :2050 - Payments Received on Account
ledger 3 entered :2070 - Bills of Exchange Payable
ledger 4 entered :2080 - Adjustment Account
Ledger code verified: Hire Purchases
Amount enter verified: 1,000.00
Ledger code verified: Payments Received on Account
Amount enter verified: 1,000.00
Ledger code verified: Bills of Exchange Payable
Amount enter verified: 1,000.00
Ledger code verified: Adjustment Account
Amount enter verified: (3,000.00)
Enteries are Verified on Balance Sheet Report page :]]>
  </system-out>
</testsuite> <!-- Test_Trial_Balance_RE_Jour_Bank_Supp_3.TC_31_2_BS_CreditDueWithinOneYear_2040_50_70_80_With_Journal_Bank -->
