<?xml version="1.0" encoding="UTF-8"?>
<!-- Generated by org.testng.reporters.JUnitReportReporter -->
<testsuite hostname="OB-Sum" failures="0" tests="1" name="Supplier_FRSToStandard.ScriptVerifySupplierAddRecord_FRSTOStandard_DefaultProfile" time="103.509" errors="0" timestamp="2021-12-19T01:41:00 IST" skipped="0">
  <testcase classname="Supplier_FRSToStandard.ScriptVerifySupplierAddRecord_FRSTOStandard_DefaultProfile" name="GoToUrlAssertUrlPositiveEnterUserNamePositiveEnterPasswordClickLoginButtonGoToUrlAssertUrlCl" time="103.509"/>
  <system-out/>
</testsuite> <!-- Supplier_FRSToStandard.ScriptVerifySupplierAddRecord_FRSTOStandard_DefaultProfile -->
