<?xml version="1.0" encoding="UTF-8"?>
<!-- Generated by org.testng.reporters.JUnitReportReporter -->
<testsuite hostname="OB-Yogesh" failures="0" tests="6" name="VATPhase3.BankingTr_VATPH3_FlatToStandDefaultProfile" time="379.427" errors="0" timestamp="2021-05-04T20:20:32 IST" skipped="0">
  <testcase classname="VATPhase3.BankingTr_VATPH3_FlatToStandDefaultProfile" name="GoToUrlAssertUrlPositiveEnternLOGINPositiveEnternPASSClickLoginGoToUrlAssertUrlClickAgentsP2" time="56.228"/>
  <system-out/>
  <testcase classname="VATPhase3.BankingTr_VATPH3_FlatToStandDefaultProfile" name="GoToUrlAssertUrlPositiveEnternLOGINPositiveEnternPASSClickLoginGoToUrlAssertUrlClickAgentsP3" time="56.021"/>
  <system-out/>
  <testcase classname="VATPhase3.BankingTr_VATPH3_FlatToStandDefaultProfile" name="GoToUrlAssertUrlPositiveEnternLOGINPositiveEnternPASSClickLoginGoToUrlAssertUrlClickAgentsP4" time="57.531"/>
  <system-out/>
  <testcase classname="VATPhase3.BankingTr_VATPH3_FlatToStandDefaultProfile" name="GoToUrlAssertUrlPositiveEnternLOGINPositiveEnternPASSClickLoginGoToUrlAssertUrlClickAgentsP5" time="66.272"/>
  <system-out/>
  <testcase classname="VATPhase3.BankingTr_VATPH3_FlatToStandDefaultProfile" name="GoToUrlAssertUrlPositiveEnternLOGINPositiveEnternPASSClickLoginGoToUrlAssertUrlClickAgentsP6" time="63.102"/>
  <system-out/>
  <testcase classname="VATPhase3.BankingTr_VATPH3_FlatToStandDefaultProfile" name="GoToUrlAssertUrlPositiveEnternLOGINPositiveEnternPASSClickLoginGoToUrlAssertUrlClickAgentsP1" time="80.273"/>
  <system-out/>
</testsuite> <!-- VATPhase3.BankingTr_VATPH3_FlatToStandDefaultProfile -->
