<?xml version="1.0" encoding="UTF-8"?>
<!-- Generated by org.testng.reporters.JUnitReportReporter -->
<testsuite hostname="OB-Sum" failures="0" tests="1" name="Test_Trial_Balance_Report.TC_01_LadgerCode_7016_7400_2091_Report" time="119.700" errors="0" timestamp="2021-12-30T18:09:35 IST" skipped="0">
  <testcase classname="Test_Trial_Balance_Report.TC_01_LadgerCode_7016_7400_2091_Report" name="GoToUrlAssertUrlPositiveEnternLOGINPositiveEnternPASSClickLoginGoToUrlAssertUrlClickAgentsP1_TC_01_LadgerCode_7016_7400_2091_Report" time="119.700"/>
  <system-out/>
</testsuite> <!-- Test_Trial_Balance_Report.TC_01_LadgerCode_7016_7400_2091_Report -->
