<?xml version="1.0" encoding="UTF-8"?>
<!-- Generated by org.testng.reporters.JUnitReportReporter -->
<testsuite hostname="OB-Sum" failures="0" tests="1" name="test.ashiv.Testunpross_DefaultProfile" time="149.848" errors="0" timestamp="2021-10-18T17:06:41 IST" skipped="0">
  <testcase classname="test.ashiv.Testunpross_DefaultProfile" name="GoToUrlClickView2ClickUnprocessedReceipts3ClickUploadReceipt4Enterctl00cPHFileUpload5ClickUplo" time="149.848"/>
  <system-out/>
</testsuite> <!-- test.ashiv.Testunpross_DefaultProfile -->
