<?xml version="1.0" encoding="UTF-8"?>
<!-- Generated by org.testng.reporters.JUnitReportReporter -->
<testsuite hostname="OB-Sum" failures="0" tests="2" name="test.partialReconcileJonralEntrySToFlat.VATOnlyToReconcileForJonral_DefaultProfile" time="224.855" errors="0" timestamp="2022-02-07T19:49:31 IST" skipped="0">
  <testcase classname="test.partialReconcileJonralEntrySToFlat.VATOnlyToReconcileForJonral_DefaultProfile" name="GoToUrlAssertUrlPositiveEnternLOGINPositiveEnternPASSClickLoginGoToUrlAssertUrlClickAgentsP1" time="113.643"/>
  <system-out/>
  <testcase classname="test.partialReconcileJonralEntrySToFlat.VATOnlyToReconcileForJonral_DefaultProfile" name="GoToUrlAssertUrlPositiveEnternLOGINPositiveEnternPASSClickLoginGoToUrlAssertUrlClickAgentsP2" time="111.212"/>
  <system-out/>
</testsuite> <!-- test.partialReconcileJonralEntrySToFlat.VATOnlyToReconcileForJonral_DefaultProfile -->
