<?xml version="1.0" encoding="UTF-8"?>
<!-- Generated by org.testng.reporters.JUnitReportReporter -->
<testsuite hostname="OB-Sum" failures="0" tests="2" name="tests.BalanceSheet_Bf.TC_51_BSBFCreditorDueWithinYear20902095_DefaultProfile" time="338.033" errors="0" timestamp="2022-03-03T17:00:05 IST" skipped="0">
  <testcase classname="tests.BalanceSheet_Bf.TC_51_BSBFCreditorDueWithinYear20902095_DefaultProfile" name="GoToUrlAssertUrlPositiveEnternLOGINPositiveEnternPASSClickLoginGoToUrlAssertUrlClickAgentsP1" time="167.911"/>
  <system-out>
    <![CDATA[Accounting Period Status : Account UnClosed 
Accounting Period Status : Account UnLocked
ledger 1 entered :2090 - Pension Schemes
ledger 2 entered :2091 - Accruals
ledger 3 entered :2092 - Deferred Income
ledger 4 entered :2093 - Grants
ledger 5 entered :2095 - Amounts Owed to Group Companies
ledger 5 entered :1400 - Default Bank
Accounting Period Status :- Account period closed
Ledger code verified: Pension Schemes
Amount enter verified: 1,100.00
Ledger code verified: Accruals
Amount enter verified: 1,200.00
Ledger code verified: Deferred Income
Amount enter verified: 1,300.00
Ledger code verified: Grants
Amount enter verified: 1,400.00
Ledger code verified: Amounts Owed to Group Companies
Amount enter verified: 1,500.00
Enteries are Verified on Balance Sheet Report page :]]>
  </system-out>
  <testcase classname="tests.BalanceSheet_Bf.TC_51_BSBFCreditorDueWithinYear20902095_DefaultProfile" name="GoToUrlAssertUrlPositiveEnternLOGINPositiveEnternPASSClickLoginGoToUrlAssertUrlClickAgentsP3" time="170.122"/>
  <system-out>
    <![CDATA[Accounting Period Status : Account UnClosed 
Accounting Period Status : Account UnLocked
Accounting Period Status :- Account period closed]]>
  </system-out>
</testsuite> <!-- tests.BalanceSheet_Bf.TC_51_BSBFCreditorDueWithinYear20902095_DefaultProfile -->
