<?xml version="1.0" encoding="UTF-8"?>
<!-- Generated by org.testng.reporters.JUnitReportReporter -->
<testsuite hostname="OB-Sum" failures="0" tests="2" name="tests.BalanceSheet_Bf.TC_42_BSBFTaxation11011102_DefaultProfile_JBEI" time="286.202" errors="0" timestamp="2022-03-03T17:24:48 IST" skipped="0">
  <testcase classname="tests.BalanceSheet_Bf.TC_42_BSBFTaxation11011102_DefaultProfile_JBEI" name="GoToUrlAssertUrlPositiveEnternLOGINPositiveEnternPASSClickLoginGoToUrlAssertUrlClickAgentsP1" time="163.656"/>
  <system-out>
    <![CDATA[Accounting Period Status :- Account period closed
Ledger code verified: Input VAT
Ledger code verified: Output VAT
Deffered input Vat amount verified: 166.67
Deffered Output Vat amount verified: (400.00)
Enteries are Verified on Balance Sheet Report page :]]>
  </system-out>
  <testcase classname="tests.BalanceSheet_Bf.TC_42_BSBFTaxation11011102_DefaultProfile_JBEI" name="GoToUrlAssertUrlPositiveEnternLOGINPositiveEnternPASSClickLoginGoToUrlAssertUrlClickAgentsP2" time="122.546"/>
  <system-out>
    <![CDATA[ledger 1 entered :1101 - Input VAT
ledger 2 entered :1102 - Output VAT
ledger 3 entered :1400 - Default Bank
Accounting Period Status :- Account period closed
Ledger code verified: Input VAT
Amount enter verified: 1,000.00
Ledger code verified: Output VAT
Amount enter verified: 1,100.00
Enteries are Verified on Balance Sheet Report page :
Ledger code verified: Input VAT
Amount enter verified: 1,000.00
Ledger code verified: Output VAT
Amount enter verified: 1,100.00
Enteries are Verified on Balance Sheet Report page :]]>
  </system-out>
</testsuite> <!-- tests.BalanceSheet_Bf.TC_42_BSBFTaxation11011102_DefaultProfile_JBEI -->
