<?xml version="1.0" encoding="UTF-8"?>
<!-- Generated by org.testng.reporters.JUnitReportReporter -->
<testsuite hostname="OB-Sum" failures="0" tests="1" name="VATPhase3_Banking_ToSale.Script_FlatToStand_PostVATReturn2stVATReturnReport_DefaultProfile_2" time="66.419" errors="0" timestamp="2021-12-19T01:41:02 IST" skipped="0">
  <testcase classname="VATPhase3_Banking_ToSale.Script_FlatToStand_PostVATReturn2stVATReturnReport_DefaultProfile_2" name="GoToUrlAssertUrlPositiveEnterUserNamePositiveEnterPasswordClickLoginButtonGoToUrlAssertUrlCl" time="66.419"/>
  <system-out/>
</testsuite> <!-- VATPhase3_Banking_ToSale.Script_FlatToStand_PostVATReturn2stVATReturnReport_DefaultProfile_2 -->
