<?xml version="1.0" encoding="UTF-8"?>
<!-- Generated by org.testng.reporters.JUnitReportReporter -->
<testsuite hostname="OB-Sum" failures="0" tests="6" name="test.FlatToStandard.Script_Invoice_FlatToStandard_DefaultProfile" time="341.812" errors="0" timestamp="2021-12-19T01:41:01 IST" skipped="0">
  <testcase classname="test.FlatToStandard.Script_Invoice_FlatToStandard_DefaultProfile" name="GoToUrlAssertUrlPositiveEnterUserNamePositiveEnterPasswordClickLoginButtonGoToUrlAssertUrlCl5" time="54.656"/>
  <system-out/>
  <testcase classname="test.FlatToStandard.Script_Invoice_FlatToStandard_DefaultProfile" name="GoToUrlAssertUrlPositiveEnterUserNamePositiveEnterPasswordClickLoginButtonGoToUrlAssertUrlCl2" time="62.669"/>
  <system-out/>
  <testcase classname="test.FlatToStandard.Script_Invoice_FlatToStandard_DefaultProfile" name="GoToUrlAssertUrlPositiveEnterUserNamePositiveEnterPasswordClickLoginButtonGoToUrlAssertUrlCl3" time="56.245"/>
  <system-out/>
  <testcase classname="test.FlatToStandard.Script_Invoice_FlatToStandard_DefaultProfile" name="GoToUrlAssertUrlPositiveEnterUserNamePositiveEnterPasswordClickLoginButtonGoToUrlAssertUrlCl1" time="54.923"/>
  <system-out/>
  <testcase classname="test.FlatToStandard.Script_Invoice_FlatToStandard_DefaultProfile" name="GoToUrlAssertUrlPositiveEnterUserNamePositiveEnterPasswordClickLoginButtonGoToUrlAssertUrlCl6" time="56.418"/>
  <system-out/>
  <testcase classname="test.FlatToStandard.Script_Invoice_FlatToStandard_DefaultProfile" name="GoToUrlAssertUrlPositiveEnterUserNamePositiveEnterPasswordClickLoginButtonGoToUrlAssertUrlCl4" time="56.901"/>
  <system-out/>
</testsuite> <!-- test.FlatToStandard.Script_Invoice_FlatToStandard_DefaultProfile -->
