<?xml version="1.0" encoding="UTF-8"?>
<!-- Generated by org.testng.reporters.JUnitReportReporter -->
<testsuite hostname="OB-Sum" failures="0" tests="2" name="Test_Trial_Balance_RE_Jour_Bank_Supp_3.TC_39_2_BS_ShareCapital_3000_3001_With_Journal_Bank" time="160.348" errors="0" timestamp="2022-01-18T16:59:19 IST" skipped="0">
  <testcase classname="Test_Trial_Balance_RE_Jour_Bank_Supp_3.TC_39_2_BS_ShareCapital_3000_3001_With_Journal_Bank" name="GoToUrlAssertUrlPositiveEnternLOGINPositiveEnternPASSClickLoginGoToUrlAssertUrlClickAgentsP1" time="68.752"/>
  <system-out>
    <![CDATA[ledger 1 entered :3000 - Called up Share Capital
ledger 2 entered :1103 - Deferred Input VAT
Ledger code verified: Called up Share Capital
Ledger code verified: Deferred Input VAT
Enteries are Verified on Balance Sheet Report page :]]>
  </system-out>
  <testcase classname="Test_Trial_Balance_RE_Jour_Bank_Supp_3.TC_39_2_BS_ShareCapital_3000_3001_With_Journal_Bank" name="GoToUrlAssertUrlPositiveEnternLOGINPositiveEnternPASSClickLoginGoToUrlAssertUrlClickAgentsP3" time="91.596"/>
  <system-out/>
</testsuite> <!-- Test_Trial_Balance_RE_Jour_Bank_Supp_3.TC_39_2_BS_ShareCapital_3000_3001_With_Journal_Bank -->
