<?xml version="1.0" encoding="UTF-8"?>
<!-- Generated by org.testng.reporters.JUnitReportReporter -->
<testsuite hostname="OB-Sum" failures="0" tests="4" name="Test_AS_Advance_Reconcilation.Test_Advance_Reconcilation_JournalEntry_TC" time="268.251" errors="0" timestamp="2021-11-12T00:17:36 IST" skipped="0">
  <testcase classname="Test_AS_Advance_Reconcilation.Test_Advance_Reconcilation_JournalEntry_TC" name="GoToUrlAssertUrlPositiveEnternLOGINPositiveEnternPASSClickLoginGoToUrlAssertUrlClickAgentsTC03" time="54.511"/>
  <system-out/>
  <testcase classname="Test_AS_Advance_Reconcilation.Test_Advance_Reconcilation_JournalEntry_TC" name="GoToUrlAssertUrlPositiveEnternLOGINPositiveEnternPASSClickLoginGoToUrlAssertUrlClickAgentsTC01" time="116.015"/>
  <system-out/>
  <testcase classname="Test_AS_Advance_Reconcilation.Test_Advance_Reconcilation_JournalEntry_TC" name="GoToUrlAssertUrlPositiveEnternLOGINPositiveEnternPASSClickLoginGoToUrlAssertUrlClickAgentsTC04" time="49.858"/>
  <system-out/>
  <testcase classname="Test_AS_Advance_Reconcilation.Test_Advance_Reconcilation_JournalEntry_TC" name="GoToUrlAssertUrlPositiveEnternLOGINPositiveEnternPASSClickLoginGoToUrlAssertUrlClickAgentsTC02" time="47.867"/>
  <system-out/>
</testsuite> <!-- Test_AS_Advance_Reconcilation.Test_Advance_Reconcilation_JournalEntry_TC -->
