<?xml version="1.0" encoding="UTF-8"?>
<!-- Generated by org.testng.reporters.JUnitReportReporter -->
<testsuite hostname="OB-Sum" failures="0" tests="1" name="test.PartialReconciledCases.ScriptVATReturn2stVATReturnReport_SToFlat_DefaultProfile" time="72.853" errors="0" timestamp="2022-02-06T06:55:29 IST" skipped="0">
  <testcase classname="test.PartialReconciledCases.ScriptVATReturn2stVATReturnReport_SToFlat_DefaultProfile" name="GoToUrlAssertUrlPositiveEnterUserNamePositiveEnterPasswordClickLoginButtonGoToUrlAssertUrlCl" time="72.853"/>
  <system-out/>
</testsuite> <!-- test.PartialReconciledCases.ScriptVATReturn2stVATReturnReport_SToFlat_DefaultProfile -->
