<?xml version="1.0" encoding="UTF-8"?>
<!-- Generated by org.testng.reporters.JUnitReportReporter -->
<testsuite hostname="OB-Sum" failures="0" tests="1" name="tests.Receive_Payment.SaleInvoice_nuinvoice" time="79.182" errors="0" timestamp="2022-02-21T12:05:03 IST" skipped="0">
  <testcase classname="tests.Receive_Payment.SaleInvoice_nuinvoice" name="ClickSaleNewmenu1PositiveSelectNuInvCustomer1PositiveEnterNuInvInvoiceDate2PositiveEnterNuInvDue91" time="79.182"/>
  <system-out/>
</testsuite> <!-- tests.Receive_Payment.SaleInvoice_nuinvoice -->
