<?xml version="1.0" encoding="UTF-8"?>
<!-- Generated by org.testng.reporters.JUnitReportReporter -->
<testsuite hostname="OB-Sum" failures="0" tests="2" name="VAT2.S2NoVAT.S2noVAT_SaleInToReconcileForVATOnly_StoF_33" time="192.998" errors="0" timestamp="2021-12-19T01:41:01 IST" skipped="0">
  <testcase classname="VAT2.S2NoVAT.S2noVAT_SaleInToReconcileForVATOnly_StoF_33" name="GoToUrlAssertUrlPositiveEnternLOGINPositiveEnternPASSClickLoginGoToUrlAssertUrlClickAgentsP2" time="98.041"/>
  <system-out/>
  <testcase classname="VAT2.S2NoVAT.S2noVAT_SaleInToReconcileForVATOnly_StoF_33" name="GoToUrlAssertUrlPositiveEnternLOGINPositiveEnternPASSClickLoginGoToUrlAssertUrlClickAgentsP1" time="94.957"/>
  <system-out/>
</testsuite> <!-- VAT2.S2NoVAT.S2noVAT_SaleInToReconcileForVATOnly_StoF_33 -->
