<?xml version="1.0" encoding="UTF-8"?>
<!-- Generated by org.testng.reporters.JUnitReportReporter -->
<testsuite hostname="OB-Sum" failures="0" tests="6" name="VAT3_UnReconciled_STOF.UN_ReconcileForDebitNote_1" time="307.389" errors="0" timestamp="2021-12-20T15:02:00 IST" skipped="0">
  <testcase classname="VAT3_UnReconciled_STOF.UN_ReconcileForDebitNote_1" name="GoToUrlAssertUrlPositiveEnternLOGINPositiveEnternPASSClickLoginGoToUrlAssertUrlClickAgentsP1" time="50.413"/>
  <system-out/>
  <testcase classname="VAT3_UnReconciled_STOF.UN_ReconcileForDebitNote_1" name="GoToUrlAssertUrlPositiveEnternLOGINPositiveEnternPASSClickLoginGoToUrlAssertUrlClickAgentsP7" time="49.991"/>
  <system-out/>
  <testcase classname="VAT3_UnReconciled_STOF.UN_ReconcileForDebitNote_1" name="GoToUrlAssertUrlPositiveEnternLOGINPositiveEnternPASSClickLoginGoToUrlAssertUrlClickAgentsP6" time="54.042"/>
  <system-out/>
  <testcase classname="VAT3_UnReconciled_STOF.UN_ReconcileForDebitNote_1" name="GoToUrlAssertUrlPositiveEnternLOGINPositiveEnternPASSClickLoginGoToUrlAssertUrlClickAgentsP3" time="51.091"/>
  <system-out/>
  <testcase classname="VAT3_UnReconciled_STOF.UN_ReconcileForDebitNote_1" name="GoToUrlAssertUrlPositiveEnternLOGINPositiveEnternPASSClickLoginGoToUrlAssertUrlClickAgentsP71" time="51.196"/>
  <system-out/>
  <testcase classname="VAT3_UnReconciled_STOF.UN_ReconcileForDebitNote_1" name="GoToUrlAssertUrlPositiveEnternLOGINPositiveEnternPASSClickLoginGoToUrlAssertUrlClickAgentsP2" time="50.656"/>
  <system-out/>
</testsuite> <!-- VAT3_UnReconciled_STOF.UN_ReconcileForDebitNote_1 -->
