<?xml version="1.0" encoding="UTF-8"?>
<!-- Generated by org.testng.reporters.JUnitReportReporter -->
<testsuite hostname="OB-Yogesh" failures="0" tests="1" name="test.FlatToStandard.ScriptVATReturn2stVATReturnReport_FlatToStandard_DefaultProfile" time="63.497" errors="0" timestamp="2021-02-11T19:24:58 IST" skipped="0">
  <testcase classname="test.FlatToStandard.ScriptVATReturn2stVATReturnReport_FlatToStandard_DefaultProfile" name="GoToUrlAssertUrlPositiveEnterUserNamePositiveEnterPasswordClickLoginButtonGoToUrlAssertUrlCl" time="63.497"/>
  <system-out/>
</testsuite> <!-- test.FlatToStandard.ScriptVATReturn2stVATReturnReport_FlatToStandard_DefaultProfile -->
