<?xml version="1.0" encoding="UTF-8"?>
<!-- Generated by org.testng.reporters.JUnitReportReporter -->
<testsuite hostname="OB-Sum" failures="0" tests="1" name="VATPhase3_Banking_allocateToExp.ScriptFlatToFlatP_StandToNoVAT_DefaultProfile_4" time="64.925" errors="0" timestamp="2022-02-06T06:55:34 IST" skipped="0">
  <testcase classname="VATPhase3_Banking_allocateToExp.ScriptFlatToFlatP_StandToNoVAT_DefaultProfile_4" name="GoToUrlAssertUrlPositiveEnterUserNamePositiveEnterPasswordClickLoginButtonGoToUrlAssertUrlCl1" time="64.925"/>
  <system-out/>
</testsuite> <!-- VATPhase3_Banking_allocateToExp.ScriptFlatToFlatP_StandToNoVAT_DefaultProfile_4 -->
