<?xml version="1.0" encoding="UTF-8"?>
<!-- Generated by org.testng.reporters.JUnitReportReporter -->
<testsuite hostname="OB-Sum" failures="0" tests="1" name="test.PartialReconcileOnStandard.ScriptEditSettingToVATType_DefaultProfile" time="53.966" errors="0" timestamp="2021-12-19T01:41:00 IST" skipped="0">
  <testcase classname="test.PartialReconcileOnStandard.ScriptEditSettingToVATType_DefaultProfile" name="GoToUrlAssertUrlPositiveEnterUserNamePositiveEnterPasswordClickLoginButtonGoToUrlAssertUrlCl2" time="53.966"/>
  <system-out/>
</testsuite> <!-- test.PartialReconcileOnStandard.ScriptEditSettingToVATType_DefaultProfile -->
