<?xml version="1.0" encoding="UTF-8"?>
<!-- Generated by org.testng.reporters.JUnitReportReporter -->
<testsuite hostname="OB-Sum" failures="0" tests="3" name="Test_Trial_Balance_RE_Jour_Bank_Supp_3.TC_09_3_2_BS_FixedAsset_240_To_244_With_Journal_Bank_Supplier" time="321.379" errors="0" timestamp="2022-01-18T16:59:19 IST" skipped="0">
  <testcase classname="Test_Trial_Balance_RE_Jour_Bank_Supp_3.TC_09_3_2_BS_FixedAsset_240_To_244_With_Journal_Bank_Supplier" name="GoToUrlAssertUrlPositiveEnternLOGINPositiveEnternPASSClickLoginGoToUrlAssertUrlClickAgentsP1" time="63.380"/>
  <system-out>
    <![CDATA[ledger 1 entered :240 - Plant and Machinery Cost B/Fwd
ledger 2 entered :241 - Plant and Machinery Additions
ledger 3 entered :242 - Plant and Machinery Disposals
ledger 4 entered :243 - Plant and Machinery Revaluations
ledger 5 entered :244 - Plant and Machinery Transfers
Ledger code verified: Plant and Machinery Cost B/Fwd
Amount enter verified: 1,000.00
Ledger code verified: Plant and Machinery Additions
Amount enter verified: 1,000.00
Ledger code verified: Plant and Machinery Disposals
Amount enter verified: 1,000.00
Ledger code verified: Plant and Machinery Revaluations
Amount enter verified: 1,000.00
Ledger code verified: Plant and Machinery Transfers
Amount enter verified: (4,000.00)
Enteries are Verified on Balance Sheet Report page :]]>
  </system-out>
  <testcase classname="Test_Trial_Balance_RE_Jour_Bank_Supp_3.TC_09_3_2_BS_FixedAsset_240_To_244_With_Journal_Bank_Supplier" name="GoToUrlAssertUrlPositiveEnternLOGINPositiveEnternPASSClickLoginGoToUrlAssertUrlClickAgentsP2" time="132.406"/>
  <system-out/>
  <testcase classname="Test_Trial_Balance_RE_Jour_Bank_Supp_3.TC_09_3_2_BS_FixedAsset_240_To_244_With_Journal_Bank_Supplier" name="GoToUrlAssertUrlPositiveEnternLOGINPositiveEnternPASSClickLoginGoToUrlAssertUrlClickAgentsP3" time="125.593"/>
  <system-out/>
</testsuite> <!-- Test_Trial_Balance_RE_Jour_Bank_Supp_3.TC_09_3_2_BS_FixedAsset_240_To_244_With_Journal_Bank_Supplier -->
