<?xml version="1.0" encoding="UTF-8"?>
<!-- Generated by org.testng.reporters.JUnitReportReporter -->
<testsuite hostname="OB-Sum" failures="0" tests="1" name="VATPhase3_Banking_ToSale.ScriptEditVATFlatP_StandToFlat_DefaultProfile_1" time="69.035" errors="0" timestamp="2022-02-06T06:55:32 IST" skipped="0">
  <testcase classname="VATPhase3_Banking_ToSale.ScriptEditVATFlatP_StandToFlat_DefaultProfile_1" name="GoToUrlAssertUrlPositiveEnterUserNamePositiveEnterPasswordClickLoginButtonGoToUrlAssertUrlCl3" time="69.035"/>
  <system-out/>
</testsuite> <!-- VATPhase3_Banking_ToSale.ScriptEditVATFlatP_StandToFlat_DefaultProfile_1 -->
