<?xml version="1.0" encoding="UTF-8"?>
<!-- Generated by org.testng.reporters.JUnitReportReporter -->
<testsuite hostname="OB-Sum" failures="0" tests="6" name="VAT3_ExpensesReinbr.ExpenseRemOnly_DefaultProfile_4" time="221.370" errors="0" timestamp="2021-12-19T01:41:01 IST" skipped="0">
  <testcase classname="VAT3_ExpensesReinbr.ExpenseRemOnly_DefaultProfile_4" name="GoToUrlAssertUrlPositiveEnternLOGINPositiveEnternPASSClickLoginGoToUrlAssertUrlClickAgentsP1" time="37.081"/>
  <system-out/>
  <testcase classname="VAT3_ExpensesReinbr.ExpenseRemOnly_DefaultProfile_4" name="GoToUrlAssertUrlPositiveEnternLOGINPositiveEnternPASSClickLoginGoToUrlAssertUrlClickAgentsP2" time="37.128"/>
  <system-out/>
  <testcase classname="VAT3_ExpensesReinbr.ExpenseRemOnly_DefaultProfile_4" name="GoToUrlAssertUrlPositiveEnternLOGINPositiveEnternPASSClickLoginGoToUrlAssertUrlClickAgentsP4" time="36.584"/>
  <system-out/>
  <testcase classname="VAT3_ExpensesReinbr.ExpenseRemOnly_DefaultProfile_4" name="GoToUrlAssertUrlPositiveEnternLOGINPositiveEnternPASSClickLoginGoToUrlAssertUrlClickAgentsP5" time="36.085"/>
  <system-out/>
  <testcase classname="VAT3_ExpensesReinbr.ExpenseRemOnly_DefaultProfile_4" name="GoToUrlAssertUrlPositiveEnternLOGINPositiveEnternPASSClickLoginGoToUrlAssertUrlClickAgentsP3" time="36.911"/>
  <system-out/>
  <testcase classname="VAT3_ExpensesReinbr.ExpenseRemOnly_DefaultProfile_4" name="GoToUrlAssertUrlPositiveEnternLOGINPositiveEnternPASSClickLoginGoToUrlAssertUrlClickAgentsP6" time="37.581"/>
  <system-out/>
</testsuite> <!-- VAT3_ExpensesReinbr.ExpenseRemOnly_DefaultProfile_4 -->
