<?xml version="1.0" encoding="UTF-8"?>
<!-- Generated by org.testng.reporters.JUnitReportReporter -->
<testsuite hostname="OB-Yogesh" failures="0" tests="6" name="Supplier_FRSToFRSP.ScriptDebitNoteFRSToFRSP_DefaultProfile" time="283.097" errors="0" timestamp="2021-03-06T17:43:23 IST" skipped="0">
  <testcase classname="Supplier_FRSToFRSP.ScriptDebitNoteFRSToFRSP_DefaultProfile" name="GoToUrlAssertUrlPositiveEnterUserNamePositiveEnterPasswordClickLoginButtonGoToUrlAssertUrlCl3" time="45.303"/>
  <system-out/>
  <testcase classname="Supplier_FRSToFRSP.ScriptDebitNoteFRSToFRSP_DefaultProfile" name="GoToUrlAssertUrlPositiveEnterUserNamePositiveEnterPasswordClickLoginButtonGoToUrlAssertUrlCl5" time="60.472"/>
  <system-out/>
  <testcase classname="Supplier_FRSToFRSP.ScriptDebitNoteFRSToFRSP_DefaultProfile" name="GoToUrlAssertUrlPositiveEnterUserNamePositiveEnterPasswordClickLoginButtonGoToUrlAssertUrlCl4" time="45.407"/>
  <system-out/>
  <testcase classname="Supplier_FRSToFRSP.ScriptDebitNoteFRSToFRSP_DefaultProfile" name="GoToUrlAssertUrlPositiveEnterUserNamePositiveEnterPasswordClickLoginButtonGoToUrlAssertUrlCl2" time="42.999"/>
  <system-out/>
  <testcase classname="Supplier_FRSToFRSP.ScriptDebitNoteFRSToFRSP_DefaultProfile" name="GoToUrlAssertUrlPositiveEnterUserNamePositiveEnterPasswordClickLoginButtonGoToUrlAssertUrlCl6" time="44.500"/>
  <system-out/>
  <testcase classname="Supplier_FRSToFRSP.ScriptDebitNoteFRSToFRSP_DefaultProfile" name="GoToUrlAssertUrlPositiveEnterUserNamePositiveEnterPasswordClickLoginButtonGoToUrlAssertUrlCl1" time="44.416"/>
  <system-out/>
</testsuite> <!-- Supplier_FRSToFRSP.ScriptDebitNoteFRSToFRSP_DefaultProfile -->
