<?xml version="1.0" encoding="UTF-8"?>
<!-- Generated by org.testng.reporters.JUnitReportReporter -->
<testsuite hostname="OB-Sum" failures="0" tests="6" name="VAT3_InvoiceUnreconcileCases.ScriptSaleCreditNoteStandToFlat_DefaultProfile_3" time="380.606" errors="0" timestamp="2021-12-19T01:41:00 IST" skipped="0">
  <testcase classname="VAT3_InvoiceUnreconcileCases.ScriptSaleCreditNoteStandToFlat_DefaultProfile_3" name="GoToUrlAssertUrlPositiveEnterUserNamePositiveEnterPasswordClickLoginButtonGoToUrlAssertUrlCl6" time="65.284"/>
  <system-out/>
  <testcase classname="VAT3_InvoiceUnreconcileCases.ScriptSaleCreditNoteStandToFlat_DefaultProfile_3" name="GoToUrlAssertUrlPositiveEnterUserNamePositiveEnterPasswordClickLoginButtonGoToUrlAssertUrlCl2" time="64.541"/>
  <system-out/>
  <testcase classname="VAT3_InvoiceUnreconcileCases.ScriptSaleCreditNoteStandToFlat_DefaultProfile_3" name="GoToUrlAssertUrlPositiveEnterUserNamePositiveEnterPasswordClickLoginButtonGoToUrlAssertUrlCl5" time="64.387"/>
  <system-out/>
  <testcase classname="VAT3_InvoiceUnreconcileCases.ScriptSaleCreditNoteStandToFlat_DefaultProfile_3" name="GoToUrlAssertUrlPositiveEnterUserNamePositiveEnterPasswordClickLoginButtonGoToUrlAssertUrlCl4" time="61.730"/>
  <system-out/>
  <testcase classname="VAT3_InvoiceUnreconcileCases.ScriptSaleCreditNoteStandToFlat_DefaultProfile_3" name="GoToUrlAssertUrlPositiveEnterUserNamePositiveEnterPasswordClickLoginButtonGoToUrlAssertUrlCl1" time="62.434"/>
  <system-out/>
  <testcase classname="VAT3_InvoiceUnreconcileCases.ScriptSaleCreditNoteStandToFlat_DefaultProfile_3" name="GoToUrlAssertUrlPositiveEnterUserNamePositiveEnterPasswordClickLoginButtonGoToUrlAssertUrlCl3" time="62.230"/>
  <system-out/>
</testsuite> <!-- VAT3_InvoiceUnreconcileCases.ScriptSaleCreditNoteStandToFlat_DefaultProfile_3 -->
