<?xml version="1.0" encoding="UTF-8"?>
<!-- Generated by org.testng.reporters.JUnitReportReporter -->
<testsuite hostname="OB-Sum" failures="0" tests="3" name="tests.BalanceSheet_Bf.TC_27_BSBFFixedAsset600602_DefaultProfile" time="400.564" errors="0" timestamp="2022-02-25T15:38:47 IST" skipped="0">
  <testcase classname="tests.BalanceSheet_Bf.TC_27_BSBFFixedAsset600602_DefaultProfile" name="GoToUrlAssertUrlPositiveEnternLOGINPositiveEnternPASSClickLoginGoToUrlAssertUrlClickAgentsP2" time="105.271"/>
  <system-out>
    <![CDATA[Accounting Period Status : Account UnClosed 
Accounting Period Status : Account UnLocked
Accounting Period Status :- Account period closed]]>
  </system-out>
  <testcase classname="tests.BalanceSheet_Bf.TC_27_BSBFFixedAsset600602_DefaultProfile" name="GoToUrlAssertUrlPositiveEnternLOGINPositiveEnternPASSClickLoginGoToUrlAssertUrlClickAgentsP3" time="103.657"/>
  <system-out>
    <![CDATA[Accounting Period Status : Account UnClosed 
Accounting Period Status : Account UnLocked
Accounting Period Status :- Account period closed]]>
  </system-out>
  <testcase classname="tests.BalanceSheet_Bf.TC_27_BSBFFixedAsset600602_DefaultProfile" name="GoToUrlAssertUrlPositiveEnternLOGINPositiveEnternPASSClickLoginGoToUrlAssertUrlClickAgentsP1" time="191.636"/>
  <system-out>
    <![CDATA[Accounting Period Status : Account UnClosed 
Accounting Period Status : Account UnLocked
ledger 1 entered :601 - Group Company Shares Additions
ledger 2 entered :602 - Group Company Shares Disposals
ledger 3 entered :1400 - Default Bank
Accounting Period Status :- Account period closed
Ledger code verified: Group Company Shares B/Fwd
Ledger code verified: Default Bank
Amount enter verified: 2,100.00
Amount enter verified: (2,100.00)
Enteries are Verified on Balance Sheet Report page :]]>
  </system-out>
</testsuite> <!-- tests.BalanceSheet_Bf.TC_27_BSBFFixedAsset600602_DefaultProfile -->
