<?xml version="1.0" encoding="UTF-8"?>
<!-- Generated by org.testng.reporters.JUnitReportReporter -->
<testsuite hostname="OB-Sum" failures="0" tests="2" name="Test_Trial_Balance_RE_Jour_Bank_Supp_3.TC_21_2_BS_DEBTOR_1420_1420_With_Journal_Bank" time="151.321" errors="0" timestamp="2022-01-18T16:59:19 IST" skipped="0">
  <testcase classname="Test_Trial_Balance_RE_Jour_Bank_Supp_3.TC_21_2_BS_DEBTOR_1420_1420_With_Journal_Bank" name="GoToUrlAssertUrlPositiveEnternLOGINPositiveEnternPASSClickLoginGoToUrlAssertUrlClickAgentsP1" time="66.184"/>
  <system-out>
    <![CDATA[ledger 1 entered :1420 - Petty Cash
ledger 2 entered :1402 - Unbanked Cheques
Ledger code verified: Petty Cash
Ledger code verified: Unbanked Cheques
Enteries are Verified on Balance Sheet Report page :]]>
  </system-out>
  <testcase classname="Test_Trial_Balance_RE_Jour_Bank_Supp_3.TC_21_2_BS_DEBTOR_1420_1420_With_Journal_Bank" name="GoToUrlAssertUrlPositiveEnternLOGINPositiveEnternPASSClickLoginGoToUrlAssertUrlClickAgentsP3" time="85.137"/>
  <system-out/>
</testsuite> <!-- Test_Trial_Balance_RE_Jour_Bank_Supp_3.TC_21_2_BS_DEBTOR_1420_1420_With_Journal_Bank -->
