<?xml version="1.0" encoding="UTF-8"?>
<!-- Generated by org.testng.reporters.JUnitReportReporter -->
<testsuite hostname="OB-Sum" failures="0" tests="6" name="VAT3_InvoiceAdvanceReconcile.SaleInToPartioalReconcileForCreditNote_DefaultProfile_1" time="453.795" errors="0" timestamp="2021-11-15T18:18:01 IST" skipped="0">
  <testcase classname="VAT3_InvoiceAdvanceReconcile.SaleInToPartioalReconcileForCreditNote_DefaultProfile_1" name="GoToUrlAssertUrlPositiveEnternLOGINPositiveEnternPASSClickLoginGoToUrlAssertUrlClickAgentsP4" time="75.628"/>
  <system-out/>
  <testcase classname="VAT3_InvoiceAdvanceReconcile.SaleInToPartioalReconcileForCreditNote_DefaultProfile_1" name="GoToUrlAssertUrlPositiveEnternLOGINPositiveEnternPASSClickLoginGoToUrlAssertUrlClickAgentsP1" time="76.944"/>
  <system-out/>
  <testcase classname="VAT3_InvoiceAdvanceReconcile.SaleInToPartioalReconcileForCreditNote_DefaultProfile_1" name="GoToUrlAssertUrlPositiveEnternLOGINPositiveEnternPASSClickLoginGoToUrlAssertUrlClickAgentsP2" time="77.433"/>
  <system-out/>
  <testcase classname="VAT3_InvoiceAdvanceReconcile.SaleInToPartioalReconcileForCreditNote_DefaultProfile_1" name="GoToUrlAssertUrlPositiveEnternLOGINPositiveEnternPASSClickLoginGoToUrlAssertUrlClickAgentsP3" time="75.660"/>
  <system-out/>
  <testcase classname="VAT3_InvoiceAdvanceReconcile.SaleInToPartioalReconcileForCreditNote_DefaultProfile_1" name="GoToUrlAssertUrlPositiveEnternLOGINPositiveEnternPASSClickLoginGoToUrlAssertUrlClickAgentsP6" time="75.717"/>
  <system-out/>
  <testcase classname="VAT3_InvoiceAdvanceReconcile.SaleInToPartioalReconcileForCreditNote_DefaultProfile_1" name="GoToUrlAssertUrlPositiveEnternLOGINPositiveEnternPASSClickLoginGoToUrlAssertUrlClickAgentsP5" time="72.413"/>
  <system-out/>
</testsuite> <!-- VAT3_InvoiceAdvanceReconcile.SaleInToPartioalReconcileForCreditNote_DefaultProfile_1 -->
