<?xml version="1.0" encoding="UTF-8"?>
<!-- Generated by org.testng.reporters.JUnitReportReporter -->
<testsuite hostname="OB-Sum" failures="0" tests="1" name="test.FlatToStandard.ScriptEditSettingToFlatRate_DefaultProfile" time="61.689" errors="0" timestamp="2022-02-06T06:55:37 IST" skipped="0">
  <testcase classname="test.FlatToStandard.ScriptEditSettingToFlatRate_DefaultProfile" name="GoToUrlAssertUrlPositiveEnterUserNamePositiveEnterPasswordClickLoginButtonGoToUrlAssertUrlCl2" time="61.689"/>
  <system-out/>
</testsuite> <!-- test.FlatToStandard.ScriptEditSettingToFlatRate_DefaultProfile -->
