<?xml version="1.0" encoding="UTF-8"?>
<!-- Generated by org.testng.reporters.JUnitReportReporter -->
<testsuite hostname="OB-Sum" failures="0" tests="2" name="test.ashiv.SubcontractorBill_DefaultProfile" time="106.700" errors="0" timestamp="2022-02-19T09:42:02 IST" skipped="0">
  <testcase classname="test.ashiv.SubcontractorBill_DefaultProfile" name="GoToUrlAssertUrlPositiveEnterUserNamePositiveEnterPasswordClickLoginButtonGoToUrlAssertAgentClientBusinessExpenditure_NewSubcontrator_SaveBtnSuccessMessageScreenWithInvoiceNumRecallLastTrnschangeBillNum" time="63.940"/>
  <system-out/>
  <testcase classname="test.ashiv.SubcontractorBill_DefaultProfile" name="GoToUrlAssertUrlPositiveEnterUserNamePositiveEnterPasswordClickLoginButtonGoToUrlAssertAgentClientBusinessExpenditure_NewSubcontrator_SaveBtnSuccessMessageScreenWithInvoiceNumRecallLastTrnschangeBillNum_1" time="42.760"/>
  <system-out/>
</testsuite> <!-- test.ashiv.SubcontractorBill_DefaultProfile -->
