<?xml version="1.0" encoding="UTF-8"?>
<!-- Generated by org.testng.reporters.JUnitReportReporter -->
<testsuite hostname="OB-Sum" failures="0" tests="1" name="VAT3_ExpensesReinbr.ScriptEditSettingToVATType_DefaultProfile_4" time="57.727" errors="0" timestamp="2021-11-25T12:11:12 IST" skipped="0">
  <testcase classname="VAT3_ExpensesReinbr.ScriptEditSettingToVATType_DefaultProfile_4" name="GoToUrlAssertUrlPositiveEnterUserNamePositiveEnterPasswordClickLoginButtonGoToUrlAssertUrlCl2" time="57.727"/>
  <system-out/>
</testsuite> <!-- VAT3_ExpensesReinbr.ScriptEditSettingToVATType_DefaultProfile_4 -->
