<?xml version="1.0" encoding="UTF-8"?>
<!-- Generated by org.testng.reporters.JUnitReportReporter -->
<testsuite hostname="OB-Sum" failures="0" tests="6" name="VAT3_ExpenseReimbAdvanceReconcile.SaleInToAdvanceReconcileForExpenseRemVAT3_DefaultProfile_2" time="440.942" errors="0" timestamp="2021-11-25T12:11:12 IST" skipped="0">
  <testcase classname="VAT3_ExpenseReimbAdvanceReconcile.SaleInToAdvanceReconcileForExpenseRemVAT3_DefaultProfile_2" name="GoToUrlAssertUrlPositiveEnternLOGINPositiveEnternPASSClickLoginGoToUrlAssertUrlClickAgentsP4" time="71.256"/>
  <system-out/>
  <testcase classname="VAT3_ExpenseReimbAdvanceReconcile.SaleInToAdvanceReconcileForExpenseRemVAT3_DefaultProfile_2" name="GoToUrlAssertUrlPositiveEnternLOGINPositiveEnternPASSClickLoginGoToUrlAssertUrlClickAgentsP3" time="71.684"/>
  <system-out/>
  <testcase classname="VAT3_ExpenseReimbAdvanceReconcile.SaleInToAdvanceReconcileForExpenseRemVAT3_DefaultProfile_2" name="GoToUrlAssertUrlPositiveEnternLOGINPositiveEnternPASSClickLoginGoToUrlAssertUrlClickAgentsP6" time="70.588"/>
  <system-out/>
  <testcase classname="VAT3_ExpenseReimbAdvanceReconcile.SaleInToAdvanceReconcileForExpenseRemVAT3_DefaultProfile_2" name="GoToUrlAssertUrlPositiveEnternLOGINPositiveEnternPASSClickLoginGoToUrlAssertUrlClickAgentsP2" time="73.729"/>
  <system-out/>
  <testcase classname="VAT3_ExpenseReimbAdvanceReconcile.SaleInToAdvanceReconcileForExpenseRemVAT3_DefaultProfile_2" name="GoToUrlAssertUrlPositiveEnternLOGINPositiveEnternPASSClickLoginGoToUrlAssertUrlClickAgentsP1" time="77.179"/>
  <system-out/>
  <testcase classname="VAT3_ExpenseReimbAdvanceReconcile.SaleInToAdvanceReconcileForExpenseRemVAT3_DefaultProfile_2" name="GoToUrlAssertUrlPositiveEnternLOGINPositiveEnternPASSClickLoginGoToUrlAssertUrlClickAgentsP5" time="76.506"/>
  <system-out/>
</testsuite> <!-- VAT3_ExpenseReimbAdvanceReconcile.SaleInToAdvanceReconcileForExpenseRemVAT3_DefaultProfile_2 -->
