<?xml version="1.0" encoding="UTF-8"?>
<!-- Generated by org.testng.reporters.JUnitReportReporter -->
<testsuite hostname="OB-Sum" failures="0" tests="2" name="Test_Balance_RE_Jour_Bank_Supp_3.TC_25_2_BS_TAXATION_1101_1103_With_Journal_Bank" time="133.913" errors="0" timestamp="2022-02-19T09:42:03 IST" skipped="0">
  <testcase classname="Test_Balance_RE_Jour_Bank_Supp_3.TC_25_2_BS_TAXATION_1101_1103_With_Journal_Bank" name="GoToUrlAssertUrlPositiveEnternLOGINPositiveEnternPASSClickLoginGoToUrlAssertUrlClickAgentsP1" time="56.838"/>
  <system-out>
    <![CDATA[ledger 1 entered :1101 - Input VAT
ledger 2 entered :1103 - Deferred Input VAT
Ledger code verified: Input VAT
Ledger code verified: Deferred Input VAT
Enteries are Verified on Balance Sheet Report page :]]>
  </system-out>
  <testcase classname="Test_Balance_RE_Jour_Bank_Supp_3.TC_25_2_BS_TAXATION_1101_1103_With_Journal_Bank" name="GoToUrlAssertUrlPositiveEnternLOGINPositiveEnternPASSClickLoginGoToUrlAssertUrlClickAgentsP3" time="77.075"/>
  <system-out/>
</testsuite> <!-- Test_Balance_RE_Jour_Bank_Supp_3.TC_25_2_BS_TAXATION_1101_1103_With_Journal_Bank -->
