<?xml version="1.0" encoding="UTF-8"?>
<!-- Generated by org.testng.reporters.JUnitReportReporter -->
<testsuite hostname="OB-Sum" failures="0" tests="6" name="ExpenceRemFlatToStand.SaleInToReconcileForExpenseRem_DefaultProfile" time="419.491" errors="0" timestamp="2021-12-19T01:41:01 IST" skipped="0">
  <testcase classname="ExpenceRemFlatToStand.SaleInToReconcileForExpenseRem_DefaultProfile" name="GoToUrlAssertUrlPositiveEnternLOGINPositiveEnternPASSClickLoginGoToUrlAssertUrlClickAgentsP5" time="70.413"/>
  <system-out/>
  <testcase classname="ExpenceRemFlatToStand.SaleInToReconcileForExpenseRem_DefaultProfile" name="GoToUrlAssertUrlPositiveEnternLOGINPositiveEnternPASSClickLoginGoToUrlAssertUrlClickAgentsP1" time="70.034"/>
  <system-out/>
  <testcase classname="ExpenceRemFlatToStand.SaleInToReconcileForExpenseRem_DefaultProfile" name="GoToUrlAssertUrlPositiveEnternLOGINPositiveEnternPASSClickLoginGoToUrlAssertUrlClickAgentsP6" time="70.326"/>
  <system-out/>
  <testcase classname="ExpenceRemFlatToStand.SaleInToReconcileForExpenseRem_DefaultProfile" name="GoToUrlAssertUrlPositiveEnternLOGINPositiveEnternPASSClickLoginGoToUrlAssertUrlClickAgentsP3" time="69.233"/>
  <system-out/>
  <testcase classname="ExpenceRemFlatToStand.SaleInToReconcileForExpenseRem_DefaultProfile" name="GoToUrlAssertUrlPositiveEnternLOGINPositiveEnternPASSClickLoginGoToUrlAssertUrlClickAgentsP4" time="68.771"/>
  <system-out/>
  <testcase classname="ExpenceRemFlatToStand.SaleInToReconcileForExpenseRem_DefaultProfile" name="GoToUrlAssertUrlPositiveEnternLOGINPositiveEnternPASSClickLoginGoToUrlAssertUrlClickAgentsP2" time="70.714"/>
  <system-out/>
</testsuite> <!-- ExpenceRemFlatToStand.SaleInToReconcileForExpenseRem_DefaultProfile -->
