<?xml version="1.0" encoding="UTF-8"?>
<!-- Generated by org.testng.reporters.JUnitReportReporter -->
<testsuite hostname="OB-Sum" failures="0" tests="1" name="VAT2.F2NOVAT.F2noVat_scriptaddvatrate_addvatrate1_1" time="47.743" errors="0" timestamp="2021-12-01T04:35:03 IST" skipped="0">
  <testcase classname="VAT2.F2NOVAT.F2noVat_scriptaddvatrate_addvatrate1_1" name="addvatrateGoToUrlAssertUrlPositiveEnternLOGINPositiveEnternPASSClickLoginGoToUrlAssertUrlCl7" time="47.743"/>
  <system-out/>
</testsuite> <!-- VAT2.F2NOVAT.F2noVat_scriptaddvatrate_addvatrate1_1 -->
