<?xml version="1.0" encoding="UTF-8"?>
<!-- Generated by org.testng.reporters.JUnitReportReporter -->
<testsuite hostname="OB-Sum" failures="0" tests="1" name="VAT2.S2NoVAT.ScriptVATReturn3stVATReturnReport_SToFlat_cus" time="35.679" errors="0" timestamp="2021-12-19T01:41:02 IST" skipped="0">
  <testcase classname="VAT2.S2NoVAT.ScriptVATReturn3stVATReturnReport_SToFlat_cus" name="GoToUrlAssertUrlPositiveEnterUserNamePositiveEnterPasswordClickLoginButtonGoToUrlAssertUrlCl" time="35.679"/>
  <system-out/>
</testsuite> <!-- VAT2.S2NoVAT.ScriptVATReturn3stVATReturnReport_SToFlat_cus -->
