<?xml version="1.0" encoding="UTF-8"?>
<!-- Generated by org.testng.reporters.JUnitReportReporter -->
<testsuite hostname="OB-Sum" failures="0" tests="1" name="tests.BalanceSheet_Bf.TC_43_BSBFDefferedTaxation11031104_DefaultProfile" time="409.745" errors="0" timestamp="2022-01-24T12:32:07 IST" skipped="0">
  <testcase classname="tests.BalanceSheet_Bf.TC_43_BSBFDefferedTaxation11031104_DefaultProfile" name="GoToUrlAssertUrlPositiveEnternLOGINPositiveEnternPASSClickLoginGoToUrlAssertUrlClickAgentsP1" time="409.745"/>
  <system-out>
    <![CDATA[Accounting Period Status :- Account period closed
Ledger code verified: Deferred Input VAT
Ledger code verified: Deferred Output VAT
Deffered input Vat amount verified: 166.67
Deffered Output Vat amount verified: (400.00)
Ledger code verified: Deferred Input VAT
Ledger code verified: Deferred Output VAT
Deffered input Vat amount verified: 166.67
Deffered Output Vat amount verified: (400.00)
Enteries are Verified on Balance Sheet Report page :
Accounting Period Status : Account UnClosed 
Accounting Period Status : Account UnLocked]]>
  </system-out>
</testsuite> <!-- tests.BalanceSheet_Bf.TC_43_BSBFDefferedTaxation11031104_DefaultProfile -->
