<?xml version="1.0" encoding="UTF-8"?>
<!-- Generated by org.testng.reporters.JUnitReportReporter -->
<testsuite hostname="OB-Sum" failures="0" tests="2" name="test.FlatToStandard.ScriptVATOnlyInvoice_FlatToStandard_DefaultProfile" time="104.887" errors="0" timestamp="2021-12-19T01:41:00 IST" skipped="0">
  <testcase classname="test.FlatToStandard.ScriptVATOnlyInvoice_FlatToStandard_DefaultProfile" name="GoToUrlAssertUrlPositiveEnterUserNamePositiveEnterPasswordClickLoginButtonGoToUrlAssertUrlCl1" time="53.572"/>
  <system-out/>
  <testcase classname="test.FlatToStandard.ScriptVATOnlyInvoice_FlatToStandard_DefaultProfile" name="GoToUrlAssertUrlPositiveEnterUserNamePositiveEnterPasswordClickLoginButtonGoToUrlAssertUrlCl2" time="51.315"/>
  <system-out/>
</testsuite> <!-- test.FlatToStandard.ScriptVATOnlyInvoice_FlatToStandard_DefaultProfile -->
