<?xml version="1.0" encoding="UTF-8"?>
<!-- Generated by org.testng.reporters.JUnitReportReporter -->
<testsuite hostname="OB-Sum" failures="0" tests="1" name="Test_AS_Advance_Reconcilation.j" time="49.770" errors="0" timestamp="2021-11-03T11:53:36 IST" skipped="0">
  <testcase classname="Test_AS_Advance_Reconcilation.j" name="GoToUrlAssertUrlPositiveEnternLOGINPositiveEnternPASSClickLoginGoToUrlAssertUrlClickAgentsTC01" time="49.770"/>
  <system-out/>
</testsuite> <!-- Test_AS_Advance_Reconcilation.j -->
