<?xml version="1.0" encoding="UTF-8"?>
<!-- Generated by org.testng.reporters.JUnitReportReporter -->
<testsuite hostname="OB-Sum" failures="0" tests="1" name="test.partialReconcileJonralEntrySToFlat.ScriptPostVATReturn2stVATReturnReport_DefaultProfile" time="74.342" errors="0" timestamp="2022-02-06T06:55:35 IST" skipped="0">
  <testcase classname="test.partialReconcileJonralEntrySToFlat.ScriptPostVATReturn2stVATReturnReport_DefaultProfile" name="GoToUrlAssertUrlPositiveEnterUserNamePositiveEnterPasswordClickLoginButtonGoToUrlAssertUrlCl" time="74.342"/>
  <system-out/>
</testsuite> <!-- test.partialReconcileJonralEntrySToFlat.ScriptPostVATReturn2stVATReturnReport_DefaultProfile -->
