<?xml version="1.0" encoding="UTF-8"?>
<!-- Generated by org.testng.reporters.JUnitReportReporter -->
<testsuite hostname="OB-Sum" failures="0" tests="6" name="VAT3_InvoiceFullyReconcile.SaleInToFullyReconcile_DefaultProfile_2" time="429.303" errors="0" timestamp="2021-12-19T01:41:02 IST" skipped="0">
  <testcase classname="VAT3_InvoiceFullyReconcile.SaleInToFullyReconcile_DefaultProfile_2" name="GoToUrlAssertUrlPositiveEnternLOGINPositiveEnternPASSClickLoginGoToUrlAssertUrlClickAgentsP6" time="72.368"/>
  <system-out/>
  <testcase classname="VAT3_InvoiceFullyReconcile.SaleInToFullyReconcile_DefaultProfile_2" name="GoToUrlAssertUrlPositiveEnternLOGINPositiveEnternPASSClickLoginGoToUrlAssertUrlClickAgentsP5" time="69.949"/>
  <system-out/>
  <testcase classname="VAT3_InvoiceFullyReconcile.SaleInToFullyReconcile_DefaultProfile_2" name="GoToUrlAssertUrlPositiveEnternLOGINPositiveEnternPASSClickLoginGoToUrlAssertUrlClickAgentsP2" time="70.973"/>
  <system-out/>
  <testcase classname="VAT3_InvoiceFullyReconcile.SaleInToFullyReconcile_DefaultProfile_2" name="GoToUrlAssertUrlPositiveEnternLOGINPositiveEnternPASSClickLoginGoToUrlAssertUrlClickAgentsP3" time="70.771"/>
  <system-out/>
  <testcase classname="VAT3_InvoiceFullyReconcile.SaleInToFullyReconcile_DefaultProfile_2" name="GoToUrlAssertUrlPositiveEnternLOGINPositiveEnternPASSClickLoginGoToUrlAssertUrlClickAgentsP1" time="71.460"/>
  <system-out/>
  <testcase classname="VAT3_InvoiceFullyReconcile.SaleInToFullyReconcile_DefaultProfile_2" name="GoToUrlAssertUrlPositiveEnternLOGINPositiveEnternPASSClickLoginGoToUrlAssertUrlClickAgentsP4" time="73.782"/>
  <system-out/>
</testsuite> <!-- VAT3_InvoiceFullyReconcile.SaleInToFullyReconcile_DefaultProfile_2 -->
