<?xml version="1.0" encoding="UTF-8"?>
<!-- Generated by org.testng.reporters.JUnitReportReporter -->
<testsuite hostname="OB-Sum" failures="0" tests="2" name="Test_Trial_Balance_RE_Jour_Bank_Supp_3.TC_29_2_BS_TAXATION_1090_1091_With_Journal_Bank" time="153.324" errors="0" timestamp="2022-01-18T16:59:19 IST" skipped="0">
  <testcase classname="Test_Trial_Balance_RE_Jour_Bank_Supp_3.TC_29_2_BS_TAXATION_1090_1091_With_Journal_Bank" name="GoToUrlAssertUrlPositiveEnternLOGINPositiveEnternPASSClickLoginGoToUrlAssertUrlClickAgentsP1" time="66.820"/>
  <system-out>
    <![CDATA[ledger 1 entered :1090 - Corporation Tax Payable
ledger 2 entered :1091 - CIS Payable
Ledger code verified: Corporation Tax Payable
Amount enter verified: 1,000.00
Ledger code verified: CIS Payable
Amount enter verified: (1,000.00)
Enteries are Verified on Balance Sheet Report page :]]>
  </system-out>
  <testcase classname="Test_Trial_Balance_RE_Jour_Bank_Supp_3.TC_29_2_BS_TAXATION_1090_1091_With_Journal_Bank" name="GoToUrlAssertUrlPositiveEnternLOGINPositiveEnternPASSClickLoginGoToUrlAssertUrlClickAgentsP3" time="86.504"/>
  <system-out/>
</testsuite> <!-- Test_Trial_Balance_RE_Jour_Bank_Supp_3.TC_29_2_BS_TAXATION_1090_1091_With_Journal_Bank -->
