<?xml version="1.0" encoding="UTF-8"?>
<!-- Generated by org.testng.reporters.JUnitReportReporter -->
<testsuite hostname="OB-Sum" failures="0" tests="1" name="VAT2.F2NOVAT.F2noVat_ScriptVATReturn2stVATReturnReport_2" time="57.008" errors="0" timestamp="2021-12-09T11:24:15 IST" skipped="0">
  <testcase classname="VAT2.F2NOVAT.F2noVat_ScriptVATReturn2stVATReturnReport_2" name="GoToUrlAssertUrlPositiveEnterUserNamePositiveEnterPasswordClickLoginButtonGoToUrlAssertUrlCl" time="57.008"/>
  <system-out/>
</testsuite> <!-- VAT2.F2NOVAT.F2noVat_ScriptVATReturn2stVATReturnReport_2 -->
