<?xml version="1.0" encoding="UTF-8"?>
<!-- Generated by org.testng.reporters.JUnitReportReporter -->
<testsuite hostname="OB-Sum" failures="0" tests="6" name="VAT3_InvoiceAdvanceReconcile.SaleInToPartioalReconcileForCreditNote_DefaultProfile_1" time="536.548" errors="0" timestamp="2022-02-06T06:55:29 IST" skipped="0">
  <testcase classname="VAT3_InvoiceAdvanceReconcile.SaleInToPartioalReconcileForCreditNote_DefaultProfile_1" name="GoToUrlAssertUrlPositiveEnternLOGINPositiveEnternPASSClickLoginGoToUrlAssertUrlClickAgentsP5" time="96.500"/>
  <system-out/>
  <testcase classname="VAT3_InvoiceAdvanceReconcile.SaleInToPartioalReconcileForCreditNote_DefaultProfile_1" name="GoToUrlAssertUrlPositiveEnternLOGINPositiveEnternPASSClickLoginGoToUrlAssertUrlClickAgentsP1" time="86.675"/>
  <system-out/>
  <testcase classname="VAT3_InvoiceAdvanceReconcile.SaleInToPartioalReconcileForCreditNote_DefaultProfile_1" name="GoToUrlAssertUrlPositiveEnternLOGINPositiveEnternPASSClickLoginGoToUrlAssertUrlClickAgentsP3" time="88.139"/>
  <system-out/>
  <testcase classname="VAT3_InvoiceAdvanceReconcile.SaleInToPartioalReconcileForCreditNote_DefaultProfile_1" name="GoToUrlAssertUrlPositiveEnternLOGINPositiveEnternPASSClickLoginGoToUrlAssertUrlClickAgentsP2" time="87.631"/>
  <system-out/>
  <testcase classname="VAT3_InvoiceAdvanceReconcile.SaleInToPartioalReconcileForCreditNote_DefaultProfile_1" name="GoToUrlAssertUrlPositiveEnternLOGINPositiveEnternPASSClickLoginGoToUrlAssertUrlClickAgentsP6" time="88.907"/>
  <system-out/>
  <testcase classname="VAT3_InvoiceAdvanceReconcile.SaleInToPartioalReconcileForCreditNote_DefaultProfile_1" name="GoToUrlAssertUrlPositiveEnternLOGINPositiveEnternPASSClickLoginGoToUrlAssertUrlClickAgentsP4" time="88.696"/>
  <system-out/>
</testsuite> <!-- VAT3_InvoiceAdvanceReconcile.SaleInToPartioalReconcileForCreditNote_DefaultProfile_1 -->
