<?xml version="1.0" encoding="UTF-8"?>
<!-- Generated by org.testng.reporters.JUnitReportReporter -->
<testsuite hostname="OB-Sum" failures="0" tests="6" name="AdvanceReconcileByBankForSupplierBillFlatToStand.SaleInToPartialReconcile_SupplierBill_DefaultProfile" time="529.712" errors="0" timestamp="2022-02-06T06:55:32 IST" skipped="0">
  <testcase classname="AdvanceReconcileByBankForSupplierBillFlatToStand.SaleInToPartialReconcile_SupplierBill_DefaultProfile" name="GoToUrlAssertUrlPositiveEnternLOGINPositiveEnternPASSClickLoginGoToUrlAssertUrlClickAgentsP2" time="87.361"/>
  <system-out/>
  <testcase classname="AdvanceReconcileByBankForSupplierBillFlatToStand.SaleInToPartialReconcile_SupplierBill_DefaultProfile" name="GoToUrlAssertUrlPositiveEnternLOGINPositiveEnternPASSClickLoginGoToUrlAssertUrlClickAgentsP6" time="89.781"/>
  <system-out/>
  <testcase classname="AdvanceReconcileByBankForSupplierBillFlatToStand.SaleInToPartialReconcile_SupplierBill_DefaultProfile" name="GoToUrlAssertUrlPositiveEnternLOGINPositiveEnternPASSClickLoginGoToUrlAssertUrlClickAgentsP3" time="88.802"/>
  <system-out/>
  <testcase classname="AdvanceReconcileByBankForSupplierBillFlatToStand.SaleInToPartialReconcile_SupplierBill_DefaultProfile" name="GoToUrlAssertUrlPositiveEnternLOGINPositiveEnternPASSClickLoginGoToUrlAssertUrlClickAgentsP4" time="84.817"/>
  <system-out/>
  <testcase classname="AdvanceReconcileByBankForSupplierBillFlatToStand.SaleInToPartialReconcile_SupplierBill_DefaultProfile" name="GoToUrlAssertUrlPositiveEnternLOGINPositiveEnternPASSClickLoginGoToUrlAssertUrlClickAgentsP1" time="89.470"/>
  <system-out/>
  <testcase classname="AdvanceReconcileByBankForSupplierBillFlatToStand.SaleInToPartialReconcile_SupplierBill_DefaultProfile" name="GoToUrlAssertUrlPositiveEnternLOGINPositiveEnternPASSClickLoginGoToUrlAssertUrlClickAgentsP5" time="89.481"/>
  <system-out/>
</testsuite> <!-- AdvanceReconcileByBankForSupplierBillFlatToStand.SaleInToPartialReconcile_SupplierBill_DefaultProfile -->
