<?xml version="1.0" encoding="UTF-8"?>
<!-- Generated by org.testng.reporters.JUnitReportReporter -->
<testsuite hostname="OB-Sum" failures="0" tests="6" name="VATPhase3_Banking_allocateToExp.BankingTr_VATPH3_FlatToNoVATDefaultProfile_3" time="292.639" errors="0" timestamp="2022-02-06T06:55:29 IST" skipped="0">
  <testcase classname="VATPhase3_Banking_allocateToExp.BankingTr_VATPH3_FlatToNoVATDefaultProfile_3" name="GoToUrlAssertUrlPositiveEnternLOGINPositiveEnternPASSClickLoginGoToUrlAssertUrlClickAgentsP4" time="47.177"/>
  <system-out/>
  <testcase classname="VATPhase3_Banking_allocateToExp.BankingTr_VATPH3_FlatToNoVATDefaultProfile_3" name="GoToUrlAssertUrlPositiveEnternLOGINPositiveEnternPASSClickLoginGoToUrlAssertUrlClickAgentsP5" time="49.923"/>
  <system-out/>
  <testcase classname="VATPhase3_Banking_allocateToExp.BankingTr_VATPH3_FlatToNoVATDefaultProfile_3" name="GoToUrlAssertUrlPositiveEnternLOGINPositiveEnternPASSClickLoginGoToUrlAssertUrlClickAgentsP3" time="47.309"/>
  <system-out/>
  <testcase classname="VATPhase3_Banking_allocateToExp.BankingTr_VATPH3_FlatToNoVATDefaultProfile_3" name="GoToUrlAssertUrlPositiveEnternLOGINPositiveEnternPASSClickLoginGoToUrlAssertUrlClickAgentsP6" time="49.032"/>
  <system-out/>
  <testcase classname="VATPhase3_Banking_allocateToExp.BankingTr_VATPH3_FlatToNoVATDefaultProfile_3" name="GoToUrlAssertUrlPositiveEnternLOGINPositiveEnternPASSClickLoginGoToUrlAssertUrlClickAgentsP1" time="48.168"/>
  <system-out/>
  <testcase classname="VATPhase3_Banking_allocateToExp.BankingTr_VATPH3_FlatToNoVATDefaultProfile_3" name="GoToUrlAssertUrlPositiveEnternLOGINPositiveEnternPASSClickLoginGoToUrlAssertUrlClickAgentsP2" time="51.030"/>
  <system-out/>
</testsuite> <!-- VATPhase3_Banking_allocateToExp.BankingTr_VATPH3_FlatToNoVATDefaultProfile_3 -->
