<?xml version="1.0" encoding="UTF-8"?>
<!-- Generated by org.testng.reporters.JUnitReportReporter -->
<testsuite hostname="OB-Sum" failures="0" tests="1" name="Test_Income.TestCustomer_List_Income_Email_TC03" time="46.710" errors="0" timestamp="2021-11-11T20:51:38 IST" skipped="0">
  <testcase classname="Test_Income.TestCustomer_List_Income_Email_TC03" name="GoToUrlClickView1ClickCustomerList2PositiveSelectSelectCategorySearch3PositiveEnterEnterName4PAddNewCustomer_TC02" time="46.710"/>
  <system-out/>
</testsuite> <!-- Test_Income.TestCustomer_List_Income_Email_TC03 -->
