<?xml version="1.0" encoding="UTF-8"?>
<!-- Generated by org.testng.reporters.JUnitReportReporter -->
<testsuite hostname="OB-Sum" failures="0" tests="1" name="Test_Income.Test_VATOnlyInvoice" time="54.864" errors="0" timestamp="2022-03-11T11:19:28 IST" skipped="0">
  <testcase classname="Test_Income.Test_VATOnlyInvoice" name="GoToUrlAssertUrlPositiveEnterUserNamePositiveEnterPasswordClickLoginButtonGoToUrlAssertUrl_TC02" time="54.864"/>
  <system-out/>
</testsuite> <!-- Test_Income.Test_VATOnlyInvoice -->
