<?xml version="1.0" encoding="UTF-8"?>
<!-- Generated by org.testng.reporters.JUnitReportReporter -->
<testsuite hostname="OB-Sum" failures="0" tests="2" name="test.PartialReconcilationforOnlyFlatthroughJournalEntry.VATOnlyToReconcileForJonral_DefaultProfile" time="232.221" errors="0" timestamp="2022-02-07T19:49:31 IST" skipped="0">
  <testcase classname="test.PartialReconcilationforOnlyFlatthroughJournalEntry.VATOnlyToReconcileForJonral_DefaultProfile" name="GoToUrlAssertUrlPositiveEnternLOGINPositiveEnternPASSClickLoginGoToUrlAssertUrlClickAgentsP2" time="117.800"/>
  <system-out/>
  <testcase classname="test.PartialReconcilationforOnlyFlatthroughJournalEntry.VATOnlyToReconcileForJonral_DefaultProfile" name="GoToUrlAssertUrlPositiveEnternLOGINPositiveEnternPASSClickLoginGoToUrlAssertUrlClickAgentsP1" time="114.421"/>
  <system-out/>
</testsuite> <!-- test.PartialReconcilationforOnlyFlatthroughJournalEntry.VATOnlyToReconcileForJonral_DefaultProfile -->
