<?xml version="1.0" encoding="UTF-8"?>
<!-- Generated by org.testng.reporters.JUnitReportReporter -->
<testsuite hostname="OB-Sum" failures="0" tests="1" name="VAT3_InvoiceFullyReconcile.ScriptEditSettingToVATType_DefaultProfileFullyReconcile_2" time="60.550" errors="0" timestamp="2021-11-15T15:05:45 IST" skipped="0">
  <testcase classname="VAT3_InvoiceFullyReconcile.ScriptEditSettingToVATType_DefaultProfileFullyReconcile_2" name="GoToUrlAssertUrlPositiveEnterUserNamePositiveEnterPasswordClickLoginButtonGoToUrlAssertUrlCl2" time="60.550"/>
  <system-out/>
</testsuite> <!-- VAT3_InvoiceFullyReconcile.ScriptEditSettingToVATType_DefaultProfileFullyReconcile_2 -->
