<?xml version="1.0" encoding="UTF-8"?>
<!-- Generated by org.testng.reporters.JUnitReportReporter -->
<testsuite hostname="OB-Sum" failures="0" tests="6" name="VAT3.FullREC_F2_NOVAT.Supplier_SupplierBill_Default2" time="640.804" errors="0" timestamp="2021-11-26T19:56:49 IST" skipped="0">
  <testcase classname="VAT3.FullREC_F2_NOVAT.Supplier_SupplierBill_Default2" name="GoToUrlAssertUrlPositiveEnternLOGINPositiveEnternPASSClickLoginGoToUrlAssertUrlClickAgentsP2" time="108.379"/>
  <system-out/>
  <testcase classname="VAT3.FullREC_F2_NOVAT.Supplier_SupplierBill_Default2" name="GoToUrlAssertUrlPositiveEnternLOGINPositiveEnternPASSClickLoginGoToUrlAssertUrlClickAgentsP3" time="106.737"/>
  <system-out/>
  <testcase classname="VAT3.FullREC_F2_NOVAT.Supplier_SupplierBill_Default2" name="GoToUrlAssertUrlPositiveEnternLOGINPositiveEnternPASSClickLoginGoToUrlAssertUrlClickAgentsP6" time="107.545"/>
  <system-out/>
  <testcase classname="VAT3.FullREC_F2_NOVAT.Supplier_SupplierBill_Default2" name="GoToUrlAssertUrlPositiveEnternLOGINPositiveEnternPASSClickLoginGoToUrlAssertUrlClickAgentsP4" time="105.515"/>
  <system-out/>
  <testcase classname="VAT3.FullREC_F2_NOVAT.Supplier_SupplierBill_Default2" name="GoToUrlAssertUrlPositiveEnternLOGINPositiveEnternPASSClickLoginGoToUrlAssertUrlClickAgentsP5" time="103.963"/>
  <system-out/>
  <testcase classname="VAT3.FullREC_F2_NOVAT.Supplier_SupplierBill_Default2" name="GoToUrlAssertUrlPositiveEnternLOGINPositiveEnternPASSClickLoginGoToUrlAssertUrlClickAgentsP1" time="108.665"/>
  <system-out/>
</testsuite> <!-- VAT3.FullREC_F2_NOVAT.Supplier_SupplierBill_Default2 -->
