<?xml version="1.0" encoding="UTF-8"?>
<!-- Generated by org.testng.reporters.JUnitReportReporter -->
<testsuite hostname="OB-Sum" failures="0" tests="6" name="VAT3.FullREC_F2_NOVAT.Supplier_ReconcileForDebitNote3" time="638.254" errors="0" timestamp="2021-11-26T19:56:49 IST" skipped="0">
  <testcase classname="VAT3.FullREC_F2_NOVAT.Supplier_ReconcileForDebitNote3" name="GoToUrlAssertUrlPositiveEnternLOGINPositiveEnternPASSClickLoginGoToUrlAssertUrlClickAgentsP3" time="105.399"/>
  <system-out/>
  <testcase classname="VAT3.FullREC_F2_NOVAT.Supplier_ReconcileForDebitNote3" name="GoToUrlAssertUrlPositiveEnternLOGINPositiveEnternPASSClickLoginGoToUrlAssertUrlClickAgentsP4" time="104.645"/>
  <system-out/>
  <testcase classname="VAT3.FullREC_F2_NOVAT.Supplier_ReconcileForDebitNote3" name="GoToUrlAssertUrlPositiveEnternLOGINPositiveEnternPASSClickLoginGoToUrlAssertUrlClickAgentsP1" time="108.356"/>
  <system-out/>
  <testcase classname="VAT3.FullREC_F2_NOVAT.Supplier_ReconcileForDebitNote3" name="GoToUrlAssertUrlPositiveEnternLOGINPositiveEnternPASSClickLoginGoToUrlAssertUrlClickAgentsP2" time="106.947"/>
  <system-out/>
  <testcase classname="VAT3.FullREC_F2_NOVAT.Supplier_ReconcileForDebitNote3" name="GoToUrlAssertUrlPositiveEnternLOGINPositiveEnternPASSClickLoginGoToUrlAssertUrlClickAgentsP5" time="104.038"/>
  <system-out/>
  <testcase classname="VAT3.FullREC_F2_NOVAT.Supplier_ReconcileForDebitNote3" name="GoToUrlAssertUrlPositiveEnternLOGINPositiveEnternPASSClickLoginGoToUrlAssertUrlClickAgentsP6" time="108.869"/>
  <system-out/>
</testsuite> <!-- VAT3.FullREC_F2_NOVAT.Supplier_ReconcileForDebitNote3 -->
