<?xml version="1.0" encoding="UTF-8"?>
<!-- Generated by org.testng.reporters.JUnitReportReporter -->
<testsuite hostname="OB-Yogesh" failures="0" tests="6" name="Supplier_FRSToFRSP.ScriptSupplierBill_FRSToFRSP_DefaultProfile" time="266.325" errors="0" timestamp="2021-03-06T17:43:23 IST" skipped="0">
  <testcase classname="Supplier_FRSToFRSP.ScriptSupplierBill_FRSToFRSP_DefaultProfile" name="GoToUrlAssertUrlPositiveEnterUserNamePositiveEnterPasswordClickLoginButtonGoToUrlAssertUrlCl5" time="44.490"/>
  <system-out/>
  <testcase classname="Supplier_FRSToFRSP.ScriptSupplierBill_FRSToFRSP_DefaultProfile" name="GoToUrlAssertUrlPositiveEnterUserNamePositiveEnterPasswordClickLoginButtonGoToUrlAssertUrlCl1" time="44.699"/>
  <system-out/>
  <testcase classname="Supplier_FRSToFRSP.ScriptSupplierBill_FRSToFRSP_DefaultProfile" name="GoToUrlAssertUrlPositiveEnterUserNamePositiveEnterPasswordClickLoginButtonGoToUrlAssertUrlCl2" time="43.751"/>
  <system-out/>
  <testcase classname="Supplier_FRSToFRSP.ScriptSupplierBill_FRSToFRSP_DefaultProfile" name="GoToUrlAssertUrlPositiveEnterUserNamePositiveEnterPasswordClickLoginButtonGoToUrlAssertUrlCl4" time="44.697"/>
  <system-out/>
  <testcase classname="Supplier_FRSToFRSP.ScriptSupplierBill_FRSToFRSP_DefaultProfile" name="GoToUrlAssertUrlPositiveEnterUserNamePositiveEnterPasswordClickLoginButtonGoToUrlAssertUrlCl6" time="43.125"/>
  <system-out/>
  <testcase classname="Supplier_FRSToFRSP.ScriptSupplierBill_FRSToFRSP_DefaultProfile" name="GoToUrlAssertUrlPositiveEnterUserNamePositiveEnterPasswordClickLoginButtonGoToUrlAssertUrlCl3" time="45.563"/>
  <system-out/>
</testsuite> <!-- Supplier_FRSToFRSP.ScriptSupplierBill_FRSToFRSP_DefaultProfile -->
