<?xml version="1.0" encoding="UTF-8"?>
<!-- Generated by org.testng.reporters.JUnitReportReporter -->
<testsuite hostname="OB-Sum" failures="0" tests="1" name="SaleDashboardTest.Email_DefaultProfile" time="45.294" errors="0" timestamp="2021-09-02T15:44:37 IST" skipped="0">
  <testcase classname="SaleDashboardTest.Email_DefaultProfile" name="GoToUrlAssertUrlPositiveSelectSelectInvoiceTempPositiveSelectEmailTemplateEnterEntermailidEnte1" time="45.294"/>
  <system-out/>
</testsuite> <!-- SaleDashboardTest.Email_DefaultProfile -->
