<?xml version="1.0" encoding="UTF-8"?>
<!-- Generated by org.testng.reporters.JUnitReportReporter -->
<testsuite hostname="OB-Sum" failures="0" tests="1" name="test.PartialReconciledCases.ScriptPostVATReturn3stVATReturnReport_NoVATOnly" time="47.334" errors="0" timestamp="2021-12-19T01:41:01 IST" skipped="0">
  <testcase classname="test.PartialReconciledCases.ScriptPostVATReturn3stVATReturnReport_NoVATOnly" name="GoToUrlAssertUrlPositiveEnterUserNamePositiveEnterPasswordClickLoginButtonGoToUrlAssertUrlCl" time="47.334"/>
  <system-out/>
</testsuite> <!-- test.PartialReconciledCases.ScriptPostVATReturn3stVATReturnReport_NoVATOnly -->
