<?xml version="1.0" encoding="UTF-8"?>
<!-- Generated by org.testng.reporters.JUnitReportReporter -->
<testsuite hostname="OB-Sum" failures="0" tests="6" name="VATPhase3_Banking_allocateToExp.BankingTr_VATPH3_StandToFlatDefaultProfile_1" time="293.260" errors="0" timestamp="2022-02-06T06:55:32 IST" skipped="0">
  <testcase classname="VATPhase3_Banking_allocateToExp.BankingTr_VATPH3_StandToFlatDefaultProfile_1" name="GoToUrlAssertUrlPositiveEnternLOGINPositiveEnternPASSClickLoginGoToUrlAssertUrlClickAgentsP1" time="45.856"/>
  <system-out/>
  <testcase classname="VATPhase3_Banking_allocateToExp.BankingTr_VATPH3_StandToFlatDefaultProfile_1" name="GoToUrlAssertUrlPositiveEnternLOGINPositiveEnternPASSClickLoginGoToUrlAssertUrlClickAgentsP2" time="50.141"/>
  <system-out/>
  <testcase classname="VATPhase3_Banking_allocateToExp.BankingTr_VATPH3_StandToFlatDefaultProfile_1" name="GoToUrlAssertUrlPositiveEnternLOGINPositiveEnternPASSClickLoginGoToUrlAssertUrlClickAgentsP4" time="49.957"/>
  <system-out/>
  <testcase classname="VATPhase3_Banking_allocateToExp.BankingTr_VATPH3_StandToFlatDefaultProfile_1" name="GoToUrlAssertUrlPositiveEnternLOGINPositiveEnternPASSClickLoginGoToUrlAssertUrlClickAgentsP6" time="47.515"/>
  <system-out/>
  <testcase classname="VATPhase3_Banking_allocateToExp.BankingTr_VATPH3_StandToFlatDefaultProfile_1" name="GoToUrlAssertUrlPositiveEnternLOGINPositiveEnternPASSClickLoginGoToUrlAssertUrlClickAgentsP3" time="49.949"/>
  <system-out/>
  <testcase classname="VATPhase3_Banking_allocateToExp.BankingTr_VATPH3_StandToFlatDefaultProfile_1" name="GoToUrlAssertUrlPositiveEnternLOGINPositiveEnternPASSClickLoginGoToUrlAssertUrlClickAgentsP5" time="49.842"/>
  <system-out/>
</testsuite> <!-- VATPhase3_Banking_allocateToExp.BankingTr_VATPH3_StandToFlatDefaultProfile_1 -->
