<?xml version="1.0" encoding="UTF-8"?>
<!-- Generated by org.testng.reporters.JUnitReportReporter -->
<testsuite hostname="OB-Sum" failures="0" tests="1" name="VAT2.F2S.scriptaddvatrate_addvatrate1" time="50.008" errors="0" timestamp="2022-02-06T06:55:37 IST" skipped="0">
  <testcase classname="VAT2.F2S.scriptaddvatrate_addvatrate1" name="addvatrateGoToUrlAssertUrlPositiveEnternLOGINPositiveEnternPASSClickLoginGoToUrlAssertUrlCl7" time="50.008"/>
  <system-out/>
</testsuite> <!-- VAT2.F2S.scriptaddvatrate_addvatrate1 -->
