<?xml version="1.0" encoding="UTF-8"?>
<!-- Generated by org.testng.reporters.JUnitReportReporter -->
<testsuite hostname="OB-Sum" failures="0" tests="6" name="VAT3_InvoiceFullyReconcile.SaleInToFullyReconcile_DefaultProfile_2" time="537.345" errors="0" timestamp="2022-02-06T06:55:31 IST" skipped="0">
  <testcase classname="VAT3_InvoiceFullyReconcile.SaleInToFullyReconcile_DefaultProfile_2" name="GoToUrlAssertUrlPositiveEnternLOGINPositiveEnternPASSClickLoginGoToUrlAssertUrlClickAgentsP1" time="97.353"/>
  <system-out/>
  <testcase classname="VAT3_InvoiceFullyReconcile.SaleInToFullyReconcile_DefaultProfile_2" name="GoToUrlAssertUrlPositiveEnternLOGINPositiveEnternPASSClickLoginGoToUrlAssertUrlClickAgentsP5" time="85.600"/>
  <system-out/>
  <testcase classname="VAT3_InvoiceFullyReconcile.SaleInToFullyReconcile_DefaultProfile_2" name="GoToUrlAssertUrlPositiveEnternLOGINPositiveEnternPASSClickLoginGoToUrlAssertUrlClickAgentsP3" time="88.402"/>
  <system-out/>
  <testcase classname="VAT3_InvoiceFullyReconcile.SaleInToFullyReconcile_DefaultProfile_2" name="GoToUrlAssertUrlPositiveEnternLOGINPositiveEnternPASSClickLoginGoToUrlAssertUrlClickAgentsP4" time="82.033"/>
  <system-out/>
  <testcase classname="VAT3_InvoiceFullyReconcile.SaleInToFullyReconcile_DefaultProfile_2" name="GoToUrlAssertUrlPositiveEnternLOGINPositiveEnternPASSClickLoginGoToUrlAssertUrlClickAgentsP6" time="88.866"/>
  <system-out/>
  <testcase classname="VAT3_InvoiceFullyReconcile.SaleInToFullyReconcile_DefaultProfile_2" name="GoToUrlAssertUrlPositiveEnternLOGINPositiveEnternPASSClickLoginGoToUrlAssertUrlClickAgentsP2" time="95.091"/>
  <system-out/>
</testsuite> <!-- VAT3_InvoiceFullyReconcile.SaleInToFullyReconcile_DefaultProfile_2 -->
