<?xml version="1.0" encoding="UTF-8"?>
<!-- Generated by org.testng.reporters.JUnitReportReporter -->
<testsuite hostname="OB-Yogesh" failures="0" tests="2" name="Supplier_test.ScriptVATOnlyBillSToFRS_DefaultProfile" time="82.402" errors="0" timestamp="2021-02-25T19:30:42 IST" skipped="0">
  <testcase classname="Supplier_test.ScriptVATOnlyBillSToFRS_DefaultProfile" name="GoToUrlAssertUrlPositiveEnterUserNamePositiveEnterPasswordClickLoginButtonGoToUrlAssertUrlCl1" time="40.826"/>
  <system-out/>
  <testcase classname="Supplier_test.ScriptVATOnlyBillSToFRS_DefaultProfile" name="GoToUrlAssertUrlPositiveEnterUserNamePositiveEnterPasswordClickLoginButtonGoToUrlAssertUrlCl2" time="41.576"/>
  <system-out/>
</testsuite> <!-- Supplier_test.ScriptVATOnlyBillSToFRS_DefaultProfile -->
