<?xml version="1.0" encoding="UTF-8"?>
<!-- Generated by org.testng.reporters.JUnitReportReporter -->
<testsuite hostname="OB-Sum" failures="0" tests="1" name="PartialReconcileForSupplierBillSTOFlat.ScriptEditSettingToVATType_DefaultProfile" time="59.726" errors="0" timestamp="2022-02-06T06:55:33 IST" skipped="0">
  <testcase classname="PartialReconcileForSupplierBillSTOFlat.ScriptEditSettingToVATType_DefaultProfile" name="GoToUrlAssertUrlPositiveEnterUserNamePositiveEnterPasswordClickLoginButtonGoToUrlAssertUrlCl2" time="59.726"/>
  <system-out/>
</testsuite> <!-- PartialReconcileForSupplierBillSTOFlat.ScriptEditSettingToVATType_DefaultProfile -->
