<?xml version="1.0" encoding="UTF-8"?>
<!-- Generated by org.testng.reporters.JUnitReportReporter -->
<testsuite hostname="OB-Sum" failures="0" tests="3" name="Test_Trial_Balance_RE_Jour_Bank_Supp_3.TC_5_3_BS_FixedAsset_200_To_209_With_Journal_Bank_Supplier" time="435.197" errors="0" timestamp="2022-01-05T18:45:58 IST" skipped="0">
  <testcase classname="Test_Trial_Balance_RE_Jour_Bank_Supp_3.TC_5_3_BS_FixedAsset_200_To_209_With_Journal_Bank_Supplier" name="GoToUrlAssertUrlPositiveEnternLOGINPositiveEnternPASSClickLoginGoToUrlAssertUrlClickAgentsP2" time="190.220"/>
  <system-out/>
  <testcase classname="Test_Trial_Balance_RE_Jour_Bank_Supp_3.TC_5_3_BS_FixedAsset_200_To_209_With_Journal_Bank_Supplier" name="GoToUrlAssertUrlPositiveEnternLOGINPositiveEnternPASSClickLoginGoToUrlAssertUrlClickAgentsP1" time="62.098"/>
  <system-out>
    <![CDATA[ledger 1 entered :200 - Investment Properties Cost B/Fwd
ledger 2 entered :201 - Investment Properties Additions
ledger 3 entered :202 - Investment Properties Disposals
ledger 4 entered :203 - Investment Properties Revaluations
ledger 5 entered :204 - Investment Properties Transfers
ledger 5 entered :205 - Investment Properties Depreciation B/Fwd
ledger 7 entered :206 - Investment Properties Depreciation Disposal
ledger 8 entered :207 - Investment Properties Depreciation Revaluations
ledger 9 entered :208 - Investment Properties Depreciation Transfers
ledger 10 entered :209 - Investment Properties Depreciation Charge
Ledger code verified: Investment Properties Cost B/Fwd
Amount enter verified: 1,000.00
Ledger code verified: Investment Properties Additions
Amount enter verified: 1,000.00
Ledger code verified: Investment Properties Disposals
Amount enter verified: 1,000.00
Ledger code verified: Investment Properties Revaluations
Amount enter verified: 1,000.00
Ledger code verified: Investment Properties Transfers
Amount enter verified: 1,000.00
Ledger code verified: Investment Properties Depreciation B/Fwd
Amount enter verified: 1,000.00
Ledger code verified: Investment Properties Depreciation Disposal
Amount enter verified: 1,000.00
Ledger code verified: Investment Properties Depreciation Revaluations
Amount enter verified: 1,000.00
Ledger code verified: Investment Properties Depreciation Transfers
Amount enter verified: 1,000.00
Ledger code verified: Investment Properties Depreciation Charge
Amount enter verified: (9,000.00)
Enteries are Verified on Balance Sheet Report page :]]>
  </system-out>
  <testcase classname="Test_Trial_Balance_RE_Jour_Bank_Supp_3.TC_5_3_BS_FixedAsset_200_To_209_With_Journal_Bank_Supplier" name="GoToUrlAssertUrlPositiveEnternLOGINPositiveEnternPASSClickLoginGoToUrlAssertUrlClickAgentsP3" time="182.879"/>
  <system-out/>
</testsuite> <!-- Test_Trial_Balance_RE_Jour_Bank_Supp_3.TC_5_3_BS_FixedAsset_200_To_209_With_Journal_Bank_Supplier -->
