<?xml version="1.0" encoding="UTF-8"?>
<!-- Generated by org.testng.reporters.JUnitReportReporter -->
<testsuite hostname="OB-Sum" failures="0" tests="1" name="VAT3.FullREC_F2_NOVAT.Supplier_ScriptPostVATReturn3stVATReturnReport3" time="44.140" errors="0" timestamp="2022-02-06T06:55:31 IST" skipped="0">
  <testcase classname="VAT3.FullREC_F2_NOVAT.Supplier_ScriptPostVATReturn3stVATReturnReport3" name="GoToUrlAssertUrlPositiveEnterUserNamePositiveEnterPasswordClickLoginButtonGoToUrlAssertUrlCl" time="44.140"/>
  <system-out/>
</testsuite> <!-- VAT3.FullREC_F2_NOVAT.Supplier_ScriptPostVATReturn3stVATReturnReport3 -->
