<?xml version="1.0" encoding="UTF-8"?>
<!-- Generated by org.testng.reporters.JUnitReportReporter -->
<testsuite hostname="OB-Sum" failures="0" tests="1" name="VATPhase3_Banking_ToSale.ScriptVATReturn2stVATReturnReport_FlatToNoVAT_DefaultProfile_3" time="78.556" errors="0" timestamp="2022-02-06T06:55:37 IST" skipped="0">
  <testcase classname="VATPhase3_Banking_ToSale.ScriptVATReturn2stVATReturnReport_FlatToNoVAT_DefaultProfile_3" name="GoToUrlAssertUrlPositiveEnterUserNamePositiveEnterPasswordClickLoginButtonGoToUrlAssertUrlCl" time="78.556"/>
  <system-out/>
</testsuite> <!-- VATPhase3_Banking_ToSale.ScriptVATReturn2stVATReturnReport_FlatToNoVAT_DefaultProfile_3 -->
