<?xml version="1.0" encoding="UTF-8"?>
<!-- Generated by org.testng.reporters.JUnitReportReporter -->
<testsuite hostname="OB-Yogesh" failures="0" tests="1" name="VATPhase3.ScriptVATReturn1stVATReturnReport_StandToNoVAT_DefaultProfile_4" time="48.918" errors="0" timestamp="2021-05-06T00:22:12 IST" skipped="0">
  <testcase classname="VATPhase3.ScriptVATReturn1stVATReturnReport_StandToNoVAT_DefaultProfile_4" name="GoToUrlAssertUrlPositiveEnterUserNamePositiveEnterPasswordClickLoginButtonGoToUrlAssertUrlCl" time="48.918"/>
  <system-out/>
</testsuite> <!-- VATPhase3.ScriptVATReturn1stVATReturnReport_StandToNoVAT_DefaultProfile_4 -->
