<?xml version="1.0" encoding="UTF-8"?>
<!-- Generated by org.testng.reporters.JUnitReportReporter -->
<testsuite hostname="OB-Yogesh" failures="0" tests="1" name="ExpenceRemSToFlat.ScriptVATReturn2stVATReturnReport_SToFRS_DefaultProfile" time="78.812" errors="0" timestamp="2021-04-19T19:08:24 IST" skipped="0">
  <testcase classname="ExpenceRemSToFlat.ScriptVATReturn2stVATReturnReport_SToFRS_DefaultProfile" name="GoToUrlAssertUrlPositiveEnterUserNamePositiveEnterPasswordClickLoginButtonGoToUrlAssertUrlCl" time="78.812"/>
  <system-out/>
</testsuite> <!-- ExpenceRemSToFlat.ScriptVATReturn2stVATReturnReport_SToFRS_DefaultProfile -->
