<?xml version="1.0" encoding="UTF-8"?>
<!-- Generated by org.testng.reporters.JUnitReportReporter -->
<testsuite hostname="OB-Sum" failures="0" tests="5" name="VAT2.F2S.SaleInToReconcileForCreditNote_DefaultProfile1" time="605.400" errors="0" timestamp="2022-02-07T19:49:32 IST" skipped="0">
  <testcase classname="VAT2.F2S.SaleInToReconcileForCreditNote_DefaultProfile1" name="GoToUrlAssertUrlPositiveEnternLOGINPositiveEnternPASSClickLoginGoToUrlAssertUrlClickAgentsP6" time="137.100"/>
  <system-out/>
  <testcase classname="VAT2.F2S.SaleInToReconcileForCreditNote_DefaultProfile1" name="GoToUrlAssertUrlPositiveEnternLOGINPositiveEnternPASSClickLoginGoToUrlAssertUrlClickAgentsP7" time="117.231"/>
  <system-out/>
  <testcase classname="VAT2.F2S.SaleInToReconcileForCreditNote_DefaultProfile1" name="GoToUrlAssertUrlPositiveEnternLOGINPositiveEnternPASSClickLoginGoToUrlAssertUrlClickAgentsP3" time="113.350"/>
  <system-out/>
  <testcase classname="VAT2.F2S.SaleInToReconcileForCreditNote_DefaultProfile1" name="GoToUrlAssertUrlPositiveEnternLOGINPositiveEnternPASSClickLoginGoToUrlAssertUrlClickAgentsP71" time="123.274"/>
  <system-out/>
  <testcase classname="VAT2.F2S.SaleInToReconcileForCreditNote_DefaultProfile1" name="GoToUrlAssertUrlPositiveEnternLOGINPositiveEnternPASSClickLoginGoToUrlAssertUrlClickAgentsP2" time="114.445"/>
  <system-out/>
</testsuite> <!-- VAT2.F2S.SaleInToReconcileForCreditNote_DefaultProfile1 -->
