<?xml version="1.0" encoding="UTF-8"?>
<!-- Generated by org.testng.reporters.JUnitReportReporter -->
<testsuite hostname="OB-Sum" failures="0" tests="6" name="test.PartialReconcileOnFlatRate.SaleInToReconcile_DefaultProfile" time="458.156" errors="0" timestamp="2021-12-09T11:24:15 IST" skipped="0">
  <testcase classname="test.PartialReconcileOnFlatRate.SaleInToReconcile_DefaultProfile" name="GoToUrlAssertUrlPositiveEnternLOGINPositiveEnternPASSClickLoginGoToUrlAssertUrlClickAgentsP2" time="79.373"/>
  <system-out/>
  <testcase classname="test.PartialReconcileOnFlatRate.SaleInToReconcile_DefaultProfile" name="GoToUrlAssertUrlPositiveEnternLOGINPositiveEnternPASSClickLoginGoToUrlAssertUrlClickAgentsP3" time="78.536"/>
  <system-out/>
  <testcase classname="test.PartialReconcileOnFlatRate.SaleInToReconcile_DefaultProfile" name="GoToUrlAssertUrlPositiveEnternLOGINPositiveEnternPASSClickLoginGoToUrlAssertUrlClickAgentsP5" time="70.789"/>
  <system-out/>
  <testcase classname="test.PartialReconcileOnFlatRate.SaleInToReconcile_DefaultProfile" name="GoToUrlAssertUrlPositiveEnternLOGINPositiveEnternPASSClickLoginGoToUrlAssertUrlClickAgentsP6" time="75.599"/>
  <system-out/>
  <testcase classname="test.PartialReconcileOnFlatRate.SaleInToReconcile_DefaultProfile" name="GoToUrlAssertUrlPositiveEnternLOGINPositiveEnternPASSClickLoginGoToUrlAssertUrlClickAgentsP4" time="78.018"/>
  <system-out/>
  <testcase classname="test.PartialReconcileOnFlatRate.SaleInToReconcile_DefaultProfile" name="GoToUrlAssertUrlPositiveEnternLOGINPositiveEnternPASSClickLoginGoToUrlAssertUrlClickAgentsP1" time="75.841"/>
  <system-out/>
</testsuite> <!-- test.PartialReconcileOnFlatRate.SaleInToReconcile_DefaultProfile -->
