<?xml version="1.0" encoding="UTF-8"?>
<!-- Generated by org.testng.reporters.JUnitReportReporter -->
<testsuite hostname="OB-Sum" failures="0" tests="1" name="Supplier_STNDToFRS.ScriptSubcontractorBillSToFRS_DefaultProfile" time="43.325" errors="0" timestamp="2022-02-06T06:55:36 IST" skipped="0">
  <testcase classname="Supplier_STNDToFRS.ScriptSubcontractorBillSToFRS_DefaultProfile" name="GoToUrlAssertUrlPositiveEnterUserNamePositiveEnterPasswordClickLoginButtonGoToUrlAssertUrlCl" time="43.325"/>
  <system-out/>
</testsuite> <!-- Supplier_STNDToFRS.ScriptSubcontractorBillSToFRS_DefaultProfile -->
