<?xml version="1.0" encoding="UTF-8"?>
<!-- Generated by org.testng.reporters.JUnitReportReporter -->
<testsuite hostname="OB-Sum" failures="0" tests="6" name="test.PartialReconcileOnFlatRate.SaleInToReconcile_OnlyFlat_DefaultProfile" time="476.190" errors="0" timestamp="2021-12-19T01:41:01 IST" skipped="0">
  <testcase classname="test.PartialReconcileOnFlatRate.SaleInToReconcile_OnlyFlat_DefaultProfile" name="GoToUrlAssertUrlPositiveEnternLOGINPositiveEnternPASSClickLoginGoToUrlAssertUrlClickAgentsP4" time="88.514"/>
  <system-out/>
  <testcase classname="test.PartialReconcileOnFlatRate.SaleInToReconcile_OnlyFlat_DefaultProfile" name="GoToUrlAssertUrlPositiveEnternLOGINPositiveEnternPASSClickLoginGoToUrlAssertUrlClickAgentsP6" time="74.791"/>
  <system-out/>
  <testcase classname="test.PartialReconcileOnFlatRate.SaleInToReconcile_OnlyFlat_DefaultProfile" name="GoToUrlAssertUrlPositiveEnternLOGINPositiveEnternPASSClickLoginGoToUrlAssertUrlClickAgentsP5" time="78.039"/>
  <system-out/>
  <testcase classname="test.PartialReconcileOnFlatRate.SaleInToReconcile_OnlyFlat_DefaultProfile" name="GoToUrlAssertUrlPositiveEnternLOGINPositiveEnternPASSClickLoginGoToUrlAssertUrlClickAgentsP1" time="75.250"/>
  <system-out/>
  <testcase classname="test.PartialReconcileOnFlatRate.SaleInToReconcile_OnlyFlat_DefaultProfile" name="GoToUrlAssertUrlPositiveEnternLOGINPositiveEnternPASSClickLoginGoToUrlAssertUrlClickAgentsP3" time="80.001"/>
  <system-out/>
  <testcase classname="test.PartialReconcileOnFlatRate.SaleInToReconcile_OnlyFlat_DefaultProfile" name="GoToUrlAssertUrlPositiveEnternLOGINPositiveEnternPASSClickLoginGoToUrlAssertUrlClickAgentsP2" time="79.595"/>
  <system-out/>
</testsuite> <!-- test.PartialReconcileOnFlatRate.SaleInToReconcile_OnlyFlat_DefaultProfile -->
