<?xml version="1.0" encoding="UTF-8"?>
<!-- Generated by org.testng.reporters.JUnitReportReporter -->
<testsuite hostname="OB-Sum" failures="0" tests="1" name="test.FlatToStandard.ScriptVATReturn1stVATReturnReport_FlatToStandard_DefaultProfile" time="53.953" errors="0" timestamp="2022-02-06T06:55:29 IST" skipped="0">
  <testcase classname="test.FlatToStandard.ScriptVATReturn1stVATReturnReport_FlatToStandard_DefaultProfile" name="GoToUrlAssertUrlPositiveEnterUserNamePositiveEnterPasswordClickLoginButtonGoToUrlAssertUrlCl" time="53.953"/>
  <system-out/>
</testsuite> <!-- test.FlatToStandard.ScriptVATReturn1stVATReturnReport_FlatToStandard_DefaultProfile -->
