<?xml version="1.0" encoding="UTF-8"?>
<!-- Generated by org.testng.reporters.JUnitReportReporter -->
<testsuite hostname="OB-Sum" failures="0" tests="2" name="Supplier_test.ScriptVATOnlyBillSToFRS_DefaultProfile" time="110.493" errors="0" timestamp="2021-12-03T13:29:25 IST" skipped="0">
  <testcase classname="Supplier_test.ScriptVATOnlyBillSToFRS_DefaultProfile" name="GoToUrlAssertUrlPositiveEnterUserNamePositiveEnterPasswordClickLoginButtonGoToUrlAssertUrlCl2" time="53.192"/>
  <system-out/>
  <testcase classname="Supplier_test.ScriptVATOnlyBillSToFRS_DefaultProfile" name="GoToUrlAssertUrlPositiveEnterUserNamePositiveEnterPasswordClickLoginButtonGoToUrlAssertUrlCl1" time="57.301"/>
  <system-out/>
</testsuite> <!-- Supplier_test.ScriptVATOnlyBillSToFRS_DefaultProfile -->
