<?xml version="1.0" encoding="UTF-8"?>
<!-- Generated by org.testng.reporters.JUnitReportReporter -->
<testsuite hostname="OB-Sum" failures="0" tests="6" name="VAT2.S2NoVAT.S2noVAT_SaleInToReconcile_11" time="558.641" errors="0" timestamp="2021-12-01T04:35:04 IST" skipped="0">
  <testcase classname="VAT2.S2NoVAT.S2noVAT_SaleInToReconcile_11" name="GoToUrlAssertUrlPositiveEnternLOGINPositiveEnternPASSClickLoginGoToUrlAssertUrlClickAgentsP4" time="94.892"/>
  <system-out/>
  <testcase classname="VAT2.S2NoVAT.S2noVAT_SaleInToReconcile_11" name="GoToUrlAssertUrlPositiveEnternLOGINPositiveEnternPASSClickLoginGoToUrlAssertUrlClickAgentsP6" time="90.790"/>
  <system-out/>
  <testcase classname="VAT2.S2NoVAT.S2noVAT_SaleInToReconcile_11" name="GoToUrlAssertUrlPositiveEnternLOGINPositiveEnternPASSClickLoginGoToUrlAssertUrlClickAgentsP1" time="92.800"/>
  <system-out/>
  <testcase classname="VAT2.S2NoVAT.S2noVAT_SaleInToReconcile_11" name="GoToUrlAssertUrlPositiveEnternLOGINPositiveEnternPASSClickLoginGoToUrlAssertUrlClickAgentsP2" time="97.360"/>
  <system-out/>
  <testcase classname="VAT2.S2NoVAT.S2noVAT_SaleInToReconcile_11" name="GoToUrlAssertUrlPositiveEnternLOGINPositiveEnternPASSClickLoginGoToUrlAssertUrlClickAgentsP3" time="91.307"/>
  <system-out/>
  <testcase classname="VAT2.S2NoVAT.S2noVAT_SaleInToReconcile_11" name="GoToUrlAssertUrlPositiveEnternLOGINPositiveEnternPASSClickLoginGoToUrlAssertUrlClickAgentsP5" time="91.492"/>
  <system-out/>
</testsuite> <!-- VAT2.S2NoVAT.S2noVAT_SaleInToReconcile_11 -->
