<?xml version="1.0" encoding="UTF-8"?>
<!-- Generated by org.testng.reporters.JUnitReportReporter -->
<testsuite hostname="OB-Yogesh" failures="0" tests="1" name="VATPhase3_Banking_allocateToExp.ScriptVATReturn3stVATReturnReport_StandToNoVAT_DefaultProfile_4" time="46.087" errors="0" timestamp="2021-05-13T14:06:07 IST" skipped="0">
  <testcase classname="VATPhase3_Banking_allocateToExp.ScriptVATReturn3stVATReturnReport_StandToNoVAT_DefaultProfile_4" name="GoToUrlAssertUrlPositiveEnterUserNamePositiveEnterPasswordClickLoginButtonGoToUrlAssertUrlCl" time="46.087"/>
  <system-out/>
</testsuite> <!-- VATPhase3_Banking_allocateToExp.ScriptVATReturn3stVATReturnReport_StandToNoVAT_DefaultProfile_4 -->
