<?xml version="1.0" encoding="UTF-8"?>
<!-- Generated by org.testng.reporters.JUnitReportReporter -->
<testsuite hostname="OB-Yogesh" failures="0" tests="6" name="tests.ScriptSaleCreditNote_SToNOVAT_DefaultProfile" time="297.293" errors="0" timestamp="2021-02-17T01:44:44 IST" skipped="0">
  <testcase classname="tests.ScriptSaleCreditNote_SToNOVAT_DefaultProfile" name="GoToUrlAssertUrlPositiveEnterUserNamePositiveEnterPasswordClickLoginButtonGoToUrlAssertUrlCl2" time="49.728"/>
  <system-out/>
  <testcase classname="tests.ScriptSaleCreditNote_SToNOVAT_DefaultProfile" name="GoToUrlAssertUrlPositiveEnterUserNamePositiveEnterPasswordClickLoginButtonGoToUrlAssertUrlCl5" time="46.529"/>
  <system-out/>
  <testcase classname="tests.ScriptSaleCreditNote_SToNOVAT_DefaultProfile" name="GoToUrlAssertUrlPositiveEnterUserNamePositiveEnterPasswordClickLoginButtonGoToUrlAssertUrlCl3" time="50.732"/>
  <system-out/>
  <testcase classname="tests.ScriptSaleCreditNote_SToNOVAT_DefaultProfile" name="GoToUrlAssertUrlPositiveEnterUserNamePositiveEnterPasswordClickLoginButtonGoToUrlAssertUrlCl4" time="47.727"/>
  <system-out/>
  <testcase classname="tests.ScriptSaleCreditNote_SToNOVAT_DefaultProfile" name="GoToUrlAssertUrlPositiveEnterUserNamePositiveEnterPasswordClickLoginButtonGoToUrlAssertUrlCl1" time="51.164"/>
  <system-out/>
  <testcase classname="tests.ScriptSaleCreditNote_SToNOVAT_DefaultProfile" name="GoToUrlAssertUrlPositiveEnterUserNamePositiveEnterPasswordClickLoginButtonGoToUrlAssertUrlCl6" time="51.413"/>
  <system-out/>
</testsuite> <!-- tests.ScriptSaleCreditNote_SToNOVAT_DefaultProfile -->
