<?xml version="1.0" encoding="UTF-8"?>
<!-- Generated by org.testng.reporters.JUnitReportReporter -->
<testsuite hostname="OB-Yogesh" failures="0" tests="6" name="tests.Script2SaleCreditNote_DefaultProfile" time="395.697" errors="0" timestamp="2021-02-03T14:19:54 IST" skipped="0">
  <testcase classname="tests.Script2SaleCreditNote_DefaultProfile" name="GoToUrlAssertUrlPositiveEnterUserNamePositiveEnterPasswordClickLoginButtonGoToUrlAssertUrlCl3" time="60.947"/>
  <system-out/>
  <testcase classname="tests.Script2SaleCreditNote_DefaultProfile" name="GoToUrlAssertUrlPositiveEnterUserNamePositiveEnterPasswordClickLoginButtonGoToUrlAssertUrlCl2" time="58.061"/>
  <system-out/>
  <testcase classname="tests.Script2SaleCreditNote_DefaultProfile" name="GoToUrlAssertUrlPositiveEnterUserNamePositiveEnterPasswordClickLoginButtonGoToUrlAssertUrlCl5" time="61.460"/>
  <system-out/>
  <testcase classname="tests.Script2SaleCreditNote_DefaultProfile" name="GoToUrlAssertUrlPositiveEnterUserNamePositiveEnterPasswordClickLoginButtonGoToUrlAssertUrlCl1" time="63.324"/>
  <system-out/>
  <testcase classname="tests.Script2SaleCreditNote_DefaultProfile" name="GoToUrlAssertUrlPositiveEnterUserNamePositiveEnterPasswordClickLoginButtonGoToUrlAssertUrlCl6" time="94.083"/>
  <system-out/>
  <testcase classname="tests.Script2SaleCreditNote_DefaultProfile" name="GoToUrlAssertUrlPositiveEnterUserNamePositiveEnterPasswordClickLoginButtonGoToUrlAssertUrlCl4" time="57.822"/>
  <system-out/>
</testsuite> <!-- tests.Script2SaleCreditNote_DefaultProfile -->
