<?xml version="1.0" encoding="UTF-8"?>
<!-- Generated by org.testng.reporters.JUnitReportReporter -->
<testsuite hostname="OB-Sum" failures="0" tests="1" name="tests.ScriptVerifyByTrialBalanceDefaultProfile_SToNOVAT" time="57.286" errors="0" timestamp="2022-02-06T06:55:29 IST" skipped="0">
  <testcase classname="tests.ScriptVerifyByTrialBalanceDefaultProfile_SToNOVAT" name="GoToUrlAssertUrlPositiveEnterUserNamePositiveEnterPasswordClickLoginButtonGoToUrlAssertUrlCl" time="57.286"/>
  <system-out/>
</testsuite> <!-- tests.ScriptVerifyByTrialBalanceDefaultProfile_SToNOVAT -->
