<?xml version="1.0" encoding="UTF-8"?>
<!-- Generated by org.testng.reporters.JUnitReportReporter -->
<testsuite hostname="OB-Sum" failures="0" tests="6" name="test.FlatToFlatPer.ScriptSaleCreditNote_FlatToFlatP_DefaultProfile" time="400.105" errors="0" timestamp="2022-02-06T06:55:29 IST" skipped="0">
  <testcase classname="test.FlatToFlatPer.ScriptSaleCreditNote_FlatToFlatP_DefaultProfile" name="GoToUrlAssertUrlPositiveEnterUserNamePositiveEnterPasswordClickLoginButtonGoToUrlAssertUrlCl4" time="66.930"/>
  <system-out/>
  <testcase classname="test.FlatToFlatPer.ScriptSaleCreditNote_FlatToFlatP_DefaultProfile" name="GoToUrlAssertUrlPositiveEnterUserNamePositiveEnterPasswordClickLoginButtonGoToUrlAssertUrlCl1" time="67.131"/>
  <system-out/>
  <testcase classname="test.FlatToFlatPer.ScriptSaleCreditNote_FlatToFlatP_DefaultProfile" name="GoToUrlAssertUrlPositiveEnterUserNamePositiveEnterPasswordClickLoginButtonGoToUrlAssertUrlCl2" time="65.870"/>
  <system-out/>
  <testcase classname="test.FlatToFlatPer.ScriptSaleCreditNote_FlatToFlatP_DefaultProfile" name="GoToUrlAssertUrlPositiveEnterUserNamePositiveEnterPasswordClickLoginButtonGoToUrlAssertUrlCl5" time="67.535"/>
  <system-out/>
  <testcase classname="test.FlatToFlatPer.ScriptSaleCreditNote_FlatToFlatP_DefaultProfile" name="GoToUrlAssertUrlPositiveEnterUserNamePositiveEnterPasswordClickLoginButtonGoToUrlAssertUrlCl6" time="65.095"/>
  <system-out/>
  <testcase classname="test.FlatToFlatPer.ScriptSaleCreditNote_FlatToFlatP_DefaultProfile" name="GoToUrlAssertUrlPositiveEnterUserNamePositiveEnterPasswordClickLoginButtonGoToUrlAssertUrlCl3" time="67.544"/>
  <system-out/>
</testsuite> <!-- test.FlatToFlatPer.ScriptSaleCreditNote_FlatToFlatP_DefaultProfile -->
