<?xml version="1.0" encoding="UTF-8"?>
<!-- Generated by org.testng.reporters.JUnitReportReporter -->
<testsuite hostname="OB-Sum" failures="0" tests="6" name="test.FlatToFlatPer.ScriptSaleCreditNote_FlatToFlatP_DefaultProfile" time="379.302" errors="0" timestamp="2021-12-09T11:24:15 IST" skipped="0">
  <testcase classname="test.FlatToFlatPer.ScriptSaleCreditNote_FlatToFlatP_DefaultProfile" name="GoToUrlAssertUrlPositiveEnterUserNamePositiveEnterPasswordClickLoginButtonGoToUrlAssertUrlCl2" time="63.167"/>
  <system-out/>
  <testcase classname="test.FlatToFlatPer.ScriptSaleCreditNote_FlatToFlatP_DefaultProfile" name="GoToUrlAssertUrlPositiveEnterUserNamePositiveEnterPasswordClickLoginButtonGoToUrlAssertUrlCl1" time="64.849"/>
  <system-out/>
  <testcase classname="test.FlatToFlatPer.ScriptSaleCreditNote_FlatToFlatP_DefaultProfile" name="GoToUrlAssertUrlPositiveEnterUserNamePositiveEnterPasswordClickLoginButtonGoToUrlAssertUrlCl4" time="62.172"/>
  <system-out/>
  <testcase classname="test.FlatToFlatPer.ScriptSaleCreditNote_FlatToFlatP_DefaultProfile" name="GoToUrlAssertUrlPositiveEnterUserNamePositiveEnterPasswordClickLoginButtonGoToUrlAssertUrlCl3" time="62.899"/>
  <system-out/>
  <testcase classname="test.FlatToFlatPer.ScriptSaleCreditNote_FlatToFlatP_DefaultProfile" name="GoToUrlAssertUrlPositiveEnterUserNamePositiveEnterPasswordClickLoginButtonGoToUrlAssertUrlCl5" time="61.880"/>
  <system-out/>
  <testcase classname="test.FlatToFlatPer.ScriptSaleCreditNote_FlatToFlatP_DefaultProfile" name="GoToUrlAssertUrlPositiveEnterUserNamePositiveEnterPasswordClickLoginButtonGoToUrlAssertUrlCl6" time="64.335"/>
  <system-out/>
</testsuite> <!-- test.FlatToFlatPer.ScriptSaleCreditNote_FlatToFlatP_DefaultProfile -->
