<?xml version="1.0" encoding="UTF-8"?>
<!-- Generated by org.testng.reporters.JUnitReportReporter -->
<testsuite hostname="OB-Sum" failures="0" tests="6" name="Supplier_FRSToStandard.ScriptDebitNoteFRSToStandard_DefaultProfile" time="337.030" errors="0" timestamp="2021-12-09T11:24:14 IST" skipped="0">
  <testcase classname="Supplier_FRSToStandard.ScriptDebitNoteFRSToStandard_DefaultProfile" name="GoToUrlAssertUrlPositiveEnterUserNamePositiveEnterPasswordClickLoginButtonGoToUrlAssertUrlCl1" time="57.330"/>
  <system-out/>
  <testcase classname="Supplier_FRSToStandard.ScriptDebitNoteFRSToStandard_DefaultProfile" name="GoToUrlAssertUrlPositiveEnterUserNamePositiveEnterPasswordClickLoginButtonGoToUrlAssertUrlCl2" time="55.100"/>
  <system-out/>
  <testcase classname="Supplier_FRSToStandard.ScriptDebitNoteFRSToStandard_DefaultProfile" name="GoToUrlAssertUrlPositiveEnterUserNamePositiveEnterPasswordClickLoginButtonGoToUrlAssertUrlCl5" time="57.346"/>
  <system-out/>
  <testcase classname="Supplier_FRSToStandard.ScriptDebitNoteFRSToStandard_DefaultProfile" name="GoToUrlAssertUrlPositiveEnterUserNamePositiveEnterPasswordClickLoginButtonGoToUrlAssertUrlCl3" time="57.714"/>
  <system-out/>
  <testcase classname="Supplier_FRSToStandard.ScriptDebitNoteFRSToStandard_DefaultProfile" name="GoToUrlAssertUrlPositiveEnterUserNamePositiveEnterPasswordClickLoginButtonGoToUrlAssertUrlCl4" time="54.001"/>
  <system-out/>
  <testcase classname="Supplier_FRSToStandard.ScriptDebitNoteFRSToStandard_DefaultProfile" name="GoToUrlAssertUrlPositiveEnterUserNamePositiveEnterPasswordClickLoginButtonGoToUrlAssertUrlCl6" time="55.539"/>
  <system-out/>
</testsuite> <!-- Supplier_FRSToStandard.ScriptDebitNoteFRSToStandard_DefaultProfile -->
