<?xml version="1.0" encoding="UTF-8"?>
<!-- Generated by org.testng.reporters.JUnitReportReporter -->
<testsuite hostname="OB-Yogesh" failures="0" tests="1" name="PartialReconcileByBankForSupplierBillFlatToFlatPer.ScriptFlatToFlatP_DefaultProfile" time="87.546" errors="0" timestamp="2021-04-25T20:30:40 IST" skipped="0">
  <testcase classname="PartialReconcileByBankForSupplierBillFlatToFlatPer.ScriptFlatToFlatP_DefaultProfile" name="GoToUrlAssertUrlPositiveEnterUserNamePositiveEnterPasswordClickLoginButtonGoToUrlAssertUrlCl1" time="87.546"/>
  <system-out/>
</testsuite> <!-- PartialReconcileByBankForSupplierBillFlatToFlatPer.ScriptFlatToFlatP_DefaultProfile -->
