<?xml version="1.0" encoding="UTF-8"?>
<!-- Generated by org.testng.reporters.JUnitReportReporter -->
<testsuite hostname="OB-Sum" failures="0" tests="6" name="VAT3_InvoiceFullyReconcile.SaleInToFullyReconcileForCreditNote_DefaultProfile_3" time="427.209" errors="0" timestamp="2021-11-25T12:11:11 IST" skipped="0">
  <testcase classname="VAT3_InvoiceFullyReconcile.SaleInToFullyReconcileForCreditNote_DefaultProfile_3" name="GoToUrlAssertUrlPositiveEnternLOGINPositiveEnternPASSClickLoginGoToUrlAssertUrlClickAgentsP4" time="71.383"/>
  <system-out/>
  <testcase classname="VAT3_InvoiceFullyReconcile.SaleInToFullyReconcileForCreditNote_DefaultProfile_3" name="GoToUrlAssertUrlPositiveEnternLOGINPositiveEnternPASSClickLoginGoToUrlAssertUrlClickAgentsP2" time="72.292"/>
  <system-out/>
  <testcase classname="VAT3_InvoiceFullyReconcile.SaleInToFullyReconcileForCreditNote_DefaultProfile_3" name="GoToUrlAssertUrlPositiveEnternLOGINPositiveEnternPASSClickLoginGoToUrlAssertUrlClickAgentsP3" time="71.586"/>
  <system-out/>
  <testcase classname="VAT3_InvoiceFullyReconcile.SaleInToFullyReconcileForCreditNote_DefaultProfile_3" name="GoToUrlAssertUrlPositiveEnternLOGINPositiveEnternPASSClickLoginGoToUrlAssertUrlClickAgentsP1" time="70.278"/>
  <system-out/>
  <testcase classname="VAT3_InvoiceFullyReconcile.SaleInToFullyReconcileForCreditNote_DefaultProfile_3" name="GoToUrlAssertUrlPositiveEnternLOGINPositiveEnternPASSClickLoginGoToUrlAssertUrlClickAgentsP6" time="70.611"/>
  <system-out/>
  <testcase classname="VAT3_InvoiceFullyReconcile.SaleInToFullyReconcileForCreditNote_DefaultProfile_3" name="GoToUrlAssertUrlPositiveEnternLOGINPositiveEnternPASSClickLoginGoToUrlAssertUrlClickAgentsP5" time="71.059"/>
  <system-out/>
</testsuite> <!-- VAT3_InvoiceFullyReconcile.SaleInToFullyReconcileForCreditNote_DefaultProfile_3 -->
