<?xml version="1.0" encoding="UTF-8"?>
<!-- Generated by org.testng.reporters.JUnitReportReporter -->
<testsuite hostname="OB-Sum" failures="0" tests="1" name="tests.ScriptVATReturn2stVATReturnReport_SToNOVAT_DefaultProfile" time="73.360" errors="0" timestamp="2022-02-06T06:55:37 IST" skipped="0">
  <testcase classname="tests.ScriptVATReturn2stVATReturnReport_SToNOVAT_DefaultProfile" name="GoToUrlAssertUrlPositiveEnterUserNamePositiveEnterPasswordClickLoginButtonGoToUrlAssertUrlCl" time="73.360"/>
  <system-out/>
</testsuite> <!-- tests.ScriptVATReturn2stVATReturnReport_SToNOVAT_DefaultProfile -->
