<?xml version="1.0" encoding="UTF-8"?>
<!-- Generated by org.testng.reporters.JUnitReportReporter -->
<testsuite hostname="OB-Sum" failures="0" tests="3" name="tests.BalanceSheet_Bf.TC_04_BSBFFixedAsset2529_DefaultProfile" time="421.959" errors="0" timestamp="2022-03-03T17:00:06 IST" skipped="0">
  <testcase classname="tests.BalanceSheet_Bf.TC_04_BSBFFixedAsset2529_DefaultProfile" name="GoToUrlAssertUrlPositiveEnternLOGINPositiveEnternPASSClickLoginGoToUrlAssertUrlClickAgentsP1" time="164.959"/>
  <system-out>
    <![CDATA[Accounting Period Status : Account UnClosed 
Accounting Period Status : Account UnLocked
ledger 1 entered :26 - Patents Amortisation Disposals
ledger 2 entered :27 - Patents Amortisation Revaluations
ledger 3 entered :28 - Patents Amortisation Transfers
ledger 4 entered :29 - Patents Amortisation Charge
ledger 5 entered :1400 - Default Bank
Accounting Period Status :- Account period closed
Ledger code verified: Patents Amortisation B/Fwd
Ledger code verified: Default Bank
Amount enter verified: 4,600.00
Amount enter verified: (4,600.00)
Enteries are Verified on Balance Sheet Report page :]]>
  </system-out>
  <testcase classname="tests.BalanceSheet_Bf.TC_04_BSBFFixedAsset2529_DefaultProfile" name="GoToUrlAssertUrlPositiveEnternLOGINPositiveEnternPASSClickLoginGoToUrlAssertUrlClickAgentsP3" time="137.433"/>
  <system-out>
    <![CDATA[Accounting Period Status : Account UnClosed 
Accounting Period Status : Account UnLocked
Accounting Period Status :- Account period closed]]>
  </system-out>
  <testcase classname="tests.BalanceSheet_Bf.TC_04_BSBFFixedAsset2529_DefaultProfile" name="GoToUrlAssertUrlPositiveEnternLOGINPositiveEnternPASSClickLoginGoToUrlAssertUrlClickAgentsP2" time="119.567"/>
  <system-out>
    <![CDATA[Accounting Period Status : Account UnClosed 
Accounting Period Status : Account UnLocked
Accounting Period Status :- Account period closed]]>
  </system-out>
</testsuite> <!-- tests.BalanceSheet_Bf.TC_04_BSBFFixedAsset2529_DefaultProfile -->
