<?xml version="1.0" encoding="UTF-8"?>
<!-- Generated by org.testng.reporters.JUnitReportReporter -->
<testsuite hostname="OB-Sum" failures="0" tests="2" name="Supplier_SToNoVAT.ScriptVATOnlyBillSToNOVAT_DefaultProfile" time="112.055" errors="0" timestamp="2021-12-19T01:41:00 IST" skipped="0">
  <testcase classname="Supplier_SToNoVAT.ScriptVATOnlyBillSToNOVAT_DefaultProfile" name="GoToUrlAssertUrlPositiveEnterUserNamePositiveEnterPasswordClickLoginButtonGoToUrlAssertUrlCl1" time="56.463"/>
  <system-out/>
  <testcase classname="Supplier_SToNoVAT.ScriptVATOnlyBillSToNOVAT_DefaultProfile" name="GoToUrlAssertUrlPositiveEnterUserNamePositiveEnterPasswordClickLoginButtonGoToUrlAssertUrlCl2" time="55.592"/>
  <system-out/>
</testsuite> <!-- Supplier_SToNoVAT.ScriptVATOnlyBillSToNOVAT_DefaultProfile -->
