<?xml version="1.0" encoding="UTF-8"?>
<!-- Generated by org.testng.reporters.JUnitReportReporter -->
<testsuite hostname="OB-Sum" failures="0" tests="5" name="VAT2.F2S.SaleInToReconcileForCreditNote_DefaultProfile1" time="555.614" errors="0" timestamp="2021-12-01T04:35:04 IST" skipped="0">
  <testcase classname="VAT2.F2S.SaleInToReconcileForCreditNote_DefaultProfile1" name="GoToUrlAssertUrlPositiveEnternLOGINPositiveEnternPASSClickLoginGoToUrlAssertUrlClickAgentsP6" time="130.873"/>
  <system-out/>
  <testcase classname="VAT2.F2S.SaleInToReconcileForCreditNote_DefaultProfile1" name="GoToUrlAssertUrlPositiveEnternLOGINPositiveEnternPASSClickLoginGoToUrlAssertUrlClickAgentsP71" time="105.004"/>
  <system-out/>
  <testcase classname="VAT2.F2S.SaleInToReconcileForCreditNote_DefaultProfile1" name="GoToUrlAssertUrlPositiveEnternLOGINPositiveEnternPASSClickLoginGoToUrlAssertUrlClickAgentsP7" time="105.675"/>
  <system-out/>
  <testcase classname="VAT2.F2S.SaleInToReconcileForCreditNote_DefaultProfile1" name="GoToUrlAssertUrlPositiveEnternLOGINPositiveEnternPASSClickLoginGoToUrlAssertUrlClickAgentsP2" time="105.587"/>
  <system-out/>
  <testcase classname="VAT2.F2S.SaleInToReconcileForCreditNote_DefaultProfile1" name="GoToUrlAssertUrlPositiveEnternLOGINPositiveEnternPASSClickLoginGoToUrlAssertUrlClickAgentsP3" time="108.475"/>
  <system-out/>
</testsuite> <!-- VAT2.F2S.SaleInToReconcileForCreditNote_DefaultProfile1 -->
