<?xml version="1.0" encoding="UTF-8"?>
<!-- Generated by org.testng.reporters.JUnitReportReporter -->
<testsuite hostname="OB-Sum" failures="0" tests="1" name="test.PartialReconcileOnStandard.ScriptVATReturn3stVATReturnReport_SToFlat_DefaultProfile" time="49.506" errors="0" timestamp="2021-12-09T11:24:15 IST" skipped="0">
  <testcase classname="test.PartialReconcileOnStandard.ScriptVATReturn3stVATReturnReport_SToFlat_DefaultProfile" name="GoToUrlAssertUrlPositiveEnterUserNamePositiveEnterPasswordClickLoginButtonGoToUrlAssertUrlCl" time="49.506"/>
  <system-out/>
</testsuite> <!-- test.PartialReconcileOnStandard.ScriptVATReturn3stVATReturnReport_SToFlat_DefaultProfile -->
