<?xml version="1.0" encoding="UTF-8"?>
<!-- Generated by org.testng.reporters.JUnitReportReporter -->
<testsuite hostname="OB-Sum" failures="0" tests="1" name="VAT2.F2S.ScriptPostVATReturn3stVATReturnReport_SToFlat_DefaultProfile1" time="37.507" errors="0" timestamp="2021-12-19T01:40:59 IST" skipped="0">
  <testcase classname="VAT2.F2S.ScriptPostVATReturn3stVATReturnReport_SToFlat_DefaultProfile1" name="GoToUrlAssertUrlPositiveEnterUserNamePositiveEnterPasswordClickLoginButtonGoToUrlAssertUrlCl" time="37.507"/>
  <system-out/>
</testsuite> <!-- VAT2.F2S.ScriptPostVATReturn3stVATReturnReport_SToFlat_DefaultProfile1 -->
