<?xml version="1.0" encoding="UTF-8"?>
<!-- Generated by org.testng.reporters.JUnitReportReporter -->
<testsuite hostname="OB-Sum" failures="0" tests="2" name="test.FlatToFlatPer.ScriptVATOnlyInvoice_FlatToFlatP_DefaultProfile" time="128.044" errors="0" timestamp="2021-12-09T11:24:15 IST" skipped="0">
  <testcase classname="test.FlatToFlatPer.ScriptVATOnlyInvoice_FlatToFlatP_DefaultProfile" name="GoToUrlAssertUrlPositiveEnterUserNamePositiveEnterPasswordClickLoginButtonGoToUrlAssertUrlCl2" time="77.913"/>
  <system-out/>
  <testcase classname="test.FlatToFlatPer.ScriptVATOnlyInvoice_FlatToFlatP_DefaultProfile" name="GoToUrlAssertUrlPositiveEnterUserNamePositiveEnterPasswordClickLoginButtonGoToUrlAssertUrlCl1" time="50.131"/>
  <system-out/>
</testsuite> <!-- test.FlatToFlatPer.ScriptVATOnlyInvoice_FlatToFlatP_DefaultProfile -->
