<?xml version="1.0" encoding="UTF-8"?>
<!-- Generated by org.testng.reporters.JUnitReportReporter -->
<testsuite hostname="OB-Sum" failures="0" tests="1" name="VAT3_UnReconciled_S2_NOVAT.Un_addvatrate_Addvat_S2NOVAT" time="46.309" errors="0" timestamp="2021-11-26T18:13:06 IST" skipped="0">
  <testcase classname="VAT3_UnReconciled_S2_NOVAT.Un_addvatrate_Addvat_S2NOVAT" name="GoToUrlAssertUrlPositiveSelectVATStatus1PositiveEnterEffectiveDatePositiveSelectFlatrateBusines" time="46.309"/>
  <system-out/>
</testsuite> <!-- VAT3_UnReconciled_S2_NOVAT.Un_addvatrate_Addvat_S2NOVAT -->
