<?xml version="1.0" encoding="UTF-8"?>
<!-- Generated by org.testng.reporters.JUnitReportReporter -->
<testsuite hostname="OB-Yogesh" failures="0" tests="1" name="PartialReconciledCases.tr_nidbanktrn" time="45.588" errors="0" timestamp="2021-03-08T22:32:11 IST" skipped="0">
  <testcase classname="PartialReconciledCases.tr_nidbanktrn" name="nidbanktrnGoToUrlAssertUrlPositiveEnternLOGINPositiveEnternPASSClickLoginGoToUrlAssertUrlCl1" time="45.588"/>
  <system-out/>
</testsuite> <!-- PartialReconciledCases.tr_nidbanktrn -->
