<?xml version="1.0" encoding="UTF-8"?>
<!-- Generated by org.testng.reporters.JUnitReportReporter -->
<testsuite hostname="OB-Sum" failures="0" tests="1" name="Test_Trial_Balance_Report.TC_01_LadgerCode_7016_7400_2091_Report" time="110.600" errors="0" timestamp="2022-02-19T09:42:02 IST" skipped="0">
  <testcase classname="Test_Trial_Balance_Report.TC_01_LadgerCode_7016_7400_2091_Report" name="GoToUrlAssertUrlPositiveEnternLOGINPositiveEnternPASSClickLoginGoToUrlAssertUrlClickAgentsP1_TC_01_LadgerCode_7016_7400_2091_Report" time="110.600"/>
  <system-out/>
</testsuite> <!-- Test_Trial_Balance_Report.TC_01_LadgerCode_7016_7400_2091_Report -->
