<?xml version="1.0" encoding="UTF-8"?>
<!-- Generated by org.testng.reporters.JUnitReportReporter -->
<testsuite hostname="OB-Sum" failures="0" tests="1" name="Supplier_FRSToFRSP.ScriptVATReturn3stVATReturnReport_FRSToStandard_DefaultProfile" time="45.812" errors="0" timestamp="2021-12-19T01:41:01 IST" skipped="0">
  <testcase classname="Supplier_FRSToFRSP.ScriptVATReturn3stVATReturnReport_FRSToStandard_DefaultProfile" name="GoToUrlAssertUrlPositiveEnterUserNamePositiveEnterPasswordClickLoginButtonGoToUrlAssertUrlCl" time="45.812"/>
  <system-out/>
</testsuite> <!-- Supplier_FRSToFRSP.ScriptVATReturn3stVATReturnReport_FRSToStandard_DefaultProfile -->
