<?xml version="1.0" encoding="UTF-8"?>
<!-- Generated by org.testng.reporters.JUnitReportReporter -->
<testsuite hostname="OB-Sum" failures="0" tests="2" name="test.FlatToFlatPer.ScriptVATOnlyInvoice_FlatToFlatP_DefaultProfile" time="117.085" errors="0" timestamp="2022-02-06T06:55:36 IST" skipped="0">
  <testcase classname="test.FlatToFlatPer.ScriptVATOnlyInvoice_FlatToFlatP_DefaultProfile" name="GoToUrlAssertUrlPositiveEnterUserNamePositiveEnterPasswordClickLoginButtonGoToUrlAssertUrlCl1" time="58.708"/>
  <system-out/>
  <testcase classname="test.FlatToFlatPer.ScriptVATOnlyInvoice_FlatToFlatP_DefaultProfile" name="GoToUrlAssertUrlPositiveEnterUserNamePositiveEnterPasswordClickLoginButtonGoToUrlAssertUrlCl2" time="58.377"/>
  <system-out/>
</testsuite> <!-- test.FlatToFlatPer.ScriptVATOnlyInvoice_FlatToFlatP_DefaultProfile -->
