<?xml version="1.0" encoding="UTF-8"?>
<!-- Generated by org.testng.reporters.JUnitReportReporter -->
<testsuite hostname="OB-Sum" failures="0" tests="2" name="VAT2.S2F.SaleInToReconcileForVATOnly_StoF_Cus" time="213.020" errors="0" timestamp="2022-02-07T19:49:31 IST" skipped="0">
  <testcase classname="VAT2.S2F.SaleInToReconcileForVATOnly_StoF_Cus" name="GoToUrlAssertUrlPositiveEnternLOGINPositiveEnternPASSClickLoginGoToUrlAssertUrlClickAgentsP1" time="107.249"/>
  <system-out/>
  <testcase classname="VAT2.S2F.SaleInToReconcileForVATOnly_StoF_Cus" name="GoToUrlAssertUrlPositiveEnternLOGINPositiveEnternPASSClickLoginGoToUrlAssertUrlClickAgentsP2" time="105.771"/>
  <system-out/>
</testsuite> <!-- VAT2.S2F.SaleInToReconcileForVATOnly_StoF_Cus -->
