<?xml version="1.0" encoding="UTF-8"?>
<!-- Generated by org.testng.reporters.JUnitReportReporter -->
<testsuite hostname="OB-Yogesh" failures="0" tests="1" name="Supplier_FRSToNoVAT.ScriptPostVATReturn3stVATReturnReport_FRSTONOVAT_DefaultProfile" time="36.739" errors="0" timestamp="2021-03-02T00:14:26 IST" skipped="0">
  <testcase classname="Supplier_FRSToNoVAT.ScriptPostVATReturn3stVATReturnReport_FRSTONOVAT_DefaultProfile" name="GoToUrlAssertUrlPositiveEnterUserNamePositiveEnterPasswordClickLoginButtonGoToUrlAssertUrlCl" time="36.739"/>
  <system-out/>
</testsuite> <!-- Supplier_FRSToNoVAT.ScriptPostVATReturn3stVATReturnReport_FRSTONOVAT_DefaultProfile -->
