<?xml version="1.0" encoding="UTF-8"?>
<!-- Generated by org.testng.reporters.JUnitReportReporter -->
<testsuite hostname="OB-Sum" failures="0" tests="1" name="VAT2.F2NOVAT.F2noVat_scriptaddvatrate_addvatrate1_1" time="41.385" errors="0" timestamp="2021-12-09T13:32:05 IST" skipped="0">
  <testcase classname="VAT2.F2NOVAT.F2noVat_scriptaddvatrate_addvatrate1_1" name="addvatrateGoToUrlAssertUrlPositiveEnternLOGINPositiveEnternPASSClickLoginGoToUrlAssertUrlCl7" time="41.385"/>
  <system-out/>
</testsuite> <!-- VAT2.F2NOVAT.F2noVat_scriptaddvatrate_addvatrate1_1 -->
