<?xml version="1.0" encoding="UTF-8"?>
<!-- Generated by org.testng.reporters.JUnitReportReporter -->
<testsuite hostname="OB-Sum" failures="0" tests="1" name="VAT3_InvoiceFullyReconcile.ScriptEditSettingToVATType_DefaultProfileFullyReconcile_3" time="73.328" errors="0" timestamp="2022-02-07T19:49:31 IST" skipped="0">
  <testcase classname="VAT3_InvoiceFullyReconcile.ScriptEditSettingToVATType_DefaultProfileFullyReconcile_3" name="GoToUrlAssertUrlPositiveEnterUserNamePositiveEnterPasswordClickLoginButtonGoToUrlAssertUrlCl3" time="73.328"/>
  <system-out/>
</testsuite> <!-- VAT3_InvoiceFullyReconcile.ScriptEditSettingToVATType_DefaultProfileFullyReconcile_3 -->
