<?xml version="1.0" encoding="UTF-8"?>
<!-- Generated by org.testng.reporters.JUnitReportReporter -->
<testsuite hostname="OB-Sum" failures="0" tests="1" name="test.PartialReconciledCases.ScriptPostVATReturn1stVATReturnReport_NoVATOnly" time="48.944" errors="0" timestamp="2021-12-19T01:41:00 IST" skipped="0">
  <testcase classname="test.PartialReconciledCases.ScriptPostVATReturn1stVATReturnReport_NoVATOnly" name="GoToUrlAssertUrlPositiveEnterUserNamePositiveEnterPasswordClickLoginButtonGoToUrlAssertUrlCl" time="48.944"/>
  <system-out/>
</testsuite> <!-- test.PartialReconciledCases.ScriptPostVATReturn1stVATReturnReport_NoVATOnly -->
