<?xml version="1.0" encoding="UTF-8"?>
<!-- Generated by org.testng.reporters.JUnitReportReporter -->
<testsuite hostname="OB-Sum" failures="0" tests="1" name="test.ashiv.ScriptVATOnlyBillSToFRS_DefaultProfile" time="65.628" errors="0" timestamp="2021-11-11T17:36:10 IST" skipped="0">
  <testcase classname="test.ashiv.ScriptVATOnlyBillSToFRS_DefaultProfile" name="GoToUrlAssertUrlPositiveEnterUserNamePositiveEnterPasswordClickLoginButtonAgentClientBusinessExpenditure_NewVatOnly_SaveBtnSuccessMessageScreenWithBillNumRecallLastTrnschangeBillNum" time="65.628"/>
  <system-out/>
</testsuite> <!-- test.ashiv.ScriptVATOnlyBillSToFRS_DefaultProfile -->
