<?xml version="1.0" encoding="UTF-8"?>
<!-- Generated by org.testng.reporters.JUnitReportReporter -->
<testsuite hostname="OB-Sum" failures="0" tests="2" name="test.partialReconcileJonralEntryFlatToStand.VATOnlyToReconcileForJonral_DefaultProfile" time="204.211" errors="0" timestamp="2021-12-09T11:24:15 IST" skipped="0">
  <testcase classname="test.partialReconcileJonralEntryFlatToStand.VATOnlyToReconcileForJonral_DefaultProfile" name="GoToUrlAssertUrlPositiveEnternLOGINPositiveEnternPASSClickLoginGoToUrlAssertUrlClickAgentsP1" time="99.137"/>
  <system-out/>
  <testcase classname="test.partialReconcileJonralEntryFlatToStand.VATOnlyToReconcileForJonral_DefaultProfile" name="GoToUrlAssertUrlPositiveEnternLOGINPositiveEnternPASSClickLoginGoToUrlAssertUrlClickAgentsP2" time="105.074"/>
  <system-out/>
</testsuite> <!-- test.partialReconcileJonralEntryFlatToStand.VATOnlyToReconcileForJonral_DefaultProfile -->
