<?xml version="1.0" encoding="UTF-8"?>
<!-- Generated by org.testng.reporters.JUnitReportReporter -->
<testsuite hostname="OB-Yogesh" failures="0" tests="6" name="test.PartialReconcilationforOnlySTandardthroughJournalEntry.CreditNoteToReconcileForJonral_DefaultProfile" time="459.998" errors="0" timestamp="2021-04-24T01:59:29 IST" skipped="0">
  <testcase classname="test.PartialReconcilationforOnlySTandardthroughJournalEntry.CreditNoteToReconcileForJonral_DefaultProfile" name="GoToUrlAssertUrlPositiveEnternLOGINPositiveEnternPASSClickLoginGoToUrlAssertUrlClickAgentsP4" time="78.118"/>
  <system-out/>
  <testcase classname="test.PartialReconcilationforOnlySTandardthroughJournalEntry.CreditNoteToReconcileForJonral_DefaultProfile" name="GoToUrlAssertUrlPositiveEnternLOGINPositiveEnternPASSClickLoginGoToUrlAssertUrlClickAgentsP1" time="73.191"/>
  <system-out/>
  <testcase classname="test.PartialReconcilationforOnlySTandardthroughJournalEntry.CreditNoteToReconcileForJonral_DefaultProfile" name="GoToUrlAssertUrlPositiveEnternLOGINPositiveEnternPASSClickLoginGoToUrlAssertUrlClickAgentsP3" time="81.706"/>
  <system-out/>
  <testcase classname="test.PartialReconcilationforOnlySTandardthroughJournalEntry.CreditNoteToReconcileForJonral_DefaultProfile" name="GoToUrlAssertUrlPositiveEnternLOGINPositiveEnternPASSClickLoginGoToUrlAssertUrlClickAgentsP5" time="74.709"/>
  <system-out/>
  <testcase classname="test.PartialReconcilationforOnlySTandardthroughJournalEntry.CreditNoteToReconcileForJonral_DefaultProfile" name="GoToUrlAssertUrlPositiveEnternLOGINPositiveEnternPASSClickLoginGoToUrlAssertUrlClickAgentsP2" time="74.899"/>
  <system-out/>
  <testcase classname="test.PartialReconcilationforOnlySTandardthroughJournalEntry.CreditNoteToReconcileForJonral_DefaultProfile" name="GoToUrlAssertUrlPositiveEnternLOGINPositiveEnternPASSClickLoginGoToUrlAssertUrlClickAgentsP6" time="77.375"/>
  <system-out/>
</testsuite> <!-- test.PartialReconcilationforOnlySTandardthroughJournalEntry.CreditNoteToReconcileForJonral_DefaultProfile -->
