<?xml version="1.0" encoding="UTF-8"?>
<!-- Generated by org.testng.reporters.JUnitReportReporter -->
<testsuite hostname="OB-Sum" failures="0" tests="6" name="VAT3_UnReconciled_S2_NOVAT.UN_SupplierBill_StoF__S2NOVAT" time="279.669" errors="0" timestamp="2021-11-26T18:13:06 IST" skipped="0">
  <testcase classname="VAT3_UnReconciled_S2_NOVAT.UN_SupplierBill_StoF__S2NOVAT" name="GoToUrlAssertUrlPositiveEnternLOGINPositiveEnternPASSClickLoginGoToUrlAssertUrlClickAgentsP6" time="46.422"/>
  <system-out/>
  <testcase classname="VAT3_UnReconciled_S2_NOVAT.UN_SupplierBill_StoF__S2NOVAT" name="GoToUrlAssertUrlPositiveEnternLOGINPositiveEnternPASSClickLoginGoToUrlAssertUrlClickAgentsP5" time="46.736"/>
  <system-out/>
  <testcase classname="VAT3_UnReconciled_S2_NOVAT.UN_SupplierBill_StoF__S2NOVAT" name="GoToUrlAssertUrlPositiveEnternLOGINPositiveEnternPASSClickLoginGoToUrlAssertUrlClickAgentsP7" time="46.644"/>
  <system-out/>
  <testcase classname="VAT3_UnReconciled_S2_NOVAT.UN_SupplierBill_StoF__S2NOVAT" name="GoToUrlAssertUrlPositiveEnternLOGINPositiveEnternPASSClickLoginGoToUrlAssertUrlClickAgentsP9" time="46.888"/>
  <system-out/>
  <testcase classname="VAT3_UnReconciled_S2_NOVAT.UN_SupplierBill_StoF__S2NOVAT" name="GoToUrlAssertUrlPositiveEnternLOGINPositiveEnternPASSClickLoginGoToUrlAssertUrlClickAgentsP1" time="46.367"/>
  <system-out/>
  <testcase classname="VAT3_UnReconciled_S2_NOVAT.UN_SupplierBill_StoF__S2NOVAT" name="GoToUrlAssertUrlPositiveEnternLOGINPositiveEnternPASSClickLoginGoToUrlAssertUrlClickAgentsP2" time="46.612"/>
  <system-out/>
</testsuite> <!-- VAT3_UnReconciled_S2_NOVAT.UN_SupplierBill_StoF__S2NOVAT -->
