<?xml version="1.0" encoding="UTF-8"?>
<!-- Generated by org.testng.reporters.JUnitReportReporter -->
<testsuite hostname="OB-Sum" failures="0" tests="1" name="SaleDashboardTest.TC01NewPreviewPage_DefaultProfile" time="42.376" errors="0" timestamp="2021-10-22T00:15:51 IST" skipped="0">
  <testcase classname="SaleDashboardTest.TC01NewPreviewPage_DefaultProfile" name="GoToUrlAssertUrlClickClickOnPreviewClickSaveButtonClickPDFDumpClickCancelButtonClickClickOnMa" time="42.376"/>
  <system-out/>
</testsuite> <!-- SaleDashboardTest.TC01NewPreviewPage_DefaultProfile -->
