<?xml version="1.0" encoding="UTF-8"?>
<!-- Generated by org.testng.reporters.JUnitReportReporter -->
<testsuite hostname="OB-Sum" failures="0" tests="6" name="tests.ScriptSaleCreditNote_SToNOVAT_DefaultProfile" time="412.568" errors="0" timestamp="2022-02-06T06:55:33 IST" skipped="0">
  <testcase classname="tests.ScriptSaleCreditNote_SToNOVAT_DefaultProfile" name="GoToUrlAssertUrlPositiveEnterUserNamePositiveEnterPasswordClickLoginButtonGoToUrlAssertUrlCl3" time="68.158"/>
  <system-out/>
  <testcase classname="tests.ScriptSaleCreditNote_SToNOVAT_DefaultProfile" name="GoToUrlAssertUrlPositiveEnterUserNamePositiveEnterPasswordClickLoginButtonGoToUrlAssertUrlCl5" time="69.007"/>
  <system-out/>
  <testcase classname="tests.ScriptSaleCreditNote_SToNOVAT_DefaultProfile" name="GoToUrlAssertUrlPositiveEnterUserNamePositiveEnterPasswordClickLoginButtonGoToUrlAssertUrlCl4" time="66.225"/>
  <system-out/>
  <testcase classname="tests.ScriptSaleCreditNote_SToNOVAT_DefaultProfile" name="GoToUrlAssertUrlPositiveEnterUserNamePositiveEnterPasswordClickLoginButtonGoToUrlAssertUrlCl1" time="69.353"/>
  <system-out/>
  <testcase classname="tests.ScriptSaleCreditNote_SToNOVAT_DefaultProfile" name="GoToUrlAssertUrlPositiveEnterUserNamePositiveEnterPasswordClickLoginButtonGoToUrlAssertUrlCl2" time="73.847"/>
  <system-out/>
  <testcase classname="tests.ScriptSaleCreditNote_SToNOVAT_DefaultProfile" name="GoToUrlAssertUrlPositiveEnterUserNamePositiveEnterPasswordClickLoginButtonGoToUrlAssertUrlCl6" time="65.978"/>
  <system-out/>
</testsuite> <!-- tests.ScriptSaleCreditNote_SToNOVAT_DefaultProfile -->
