<?xml version="1.0" encoding="UTF-8"?>
<!-- Generated by org.testng.reporters.JUnitReportReporter -->
<testsuite hostname="OB-Sum" failures="0" tests="1" name="PartialReconcileForSupplierBillSTOFlat.ScriptVATReturn3stVATReturnReport_SToFRS_DefaultProfile" time="47.122" errors="0" timestamp="2021-12-19T01:40:59 IST" skipped="0">
  <testcase classname="PartialReconcileForSupplierBillSTOFlat.ScriptVATReturn3stVATReturnReport_SToFRS_DefaultProfile" name="GoToUrlAssertUrlPositiveEnterUserNamePositiveEnterPasswordClickLoginButtonGoToUrlAssertUrlCl" time="47.122"/>
  <system-out/>
</testsuite> <!-- PartialReconcileForSupplierBillSTOFlat.ScriptVATReturn3stVATReturnReport_SToFRS_DefaultProfile -->
