<?xml version="1.0" encoding="UTF-8"?>
<!-- Generated by org.testng.reporters.JUnitReportReporter -->
<testsuite hostname="OB-Sum" failures="0" tests="1" name="VAT3_UnReconciled_STOF.UN_ScriptPostVATReturn2stVATReturnReport_DefaultProfileFullyReconcile_1" time="64.700" errors="0" timestamp="2021-12-01T04:35:03 IST" skipped="0">
  <testcase classname="VAT3_UnReconciled_STOF.UN_ScriptPostVATReturn2stVATReturnReport_DefaultProfileFullyReconcile_1" name="GoToUrlAssertUrlPositiveEnterUserNamePositiveEnterPasswordClickLoginButtonGoToUrlAssertUrlCl" time="64.700"/>
  <system-out/>
</testsuite> <!-- VAT3_UnReconciled_STOF.UN_ScriptPostVATReturn2stVATReturnReport_DefaultProfileFullyReconcile_1 -->
