<?xml version="1.0" encoding="UTF-8"?>
<!-- Generated by org.testng.reporters.JUnitReportReporter -->
<testsuite hostname="OB-Sum" failures="0" tests="1" name="test.PartialReconcilationforOnlyFlatthroughJournalEntry.ScriptVATReturn3stVATReturnReport_SToFRS_DefaultProfile" time="51.010" errors="0" timestamp="2021-12-09T11:24:15 IST" skipped="0">
  <testcase classname="test.PartialReconcilationforOnlyFlatthroughJournalEntry.ScriptVATReturn3stVATReturnReport_SToFRS_DefaultProfile" name="GoToUrlAssertUrlPositiveEnterUserNamePositiveEnterPasswordClickLoginButtonGoToUrlAssertUrlCl" time="51.010"/>
  <system-out/>
</testsuite> <!-- test.PartialReconcilationforOnlyFlatthroughJournalEntry.ScriptVATReturn3stVATReturnReport_SToFRS_DefaultProfile -->
