<?xml version="1.0" encoding="UTF-8"?>
<!-- Generated by org.testng.reporters.JUnitReportReporter -->
<testsuite hostname="OB-Sum" failures="0" tests="3" name="Test_Trial_Balance_Report.TC_36_3_LedgerCode_7001_7035_ValuesUnderExpenseHead_JournalEntry_Bank_Supplier" time="231.121" errors="0" timestamp="2021-12-21T17:20:21 IST" skipped="0">
  <testcase classname="Test_Trial_Balance_Report.TC_36_3_LedgerCode_7001_7035_ValuesUnderExpenseHead_JournalEntry_Bank_Supplier" name="GoToUrlAssertUrlPositiveEnternLOGINPositiveEnternPASSClickLoginGoToUrlAssertUrlClickAgentsP2" time="66.417"/>
  <system-out/>
  <testcase classname="Test_Trial_Balance_Report.TC_36_3_LedgerCode_7001_7035_ValuesUnderExpenseHead_JournalEntry_Bank_Supplier" name="GoToUrlAssertUrlPositiveEnternLOGINPositiveEnternPASSClickLoginGoToUrlAssertUrlClickAgentsP3" time="83.248"/>
  <system-out/>
  <testcase classname="Test_Trial_Balance_Report.TC_36_3_LedgerCode_7001_7035_ValuesUnderExpenseHead_JournalEntry_Bank_Supplier" name="GoToUrlAssertUrlPositiveEnternLOGINPositiveEnternPASSClickLoginGoToUrlAssertUrlClickAgentsP1" time="81.456"/>
  <system-out/>
</testsuite> <!-- Test_Trial_Balance_Report.TC_36_3_LedgerCode_7001_7035_ValuesUnderExpenseHead_JournalEntry_Bank_Supplier -->
