<?xml version="1.0" encoding="UTF-8"?>
<!-- Generated by org.testng.reporters.JUnitReportReporter -->
<testsuite hostname="OB-Sum" failures="0" tests="6" name="AdvanceReconcileByBankForSupplierBillFlatToNoVAT.SaleInToPartialReconcile_DebitNote_DefaultProfile" time="478.252" errors="0" timestamp="2021-12-19T01:41:02 IST" skipped="0">
  <testcase classname="AdvanceReconcileByBankForSupplierBillFlatToNoVAT.SaleInToPartialReconcile_DebitNote_DefaultProfile" name="GoToUrlAssertUrlPositiveEnternLOGINPositiveEnternPASSClickLoginGoToUrlAssertUrlClickAgentsP6" time="77.786"/>
  <system-out/>
  <testcase classname="AdvanceReconcileByBankForSupplierBillFlatToNoVAT.SaleInToPartialReconcile_DebitNote_DefaultProfile" name="GoToUrlAssertUrlPositiveEnternLOGINPositiveEnternPASSClickLoginGoToUrlAssertUrlClickAgentsP2" time="75.551"/>
  <system-out/>
  <testcase classname="AdvanceReconcileByBankForSupplierBillFlatToNoVAT.SaleInToPartialReconcile_DebitNote_DefaultProfile" name="GoToUrlAssertUrlPositiveEnternLOGINPositiveEnternPASSClickLoginGoToUrlAssertUrlClickAgentsP5" time="82.189"/>
  <system-out/>
  <testcase classname="AdvanceReconcileByBankForSupplierBillFlatToNoVAT.SaleInToPartialReconcile_DebitNote_DefaultProfile" name="GoToUrlAssertUrlPositiveEnternLOGINPositiveEnternPASSClickLoginGoToUrlAssertUrlClickAgentsP4" time="77.383"/>
  <system-out/>
  <testcase classname="AdvanceReconcileByBankForSupplierBillFlatToNoVAT.SaleInToPartialReconcile_DebitNote_DefaultProfile" name="GoToUrlAssertUrlPositiveEnternLOGINPositiveEnternPASSClickLoginGoToUrlAssertUrlClickAgentsP1" time="83.817"/>
  <system-out/>
  <testcase classname="AdvanceReconcileByBankForSupplierBillFlatToNoVAT.SaleInToPartialReconcile_DebitNote_DefaultProfile" name="GoToUrlAssertUrlPositiveEnternLOGINPositiveEnternPASSClickLoginGoToUrlAssertUrlClickAgentsP3" time="81.526"/>
  <system-out/>
</testsuite> <!-- AdvanceReconcileByBankForSupplierBillFlatToNoVAT.SaleInToPartialReconcile_DebitNote_DefaultProfile -->
