<?xml version="1.0" encoding="UTF-8"?>
<!-- Generated by org.testng.reporters.JUnitReportReporter -->
<testsuite hostname="OB-Sum" failures="0" tests="1" name="test.PartialReconciledCases.ScriptVATReturn3stVATReturnReport_NoVATOnly_SToFlat_DefaultProfile" time="52.279" errors="0" timestamp="2022-02-06T06:55:30 IST" skipped="0">
  <testcase classname="test.PartialReconciledCases.ScriptVATReturn3stVATReturnReport_NoVATOnly_SToFlat_DefaultProfile" name="GoToUrlAssertUrlPositiveEnterUserNamePositiveEnterPasswordClickLoginButtonGoToUrlAssertUrlCl" time="52.279"/>
  <system-out/>
</testsuite> <!-- test.PartialReconciledCases.ScriptVATReturn3stVATReturnReport_NoVATOnly_SToFlat_DefaultProfile -->
