<?xml version="1.0" encoding="UTF-8"?>
<!-- Generated by org.testng.reporters.JUnitReportReporter -->
<testsuite hostname="OB-Sum" failures="0" tests="1" name="Test_Income.TestCustomer_List_Income_AddNewCuts_TC02" time="38.142" errors="0" timestamp="2021-11-11T20:51:38 IST" skipped="0">
  <testcase classname="Test_Income.TestCustomer_List_Income_AddNewCuts_TC02" name="GoToUrlClickView1ClickCustomerList2PositiveSelectSelectCategorySearch3PositiveEnterEnterName4PAddNewCustomer_TC02" time="38.142"/>
  <system-out/>
</testsuite> <!-- Test_Income.TestCustomer_List_Income_AddNewCuts_TC02 -->
