<?xml version="1.0" encoding="UTF-8"?>
<!-- Generated by org.testng.reporters.JUnitReportReporter -->
<testsuite hostname="OB-Yogesh" failures="0" tests="6" name="AdvanceReconcileByBankForSupplierBillFlatToStand.SaleInToPartialReconcile_SupplierBill_DefaultProfile" time="490.088" errors="0" timestamp="2021-04-27T23:23:08 IST" skipped="0">
  <testcase classname="AdvanceReconcileByBankForSupplierBillFlatToStand.SaleInToPartialReconcile_SupplierBill_DefaultProfile" name="GoToUrlAssertUrlPositiveEnternLOGINPositiveEnternPASSClickLoginGoToUrlAssertUrlClickAgentsP2" time="82.511"/>
  <system-out/>
  <testcase classname="AdvanceReconcileByBankForSupplierBillFlatToStand.SaleInToPartialReconcile_SupplierBill_DefaultProfile" name="GoToUrlAssertUrlPositiveEnternLOGINPositiveEnternPASSClickLoginGoToUrlAssertUrlClickAgentsP3" time="79.283"/>
  <system-out/>
  <testcase classname="AdvanceReconcileByBankForSupplierBillFlatToStand.SaleInToPartialReconcile_SupplierBill_DefaultProfile" name="GoToUrlAssertUrlPositiveEnternLOGINPositiveEnternPASSClickLoginGoToUrlAssertUrlClickAgentsP1" time="75.384"/>
  <system-out/>
  <testcase classname="AdvanceReconcileByBankForSupplierBillFlatToStand.SaleInToPartialReconcile_SupplierBill_DefaultProfile" name="GoToUrlAssertUrlPositiveEnternLOGINPositiveEnternPASSClickLoginGoToUrlAssertUrlClickAgentsP4" time="77.471"/>
  <system-out/>
  <testcase classname="AdvanceReconcileByBankForSupplierBillFlatToStand.SaleInToPartialReconcile_SupplierBill_DefaultProfile" name="GoToUrlAssertUrlPositiveEnternLOGINPositiveEnternPASSClickLoginGoToUrlAssertUrlClickAgentsP6" time="84.284"/>
  <system-out/>
  <testcase classname="AdvanceReconcileByBankForSupplierBillFlatToStand.SaleInToPartialReconcile_SupplierBill_DefaultProfile" name="GoToUrlAssertUrlPositiveEnternLOGINPositiveEnternPASSClickLoginGoToUrlAssertUrlClickAgentsP5" time="91.155"/>
  <system-out/>
</testsuite> <!-- AdvanceReconcileByBankForSupplierBillFlatToStand.SaleInToPartialReconcile_SupplierBill_DefaultProfile -->
