<?xml version="1.0" encoding="UTF-8"?>
<!-- Generated by org.testng.reporters.JUnitReportReporter -->
<testsuite hostname="OB-Sum" failures="0" tests="3" name="test.ashiv.ScriptDebitNoteSToFRS_DefaultProfile" time="157.079" errors="0" timestamp="2022-02-19T09:42:02 IST" skipped="0">
  <testcase classname="test.ashiv.ScriptDebitNoteSToFRS_DefaultProfile" name="GoToUrlAssertUrlPositiveEnterUserNamePositiveEnterPasswordClickLoginButtonGoToUrlAssertAgentClientBusinessExpenditure_NewDebitNote_SaveBtnSuccessMessageScreenWithInvoiceNumRecallLastTrnschangeBillNum_2" time="44.489"/>
  <system-out/>
  <testcase classname="test.ashiv.ScriptDebitNoteSToFRS_DefaultProfile" name="GoToUrlAssertUrlPositiveEnterUserNamePositiveEnterPasswordClickLoginButtonGoToUrlAssertAgentClientBusinessExpenditure_NewDebitNote_SaveBtnSuccessMessageScreenWithInvoiceNumRecallLastTrnschangeBillNum_1" time="45.178"/>
  <system-out/>
  <testcase classname="test.ashiv.ScriptDebitNoteSToFRS_DefaultProfile" name="GoToUrlAssertUrlPositiveEnterUserNamePositiveEnterPasswordClickLoginButtonGoToUrlAssertAgentClientBusinessExpenditure_NewDebitNote_SaveBtnSuccessMessageScreenWithInvoiceNumRecallLastTrnschangeBillNum" time="67.412"/>
  <system-out/>
</testsuite> <!-- test.ashiv.ScriptDebitNoteSToFRS_DefaultProfile -->
