<?xml version="1.0" encoding="UTF-8"?>
<!-- Generated by org.testng.reporters.JUnitReportReporter -->
<testsuite hostname="OB-Sum" failures="0" tests="2" name="VAT2.F2S.SaleInToReconcileForVATOnly_DefaultProfile1" time="184.219" errors="0" timestamp="2021-12-09T11:24:15 IST" skipped="0">
  <testcase classname="VAT2.F2S.SaleInToReconcileForVATOnly_DefaultProfile1" name="GoToUrlAssertUrlPositiveEnternLOGINPositiveEnternPASSClickLoginGoToUrlAssertUrlClickAgentsP2" time="89.824"/>
  <system-out/>
  <testcase classname="VAT2.F2S.SaleInToReconcileForVATOnly_DefaultProfile1" name="GoToUrlAssertUrlPositiveEnternLOGINPositiveEnternPASSClickLoginGoToUrlAssertUrlClickAgentsP1" time="94.395"/>
  <system-out/>
</testsuite> <!-- VAT2.F2S.SaleInToReconcileForVATOnly_DefaultProfile1 -->
