<?xml version="1.0" encoding="UTF-8"?>
<!-- Generated by org.testng.reporters.JUnitReportReporter -->
<testsuite hostname="OB-Sum" failures="0" tests="3" name="Test_Trial_Balance_RE_Jour_Bank_Supp_3.TC_03_3_BS_FixedAsset_35_To_39_With_Journal_Bank_Supplier" time="317.695" errors="0" timestamp="2022-01-18T16:59:19 IST" skipped="0">
  <testcase classname="Test_Trial_Balance_RE_Jour_Bank_Supp_3.TC_03_3_BS_FixedAsset_35_To_39_With_Journal_Bank_Supplier" name="GoToUrlAssertUrlPositiveEnternLOGINPositiveEnternPASSClickLoginGoToUrlAssertUrlClickAgentsP1" time="60.969"/>
  <system-out>
    <![CDATA[ledger 1 entered :35 - Goodwill Amortisation B/Fwd
ledger 2 entered :36 - Goodwill Amortisation Disposals
ledger 3 entered :37 - Goodwill Amortisation Revaluations
ledger 4 entered :38 - Goodwill Amortisation Transfers
ledger 5 entered :39 - Goodwill Amortisation Charge
Ledger code verified: Goodwill Amortisation B/Fwd
Amount enter verified: 1,000.00
Ledger code verified: Goodwill Amortisation Disposals
Amount enter verified: 1,000.00
Ledger code verified: Goodwill Amortisation Revaluations
Amount enter verified: 1,000.00
Ledger code verified: Goodwill Amortisation Transfers
Amount enter verified: 1,000.00
Ledger code verified: Goodwill Amortisation Charge
Amount enter verified: (4,000.00)
Enteries are Verified on Balance Sheet Report page :]]>
  </system-out>
  <testcase classname="Test_Trial_Balance_RE_Jour_Bank_Supp_3.TC_03_3_BS_FixedAsset_35_To_39_With_Journal_Bank_Supplier" name="GoToUrlAssertUrlPositiveEnternLOGINPositiveEnternPASSClickLoginGoToUrlAssertUrlClickAgentsP3" time="124.657"/>
  <system-out/>
  <testcase classname="Test_Trial_Balance_RE_Jour_Bank_Supp_3.TC_03_3_BS_FixedAsset_35_To_39_With_Journal_Bank_Supplier" name="GoToUrlAssertUrlPositiveEnternLOGINPositiveEnternPASSClickLoginGoToUrlAssertUrlClickAgentsP2" time="132.069"/>
  <system-out/>
</testsuite> <!-- Test_Trial_Balance_RE_Jour_Bank_Supp_3.TC_03_3_BS_FixedAsset_35_To_39_With_Journal_Bank_Supplier -->
