<?xml version="1.0" encoding="UTF-8"?>
<!-- Generated by org.testng.reporters.JUnitReportReporter -->
<testsuite hostname="OB-Sum" failures="0" tests="1" name="Ashiv_tests_Demo.LoginTest_DefaultProfile" time="9.139" errors="0" timestamp="2021-09-17T23:38:01 IST" skipped="0">
  <testcase classname="Ashiv_tests_Demo.LoginTest_DefaultProfile" name="GoToUrlAssertUrlClickLogin" time="9.139"/>
  <system-out/>
</testsuite> <!-- Ashiv_tests_Demo.LoginTest_DefaultProfile -->
