<?xml version="1.0" encoding="UTF-8"?>
<!-- Generated by org.testng.reporters.JUnitReportReporter -->
<testsuite hostname="OB-Sum" failures="1" tests="1" name="tests.AgentSelect_DefaultProfile" time="8.717" errors="0" timestamp="2021-09-17T17:51:34 IST" skipped="0">
  <testcase classname="tests.AgentSelect_DefaultProfile" name="GoToUrlAssertUrlClickAgentsTabPositiveEnterAgentNameClickSearchButtonClickSelectAgent" time="8.717">
    <failure message="Expecting URL - http://sandbox3.nomismasolution.co.uk/AgentUI/Default.aspx?p=true Found http://sandbox3.nomismasolution.co.uk/ssoui/Signin.aspx?token=aa1a6956-2176-4b90-8df6-690c0b51d13d" type="java.lang.AssertionError">
      <![CDATA[java.lang.AssertionError: Expecting URL - http://sandbox3.nomismasolution.co.uk/AgentUI/Default.aspx?p=true Found http://sandbox3.nomismasolution.co.uk/ssoui/Signin.aspx?token=aa1a6956-2176-4b90-8df6-690c0b51d13d
at org.testng.Assert.fail(Assert.java:99)
at pages.AgentsSelect.AssertUrl(AgentsSelect.java:65)
at tests.AgentSelect_DefaultProfile.GoToUrlAssertUrlClickAgentsTabPositiveEnterAgentNameClickSearchButtonClickSelectAgent(AgentSelect_DefaultProfile.java:35)
at java.base/jdk.internal.reflect.NativeMethodAccessorImpl.invoke0(Native Method)
at java.base/jdk.internal.reflect.NativeMethodAccessorImpl.invoke(NativeMethodAccessorImpl.java:64)
at java.base/jdk.internal.reflect.DelegatingMethodAccessorImpl.invoke(DelegatingMethodAccessorImpl.java:43)
at java.base/java.lang.reflect.Method.invoke(Method.java:564)
at org.testng.internal.MethodInvocationHelper.invokeMethod(MethodInvocationHelper.java:133)
at org.testng.internal.TestInvoker.invokeMethod(TestInvoker.java:598)
at org.testng.internal.TestInvoker.invokeTestMethod(TestInvoker.java:173)
at org.testng.internal.MethodRunner.runInSequence(MethodRunner.java:46)
at org.testng.internal.TestInvoker$MethodInvocationAgent.invoke(TestInvoker.java:824)
at org.testng.internal.TestInvoker.invokeTestMethods(TestInvoker.java:146)
at org.testng.internal.TestMethodWorker.invokeTestMethods(TestMethodWorker.java:146)
at org.testng.internal.TestMethodWorker.run(TestMethodWorker.java:128)
at java.base/java.util.ArrayList.forEach(ArrayList.java:1511)
at org.testng.TestRunner.privateRun(TestRunner.java:794)
at org.testng.TestRunner.run(TestRunner.java:596)
at org.testng.SuiteRunner.runTest(SuiteRunner.java:377)
at org.testng.SuiteRunner.runSequentially(SuiteRunner.java:371)
at org.testng.SuiteRunner.privateRun(SuiteRunner.java:332)
at org.testng.SuiteRunner.run(SuiteRunner.java:276)
at org.testng.SuiteRunnerWorker.runSuite(SuiteRunnerWorker.java:53)
at org.testng.SuiteRunnerWorker.run(SuiteRunnerWorker.java:96)
at org.testng.TestNG.runSuitesSequentially(TestNG.java:1212)
at org.testng.TestNG.runSuitesLocally(TestNG.java:1134)
at org.testng.TestNG.runSuites(TestNG.java:1063)
at org.testng.TestNG.run(TestNG.java:1031)
at org.testng.remote.AbstractRemoteTestNG.run(AbstractRemoteTestNG.java:115)
at org.testng.remote.RemoteTestNG.initAndRun(RemoteTestNG.java:251)
at org.testng.remote.RemoteTestNG.main(RemoteTestNG.java:77)
]]>
    </failure>
  </testcase> <!-- GoToUrlAssertUrlClickAgentsTabPositiveEnterAgentNameClickSearchButtonClickSelectAgent -->
  <system-out/>
</testsuite> <!-- tests.AgentSelect_DefaultProfile -->
