<?xml version="1.0" encoding="UTF-8"?>
<!-- Generated by org.testng.reporters.JUnitReportReporter -->
<testsuite hostname="OB-Sum" failures="0" tests="3" name="Test_Trial_Balance_RE_Jour_Bank_Supp_3.TC_04_3_BS_FixedAsset_40_To_49_With_Journal_Bank_Supplier" time="581.382" errors="0" timestamp="2022-01-13T00:26:10 IST" skipped="0">
  <testcase classname="Test_Trial_Balance_RE_Jour_Bank_Supp_3.TC_04_3_BS_FixedAsset_40_To_49_With_Journal_Bank_Supplier" name="GoToUrlAssertUrlPositiveEnternLOGINPositiveEnternPASSClickLoginGoToUrlAssertUrlClickAgentsP2" time="232.163"/>
  <system-out/>
  <testcase classname="Test_Trial_Balance_RE_Jour_Bank_Supp_3.TC_04_3_BS_FixedAsset_40_To_49_With_Journal_Bank_Supplier" name="GoToUrlAssertUrlPositiveEnternLOGINPositiveEnternPASSClickLoginGoToUrlAssertUrlClickAgentsP1" time="75.792"/>
  <system-out>
    <![CDATA[ledger 1 entered :40 - Payment on Account Cost B/Fwd
ledger 2 entered :41 - Payment on Account Additions
ledger 3 entered :42 - Payment on Account Disposals
ledger 4 entered :43 - Payment on Account Revaluations
ledger 5 entered :44 - Payment on Account Transfers
ledger 5 entered :45 - Payment on Account B/Fwd
ledger 7 entered :49 - Payment on Account Charge
Ledger code verified: Payment on Account Cost B/Fwd
Amount enter verified: 1,000.00
Ledger code verified: Payment on Account Additions
Amount enter verified: 1,000.00
Ledger code verified: Payment on Account Disposals
Amount enter verified: 1,000.00
Ledger code verified: Payment on Account Revaluations
Amount enter verified: 1,000.00
Ledger code verified: Payment on Account Transfers
Amount enter verified: 1,000.00
Ledger code verified: Payment on Account B/Fwd
Amount enter verified: 1,000.00
Ledger code verified: Payment on Account Charge
Amount enter verified: (6,000.00)
Enteries are Verified on Balance Sheet Report page :]]>
  </system-out>
  <testcase classname="Test_Trial_Balance_RE_Jour_Bank_Supp_3.TC_04_3_BS_FixedAsset_40_To_49_With_Journal_Bank_Supplier" name="GoToUrlAssertUrlPositiveEnternLOGINPositiveEnternPASSClickLoginGoToUrlAssertUrlClickAgentsP3" time="273.427"/>
  <system-out/>
</testsuite> <!-- Test_Trial_Balance_RE_Jour_Bank_Supp_3.TC_04_3_BS_FixedAsset_40_To_49_With_Journal_Bank_Supplier -->
