<?xml version="1.0" encoding="UTF-8"?>
<!-- Generated by org.testng.reporters.JUnitReportReporter -->
<testsuite hostname="OB-Sum" failures="0" tests="1" name="VATPhase3_Banking_allocateToExp.ScriptVATReturn3stVATReturnReport_StandToFlat_DefaultProfile_1" time="53.422" errors="0" timestamp="2022-02-06T06:55:36 IST" skipped="0">
  <testcase classname="VATPhase3_Banking_allocateToExp.ScriptVATReturn3stVATReturnReport_StandToFlat_DefaultProfile_1" name="GoToUrlAssertUrlPositiveEnterUserNamePositiveEnterPasswordClickLoginButtonGoToUrlAssertUrlCl" time="53.422"/>
  <system-out/>
</testsuite> <!-- VATPhase3_Banking_allocateToExp.ScriptVATReturn3stVATReturnReport_StandToFlat_DefaultProfile_1 -->
