<?xml version="1.0" encoding="UTF-8"?>
<!-- Generated by org.testng.reporters.JUnitReportReporter -->
<testsuite hostname="OB-Sum" failures="0" tests="4" name="test.ashiv.Test_VATOnlyInvoice" time="200.064" errors="0" timestamp="2021-11-01T10:50:40 IST" skipped="0">
  <testcase classname="test.ashiv.Test_VATOnlyInvoice" name="GoToUrlAssertUrlPositiveEnterUserNamePositiveEnterPasswordClickLoginButtonGoToUrlAssertUrl_TC04" time="50.591"/>
  <system-out/>
  <testcase classname="test.ashiv.Test_VATOnlyInvoice" name="GoToUrlAssertUrlPositiveEnterUserNamePositiveEnterPasswordClickLoginButtonGoToUrlAssertUrl_TC02" time="58.127"/>
  <system-out/>
  <testcase classname="test.ashiv.Test_VATOnlyInvoice" name="GoToUrlAssertUrlPositiveEnterUserNamePositiveEnterPasswordClickLoginButtonGoToUrlAssertUrlCl1_TC01" time="49.339"/>
  <system-out/>
  <testcase classname="test.ashiv.Test_VATOnlyInvoice" name="GoToUrlAssertUrlPositiveEnterUserNamePositiveEnterPasswordClickLoginButtonGoToUrlAssertUrl_TC03" time="42.007"/>
  <system-out/>
</testsuite> <!-- test.ashiv.Test_VATOnlyInvoice -->
