<?xml version="1.0" encoding="UTF-8"?>
<!-- Generated by org.testng.reporters.JUnitReportReporter -->
<testsuite hostname="OB-Yogesh" failures="0" tests="2" name="test.PartialReconciledCases.SaleInToReconcileForVATOnly_DefaultProfile" time="150.386" errors="0" timestamp="2021-03-25T09:39:31 IST" skipped="0">
  <testcase classname="test.PartialReconciledCases.SaleInToReconcileForVATOnly_DefaultProfile" name="GoToUrlAssertUrlPositiveEnternLOGINPositiveEnternPASSClickLoginGoToUrlAssertUrlClickAgentsP1" time="75.080"/>
  <system-out/>
  <testcase classname="test.PartialReconciledCases.SaleInToReconcileForVATOnly_DefaultProfile" name="GoToUrlAssertUrlPositiveEnternLOGINPositiveEnternPASSClickLoginGoToUrlAssertUrlClickAgentsP2" time="75.306"/>
  <system-out/>
</testsuite> <!-- test.PartialReconciledCases.SaleInToReconcileForVATOnly_DefaultProfile -->
