<?xml version="1.0" encoding="UTF-8"?>
<!-- Generated by org.testng.reporters.JUnitReportReporter -->
<testsuite hostname="OB-Sum" failures="0" tests="1" name="VAT3_ExpensesReinbr.ScriptStandardToFlat_DefaultProfile_2" time="62.924" errors="0" timestamp="2022-02-06T06:55:31 IST" skipped="0">
  <testcase classname="VAT3_ExpensesReinbr.ScriptStandardToFlat_DefaultProfile_2" name="GoToUrlAssertUrlPositiveEnterUserNamePositiveEnterPasswordClickLoginButtonGoToUrlAssertUrlCl1" time="62.924"/>
  <system-out/>
</testsuite> <!-- VAT3_ExpensesReinbr.ScriptStandardToFlat_DefaultProfile_2 -->
