<?xml version="1.0" encoding="UTF-8"?>
<!-- Generated by org.testng.reporters.JUnitReportReporter -->
<testsuite hostname="OB-Sum" failures="0" tests="2" name="Supplier_STNDToFRS.ScriptVATOnlyBillSToFRS_DefaultProfile" time="130.415" errors="0" timestamp="2022-02-06T06:55:30 IST" skipped="0">
  <testcase classname="Supplier_STNDToFRS.ScriptVATOnlyBillSToFRS_DefaultProfile" name="GoToUrlAssertUrlPositiveEnterUserNamePositiveEnterPasswordClickLoginButtonGoToUrlAssertUrlCl2" time="64.810"/>
  <system-out/>
  <testcase classname="Supplier_STNDToFRS.ScriptVATOnlyBillSToFRS_DefaultProfile" name="GoToUrlAssertUrlPositiveEnterUserNamePositiveEnterPasswordClickLoginButtonGoToUrlAssertUrlCl1" time="65.605"/>
  <system-out/>
</testsuite> <!-- Supplier_STNDToFRS.ScriptVATOnlyBillSToFRS_DefaultProfile -->
