<?xml version="1.0" encoding="UTF-8"?>
<!-- Generated by org.testng.reporters.JUnitReportReporter -->
<testsuite hostname="OB-Sum" failures="0" tests="1" name="VATPhase3_Banking_allocateToExp.ScriptFlatToFlatP_FlatToStand_DefaultProfile_2" time="52.405" errors="0" timestamp="2021-12-19T01:41:01 IST" skipped="0">
  <testcase classname="VATPhase3_Banking_allocateToExp.ScriptFlatToFlatP_FlatToStand_DefaultProfile_2" name="GoToUrlAssertUrlPositiveEnterUserNamePositiveEnterPasswordClickLoginButtonGoToUrlAssertUrlCl1" time="52.405"/>
  <system-out/>
</testsuite> <!-- VATPhase3_Banking_allocateToExp.ScriptFlatToFlatP_FlatToStand_DefaultProfile_2 -->
