<?xml version="1.0" encoding="UTF-8"?>
<!-- Generated by org.testng.reporters.JUnitReportReporter -->
<testsuite hostname="OB-Sum" failures="0" tests="1" name="VAT3_InvoiceFullyReconcile.ScriptSubmitVAT_DefaultProfileFullyReconcile_2" time="97.668" errors="0" timestamp="2021-11-15T15:05:45 IST" skipped="0">
  <testcase classname="VAT3_InvoiceFullyReconcile.ScriptSubmitVAT_DefaultProfileFullyReconcile_2" name="GoToUrlAssertUrlPositiveEnterUserNamePositiveEnterPasswordClickLoginButtonGoToUrlAssertUrlCl" time="97.668"/>
  <system-out/>
</testsuite> <!-- VAT3_InvoiceFullyReconcile.ScriptSubmitVAT_DefaultProfileFullyReconcile_2 -->
