<?xml version="1.0" encoding="UTF-8"?>
<!-- Generated by org.testng.reporters.JUnitReportReporter -->
<testsuite hostname="OB-Sum" failures="0" tests="1" name="test.PartialReconcileOnFlatRate.ScriptEditVATFlatP_DefaultProfile" time="57.750" errors="0" timestamp="2021-12-09T11:24:15 IST" skipped="0">
  <testcase classname="test.PartialReconcileOnFlatRate.ScriptEditVATFlatP_DefaultProfile" name="GoToUrlAssertUrlPositiveEnterUserNamePositiveEnterPasswordClickLoginButtonGoToUrlAssertUrlCl3" time="57.750"/>
  <system-out/>
</testsuite> <!-- test.PartialReconcileOnFlatRate.ScriptEditVATFlatP_DefaultProfile -->
