<?xml version="1.0" encoding="UTF-8"?>
<!-- Generated by org.testng.reporters.JUnitReportReporter -->
<testsuite hostname="OB-Yogesh" failures="0" tests="1" name="test.FlatToStandard.ScriptEditSettingToFlatRateTONoVAT_DefaultProfile" time="41.474" errors="0" timestamp="2021-02-17T20:42:40 IST" skipped="0">
  <testcase classname="test.FlatToStandard.ScriptEditSettingToFlatRateTONoVAT_DefaultProfile" name="GoToUrlAssertUrlPositiveEnterUserNamePositiveEnterPasswordClickLoginButtonGoToUrlAssertUrlCl2" time="41.474"/>
  <system-out/>
</testsuite> <!-- test.FlatToStandard.ScriptEditSettingToFlatRateTONoVAT_DefaultProfile -->
