<?xml version="1.0" encoding="UTF-8"?>
<!-- Generated by org.testng.reporters.JUnitReportReporter -->
<testsuite hostname="OB-Sum" failures="0" tests="6" name="VAT3_ExpenseReimbAdvanceReconcile.SaleInToAdvanceReconcileForExpenseRemVAT3_DefaultProfile_2" time="420.215" errors="0" timestamp="2021-11-12T14:33:00 IST" skipped="0">
  <testcase classname="VAT3_ExpenseReimbAdvanceReconcile.SaleInToAdvanceReconcileForExpenseRemVAT3_DefaultProfile_2" name="GoToUrlAssertUrlPositiveEnternLOGINPositiveEnternPASSClickLoginGoToUrlAssertUrlClickAgentsP5" time="72.325"/>
  <system-out/>
  <testcase classname="VAT3_ExpenseReimbAdvanceReconcile.SaleInToAdvanceReconcileForExpenseRemVAT3_DefaultProfile_2" name="GoToUrlAssertUrlPositiveEnternLOGINPositiveEnternPASSClickLoginGoToUrlAssertUrlClickAgentsP6" time="68.819"/>
  <system-out/>
  <testcase classname="VAT3_ExpenseReimbAdvanceReconcile.SaleInToAdvanceReconcileForExpenseRemVAT3_DefaultProfile_2" name="GoToUrlAssertUrlPositiveEnternLOGINPositiveEnternPASSClickLoginGoToUrlAssertUrlClickAgentsP1" time="70.078"/>
  <system-out/>
  <testcase classname="VAT3_ExpenseReimbAdvanceReconcile.SaleInToAdvanceReconcileForExpenseRemVAT3_DefaultProfile_2" name="GoToUrlAssertUrlPositiveEnternLOGINPositiveEnternPASSClickLoginGoToUrlAssertUrlClickAgentsP3" time="70.025"/>
  <system-out/>
  <testcase classname="VAT3_ExpenseReimbAdvanceReconcile.SaleInToAdvanceReconcileForExpenseRemVAT3_DefaultProfile_2" name="GoToUrlAssertUrlPositiveEnternLOGINPositiveEnternPASSClickLoginGoToUrlAssertUrlClickAgentsP4" time="69.989"/>
  <system-out/>
  <testcase classname="VAT3_ExpenseReimbAdvanceReconcile.SaleInToAdvanceReconcileForExpenseRemVAT3_DefaultProfile_2" name="GoToUrlAssertUrlPositiveEnternLOGINPositiveEnternPASSClickLoginGoToUrlAssertUrlClickAgentsP2" time="68.979"/>
  <system-out/>
</testsuite> <!-- VAT3_ExpenseReimbAdvanceReconcile.SaleInToAdvanceReconcileForExpenseRemVAT3_DefaultProfile_2 -->
