<?xml version="1.0" encoding="UTF-8"?>
<!-- Generated by org.testng.reporters.JUnitReportReporter -->
<testsuite hostname="OB-Sum" failures="0" tests="1" name="VAT3_InvoiceFullyReconcile.ScriptVATReturn1stVATReturnReport_SToFRS_DefaultProfileFullyReconcile_2" time="76.063" errors="0" timestamp="2022-02-07T19:49:31 IST" skipped="0">
  <testcase classname="VAT3_InvoiceFullyReconcile.ScriptVATReturn1stVATReturnReport_SToFRS_DefaultProfileFullyReconcile_2" name="GoToUrlAssertUrlPositiveEnterUserNamePositiveEnterPasswordClickLoginButtonGoToUrlAssertUrlCl" time="76.063"/>
  <system-out/>
</testsuite> <!-- VAT3_InvoiceFullyReconcile.ScriptVATReturn1stVATReturnReport_SToFRS_DefaultProfileFullyReconcile_2 -->
