<?xml version="1.0" encoding="UTF-8"?>
<!-- Generated by org.testng.reporters.JUnitReportReporter -->
<testsuite hostname="OB-Sum" failures="0" tests="6" name="VAT2.F2NOVAT.F2noVat_SaleInToReconcile_1" time="577.850" errors="0" timestamp="2021-12-01T04:35:04 IST" skipped="0">
  <testcase classname="VAT2.F2NOVAT.F2noVat_SaleInToReconcile_1" name="GoToUrlAssertUrlPositiveEnternLOGINPositiveEnternPASSClickLoginGoToUrlAssertUrlClickAgentsP1" time="89.096"/>
  <system-out/>
  <testcase classname="VAT2.F2NOVAT.F2noVat_SaleInToReconcile_1" name="GoToUrlAssertUrlPositiveEnternLOGINPositiveEnternPASSClickLoginGoToUrlAssertUrlClickAgentsP7" time="106.757"/>
  <system-out/>
  <testcase classname="VAT2.F2NOVAT.F2noVat_SaleInToReconcile_1" name="GoToUrlAssertUrlPositiveEnternLOGINPositiveEnternPASSClickLoginGoToUrlAssertUrlClickAgentsP6" time="98.066"/>
  <system-out/>
  <testcase classname="VAT2.F2NOVAT.F2noVat_SaleInToReconcile_1" name="GoToUrlAssertUrlPositiveEnternLOGINPositiveEnternPASSClickLoginGoToUrlAssertUrlClickAgentsP2" time="93.992"/>
  <system-out/>
  <testcase classname="VAT2.F2NOVAT.F2noVat_SaleInToReconcile_1" name="GoToUrlAssertUrlPositiveEnternLOGINPositiveEnternPASSClickLoginGoToUrlAssertUrlClickAgentsP5" time="95.657"/>
  <system-out/>
  <testcase classname="VAT2.F2NOVAT.F2noVat_SaleInToReconcile_1" name="GoToUrlAssertUrlPositiveEnternLOGINPositiveEnternPASSClickLoginGoToUrlAssertUrlClickAgentsP4" time="94.282"/>
  <system-out/>
</testsuite> <!-- VAT2.F2NOVAT.F2noVat_SaleInToReconcile_1 -->
