<?xml version="1.0" encoding="UTF-8"?>
<!-- Generated by org.testng.reporters.JUnitReportReporter -->
<testsuite hostname="OB-Sum" failures="0" tests="6" name="VAT3.FullREC_S2_FLAT.Supplier_ReconcileForDebitNote_1" time="719.235" errors="0" timestamp="2022-02-07T19:49:32 IST" skipped="0">
  <testcase classname="VAT3.FullREC_S2_FLAT.Supplier_ReconcileForDebitNote_1" name="GoToUrlAssertUrlPositiveEnternLOGINPositiveEnternPASSClickLoginGoToUrlAssertUrlClickAgentsP2" time="113.651"/>
  <system-out/>
  <testcase classname="VAT3.FullREC_S2_FLAT.Supplier_ReconcileForDebitNote_1" name="GoToUrlAssertUrlPositiveEnternLOGINPositiveEnternPASSClickLoginGoToUrlAssertUrlClickAgentsP1" time="125.117"/>
  <system-out/>
  <testcase classname="VAT3.FullREC_S2_FLAT.Supplier_ReconcileForDebitNote_1" name="GoToUrlAssertUrlPositiveEnternLOGINPositiveEnternPASSClickLoginGoToUrlAssertUrlClickAgentsP6" time="122.503"/>
  <system-out/>
  <testcase classname="VAT3.FullREC_S2_FLAT.Supplier_ReconcileForDebitNote_1" name="GoToUrlAssertUrlPositiveEnternLOGINPositiveEnternPASSClickLoginGoToUrlAssertUrlClickAgentsP3" time="115.046"/>
  <system-out/>
  <testcase classname="VAT3.FullREC_S2_FLAT.Supplier_ReconcileForDebitNote_1" name="GoToUrlAssertUrlPositiveEnternLOGINPositiveEnternPASSClickLoginGoToUrlAssertUrlClickAgentsP4" time="120.531"/>
  <system-out/>
  <testcase classname="VAT3.FullREC_S2_FLAT.Supplier_ReconcileForDebitNote_1" name="GoToUrlAssertUrlPositiveEnternLOGINPositiveEnternPASSClickLoginGoToUrlAssertUrlClickAgentsP5" time="122.387"/>
  <system-out/>
</testsuite> <!-- VAT3.FullREC_S2_FLAT.Supplier_ReconcileForDebitNote_1 -->
