<?xml version="1.0" encoding="UTF-8"?>
<!-- Generated by org.testng.reporters.JUnitReportReporter -->
<testsuite hostname="OB-Sum" failures="0" tests="1" name="test.FlatToStandard.ScriptPostVATReturn2stVATReturnReport_FlatToStandard_DefaultProfile" time="72.458" errors="0" timestamp="2022-02-06T06:55:32 IST" skipped="0">
  <testcase classname="test.FlatToStandard.ScriptPostVATReturn2stVATReturnReport_FlatToStandard_DefaultProfile" name="GoToUrlAssertUrlPositiveEnterUserNamePositiveEnterPasswordClickLoginButtonGoToUrlAssertUrlCl" time="72.458"/>
  <system-out/>
</testsuite> <!-- test.FlatToStandard.ScriptPostVATReturn2stVATReturnReport_FlatToStandard_DefaultProfile -->
