<?xml version="1.0" encoding="UTF-8"?>
<!-- Generated by org.testng.reporters.JUnitReportReporter -->
<testsuite hostname="OB-Sum" failures="0" tests="1" name="tests.BalanceSheet_Bf.TC_12_BSBFFixedAsset215219_DefaultProfile" time="151.859" errors="0" timestamp="2022-03-03T17:24:48 IST" skipped="0">
  <testcase classname="tests.BalanceSheet_Bf.TC_12_BSBFFixedAsset215219_DefaultProfile" name="GoToUrlAssertUrlPositiveEnternLOGINPositiveEnternPASSClickLoginGoToUrlAssertUrlClickAgentsP3" time="151.859"/>
  <system-out>
    <![CDATA[Accounting Period Status : Account UnClosed 
Accounting Period Status : Account UnLocked
Accounting Period Status :- Account period closed]]>
  </system-out>
</testsuite> <!-- tests.BalanceSheet_Bf.TC_12_BSBFFixedAsset215219_DefaultProfile -->
