<?xml version="1.0" encoding="UTF-8"?>
<!-- Generated by org.testng.reporters.JUnitReportReporter -->
<testsuite hostname="OB-Sum" failures="0" tests="1" name="VAT3_InvoiceUnreconcileCases.ScriptEditSettingToVATType_DefaultProfile_4" time="56.354" errors="0" timestamp="2021-11-15T09:00:05 IST" skipped="0">
  <testcase classname="VAT3_InvoiceUnreconcileCases.ScriptEditSettingToVATType_DefaultProfile_4" name="GoToUrlAssertUrlPositiveEnterUserNamePositiveEnterPasswordClickLoginButtonGoToUrlAssertUrlCl2" time="56.354"/>
  <system-out/>
</testsuite> <!-- VAT3_InvoiceUnreconcileCases.ScriptEditSettingToVATType_DefaultProfile_4 -->
