<?xml version="1.0" encoding="UTF-8"?>
<!-- Generated by org.testng.reporters.JUnitReportReporter -->
<testsuite hostname="OB-Sum" failures="0" tests="1" name="VAT3_ExpenseReimbFullyReconcile.ScriptStandardToFlat_DefaultProfile_3" time="63.733" errors="0" timestamp="2022-02-06T06:55:32 IST" skipped="0">
  <testcase classname="VAT3_ExpenseReimbFullyReconcile.ScriptStandardToFlat_DefaultProfile_3" name="GoToUrlAssertUrlPositiveEnterUserNamePositiveEnterPasswordClickLoginButtonGoToUrlAssertUrlCl1" time="63.733"/>
  <system-out/>
</testsuite> <!-- VAT3_ExpenseReimbFullyReconcile.ScriptStandardToFlat_DefaultProfile_3 -->
