<?xml version="1.0" encoding="UTF-8"?>
<!-- Generated by org.testng.reporters.JUnitReportReporter -->
<testsuite hostname="OB-Sum" failures="0" tests="6" name="VAT3.FullREC_F2_Standard.Supplier_SupplierBill_StoF__1_1" time="615.122" errors="0" timestamp="2021-12-01T04:35:04 IST" skipped="0">
  <testcase classname="VAT3.FullREC_F2_Standard.Supplier_SupplierBill_StoF__1_1" name="GoToUrlAssertUrlPositiveEnternLOGINPositiveEnternPASSClickLoginGoToUrlAssertUrlClickAgentsP1" time="107.300"/>
  <system-out/>
  <testcase classname="VAT3.FullREC_F2_Standard.Supplier_SupplierBill_StoF__1_1" name="GoToUrlAssertUrlPositiveEnternLOGINPositiveEnternPASSClickLoginGoToUrlAssertUrlClickAgentsP2" time="101.652"/>
  <system-out/>
  <testcase classname="VAT3.FullREC_F2_Standard.Supplier_SupplierBill_StoF__1_1" name="GoToUrlAssertUrlPositiveEnternLOGINPositiveEnternPASSClickLoginGoToUrlAssertUrlClickAgentsP6" time="101.673"/>
  <system-out/>
  <testcase classname="VAT3.FullREC_F2_Standard.Supplier_SupplierBill_StoF__1_1" name="GoToUrlAssertUrlPositiveEnternLOGINPositiveEnternPASSClickLoginGoToUrlAssertUrlClickAgentsP5" time="100.727"/>
  <system-out/>
  <testcase classname="VAT3.FullREC_F2_Standard.Supplier_SupplierBill_StoF__1_1" name="GoToUrlAssertUrlPositiveEnternLOGINPositiveEnternPASSClickLoginGoToUrlAssertUrlClickAgentsP9" time="104.113"/>
  <system-out/>
  <testcase classname="VAT3.FullREC_F2_Standard.Supplier_SupplierBill_StoF__1_1" name="GoToUrlAssertUrlPositiveEnternLOGINPositiveEnternPASSClickLoginGoToUrlAssertUrlClickAgentsP7" time="99.657"/>
  <system-out/>
</testsuite> <!-- VAT3.FullREC_F2_Standard.Supplier_SupplierBill_StoF__1_1 -->
