<?xml version="1.0" encoding="UTF-8"?>
<!-- Generated by org.testng.reporters.JUnitReportReporter -->
<testsuite hostname="OB-Yogesh" failures="0" tests="6" name="test.FlatToStandard.ScriptSaleCreditNote_FlatToNOVAT_DefaultProfile" time="304.077" errors="0" timestamp="2021-02-17T20:42:40 IST" skipped="0">
  <testcase classname="test.FlatToStandard.ScriptSaleCreditNote_FlatToNOVAT_DefaultProfile" name="GoToUrlAssertUrlPositiveEnterUserNamePositiveEnterPasswordClickLoginButtonGoToUrlAssertUrlCl5" time="47.203"/>
  <system-out/>
  <testcase classname="test.FlatToStandard.ScriptSaleCreditNote_FlatToNOVAT_DefaultProfile" name="GoToUrlAssertUrlPositiveEnterUserNamePositiveEnterPasswordClickLoginButtonGoToUrlAssertUrlCl1" time="48.725"/>
  <system-out/>
  <testcase classname="test.FlatToStandard.ScriptSaleCreditNote_FlatToNOVAT_DefaultProfile" name="GoToUrlAssertUrlPositiveEnterUserNamePositiveEnterPasswordClickLoginButtonGoToUrlAssertUrlCl6" time="48.809"/>
  <system-out/>
  <testcase classname="test.FlatToStandard.ScriptSaleCreditNote_FlatToNOVAT_DefaultProfile" name="GoToUrlAssertUrlPositiveEnterUserNamePositiveEnterPasswordClickLoginButtonGoToUrlAssertUrlCl4" time="50.244"/>
  <system-out/>
  <testcase classname="test.FlatToStandard.ScriptSaleCreditNote_FlatToNOVAT_DefaultProfile" name="GoToUrlAssertUrlPositiveEnterUserNamePositiveEnterPasswordClickLoginButtonGoToUrlAssertUrlCl3" time="48.500"/>
  <system-out/>
  <testcase classname="test.FlatToStandard.ScriptSaleCreditNote_FlatToNOVAT_DefaultProfile" name="GoToUrlAssertUrlPositiveEnterUserNamePositiveEnterPasswordClickLoginButtonGoToUrlAssertUrlCl2" time="60.596"/>
  <system-out/>
</testsuite> <!-- test.FlatToStandard.ScriptSaleCreditNote_FlatToNOVAT_DefaultProfile -->
