<?xml version="1.0" encoding="UTF-8"?>
<!-- Generated by org.testng.reporters.JUnitReportReporter -->
<testsuite hostname="OB-Sum" failures="0" tests="2" name="Test_Balance_RE_Jour_Bank_Supp_3.TC_19_2_BS_DEBTOR_1330_1339_With_Journal_Bank" time="137.084" errors="0" timestamp="2022-02-19T09:42:02 IST" skipped="0">
  <testcase classname="Test_Balance_RE_Jour_Bank_Supp_3.TC_19_2_BS_DEBTOR_1330_1339_With_Journal_Bank" name="GoToUrlAssertUrlPositiveEnternLOGINPositiveEnternPASSClickLoginGoToUrlAssertUrlClickAgentsP3" time="79.374"/>
  <system-out/>
  <testcase classname="Test_Balance_RE_Jour_Bank_Supp_3.TC_19_2_BS_DEBTOR_1330_1339_With_Journal_Bank" name="GoToUrlAssertUrlPositiveEnternLOGINPositiveEnternPASSClickLoginGoToUrlAssertUrlClickAgentsP1" time="57.710"/>
  <system-out>
    <![CDATA[ledger 1 entered :1330 - Listed Investments - UK
ledger 2 entered :1339 - Other Investments
Ledger code verified: Listed Investments
Amount enter verified: 1,000.00
Ledger code verified: Other Investments
Amount enter verified: (1,000.00)
Enteries are Verified on Balance Sheet Report page :]]>
  </system-out>
</testsuite> <!-- Test_Balance_RE_Jour_Bank_Supp_3.TC_19_2_BS_DEBTOR_1330_1339_With_Journal_Bank -->
