<?xml version="1.0" encoding="UTF-8"?>
<!-- Generated by org.testng.reporters.JUnitReportReporter -->
<testsuite hostname="OB-Sum" failures="0" tests="1" name="Ashiv_tests_Demo.LoginTest" time="14.869" errors="0" timestamp="2021-09-20T15:58:43 IST" skipped="0">
  <testcase classname="Ashiv_tests_Demo.LoginTest" name="GoToUrlAssertUrlPositiveEnterUserNamePositiveEnterpasswordClickLogin" time="14.869"/>
  <system-out/>
</testsuite> <!-- Ashiv_tests_Demo.LoginTest -->
