<?xml version="1.0" encoding="UTF-8"?>
<!-- Generated by org.testng.reporters.JUnitReportReporter -->
<testsuite hostname="OB-Sum" failures="0" tests="1" name="VAT2.S2F.SaleInToReconcileForCreditNote_StoF_Cus" time="106.353" errors="0" timestamp="2021-12-20T15:02:00 IST" skipped="0">
  <testcase classname="VAT2.S2F.SaleInToReconcileForCreditNote_StoF_Cus" name="GoToUrlAssertUrlPositiveEnternLOGINPositiveEnternPASSClickLoginGoToUrlAssertUrlClickAgentsP3" time="106.353"/>
  <system-out/>
</testsuite> <!-- VAT2.S2F.SaleInToReconcileForCreditNote_StoF_Cus -->
