<?xml version="1.0" encoding="UTF-8"?>
<!-- Generated by org.testng.reporters.JUnitReportReporter -->
<testsuite hostname="OB-Sum" failures="0" tests="6" name="PartialReconcileForSupplierBillFlatToStand.SaleInToPartialReconcile_SupplierBill_DefaultProfile" time="553.209" errors="0" timestamp="2022-02-06T06:55:29 IST" skipped="0">
  <testcase classname="PartialReconcileForSupplierBillFlatToStand.SaleInToPartialReconcile_SupplierBill_DefaultProfile" name="GoToUrlAssertUrlPositiveEnternLOGINPositiveEnternPASSClickLoginGoToUrlAssertUrlClickAgentsP6" time="90.974"/>
  <system-out/>
  <testcase classname="PartialReconcileForSupplierBillFlatToStand.SaleInToPartialReconcile_SupplierBill_DefaultProfile" name="GoToUrlAssertUrlPositiveEnternLOGINPositiveEnternPASSClickLoginGoToUrlAssertUrlClickAgentsP5" time="91.048"/>
  <system-out/>
  <testcase classname="PartialReconcileForSupplierBillFlatToStand.SaleInToPartialReconcile_SupplierBill_DefaultProfile" name="GoToUrlAssertUrlPositiveEnternLOGINPositiveEnternPASSClickLoginGoToUrlAssertUrlClickAgentsP4" time="100.759"/>
  <system-out/>
  <testcase classname="PartialReconcileForSupplierBillFlatToStand.SaleInToPartialReconcile_SupplierBill_DefaultProfile" name="GoToUrlAssertUrlPositiveEnternLOGINPositiveEnternPASSClickLoginGoToUrlAssertUrlClickAgentsP1" time="90.630"/>
  <system-out/>
  <testcase classname="PartialReconcileForSupplierBillFlatToStand.SaleInToPartialReconcile_SupplierBill_DefaultProfile" name="GoToUrlAssertUrlPositiveEnternLOGINPositiveEnternPASSClickLoginGoToUrlAssertUrlClickAgentsP2" time="90.058"/>
  <system-out/>
  <testcase classname="PartialReconcileForSupplierBillFlatToStand.SaleInToPartialReconcile_SupplierBill_DefaultProfile" name="GoToUrlAssertUrlPositiveEnternLOGINPositiveEnternPASSClickLoginGoToUrlAssertUrlClickAgentsP3" time="89.740"/>
  <system-out/>
</testsuite> <!-- PartialReconcileForSupplierBillFlatToStand.SaleInToPartialReconcile_SupplierBill_DefaultProfile -->
