<?xml version="1.0" encoding="UTF-8"?>
<!-- Generated by org.testng.reporters.JUnitReportReporter -->
<testsuite hostname="OB-Sum" failures="0" tests="6" name="PartialReconcileForSupplierBillSTOFlat.SaleInToPartialReconcile_SupplierBill_DefaultProfile" time="487.261" errors="0" timestamp="2021-12-19T01:41:02 IST" skipped="0">
  <testcase classname="PartialReconcileForSupplierBillSTOFlat.SaleInToPartialReconcile_SupplierBill_DefaultProfile" name="GoToUrlAssertUrlPositiveEnternLOGINPositiveEnternPASSClickLoginGoToUrlAssertUrlClickAgentsP6" time="91.769"/>
  <system-out/>
  <testcase classname="PartialReconcileForSupplierBillSTOFlat.SaleInToPartialReconcile_SupplierBill_DefaultProfile" name="GoToUrlAssertUrlPositiveEnternLOGINPositiveEnternPASSClickLoginGoToUrlAssertUrlClickAgentsP3" time="82.174"/>
  <system-out/>
  <testcase classname="PartialReconcileForSupplierBillSTOFlat.SaleInToPartialReconcile_SupplierBill_DefaultProfile" name="GoToUrlAssertUrlPositiveEnternLOGINPositiveEnternPASSClickLoginGoToUrlAssertUrlClickAgentsP4" time="82.710"/>
  <system-out/>
  <testcase classname="PartialReconcileForSupplierBillSTOFlat.SaleInToPartialReconcile_SupplierBill_DefaultProfile" name="GoToUrlAssertUrlPositiveEnternLOGINPositiveEnternPASSClickLoginGoToUrlAssertUrlClickAgentsP1" time="79.996"/>
  <system-out/>
  <testcase classname="PartialReconcileForSupplierBillSTOFlat.SaleInToPartialReconcile_SupplierBill_DefaultProfile" name="GoToUrlAssertUrlPositiveEnternLOGINPositiveEnternPASSClickLoginGoToUrlAssertUrlClickAgentsP5" time="75.899"/>
  <system-out/>
  <testcase classname="PartialReconcileForSupplierBillSTOFlat.SaleInToPartialReconcile_SupplierBill_DefaultProfile" name="GoToUrlAssertUrlPositiveEnternLOGINPositiveEnternPASSClickLoginGoToUrlAssertUrlClickAgentsP2" time="74.713"/>
  <system-out/>
</testsuite> <!-- PartialReconcileForSupplierBillSTOFlat.SaleInToPartialReconcile_SupplierBill_DefaultProfile -->
