<?xml version="1.0" encoding="UTF-8"?>
<!-- Generated by org.testng.reporters.JUnitReportReporter -->
<testsuite hostname="OB-Sum" failures="0" tests="2" name="Test_Balance_RE_Jour_Bank_Supp_3.TC_31_2_BS_CreditDueWithinOneYear_2040_50_70_80_With_Journal_Bank" time="170.561" errors="0" timestamp="2022-02-19T09:42:02 IST" skipped="0">
  <testcase classname="Test_Balance_RE_Jour_Bank_Supp_3.TC_31_2_BS_CreditDueWithinOneYear_2040_50_70_80_With_Journal_Bank" name="GoToUrlAssertUrlPositiveEnternLOGINPositiveEnternPASSClickLoginGoToUrlAssertUrlClickAgentsP1" time="62.003"/>
  <system-out>
    <![CDATA[ledger 1 entered :2040 - Hire Purchases
ledger 2 entered :2050 - Payments Received on Account
ledger 3 entered :2070 - Bills of Exchange Payable
ledger 4 entered :2080 - Adjustment Account
Ledger code verified: Hire Purchases
Amount enter verified: 1,000.00
Ledger code verified: Payments Received on Account
Amount enter verified: 1,000.00
Ledger code verified: Bills of Exchange Payable
Amount enter verified: 1,000.00
Ledger code verified: Adjustment Account
Amount enter verified: (3,000.00)
Enteries are Verified on Balance Sheet Report page :]]>
  </system-out>
  <testcase classname="Test_Balance_RE_Jour_Bank_Supp_3.TC_31_2_BS_CreditDueWithinOneYear_2040_50_70_80_With_Journal_Bank" name="GoToUrlAssertUrlPositiveEnternLOGINPositiveEnternPASSClickLoginGoToUrlAssertUrlClickAgentsP3" time="108.558"/>
  <system-out/>
</testsuite> <!-- Test_Balance_RE_Jour_Bank_Supp_3.TC_31_2_BS_CreditDueWithinOneYear_2040_50_70_80_With_Journal_Bank -->
