<?xml version="1.0" encoding="UTF-8"?>
<!-- Generated by org.testng.reporters.JUnitReportReporter -->
<testsuite hostname="OB-Yogesh" failures="0" tests="1" name="tests.ScriptEdittoFlatRate_DefaultProfile" time="51.795" errors="0" timestamp="2021-03-29T18:41:14 IST" skipped="0">
  <testcase classname="tests.ScriptEdittoFlatRate_DefaultProfile" name="GoToUrlAssertUrlPositiveEnterUserNamePositiveEnterPasswordClickLoginButtonGoToUrlAssertUrlCl1" time="51.795"/>
  <system-out/>
</testsuite> <!-- tests.ScriptEdittoFlatRate_DefaultProfile -->
