<?xml version="1.0" encoding="UTF-8"?>
<!-- Generated by org.testng.reporters.JUnitReportReporter -->
<testsuite hostname="OB-Sum" failures="0" tests="6" name="VAT3_InvoiceUnreconcileCases.ScriptSaleCreditNoteStandToFlat_DefaultProfile_3" time="412.438" errors="0" timestamp="2021-11-25T12:11:10 IST" skipped="0">
  <testcase classname="VAT3_InvoiceUnreconcileCases.ScriptSaleCreditNoteStandToFlat_DefaultProfile_3" name="GoToUrlAssertUrlPositiveEnterUserNamePositiveEnterPasswordClickLoginButtonGoToUrlAssertUrlCl3" time="71.083"/>
  <system-out/>
  <testcase classname="VAT3_InvoiceUnreconcileCases.ScriptSaleCreditNoteStandToFlat_DefaultProfile_3" name="GoToUrlAssertUrlPositiveEnterUserNamePositiveEnterPasswordClickLoginButtonGoToUrlAssertUrlCl5" time="66.241"/>
  <system-out/>
  <testcase classname="VAT3_InvoiceUnreconcileCases.ScriptSaleCreditNoteStandToFlat_DefaultProfile_3" name="GoToUrlAssertUrlPositiveEnterUserNamePositiveEnterPasswordClickLoginButtonGoToUrlAssertUrlCl1" time="67.523"/>
  <system-out/>
  <testcase classname="VAT3_InvoiceUnreconcileCases.ScriptSaleCreditNoteStandToFlat_DefaultProfile_3" name="GoToUrlAssertUrlPositiveEnterUserNamePositiveEnterPasswordClickLoginButtonGoToUrlAssertUrlCl4" time="71.546"/>
  <system-out/>
  <testcase classname="VAT3_InvoiceUnreconcileCases.ScriptSaleCreditNoteStandToFlat_DefaultProfile_3" name="GoToUrlAssertUrlPositiveEnterUserNamePositiveEnterPasswordClickLoginButtonGoToUrlAssertUrlCl6" time="68.152"/>
  <system-out/>
  <testcase classname="VAT3_InvoiceUnreconcileCases.ScriptSaleCreditNoteStandToFlat_DefaultProfile_3" name="GoToUrlAssertUrlPositiveEnterUserNamePositiveEnterPasswordClickLoginButtonGoToUrlAssertUrlCl2" time="67.893"/>
  <system-out/>
</testsuite> <!-- VAT3_InvoiceUnreconcileCases.ScriptSaleCreditNoteStandToFlat_DefaultProfile_3 -->
