<?xml version="1.0" encoding="UTF-8"?>
<!-- Generated by org.testng.reporters.JUnitReportReporter -->
<testsuite hostname="OB-Sum" failures="0" tests="1" name="VAT3.FullREC_S2_FLAT.Supplier_VATReturn2stVATReturnReport_SToFRS_DefaultProfileFullyReconcile_1" time="62.895" errors="0" timestamp="2022-02-06T06:55:29 IST" skipped="0">
  <testcase classname="VAT3.FullREC_S2_FLAT.Supplier_VATReturn2stVATReturnReport_SToFRS_DefaultProfileFullyReconcile_1" name="GoToUrlAssertUrlPositiveEnterUserNamePositiveEnterPasswordClickLoginButtonGoToUrlAssertUrlCl" time="62.895"/>
  <system-out/>
</testsuite> <!-- VAT3.FullREC_S2_FLAT.Supplier_VATReturn2stVATReturnReport_SToFRS_DefaultProfileFullyReconcile_1 -->
