<?xml version="1.0" encoding="UTF-8"?>
<!-- Generated by org.testng.reporters.JUnitReportReporter -->
<testsuite hostname="OB-Sum" failures="0" tests="1" name="PartialReconcileForSupplierBillFlatToStand.ScriptVATReturn2stVATReturnReport_SToFRS_DefaultProfile" time="65.990" errors="0" timestamp="2021-12-19T01:41:00 IST" skipped="0">
  <testcase classname="PartialReconcileForSupplierBillFlatToStand.ScriptVATReturn2stVATReturnReport_SToFRS_DefaultProfile" name="GoToUrlAssertUrlPositiveEnterUserNamePositiveEnterPasswordClickLoginButtonGoToUrlAssertUrlCl" time="65.990"/>
  <system-out/>
</testsuite> <!-- PartialReconcileForSupplierBillFlatToStand.ScriptVATReturn2stVATReturnReport_SToFRS_DefaultProfile -->
