<?xml version="1.0" encoding="UTF-8"?>
<!-- Generated by org.testng.reporters.JUnitReportReporter -->
<testsuite hostname="OB-Sum" failures="0" tests="3" name="Test_Trial_Balance_RE_Jour_Bank_Supp_3.TC_01_3_BS_FixedAsset_10_To_19_With_Journal_Bank_Supplier" time="709.922" errors="0" timestamp="2022-01-13T00:26:10 IST" skipped="0">
  <testcase classname="Test_Trial_Balance_RE_Jour_Bank_Supp_3.TC_01_3_BS_FixedAsset_10_To_19_With_Journal_Bank_Supplier" name="GoToUrlAssertUrlPositiveEnternLOGINPositiveEnternPASSClickLoginGoToUrlAssertUrlClickAgentsP3" time="314.971"/>
  <system-out/>
  <testcase classname="Test_Trial_Balance_RE_Jour_Bank_Supp_3.TC_01_3_BS_FixedAsset_10_To_19_With_Journal_Bank_Supplier" name="GoToUrlAssertUrlPositiveEnternLOGINPositiveEnternPASSClickLoginGoToUrlAssertUrlClickAgentsP2" time="318.927"/>
  <system-out/>
  <testcase classname="Test_Trial_Balance_RE_Jour_Bank_Supp_3.TC_01_3_BS_FixedAsset_10_To_19_With_Journal_Bank_Supplier" name="GoToUrlAssertUrlPositiveEnternLOGINPositiveEnternPASSClickLoginGoToUrlAssertUrlClickAgentsP1" time="76.024"/>
  <system-out>
    <![CDATA[ledger 1 entered :10 - Intangible Assets Cost B/Fwd
ledger 2 entered :11 - Intangible Assets Additions
ledger 3 entered :12 - Intangible Assets Disposals
ledger 4 entered :13 - Intangible Assets Revaluations
ledger 5 entered :14 - Intangible Assets Transfers
ledger 5 entered :15 - Intangible Assets Amortisation B/Fwd
ledger 7 entered :16 - Intangible Assets Amortisation Disposals
ledger 8 entered :17 - Intangible Assets Amortisation Revaluations
ledger 9 entered :18 - Intangible Assets Amortisation Transfers
ledger 10 entered :19 - Intangible Assets Amortisation Charge
Ledger code verified: Intangible Assets Cost B/Fwd
Amount enter verified: 1,000.00
Ledger code verified: Intangible Assets Additions
Amount enter verified: 1,000.00
Ledger code verified: Intangible Assets Disposals
Amount enter verified: 1,000.00
Ledger code verified: Intangible Assets Revaluations
Amount enter verified: 1,000.00
Ledger code verified: Intangible Assets Transfers
Amount enter verified: 1,000.00
Ledger code verified: Intangible Assets Amortisation B/Fwd
Amount enter verified: 1,000.00
Ledger code verified: Intangible Assets Amortisation Disposals
Amount enter verified: 1,000.00
Ledger code verified: Intangible Assets Amortisation Revaluations
Amount enter verified: 1,000.00
Ledger code verified: Intangible Assets Amortisation Transfers
Amount enter verified: 1,000.00
Ledger code verified: Intangible Assets Amortisation Charge
Amount enter verified: (9,000.00)
Enteries are Verified on Balance Sheet Report page :]]>
  </system-out>
</testsuite> <!-- Test_Trial_Balance_RE_Jour_Bank_Supp_3.TC_01_3_BS_FixedAsset_10_To_19_With_Journal_Bank_Supplier -->
