<?xml version="1.0" encoding="UTF-8"?>
<!-- Generated by org.testng.reporters.JUnitReportReporter -->
<testsuite hostname="OB-Yogesh" failures="0" tests="1" name="VATPhase3.Script_FlatToStand_PostVATReturn2stVATReturnReport_DefaultProfile_2" time="73.742" errors="0" timestamp="2021-05-06T00:22:12 IST" skipped="0">
  <testcase classname="VATPhase3.Script_FlatToStand_PostVATReturn2stVATReturnReport_DefaultProfile_2" name="GoToUrlAssertUrlPositiveEnterUserNamePositiveEnterPasswordClickLoginButtonGoToUrlAssertUrlCl" time="73.742"/>
  <system-out/>
</testsuite> <!-- VATPhase3.Script_FlatToStand_PostVATReturn2stVATReturnReport_DefaultProfile_2 -->
