<?xml version="1.0" encoding="UTF-8"?>
<!-- Generated by org.testng.reporters.JUnitReportReporter -->
<testsuite hostname="OB-Sum" failures="0" tests="1" name="Supplier_SToNoVAT.Script_Suopplier_StandardToNOVAT_DefaultProfile" time="57.877" errors="0" timestamp="2022-02-06T06:55:37 IST" skipped="0">
  <testcase classname="Supplier_SToNoVAT.Script_Suopplier_StandardToNOVAT_DefaultProfile" name="GoToUrlAssertUrlPositiveEnterUserNamePositiveEnterPasswordClickLoginButtonGoToUrlAssertUrlCl1" time="57.877"/>
  <system-out/>
</testsuite> <!-- Supplier_SToNoVAT.Script_Suopplier_StandardToNOVAT_DefaultProfile -->
