<?xml version="1.0" encoding="UTF-8"?>
<!-- Generated by org.testng.reporters.JUnitReportReporter -->
<testsuite hostname="OB-Sum" failures="0" tests="6" name="VAT3_InvoiceUnreconcileCases.Script_Invoice_StandToFlat_DefaultProfile_4" time="343.664" errors="0" timestamp="2021-11-15T09:00:05 IST" skipped="0">
  <testcase classname="VAT3_InvoiceUnreconcileCases.Script_Invoice_StandToFlat_DefaultProfile_4" name="GoToUrlAssertUrlPositiveEnterUserNamePositiveEnterPasswordClickLoginButtonGoToUrlAssertUrlCl4" time="57.094"/>
  <system-out/>
  <testcase classname="VAT3_InvoiceUnreconcileCases.Script_Invoice_StandToFlat_DefaultProfile_4" name="GoToUrlAssertUrlPositiveEnterUserNamePositiveEnterPasswordClickLoginButtonGoToUrlAssertUrlCl6" time="57.552"/>
  <system-out/>
  <testcase classname="VAT3_InvoiceUnreconcileCases.Script_Invoice_StandToFlat_DefaultProfile_4" name="GoToUrlAssertUrlPositiveEnterUserNamePositiveEnterPasswordClickLoginButtonGoToUrlAssertUrlCl1" time="60.326"/>
  <system-out/>
  <testcase classname="VAT3_InvoiceUnreconcileCases.Script_Invoice_StandToFlat_DefaultProfile_4" name="GoToUrlAssertUrlPositiveEnterUserNamePositiveEnterPasswordClickLoginButtonGoToUrlAssertUrlCl2" time="56.902"/>
  <system-out/>
  <testcase classname="VAT3_InvoiceUnreconcileCases.Script_Invoice_StandToFlat_DefaultProfile_4" name="GoToUrlAssertUrlPositiveEnterUserNamePositiveEnterPasswordClickLoginButtonGoToUrlAssertUrlCl5" time="56.169"/>
  <system-out/>
  <testcase classname="VAT3_InvoiceUnreconcileCases.Script_Invoice_StandToFlat_DefaultProfile_4" name="GoToUrlAssertUrlPositiveEnterUserNamePositiveEnterPasswordClickLoginButtonGoToUrlAssertUrlCl3" time="55.621"/>
  <system-out/>
</testsuite> <!-- VAT3_InvoiceUnreconcileCases.Script_Invoice_StandToFlat_DefaultProfile_4 -->
