<?xml version="1.0" encoding="UTF-8"?>
<!-- Generated by org.testng.reporters.JUnitReportReporter -->
<testsuite hostname="OB-Sum" failures="0" tests="1" name="VAT3_UnReconciled_S2_NOVAT.UN_ScriptVATReturn2stVATReturnReport_S2NOVAT" time="56.851" errors="0" timestamp="2021-12-19T01:41:02 IST" skipped="0">
  <testcase classname="VAT3_UnReconciled_S2_NOVAT.UN_ScriptVATReturn2stVATReturnReport_S2NOVAT" name="GoToUrlAssertUrlPositiveEnterUserNamePositiveEnterPasswordClickLoginButtonGoToUrlAssertUrlCl" time="56.851"/>
  <system-out/>
</testsuite> <!-- VAT3_UnReconciled_S2_NOVAT.UN_ScriptVATReturn2stVATReturnReport_S2NOVAT -->
