<?xml version="1.0" encoding="UTF-8"?>
<!-- Generated by org.testng.reporters.JUnitReportReporter -->
<testsuite hostname="OB-Sum" failures="0" tests="1" name="Supplier_SToNoVAT.ScriptVerifyByTrialBalanceScreenshotDefaultProfile_DefaultProfile" time="44.549" errors="0" timestamp="2021-12-19T01:41:00 IST" skipped="0">
  <testcase classname="Supplier_SToNoVAT.ScriptVerifyByTrialBalanceScreenshotDefaultProfile_DefaultProfile" name="GoToUrlAssertUrlPositiveEnterUserNamePositiveEnterPasswordClickLoginButtonGoToUrlAssertUrlCl" time="44.549"/>
  <system-out/>
</testsuite> <!-- Supplier_SToNoVAT.ScriptVerifyByTrialBalanceScreenshotDefaultProfile_DefaultProfile -->
