<?xml version="1.0" encoding="UTF-8"?>
<!-- Generated by org.testng.reporters.JUnitReportReporter -->
<testsuite hostname="OB-Sum" failures="0" tests="6" name="VAT2.S2NoVAT.S2noVAT_SaleInToReconcileForCreditNote_22" time="726.318" errors="0" timestamp="2022-02-07T19:49:29 IST" skipped="0">
  <testcase classname="VAT2.S2NoVAT.S2noVAT_SaleInToReconcileForCreditNote_22" name="GoToUrlAssertUrlPositiveEnternLOGINPositiveEnternPASSClickLoginGoToUrlAssertUrlClickAgentsP3" time="120.424"/>
  <system-out/>
  <testcase classname="VAT2.S2NoVAT.S2noVAT_SaleInToReconcileForCreditNote_22" name="GoToUrlAssertUrlPositiveEnternLOGINPositiveEnternPASSClickLoginGoToUrlAssertUrlClickAgentsP1" time="113.605"/>
  <system-out/>
  <testcase classname="VAT2.S2NoVAT.S2noVAT_SaleInToReconcileForCreditNote_22" name="GoToUrlAssertUrlPositiveEnternLOGINPositiveEnternPASSClickLoginGoToUrlAssertUrlClickAgentsP7" time="120.388"/>
  <system-out/>
  <testcase classname="VAT2.S2NoVAT.S2noVAT_SaleInToReconcileForCreditNote_22" name="GoToUrlAssertUrlPositiveEnternLOGINPositiveEnternPASSClickLoginGoToUrlAssertUrlClickAgentsP2" time="120.105"/>
  <system-out/>
  <testcase classname="VAT2.S2NoVAT.S2noVAT_SaleInToReconcileForCreditNote_22" name="GoToUrlAssertUrlPositiveEnternLOGINPositiveEnternPASSClickLoginGoToUrlAssertUrlClickAgentsP6" time="133.671"/>
  <system-out/>
  <testcase classname="VAT2.S2NoVAT.S2noVAT_SaleInToReconcileForCreditNote_22" name="GoToUrlAssertUrlPositiveEnternLOGINPositiveEnternPASSClickLoginGoToUrlAssertUrlClickAgentsP71" time="118.125"/>
  <system-out/>
</testsuite> <!-- VAT2.S2NoVAT.S2noVAT_SaleInToReconcileForCreditNote_22 -->
