<?xml version="1.0" encoding="UTF-8"?>
<!-- Generated by org.testng.reporters.JUnitReportReporter -->
<testsuite hostname="OB-Sum" failures="0" tests="2" name="Test_AS_Advance_Reconcilation.Test_Debit_Note_Partial_Advance_JustCreateCreditNote" time="93.468" errors="0" timestamp="2021-11-10T13:00:17 IST" skipped="0">
  <testcase classname="Test_AS_Advance_Reconcilation.Test_Debit_Note_Partial_Advance_JustCreateCreditNote" name="GoToUrlAssertUrlPositiveEnternLOGINPositiveEnternPASSClickLoginGoToUrlAssertUrlClickAgentsTC02" time="46.786"/>
  <system-out/>
  <testcase classname="Test_AS_Advance_Reconcilation.Test_Debit_Note_Partial_Advance_JustCreateCreditNote" name="GoToUrlAssertUrlPositiveEnternLOGINPositiveEnternPASSClickLoginGoToUrlAssertUrlClickAgentsTC01" time="46.682"/>
  <system-out/>
</testsuite> <!-- Test_AS_Advance_Reconcilation.Test_Debit_Note_Partial_Advance_JustCreateCreditNote -->
