<?xml version="1.0" encoding="UTF-8"?>
<!-- Generated by org.testng.reporters.JUnitReportReporter -->
<testsuite hostname="OB-Sum" failures="0" tests="1" name="Test_Trial_Balance_RE_Jour_Bank_Supp_3.TC_40_2_BS_DirectorAccount_1321_All_With_Journal_Bank" time="95.411" errors="0" timestamp="2022-01-18T18:19:37 IST" skipped="0">
  <testcase classname="Test_Trial_Balance_RE_Jour_Bank_Supp_3.TC_40_2_BS_DirectorAccount_1321_All_With_Journal_Bank" name="GoToUrlAssertUrlPositiveEnternLOGINPositiveEnternPASSClickLoginGoToUrlAssertUrlClickAgentsP1" time="95.411"/>
  <system-out>
    <![CDATA[ledger 1 entered :1321 - Default Director
ledger 2 entered :1321 - Default Director - Director Capital Distribution
ledger 3 entered :1321 - Default Director - Director Dividend
ledger 4 entered :1321 - Default Director - Director Expenses Payable
ledger 5 entered :1321 - Default Director - Director Wages Payable
ledger code verified: Default Director
Amount enter verified: 1,000.00
ledger code verified: Director Capital Distribution
Amount enter verified: 1,000.00
ledger code verified: Director Dividend
Amount enter verified: 1,000.00
ledger code verified: Director Expenses Payable
Amount enter verified: 1,000.00
ledger code verified: Director Wages Payable
Amount enter verified: (4,000.00)
Enteries are Verified on TrialBalance Report page :]]>
  </system-out>
</testsuite> <!-- Test_Trial_Balance_RE_Jour_Bank_Supp_3.TC_40_2_BS_DirectorAccount_1321_All_With_Journal_Bank -->
