<?xml version="1.0" encoding="UTF-8"?>
<!-- Generated by org.testng.reporters.JUnitReportReporter -->
<testsuite hostname="OB-Sum" failures="0" tests="9" name="tests.Bank_Multicurrency.tr_Standard_Schem_Spent" time="555.548" errors="0" timestamp="2022-02-22T13:22:00 IST" skipped="0">
  <testcase classname="tests.Bank_Multicurrency.tr_Standard_Schem_Spent" name="nidbanktrnGoToUrlAssertUrlPositiveEnternLOGINPositiveEnternPASSClickLoginGoToUrlAssertUrlCl2" time="60.834"/>
  <system-out/>
  <testcase classname="tests.Bank_Multicurrency.tr_Standard_Schem_Spent" name="nidbanktrnGoToUrlAssertUrlPositiveEnternLOGINPositiveEnternPASSClickLoginGoToUrlAssertUrlCl6" time="62.295"/>
  <system-out/>
  <testcase classname="tests.Bank_Multicurrency.tr_Standard_Schem_Spent" name="nidbanktrnGoToUrlAssertUrlPositiveEnternLOGINPositiveEnternPASSClickLoginGoToUrlAssertUrlCl1" time="62.199"/>
  <system-out/>
  <testcase classname="tests.Bank_Multicurrency.tr_Standard_Schem_Spent" name="nidbanktrnGoToUrlAssertUrlPositiveEnternLOGINPositiveEnternPASSClickLoginGoToUrlAssertUrlCl8" time="72.934"/>
  <system-out/>
  <testcase classname="tests.Bank_Multicurrency.tr_Standard_Schem_Spent" name="nidbanktrnGoToUrlAssertUrlPositiveEnternLOGINPositiveEnternPASSClickLoginGoToUrlAssertUrlC_setting" time="45.205"/>
  <system-out/>
  <testcase classname="tests.Bank_Multicurrency.tr_Standard_Schem_Spent" name="nidbanktrnGoToUrlAssertUrlPositiveEnternLOGINPositiveEnternPASSClickLoginGoToUrlAssertUrlCl3" time="63.592"/>
  <system-out/>
  <testcase classname="tests.Bank_Multicurrency.tr_Standard_Schem_Spent" name="nidbanktrnGoToUrlAssertUrlPositiveEnternLOGINPositiveEnternPASSClickLoginGoToUrlAssertUrlCl5" time="57.150"/>
  <system-out/>
  <testcase classname="tests.Bank_Multicurrency.tr_Standard_Schem_Spent" name="nidbanktrnGoToUrlAssertUrlPositiveEnternLOGINPositiveEnternPASSClickLoginGoToUrlAssertUrlCl9" time="72.386"/>
  <system-out/>
  <testcase classname="tests.Bank_Multicurrency.tr_Standard_Schem_Spent" name="nidbanktrnGoToUrlAssertUrlPositiveEnternLOGINPositiveEnternPASSClickLoginGoToUrlAssertUrlCl7" time="58.953"/>
  <system-out/>
</testsuite> <!-- tests.Bank_Multicurrency.tr_Standard_Schem_Spent -->
