<?xml version="1.0" encoding="UTF-8"?>
<!-- Generated by org.testng.reporters.JUnitReportReporter -->
<testsuite hostname="OB-Yogesh" failures="0" tests="6" name="VATPhase3.BankingTr_VATPH3_StandToFlatDefaultProfile_1" time="337.777" errors="0" timestamp="2021-05-06T00:22:12 IST" skipped="0">
  <testcase classname="VATPhase3.BankingTr_VATPH3_StandToFlatDefaultProfile_1" name="GoToUrlAssertUrlPositiveEnternLOGINPositiveEnternPASSClickLoginGoToUrlAssertUrlClickAgentsP4" time="53.334"/>
  <system-out/>
  <testcase classname="VATPhase3.BankingTr_VATPH3_StandToFlatDefaultProfile_1" name="GoToUrlAssertUrlPositiveEnternLOGINPositiveEnternPASSClickLoginGoToUrlAssertUrlClickAgentsP1" time="46.500"/>
  <system-out/>
  <testcase classname="VATPhase3.BankingTr_VATPH3_StandToFlatDefaultProfile_1" name="GoToUrlAssertUrlPositiveEnternLOGINPositiveEnternPASSClickLoginGoToUrlAssertUrlClickAgentsP2" time="54.757"/>
  <system-out/>
  <testcase classname="VATPhase3.BankingTr_VATPH3_StandToFlatDefaultProfile_1" name="GoToUrlAssertUrlPositiveEnternLOGINPositiveEnternPASSClickLoginGoToUrlAssertUrlClickAgentsP3" time="50.226"/>
  <system-out/>
  <testcase classname="VATPhase3.BankingTr_VATPH3_StandToFlatDefaultProfile_1" name="GoToUrlAssertUrlPositiveEnternLOGINPositiveEnternPASSClickLoginGoToUrlAssertUrlClickAgentsP6" time="62.769"/>
  <system-out/>
  <testcase classname="VATPhase3.BankingTr_VATPH3_StandToFlatDefaultProfile_1" name="GoToUrlAssertUrlPositiveEnternLOGINPositiveEnternPASSClickLoginGoToUrlAssertUrlClickAgentsP5" time="70.191"/>
  <system-out/>
</testsuite> <!-- VATPhase3.BankingTr_VATPH3_StandToFlatDefaultProfile_1 -->
