<?xml version="1.0" encoding="UTF-8"?>
<!-- Generated by org.testng.reporters.JUnitReportReporter -->
<testsuite hostname="OB-Sum" failures="0" tests="3" name="Test_Trial_Balance_RE_Jour_Bank_Supp_3.TC_2_3_BS_FixedAsset_20_To_29_With_Journal_Bank_Supplier" time="440.306" errors="0" timestamp="2022-01-05T18:45:58 IST" skipped="0">
  <testcase classname="Test_Trial_Balance_RE_Jour_Bank_Supp_3.TC_2_3_BS_FixedAsset_20_To_29_With_Journal_Bank_Supplier" name="GoToUrlAssertUrlPositiveEnternLOGINPositiveEnternPASSClickLoginGoToUrlAssertUrlClickAgentsP1" time="58.863"/>
  <system-out>
    <![CDATA[ledger 1 entered :20 - Patents Cost B/Fwd
ledger 2 entered :21 - Patents Additions
ledger 3 entered :22 - Patents Disposals
ledger 4 entered :23 - Patents Revaluation
ledger 5 entered :24 - Patents Transfers
ledger 5 entered :25 - Patents Amortisation B/Fwd
ledger 7 entered :26 - Patents Amortisation Disposals
ledger 8 entered :27 - Patents Amortisation Revaluations
ledger 9 entered :28 - Patents Amortisation Transfers
ledger 10 entered :29 - Patents Amortisation Charge
Ledger code verified: Patents Cost B/Fwd
Amount enter verified: 1,000.00
Ledger code verified: Patents Additions
Amount enter verified: 1,000.00
Ledger code verified: Patents Disposals
Amount enter verified: 1,000.00
Ledger code verified: Patents Revaluation
Amount enter verified: 1,000.00
Ledger code verified: Patents Transfers
Amount enter verified: 1,000.00
Ledger code verified: Patents Amortisation B/Fwd
Amount enter verified: 1,000.00
Ledger code verified: Patents Amortisation Disposals
Amount enter verified: 1,000.00
Ledger code verified: Patents Amortisation Revaluations
Amount enter verified: 1,000.00
Ledger code verified: Patents Amortisation Transfers
Amount enter verified: 1,000.00
Ledger code verified: Patents Amortisation Charge
Amount enter verified: (9,000.00)
Enteries are Verified on Balance Sheet Report page :]]>
  </system-out>
  <testcase classname="Test_Trial_Balance_RE_Jour_Bank_Supp_3.TC_2_3_BS_FixedAsset_20_To_29_With_Journal_Bank_Supplier" name="GoToUrlAssertUrlPositiveEnternLOGINPositiveEnternPASSClickLoginGoToUrlAssertUrlClickAgentsP2" time="205.689"/>
  <system-out/>
  <testcase classname="Test_Trial_Balance_RE_Jour_Bank_Supp_3.TC_2_3_BS_FixedAsset_20_To_29_With_Journal_Bank_Supplier" name="GoToUrlAssertUrlPositiveEnternLOGINPositiveEnternPASSClickLoginGoToUrlAssertUrlClickAgentsP3" time="175.754"/>
  <system-out/>
</testsuite> <!-- Test_Trial_Balance_RE_Jour_Bank_Supp_3.TC_2_3_BS_FixedAsset_20_To_29_With_Journal_Bank_Supplier -->
