<?xml version="1.0" encoding="UTF-8"?>
<!-- Generated by org.testng.reporters.JUnitReportReporter -->
<testsuite hostname="OB-Sum" failures="0" tests="6" name="ExpenceRemFlatToFlatPer.SaleInToReconcileForExpenseRem_DefaultProfile" time="509.589" errors="0" timestamp="2022-02-06T06:55:36 IST" skipped="0">
  <testcase classname="ExpenceRemFlatToFlatPer.SaleInToReconcileForExpenseRem_DefaultProfile" name="GoToUrlAssertUrlPositiveEnternLOGINPositiveEnternPASSClickLoginGoToUrlAssertUrlClickAgentsP5" time="80.294"/>
  <system-out/>
  <testcase classname="ExpenceRemFlatToFlatPer.SaleInToReconcileForExpenseRem_DefaultProfile" name="GoToUrlAssertUrlPositiveEnternLOGINPositiveEnternPASSClickLoginGoToUrlAssertUrlClickAgentsP1" time="83.840"/>
  <system-out/>
  <testcase classname="ExpenceRemFlatToFlatPer.SaleInToReconcileForExpenseRem_DefaultProfile" name="GoToUrlAssertUrlPositiveEnternLOGINPositiveEnternPASSClickLoginGoToUrlAssertUrlClickAgentsP6" time="83.279"/>
  <system-out/>
  <testcase classname="ExpenceRemFlatToFlatPer.SaleInToReconcileForExpenseRem_DefaultProfile" name="GoToUrlAssertUrlPositiveEnternLOGINPositiveEnternPASSClickLoginGoToUrlAssertUrlClickAgentsP2" time="87.294"/>
  <system-out/>
  <testcase classname="ExpenceRemFlatToFlatPer.SaleInToReconcileForExpenseRem_DefaultProfile" name="GoToUrlAssertUrlPositiveEnternLOGINPositiveEnternPASSClickLoginGoToUrlAssertUrlClickAgentsP3" time="84.708"/>
  <system-out/>
  <testcase classname="ExpenceRemFlatToFlatPer.SaleInToReconcileForExpenseRem_DefaultProfile" name="GoToUrlAssertUrlPositiveEnternLOGINPositiveEnternPASSClickLoginGoToUrlAssertUrlClickAgentsP4" time="90.174"/>
  <system-out/>
</testsuite> <!-- ExpenceRemFlatToFlatPer.SaleInToReconcileForExpenseRem_DefaultProfile -->
