<?xml version="1.0" encoding="UTF-8"?>
<!-- Generated by org.testng.reporters.JUnitReportReporter -->
<testsuite hostname="OB-Sum" failures="0" tests="2" name="Supplier_SToNoVAT.ScriptVATOnlyBillSToNOVAT_DefaultProfile" time="111.079" errors="0" timestamp="2021-12-09T11:24:15 IST" skipped="0">
  <testcase classname="Supplier_SToNoVAT.ScriptVATOnlyBillSToNOVAT_DefaultProfile" name="GoToUrlAssertUrlPositiveEnterUserNamePositiveEnterPasswordClickLoginButtonGoToUrlAssertUrlCl2" time="56.519"/>
  <system-out/>
  <testcase classname="Supplier_SToNoVAT.ScriptVATOnlyBillSToNOVAT_DefaultProfile" name="GoToUrlAssertUrlPositiveEnterUserNamePositiveEnterPasswordClickLoginButtonGoToUrlAssertUrlCl1" time="54.560"/>
  <system-out/>
</testsuite> <!-- Supplier_SToNoVAT.ScriptVATOnlyBillSToNOVAT_DefaultProfile -->
