<?xml version="1.0" encoding="UTF-8"?>
<!-- Generated by org.testng.reporters.JUnitReportReporter -->
<testsuite hostname="OB-Sum" failures="0" tests="1" name="tests.ScriptStandardToNOVAT_DefaultProfile" time="58.745" errors="0" timestamp="2022-02-06T06:55:30 IST" skipped="0">
  <testcase classname="tests.ScriptStandardToNOVAT_DefaultProfile" name="GoToUrlAssertUrlPositiveEnterUserNamePositiveEnterPasswordClickLoginButtonGoToUrlAssertUrlCl1" time="58.745"/>
  <system-out/>
</testsuite> <!-- tests.ScriptStandardToNOVAT_DefaultProfile -->
