<?xml version="1.0" encoding="UTF-8"?>
<!-- Generated by org.testng.reporters.JUnitReportReporter -->
<testsuite hostname="OB-Sum" failures="0" tests="6" name="AdvanceReconcileByBankForSupplierBillFlatToStand.SaleInToPartialReconcile_DebitNote_DefaultProfile" time="461.343" errors="0" timestamp="2021-12-09T11:24:15 IST" skipped="0">
  <testcase classname="AdvanceReconcileByBankForSupplierBillFlatToStand.SaleInToPartialReconcile_DebitNote_DefaultProfile" name="GoToUrlAssertUrlPositiveEnternLOGINPositiveEnternPASSClickLoginGoToUrlAssertUrlClickAgentsP6" time="76.097"/>
  <system-out/>
  <testcase classname="AdvanceReconcileByBankForSupplierBillFlatToStand.SaleInToPartialReconcile_DebitNote_DefaultProfile" name="GoToUrlAssertUrlPositiveEnternLOGINPositiveEnternPASSClickLoginGoToUrlAssertUrlClickAgentsP4" time="78.045"/>
  <system-out/>
  <testcase classname="AdvanceReconcileByBankForSupplierBillFlatToStand.SaleInToPartialReconcile_DebitNote_DefaultProfile" name="GoToUrlAssertUrlPositiveEnternLOGINPositiveEnternPASSClickLoginGoToUrlAssertUrlClickAgentsP2" time="78.013"/>
  <system-out/>
  <testcase classname="AdvanceReconcileByBankForSupplierBillFlatToStand.SaleInToPartialReconcile_DebitNote_DefaultProfile" name="GoToUrlAssertUrlPositiveEnternLOGINPositiveEnternPASSClickLoginGoToUrlAssertUrlClickAgentsP5" time="76.717"/>
  <system-out/>
  <testcase classname="AdvanceReconcileByBankForSupplierBillFlatToStand.SaleInToPartialReconcile_DebitNote_DefaultProfile" name="GoToUrlAssertUrlPositiveEnternLOGINPositiveEnternPASSClickLoginGoToUrlAssertUrlClickAgentsP3" time="74.280"/>
  <system-out/>
  <testcase classname="AdvanceReconcileByBankForSupplierBillFlatToStand.SaleInToPartialReconcile_DebitNote_DefaultProfile" name="GoToUrlAssertUrlPositiveEnternLOGINPositiveEnternPASSClickLoginGoToUrlAssertUrlClickAgentsP1" time="78.191"/>
  <system-out/>
</testsuite> <!-- AdvanceReconcileByBankForSupplierBillFlatToStand.SaleInToPartialReconcile_DebitNote_DefaultProfile -->
