<?xml version="1.0" encoding="UTF-8"?>
<!-- Generated by org.testng.reporters.JUnitReportReporter -->
<testsuite hostname="OB-Sum" failures="0" tests="3" name="Test_Trial_Balance_RE_Jour_Bank_Supp_3.TC_3_3_BS_FixedAsset_30_To_39_With_Journal_Bank_Supplier" time="422.591" errors="0" timestamp="2022-01-05T18:45:58 IST" skipped="0">
  <testcase classname="Test_Trial_Balance_RE_Jour_Bank_Supp_3.TC_3_3_BS_FixedAsset_30_To_39_With_Journal_Bank_Supplier" name="GoToUrlAssertUrlPositiveEnternLOGINPositiveEnternPASSClickLoginGoToUrlAssertUrlClickAgentsP2" time="186.616"/>
  <system-out/>
  <testcase classname="Test_Trial_Balance_RE_Jour_Bank_Supp_3.TC_3_3_BS_FixedAsset_30_To_39_With_Journal_Bank_Supplier" name="GoToUrlAssertUrlPositiveEnternLOGINPositiveEnternPASSClickLoginGoToUrlAssertUrlClickAgentsP3" time="176.357"/>
  <system-out/>
  <testcase classname="Test_Trial_Balance_RE_Jour_Bank_Supp_3.TC_3_3_BS_FixedAsset_30_To_39_With_Journal_Bank_Supplier" name="GoToUrlAssertUrlPositiveEnternLOGINPositiveEnternPASSClickLoginGoToUrlAssertUrlClickAgentsP1" time="59.618"/>
  <system-out>
    <![CDATA[ledger 1 entered :30 - Goodwill Cost B/Fwd
ledger 2 entered :31 - Goodwill Additions
ledger 3 entered :32 - Goodwill Disposals
ledger 4 entered :33 - Goodwill Revaluations
ledger 5 entered :34 - Goodwill Transfers
ledger 5 entered :35 - Goodwill Amortisation B/Fwd
ledger 7 entered :36 - Goodwill Amortisation Disposals
ledger 8 entered :37 - Goodwill Amortisation Revaluations
ledger 9 entered :38 - Goodwill Amortisation Transfers
ledger 10 entered :39 - Goodwill Amortisation Charge
Ledger code verified: Goodwill Cost B/Fwd
Amount enter verified: 1,000.00
Ledger code verified: Goodwill Additions
Amount enter verified: 1,000.00
Ledger code verified: Goodwill Disposals
Amount enter verified: 1,000.00
Ledger code verified: Goodwill Revaluations
Amount enter verified: 1,000.00
Ledger code verified: Goodwill Transfers
Amount enter verified: 1,000.00
Ledger code verified: Goodwill Amortisation B/Fwd
Amount enter verified: 1,000.00
Ledger code verified: Goodwill Amortisation Disposals
Amount enter verified: 1,000.00
Ledger code verified: Goodwill Amortisation Revaluations
Amount enter verified: 1,000.00
Ledger code verified: Goodwill Amortisation Transfers
Amount enter verified: 1,000.00
Ledger code verified: Goodwill Amortisation Charge
Amount enter verified: (9,000.00)
Enteries are Verified on Balance Sheet Report page :]]>
  </system-out>
</testsuite> <!-- Test_Trial_Balance_RE_Jour_Bank_Supp_3.TC_3_3_BS_FixedAsset_30_To_39_With_Journal_Bank_Supplier -->
