<?xml version="1.0" encoding="UTF-8"?>
<!-- Generated by org.testng.reporters.JUnitReportReporter -->
<testsuite hostname="OB-Sum" failures="0" tests="1" name="VAT3_ExpenseReimbAdvanceReconcile.ScriptPostVATReturn3stVATReturnReport_DefaultProfile_2" time="42.505" errors="0" timestamp="2021-11-12T14:33:00 IST" skipped="0">
  <testcase classname="VAT3_ExpenseReimbAdvanceReconcile.ScriptPostVATReturn3stVATReturnReport_DefaultProfile_2" name="GoToUrlAssertUrlPositiveEnterUserNamePositiveEnterPasswordClickLoginButtonGoToUrlAssertUrlCl" time="42.505"/>
  <system-out/>
</testsuite> <!-- VAT3_ExpenseReimbAdvanceReconcile.ScriptPostVATReturn3stVATReturnReport_DefaultProfile_2 -->
