<?xml version="1.0" encoding="UTF-8"?>
<!-- Generated by org.testng.reporters.JUnitReportReporter -->
<testsuite hostname="OB-Sum" failures="0" tests="1" name="VAT3_UnReconciled_FLAT2_NOVAT.Un_addvatrate_Addvat_Flat2NOVAT" time="37.333" errors="0" timestamp="2021-11-26T13:57:33 IST" skipped="0">
  <testcase classname="VAT3_UnReconciled_FLAT2_NOVAT.Un_addvatrate_Addvat_Flat2NOVAT" name="GoToUrlAssertUrlPositiveSelectVATStatus1PositiveEnterEffectiveDatePositiveSelectFlatrateBusines" time="37.333"/>
  <system-out/>
</testsuite> <!-- VAT3_UnReconciled_FLAT2_NOVAT.Un_addvatrate_Addvat_Flat2NOVAT -->
