<?xml version="1.0" encoding="UTF-8"?>
<!-- Generated by org.testng.reporters.JUnitReportReporter -->
<testsuite hostname="OB-Sum" failures="0" tests="3" name="Test_Balance_RE_Jour_Bank_Supp_3.TC_02_3_2_BS_FixedAsset_20_To_24_With_Journal_Bank_Supplier" time="270.251" errors="0" timestamp="2022-02-19T09:42:02 IST" skipped="0">
  <testcase classname="Test_Balance_RE_Jour_Bank_Supp_3.TC_02_3_2_BS_FixedAsset_20_To_24_With_Journal_Bank_Supplier" name="GoToUrlAssertUrlPositiveEnternLOGINPositiveEnternPASSClickLoginGoToUrlAssertUrlClickAgentsP1" time="49.494"/>
  <system-out>
    <![CDATA[ledger 1 entered :20 - Patents Cost B/Fwd
ledger 2 entered :21 - Patents Additions
ledger 3 entered :22 - Patents Disposals
ledger 4 entered :23 - Patents Revaluation
ledger 5 entered :24 - Patents Transfers
Ledger code verified: Patents Cost B/Fwd
Amount enter verified: 1,000.00
Ledger code verified: Patents Additions
Amount enter verified: 1,000.00
Ledger code verified: Patents Disposals
Amount enter verified: 1,000.00
Ledger code verified: Patents Revaluation
Amount enter verified: 1,000.00
Ledger code verified: Patents Transfers
Amount enter verified: (4,000.00)
Enteries are Verified on Balance Sheet Report page :]]>
  </system-out>
  <testcase classname="Test_Balance_RE_Jour_Bank_Supp_3.TC_02_3_2_BS_FixedAsset_20_To_24_With_Journal_Bank_Supplier" name="GoToUrlAssertUrlPositiveEnternLOGINPositiveEnternPASSClickLoginGoToUrlAssertUrlClickAgentsP2" time="110.963"/>
  <system-out/>
  <testcase classname="Test_Balance_RE_Jour_Bank_Supp_3.TC_02_3_2_BS_FixedAsset_20_To_24_With_Journal_Bank_Supplier" name="GoToUrlAssertUrlPositiveEnternLOGINPositiveEnternPASSClickLoginGoToUrlAssertUrlClickAgentsP3" time="109.794"/>
  <system-out/>
</testsuite> <!-- Test_Balance_RE_Jour_Bank_Supp_3.TC_02_3_2_BS_FixedAsset_20_To_24_With_Journal_Bank_Supplier -->
