<?xml version="1.0" encoding="UTF-8"?>
<!-- Generated by org.testng.reporters.JUnitReportReporter -->
<testsuite hostname="OB-Sum" failures="0" tests="1" name="test.ashiv.TestLadgerRecon_DefaultProfile" time="56.606" errors="0" timestamp="2021-11-11T19:05:36 IST" skipped="0">
  <testcase classname="test.ashiv.TestLadgerRecon_DefaultProfile" name="GoToUrlClickView2ClickLedgerReconciliation3PositiveSelectAccountType48PositiveSelectAccount59C" time="56.606"/>
  <system-out/>
</testsuite> <!-- test.ashiv.TestLadgerRecon_DefaultProfile -->
