<?xml version="1.0" encoding="UTF-8"?>
<!-- Generated by org.testng.reporters.JUnitReportReporter -->
<testsuite hostname="OB-Sum" failures="0" tests="1" name="VAT3.FullREC_S2_NOVAT.Supplier_PostVATReturn1stVATReturnReport_1" time="39.322" errors="0" timestamp="2021-12-19T01:41:01 IST" skipped="0">
  <testcase classname="VAT3.FullREC_S2_NOVAT.Supplier_PostVATReturn1stVATReturnReport_1" name="GoToUrlAssertUrlPositiveEnterUserNamePositiveEnterPasswordClickLoginButtonGoToUrlAssertUrlCl" time="39.322"/>
  <system-out/>
</testsuite> <!-- VAT3.FullREC_S2_NOVAT.Supplier_PostVATReturn1stVATReturnReport_1 -->
