<?xml version="1.0" encoding="UTF-8"?>
<!-- Generated by org.testng.reporters.JUnitReportReporter -->
<testsuite hostname="OB-Sum" failures="0" tests="1" name="Supplier_test.ScriptSubcontractorBillSToFRS_DefaultProfile" time="35.732" errors="0" timestamp="2021-12-03T13:29:25 IST" skipped="0">
  <testcase classname="Supplier_test.ScriptSubcontractorBillSToFRS_DefaultProfile" name="GoToUrlAssertUrlPositiveEnterUserNamePositiveEnterPasswordClickLoginButtonGoToUrlAssertUrlCl" time="35.732"/>
  <system-out/>
</testsuite> <!-- Supplier_test.ScriptSubcontractorBillSToFRS_DefaultProfile -->
