<?xml version="1.0" encoding="UTF-8"?>
<!-- Generated by org.testng.reporters.JUnitReportReporter -->
<testsuite hostname="OB-Yogesh" failures="0" tests="1" name="test.FlatToStandard.ScriptVesrifyByTrialBalancePDFDefaultProfile_DefaultProfile" time="33.810" errors="0" timestamp="2021-02-17T13:05:06 IST" skipped="0">
  <testcase classname="test.FlatToStandard.ScriptVesrifyByTrialBalancePDFDefaultProfile_DefaultProfile" name="GoToUrlAssertUrlPositiveEnterUserNamePositiveEnterPasswordClickLoginButtonGoToUrlAssertUrlCl" time="33.810"/>
  <system-out/>
</testsuite> <!-- test.FlatToStandard.ScriptVesrifyByTrialBalancePDFDefaultProfile_DefaultProfile -->
