<?xml version="1.0" encoding="UTF-8"?>
<!-- Generated by org.testng.reporters.JUnitReportReporter -->
<testsuite hostname="OB-Sum" failures="0" tests="6" name="test.FlatToFlatPer.Script_Invoice_FlatToFlatP_DefaultProfile" time="371.725" errors="0" timestamp="2022-02-06T06:55:30 IST" skipped="0">
  <testcase classname="test.FlatToFlatPer.Script_Invoice_FlatToFlatP_DefaultProfile" name="GoToUrlAssertUrlPositiveEnterUserNamePositiveEnterPasswordClickLoginButtonGoToUrlAssertUrlCl6" time="61.594"/>
  <system-out/>
  <testcase classname="test.FlatToFlatPer.Script_Invoice_FlatToFlatP_DefaultProfile" name="GoToUrlAssertUrlPositiveEnterUserNamePositiveEnterPasswordClickLoginButtonGoToUrlAssertUrlCl3" time="61.283"/>
  <system-out/>
  <testcase classname="test.FlatToFlatPer.Script_Invoice_FlatToFlatP_DefaultProfile" name="GoToUrlAssertUrlPositiveEnterUserNamePositiveEnterPasswordClickLoginButtonGoToUrlAssertUrlCl1" time="59.747"/>
  <system-out/>
  <testcase classname="test.FlatToFlatPer.Script_Invoice_FlatToFlatP_DefaultProfile" name="GoToUrlAssertUrlPositiveEnterUserNamePositiveEnterPasswordClickLoginButtonGoToUrlAssertUrlCl4" time="63.693"/>
  <system-out/>
  <testcase classname="test.FlatToFlatPer.Script_Invoice_FlatToFlatP_DefaultProfile" name="GoToUrlAssertUrlPositiveEnterUserNamePositiveEnterPasswordClickLoginButtonGoToUrlAssertUrlCl2" time="61.767"/>
  <system-out/>
  <testcase classname="test.FlatToFlatPer.Script_Invoice_FlatToFlatP_DefaultProfile" name="GoToUrlAssertUrlPositiveEnterUserNamePositiveEnterPasswordClickLoginButtonGoToUrlAssertUrlCl5" time="63.641"/>
  <system-out/>
</testsuite> <!-- test.FlatToFlatPer.Script_Invoice_FlatToFlatP_DefaultProfile -->
