<?xml version="1.0" encoding="UTF-8"?>
<!-- Generated by org.testng.reporters.JUnitReportReporter -->
<testsuite hostname="OB-Sum" failures="0" tests="1" name="tests.ScriptVerifyByTrialBalanceScreenshotDefaultProfile_SToNOVAT" time="49.556" errors="0" timestamp="2022-02-06T06:55:36 IST" skipped="0">
  <testcase classname="tests.ScriptVerifyByTrialBalanceScreenshotDefaultProfile_SToNOVAT" name="GoToUrlAssertUrlPositiveEnterUserNamePositiveEnterPasswordClickLoginButtonGoToUrlAssertUrlCl" time="49.556"/>
  <system-out/>
</testsuite> <!-- tests.ScriptVerifyByTrialBalanceScreenshotDefaultProfile_SToNOVAT -->
