<?xml version="1.0" encoding="UTF-8"?>
<!-- Generated by org.testng.reporters.JUnitReportReporter -->
<testsuite hostname="OB-Yogesh" failures="0" tests="2" name="test.AdvanceReconcilation.ScriptVATReturn3stVATReturnReport_SToFlat_DefaultProfile" time="119.890" errors="0" timestamp="2021-04-01T18:28:23 IST" skipped="0">
  <testcase classname="test.AdvanceReconcilation.ScriptVATReturn3stVATReturnReport_SToFlat_DefaultProfile" name="GoToUrlAssertUrlPositiveEnterUserNamePositiveEnterPasswordClickLoginButtonGoToUrlAssertUrlCl" time="56.166"/>
  <system-out/>
  <testcase classname="test.AdvanceReconcilation.ScriptVATReturn3stVATReturnReport_SToFlat_DefaultProfile" name="GoToUrlAssertUrlPositiveEnterUserNamePositiveEnterPasswordClickLoginButtonGoToUrlAssertUrlCl" time="63.724"/>
  <system-out/>
</testsuite> <!-- test.AdvanceReconcilation.ScriptVATReturn3stVATReturnReport_SToFlat_DefaultProfile -->
