<?xml version="1.0" encoding="UTF-8"?>
<!-- Generated by org.testng.reporters.JUnitReportReporter -->
<testsuite hostname="OB-Sum" failures="0" tests="2" name="VAT2.F2NOVAT.F2noVat_SaleInToReconcileForVATOnly_1" time="233.885" errors="0" timestamp="2022-02-07T19:49:32 IST" skipped="0">
  <testcase classname="VAT2.F2NOVAT.F2noVat_SaleInToReconcileForVATOnly_1" name="GoToUrlAssertUrlPositiveEnternLOGINPositiveEnternPASSClickLoginGoToUrlAssertUrlClickAgentsP2" time="119.816"/>
  <system-out/>
  <testcase classname="VAT2.F2NOVAT.F2noVat_SaleInToReconcileForVATOnly_1" name="GoToUrlAssertUrlPositiveEnternLOGINPositiveEnternPASSClickLoginGoToUrlAssertUrlClickAgentsP1" time="114.069"/>
  <system-out/>
</testsuite> <!-- VAT2.F2NOVAT.F2noVat_SaleInToReconcileForVATOnly_1 -->
