<?xml version="1.0" encoding="UTF-8"?>
<!-- Generated by org.testng.reporters.JUnitReportReporter -->
<testsuite hostname="OB-Yogesh" failures="0" tests="1" name="VATPhase3.ScriptPostVATReturn3stVATReturnReport_StandToNoVAT_DefaultProfile_4" time="49.863" errors="0" timestamp="2021-05-06T00:22:11 IST" skipped="0">
  <testcase classname="VATPhase3.ScriptPostVATReturn3stVATReturnReport_StandToNoVAT_DefaultProfile_4" name="GoToUrlAssertUrlPositiveEnterUserNamePositiveEnterPasswordClickLoginButtonGoToUrlAssertUrlCl" time="49.863"/>
  <system-out/>
</testsuite> <!-- VATPhase3.ScriptPostVATReturn3stVATReturnReport_StandToNoVAT_DefaultProfile_4 -->
