<?xml version="1.0" encoding="UTF-8"?>
<!-- Generated by org.testng.reporters.JUnitReportReporter -->
<testsuite hostname="OB-Sum" failures="0" tests="2" name="test.AdvanceReconcilationFLATTOFLATP.SaleInToReconcileForVATOnly_DefaultProfile" time="145.486" errors="0" timestamp="2021-12-09T11:24:14 IST" skipped="0">
  <testcase classname="test.AdvanceReconcilationFLATTOFLATP.SaleInToReconcileForVATOnly_DefaultProfile" name="GoToUrlAssertUrlPositiveEnternLOGINPositiveEnternPASSClickLoginGoToUrlAssertUrlClickAgentsP2" time="69.153"/>
  <system-out/>
  <testcase classname="test.AdvanceReconcilationFLATTOFLATP.SaleInToReconcileForVATOnly_DefaultProfile" name="GoToUrlAssertUrlPositiveEnternLOGINPositiveEnternPASSClickLoginGoToUrlAssertUrlClickAgentsP1" time="76.333"/>
  <system-out/>
</testsuite> <!-- test.AdvanceReconcilationFLATTOFLATP.SaleInToReconcileForVATOnly_DefaultProfile -->
