<?xml version="1.0" encoding="UTF-8"?>
<!-- Generated by org.testng.reporters.JUnitReportReporter -->
<testsuite hostname="OB-Yogesh" failures="0" tests="2" name="test.partialReconcileJonralEntryFlatToStand.VATOnlyToReconcileForJonral_DefaultProfile" time="176.873" errors="0" timestamp="2021-05-09T23:14:47 IST" skipped="0">
  <testcase classname="test.partialReconcileJonralEntryFlatToStand.VATOnlyToReconcileForJonral_DefaultProfile" name="GoToUrlAssertUrlPositiveEnternLOGINPositiveEnternPASSClickLoginGoToUrlAssertUrlClickAgentsP2" time="89.360"/>
  <system-out/>
  <testcase classname="test.partialReconcileJonralEntryFlatToStand.VATOnlyToReconcileForJonral_DefaultProfile" name="GoToUrlAssertUrlPositiveEnternLOGINPositiveEnternPASSClickLoginGoToUrlAssertUrlClickAgentsP1" time="87.513"/>
  <system-out/>
</testsuite> <!-- test.partialReconcileJonralEntryFlatToStand.VATOnlyToReconcileForJonral_DefaultProfile -->
