<?xml version="1.0" encoding="UTF-8"?>
<!-- Generated by org.testng.reporters.JUnitReportReporter -->
<testsuite hostname="OB-Yogesh" failures="0" tests="6" name="tests.Script2ForSaleInvoce_DefaultProfile" time="634.868" errors="0" timestamp="2021-02-03T14:19:54 IST" skipped="0">
  <testcase classname="tests.Script2ForSaleInvoce_DefaultProfile" name="GoToUrlAssertUrlPositiveEnterUserNamePositiveEnterPasswordClickLoginButtonGoToUrlAssertUrlCl6" time="60.820"/>
  <system-out/>
  <testcase classname="tests.Script2ForSaleInvoce_DefaultProfile" name="GoToUrlAssertUrlPositiveEnterUserNamePositiveEnterPasswordClickLoginButtonGoToUrlAssertUrlCl2" time="336.286"/>
  <system-out/>
  <testcase classname="tests.Script2ForSaleInvoce_DefaultProfile" name="GoToUrlAssertUrlPositiveEnterUserNamePositiveEnterPasswordClickLoginButtonGoToUrlAssertUrlCl4" time="53.712"/>
  <system-out/>
  <testcase classname="tests.Script2ForSaleInvoce_DefaultProfile" name="GoToUrlAssertUrlPositiveEnterUserNamePositiveEnterPasswordClickLoginButtonGoToUrlAssertUrlCl5" time="56.495"/>
  <system-out/>
  <testcase classname="tests.Script2ForSaleInvoce_DefaultProfile" name="GoToUrlAssertUrlPositiveEnterUserNamePositiveEnterPasswordClickLoginButtonGoToUrlAssertUrlCl3" time="55.569"/>
  <system-out/>
  <testcase classname="tests.Script2ForSaleInvoce_DefaultProfile" name="GoToUrlAssertUrlPositiveEnterUserNamePositiveEnterPasswordClickLoginButtonGoToUrlAssertUrlCl1" time="71.986"/>
  <system-out/>
</testsuite> <!-- tests.Script2ForSaleInvoce_DefaultProfile -->
