<?xml version="1.0" encoding="UTF-8"?>
<!-- Generated by org.testng.reporters.JUnitReportReporter -->
<testsuite hostname="OB-Sum" failures="0" tests="6" name="test.AdvanceReconcilationSTOFLAT.SaleInToReconcile_DefaultProfile" time="462.050" errors="0" timestamp="2021-12-19T01:40:59 IST" skipped="0">
  <testcase classname="test.AdvanceReconcilationSTOFLAT.SaleInToReconcile_DefaultProfile" name="GoToUrlAssertUrlPositiveEnternLOGINPositiveEnternPASSClickLoginGoToUrlAssertUrlClickAgentsP1" time="77.266"/>
  <system-out/>
  <testcase classname="test.AdvanceReconcilationSTOFLAT.SaleInToReconcile_DefaultProfile" name="GoToUrlAssertUrlPositiveEnternLOGINPositiveEnternPASSClickLoginGoToUrlAssertUrlClickAgentsP4" time="79.651"/>
  <system-out/>
  <testcase classname="test.AdvanceReconcilationSTOFLAT.SaleInToReconcile_DefaultProfile" name="GoToUrlAssertUrlPositiveEnternLOGINPositiveEnternPASSClickLoginGoToUrlAssertUrlClickAgentsP2" time="75.790"/>
  <system-out/>
  <testcase classname="test.AdvanceReconcilationSTOFLAT.SaleInToReconcile_DefaultProfile" name="GoToUrlAssertUrlPositiveEnternLOGINPositiveEnternPASSClickLoginGoToUrlAssertUrlClickAgentsP5" time="76.749"/>
  <system-out/>
  <testcase classname="test.AdvanceReconcilationSTOFLAT.SaleInToReconcile_DefaultProfile" name="GoToUrlAssertUrlPositiveEnternLOGINPositiveEnternPASSClickLoginGoToUrlAssertUrlClickAgentsP3" time="75.756"/>
  <system-out/>
  <testcase classname="test.AdvanceReconcilationSTOFLAT.SaleInToReconcile_DefaultProfile" name="GoToUrlAssertUrlPositiveEnternLOGINPositiveEnternPASSClickLoginGoToUrlAssertUrlClickAgentsP6" time="76.838"/>
  <system-out/>
</testsuite> <!-- test.AdvanceReconcilationSTOFLAT.SaleInToReconcile_DefaultProfile -->
