<?xml version="1.0" encoding="UTF-8"?>
<!-- Generated by org.testng.reporters.JUnitReportReporter -->
<testsuite hostname="OB-Sum" failures="0" tests="2" name="test.partialReconcileJonralEntryFlatToStand.CreditNoteToReconcileForJonral_DefaultProfile" time="212.885" errors="0" timestamp="2021-12-20T15:56:47 IST" skipped="0">
  <testcase classname="test.partialReconcileJonralEntryFlatToStand.CreditNoteToReconcileForJonral_DefaultProfile" name="GoToUrlAssertUrlPositiveEnternLOGINPositiveEnternPASSClickLoginGoToUrlAssertUrlClickAgentsP5" time="105.664"/>
  <system-out/>
  <testcase classname="test.partialReconcileJonralEntryFlatToStand.CreditNoteToReconcileForJonral_DefaultProfile" name="GoToUrlAssertUrlPositiveEnternLOGINPositiveEnternPASSClickLoginGoToUrlAssertUrlClickAgentsP4" time="107.221"/>
  <system-out/>
</testsuite> <!-- test.partialReconcileJonralEntryFlatToStand.CreditNoteToReconcileForJonral_DefaultProfile -->
