<?xml version="1.0" encoding="UTF-8"?>
<!-- Generated by org.testng.reporters.JUnitReportReporter -->
<testsuite hostname="OB-Sum" failures="0" tests="1" name="VAT3.FullREC_S2_FLAT.Supplier_VATReturn2stVATReturnReport_SToFRS_DefaultProfileFullyReconcile_1" time="63.065" errors="0" timestamp="2021-12-01T04:35:04 IST" skipped="0">
  <testcase classname="VAT3.FullREC_S2_FLAT.Supplier_VATReturn2stVATReturnReport_SToFRS_DefaultProfileFullyReconcile_1" name="GoToUrlAssertUrlPositiveEnterUserNamePositiveEnterPasswordClickLoginButtonGoToUrlAssertUrlCl" time="63.065"/>
  <system-out/>
</testsuite> <!-- VAT3.FullREC_S2_FLAT.Supplier_VATReturn2stVATReturnReport_SToFRS_DefaultProfileFullyReconcile_1 -->
