<?xml version="1.0" encoding="UTF-8"?>
<!-- Generated by org.testng.reporters.JUnitReportReporter -->
<testsuite hostname="OB-Sum" failures="0" tests="3" name="Test_Trial_Balance_RE_Jour_Bank_Supp_3.TC_07_3_BS_FixedAsset_225_To_229_With_Journal_Bank_Supplier" time="327.759" errors="0" timestamp="2022-01-18T16:59:19 IST" skipped="0">
  <testcase classname="Test_Trial_Balance_RE_Jour_Bank_Supp_3.TC_07_3_BS_FixedAsset_225_To_229_With_Journal_Bank_Supplier" name="GoToUrlAssertUrlPositiveEnternLOGINPositiveEnternPASSClickLoginGoToUrlAssertUrlClickAgentsP2" time="135.581"/>
  <system-out/>
  <testcase classname="Test_Trial_Balance_RE_Jour_Bank_Supp_3.TC_07_3_BS_FixedAsset_225_To_229_With_Journal_Bank_Supplier" name="GoToUrlAssertUrlPositiveEnternLOGINPositiveEnternPASSClickLoginGoToUrlAssertUrlClickAgentsP3" time="127.725"/>
  <system-out/>
  <testcase classname="Test_Trial_Balance_RE_Jour_Bank_Supp_3.TC_07_3_BS_FixedAsset_225_To_229_With_Journal_Bank_Supplier" name="GoToUrlAssertUrlPositiveEnternLOGINPositiveEnternPASSClickLoginGoToUrlAssertUrlClickAgentsP1" time="64.453"/>
  <system-out>
    <![CDATA[ledger 1 entered :225 - Long Leasehold Properties Depreciation B/Fwd
ledger 2 entered :226 - Long Leasehold Properties Depreciation Disposal
ledger 3 entered :227 - Long Leasehold Properties Depreciation Revaluations
ledger 4 entered :228 - Long Leasehold Properties Depreciation Transfers
ledger 5 entered :229 - Long Leasehold Properties Depreciation Charge
Ledger code verified: Long Leasehold Properties Depreciation B/Fwd
Amount enter verified: 1,000.00
Ledger code verified: Long Leasehold Properties Depreciation Disposal
Amount enter verified: 1,000.00
Ledger code verified: Long Leasehold Properties Depreciation Revaluations
Amount enter verified: 1,000.00
Ledger code verified: Long Leasehold Properties Depreciation Transfers
Amount enter verified: 1,000.00
Ledger code verified: Long Leasehold Properties Depreciation Charge
Amount enter verified: (4,000.00)
Enteries are Verified on Balance Sheet Report page :]]>
  </system-out>
</testsuite> <!-- Test_Trial_Balance_RE_Jour_Bank_Supp_3.TC_07_3_BS_FixedAsset_225_To_229_With_Journal_Bank_Supplier -->
