<?xml version="1.0" encoding="UTF-8"?>
<!-- Generated by org.testng.reporters.JUnitReportReporter -->
<testsuite hostname="OB-Sum" failures="0" tests="2" name="Test_Balance_RE_Jour_Bank_Supp_3.TC_29_2_BS_TAXATION_1090_1091_With_Journal_Bank" time="138.474" errors="0" timestamp="2022-02-19T09:42:03 IST" skipped="0">
  <testcase classname="Test_Balance_RE_Jour_Bank_Supp_3.TC_29_2_BS_TAXATION_1090_1091_With_Journal_Bank" name="GoToUrlAssertUrlPositiveEnternLOGINPositiveEnternPASSClickLoginGoToUrlAssertUrlClickAgentsP3" time="75.906"/>
  <system-out/>
  <testcase classname="Test_Balance_RE_Jour_Bank_Supp_3.TC_29_2_BS_TAXATION_1090_1091_With_Journal_Bank" name="GoToUrlAssertUrlPositiveEnternLOGINPositiveEnternPASSClickLoginGoToUrlAssertUrlClickAgentsP1" time="62.568"/>
  <system-out>
    <![CDATA[ledger 1 entered :1090 - Corporation Tax Payable
ledger 2 entered :1091 - CIS Payable
Ledger code verified: Corporation Tax Payable
Amount enter verified: 1,000.00
Ledger code verified: CIS Payable
Amount enter verified: (1,000.00)
Enteries are Verified on Balance Sheet Report page :]]>
  </system-out>
</testsuite> <!-- Test_Balance_RE_Jour_Bank_Supp_3.TC_29_2_BS_TAXATION_1090_1091_With_Journal_Bank -->
