<?xml version="1.0" encoding="UTF-8"?>
<!-- Generated by org.testng.reporters.JUnitReportReporter -->
<testsuite hostname="OB-Sum" failures="0" tests="1" name="Test_Trial_Balance_Report.TC_02_LadgerCode_2080_7004_7525_Report" time="111.256" errors="0" timestamp="2021-12-30T15:36:05 IST" skipped="0">
  <testcase classname="Test_Trial_Balance_Report.TC_02_LadgerCode_2080_7004_7525_Report" name="GoToUrlAssertUrlPositiveEnternLOGINPositiveEnternPASSClickLoginGoToUrlAssertUrlClickAgentsP1" time="111.256"/>
  <system-out/>
</testsuite> <!-- Test_Trial_Balance_Report.TC_02_LadgerCode_2080_7004_7525_Report -->
