<?xml version="1.0" encoding="UTF-8"?>
<!-- Generated by org.testng.reporters.JUnitReportReporter -->
<testsuite hostname="OB-Sum" failures="0" tests="1" name="Supplier_STNDToFRS.ScriptVerifySupplierAddRecordSTOFRS_DefaultProfile" time="67.273" errors="0" timestamp="2022-02-06T06:55:33 IST" skipped="0">
  <testcase classname="Supplier_STNDToFRS.ScriptVerifySupplierAddRecordSTOFRS_DefaultProfile" name="GoToUrlAssertUrlPositiveEnterUserNamePositiveEnterPasswordClickLoginButtonGoToUrlAssertUrlCl" time="67.273"/>
  <system-out/>
</testsuite> <!-- Supplier_STNDToFRS.ScriptVerifySupplierAddRecordSTOFRS_DefaultProfile -->
