<?xml version="1.0" encoding="UTF-8"?>
<!-- Generated by org.testng.reporters.JUnitReportReporter -->
<testsuite hostname="OB-Sum" failures="0" tests="2" name="tests.Bank_new_Trans.bank_trans_Spntamt" time="2626.628" errors="0" timestamp="2022-02-21T11:07:27 IST" skipped="0">
  <testcase classname="tests.Bank_new_Trans.bank_trans_Spntamt" name="nidbanktrnGoToUrlAssertUrlPositiveEnternLOGINPositiveEnternPASSClickLoginGoToUrlAssertUrlCl1" time="1348.128"/>
  <system-out/>
  <testcase classname="tests.Bank_new_Trans.bank_trans_Spntamt" name="nidbanktrnGoToUrlAssertUrlPositiveEnternLOGINPositiveEnternPASSClickLoginGoToUrlAssertUrlCl3" time="1278.500"/>
  <system-out/>
</testsuite> <!-- tests.Bank_new_Trans.bank_trans_Spntamt -->
