<?xml version="1.0" encoding="UTF-8"?>
<!-- Generated by org.testng.reporters.JUnitReportReporter -->
<testsuite hostname="OB-Sum" failures="0" tests="6" name="test.AdvanceReconcilationFLATTOSTAND.SaleInToReconcileForCreditNote_DefaultProfile" time="519.970" errors="0" timestamp="2022-02-06T06:55:30 IST" skipped="0">
  <testcase classname="test.AdvanceReconcilationFLATTOSTAND.SaleInToReconcileForCreditNote_DefaultProfile" name="GoToUrlAssertUrlPositiveEnternLOGINPositiveEnternPASSClickLoginGoToUrlAssertUrlClickAgentsP3" time="85.020"/>
  <system-out/>
  <testcase classname="test.AdvanceReconcilationFLATTOSTAND.SaleInToReconcileForCreditNote_DefaultProfile" name="GoToUrlAssertUrlPositiveEnternLOGINPositiveEnternPASSClickLoginGoToUrlAssertUrlClickAgentsP1" time="91.139"/>
  <system-out/>
  <testcase classname="test.AdvanceReconcilationFLATTOSTAND.SaleInToReconcileForCreditNote_DefaultProfile" name="GoToUrlAssertUrlPositiveEnternLOGINPositiveEnternPASSClickLoginGoToUrlAssertUrlClickAgentsP5" time="86.775"/>
  <system-out/>
  <testcase classname="test.AdvanceReconcilationFLATTOSTAND.SaleInToReconcileForCreditNote_DefaultProfile" name="GoToUrlAssertUrlPositiveEnternLOGINPositiveEnternPASSClickLoginGoToUrlAssertUrlClickAgentsP6" time="86.686"/>
  <system-out/>
  <testcase classname="test.AdvanceReconcilationFLATTOSTAND.SaleInToReconcileForCreditNote_DefaultProfile" name="GoToUrlAssertUrlPositiveEnternLOGINPositiveEnternPASSClickLoginGoToUrlAssertUrlClickAgentsP4" time="85.056"/>
  <system-out/>
  <testcase classname="test.AdvanceReconcilationFLATTOSTAND.SaleInToReconcileForCreditNote_DefaultProfile" name="GoToUrlAssertUrlPositiveEnternLOGINPositiveEnternPASSClickLoginGoToUrlAssertUrlClickAgentsP2" time="85.294"/>
  <system-out/>
</testsuite> <!-- test.AdvanceReconcilationFLATTOSTAND.SaleInToReconcileForCreditNote_DefaultProfile -->
