<?xml version="1.0" encoding="UTF-8"?>
<!-- Generated by org.testng.reporters.JUnitReportReporter -->
<testsuite hostname="OB-Sum" failures="0" tests="3" name="Test_Balance_RE_Jour_Bank_Supp_3.TC_14_3_BS_FixedAsset_600_To_609_With_Journal_Bank_Supplier" time="358.434" errors="0" timestamp="2022-02-19T09:42:03 IST" skipped="0">
  <testcase classname="Test_Balance_RE_Jour_Bank_Supp_3.TC_14_3_BS_FixedAsset_600_To_609_With_Journal_Bank_Supplier" name="GoToUrlAssertUrlPositiveEnternLOGINPositiveEnternPASSClickLoginGoToUrlAssertUrlClickAgentsP3" time="145.036"/>
  <system-out/>
  <testcase classname="Test_Balance_RE_Jour_Bank_Supp_3.TC_14_3_BS_FixedAsset_600_To_609_With_Journal_Bank_Supplier" name="GoToUrlAssertUrlPositiveEnternLOGINPositiveEnternPASSClickLoginGoToUrlAssertUrlClickAgentsP1" time="60.006"/>
  <system-out>
    <![CDATA[ledger 1 entered :600 - Group Company Shares B/Fwd
ledger 2 entered :601 - Group Company Shares Additions
ledger 3 entered :602 - Group Company Shares Disposals
ledger 4 entered :605 - Group Company Shares Amortisation B/Fwd
ledger 5 entered :606 - Group Company Shares Amortisation Disposal
ledger 5 entered :607 - Group Company Shares Written Back
ledger 7 entered :609 - Group Company Shares Written-Off
Ledger code verified: Group Company Shares B/Fwd
Amount enter verified: 1,000.00
Ledger code verified: Group Company Shares Additions
Amount enter verified: 1,000.00
Ledger code verified: Group Company Shares Disposals
Amount enter verified: 1,000.00
Ledger code verified: Group Company Shares Amortisation B/Fwd
Amount enter verified: 1,000.00
Ledger code verified: Group Company Shares Amortisation Disposal
Amount enter verified: 1,000.00
Ledger code verified: Group Company Shares Written Back
Amount enter verified: 1,000.00
Ledger code verified: Group Company Shares Written
Amount enter verified: (6,000.00)
Enteries are Verified on Balance Sheet Report page :]]>
  </system-out>
  <testcase classname="Test_Balance_RE_Jour_Bank_Supp_3.TC_14_3_BS_FixedAsset_600_To_609_With_Journal_Bank_Supplier" name="GoToUrlAssertUrlPositiveEnternLOGINPositiveEnternPASSClickLoginGoToUrlAssertUrlClickAgentsP2" time="153.392"/>
  <system-out/>
</testsuite> <!-- Test_Balance_RE_Jour_Bank_Supp_3.TC_14_3_BS_FixedAsset_600_To_609_With_Journal_Bank_Supplier -->
