<?xml version="1.0" encoding="UTF-8"?>
<!-- Generated by org.testng.reporters.JUnitReportReporter -->
<testsuite hostname="OB-Sum" failures="0" tests="2" name="tests.BalanceSheet_Bf.TC_54_BSBFCreditorDueAfterYear23322334_DefaultProfile" time="302.266" errors="0" timestamp="2022-03-03T17:00:05 IST" skipped="0">
  <testcase classname="tests.BalanceSheet_Bf.TC_54_BSBFCreditorDueAfterYear23322334_DefaultProfile" name="GoToUrlAssertUrlPositiveEnternLOGINPositiveEnternPASSClickLoginGoToUrlAssertUrlClickAgentsP1" time="164.746"/>
  <system-out>
    <![CDATA[Accounting Period Status : Account UnClosed 
Accounting Period Status : Account UnLocked
ledger 1 entered :2332 - Bills of Exchange Payable Greater Than 1 Year
ledger 2 entered :2333 - Other Creditors Greater Than 1 Year
ledger 3 entered :2334 - Pension Schemes Greater Than 1 Year
ledger 4 entered :2335 - Taxation and Social Security Greater Than 1 Year
ledger 5 entered :1400 - Default Bank
Accounting Period Status :- Account period closed
Ledger code verified: Bills of Exchange Payable Greater Than 1 Year
Amount enter verified: 1,000.00
Ledger code verified: Other Creditors Greater Than 1 Year
Amount enter verified: 1,100.00
Ledger code verified: Pension Schemes Greater Than 1 Year
Amount enter verified: 1,200.00
Ledger code verified: Taxation and Social Security Greater Than 1 Year
Amount enter verified: 1,300.00
Ledger code verified: Default Bank
Amount enter verified: (4,600.00)
Enteries are Verified on Balance Sheet Report page :]]>
  </system-out>
  <testcase classname="tests.BalanceSheet_Bf.TC_54_BSBFCreditorDueAfterYear23322334_DefaultProfile" name="GoToUrlAssertUrlPositiveEnternLOGINPositiveEnternPASSClickLoginGoToUrlAssertUrlClickAgentsP3" time="137.520"/>
  <system-out>
    <![CDATA[Accounting Period Status : Account UnClosed 
Accounting Period Status : Account UnLocked
Accounting Period Status :- Account period closed]]>
  </system-out>
</testsuite> <!-- tests.BalanceSheet_Bf.TC_54_BSBFCreditorDueAfterYear23322334_DefaultProfile -->
