<?xml version="1.0" encoding="UTF-8"?>
<!-- Generated by org.testng.reporters.JUnitReportReporter -->
<testsuite hostname="OB-Sum" failures="0" tests="1" name="test.AdvanceReconcilationFLATTOFLATP.ScriptVATReturn1stVATReturnReport_SToFlat_DefaultProfile" time="54.082" errors="0" timestamp="2021-12-09T11:24:14 IST" skipped="0">
  <testcase classname="test.AdvanceReconcilationFLATTOFLATP.ScriptVATReturn1stVATReturnReport_SToFlat_DefaultProfile" name="GoToUrlAssertUrlPositiveEnterUserNamePositiveEnterPasswordClickLoginButtonGoToUrlAssertUrlCl" time="54.082"/>
  <system-out/>
</testsuite> <!-- test.AdvanceReconcilationFLATTOFLATP.ScriptVATReturn1stVATReturnReport_SToFlat_DefaultProfile -->
