<?xml version="1.0" encoding="UTF-8"?>
<!-- Generated by org.testng.reporters.JUnitReportReporter -->
<testsuite hostname="OB-Sum" failures="0" tests="2" name="Supplier_FRSToNoVAT.ScriptVATOnlyBill_FRSToNOVAT_DefaultProfile" time="107.121" errors="0" timestamp="2021-12-09T11:24:14 IST" skipped="0">
  <testcase classname="Supplier_FRSToNoVAT.ScriptVATOnlyBill_FRSToNOVAT_DefaultProfile" name="GoToUrlAssertUrlPositiveEnterUserNamePositiveEnterPasswordClickLoginButtonGoToUrlAssertUrlCl1" time="54.352"/>
  <system-out/>
  <testcase classname="Supplier_FRSToNoVAT.ScriptVATOnlyBill_FRSToNOVAT_DefaultProfile" name="GoToUrlAssertUrlPositiveEnterUserNamePositiveEnterPasswordClickLoginButtonGoToUrlAssertUrlCl2" time="52.769"/>
  <system-out/>
</testsuite> <!-- Supplier_FRSToNoVAT.ScriptVATOnlyBill_FRSToNOVAT_DefaultProfile -->
