<?xml version="1.0" encoding="UTF-8"?>
<!-- Generated by org.testng.reporters.JUnitReportReporter -->
<testsuite hostname="OB-Sum" failures="0" tests="6" name="Supplier_SToNoVAT.ScriptSupplierBillSToNoVAT_DefaultProfile" time="347.647" errors="0" timestamp="2022-02-06T06:55:29 IST" skipped="0">
  <testcase classname="Supplier_SToNoVAT.ScriptSupplierBillSToNoVAT_DefaultProfile" name="GoToUrlAssertUrlPositiveEnterUserNamePositiveEnterPasswordClickLoginButtonGoToUrlAssertUrlCl6" time="59.158"/>
  <system-out/>
  <testcase classname="Supplier_SToNoVAT.ScriptSupplierBillSToNoVAT_DefaultProfile" name="GoToUrlAssertUrlPositiveEnterUserNamePositiveEnterPasswordClickLoginButtonGoToUrlAssertUrlCl4" time="57.576"/>
  <system-out/>
  <testcase classname="Supplier_SToNoVAT.ScriptSupplierBillSToNoVAT_DefaultProfile" name="GoToUrlAssertUrlPositiveEnterUserNamePositiveEnterPasswordClickLoginButtonGoToUrlAssertUrlCl3" time="56.549"/>
  <system-out/>
  <testcase classname="Supplier_SToNoVAT.ScriptSupplierBillSToNoVAT_DefaultProfile" name="GoToUrlAssertUrlPositiveEnterUserNamePositiveEnterPasswordClickLoginButtonGoToUrlAssertUrlCl2" time="55.891"/>
  <system-out/>
  <testcase classname="Supplier_SToNoVAT.ScriptSupplierBillSToNoVAT_DefaultProfile" name="GoToUrlAssertUrlPositiveEnterUserNamePositiveEnterPasswordClickLoginButtonGoToUrlAssertUrlCl1" time="59.807"/>
  <system-out/>
  <testcase classname="Supplier_SToNoVAT.ScriptSupplierBillSToNoVAT_DefaultProfile" name="GoToUrlAssertUrlPositiveEnterUserNamePositiveEnterPasswordClickLoginButtonGoToUrlAssertUrlCl5" time="58.666"/>
  <system-out/>
</testsuite> <!-- Supplier_SToNoVAT.ScriptSupplierBillSToNoVAT_DefaultProfile -->
