<?xml version="1.0" encoding="UTF-8"?>
<!-- Generated by org.testng.reporters.JUnitReportReporter -->
<testsuite hostname="OB-Sum" failures="0" tests="1" name="Supplier_test.ScriptEditSettingToVATType_DefaultProfile" time="55.514" errors="0" timestamp="2021-12-03T13:29:25 IST" skipped="0">
  <testcase classname="Supplier_test.ScriptEditSettingToVATType_DefaultProfile" name="GoToUrlAssertUrlPositiveEnterUserNamePositiveEnterPasswordClickLoginButtonGoToUrlAssertUrlCl2" time="55.514"/>
  <system-out/>
</testsuite> <!-- Supplier_test.ScriptEditSettingToVATType_DefaultProfile -->
