<?xml version="1.0" encoding="UTF-8"?>
<!-- Generated by org.testng.reporters.JUnitReportReporter -->
<testsuite hostname="OB-Sum" failures="0" tests="1" name="Test_Trail_Balance_Report.TC_01_LadgerCode_7016_7400_2091_Report" time="116.067" errors="0" timestamp="2021-12-15T21:50:03 IST" skipped="0">
  <testcase classname="Test_Trail_Balance_Report.TC_01_LadgerCode_7016_7400_2091_Report" name="GoToUrlAssertUrlPositiveEnternLOGINPositiveEnternPASSClickLoginGoToUrlAssertUrlClickAgentsP1" time="116.067"/>
  <system-out/>
</testsuite> <!-- Test_Trail_Balance_Report.TC_01_LadgerCode_7016_7400_2091_Report -->
