<?xml version="1.0" encoding="UTF-8"?>
<!-- Generated by org.testng.reporters.JUnitReportReporter -->
<testsuite hostname="OB-Yogesh" failures="0" tests="6" name="test.PartialReconcilationforOnlySTandardthroughJournalEntry.SaleInToReconcileForJonral_DefaultProfile" time="478.419" errors="0" timestamp="2021-04-24T01:59:29 IST" skipped="0">
  <testcase classname="test.PartialReconcilationforOnlySTandardthroughJournalEntry.SaleInToReconcileForJonral_DefaultProfile" name="GoToUrlAssertUrlPositiveEnternLOGINPositiveEnternPASSClickLoginGoToUrlAssertUrlClickAgentsP2" time="80.030"/>
  <system-out/>
  <testcase classname="test.PartialReconcilationforOnlySTandardthroughJournalEntry.SaleInToReconcileForJonral_DefaultProfile" name="GoToUrlAssertUrlPositiveEnternLOGINPositiveEnternPASSClickLoginGoToUrlAssertUrlClickAgentsP6" time="82.018"/>
  <system-out/>
  <testcase classname="test.PartialReconcilationforOnlySTandardthroughJournalEntry.SaleInToReconcileForJonral_DefaultProfile" name="GoToUrlAssertUrlPositiveEnternLOGINPositiveEnternPASSClickLoginGoToUrlAssertUrlClickAgentsP4" time="77.742"/>
  <system-out/>
  <testcase classname="test.PartialReconcilationforOnlySTandardthroughJournalEntry.SaleInToReconcileForJonral_DefaultProfile" name="GoToUrlAssertUrlPositiveEnternLOGINPositiveEnternPASSClickLoginGoToUrlAssertUrlClickAgentsP5" time="76.994"/>
  <system-out/>
  <testcase classname="test.PartialReconcilationforOnlySTandardthroughJournalEntry.SaleInToReconcileForJonral_DefaultProfile" name="GoToUrlAssertUrlPositiveEnternLOGINPositiveEnternPASSClickLoginGoToUrlAssertUrlClickAgentsP1" time="80.985"/>
  <system-out/>
  <testcase classname="test.PartialReconcilationforOnlySTandardthroughJournalEntry.SaleInToReconcileForJonral_DefaultProfile" name="GoToUrlAssertUrlPositiveEnternLOGINPositiveEnternPASSClickLoginGoToUrlAssertUrlClickAgentsP3" time="80.650"/>
  <system-out/>
</testsuite> <!-- test.PartialReconcilationforOnlySTandardthroughJournalEntry.SaleInToReconcileForJonral_DefaultProfile -->
