<?xml version="1.0" encoding="UTF-8"?>
<!-- Generated by org.testng.reporters.JUnitReportReporter -->
<testsuite hostname="OB-Sum" failures="0" tests="2" name="VAT3_InvoiceUnreconcileCases.ScriptVATOnlyInvoiceStandToFlat_DefaultProfile_4" time="103.329" errors="0" timestamp="2021-11-15T09:00:05 IST" skipped="0">
  <testcase classname="VAT3_InvoiceUnreconcileCases.ScriptVATOnlyInvoiceStandToFlat_DefaultProfile_4" name="GoToUrlAssertUrlPositiveEnterUserNamePositiveEnterPasswordClickLoginButtonGoToUrlAssertUrlCl2" time="51.072"/>
  <system-out/>
  <testcase classname="VAT3_InvoiceUnreconcileCases.ScriptVATOnlyInvoiceStandToFlat_DefaultProfile_4" name="GoToUrlAssertUrlPositiveEnterUserNamePositiveEnterPasswordClickLoginButtonGoToUrlAssertUrlCl1" time="52.257"/>
  <system-out/>
</testsuite> <!-- VAT3_InvoiceUnreconcileCases.ScriptVATOnlyInvoiceStandToFlat_DefaultProfile_4 -->
