<?xml version="1.0" encoding="UTF-8"?>
<!-- Generated by org.testng.reporters.JUnitReportReporter -->
<testsuite hostname="OB-Sum" failures="0" tests="3" name="tests.BalanceSheet_Bf.TC_03_BSBFFixedAsset2024_DefaultProfile" time="444.037" errors="0" timestamp="2022-03-03T17:00:05 IST" skipped="0">
  <testcase classname="tests.BalanceSheet_Bf.TC_03_BSBFFixedAsset2024_DefaultProfile" name="GoToUrlAssertUrlPositiveEnternLOGINPositiveEnternPASSClickLoginGoToUrlAssertUrlClickAgentsP1" time="177.581"/>
  <system-out>
    <![CDATA[Accounting Period Status : Account UnClosed 
Accounting Period Status : Account UnLocked
ledger 1 entered :21 - Patents Additions
ledger 2 entered :22 - Patents Disposals
ledger 3 entered :23 - Patents Revaluation
ledger 4 entered :24 - Patents Transfers
ledger 5 entered :1400 - Default Bank
Accounting Period Status :- Account period closed
Ledger code verified: Patents Cost B/Fwd
Ledger code verified: Default Bank
Amount enter verified: 4,600.00
Amount enter verified: (4,600.00)
Enteries are Verified on Balance Sheet Report page :]]>
  </system-out>
  <testcase classname="tests.BalanceSheet_Bf.TC_03_BSBFFixedAsset2024_DefaultProfile" name="GoToUrlAssertUrlPositiveEnternLOGINPositiveEnternPASSClickLoginGoToUrlAssertUrlClickAgentsP2" time="131.059"/>
  <system-out>
    <![CDATA[Accounting Period Status : Account UnClosed 
Accounting Period Status : Account UnLocked
Accounting Period Status :- Account period closed]]>
  </system-out>
  <testcase classname="tests.BalanceSheet_Bf.TC_03_BSBFFixedAsset2024_DefaultProfile" name="GoToUrlAssertUrlPositiveEnternLOGINPositiveEnternPASSClickLoginGoToUrlAssertUrlClickAgentsP3" time="135.397"/>
  <system-out>
    <![CDATA[Accounting Period Status : Account UnClosed 
Accounting Period Status : Account UnLocked
Accounting Period Status :- Account period closed]]>
  </system-out>
</testsuite> <!-- tests.BalanceSheet_Bf.TC_03_BSBFFixedAsset2024_DefaultProfile -->
