<?xml version="1.0" encoding="UTF-8"?>
<!-- Generated by org.testng.reporters.JUnitReportReporter -->
<testsuite hostname="OB-Yogesh" failures="0" tests="1" name="Supplier_test.ScriptStandardToFlat_DefaultProfile" time="62.659" errors="0" timestamp="2021-04-14T22:59:12 IST" skipped="0">
  <testcase classname="Supplier_test.ScriptStandardToFlat_DefaultProfile" name="GoToUrlAssertUrlPositiveEnterUserNamePositiveEnterPasswordClickLoginButtonGoToUrlAssertUrlCl1" time="62.659"/>
  <system-out/>
</testsuite> <!-- Supplier_test.ScriptStandardToFlat_DefaultProfile -->
