<?xml version="1.0" encoding="UTF-8"?>
<!-- Generated by org.testng.reporters.JUnitReportReporter -->
<testsuite hostname="OB-Sum" failures="0" tests="1" name="VAT3_ExpenseReimbFullyReconcile.ScriptVATReturn3stVATReturnReport_SToFRS_DefaultProfile_2" time="49.010" errors="0" timestamp="2021-11-25T12:11:12 IST" skipped="0">
  <testcase classname="VAT3_ExpenseReimbFullyReconcile.ScriptVATReturn3stVATReturnReport_SToFRS_DefaultProfile_2" name="GoToUrlAssertUrlPositiveEnterUserNamePositiveEnterPasswordClickLoginButtonGoToUrlAssertUrlCl" time="49.010"/>
  <system-out/>
</testsuite> <!-- VAT3_ExpenseReimbFullyReconcile.ScriptVATReturn3stVATReturnReport_SToFRS_DefaultProfile_2 -->
