<?xml version="1.0" encoding="UTF-8"?>
<!-- Generated by org.testng.reporters.JUnitReportReporter -->
<testsuite hostname="OB-Yogesh" failures="0" tests="1" name="tests.ScriptEditSettingToVATType_SToNOVAT_DefaultProfile" time="45.907" errors="0" timestamp="2021-02-17T01:44:44 IST" skipped="0">
  <testcase classname="tests.ScriptEditSettingToVATType_SToNOVAT_DefaultProfile" name="GoToUrlAssertUrlPositiveEnterUserNamePositiveEnterPasswordClickLoginButtonGoToUrlAssertUrlCl2" time="45.907"/>
  <system-out/>
</testsuite> <!-- tests.ScriptEditSettingToVATType_SToNOVAT_DefaultProfile -->
