<?xml version="1.0" encoding="UTF-8"?>
<!-- Generated by org.testng.reporters.JUnitReportReporter -->
<testsuite hostname="OB-Sum" failures="0" tests="2" name="tests.BalanceSheet_Bf.TC_60_BSBF_CurrentAsset1000_1060_DefaultProfile" time="262.271" errors="0" timestamp="2022-03-03T17:00:05 IST" skipped="0">
  <testcase classname="tests.BalanceSheet_Bf.TC_60_BSBF_CurrentAsset1000_1060_DefaultProfile" name="GoToUrlAssertUrlPositiveEnternLOGINPositiveEnternPASSClickLoginGoToUrlAssertUrlClickAgentsP1" time="159.541"/>
  <system-out>
    <![CDATA[Accounting Period Status : Account UnClosed 
Accounting Period Status : Account UnLocked
ledger 1 entered :1000 - Retention
ledger 2 entered :1060 - Stock of Finished Goods
ledger 3 entered :1400 - Default Bank
Accounting Period Status :- Account period closed
Ledger code verified: Retention
Amount enter verified: 1,000.00
Ledger code verified: Stock of Finished Goods
Amount enter verified: 1,100.00
Enteries are Verified on Balance Sheet Report page :
Ledger code verified: Retention
Amount enter verified: 1,000.00
Ledger code verified: Stock of Finished Goods
Amount enter verified: 1,100.00
Enteries are Verified on Balance Sheet Report page :
Ledger code verified: Profit and Loss for the Year
Amount enter verified: 2,100.00
Enteries are Verified on Balance Sheet Report page :]]>
  </system-out>
  <testcase classname="tests.BalanceSheet_Bf.TC_60_BSBF_CurrentAsset1000_1060_DefaultProfile" name="GoToUrlAssertUrlPositiveEnternLOGINPositiveEnternPASSClickLoginGoToUrlAssertUrlClickAgentsP3" time="102.730"/>
  <system-out>
    <![CDATA[Accounting Period Status : Account UnClosed 
Accounting Period Status : Account UnLocked
Accounting Period Status :- Account period closed]]>
  </system-out>
</testsuite> <!-- tests.BalanceSheet_Bf.TC_60_BSBF_CurrentAsset1000_1060_DefaultProfile -->
