<?xml version="1.0" encoding="UTF-8"?>
<!-- Generated by org.testng.reporters.JUnitReportReporter -->
<testsuite hostname="OB-Sum" failures="0" tests="1" name="VAT3_SupplierPartialReconcile.ScriptVATReturn2stVATReturnReport_SToFRS_DefaultProfile_4" time="75.005" errors="0" timestamp="2022-02-06T06:55:35 IST" skipped="0">
  <testcase classname="VAT3_SupplierPartialReconcile.ScriptVATReturn2stVATReturnReport_SToFRS_DefaultProfile_4" name="GoToUrlAssertUrlPositiveEnterUserNamePositiveEnterPasswordClickLoginButtonGoToUrlAssertUrlCl" time="75.005"/>
  <system-out/>
</testsuite> <!-- VAT3_SupplierPartialReconcile.ScriptVATReturn2stVATReturnReport_SToFRS_DefaultProfile_4 -->
