<?xml version="1.0" encoding="UTF-8"?>
<!-- Generated by org.testng.reporters.JUnitReportReporter -->
<testsuite hostname="OB-Sum" failures="0" tests="1" name="test.FlatToFlatPer.ScriptVATReturn3stVATReturnReport_FlatToFlatPDefaultProfile" time="48.806" errors="0" timestamp="2021-12-19T01:40:59 IST" skipped="0">
  <testcase classname="test.FlatToFlatPer.ScriptVATReturn3stVATReturnReport_FlatToFlatPDefaultProfile" name="GoToUrlAssertUrlPositiveEnterUserNamePositiveEnterPasswordClickLoginButtonGoToUrlAssertUrlCl" time="48.806"/>
  <system-out/>
</testsuite> <!-- test.FlatToFlatPer.ScriptVATReturn3stVATReturnReport_FlatToFlatPDefaultProfile -->
