<?xml version="1.0" encoding="UTF-8"?>
<!-- Generated by org.testng.reporters.JUnitReportReporter -->
<testsuite hostname="OB-Sum" failures="0" tests="1" name="Test_Trail_Balance_Report.TC_02_LadgerCode_2080_7004_7525_Report" time="120.366" errors="0" timestamp="2021-12-15T19:17:20 IST" skipped="0">
  <testcase classname="Test_Trail_Balance_Report.TC_02_LadgerCode_2080_7004_7525_Report" name="GoToUrlAssertUrlPositiveEnternLOGINPositiveEnternPASSClickLoginGoToUrlAssertUrlClickAgentsP1" time="120.366"/>
  <system-out/>
</testsuite> <!-- Test_Trail_Balance_Report.TC_02_LadgerCode_2080_7004_7525_Report -->
