<?xml version="1.0" encoding="UTF-8"?>
<!-- Generated by org.testng.reporters.JUnitReportReporter -->
<testsuite hostname="OB-Sum" failures="0" tests="2" name="tests.Bank_new_Trans.bank_Bulk" time="69.982" errors="0" timestamp="2022-02-19T09:42:03 IST" skipped="0">
  <testcase classname="tests.Bank_new_Trans.bank_Bulk" name="nidbanktrnGoToUrlAssertUrlPositiveEnternLOGINPositiveEnternPASSClickLoginGoToUrlAssertUrlCl2" time="33.684"/>
  <system-out/>
  <testcase classname="tests.Bank_new_Trans.bank_Bulk" name="nidbanktrnGoToUrlAssertUrlPositiveEnternLOGINPositiveEnternPASSClickLoginGoToUrlAssertUrlCl1" time="36.298"/>
  <system-out/>
</testsuite> <!-- tests.Bank_new_Trans.bank_Bulk -->
