<?xml version="1.0" encoding="UTF-8"?>
<!-- Generated by org.testng.reporters.JUnitReportReporter -->
<testsuite hostname="OB-Sum" failures="0" tests="3" name="Test_Balance_RE_Jour_Bank_Supp_3.TC_12_3_BS_FixedAsset_275_To_279_With_Journal_Bank_Supplier" time="296.548" errors="0" timestamp="2022-02-19T09:42:02 IST" skipped="0">
  <testcase classname="Test_Balance_RE_Jour_Bank_Supp_3.TC_12_3_BS_FixedAsset_275_To_279_With_Journal_Bank_Supplier" name="GoToUrlAssertUrlPositiveEnternLOGINPositiveEnternPASSClickLoginGoToUrlAssertUrlClickAgentsP3" time="117.301"/>
  <system-out/>
  <testcase classname="Test_Balance_RE_Jour_Bank_Supp_3.TC_12_3_BS_FixedAsset_275_To_279_With_Journal_Bank_Supplier" name="GoToUrlAssertUrlPositiveEnternLOGINPositiveEnternPASSClickLoginGoToUrlAssertUrlClickAgentsP1" time="60.549"/>
  <system-out>
    <![CDATA[ledger 1 entered :275 - Equipment Depreciation B/Fwd
ledger 2 entered :276 - Equipment Depreciation Disposal
ledger 3 entered :277 - Equipment Depreciation Revaluations
ledger 4 entered :278 - Equipment Depreciation Transfers
ledger 5 entered :279 - Equipment Depreciation Charge
Ledger code verified: Equipment Depreciation B/Fwd
Amount enter verified: 1,000.00
Ledger code verified: Equipment Depreciation Disposal
Amount enter verified: 1,000.00
Ledger code verified: Equipment Depreciation Revaluations
Amount enter verified: 1,000.00
Ledger code verified: Equipment Depreciation Transfers
Amount enter verified: 1,000.00
Ledger code verified: Equipment Depreciation Charge
Amount enter verified: (4,000.00)
Enteries are Verified on Balance Sheet Report page :]]>
  </system-out>
  <testcase classname="Test_Balance_RE_Jour_Bank_Supp_3.TC_12_3_BS_FixedAsset_275_To_279_With_Journal_Bank_Supplier" name="GoToUrlAssertUrlPositiveEnternLOGINPositiveEnternPASSClickLoginGoToUrlAssertUrlClickAgentsP2" time="118.698"/>
  <system-out/>
</testsuite> <!-- Test_Balance_RE_Jour_Bank_Supp_3.TC_12_3_BS_FixedAsset_275_To_279_With_Journal_Bank_Supplier -->
