<?xml version="1.0" encoding="UTF-8"?>
<!-- Generated by org.testng.reporters.JUnitReportReporter -->
<testsuite hostname="OB-Sum" failures="0" tests="1" name="VAT3_InvoiceUnreconcileCases.ScriptEditVATFlatP_DefaultProfile_5" time="58.920" errors="0" timestamp="2021-11-15T11:54:55 IST" skipped="0">
  <testcase classname="VAT3_InvoiceUnreconcileCases.ScriptEditVATFlatP_DefaultProfile_5" name="GoToUrlAssertUrlPositiveEnterUserNamePositiveEnterPasswordClickLoginButtonGoToUrlAssertUrlCl3" time="58.920"/>
  <system-out/>
</testsuite> <!-- VAT3_InvoiceUnreconcileCases.ScriptEditVATFlatP_DefaultProfile_5 -->
