<?xml version="1.0" encoding="UTF-8"?>
<!-- Generated by org.testng.reporters.JUnitReportReporter -->
<testsuite hostname="OB-Sum" failures="0" tests="6" name="VAT3_ExpensesReinbr.ExpenseRemOnlyStandToFlat_DefaultProfile_1" time="274.014" errors="0" timestamp="2022-02-06T06:55:36 IST" skipped="0">
  <testcase classname="VAT3_ExpensesReinbr.ExpenseRemOnlyStandToFlat_DefaultProfile_1" name="GoToUrlAssertUrlPositiveEnternLOGINPositiveEnternPASSClickLoginGoToUrlAssertUrlClickAgentsP2" time="44.560"/>
  <system-out/>
  <testcase classname="VAT3_ExpensesReinbr.ExpenseRemOnlyStandToFlat_DefaultProfile_1" name="GoToUrlAssertUrlPositiveEnternLOGINPositiveEnternPASSClickLoginGoToUrlAssertUrlClickAgentsP1" time="43.612"/>
  <system-out/>
  <testcase classname="VAT3_ExpensesReinbr.ExpenseRemOnlyStandToFlat_DefaultProfile_1" name="GoToUrlAssertUrlPositiveEnternLOGINPositiveEnternPASSClickLoginGoToUrlAssertUrlClickAgentsP3" time="46.227"/>
  <system-out/>
  <testcase classname="VAT3_ExpensesReinbr.ExpenseRemOnlyStandToFlat_DefaultProfile_1" name="GoToUrlAssertUrlPositiveEnternLOGINPositiveEnternPASSClickLoginGoToUrlAssertUrlClickAgentsP6" time="50.407"/>
  <system-out/>
  <testcase classname="VAT3_ExpensesReinbr.ExpenseRemOnlyStandToFlat_DefaultProfile_1" name="GoToUrlAssertUrlPositiveEnternLOGINPositiveEnternPASSClickLoginGoToUrlAssertUrlClickAgentsP4" time="44.278"/>
  <system-out/>
  <testcase classname="VAT3_ExpensesReinbr.ExpenseRemOnlyStandToFlat_DefaultProfile_1" name="GoToUrlAssertUrlPositiveEnternLOGINPositiveEnternPASSClickLoginGoToUrlAssertUrlClickAgentsP5" time="44.930"/>
  <system-out/>
</testsuite> <!-- VAT3_ExpensesReinbr.ExpenseRemOnlyStandToFlat_DefaultProfile_1 -->
