<?xml version="1.0" encoding="UTF-8"?>
<!-- Generated by org.testng.reporters.JUnitReportReporter -->
<testsuite hostname="OB-Sum" failures="0" tests="1" name="VAT2.F2NOVAT.F2noVat__ScriptVATReturn3stVATReturnReport_SToFlat_3" time="42.387" errors="0" timestamp="2022-02-06T06:55:29 IST" skipped="0">
  <testcase classname="VAT2.F2NOVAT.F2noVat__ScriptVATReturn3stVATReturnReport_SToFlat_3" name="GoToUrlAssertUrlPositiveEnterUserNamePositiveEnterPasswordClickLoginButtonGoToUrlAssertUrlCl" time="42.387"/>
  <system-out/>
</testsuite> <!-- VAT2.F2NOVAT.F2noVat__ScriptVATReturn3stVATReturnReport_SToFlat_3 -->
