<?xml version="1.0" encoding="UTF-8"?>
<!-- Generated by org.testng.reporters.JUnitReportReporter -->
<testsuite hostname="OB-Sum" failures="0" tests="1" name="Test_Income.Test_NewQuotes_TC04" time="38.273" errors="0" timestamp="2021-11-11T20:51:38 IST" skipped="0">
  <testcase classname="Test_Income.Test_NewQuotes_TC04" name="ClickNew1ClickNewQuote2PositiveSelectSelectCustomer3EnterEnterInvoiceNo4PositiveEnterEnterInvoCreateNewQuotesSussmsgWithQuoteNo_TC01" time="38.273"/>
  <system-out/>
</testsuite> <!-- Test_Income.Test_NewQuotes_TC04 -->
