<?xml version="1.0" encoding="UTF-8"?>
<!-- Generated by org.testng.reporters.JUnitReportReporter -->
<testsuite hostname="OB-Sum" failures="0" tests="6" name="test.PartialReconciledCases.SaleInToReconcileForCreditNote_DefaultProfile" time="526.691" errors="0" timestamp="2022-02-06T06:55:37 IST" skipped="0">
  <testcase classname="test.PartialReconciledCases.SaleInToReconcileForCreditNote_DefaultProfile" name="GoToUrlAssertUrlPositiveEnternLOGINPositiveEnternPASSClickLoginGoToUrlAssertUrlClickAgentsP6" time="90.039"/>
  <system-out/>
  <testcase classname="test.PartialReconciledCases.SaleInToReconcileForCreditNote_DefaultProfile" name="GoToUrlAssertUrlPositiveEnternLOGINPositiveEnternPASSClickLoginGoToUrlAssertUrlClickAgentsP1" time="87.145"/>
  <system-out/>
  <testcase classname="test.PartialReconciledCases.SaleInToReconcileForCreditNote_DefaultProfile" name="GoToUrlAssertUrlPositiveEnternLOGINPositiveEnternPASSClickLoginGoToUrlAssertUrlClickAgentsP2" time="83.103"/>
  <system-out/>
  <testcase classname="test.PartialReconciledCases.SaleInToReconcileForCreditNote_DefaultProfile" name="GoToUrlAssertUrlPositiveEnternLOGINPositiveEnternPASSClickLoginGoToUrlAssertUrlClickAgentsP5" time="89.630"/>
  <system-out/>
  <testcase classname="test.PartialReconciledCases.SaleInToReconcileForCreditNote_DefaultProfile" name="GoToUrlAssertUrlPositiveEnternLOGINPositiveEnternPASSClickLoginGoToUrlAssertUrlClickAgentsP4" time="89.514"/>
  <system-out/>
  <testcase classname="test.PartialReconciledCases.SaleInToReconcileForCreditNote_DefaultProfile" name="GoToUrlAssertUrlPositiveEnternLOGINPositiveEnternPASSClickLoginGoToUrlAssertUrlClickAgentsP3" time="87.260"/>
  <system-out/>
</testsuite> <!-- test.PartialReconciledCases.SaleInToReconcileForCreditNote_DefaultProfile -->
