<?xml version="1.0" encoding="UTF-8"?>
<!-- Generated by org.testng.reporters.JUnitReportReporter -->
<testsuite hostname="OB-Sum" failures="0" tests="2" name="Test_AS_Advance_Reconcilation.Test_Supplier_Reconciled_With_Advanced_Journal" time="139.632" errors="0" timestamp="2021-11-12T00:17:36 IST" skipped="0">
  <testcase classname="Test_AS_Advance_Reconcilation.Test_Supplier_Reconciled_With_Advanced_Journal" name="GoToUrlAssertUrlPositiveEnternLOGINPositiveEnternPASSClickLoginGoToUrlAssertUrlClickAgentsTC02" time="38.358"/>
  <system-out/>
  <testcase classname="Test_AS_Advance_Reconcilation.Test_Supplier_Reconciled_With_Advanced_Journal" name="GoToUrlAssertUrlPositiveEnternLOGINPositiveEnternPASSClickLoginGoToUrlAssertUrlClickAgentsCreateSupplierBankTrnsAndAdvanceReconcilationTC01" time="101.274"/>
  <system-out/>
</testsuite> <!-- Test_AS_Advance_Reconcilation.Test_Supplier_Reconciled_With_Advanced_Journal -->
