<?xml version="1.0" encoding="UTF-8"?>
<!-- Generated by org.testng.reporters.JUnitReportReporter -->
<testsuite hostname="OB-Sum" failures="0" tests="1" name="VAT3_InvoiceAdvanceReconcile.ScriptVATReturn2stVATReturnReport_SToFRS_DefaultProfilePartioalReconcile_3" time="73.591" errors="0" timestamp="2022-02-06T06:55:28 IST" skipped="0">
  <testcase classname="VAT3_InvoiceAdvanceReconcile.ScriptVATReturn2stVATReturnReport_SToFRS_DefaultProfilePartioalReconcile_3" name="GoToUrlAssertUrlPositiveEnterUserNamePositiveEnterPasswordClickLoginButtonGoToUrlAssertUrlCl" time="73.591"/>
  <system-out/>
</testsuite> <!-- VAT3_InvoiceAdvanceReconcile.ScriptVATReturn2stVATReturnReport_SToFRS_DefaultProfilePartioalReconcile_3 -->
