<?xml version="1.0" encoding="UTF-8"?>
<!-- Generated by org.testng.reporters.JUnitReportReporter -->
<testsuite hostname="OB-Yogesh" failures="0" tests="6" name="VAT3_ExpensesReinbr.ExpenseRemOnly_DefaultProfile_4" time="187.043" errors="0" timestamp="2021-05-16T23:58:36 IST" skipped="0">
  <testcase classname="VAT3_ExpensesReinbr.ExpenseRemOnly_DefaultProfile_4" name="GoToUrlAssertUrlPositiveEnternLOGINPositiveEnternPASSClickLoginGoToUrlAssertUrlClickAgentsP4" time="29.810"/>
  <system-out/>
  <testcase classname="VAT3_ExpensesReinbr.ExpenseRemOnly_DefaultProfile_4" name="GoToUrlAssertUrlPositiveEnternLOGINPositiveEnternPASSClickLoginGoToUrlAssertUrlClickAgentsP5" time="31.789"/>
  <system-out/>
  <testcase classname="VAT3_ExpensesReinbr.ExpenseRemOnly_DefaultProfile_4" name="GoToUrlAssertUrlPositiveEnternLOGINPositiveEnternPASSClickLoginGoToUrlAssertUrlClickAgentsP2" time="30.324"/>
  <system-out/>
  <testcase classname="VAT3_ExpensesReinbr.ExpenseRemOnly_DefaultProfile_4" name="GoToUrlAssertUrlPositiveEnternLOGINPositiveEnternPASSClickLoginGoToUrlAssertUrlClickAgentsP1" time="32.979"/>
  <system-out/>
  <testcase classname="VAT3_ExpensesReinbr.ExpenseRemOnly_DefaultProfile_4" name="GoToUrlAssertUrlPositiveEnternLOGINPositiveEnternPASSClickLoginGoToUrlAssertUrlClickAgentsP3" time="31.022"/>
  <system-out/>
  <testcase classname="VAT3_ExpensesReinbr.ExpenseRemOnly_DefaultProfile_4" name="GoToUrlAssertUrlPositiveEnternLOGINPositiveEnternPASSClickLoginGoToUrlAssertUrlClickAgentsP6" time="31.119"/>
  <system-out/>
</testsuite> <!-- VAT3_ExpensesReinbr.ExpenseRemOnly_DefaultProfile_4 -->
