<?xml version="1.0" encoding="UTF-8"?>
<!-- Generated by org.testng.reporters.JUnitReportReporter -->
<testsuite hostname="OB-Sum" failures="0" tests="1" name="test.AdvanceReconcilationFLATTOSTAND.ScriptFRSTOStandard_DefaultProfile" time="58.591" errors="0" timestamp="2021-12-19T01:41:01 IST" skipped="0">
  <testcase classname="test.AdvanceReconcilationFLATTOSTAND.ScriptFRSTOStandard_DefaultProfile" name="GoToUrlAssertUrlPositiveEnterUserNamePositiveEnterPasswordClickLoginButtonGoToUrlAssertUrlCl" time="58.591"/>
  <system-out/>
</testsuite> <!-- test.AdvanceReconcilationFLATTOSTAND.ScriptFRSTOStandard_DefaultProfile -->
