<?xml version="1.0" encoding="UTF-8"?>
<!-- Generated by org.testng.reporters.JUnitReportReporter -->
<testsuite hostname="OB-Sum" failures="0" tests="6" name="test.ashiv.TestSupplierList_TestCases" time="258.807" errors="0" timestamp="2022-02-19T09:42:03 IST" skipped="0">
  <testcase classname="test.ashiv.TestSupplierList_TestCases" name="GoToUrlAssertUrlClickExpenditure1ClickView2ClickSupplierList3PositiveSelectCategorySearch4Ent_2" time="41.404"/>
  <system-out/>
  <testcase classname="test.ashiv.TestSupplierList_TestCases" name="GoToUrlAssertUrlClickExpenditure1ClickView2ClickSupplierList3PositiveSelectCategorySearch4Ent_1" time="37.729"/>
  <system-out/>
  <testcase classname="test.ashiv.TestSupplierList_TestCases" name="GoToUrlAssertUrlClickExpenditure1ClickView2ClickSupplierList3PositiveSelectCategorySearch4Ent" time="40.877"/>
  <system-out/>
  <testcase classname="test.ashiv.TestSupplierList_TestCases" name="GoToUrlAssertUrlClickExpenditure1ClickView2ClickSupplierList3PositiveSelectCategorySearch4Ent_4" time="50.923"/>
  <system-out/>
  <testcase classname="test.ashiv.TestSupplierList_TestCases" name="GoToUrlAssertUrlClickExpenditure1ClickView2ClickSupplierList3PositiveSelectCategorySearch4Ent_5" time="45.358"/>
  <system-out/>
  <testcase classname="test.ashiv.TestSupplierList_TestCases" name="GoToUrlAssertUrlClickExpenditure1ClickView2ClickSupplierList3PositiveSelectCategorySearch4Ent_3" time="42.516"/>
  <system-out/>
</testsuite> <!-- test.ashiv.TestSupplierList_TestCases -->
