<?xml version="1.0" encoding="UTF-8"?>
<!-- Generated by org.testng.reporters.JUnitReportReporter -->
<testsuite hostname="OB-Sum" failures="0" tests="2" name="VAT3_UnReconciled_S2_NOVAT.UN_ScriptPostVATReturn3stVATReturnReport_S2NOVAT" time="74.668" errors="0" timestamp="2021-12-01T04:35:03 IST" skipped="0">
  <testcase classname="VAT3_UnReconciled_S2_NOVAT.UN_ScriptPostVATReturn3stVATReturnReport_S2NOVAT" name="GoToUrlAssertUrlPositiveEnterUserNamePositiveEnterPasswordClickLoginButtonGoToUrlAssertUrlCl" time="37.164"/>
  <system-out/>
  <testcase classname="VAT3_UnReconciled_S2_NOVAT.UN_ScriptPostVATReturn3stVATReturnReport_S2NOVAT" name="GoToUrlAssertUrlPositiveEnterUserNamePositiveEnterPasswordClickLoginButtonGoToUrlAssertUrlCl" time="37.504"/>
  <system-out/>
</testsuite> <!-- VAT3_UnReconciled_S2_NOVAT.UN_ScriptPostVATReturn3stVATReturnReport_S2NOVAT -->
