<?xml version="1.0" encoding="UTF-8"?>
<!-- Generated by org.testng.reporters.JUnitReportReporter -->
<testsuite hostname="OB-Sum" failures="0" tests="2" name="test.AdvanceReconcilationFLATTOFLATP.SaleInToReconcileForCreditNote_DefaultProfile" time="153.506" errors="0" timestamp="2021-12-09T13:10:41 IST" skipped="0">
  <testcase classname="test.AdvanceReconcilationFLATTOFLATP.SaleInToReconcileForCreditNote_DefaultProfile" name="GoToUrlAssertUrlPositiveEnternLOGINPositiveEnternPASSClickLoginGoToUrlAssertUrlClickAgentsP1" time="75.004"/>
  <system-out/>
  <testcase classname="test.AdvanceReconcilationFLATTOFLATP.SaleInToReconcileForCreditNote_DefaultProfile" name="GoToUrlAssertUrlPositiveEnternLOGINPositiveEnternPASSClickLoginGoToUrlAssertUrlClickAgentsP5" time="78.502"/>
  <system-out/>
</testsuite> <!-- test.AdvanceReconcilationFLATTOFLATP.SaleInToReconcileForCreditNote_DefaultProfile -->
