<?xml version="1.0" encoding="UTF-8"?>
<!-- Generated by org.testng.reporters.JUnitReportReporter -->
<testsuite hostname="OB-Sum" failures="0" tests="1" name="ExpenceRemSToFlat.ScriptVATReturn1stVATReturnReport_SToFRS_DefaultProfile" time="57.623" errors="0" timestamp="2022-02-06T06:55:35 IST" skipped="0">
  <testcase classname="ExpenceRemSToFlat.ScriptVATReturn1stVATReturnReport_SToFRS_DefaultProfile" name="GoToUrlAssertUrlPositiveEnterUserNamePositiveEnterPasswordClickLoginButtonGoToUrlAssertUrlCl" time="57.623"/>
  <system-out/>
</testsuite> <!-- ExpenceRemSToFlat.ScriptVATReturn1stVATReturnReport_SToFRS_DefaultProfile -->
