<?xml version="1.0" encoding="UTF-8"?>
<!-- Generated by org.testng.reporters.JUnitReportReporter -->
<testsuite hostname="OB-Sum" failures="0" tests="1" name="VAT3.FullREC_F2_NOVAT.Suppler_EditVATType_Standard1" time="51.611" errors="0" timestamp="2021-11-26T19:56:49 IST" skipped="0">
  <testcase classname="VAT3.FullREC_F2_NOVAT.Suppler_EditVATType_Standard1" name="GoToUrlAssertUrlPositiveEnterUserNamePositiveEnterPasswordClickLoginButtonGoToUrlAssertUrlCl2" time="51.611"/>
  <system-out/>
</testsuite> <!-- VAT3.FullREC_F2_NOVAT.Suppler_EditVATType_Standard1 -->
