<?xml version="1.0" encoding="UTF-8"?>
<!-- Generated by org.testng.reporters.JUnitReportReporter -->
<testsuite hostname="OB-Yogesh" failures="0" tests="1" name="ExpenceRemSToFlat.ScriptStandardToFlat_DefaultProfile" time="61.200" errors="0" timestamp="2021-04-19T19:08:24 IST" skipped="0">
  <testcase classname="ExpenceRemSToFlat.ScriptStandardToFlat_DefaultProfile" name="GoToUrlAssertUrlPositiveEnterUserNamePositiveEnterPasswordClickLoginButtonGoToUrlAssertUrlCl1" time="61.200"/>
  <system-out/>
</testsuite> <!-- ExpenceRemSToFlat.ScriptStandardToFlat_DefaultProfile -->
