<?xml version="1.0" encoding="UTF-8"?>
<!-- Generated by org.testng.reporters.JUnitReportReporter -->
<testsuite hostname="OB-Sum" failures="0" tests="6" name="VAT2.F2NOVAT.F2noVat_SaleInToReconcile_1" time="698.486" errors="0" timestamp="2022-02-06T06:55:30 IST" skipped="0">
  <testcase classname="VAT2.F2NOVAT.F2noVat_SaleInToReconcile_1" name="GoToUrlAssertUrlPositiveEnternLOGINPositiveEnternPASSClickLoginGoToUrlAssertUrlClickAgentsP4" time="114.993"/>
  <system-out/>
  <testcase classname="VAT2.F2NOVAT.F2noVat_SaleInToReconcile_1" name="GoToUrlAssertUrlPositiveEnternLOGINPositiveEnternPASSClickLoginGoToUrlAssertUrlClickAgentsP1" time="117.508"/>
  <system-out/>
  <testcase classname="VAT2.F2NOVAT.F2noVat_SaleInToReconcile_1" name="GoToUrlAssertUrlPositiveEnternLOGINPositiveEnternPASSClickLoginGoToUrlAssertUrlClickAgentsP6" time="115.641"/>
  <system-out/>
  <testcase classname="VAT2.F2NOVAT.F2noVat_SaleInToReconcile_1" name="GoToUrlAssertUrlPositiveEnternLOGINPositiveEnternPASSClickLoginGoToUrlAssertUrlClickAgentsP7" time="115.486"/>
  <system-out/>
  <testcase classname="VAT2.F2NOVAT.F2noVat_SaleInToReconcile_1" name="GoToUrlAssertUrlPositiveEnternLOGINPositiveEnternPASSClickLoginGoToUrlAssertUrlClickAgentsP5" time="117.950"/>
  <system-out/>
  <testcase classname="VAT2.F2NOVAT.F2noVat_SaleInToReconcile_1" name="GoToUrlAssertUrlPositiveEnternLOGINPositiveEnternPASSClickLoginGoToUrlAssertUrlClickAgentsP2" time="116.908"/>
  <system-out/>
</testsuite> <!-- VAT2.F2NOVAT.F2noVat_SaleInToReconcile_1 -->
