<?xml version="1.0" encoding="UTF-8"?>
<!-- Generated by org.testng.reporters.JUnitReportReporter -->
<testsuite hostname="OB-Sum" failures="0" tests="2" name="tests.BalanceSheet_Bf.TC_47_BSBFEmployee1322_DefaultProfile" time="317.502" errors="0" timestamp="2022-02-25T15:38:47 IST" skipped="0">
  <testcase classname="tests.BalanceSheet_Bf.TC_47_BSBFEmployee1322_DefaultProfile" name="GoToUrlAssertUrlPositiveEnternLOGINPositiveEnternPASSClickLoginGoToUrlAssertUrlClickAgentsP1" time="168.049"/>
  <system-out>
    <![CDATA[Accounting Period Status : Account UnClosed 
Accounting Period Status : Account UnLocked
ledger 1 entered :1322 - Default Employee
ledger 2 entered :1322 - Default Employee - Capital Distribution
ledger 3 entered :1322 - Default Employee - Dividend
ledger 4 entered :1322 - Default Employee - Employee Expenses Payable
ledger 5 entered :1322 - Default Employee - Employee Wages Payable
ledger 5 entered :1400 - Default Bank
Accounting Period Status :- Account period closed
ledger code verified: Default Employee
Amount enter verified: 1,000.00
ledger code verified: Capital Distribution
Amount enter verified: 1,100.00
ledger code verified: Dividend
Amount enter verified: 1,200.00
ledger code verified: Employee Expenses Payable
Amount enter verified: 1,300.00
ledger code verified: Employee Wages Payable
Amount enter verified: 1,400.00
Enteries are Verified on TrialBalance Report page :]]>
  </system-out>
  <testcase classname="tests.BalanceSheet_Bf.TC_47_BSBFEmployee1322_DefaultProfile" name="GoToUrlAssertUrlPositiveEnternLOGINPositiveEnternPASSClickLoginGoToUrlAssertUrlClickAgentsP3" time="149.453"/>
  <system-out>
    <![CDATA[Accounting Period Status : Account UnClosed 
Accounting Period Status : Account UnLocked
Accounting Period Status :- Account period closed]]>
  </system-out>
</testsuite> <!-- tests.BalanceSheet_Bf.TC_47_BSBFEmployee1322_DefaultProfile -->
