<?xml version="1.0" encoding="UTF-8"?>
<!-- Generated by org.testng.reporters.JUnitReportReporter -->
<testsuite hostname="OB-Sum" failures="0" tests="1" name="Test_Trial_Balance_Report.TC_07_LadgerCode_1321_1321_1321_Report" time="113.400" errors="0" timestamp="2021-12-30T15:36:05 IST" skipped="0">
  <testcase classname="Test_Trial_Balance_Report.TC_07_LadgerCode_1321_1321_1321_Report" name="GoToUrlAssertUrlPositiveEnternLOGINPositiveEnternPASSClickLoginGoToUrlAssertUrlClickAgentsP1" time="113.400"/>
  <system-out/>
</testsuite> <!-- Test_Trial_Balance_Report.TC_07_LadgerCode_1321_1321_1321_Report -->
