<?xml version="1.0" encoding="UTF-8"?>
<!-- Generated by org.testng.reporters.JUnitReportReporter -->
<testsuite hostname="OB-Sum" failures="0" tests="6" name="test.FlatToFlatPer.ScriptSaleCreditNote_FlatToFlatP_DefaultProfile" time="380.331" errors="0" timestamp="2021-12-19T01:41:01 IST" skipped="0">
  <testcase classname="test.FlatToFlatPer.ScriptSaleCreditNote_FlatToFlatP_DefaultProfile" name="GoToUrlAssertUrlPositiveEnterUserNamePositiveEnterPasswordClickLoginButtonGoToUrlAssertUrlCl2" time="62.629"/>
  <system-out/>
  <testcase classname="test.FlatToFlatPer.ScriptSaleCreditNote_FlatToFlatP_DefaultProfile" name="GoToUrlAssertUrlPositiveEnterUserNamePositiveEnterPasswordClickLoginButtonGoToUrlAssertUrlCl4" time="64.037"/>
  <system-out/>
  <testcase classname="test.FlatToFlatPer.ScriptSaleCreditNote_FlatToFlatP_DefaultProfile" name="GoToUrlAssertUrlPositiveEnterUserNamePositiveEnterPasswordClickLoginButtonGoToUrlAssertUrlCl3" time="64.052"/>
  <system-out/>
  <testcase classname="test.FlatToFlatPer.ScriptSaleCreditNote_FlatToFlatP_DefaultProfile" name="GoToUrlAssertUrlPositiveEnterUserNamePositiveEnterPasswordClickLoginButtonGoToUrlAssertUrlCl6" time="63.344"/>
  <system-out/>
  <testcase classname="test.FlatToFlatPer.ScriptSaleCreditNote_FlatToFlatP_DefaultProfile" name="GoToUrlAssertUrlPositiveEnterUserNamePositiveEnterPasswordClickLoginButtonGoToUrlAssertUrlCl5" time="61.095"/>
  <system-out/>
  <testcase classname="test.FlatToFlatPer.ScriptSaleCreditNote_FlatToFlatP_DefaultProfile" name="GoToUrlAssertUrlPositiveEnterUserNamePositiveEnterPasswordClickLoginButtonGoToUrlAssertUrlCl1" time="65.174"/>
  <system-out/>
</testsuite> <!-- test.FlatToFlatPer.ScriptSaleCreditNote_FlatToFlatP_DefaultProfile -->
