<?xml version="1.0" encoding="UTF-8"?>
<!-- Generated by org.testng.reporters.JUnitReportReporter -->
<testsuite hostname="OB-Sum" failures="0" tests="2" name="Test_AS_Advance_Reconcilation.Test_Supplier_Reconciled_With_Advanced_Banking" time="146.359" errors="0" timestamp="2021-11-12T00:17:36 IST" skipped="0">
  <testcase classname="Test_AS_Advance_Reconcilation.Test_Supplier_Reconciled_With_Advanced_Banking" name="GoToUrlAssertUrlPositiveEnternLOGINPositiveEnternPASSClickLoginGoToUrlAssertUrlClickAgentsCreateSupplierBankTrnsAndAdvanceReconcilationTC01" time="102.426"/>
  <system-out/>
  <testcase classname="Test_AS_Advance_Reconcilation.Test_Supplier_Reconciled_With_Advanced_Banking" name="GoToUrlAssertUrlPositiveEnternLOGINPositiveEnternPASSClickLoginGoToUrlAssertUrlClickAgentsTC02" time="43.933"/>
  <system-out/>
</testsuite> <!-- Test_AS_Advance_Reconcilation.Test_Supplier_Reconciled_With_Advanced_Banking -->
