<?xml version="1.0" encoding="UTF-8"?>
<!-- Generated by org.testng.reporters.JUnitReportReporter -->
<testsuite hostname="OB-Sum" failures="0" tests="1" name="VATPhase3_Banking_ToSale.ScriptPostVATReturn2stVATReturnReport_FlatToFlatPer_DefaultProfile_5" time="70.080" errors="0" timestamp="2021-12-20T15:56:47 IST" skipped="0">
  <testcase classname="VATPhase3_Banking_ToSale.ScriptPostVATReturn2stVATReturnReport_FlatToFlatPer_DefaultProfile_5" name="GoToUrlAssertUrlPositiveEnterUserNamePositiveEnterPasswordClickLoginButtonGoToUrlAssertUrlCl" time="70.080"/>
  <system-out/>
</testsuite> <!-- VATPhase3_Banking_ToSale.ScriptPostVATReturn2stVATReturnReport_FlatToFlatPer_DefaultProfile_5 -->
