<?xml version="1.0" encoding="UTF-8"?>
<!-- Generated by org.testng.reporters.JUnitReportReporter -->
<testsuite hostname="OB-Sum" failures="0" tests="3" name="test.ashiv.Test_Find_Match" time="631.548" errors="0" timestamp="2022-02-19T09:42:03 IST" skipped="0">
  <testcase classname="test.ashiv.Test_Find_Match" name="GoToUrlAssertUrlClickSalesTabClickNewButtonClickNewInvoicePositiveSelectCustomerNamePositiveGoToUrlAssertUrlClickSalesTabClickNewButtonClickNewInvoicePositiveSelectCustomerNamePositiveunreconciledtTransactionNewTransactionLedgerCode1070FindAndSearchIconInvoiceReconciledClickReconcileButton_1" time="208.199"/>
  <system-out/>
  <testcase classname="test.ashiv.Test_Find_Match" name="GoToUrlAssertUrlClickSalesTabClickNewButtonClickNewInvoicePositiveSelectCustomerNamePositiveunreconciledtTransactionNewTransactionLedgerCode1070FindAndSearchIconInvoiceReconciledClickReconcileButtonPartialReconcilation" time="205.156"/>
  <system-out/>
  <testcase classname="test.ashiv.Test_Find_Match" name="GoToUrlAssertUrlClickSalesTabClickNewButtonClickNewInvoicePositiveSelectCustomerNamePositiveunreconciledtTransactionNewTransactionLedgerCode1070FindAndSearchIconInvoiceReconciledClickReconcileButtonJournalReconcilation" time="218.193"/>
  <system-out/>
</testsuite> <!-- test.ashiv.Test_Find_Match -->
