<?xml version="1.0" encoding="UTF-8"?>
<!-- Generated by org.testng.reporters.JUnitReportReporter -->
<testsuite hostname="OB-Yogesh" failures="0" tests="6" name="VAT3_ExpensesReinbr.SaleInToReconcileForExpenseRem_DefaultProfile" time="718.883" errors="0" timestamp="2021-05-15T23:55:29 IST" skipped="0">
  <testcase classname="VAT3_ExpensesReinbr.SaleInToReconcileForExpenseRem_DefaultProfile" name="GoToUrlAssertUrlPositiveEnternLOGINPositiveEnternPASSClickLoginGoToUrlAssertUrlClickAgentsP6" time="31.458"/>
  <system-out/>
  <testcase classname="VAT3_ExpensesReinbr.SaleInToReconcileForExpenseRem_DefaultProfile" name="GoToUrlAssertUrlPositiveEnternLOGINPositiveEnternPASSClickLoginGoToUrlAssertUrlClickAgentsP2" time="32.311"/>
  <system-out/>
  <testcase classname="VAT3_ExpensesReinbr.SaleInToReconcileForExpenseRem_DefaultProfile" name="GoToUrlAssertUrlPositiveEnternLOGINPositiveEnternPASSClickLoginGoToUrlAssertUrlClickAgentsP4" time="31.877"/>
  <system-out/>
  <testcase classname="VAT3_ExpensesReinbr.SaleInToReconcileForExpenseRem_DefaultProfile" name="GoToUrlAssertUrlPositiveEnternLOGINPositiveEnternPASSClickLoginGoToUrlAssertUrlClickAgentsP5" time="561.619"/>
  <system-out/>
  <testcase classname="VAT3_ExpensesReinbr.SaleInToReconcileForExpenseRem_DefaultProfile" name="GoToUrlAssertUrlPositiveEnternLOGINPositiveEnternPASSClickLoginGoToUrlAssertUrlClickAgentsP1" time="30.526"/>
  <system-out/>
  <testcase classname="VAT3_ExpensesReinbr.SaleInToReconcileForExpenseRem_DefaultProfile" name="GoToUrlAssertUrlPositiveEnternLOGINPositiveEnternPASSClickLoginGoToUrlAssertUrlClickAgentsP3" time="31.092"/>
  <system-out/>
</testsuite> <!-- VAT3_ExpensesReinbr.SaleInToReconcileForExpenseRem_DefaultProfile -->
