<?xml version="1.0" encoding="UTF-8"?>
<!-- Generated by org.testng.reporters.JUnitReportReporter -->
<testsuite hostname="OB-Sum" failures="0" tests="6" name="AdvanceReconcileByBankForSupplierBillFlatToStand.SaleInToPartialReconcile_SupplierBill_DefaultProfile" time="474.056" errors="0" timestamp="2021-12-19T01:41:02 IST" skipped="0">
  <testcase classname="AdvanceReconcileByBankForSupplierBillFlatToStand.SaleInToPartialReconcile_SupplierBill_DefaultProfile" name="GoToUrlAssertUrlPositiveEnternLOGINPositiveEnternPASSClickLoginGoToUrlAssertUrlClickAgentsP1" time="79.603"/>
  <system-out/>
  <testcase classname="AdvanceReconcileByBankForSupplierBillFlatToStand.SaleInToPartialReconcile_SupplierBill_DefaultProfile" name="GoToUrlAssertUrlPositiveEnternLOGINPositiveEnternPASSClickLoginGoToUrlAssertUrlClickAgentsP3" time="80.307"/>
  <system-out/>
  <testcase classname="AdvanceReconcileByBankForSupplierBillFlatToStand.SaleInToPartialReconcile_SupplierBill_DefaultProfile" name="GoToUrlAssertUrlPositiveEnternLOGINPositiveEnternPASSClickLoginGoToUrlAssertUrlClickAgentsP4" time="78.046"/>
  <system-out/>
  <testcase classname="AdvanceReconcileByBankForSupplierBillFlatToStand.SaleInToPartialReconcile_SupplierBill_DefaultProfile" name="GoToUrlAssertUrlPositiveEnternLOGINPositiveEnternPASSClickLoginGoToUrlAssertUrlClickAgentsP5" time="76.745"/>
  <system-out/>
  <testcase classname="AdvanceReconcileByBankForSupplierBillFlatToStand.SaleInToPartialReconcile_SupplierBill_DefaultProfile" name="GoToUrlAssertUrlPositiveEnternLOGINPositiveEnternPASSClickLoginGoToUrlAssertUrlClickAgentsP2" time="80.479"/>
  <system-out/>
  <testcase classname="AdvanceReconcileByBankForSupplierBillFlatToStand.SaleInToPartialReconcile_SupplierBill_DefaultProfile" name="GoToUrlAssertUrlPositiveEnternLOGINPositiveEnternPASSClickLoginGoToUrlAssertUrlClickAgentsP6" time="78.876"/>
  <system-out/>
</testsuite> <!-- AdvanceReconcileByBankForSupplierBillFlatToStand.SaleInToPartialReconcile_SupplierBill_DefaultProfile -->
