<?xml version="1.0" encoding="UTF-8"?>
<!-- Generated by org.testng.reporters.JUnitReportReporter -->
<testsuite hostname="OB-Sum" failures="0" tests="6" name="VAT3_InvoiceUnreconcileCases.Script_Invoice_StandToFlat_DefaultProfile_3" time="354.824" errors="0" timestamp="2021-11-13T14:01:26 IST" skipped="0">
  <testcase classname="VAT3_InvoiceUnreconcileCases.Script_Invoice_StandToFlat_DefaultProfile_3" name="GoToUrlAssertUrlPositiveEnterUserNamePositiveEnterPasswordClickLoginButtonGoToUrlAssertUrlCl2" time="57.697"/>
  <system-out/>
  <testcase classname="VAT3_InvoiceUnreconcileCases.Script_Invoice_StandToFlat_DefaultProfile_3" name="GoToUrlAssertUrlPositiveEnterUserNamePositiveEnterPasswordClickLoginButtonGoToUrlAssertUrlCl5" time="59.041"/>
  <system-out/>
  <testcase classname="VAT3_InvoiceUnreconcileCases.Script_Invoice_StandToFlat_DefaultProfile_3" name="GoToUrlAssertUrlPositiveEnterUserNamePositiveEnterPasswordClickLoginButtonGoToUrlAssertUrlCl1" time="57.748"/>
  <system-out/>
  <testcase classname="VAT3_InvoiceUnreconcileCases.Script_Invoice_StandToFlat_DefaultProfile_3" name="GoToUrlAssertUrlPositiveEnterUserNamePositiveEnterPasswordClickLoginButtonGoToUrlAssertUrlCl4" time="57.847"/>
  <system-out/>
  <testcase classname="VAT3_InvoiceUnreconcileCases.Script_Invoice_StandToFlat_DefaultProfile_3" name="GoToUrlAssertUrlPositiveEnterUserNamePositiveEnterPasswordClickLoginButtonGoToUrlAssertUrlCl3" time="63.628"/>
  <system-out/>
  <testcase classname="VAT3_InvoiceUnreconcileCases.Script_Invoice_StandToFlat_DefaultProfile_3" name="GoToUrlAssertUrlPositiveEnterUserNamePositiveEnterPasswordClickLoginButtonGoToUrlAssertUrlCl6" time="58.863"/>
  <system-out/>
</testsuite> <!-- VAT3_InvoiceUnreconcileCases.Script_Invoice_StandToFlat_DefaultProfile_3 -->
