<?xml version="1.0" encoding="UTF-8"?>
<!-- Generated by org.testng.reporters.JUnitReportReporter -->
<testsuite hostname="OB-Sum" failures="0" tests="1" name="tests.ScriptVerifyByTrialBalanceDefaultProfile_SToNOVAT" time="45.257" errors="0" timestamp="2021-12-19T01:41:01 IST" skipped="0">
  <testcase classname="tests.ScriptVerifyByTrialBalanceDefaultProfile_SToNOVAT" name="GoToUrlAssertUrlPositiveEnterUserNamePositiveEnterPasswordClickLoginButtonGoToUrlAssertUrlCl" time="45.257"/>
  <system-out/>
</testsuite> <!-- tests.ScriptVerifyByTrialBalanceDefaultProfile_SToNOVAT -->
