<?xml version="1.0" encoding="UTF-8"?>
<!-- Generated by org.testng.reporters.JUnitReportReporter -->
<testsuite hostname="OB-Sum" failures="0" tests="1" name="VAT3_InvoiceAdvanceReconcile.ScriptVATReturn3stVATReturnReport_SToFRS_DefaultProfilePartioalReconcile_3" time="46.408" errors="0" timestamp="2021-12-19T01:41:01 IST" skipped="0">
  <testcase classname="VAT3_InvoiceAdvanceReconcile.ScriptVATReturn3stVATReturnReport_SToFRS_DefaultProfilePartioalReconcile_3" name="GoToUrlAssertUrlPositiveEnterUserNamePositiveEnterPasswordClickLoginButtonGoToUrlAssertUrlCl" time="46.408"/>
  <system-out/>
</testsuite> <!-- VAT3_InvoiceAdvanceReconcile.ScriptVATReturn3stVATReturnReport_SToFRS_DefaultProfilePartioalReconcile_3 -->
