<?xml version="1.0" encoding="UTF-8"?>
<!-- Generated by org.testng.reporters.JUnitReportReporter -->
<testsuite hostname="OB-Sum" failures="0" tests="1" name="PartialReconcileForSupplierBillFlatToStand.ScriptEditSettingToVATType_DefaultProfile" time="63.429" errors="0" timestamp="2022-02-06T06:55:36 IST" skipped="0">
  <testcase classname="PartialReconcileForSupplierBillFlatToStand.ScriptEditSettingToVATType_DefaultProfile" name="GoToUrlAssertUrlPositiveEnterUserNamePositiveEnterPasswordClickLoginButtonGoToUrlAssertUrlCl2" time="63.429"/>
  <system-out/>
</testsuite> <!-- PartialReconcileForSupplierBillFlatToStand.ScriptEditSettingToVATType_DefaultProfile -->
