<?xml version="1.0" encoding="UTF-8"?>
<!-- Generated by org.testng.reporters.JUnitReportReporter -->
<testsuite hostname="OB-Sum" failures="0" tests="12" name="tests.banking_add_ltd_company.LtdAdd_AddLTD" time="443.362" errors="0" timestamp="2021-12-20T17:39:46 IST" skipped="0">
  <testcase classname="tests.banking_add_ltd_company.LtdAdd_AddLTD" name="TCcase1" time="32.700"/>
  <system-out/>
  <testcase classname="tests.banking_add_ltd_company.LtdAdd_AddLTD" name="BackbuttonTC11" time="31.978"/>
  <system-out/>
  <testcase classname="tests.banking_add_ltd_company.LtdAdd_AddLTD" name="payrol_company" time="43.494"/>
  <system-out/>
  <testcase classname="tests.banking_add_ltd_company.LtdAdd_AddLTD" name="case_10" time="37.646"/>
  <system-out/>
  <testcase classname="tests.banking_add_ltd_company.LtdAdd_AddLTD" name="Director_name" time="39.382"/>
  <system-out/>
  <testcase classname="tests.banking_add_ltd_company.LtdAdd_AddLTD" name="Reg_no_invalid" time="43.381"/>
  <system-out/>
  <testcase classname="tests.banking_add_ltd_company.LtdAdd_AddLTD" name="TC_CASE3" time="32.814"/>
  <system-out/>
  <testcase classname="tests.banking_add_ltd_company.LtdAdd_AddLTD" name="TC_Case2" time="36.299"/>
  <system-out/>
  <testcase classname="tests.banking_add_ltd_company.LtdAdd_AddLTD" name="TCcase6" time="28.629"/>
  <system-out/>
  <testcase classname="tests.banking_add_ltd_company.LtdAdd_AddLTD" name="GoToUrlClickClickPlusSign1ClickClickNewClient2ClickClickonLimited3ClickLimitedCompanyPositiveE1" time="36.153"/>
  <system-out/>
  <testcase classname="tests.banking_add_ltd_company.LtdAdd_AddLTD" name="date_formatcheck" time="36.645"/>
  <system-out/>
  <testcase classname="tests.banking_add_ltd_company.LtdAdd_AddLTD" name="GoToUrlClickClickPlusSign1ClickClickNewClient2ClickClickonLimited3ClickLimitedCompanyPositiveE2" time="44.241"/>
  <system-out/>
</testsuite> <!-- tests.banking_add_ltd_company.LtdAdd_AddLTD -->
