<?xml version="1.0" encoding="UTF-8"?>
<!-- Generated by org.testng.reporters.JUnitReportReporter -->
<testsuite hostname="OB-Sum" failures="0" tests="6" name="VAT3_UnReconciled_S2_NOVAT.UN_ReconcileForDebitNote_S2NOVAT" time="303.453" errors="0" timestamp="2021-12-20T15:02:00 IST" skipped="0">
  <testcase classname="VAT3_UnReconciled_S2_NOVAT.UN_ReconcileForDebitNote_S2NOVAT" name="GoToUrlAssertUrlPositiveEnternLOGINPositiveEnternPASSClickLoginGoToUrlAssertUrlClickAgentsP7" time="49.041"/>
  <system-out/>
  <testcase classname="VAT3_UnReconciled_S2_NOVAT.UN_ReconcileForDebitNote_S2NOVAT" name="GoToUrlAssertUrlPositiveEnternLOGINPositiveEnternPASSClickLoginGoToUrlAssertUrlClickAgentsP71" time="56.845"/>
  <system-out/>
  <testcase classname="VAT3_UnReconciled_S2_NOVAT.UN_ReconcileForDebitNote_S2NOVAT" name="GoToUrlAssertUrlPositiveEnternLOGINPositiveEnternPASSClickLoginGoToUrlAssertUrlClickAgentsP3" time="49.953"/>
  <system-out/>
  <testcase classname="VAT3_UnReconciled_S2_NOVAT.UN_ReconcileForDebitNote_S2NOVAT" name="GoToUrlAssertUrlPositiveEnternLOGINPositiveEnternPASSClickLoginGoToUrlAssertUrlClickAgentsP6" time="47.965"/>
  <system-out/>
  <testcase classname="VAT3_UnReconciled_S2_NOVAT.UN_ReconcileForDebitNote_S2NOVAT" name="GoToUrlAssertUrlPositiveEnternLOGINPositiveEnternPASSClickLoginGoToUrlAssertUrlClickAgentsP1" time="50.286"/>
  <system-out/>
  <testcase classname="VAT3_UnReconciled_S2_NOVAT.UN_ReconcileForDebitNote_S2NOVAT" name="GoToUrlAssertUrlPositiveEnternLOGINPositiveEnternPASSClickLoginGoToUrlAssertUrlClickAgentsP2" time="49.363"/>
  <system-out/>
</testsuite> <!-- VAT3_UnReconciled_S2_NOVAT.UN_ReconcileForDebitNote_S2NOVAT -->
