<?xml version="1.0" encoding="UTF-8"?>
<!-- Generated by org.testng.reporters.JUnitReportReporter -->
<testsuite hostname="OB-Sum" failures="0" tests="1" name="Supplier_FRSToFRSP.Script5FlatToFlatPercentage_DefaultProfile" time="53.802" errors="0" timestamp="2021-12-19T01:40:59 IST" skipped="0">
  <testcase classname="Supplier_FRSToFRSP.Script5FlatToFlatPercentage_DefaultProfile" name="GoToUrlAssertUrlPositiveEnterUserNamePositiveEnterPasswordClickLoginButtonGoToUrlAssertUrlCl1" time="53.802"/>
  <system-out/>
</testsuite> <!-- Supplier_FRSToFRSP.Script5FlatToFlatPercentage_DefaultProfile -->
