<?xml version="1.0" encoding="UTF-8"?>
<!-- Generated by org.testng.reporters.JUnitReportReporter -->
<testsuite hostname="OB-Yogesh" failures="0" tests="1" name="test.PartialReconciledCases.ScriptEditSettingToVATTypeForVatOnlyParReconci_DefaultProfile" time="55.067" errors="0" timestamp="2021-03-25T09:39:31 IST" skipped="0">
  <testcase classname="test.PartialReconciledCases.ScriptEditSettingToVATTypeForVatOnlyParReconci_DefaultProfile" name="GoToUrlAssertUrlPositiveEnterUserNamePositiveEnterPasswordClickLoginButtonGoToUrlAssertUrlCl2" time="55.067"/>
  <system-out/>
</testsuite> <!-- test.PartialReconciledCases.ScriptEditSettingToVATTypeForVatOnlyParReconci_DefaultProfile -->
