<?xml version="1.0" encoding="UTF-8"?>
<!-- Generated by org.testng.reporters.JUnitReportReporter -->
<testsuite hostname="OB-Yogesh" failures="0" tests="6" name="VATPhase3.BankingTr_VATPH3_FlatToStandDefaultProfile_2" time="240.391" errors="0" timestamp="2021-05-06T00:22:11 IST" skipped="0">
  <testcase classname="VATPhase3.BankingTr_VATPH3_FlatToStandDefaultProfile_2" name="GoToUrlAssertUrlPositiveEnternLOGINPositiveEnternPASSClickLoginGoToUrlAssertUrlClickAgentsP4" time="40.478"/>
  <system-out/>
  <testcase classname="VATPhase3.BankingTr_VATPH3_FlatToStandDefaultProfile_2" name="GoToUrlAssertUrlPositiveEnternLOGINPositiveEnternPASSClickLoginGoToUrlAssertUrlClickAgentsP1" time="38.397"/>
  <system-out/>
  <testcase classname="VATPhase3.BankingTr_VATPH3_FlatToStandDefaultProfile_2" name="GoToUrlAssertUrlPositiveEnternLOGINPositiveEnternPASSClickLoginGoToUrlAssertUrlClickAgentsP5" time="36.050"/>
  <system-out/>
  <testcase classname="VATPhase3.BankingTr_VATPH3_FlatToStandDefaultProfile_2" name="GoToUrlAssertUrlPositiveEnternLOGINPositiveEnternPASSClickLoginGoToUrlAssertUrlClickAgentsP3" time="44.153"/>
  <system-out/>
  <testcase classname="VATPhase3.BankingTr_VATPH3_FlatToStandDefaultProfile_2" name="GoToUrlAssertUrlPositiveEnternLOGINPositiveEnternPASSClickLoginGoToUrlAssertUrlClickAgentsP2" time="41.533"/>
  <system-out/>
  <testcase classname="VATPhase3.BankingTr_VATPH3_FlatToStandDefaultProfile_2" name="GoToUrlAssertUrlPositiveEnternLOGINPositiveEnternPASSClickLoginGoToUrlAssertUrlClickAgentsP6" time="39.780"/>
  <system-out/>
</testsuite> <!-- VATPhase3.BankingTr_VATPH3_FlatToStandDefaultProfile_2 -->
