<?xml version="1.0" encoding="UTF-8"?>
<!-- Generated by org.testng.reporters.JUnitReportReporter -->
<testsuite hostname="OB-Sum" failures="0" tests="1" name="tests.BalanceSheet_Bf.TC_56_BSBFProvisionForLiability24002406_DefaultProfile" time="171.074" errors="0" timestamp="2022-01-27T16:27:37 IST" skipped="0">
  <testcase classname="tests.BalanceSheet_Bf.TC_56_BSBFProvisionForLiability24002406_DefaultProfile" name="GoToUrlAssertUrlPositiveEnternLOGINPositiveEnternPASSClickLoginGoToUrlAssertUrlClickAgentsP1" time="171.074"/>
  <system-out>
    <![CDATA[Accounting Period Status : Account UnClosed 
Accounting Period Status : Account UnLocked
ledger 1 entered :2400 - Pensions
ledger 2 entered :2401 - Warranties
ledger 3 entered :2403 - Bad Debts
ledger 4 entered :1400 - Default Bank
Accounting Period Status :- Account period closed
Ledger code verified: Pensions
Amount enter verified: 1,000.00
Ledger code verified: Warranties
Amount enter verified: 1,100.00
Ledger code verified: Bad Debts
Amount enter verified: 1,200.00
Enteries are Verified on Balance Sheet Report page :]]>
  </system-out>
</testsuite> <!-- tests.BalanceSheet_Bf.TC_56_BSBFProvisionForLiability24002406_DefaultProfile -->
