<?xml version="1.0" encoding="UTF-8"?>
<!-- Generated by org.testng.reporters.JUnitReportReporter -->
<testsuite hostname="OB-Sum" failures="0" tests="6" name="Supplier_FRSToNoVAT.ScriptDebitNoteFRSToNOVAT_DefaultProfile" time="364.055" errors="0" timestamp="2021-12-19T01:41:01 IST" skipped="0">
  <testcase classname="Supplier_FRSToNoVAT.ScriptDebitNoteFRSToNOVAT_DefaultProfile" name="GoToUrlAssertUrlPositiveEnterUserNamePositiveEnterPasswordClickLoginButtonGoToUrlAssertUrlCl5" time="59.111"/>
  <system-out/>
  <testcase classname="Supplier_FRSToNoVAT.ScriptDebitNoteFRSToNOVAT_DefaultProfile" name="GoToUrlAssertUrlPositiveEnterUserNamePositiveEnterPasswordClickLoginButtonGoToUrlAssertUrlCl2" time="55.779"/>
  <system-out/>
  <testcase classname="Supplier_FRSToNoVAT.ScriptDebitNoteFRSToNOVAT_DefaultProfile" name="GoToUrlAssertUrlPositiveEnterUserNamePositiveEnterPasswordClickLoginButtonGoToUrlAssertUrlCl4" time="71.624"/>
  <system-out/>
  <testcase classname="Supplier_FRSToNoVAT.ScriptDebitNoteFRSToNOVAT_DefaultProfile" name="GoToUrlAssertUrlPositiveEnterUserNamePositiveEnterPasswordClickLoginButtonGoToUrlAssertUrlCl3" time="60.751"/>
  <system-out/>
  <testcase classname="Supplier_FRSToNoVAT.ScriptDebitNoteFRSToNOVAT_DefaultProfile" name="GoToUrlAssertUrlPositiveEnterUserNamePositiveEnterPasswordClickLoginButtonGoToUrlAssertUrlCl1" time="58.593"/>
  <system-out/>
  <testcase classname="Supplier_FRSToNoVAT.ScriptDebitNoteFRSToNOVAT_DefaultProfile" name="GoToUrlAssertUrlPositiveEnterUserNamePositiveEnterPasswordClickLoginButtonGoToUrlAssertUrlCl6" time="58.197"/>
  <system-out/>
</testsuite> <!-- Supplier_FRSToNoVAT.ScriptDebitNoteFRSToNOVAT_DefaultProfile -->
