<?xml version="1.0" encoding="UTF-8"?>
<!-- Generated by org.testng.reporters.JUnitReportReporter -->
<testsuite hostname="OB-Sum" failures="0" tests="1" name="Test_Trail_Balance_Report.TC_06_LadgerCode_1091_1090_7901_Report" time="117.213" errors="0" timestamp="2021-12-15T19:17:20 IST" skipped="0">
  <testcase classname="Test_Trail_Balance_Report.TC_06_LadgerCode_1091_1090_7901_Report" name="GoToUrlAssertUrlPositiveEnternLOGINPositiveEnternPASSClickLoginGoToUrlAssertUrlClickAgentsP1" time="117.213"/>
  <system-out/>
</testsuite> <!-- Test_Trail_Balance_Report.TC_06_LadgerCode_1091_1090_7901_Report -->
