<?xml version="1.0" encoding="UTF-8"?>
<!-- Generated by org.testng.reporters.JUnitReportReporter -->
<testsuite hostname="OB-Sum" failures="0" tests="1" name="AdvanceReconcileByBankForSupplierBillSToFlat.ScriptPostVATReturn1stVATReturnReport_DefaultProfile" time="56.644" errors="0" timestamp="2022-02-06T06:55:32 IST" skipped="0">
  <testcase classname="AdvanceReconcileByBankForSupplierBillSToFlat.ScriptPostVATReturn1stVATReturnReport_DefaultProfile" name="GoToUrlAssertUrlPositiveEnterUserNamePositiveEnterPasswordClickLoginButtonGoToUrlAssertUrlCl" time="56.644"/>
  <system-out/>
</testsuite> <!-- AdvanceReconcileByBankForSupplierBillSToFlat.ScriptPostVATReturn1stVATReturnReport_DefaultProfile -->
