<?xml version="1.0" encoding="UTF-8"?>
<!-- Generated by org.testng.reporters.JUnitReportReporter -->
<testsuite hostname="OB-Sum" failures="0" tests="6" name="test.FlatToStandard.Script_Invoice_FlatToStandard_DefaultProfile" time="376.932" errors="0" timestamp="2022-02-06T06:55:29 IST" skipped="0">
  <testcase classname="test.FlatToStandard.Script_Invoice_FlatToStandard_DefaultProfile" name="GoToUrlAssertUrlPositiveEnterUserNamePositiveEnterPasswordClickLoginButtonGoToUrlAssertUrlCl4" time="61.492"/>
  <system-out/>
  <testcase classname="test.FlatToStandard.Script_Invoice_FlatToStandard_DefaultProfile" name="GoToUrlAssertUrlPositiveEnterUserNamePositiveEnterPasswordClickLoginButtonGoToUrlAssertUrlCl6" time="61.457"/>
  <system-out/>
  <testcase classname="test.FlatToStandard.Script_Invoice_FlatToStandard_DefaultProfile" name="GoToUrlAssertUrlPositiveEnterUserNamePositiveEnterPasswordClickLoginButtonGoToUrlAssertUrlCl2" time="63.370"/>
  <system-out/>
  <testcase classname="test.FlatToStandard.Script_Invoice_FlatToStandard_DefaultProfile" name="GoToUrlAssertUrlPositiveEnterUserNamePositiveEnterPasswordClickLoginButtonGoToUrlAssertUrlCl1" time="63.782"/>
  <system-out/>
  <testcase classname="test.FlatToStandard.Script_Invoice_FlatToStandard_DefaultProfile" name="GoToUrlAssertUrlPositiveEnterUserNamePositiveEnterPasswordClickLoginButtonGoToUrlAssertUrlCl5" time="63.525"/>
  <system-out/>
  <testcase classname="test.FlatToStandard.Script_Invoice_FlatToStandard_DefaultProfile" name="GoToUrlAssertUrlPositiveEnterUserNamePositiveEnterPasswordClickLoginButtonGoToUrlAssertUrlCl3" time="63.306"/>
  <system-out/>
</testsuite> <!-- test.FlatToStandard.Script_Invoice_FlatToStandard_DefaultProfile -->
