<?xml version="1.0" encoding="UTF-8"?>
<!-- Generated by org.testng.reporters.JUnitReportReporter -->
<testsuite hostname="OB-Sum" failures="0" tests="3" name="Test_Trial_Balance_RE_Jour_Bank_Supp_3.TC_05_3_BS_FixedAsset_205_To_209_With_Journal_Bank_Supplier" time="315.449" errors="0" timestamp="2022-01-18T16:59:19 IST" skipped="0">
  <testcase classname="Test_Trial_Balance_RE_Jour_Bank_Supp_3.TC_05_3_BS_FixedAsset_205_To_209_With_Journal_Bank_Supplier" name="GoToUrlAssertUrlPositiveEnternLOGINPositiveEnternPASSClickLoginGoToUrlAssertUrlClickAgentsP1" time="62.287"/>
  <system-out>
    <![CDATA[ledger 1 entered :205 - Investment Properties Depreciation B/Fwd
ledger 2 entered :206 - Investment Properties Depreciation Disposal
ledger 3 entered :207 - Investment Properties Depreciation Revaluations
ledger 4 entered :208 - Investment Properties Depreciation Transfers
ledger 5 entered :209 - Investment Properties Depreciation Charge
Ledger code verified: Investment Properties Depreciation B/Fwd
Amount enter verified: 1,000.00
Ledger code verified: Investment Properties Depreciation Disposal
Amount enter verified: 1,000.00
Ledger code verified: Investment Properties Depreciation Revaluations
Amount enter verified: 1,000.00
Ledger code verified: Investment Properties Depreciation Transfers
Amount enter verified: 1,000.00
Ledger code verified: Investment Properties Depreciation Charge
Amount enter verified: (4,000.00)
Enteries are Verified on Balance Sheet Report page :]]>
  </system-out>
  <testcase classname="Test_Trial_Balance_RE_Jour_Bank_Supp_3.TC_05_3_BS_FixedAsset_205_To_209_With_Journal_Bank_Supplier" name="GoToUrlAssertUrlPositiveEnternLOGINPositiveEnternPASSClickLoginGoToUrlAssertUrlClickAgentsP2" time="129.071"/>
  <system-out/>
  <testcase classname="Test_Trial_Balance_RE_Jour_Bank_Supp_3.TC_05_3_BS_FixedAsset_205_To_209_With_Journal_Bank_Supplier" name="GoToUrlAssertUrlPositiveEnternLOGINPositiveEnternPASSClickLoginGoToUrlAssertUrlClickAgentsP3" time="124.091"/>
  <system-out/>
</testsuite> <!-- Test_Trial_Balance_RE_Jour_Bank_Supp_3.TC_05_3_BS_FixedAsset_205_To_209_With_Journal_Bank_Supplier -->
