<?xml version="1.0" encoding="UTF-8"?>
<!-- Generated by org.testng.reporters.JUnitReportReporter -->
<testsuite hostname="OB-Sum" failures="0" tests="6" name="VAT3_ExpensesReinbr.ExpenseRemOnly_DefaultProfile_4" time="239.955" errors="0" timestamp="2021-11-25T12:11:11 IST" skipped="0">
  <testcase classname="VAT3_ExpensesReinbr.ExpenseRemOnly_DefaultProfile_4" name="GoToUrlAssertUrlPositiveEnternLOGINPositiveEnternPASSClickLoginGoToUrlAssertUrlClickAgentsP1" time="39.842"/>
  <system-out/>
  <testcase classname="VAT3_ExpensesReinbr.ExpenseRemOnly_DefaultProfile_4" name="GoToUrlAssertUrlPositiveEnternLOGINPositiveEnternPASSClickLoginGoToUrlAssertUrlClickAgentsP2" time="37.177"/>
  <system-out/>
  <testcase classname="VAT3_ExpensesReinbr.ExpenseRemOnly_DefaultProfile_4" name="GoToUrlAssertUrlPositiveEnternLOGINPositiveEnternPASSClickLoginGoToUrlAssertUrlClickAgentsP5" time="40.770"/>
  <system-out/>
  <testcase classname="VAT3_ExpensesReinbr.ExpenseRemOnly_DefaultProfile_4" name="GoToUrlAssertUrlPositiveEnternLOGINPositiveEnternPASSClickLoginGoToUrlAssertUrlClickAgentsP3" time="42.872"/>
  <system-out/>
  <testcase classname="VAT3_ExpensesReinbr.ExpenseRemOnly_DefaultProfile_4" name="GoToUrlAssertUrlPositiveEnternLOGINPositiveEnternPASSClickLoginGoToUrlAssertUrlClickAgentsP4" time="38.248"/>
  <system-out/>
  <testcase classname="VAT3_ExpensesReinbr.ExpenseRemOnly_DefaultProfile_4" name="GoToUrlAssertUrlPositiveEnternLOGINPositiveEnternPASSClickLoginGoToUrlAssertUrlClickAgentsP6" time="41.046"/>
  <system-out/>
</testsuite> <!-- VAT3_ExpensesReinbr.ExpenseRemOnly_DefaultProfile_4 -->
