<?xml version="1.0" encoding="UTF-8"?>
<!-- Generated by org.testng.reporters.JUnitReportReporter -->
<testsuite hostname="OB-Sum" failures="0" tests="1" name="Test_Income.TestNewBatchEntry_TC01_TC02" time="39.751" errors="0" timestamp="2022-03-15T10:58:25 IST" skipped="0">
  <testcase classname="Test_Income.TestNewBatchEntry_TC01_TC02" name="ClickNew1ClickNewBatchEntry2PositiveEnterInvoiceDate3PositiveSelectSelectCustomer4PositiveCustomerList_SeleteCustomer_TC01_TC02" time="39.751"/>
  <system-out/>
</testsuite> <!-- Test_Income.TestNewBatchEntry_TC01_TC02 -->
