<?xml version="1.0" encoding="UTF-8"?>
<!-- Generated by org.testng.reporters.JUnitReportReporter -->
<testsuite hostname="OB-Sum" failures="0" tests="1" name="tests.Bank_Upload_CSV.uploadcsv" time="54.173" errors="0" timestamp="2022-02-21T12:05:03 IST" skipped="0">
  <testcase classname="tests.Bank_Upload_CSV.uploadcsv" name="GoToUrlClickbankmenu1ClickUploadCSV2PositiveSelectSelectBank4EnterChooseUploadCSV4ClickUpload52" time="54.173"/>
  <system-out/>
</testsuite> <!-- tests.Bank_Upload_CSV.uploadcsv -->
